#
# A fatal error has been detected by the Java Runtime Environment:
#
#  SIGSEGV (0xb) at pc=0x00cedc6d, pid=2421, tid=3078232944
#
# JRE version: 6.0_20-b20
# Java VM: OpenJDK Server VM (19.0-b09 mixed mode linux-x86 )
# Derivative: IcedTea6 1.9.10
# Distribution: Ubuntu 10.04.1 LTS, package 6b20-1.9.10-0ubuntu1~10.04.3
# Problematic frame:
# C  [libc.so.6+0x3cc6d]  _IO_vfprintf+0x5d
#
# If you would like to submit a bug report, please include
# instructions how to reproduce the bug and visit:
#   https://bugs.launchpad.net/ubuntu/+source/openjdk-6/
# The crash happened outside the Java Virtual Machine in native code.
# See problematic frame for where to report the bug.
#

---------------  T H R E A D  ---------------

Current thread (0x08e6f000):  JavaThread "main" [_thread_in_native, id=2424, stack(0xb7751000,0xb77a2000)]

siginfo:si_signo=SIGSEGV: si_errno=0, si_code=1 (SEGV_MAPERR), si_addr=0x00000046

Registers:
EAX=0x00137a4e, EBX=0x00e06ff4, ECX=0xb77a0e18, EDX=0x0000000d
ESP=0xb77a085c, EBP=0xb77a0de8, ESI=0x00000000, EDI=0x0000000e
EIP=0x00cedc6d, CR2=0x00000046, EFLAGS=0x00010212

Register to memory mapping:

EAX=0x00137a4e
0x00137a4e: <offset 0x6a4e> in /usr/lib/libpacketlib.so at 0x00131000

EBX=0x00e06ff4
0x00e06ff4: <offset 0x155ff4> in /lib/tls/i686/cmov/libc.so.6 at 0x00cb1000

ECX=0xb77a0e18
0xb77a0e18 is pointing into the stack for thread: 0x08e6f000
"main" prio=10 tid=0x08e6f000 nid=0x978 runnable [0xb77a0000]
   java.lang.Thread.State: RUNNABLE

EDX=0x0000000d
0x0000000d is pointing to unknown location

ESP=0xb77a085c
0xb77a085c is pointing into the stack for thread: 0x08e6f000
"main" prio=10 tid=0x08e6f000 nid=0x978 runnable [0xb77a0000]
   java.lang.Thread.State: RUNNABLE

EBP=0xb77a0de8
0xb77a0de8 is pointing into the stack for thread: 0x08e6f000
"main" prio=10 tid=0x08e6f000 nid=0x978 runnable [0xb77a0000]
   java.lang.Thread.State: RUNNABLE

ESI=0x00000000
0x00000000 is pointing to unknown location

EDI=0x0000000e
0x0000000e is pointing to unknown location


Top of Stack: (sp=0xb77a085c)
0xb77a085c:   b77a088c 01289e1f 00000000 b77a0950
0xb77a086c:   b77a08b4 b77a08c0 b77a0b40 08f28bf0
0xb77a087c:   00000000 b77a0894 b77a08bc 08f20650
0xb77a088c:   013e74c2 012fa00e 810b00d8 08e6f894
0xb77a089c:   b77a089c 01515ff4 08e6f8a8 00000000
0xb77a08ac:   01515ff4 a5f7f238 00131790 08f28bf0
0xb77a08bc:   013ea039 ffffffff 00e06ff4 00805cc0
0xb77a08cc:   00000000 b77a0964 00db5855 08f28dc0 

Instructions: (pc=0x00cedc6d)
0x00cedc5d:   ff 89 8d 64 fb ff ff 65 8b 12 89 95 58 fb ff ff
0x00cedc6d:   80 7e 46 00 0f 84 01 27 00 00 8b 06 a8 08 0f 85 

Stack: [0xb7751000,0xb77a2000],  sp=0xb77a085c,  free space=318k
Native frames: (J=compiled Java code, j=interpreted, Vv=VM code, C=native code)
C  [libc.so.6+0x3cc6d]  _IO_vfprintf+0x5d
C  [libc.so.6+0x4711f]  _IO_fprintf+0x1f
C  [libpacketlib.so+0x23f9]  time_fil+0x300
C  [libpacketlib.so+0x1b52]  Java_FileAccess_GetPacket_fillpackets+0xd2
j  FileAccess.GetPacket.fillpackets()V+0
j  FileAccess.GetPacket.main([Ljava/lang/String;)V+149
v  ~StubRoutines::call_stub
V  [libjvm.so+0x387d72]
V  [libjvm.so+0x519369]
V  [libjvm.so+0x386caf]
V  [libjvm.so+0x39214c]
V  [libjvm.so+0x3a11ad]
C  [java+0x321d]  JavaMain+0xd4d
C  [libpthread.so.0+0x596e]

Java frames: (J=compiled Java code, j=interpreted, Vv=VM code)
j  FileAccess.GetPacket.fillpackets()V+0
j  FileAccess.GetPacket.main([Ljava/lang/String;)V+149
v  ~StubRoutines::call_stub

---------------  P R O C E S S  ---------------

Java Threads: ( => current thread )
  0x08f14000 JavaThread "Low Memory Detector" daemon [_thread_blocked, id=2434, stack(0x807fb000,0x8084c000)]
  0x08f10800 JavaThread "CompilerThread1" daemon [_thread_blocked, id=2433, stack(0x8084c000,0x808cd000)]
  0x08f0e800 JavaThread "CompilerThread0" daemon [_thread_blocked, id=2432, stack(0x808cd000,0x8094e000)]
  0x08f0d400 JavaThread "Signal Dispatcher" daemon [_thread_blocked, id=2431, stack(0x8094e000,0x8099f000)]
  0x08efa000 JavaThread "Finalizer" daemon [_thread_blocked, id=2430, stack(0x809de000,0x80a2f000)]
  0x08ef8800 JavaThread "Reference Handler" daemon [_thread_blocked, id=2429, stack(0x80a2f000,0x80a80000)]
=>0x08e6f000 JavaThread "main" [_thread_in_native, id=2424, stack(0xb7751000,0xb77a2000)]

Other Threads:
  0x08ef4c00 VMThread [stack: 0x80a80000,0x80b01000] [id=2428]
  0x08f15c00 WatcherThread [stack: 0x8077a000,0x807fb000] [id=2435]

VM state:not at safepoint (normal execution)

VM Mutex/Monitor currently owned by a thread: None

Heap
 PSYoungGen      total 12992K, used 448K [0xa5f40000, 0xa6db0000, 0xb4690000)
  eden space 11200K, 4% used [0xa5f40000,0xa5fb0220,0xa6a30000)
  from space 1792K, 0% used [0xa6bf0000,0xa6bf0000,0xa6db0000)
  to   space 1792K, 0% used [0xa6a30000,0xa6a30000,0xa6bf0000)
 PSOldGen        total 29568K, used 0K [0x89090000, 0x8ad70000, 0xa5f40000)
  object space 29568K, 0% used [0x89090000,0x89090000,0x8ad70000)
 PSPermGen       total 16384K, used 1941K [0x81090000, 0x82090000, 0x89090000)
  object space 16384K, 11% used [0x81090000,0x812756a8,0x82090000)

Dynamic libraries:
00110000-0011c000 r-xp 00000000 08:05 1586225    /usr/lib/jvm/java-6-openjdk/jre/lib/i386/libverify.so
0011c000-0011d000 r--p 0000b000 08:05 1586225    /usr/lib/jvm/java-6-openjdk/jre/lib/i386/libverify.so
0011d000-0011e000 rw-p 0000c000 08:05 1586225    /usr/lib/jvm/java-6-openjdk/jre/lib/i386/libverify.so
0011e000-00125000 r-xp 00000000 08:05 1586228    /usr/lib/jvm/java-6-openjdk/jre/lib/i386/native_threads/libhpi.so
00125000-00126000 r--p 00006000 08:05 1586228    /usr/lib/jvm/java-6-openjdk/jre/lib/i386/native_threads/libhpi.so
00126000-00127000 rw-p 00007000 08:05 1586228    /usr/lib/jvm/java-6-openjdk/jre/lib/i386/native_threads/libhpi.so
00127000-0012f000 r-xp 00000000 08:05 527218     /lib/tls/i686/cmov/libnss_nis-2.11.1.so
0012f000-00130000 r--p 00007000 08:05 527218     /lib/tls/i686/cmov/libnss_nis-2.11.1.so
00130000-00131000 rw-p 00008000 08:05 527218     /lib/tls/i686/cmov/libnss_nis-2.11.1.so
00131000-00139000 r-xp 00000000 08:05 1589892    /usr/lib/libpacketlib.so
00139000-0013a000 r--p 00007000 08:05 1589892    /usr/lib/libpacketlib.so
0013a000-0013b000 rw-p 00008000 08:05 1589892    /usr/lib/libpacketlib.so
001b4000-001b7000 r-xp 00000000 08:05 1586197    /usr/lib/jvm/java-6-openjdk/jre/lib/i386/jli/libjli.so
001b7000-001b8000 r--p 00003000 08:05 1586197    /usr/lib/jvm/java-6-openjdk/jre/lib/i386/jli/libjli.so
001b8000-001b9000 rw-p 00004000 08:05 1586197    /usr/lib/jvm/java-6-openjdk/jre/lib/i386/jli/libjli.so
0032f000-00330000 r-xp 00000000 00:00 0          [vdso]
003b2000-003d6000 r-xp 00000000 08:05 527205     /lib/tls/i686/cmov/libm-2.11.1.so
003d6000-003d7000 r--p 00023000 08:05 527205     /lib/tls/i686/cmov/libm-2.11.1.so
003d7000-003d8000 rw-p 00024000 08:05 527205     /lib/tls/i686/cmov/libm-2.11.1.so
004f8000-0050b000 r-xp 00000000 08:05 527208     /lib/tls/i686/cmov/libnsl-2.11.1.so
0050b000-0050c000 r--p 00012000 08:05 527208     /lib/tls/i686/cmov/libnsl-2.11.1.so
0050c000-0050d000 rw-p 00013000 08:05 527208     /lib/tls/i686/cmov/libnsl-2.11.1.so
0050d000-0050f000 rw-p 00000000 00:00 0 
00513000-00515000 r-xp 00000000 08:05 527203     /lib/tls/i686/cmov/libdl-2.11.1.so
00515000-00516000 r--p 00001000 08:05 527203     /lib/tls/i686/cmov/libdl-2.11.1.so
00516000-00517000 rw-p 00002000 08:05 527203     /lib/tls/i686/cmov/libdl-2.11.1.so
00548000-0054f000 r-xp 00000000 08:05 527227     /lib/tls/i686/cmov/librt-2.11.1.so
0054f000-00550000 r--p 00006000 08:05 527227     /lib/tls/i686/cmov/librt-2.11.1.so
00550000-00551000 rw-p 00007000 08:05 527227     /lib/tls/i686/cmov/librt-2.11.1.so
005fe000-00608000 r-xp 00000000 08:05 527214     /lib/tls/i686/cmov/libnss_files-2.11.1.so
00608000-00609000 r--p 00009000 08:05 527214     /lib/tls/i686/cmov/libnss_files-2.11.1.so
00609000-0060a000 rw-p 0000a000 08:05 527214     /lib/tls/i686/cmov/libnss_files-2.11.1.so
0065c000-00662000 r-xp 00000000 08:05 527210     /lib/tls/i686/cmov/libnss_compat-2.11.1.so
00662000-00663000 r--p 00006000 08:05 527210     /lib/tls/i686/cmov/libnss_compat-2.11.1.so
00663000-00664000 rw-p 00007000 08:05 527210     /lib/tls/i686/cmov/libnss_compat-2.11.1.so
006bd000-006d0000 r-xp 00000000 08:05 523463     /lib/libz.so.1.2.3.3
006d0000-006d1000 r--p 00012000 08:05 523463     /lib/libz.so.1.2.3.3
006d1000-006d2000 rw-p 00013000 08:05 523463     /lib/libz.so.1.2.3.3
007ea000-00805000 r-xp 00000000 08:05 523290     /lib/ld-2.11.1.so
00805000-00806000 r--p 0001a000 08:05 523290     /lib/ld-2.11.1.so
00806000-00807000 rw-p 0001b000 08:05 523290     /lib/ld-2.11.1.so
00b75000-00b8a000 r-xp 00000000 08:05 527223     /lib/tls/i686/cmov/libpthread-2.11.1.so
00b8a000-00b8b000 r--p 00014000 08:05 527223     /lib/tls/i686/cmov/libpthread-2.11.1.so
00b8b000-00b8c000 rw-p 00015000 08:05 527223     /lib/tls/i686/cmov/libpthread-2.11.1.so
00b8c000-00b8e000 rw-p 00000000 00:00 0 
00bfc000-00c20000 r-xp 00000000 08:05 1586209    /usr/lib/jvm/java-6-openjdk/jre/lib/i386/libjava.so
00c20000-00c21000 r--p 00023000 08:05 1586209    /usr/lib/jvm/java-6-openjdk/jre/lib/i386/libjava.so
00c21000-00c23000 rw-p 00024000 08:05 1586209    /usr/lib/jvm/java-6-openjdk/jre/lib/i386/libjava.so
00c61000-00c68000 r-xp 00000000 08:05 1586226    /usr/lib/jvm/java-6-openjdk/jre/lib/i386/libzip.so
00c68000-00c69000 r--p 00006000 08:05 1586226    /usr/lib/jvm/java-6-openjdk/jre/lib/i386/libzip.so
00c69000-00c6a000 rw-p 00007000 08:05 1586226    /usr/lib/jvm/java-6-openjdk/jre/lib/i386/libzip.so
00cb1000-00e04000 r-xp 00000000 08:05 527197     /lib/tls/i686/cmov/libc-2.11.1.so
00e04000-00e05000 ---p 00153000 08:05 527197     /lib/tls/i686/cmov/libc-2.11.1.so
00e05000-00e07000 r--p 00153000 08:05 527197     /lib/tls/i686/cmov/libc-2.11.1.so
00e07000-00e08000 rw-p 00155000 08:05 527197     /lib/tls/i686/cmov/libc-2.11.1.so
00e08000-00e0b000 rw-p 00000000 00:00 0 
00e0b000-014d0000 r-xp 00000000 08:05 1586230    /usr/lib/jvm/java-6-openjdk/jre/lib/i386/server/libjvm.so
014d0000-014d1000 ---p 006c5000 08:05 1586230    /usr/lib/jvm/java-6-openjdk/jre/lib/i386/server/libjvm.so
014d1000-01516000 r--p 006c5000 08:05 1586230    /usr/lib/jvm/java-6-openjdk/jre/lib/i386/server/libjvm.so
01516000-01525000 rw-p 0070a000 08:05 1586230    /usr/lib/jvm/java-6-openjdk/jre/lib/i386/server/libjvm.so
01525000-01944000 rw-p 00000000 00:00 0 
08048000-08051000 r-xp 00000000 08:05 1586258    /usr/lib/jvm/java-6-openjdk/jre/bin/java
08051000-08052000 r--p 00008000 08:05 1586258    /usr/lib/jvm/java-6-openjdk/jre/bin/java
08052000-08053000 rw-p 00009000 08:05 1586258    /usr/lib/jvm/java-6-openjdk/jre/bin/java
08e68000-08f50000 rw-p 00000000 00:00 0          [heap]
80771000-8077a000 r--s 00065000 08:05 6219       /usr/share/java/gnome-java-bridge.jar
8077a000-8077b000 ---p 00000000 00:00 0 
8077b000-807fb000 rw-p 00000000 00:00 0 
807fb000-807fe000 ---p 00000000 00:00 0 
807fe000-8084c000 rw-p 00000000 00:00 0 
8084c000-8084f000 ---p 00000000 00:00 0 
8084f000-808cd000 rw-p 00000000 00:00 0 
808cd000-808d0000 ---p 00000000 00:00 0 
808d0000-8094e000 rw-p 00000000 00:00 0 
8094e000-80951000 ---p 00000000 00:00 0 
80951000-8099f000 rw-p 00000000 00:00 0 
8099f000-809de000 r--p 00000000 08:05 1577945    /usr/lib/locale/en_IN/LC_CTYPE
809de000-809e1000 ---p 00000000 00:00 0 
809e1000-80a2f000 rw-p 00000000 00:00 0 
80a2f000-80a32000 ---p 00000000 00:00 0 
80a32000-80a80000 rw-p 00000000 00:00 0 
80a80000-80a81000 ---p 00000000 00:00 0 
80a81000-80b01000 rw-p 00000000 00:00 0 
80b01000-80b03000 r--s 0001d000 08:05 1577596    /usr/lib/jvm/java-6-openjdk/jre/lib/plugin.jar
80b03000-80b08000 r--s 00045000 08:05 1577595    /usr/lib/jvm/java-6-openjdk/jre/lib/netx.jar
80b08000-80b3b000 rw-p 00000000 00:00 0 
80b3b000-80cca000 r--s 038c4000 08:05 1586189    /usr/lib/jvm/java-6-openjdk/jre/lib/rt.jar
80cca000-80ccb000 ---p 00000000 00:00 0 
80ccb000-80d4b000 rw-p 00000000 00:00 0 
80d4b000-80d4c000 ---p 00000000 00:00 0 
80d4c000-80dd4000 rw-p 00000000 00:00 0 
80dd4000-80e0c000 rw-p 00000000 00:00 0 
80e0c000-80e1b000 rw-p 00000000 00:00 0 
80e1b000-80ef4000 rw-p 00000000 00:00 0 
80ef4000-80efc000 rw-p 00000000 00:00 0 
80efc000-80f34000 rw-p 00000000 00:00 0 
80f34000-80f43000 rw-p 00000000 00:00 0 
80f43000-8101b000 rw-p 00000000 00:00 0 
8101b000-81023000 rw-p 00000000 00:00 0 
81023000-8108f000 rw-p 00000000 00:00 0 
8108f000-82090000 rw-p 00000000 00:00 0 
82090000-89090000 rw-p 00000000 00:00 0 
89090000-8ad70000 rw-p 00000000 00:00 0 
8ad70000-a5f40000 rw-p 00000000 00:00 0 
a5f40000-a6db0000 rw-p 00000000 00:00 0 
a6db0000-b4690000 rw-p 00000000 00:00 0 
b4691000-b469a000 rw-p 00000000 00:00 0 
b469a000-b4751000 rw-p 00000000 00:00 0 
b4751000-b4991000 rwxp 00000000 00:00 0 
b4991000-b7751000 rw-p 00000000 00:00 0 
b7751000-b7754000 ---p 00000000 00:00 0 
b7754000-b77a5000 rw-p 00000000 00:00 0 
b77aa000-b77ad000 r--s 0000f000 08:05 1577575    /usr/lib/jvm/java-6-openjdk/jre/lib/ext/pulse-java.jar
b77ad000-b77b5000 rw-s 00000000 08:05 668094     /tmp/hsperfdata_varun/2421
b77b5000-b77b6000 rw-p 00000000 00:00 0 
b77b6000-b77b7000 r--p 00000000 00:00 0 
b77b7000-b77b9000 rw-p 00000000 00:00 0 
bfbaf000-bfbc4000 rw-p 00000000 00:00 0          [stack]

VM Arguments:
jvm_args: -Dfile.encoding=UTF-8 
java_command: FileAccess.GetPacket
Launcher Type: SUN_STANDARD

Environment Variables:
PATH=/usr/local/sbin:/usr/local/bin:/usr/sbin:/usr/bin:/sbin:/bin:/usr/games
USERNAME=varun
LD_LIBRARY_PATH=/usr/lib/jvm/java-6-openjdk/jre/lib/i386/server:/usr/lib/jvm/java-6-openjdk/jre/lib/i386:/usr/lib/jvm/java-6-openjdk/jre/../lib/i386:/usr/lib/jvm/java-6-openjdk/jre/lib/i386/client:/usr/lib/jvm/java-6-openjdk/jre/lib/i386:/usr/lib/jvm/java-6-openjdk/jre/../lib/i386
SHELL=/bin/bash
DISPLAY=:0.0

Signal Handlers:
SIGSEGV: [libjvm.so+0x64a040], sa_mask[0]=0x7ffbfeff, sa_flags=0x10000004
SIGBUS: [libjvm.so+0x64a040], sa_mask[0]=0x7ffbfeff, sa_flags=0x10000004
SIGFPE: [libjvm.so+0x51c0d0], sa_mask[0]=0x7ffbfeff, sa_flags=0x10000004
SIGPIPE: [libjvm.so+0x51c0d0], sa_mask[0]=0x7ffbfeff, sa_flags=0x10000004
SIGXFSZ: [libjvm.so+0x51c0d0], sa_mask[0]=0x7ffbfeff, sa_flags=0x10000004
SIGILL: [libjvm.so+0x51c0d0], sa_mask[0]=0x7ffbfeff, sa_flags=0x10000004
SIGUSR1: SIG_DFL, sa_mask[0]=0x00000000, sa_flags=0x00000000
SIGUSR2: [libjvm.so+0x51b780], sa_mask[0]=0x00000004, sa_flags=0x10000004
SIGHUP: [libjvm.so+0x51e2f0], sa_mask[0]=0x7ffbfeff, sa_flags=0x10000004
SIGINT: SIG_IGN, sa_mask[0]=0x00000000, sa_flags=0x00000000
SIGTERM: [libjvm.so+0x51e2f0], sa_mask[0]=0x7ffbfeff, sa_flags=0x10000004
SIGQUIT: [libjvm.so+0x51e2f0], sa_mask[0]=0x7ffbfeff, sa_flags=0x10000004


---------------  S Y S T E M  ---------------

OS:Ubuntu 10.04 (lucid)
uname:Linux 2.6.32-33-generic #70-Ubuntu SMP Thu Jul 7 21:09:46 UTC 2011 i686
libc:glibc 2.11.1 NPTL 2.11.1 
rlimit: STACK 8192k, CORE 0k, NPROC infinity, NOFILE 1024, AS infinity
load average:0.99 0.81 0.46

/proc/meminfo:
MemTotal:        2836956 kB
MemFree:         1638780 kB
Buffers:           55180 kB
Cached:           540480 kB
SwapCached:            0 kB
Active:           631660 kB
Inactive:         476936 kB
Active(anon):     513284 kB
Inactive(anon):     6232 kB
Active(file):     118376 kB
Inactive(file):   470704 kB
Unevictable:          48 kB
Mlocked:              48 kB
HighTotal:       1973064 kB
HighFree:         888460 kB
LowTotal:         863892 kB
LowFree:          750320 kB
SwapTotal:       3234808 kB
SwapFree:        3234808 kB
Dirty:               132 kB
Writeback:             0 kB
AnonPages:        513112 kB
Mapped:           139208 kB
Shmem:              6576 kB
Slab:              31184 kB
SReclaimable:      20076 kB
SUnreclaim:        11108 kB
KernelStack:        2680 kB
PageTables:         7232 kB
NFS_Unstable:          0 kB
Bounce:                0 kB
WritebackTmp:          0 kB
CommitLimit:     4653284 kB
Committed_AS:    1671668 kB
VmallocTotal:     122880 kB
VmallocUsed:       72928 kB
VmallocChunk:      42364 kB
HardwareCorrupted:     0 kB
HugePages_Total:       0
HugePages_Free:        0
HugePages_Rsvd:        0
HugePages_Surp:        0
Hugepagesize:       4096 kB
DirectMap4k:       12280 kB
DirectMap4M:      897024 kB


CPU:total 2 (2 cores per cpu, 1 threads per core) family 17 model 3 stepping 1, cmov, cx8, fxsr, mmx, sse, sse2, sse3, mmxext, 3dnow, 3dnowext

Memory: 4k page, physical 2836956k(1638780k free), swap 3234808k(3234808k free)

vm_info: OpenJDK Server VM (19.0-b09) for linux-x86 JRE (1.6.0_20-b20), built on Jan 21 2012 08:10:55 by "buildd" with gcc 4.4.3

time: Tue Feb 21 13:35:24 2012
elapsed time: 0 seconds

