#
# A fatal error has been detected by the Java Runtime Environment:
#
#  SIGSEGV (0xb) at pc=0x0016c90c, pid=3595, tid=3078728560
#
# JRE version: 6.0_20-b20
# Java VM: OpenJDK Server VM (19.0-b09 mixed mode linux-x86 )
# Derivative: IcedTea6 1.9.10
# Distribution: Ubuntu 10.04.1 LTS, package 6b20-1.9.10-0ubuntu1~10.04.2
# Problematic frame:
# C  [libc.so.6+0x5c90c]  fread+0x2c
#
# If you would like to submit a bug report, please include
# instructions how to reproduce the bug and visit:
#   https://bugs.launchpad.net/ubuntu/+source/openjdk-6/
# The crash happened outside the Java Virtual Machine in native code.
# See problematic frame for where to report the bug.
#

---------------  T H R E A D  ---------------

Current thread (0x081e3400):  JavaThread "main" [_thread_in_native, id=3598, stack(0xb77ca000,0xb781b000)]

siginfo:si_signo=SIGSEGV: si_errno=0, si_code=1 (SEGV_MAPERR), si_addr=0x00000000

Registers:
EAX=0xb781998c, EBX=0x00265ff4, ECX=0x0829d240, EDX=0x002673f0
ESP=0xb781990c, EBP=0xb7819928, ESI=0x00000670, EDI=0x00000000
EIP=0x0016c90c, CR2=0x00000000, EFLAGS=0x00010202

Register to memory mapping:

EAX=0xb781998c
0xb781998c is pointing into the stack for thread: 0x081e3400
"main" prio=10 tid=0x081e3400 nid=0xe0e runnable [0xb781a000]
   java.lang.Thread.State: RUNNABLE

EBX=0x00265ff4
0x00265ff4: <offset 0x155ff4> in /lib/tls/i686/cmov/libc.so.6 at 0x00110000

ECX=0x0829d240
0x0829d240 is pointing to unknown location

EDX=0x002673f0
0x002673f0: <offset 0x1573f0> in /lib/tls/i686/cmov/libc.so.6 at 0x00110000

ESP=0xb781990c
0xb781990c is pointing into the stack for thread: 0x081e3400
"main" prio=10 tid=0x081e3400 nid=0xe0e runnable [0xb781a000]
   java.lang.Thread.State: RUNNABLE

EBP=0xb7819928
0xb7819928 is pointing into the stack for thread: 0x081e3400
"main" prio=10 tid=0x081e3400 nid=0xe0e runnable [0xb781a000]
   java.lang.Thread.State: RUNNABLE

ESI=0x00000670
0x00000670 is pointing to unknown location

EDI=0x00000000
0x00000000 is pointing to unknown location


Top of Stack: (sp=0xb781990c)
0xb781990c:   812e29a0 b7819928 0016c44c 00290acb
0xb781991c:   812e29a0 812e29a0 081e3400 b781a008
0xb781992c:   0029067a b781998c 00000670 00000001
0xb781993c:   00000000 0829ce58 00ac6653 008a0afb
0xb781994c:   00ac6c0e 008a0afb 00ac6653 b781a04c
0xb781995c:   081e3518 8110b648 a5ff1870 b7819d60
0xb781996c:   b47d4608 b7819d90 00000000 00000000
0xb781997c:   081e1bf8 00290254 0021475d 00654ff4 

Instructions: (pc=0x0016c90c)
0x0016c8fc:   0f 00 89 7d fc 8b 7d 14 85 f6 0f 84 a4 00 00 00
0x0016c90c:   66 83 3f 00 78 39 8b 57 48 65 a1 08 00 00 00 89 

Stack: [0xb77ca000,0xb781b000],  sp=0xb781990c,  free space=318k
Native frames: (J=compiled Java code, j=interpreted, Vv=VM code, C=native code)
C  [libc.so.6+0x5c90c]  fread+0x2c
C  [libpacketlib.so+0x67a]  Java_Core_func_fillpackets+0x6a
j  Core.func.fillpackets()V+0
j  Core.func.main([Ljava/lang/String;)V+9
v  ~StubRoutines::call_stub
V  [libjvm.so+0x387d72]
V  [libjvm.so+0x519369]
V  [libjvm.so+0x386caf]
V  [libjvm.so+0x39214c]
V  [libjvm.so+0x3a11ad]
C  [java+0x321d]  JavaMain+0xd4d
C  [libpthread.so.0+0x596e]

Java frames: (J=compiled Java code, j=interpreted, Vv=VM code)
j  Core.func.fillpackets()V+0
j  Core.func.main([Ljava/lang/String;)V+9
v  ~StubRoutines::call_stub

---------------  P R O C E S S  ---------------

Java Threads: ( => current thread )
  0x08288000 JavaThread "Low Memory Detector" daemon [_thread_blocked, id=3608, stack(0x8086b000,0x808bc000)]
  0x08284c00 JavaThread "CompilerThread1" daemon [_thread_blocked, id=3607, stack(0x808bc000,0x8093d000)]
  0x08282c00 JavaThread "CompilerThread0" daemon [_thread_blocked, id=3606, stack(0x8093d000,0x809be000)]
  0x08281400 JavaThread "Signal Dispatcher" daemon [_thread_blocked, id=3605, stack(0x809be000,0x80a0f000)]
  0x0826e400 JavaThread "Finalizer" daemon [_thread_blocked, id=3604, stack(0x80a4e000,0x80a9f000)]
  0x0826cc00 JavaThread "Reference Handler" daemon [_thread_blocked, id=3603, stack(0x80a9f000,0x80af0000)]
=>0x081e3400 JavaThread "main" [_thread_in_native, id=3598, stack(0xb77ca000,0xb781b000)]

Other Threads:
  0x08268c00 VMThread [stack: 0x80af0000,0x80b71000] [id=3602]
  0x08289c00 WatcherThread [stack: 0x807ea000,0x8086b000] [id=3609]

VM state:not at safepoint (normal execution)

VM Mutex/Monitor currently owned by a thread: None

Heap
 PSYoungGen      total 12992K, used 448K [0xa5fb0000, 0xa6e20000, 0xb4700000)
  eden space 11200K, 4% used [0xa5fb0000,0xa6020040,0xa6aa0000)
  from space 1792K, 0% used [0xa6c60000,0xa6c60000,0xa6e20000)
  to   space 1792K, 0% used [0xa6aa0000,0xa6aa0000,0xa6c60000)
 PSOldGen        total 29568K, used 0K [0x89100000, 0x8ade0000, 0xa5fb0000)
  object space 29568K, 0% used [0x89100000,0x89100000,0x8ade0000)
 PSPermGen       total 16384K, used 1931K [0x81100000, 0x82100000, 0x89100000)
  object space 16384K, 11% used [0x81100000,0x812e2f08,0x82100000)

Dynamic libraries:
00110000-00263000 r-xp 00000000 08:06 1311374    /lib/tls/i686/cmov/libc-2.11.1.so
00263000-00264000 ---p 00153000 08:06 1311374    /lib/tls/i686/cmov/libc-2.11.1.so
00264000-00266000 r--p 00153000 08:06 1311374    /lib/tls/i686/cmov/libc-2.11.1.so
00266000-00267000 rw-p 00155000 08:06 1311374    /lib/tls/i686/cmov/libc-2.11.1.so
00267000-0026a000 rw-p 00000000 00:00 0 
0026a000-0028e000 r-xp 00000000 08:06 1311382    /lib/tls/i686/cmov/libm-2.11.1.so
0028e000-0028f000 r--p 00023000 08:06 1311382    /lib/tls/i686/cmov/libm-2.11.1.so
0028f000-00290000 rw-p 00024000 08:06 1311382    /lib/tls/i686/cmov/libm-2.11.1.so
00290000-00291000 r-xp 00000000 08:06 1069378    /usr/lib/libpacketlib.so
00291000-00292000 r--p 00000000 08:06 1069378    /usr/lib/libpacketlib.so
00292000-00293000 rw-p 00001000 08:06 1069378    /usr/lib/libpacketlib.so
00366000-00379000 r-xp 00000000 08:06 1311385    /lib/tls/i686/cmov/libnsl-2.11.1.so
00379000-0037a000 r--p 00012000 08:06 1311385    /lib/tls/i686/cmov/libnsl-2.11.1.so
0037a000-0037b000 rw-p 00013000 08:06 1311385    /lib/tls/i686/cmov/libnsl-2.11.1.so
0037b000-0037d000 rw-p 00000000 00:00 0 
00439000-00440000 r-xp 00000000 08:06 1311404    /lib/tls/i686/cmov/librt-2.11.1.so
00440000-00441000 r--p 00006000 08:06 1311404    /lib/tls/i686/cmov/librt-2.11.1.so
00441000-00442000 rw-p 00007000 08:06 1311404    /lib/tls/i686/cmov/librt-2.11.1.so
0047f000-00486000 r-xp 00000000 08:06 1064678    /usr/lib/jvm/java-6-openjdk/jre/lib/i386/native_threads/libhpi.so
00486000-00487000 r--p 00006000 08:06 1064678    /usr/lib/jvm/java-6-openjdk/jre/lib/i386/native_threads/libhpi.so
00487000-00488000 rw-p 00007000 08:06 1064678    /usr/lib/jvm/java-6-openjdk/jre/lib/i386/native_threads/libhpi.so
00652000-00654000 r-xp 00000000 08:06 1311380    /lib/tls/i686/cmov/libdl-2.11.1.so
00654000-00655000 r--p 00001000 08:06 1311380    /lib/tls/i686/cmov/libdl-2.11.1.so
00655000-00656000 rw-p 00002000 08:06 1311380    /lib/tls/i686/cmov/libdl-2.11.1.so
006d5000-006db000 r-xp 00000000 08:06 1311387    /lib/tls/i686/cmov/libnss_compat-2.11.1.so
006db000-006dc000 r--p 00006000 08:06 1311387    /lib/tls/i686/cmov/libnss_compat-2.11.1.so
006dc000-006dd000 rw-p 00007000 08:06 1311387    /lib/tls/i686/cmov/libnss_compat-2.11.1.so
007d2000-007dc000 r-xp 00000000 08:06 1311391    /lib/tls/i686/cmov/libnss_files-2.11.1.so
007dc000-007dd000 r--p 00009000 08:06 1311391    /lib/tls/i686/cmov/libnss_files-2.11.1.so
007dd000-007de000 rw-p 0000a000 08:06 1311391    /lib/tls/i686/cmov/libnss_files-2.11.1.so
0083b000-00850000 r-xp 00000000 08:06 1311400    /lib/tls/i686/cmov/libpthread-2.11.1.so
00850000-00851000 r--p 00014000 08:06 1311400    /lib/tls/i686/cmov/libpthread-2.11.1.so
00851000-00852000 rw-p 00015000 08:06 1311400    /lib/tls/i686/cmov/libpthread-2.11.1.so
00852000-00854000 rw-p 00000000 00:00 0 
00880000-008a4000 r-xp 00000000 08:06 1064657    /usr/lib/jvm/java-6-openjdk/jre/lib/i386/libjava.so
008a4000-008a5000 r--p 00023000 08:06 1064657    /usr/lib/jvm/java-6-openjdk/jre/lib/i386/libjava.so
008a5000-008a7000 rw-p 00024000 08:06 1064657    /usr/lib/jvm/java-6-openjdk/jre/lib/i386/libjava.so
00922000-0092e000 r-xp 00000000 08:06 1064685    /usr/lib/jvm/java-6-openjdk/jre/lib/i386/libverify.so
0092e000-0092f000 r--p 0000b000 08:06 1064685    /usr/lib/jvm/java-6-openjdk/jre/lib/i386/libverify.so
0092f000-00930000 rw-p 0000c000 08:06 1064685    /usr/lib/jvm/java-6-openjdk/jre/lib/i386/libverify.so
0098d000-00995000 r-xp 00000000 08:06 1311395    /lib/tls/i686/cmov/libnss_nis-2.11.1.so
00995000-00996000 r--p 00007000 08:06 1311395    /lib/tls/i686/cmov/libnss_nis-2.11.1.so
00996000-00997000 rw-p 00008000 08:06 1311395    /lib/tls/i686/cmov/libnss_nis-2.11.1.so
00a98000-00a9f000 r-xp 00000000 08:06 1064662    /usr/lib/jvm/java-6-openjdk/jre/lib/i386/libzip.so
00a9f000-00aa0000 r--p 00006000 08:06 1064662    /usr/lib/jvm/java-6-openjdk/jre/lib/i386/libzip.so
00aa0000-00aa1000 rw-p 00007000 08:06 1064662    /usr/lib/jvm/java-6-openjdk/jre/lib/i386/libzip.so
00aad000-00ac8000 r-xp 00000000 08:06 1179673    /lib/ld-2.11.1.so
00ac8000-00ac9000 r--p 0001a000 08:06 1179673    /lib/ld-2.11.1.so
00ac9000-00aca000 rw-p 0001b000 08:06 1179673    /lib/ld-2.11.1.so
00cb4000-00cb5000 r-xp 00000000 00:00 0          [vdso]
00ddd000-00de0000 r-xp 00000000 08:06 1064666    /usr/lib/jvm/java-6-openjdk/jre/lib/i386/jli/libjli.so
00de0000-00de1000 r--p 00003000 08:06 1064666    /usr/lib/jvm/java-6-openjdk/jre/lib/i386/jli/libjli.so
00de1000-00de2000 rw-p 00004000 08:06 1064666    /usr/lib/jvm/java-6-openjdk/jre/lib/i386/jli/libjli.so
00eab000-00ebe000 r-xp 00000000 08:06 1179846    /lib/libz.so.1.2.3.3
00ebe000-00ebf000 r--p 00012000 08:06 1179846    /lib/libz.so.1.2.3.3
00ebf000-00ec0000 rw-p 00013000 08:06 1179846    /lib/libz.so.1.2.3.3
00ec0000-01585000 r-xp 00000000 08:06 1064676    /usr/lib/jvm/java-6-openjdk/jre/lib/i386/server/libjvm.so
01585000-01586000 ---p 006c5000 08:06 1064676    /usr/lib/jvm/java-6-openjdk/jre/lib/i386/server/libjvm.so
01586000-015cb000 r--p 006c5000 08:06 1064676    /usr/lib/jvm/java-6-openjdk/jre/lib/i386/server/libjvm.so
015cb000-015da000 rw-p 0070a000 08:06 1064676    /usr/lib/jvm/java-6-openjdk/jre/lib/i386/server/libjvm.so
015da000-019f9000 rw-p 00000000 00:00 0 
08048000-08051000 r-xp 00000000 08:06 1064626    /usr/lib/jvm/java-6-openjdk/jre/bin/java
08051000-08052000 r--p 00008000 08:06 1064626    /usr/lib/jvm/java-6-openjdk/jre/bin/java
08052000-08053000 rw-p 00009000 08:06 1064626    /usr/lib/jvm/java-6-openjdk/jre/bin/java
081dc000-082c4000 rw-p 00000000 00:00 0          [heap]
807ea000-807eb000 ---p 00000000 00:00 0 
807eb000-8086b000 rw-p 00000000 00:00 0 
8086b000-8086e000 ---p 00000000 00:00 0 
8086e000-808bc000 rw-p 00000000 00:00 0 
808bc000-808bf000 ---p 00000000 00:00 0 
808bf000-8093d000 rw-p 00000000 00:00 0 
8093d000-80940000 ---p 00000000 00:00 0 
80940000-809be000 rw-p 00000000 00:00 0 
809be000-809c1000 ---p 00000000 00:00 0 
809c1000-80a0f000 rw-p 00000000 00:00 0 
80a0f000-80a4e000 r--p 00000000 08:06 1056342    /usr/lib/locale/en_IN/LC_CTYPE
80a4e000-80a51000 ---p 00000000 00:00 0 
80a51000-80a9f000 rw-p 00000000 00:00 0 
80a9f000-80aa2000 ---p 00000000 00:00 0 
80aa2000-80af0000 rw-p 00000000 00:00 0 
80af0000-80af1000 ---p 00000000 00:00 0 
80af1000-80b71000 rw-p 00000000 00:00 0 
80b71000-80b73000 r--s 0001d000 08:06 1056709    /usr/lib/jvm/java-6-openjdk/jre/lib/plugin.jar
80b73000-80b78000 r--s 00045000 08:06 1056713    /usr/lib/jvm/java-6-openjdk/jre/lib/netx.jar
80b78000-80bab000 rw-p 00000000 00:00 0 
80bab000-80d3a000 r--s 038c4000 08:06 1064698    /usr/lib/jvm/java-6-openjdk/jre/lib/rt.jar
80d3a000-80d3b000 ---p 00000000 00:00 0 
80d3b000-80dbb000 rw-p 00000000 00:00 0 
80dbb000-80dbc000 ---p 00000000 00:00 0 
80dbc000-80e44000 rw-p 00000000 00:00 0 
80e44000-80e7c000 rw-p 00000000 00:00 0 
80e7c000-80e8b000 rw-p 00000000 00:00 0 
80e8b000-80f64000 rw-p 00000000 00:00 0 
80f64000-80f6c000 rw-p 00000000 00:00 0 
80f6c000-80fa4000 rw-p 00000000 00:00 0 
80fa4000-80fb3000 rw-p 00000000 00:00 0 
80fb3000-8108b000 rw-p 00000000 00:00 0 
8108b000-81093000 rw-p 00000000 00:00 0 
81093000-810ff000 rw-p 00000000 00:00 0 
810ff000-82100000 rw-p 00000000 00:00 0 
82100000-89100000 rw-p 00000000 00:00 0 
89100000-8ade0000 rw-p 00000000 00:00 0 
8ade0000-a5fb0000 rw-p 00000000 00:00 0 
a5fb0000-a6e20000 rw-p 00000000 00:00 0 
a6e20000-b4700000 rw-p 00000000 00:00 0 
b4701000-b470a000 r--s 00065000 08:06 1460237    /usr/share/java/gnome-java-bridge.jar
b470a000-b4713000 rw-p 00000000 00:00 0 
b4713000-b47ca000 rw-p 00000000 00:00 0 
b47ca000-b4a0a000 rwxp 00000000 00:00 0 
b4a0a000-b77ca000 rw-p 00000000 00:00 0 
b77ca000-b77cd000 ---p 00000000 00:00 0 
b77cd000-b781e000 rw-p 00000000 00:00 0 
b781f000-b7822000 r--s 0000f000 08:06 1056737    /usr/lib/jvm/java-6-openjdk/jre/lib/ext/pulse-java.jar
b7822000-b782a000 rw-s 00000000 08:06 786857     /tmp/hsperfdata_varun/3595
b782a000-b782b000 rw-p 00000000 00:00 0 
b782b000-b782c000 r--p 00000000 00:00 0 
b782c000-b782e000 rw-p 00000000 00:00 0 
bffb0000-bffc5000 rw-p 00000000 00:00 0          [stack]

VM Arguments:
jvm_args: -Dfile.encoding=UTF-8 
java_command: Core.func
Launcher Type: SUN_STANDARD

Environment Variables:
PATH=/usr/local/sbin:/usr/local/bin:/usr/sbin:/usr/bin:/sbin:/bin:/usr/games
USERNAME=varun
LD_LIBRARY_PATH=/usr/lib/jvm/java-6-openjdk/jre/lib/i386/server:/usr/lib/jvm/java-6-openjdk/jre/lib/i386:/usr/lib/jvm/java-6-openjdk/jre/../lib/i386:/usr/lib/jvm/java-6-openjdk/jre/lib/i386/client:/usr/lib/jvm/java-6-openjdk/jre/lib/i386:/usr/lib/jvm/java-6-openjdk/jre/../lib/i386
SHELL=/bin/bash
DISPLAY=:0.0

Signal Handlers:
SIGSEGV: [libjvm.so+0x64a040], sa_mask[0]=0x7ffbfeff, sa_flags=0x10000004
SIGBUS: [libjvm.so+0x64a040], sa_mask[0]=0x7ffbfeff, sa_flags=0x10000004
SIGFPE: [libjvm.so+0x51c0d0], sa_mask[0]=0x7ffbfeff, sa_flags=0x10000004
SIGPIPE: [libjvm.so+0x51c0d0], sa_mask[0]=0x7ffbfeff, sa_flags=0x10000004
SIGXFSZ: [libjvm.so+0x51c0d0], sa_mask[0]=0x7ffbfeff, sa_flags=0x10000004
SIGILL: [libjvm.so+0x51c0d0], sa_mask[0]=0x7ffbfeff, sa_flags=0x10000004
SIGUSR1: SIG_DFL, sa_mask[0]=0x00000000, sa_flags=0x00000000
SIGUSR2: [libjvm.so+0x51b780], sa_mask[0]=0x00000004, sa_flags=0x10000004
SIGHUP: [libjvm.so+0x51e2f0], sa_mask[0]=0x7ffbfeff, sa_flags=0x10000004
SIGINT: SIG_IGN, sa_mask[0]=0x00000000, sa_flags=0x00000000
SIGTERM: [libjvm.so+0x51e2f0], sa_mask[0]=0x7ffbfeff, sa_flags=0x10000004
SIGQUIT: [libjvm.so+0x51e2f0], sa_mask[0]=0x7ffbfeff, sa_flags=0x10000004


---------------  S Y S T E M  ---------------

OS:Ubuntu 10.04 (lucid)
uname:Linux 2.6.32-33-generic #70-Ubuntu SMP Thu Jul 7 21:09:46 UTC 2011 i686
libc:glibc 2.11.1 NPTL 2.11.1 
rlimit: STACK 8192k, CORE 0k, NPROC infinity, NOFILE 1024, AS infinity
load average:0.58 0.68 0.50

/proc/meminfo:
MemTotal:        2836956 kB
MemFree:         1367164 kB
Buffers:          104040 kB
Cached:           712764 kB
SwapCached:            0 kB
Active:           796060 kB
Inactive:         563492 kB
Active(anon):     543156 kB
Inactive(anon):     7360 kB
Active(file):     252904 kB
Inactive(file):   556132 kB
Unevictable:          32 kB
Mlocked:              32 kB
HighTotal:       1973064 kB
HighFree:         687580 kB
LowTotal:         863892 kB
LowFree:          679584 kB
SwapTotal:       2833400 kB
SwapFree:        2833400 kB
Dirty:               104 kB
Writeback:             0 kB
AnonPages:        542776 kB
Mapped:           108332 kB
Shmem:              7772 kB
Slab:              53616 kB
SReclaimable:      42528 kB
SUnreclaim:        11088 kB
KernelStack:        2320 kB
PageTables:         6456 kB
NFS_Unstable:          0 kB
Bounce:                0 kB
WritebackTmp:          0 kB
CommitLimit:     4251876 kB
Committed_AS:    1279276 kB
VmallocTotal:     122880 kB
VmallocUsed:       72820 kB
VmallocChunk:      42876 kB
HardwareCorrupted:     0 kB
HugePages_Total:       0
HugePages_Free:        0
HugePages_Rsvd:        0
HugePages_Surp:        0
Hugepagesize:       4096 kB
DirectMap4k:       12280 kB
DirectMap4M:      897024 kB


CPU:total 2 (2 cores per cpu, 1 threads per core) family 17 model 3 stepping 1, cmov, cx8, fxsr, mmx, sse, sse2, sse3, mmxext, 3dnow, 3dnowext

Memory: 4k page, physical 2836956k(1367164k free), swap 2833400k(2833400k free)

vm_info: OpenJDK Server VM (19.0-b09) for linux-x86 JRE (1.6.0_20-b20), built on Nov  8 2011 17:27:25 by "buildd" with gcc 4.4.3

time: Sat Jan 14 15:34:54 2012
elapsed time: 0 seconds

