#
# A fatal error has been detected by the Java Runtime Environment:
#
#  SIGSEGV (0xb) at pc=0x00dd9c6d, pid=2488, tid=3079527280
#
# JRE version: 6.0_20-b20
# Java VM: OpenJDK Server VM (19.0-b09 mixed mode linux-x86 )
# Derivative: IcedTea6 1.9.10
# Distribution: Ubuntu 10.04.1 LTS, package 6b20-1.9.10-0ubuntu1~10.04.3
# Problematic frame:
# C  [libc.so.6+0x3cc6d]  _IO_vfprintf+0x5d
#
# If you would like to submit a bug report, please include
# instructions how to reproduce the bug and visit:
#   https://bugs.launchpad.net/ubuntu/+source/openjdk-6/
# The crash happened outside the Java Virtual Machine in native code.
# See problematic frame for where to report the bug.
#

---------------  T H R E A D  ---------------

Current thread (0x0914f000):  JavaThread "main" [_thread_in_native, id=2491, stack(0xb788d000,0xb78de000)]

siginfo:si_signo=SIGSEGV: si_errno=0, si_code=1 (SEGV_MAPERR), si_addr=0x00000046

Registers:
EAX=0x001a9a4e, EBX=0x00ef2ff4, ECX=0xb78dce18, EDX=0x0000000d
ESP=0xb78dc85c, EBP=0xb78dcde8, ESI=0x00000000, EDI=0x0000000e
EIP=0x00dd9c6d, CR2=0x00000046, EFLAGS=0x00010212

Register to memory mapping:

EAX=0x001a9a4e
0x001a9a4e: <offset 0x6a4e> in /usr/lib/libpacketlib.so at 0x001a3000

EBX=0x00ef2ff4
0x00ef2ff4: <offset 0x155ff4> in /lib/tls/i686/cmov/libc.so.6 at 0x00d9d000

ECX=0xb78dce18
0xb78dce18 is pointing into the stack for thread: 0x0914f000
"main" prio=10 tid=0x0914f000 nid=0x9bb runnable [0xb78dc000]
   java.lang.Thread.State: RUNNABLE

EDX=0x0000000d
0x0000000d is pointing to unknown location

ESP=0xb78dc85c
0xb78dc85c is pointing into the stack for thread: 0x0914f000
"main" prio=10 tid=0x0914f000 nid=0x9bb runnable [0xb78dc000]
   java.lang.Thread.State: RUNNABLE

EBP=0xb78dcde8
0xb78dcde8 is pointing into the stack for thread: 0x0914f000
"main" prio=10 tid=0x0914f000 nid=0x9bb runnable [0xb78dc000]
   java.lang.Thread.State: RUNNABLE

ESI=0x00000000
0x00000000 is pointing to unknown location

EDI=0x0000000e
0x0000000e is pointing to unknown location


Top of Stack: (sp=0xb78dc85c)
0xb78dc85c:   b78dc88c 0146de1f 00000000 b78dc950
0xb78dc86c:   b78dc8b4 b78dc8c0 b78dcb40 09208c18
0xb78dc87c:   00000000 b78dc894 b78dc8bc 091481e0
0xb78dc88c:   015cb4c2 014de00e 811e00d8 0914f894
0xb78dc89c:   b78dc89c 016f9ff4 0914f8a8 00000000
0xb78dc8ac:   016f9ff4 a60af238 001a3790 09208c18
0xb78dc8bc:   015ce039 ffffffff 00ef2ff4 00f53cc0
0xb78dc8cc:   00000000 b78dc964 00ea1855 09208de8 

Instructions: (pc=0x00dd9c6d)
0x00dd9c5d:   ff 89 8d 64 fb ff ff 65 8b 12 89 95 58 fb ff ff
0x00dd9c6d:   80 7e 46 00 0f 84 01 27 00 00 8b 06 a8 08 0f 85 

Stack: [0xb788d000,0xb78de000],  sp=0xb78dc85c,  free space=318k
Native frames: (J=compiled Java code, j=interpreted, Vv=VM code, C=native code)
C  [libc.so.6+0x3cc6d]  _IO_vfprintf+0x5d
C  [libc.so.6+0x4711f]  _IO_fprintf+0x1f
C  [libpacketlib.so+0x23f9]  time_fil+0x300
C  [libpacketlib.so+0x1b52]  Java_FileAccess_GetPacket_fillpackets+0xd2
j  FileAccess.GetPacket.fillpackets()V+0
j  FileAccess.GetPacket.main([Ljava/lang/String;)V+149
v  ~StubRoutines::call_stub
V  [libjvm.so+0x387d72]
V  [libjvm.so+0x519369]
V  [libjvm.so+0x386caf]
V  [libjvm.so+0x39214c]
V  [libjvm.so+0x3a11ad]
C  [java+0x321d]  JavaMain+0xd4d
C  [libpthread.so.0+0x596e]

Java frames: (J=compiled Java code, j=interpreted, Vv=VM code)
j  FileAccess.GetPacket.fillpackets()V+0
j  FileAccess.GetPacket.main([Ljava/lang/String;)V+149
v  ~StubRoutines::call_stub

---------------  P R O C E S S  ---------------

Java Threads: ( => current thread )
  0x091f4000 JavaThread "Low Memory Detector" daemon [_thread_blocked, id=2501, stack(0x8092b000,0x8097c000)]
  0x091f0800 JavaThread "CompilerThread1" daemon [_thread_blocked, id=2500, stack(0x8097c000,0x809fd000)]
  0x091ee800 JavaThread "CompilerThread0" daemon [_thread_blocked, id=2499, stack(0x809fd000,0x80a7e000)]
  0x091ed400 JavaThread "Signal Dispatcher" daemon [_thread_blocked, id=2498, stack(0x80a7e000,0x80acf000)]
  0x091da000 JavaThread "Finalizer" daemon [_thread_blocked, id=2497, stack(0x80b0e000,0x80b5f000)]
  0x091d8800 JavaThread "Reference Handler" daemon [_thread_blocked, id=2496, stack(0x80b5f000,0x80bb0000)]
=>0x0914f000 JavaThread "main" [_thread_in_native, id=2491, stack(0xb788d000,0xb78de000)]

Other Threads:
  0x091d4c00 VMThread [stack: 0x80bb0000,0x80c31000] [id=2495]
  0x091f5c00 WatcherThread [stack: 0x808aa000,0x8092b000] [id=2502]

VM state:not at safepoint (normal execution)

VM Mutex/Monitor currently owned by a thread: None

Heap
 PSYoungGen      total 12992K, used 448K [0xa6070000, 0xa6ee0000, 0xb47c0000)
  eden space 11200K, 4% used [0xa6070000,0xa60e0220,0xa6b60000)
  from space 1792K, 0% used [0xa6d20000,0xa6d20000,0xa6ee0000)
  to   space 1792K, 0% used [0xa6b60000,0xa6b60000,0xa6d20000)
 PSOldGen        total 29568K, used 0K [0x891c0000, 0x8aea0000, 0xa6070000)
  object space 29568K, 0% used [0x891c0000,0x891c0000,0x8aea0000)
 PSPermGen       total 16384K, used 1941K [0x811c0000, 0x821c0000, 0x891c0000)
  object space 16384K, 11% used [0x811c0000,0x813a56a8,0x821c0000)

Dynamic libraries:
00110000-00111000 r-xp 00000000 00:00 0          [vdso]
00111000-00119000 r-xp 00000000 08:05 527218     /lib/tls/i686/cmov/libnss_nis-2.11.1.so
00119000-0011a000 r--p 00007000 08:05 527218     /lib/tls/i686/cmov/libnss_nis-2.11.1.so
0011a000-0011b000 rw-p 00008000 08:05 527218     /lib/tls/i686/cmov/libnss_nis-2.11.1.so
00131000-00134000 r-xp 00000000 08:05 1586197    /usr/lib/jvm/java-6-openjdk/jre/lib/i386/jli/libjli.so
00134000-00135000 r--p 00003000 08:05 1586197    /usr/lib/jvm/java-6-openjdk/jre/lib/i386/jli/libjli.so
00135000-00136000 rw-p 00004000 08:05 1586197    /usr/lib/jvm/java-6-openjdk/jre/lib/i386/jli/libjli.so
00136000-0015a000 r-xp 00000000 08:05 527205     /lib/tls/i686/cmov/libm-2.11.1.so
0015a000-0015b000 r--p 00023000 08:05 527205     /lib/tls/i686/cmov/libm-2.11.1.so
0015b000-0015c000 rw-p 00024000 08:05 527205     /lib/tls/i686/cmov/libm-2.11.1.so
00192000-00199000 r-xp 00000000 08:05 1586226    /usr/lib/jvm/java-6-openjdk/jre/lib/i386/libzip.so
00199000-0019a000 r--p 00006000 08:05 1586226    /usr/lib/jvm/java-6-openjdk/jre/lib/i386/libzip.so
0019a000-0019b000 rw-p 00007000 08:05 1586226    /usr/lib/jvm/java-6-openjdk/jre/lib/i386/libzip.so
001a3000-001ab000 r-xp 00000000 08:05 1589892    /usr/lib/libpacketlib.so
001ab000-001ac000 r--p 00007000 08:05 1589892    /usr/lib/libpacketlib.so
001ac000-001ad000 rw-p 00008000 08:05 1589892    /usr/lib/libpacketlib.so
00259000-0026c000 r-xp 00000000 08:05 527208     /lib/tls/i686/cmov/libnsl-2.11.1.so
0026c000-0026d000 r--p 00012000 08:05 527208     /lib/tls/i686/cmov/libnsl-2.11.1.so
0026d000-0026e000 rw-p 00013000 08:05 527208     /lib/tls/i686/cmov/libnsl-2.11.1.so
0026e000-00270000 rw-p 00000000 00:00 0 
00494000-0049a000 r-xp 00000000 08:05 527210     /lib/tls/i686/cmov/libnss_compat-2.11.1.so
0049a000-0049b000 r--p 00006000 08:05 527210     /lib/tls/i686/cmov/libnss_compat-2.11.1.so
0049b000-0049c000 rw-p 00007000 08:05 527210     /lib/tls/i686/cmov/libnss_compat-2.11.1.so
004ac000-004ae000 r-xp 00000000 08:05 527203     /lib/tls/i686/cmov/libdl-2.11.1.so
004ae000-004af000 r--p 00001000 08:05 527203     /lib/tls/i686/cmov/libdl-2.11.1.so
004af000-004b0000 rw-p 00002000 08:05 527203     /lib/tls/i686/cmov/libdl-2.11.1.so
00746000-0074d000 r-xp 00000000 08:05 527227     /lib/tls/i686/cmov/librt-2.11.1.so
0074d000-0074e000 r--p 00006000 08:05 527227     /lib/tls/i686/cmov/librt-2.11.1.so
0074e000-0074f000 rw-p 00007000 08:05 527227     /lib/tls/i686/cmov/librt-2.11.1.so
007fb000-00805000 r-xp 00000000 08:05 527214     /lib/tls/i686/cmov/libnss_files-2.11.1.so
00805000-00806000 r--p 00009000 08:05 527214     /lib/tls/i686/cmov/libnss_files-2.11.1.so
00806000-00807000 rw-p 0000a000 08:05 527214     /lib/tls/i686/cmov/libnss_files-2.11.1.so
008d4000-008f8000 r-xp 00000000 08:05 1586209    /usr/lib/jvm/java-6-openjdk/jre/lib/i386/libjava.so
008f8000-008f9000 r--p 00023000 08:05 1586209    /usr/lib/jvm/java-6-openjdk/jre/lib/i386/libjava.so
008f9000-008fb000 rw-p 00024000 08:05 1586209    /usr/lib/jvm/java-6-openjdk/jre/lib/i386/libjava.so
0097a000-0098f000 r-xp 00000000 08:05 527223     /lib/tls/i686/cmov/libpthread-2.11.1.so
0098f000-00990000 r--p 00014000 08:05 527223     /lib/tls/i686/cmov/libpthread-2.11.1.so
00990000-00991000 rw-p 00015000 08:05 527223     /lib/tls/i686/cmov/libpthread-2.11.1.so
00991000-00993000 rw-p 00000000 00:00 0 
00a4f000-00a5b000 r-xp 00000000 08:05 1586225    /usr/lib/jvm/java-6-openjdk/jre/lib/i386/libverify.so
00a5b000-00a5c000 r--p 0000b000 08:05 1586225    /usr/lib/jvm/java-6-openjdk/jre/lib/i386/libverify.so
00a5c000-00a5d000 rw-p 0000c000 08:05 1586225    /usr/lib/jvm/java-6-openjdk/jre/lib/i386/libverify.so
00d9d000-00ef0000 r-xp 00000000 08:05 527197     /lib/tls/i686/cmov/libc-2.11.1.so
00ef0000-00ef1000 ---p 00153000 08:05 527197     /lib/tls/i686/cmov/libc-2.11.1.so
00ef1000-00ef3000 r--p 00153000 08:05 527197     /lib/tls/i686/cmov/libc-2.11.1.so
00ef3000-00ef4000 rw-p 00155000 08:05 527197     /lib/tls/i686/cmov/libc-2.11.1.so
00ef4000-00ef7000 rw-p 00000000 00:00 0 
00f38000-00f53000 r-xp 00000000 08:05 523290     /lib/ld-2.11.1.so
00f53000-00f54000 r--p 0001a000 08:05 523290     /lib/ld-2.11.1.so
00f54000-00f55000 rw-p 0001b000 08:05 523290     /lib/ld-2.11.1.so
00f5e000-00f65000 r-xp 00000000 08:05 1586228    /usr/lib/jvm/java-6-openjdk/jre/lib/i386/native_threads/libhpi.so
00f65000-00f66000 r--p 00006000 08:05 1586228    /usr/lib/jvm/java-6-openjdk/jre/lib/i386/native_threads/libhpi.so
00f66000-00f67000 rw-p 00007000 08:05 1586228    /usr/lib/jvm/java-6-openjdk/jre/lib/i386/native_threads/libhpi.so
00fda000-00fed000 r-xp 00000000 08:05 523463     /lib/libz.so.1.2.3.3
00fed000-00fee000 r--p 00012000 08:05 523463     /lib/libz.so.1.2.3.3
00fee000-00fef000 rw-p 00013000 08:05 523463     /lib/libz.so.1.2.3.3
00fef000-016b4000 r-xp 00000000 08:05 1586230    /usr/lib/jvm/java-6-openjdk/jre/lib/i386/server/libjvm.so
016b4000-016b5000 ---p 006c5000 08:05 1586230    /usr/lib/jvm/java-6-openjdk/jre/lib/i386/server/libjvm.so
016b5000-016fa000 r--p 006c5000 08:05 1586230    /usr/lib/jvm/java-6-openjdk/jre/lib/i386/server/libjvm.so
016fa000-01709000 rw-p 0070a000 08:05 1586230    /usr/lib/jvm/java-6-openjdk/jre/lib/i386/server/libjvm.so
01709000-01b28000 rw-p 00000000 00:00 0 
08048000-08051000 r-xp 00000000 08:05 1586258    /usr/lib/jvm/java-6-openjdk/jre/bin/java
08051000-08052000 r--p 00008000 08:05 1586258    /usr/lib/jvm/java-6-openjdk/jre/bin/java
08052000-08053000 rw-p 00009000 08:05 1586258    /usr/lib/jvm/java-6-openjdk/jre/bin/java
09148000-09230000 rw-p 00000000 00:00 0          [heap]
808aa000-808ab000 ---p 00000000 00:00 0 
808ab000-8092b000 rw-p 00000000 00:00 0 
8092b000-8092e000 ---p 00000000 00:00 0 
8092e000-8097c000 rw-p 00000000 00:00 0 
8097c000-8097f000 ---p 00000000 00:00 0 
8097f000-809fd000 rw-p 00000000 00:00 0 
809fd000-80a00000 ---p 00000000 00:00 0 
80a00000-80a7e000 rw-p 00000000 00:00 0 
80a7e000-80a81000 ---p 00000000 00:00 0 
80a81000-80acf000 rw-p 00000000 00:00 0 
80acf000-80b0e000 r--p 00000000 08:05 1577945    /usr/lib/locale/en_IN/LC_CTYPE
80b0e000-80b11000 ---p 00000000 00:00 0 
80b11000-80b5f000 rw-p 00000000 00:00 0 
80b5f000-80b62000 ---p 00000000 00:00 0 
80b62000-80bb0000 rw-p 00000000 00:00 0 
80bb0000-80bb1000 ---p 00000000 00:00 0 
80bb1000-80c31000 rw-p 00000000 00:00 0 
80c31000-80c33000 r--s 0001d000 08:05 1577596    /usr/lib/jvm/java-6-openjdk/jre/lib/plugin.jar
80c33000-80c38000 r--s 00045000 08:05 1577595    /usr/lib/jvm/java-6-openjdk/jre/lib/netx.jar
80c38000-80c6b000 rw-p 00000000 00:00 0 
80c6b000-80dfa000 r--s 038c4000 08:05 1586189    /usr/lib/jvm/java-6-openjdk/jre/lib/rt.jar
80dfa000-80dfb000 ---p 00000000 00:00 0 
80dfb000-80e7b000 rw-p 00000000 00:00 0 
80e7b000-80e7c000 ---p 00000000 00:00 0 
80e7c000-80f04000 rw-p 00000000 00:00 0 
80f04000-80f3c000 rw-p 00000000 00:00 0 
80f3c000-80f4b000 rw-p 00000000 00:00 0 
80f4b000-81024000 rw-p 00000000 00:00 0 
81024000-8102c000 rw-p 00000000 00:00 0 
8102c000-81064000 rw-p 00000000 00:00 0 
81064000-81073000 rw-p 00000000 00:00 0 
81073000-8114b000 rw-p 00000000 00:00 0 
8114b000-81153000 rw-p 00000000 00:00 0 
81153000-811bf000 rw-p 00000000 00:00 0 
811bf000-821c0000 rw-p 00000000 00:00 0 
821c0000-891c0000 rw-p 00000000 00:00 0 
891c0000-8aea0000 rw-p 00000000 00:00 0 
8aea0000-a6070000 rw-p 00000000 00:00 0 
a6070000-a6ee0000 rw-p 00000000 00:00 0 
a6ee0000-b47c0000 rw-p 00000000 00:00 0 
b47c4000-b47cd000 r--s 00065000 08:05 6219       /usr/share/java/gnome-java-bridge.jar
b47cd000-b47d6000 rw-p 00000000 00:00 0 
b47d6000-b488d000 rw-p 00000000 00:00 0 
b488d000-b4acd000 rwxp 00000000 00:00 0 
b4acd000-b788d000 rw-p 00000000 00:00 0 
b788d000-b7890000 ---p 00000000 00:00 0 
b7890000-b78e1000 rw-p 00000000 00:00 0 
b78e6000-b78e9000 r--s 0000f000 08:05 1577575    /usr/lib/jvm/java-6-openjdk/jre/lib/ext/pulse-java.jar
b78e9000-b78f1000 rw-s 00000000 08:05 667991     /tmp/hsperfdata_varun/2488
b78f1000-b78f2000 rw-p 00000000 00:00 0 
b78f2000-b78f3000 r--p 00000000 00:00 0 
b78f3000-b78f5000 rw-p 00000000 00:00 0 
bfcd9000-bfcee000 rw-p 00000000 00:00 0          [stack]

VM Arguments:
jvm_args: -Dfile.encoding=UTF-8 
java_command: FileAccess.GetPacket
Launcher Type: SUN_STANDARD

Environment Variables:
PATH=/usr/local/sbin:/usr/local/bin:/usr/sbin:/usr/bin:/sbin:/bin:/usr/games
USERNAME=varun
LD_LIBRARY_PATH=/usr/lib/jvm/java-6-openjdk/jre/lib/i386/server:/usr/lib/jvm/java-6-openjdk/jre/lib/i386:/usr/lib/jvm/java-6-openjdk/jre/../lib/i386:/usr/lib/jvm/java-6-openjdk/jre/lib/i386/client:/usr/lib/jvm/java-6-openjdk/jre/lib/i386:/usr/lib/jvm/java-6-openjdk/jre/../lib/i386
SHELL=/bin/bash
DISPLAY=:0.0

Signal Handlers:
SIGSEGV: [libjvm.so+0x64a040], sa_mask[0]=0x7ffbfeff, sa_flags=0x10000004
SIGBUS: [libjvm.so+0x64a040], sa_mask[0]=0x7ffbfeff, sa_flags=0x10000004
SIGFPE: [libjvm.so+0x51c0d0], sa_mask[0]=0x7ffbfeff, sa_flags=0x10000004
SIGPIPE: [libjvm.so+0x51c0d0], sa_mask[0]=0x7ffbfeff, sa_flags=0x10000004
SIGXFSZ: [libjvm.so+0x51c0d0], sa_mask[0]=0x7ffbfeff, sa_flags=0x10000004
SIGILL: [libjvm.so+0x51c0d0], sa_mask[0]=0x7ffbfeff, sa_flags=0x10000004
SIGUSR1: SIG_DFL, sa_mask[0]=0x00000000, sa_flags=0x00000000
SIGUSR2: [libjvm.so+0x51b780], sa_mask[0]=0x00000004, sa_flags=0x10000004
SIGHUP: [libjvm.so+0x51e2f0], sa_mask[0]=0x7ffbfeff, sa_flags=0x10000004
SIGINT: SIG_IGN, sa_mask[0]=0x00000000, sa_flags=0x00000000
SIGTERM: [libjvm.so+0x51e2f0], sa_mask[0]=0x7ffbfeff, sa_flags=0x10000004
SIGQUIT: [libjvm.so+0x51e2f0], sa_mask[0]=0x7ffbfeff, sa_flags=0x10000004


---------------  S Y S T E M  ---------------

OS:Ubuntu 10.04 (lucid)
uname:Linux 2.6.32-33-generic #70-Ubuntu SMP Thu Jul 7 21:09:46 UTC 2011 i686
libc:glibc 2.11.1 NPTL 2.11.1 
rlimit: STACK 8192k, CORE 0k, NPROC infinity, NOFILE 1024, AS infinity
load average:0.33 0.65 0.44

/proc/meminfo:
MemTotal:        2836956 kB
MemFree:         1624028 kB
Buffers:           55412 kB
Cached:           546896 kB
SwapCached:            0 kB
Active:           642904 kB
Inactive:         480356 kB
Active(anon):     521292 kB
Inactive(anon):     6240 kB
Active(file):     121612 kB
Inactive(file):   474116 kB
Unevictable:          48 kB
Mlocked:              48 kB
HighTotal:       1973064 kB
HighFree:         874448 kB
LowTotal:         863892 kB
LowFree:          749580 kB
SwapTotal:       3234808 kB
SwapFree:        3234808 kB
Dirty:               184 kB
Writeback:             0 kB
AnonPages:        520888 kB
Mapped:           139400 kB
Shmem:              6584 kB
Slab:              31676 kB
SReclaimable:      20520 kB
SUnreclaim:        11156 kB
KernelStack:        2664 kB
PageTables:         7252 kB
NFS_Unstable:          0 kB
Bounce:                0 kB
WritebackTmp:          0 kB
CommitLimit:     4653284 kB
Committed_AS:    1698392 kB
VmallocTotal:     122880 kB
VmallocUsed:       72928 kB
VmallocChunk:      42364 kB
HardwareCorrupted:     0 kB
HugePages_Total:       0
HugePages_Free:        0
HugePages_Rsvd:        0
HugePages_Surp:        0
Hugepagesize:       4096 kB
DirectMap4k:       12280 kB
DirectMap4M:      897024 kB


CPU:total 2 (2 cores per cpu, 1 threads per core) family 17 model 3 stepping 1, cmov, cx8, fxsr, mmx, sse, sse2, sse3, mmxext, 3dnow, 3dnowext

Memory: 4k page, physical 2836956k(1624028k free), swap 3234808k(3234808k free)

vm_info: OpenJDK Server VM (19.0-b09) for linux-x86 JRE (1.6.0_20-b20), built on Jan 21 2012 08:10:55 by "buildd" with gcc 4.4.3

time: Tue Feb 21 13:37:21 2012
elapsed time: 0 seconds

