#
# A fatal error has been detected by the Java Runtime Environment:
#
#  SIGSEGV (0xb) at pc=0x0013d6c9, pid=10391, tid=3078876016
#
# JRE version: 6.0_20-b20
# Java VM: OpenJDK Server VM (19.0-b09 mixed mode linux-x86 )
# Derivative: IcedTea6 1.9.10
# Distribution: Ubuntu 10.04.1 LTS, package 6b20-1.9.10-0ubuntu1~10.04.3
# Problematic frame:
# C  [libvminfo.so+0x6c9]  read_vm_info+0x69
#
# If you would like to submit a bug report, please include
# instructions how to reproduce the bug and visit:
#   https://bugs.launchpad.net/ubuntu/+source/openjdk-6/
# The crash happened outside the Java Virtual Machine in native code.
# See problematic frame for where to report the bug.
#

---------------  T H R E A D  ---------------

Current thread (0x08a44000):  JavaThread "main" [_thread_in_native, id=10394, stack(0xb77ee000,0xb783f000)]

siginfo:si_signo=SIGSEGV: si_errno=0, si_code=1 (SEGV_MAPERR), si_addr=0x000000a0

Registers:
EAX=0x00000000, EBX=0x813029a0, ECX=0x08afdf88, EDX=0x08afe100
ESP=0xb783df80, EBP=0xb783dfc8, ESI=0x813029a0, EDI=0x08a44000
EIP=0x0013d6c9, CR2=0x000000a0, EFLAGS=0x00010202

Register to memory mapping:

EAX=0x00000000
0x00000000 is pointing to unknown location

EBX=0x813029a0
{method} 
 - klass: {other class}

ECX=0x08afdf88
0x08afdf88 is pointing to unknown location

EDX=0x08afe100
0x08afe100 is pointing to unknown location

ESP=0xb783df80
0xb783df80 is pointing into the stack for thread: 0x08a44000
"main" prio=10 tid=0x08a44000 nid=0x289a runnable [0xb783e000]
   java.lang.Thread.State: RUNNABLE

EBP=0xb783dfc8
0xb783dfc8 is pointing into the stack for thread: 0x08a44000
"main" prio=10 tid=0x08a44000 nid=0x289a runnable [0xb783e000]
   java.lang.Thread.State: RUNNABLE

ESI=0x813029a0
{method} 
 - klass: {other class}

EDI=0x08a44000
"main" prio=10 tid=0x08a44000 nid=0x289a runnable [0xb783e000]
   java.lang.Thread.State: RUNNABLE


Top of Stack: (sp=0xb783df80)
0xb783df80:   08afe100 000000a4 00000001 08afdef0
0xb783df90:   011e282e b47f0688 b783dfb8 0068cff4
0xb783dfa0:   813029a0 08a44000 b783dfc8 08afdef0
0xb783dfb0:   00000000 08afe058 08afe100 0013d978
0xb783dfc0:   813029a0 813029a0 b783e008 0013d808
0xb783dfd0:   0013d978 b783e04c b48002f4 08a44000
0xb783dfe0:   00000000 b783e070 b783e04c b783e04c
0xb783dff0:   813029a0 813029a0 08a44000 b783e03c 

Instructions: (pc=0x0013d6c9)
0x0013d6b9:   45 e8 8b 45 e8 89 45 ec eb 18 8b 45 e8 8b 55 f0
0x0013d6c9:   89 90 a0 00 00 00 8b 45 e8 8b 80 a0 00 00 00 89 

Stack: [0xb77ee000,0xb783f000],  sp=0xb783df80,  free space=319k
Native frames: (J=compiled Java code, j=interpreted, Vv=VM code, C=native code)
C  [libvminfo.so+0x6c9]  read_vm_info+0x69
C  [libvminfo.so+0x808]  Java_FileAccess_VMInfo_fillInfo+0x18
j  FileAccess.VMInfo.fillInfo()V+0
j  FileAccess.VMInfo.main([Ljava/lang/String;)V+9
v  ~StubRoutines::call_stub
V  [libjvm.so+0x387d72]
V  [libjvm.so+0x519369]
V  [libjvm.so+0x386caf]
V  [libjvm.so+0x39214c]
V  [libjvm.so+0x3a11ad]
C  [java+0x321d]  JavaMain+0xd4d
C  [libpthread.so.0+0x596e]

Java frames: (J=compiled Java code, j=interpreted, Vv=VM code)
j  FileAccess.VMInfo.fillInfo()V+0
j  FileAccess.VMInfo.main([Ljava/lang/String;)V+9
v  ~StubRoutines::call_stub

---------------  P R O C E S S  ---------------

Java Threads: ( => current thread )
  0x08ae9000 JavaThread "Low Memory Detector" daemon [_thread_blocked, id=10404, stack(0x8088b000,0x808dc000)]
  0x08ae5800 JavaThread "CompilerThread1" daemon [_thread_blocked, id=10403, stack(0x808dc000,0x8095d000)]
  0x08ae3800 JavaThread "CompilerThread0" daemon [_thread_blocked, id=10402, stack(0x8095d000,0x809de000)]
  0x08ae2400 JavaThread "Signal Dispatcher" daemon [_thread_blocked, id=10401, stack(0x809de000,0x80a2f000)]
  0x08acf000 JavaThread "Finalizer" daemon [_thread_blocked, id=10400, stack(0x80a6e000,0x80abf000)]
  0x08acdc00 JavaThread "Reference Handler" daemon [_thread_blocked, id=10399, stack(0x80abf000,0x80b10000)]
=>0x08a44000 JavaThread "main" [_thread_in_native, id=10394, stack(0xb77ee000,0xb783f000)]

Other Threads:
  0x08ac9c00 VMThread [stack: 0x80b10000,0x80b91000] [id=10398]
  0x08aeac00 WatcherThread [stack: 0x8080a000,0x8088b000] [id=10405]

VM state:not at safepoint (normal execution)

VM Mutex/Monitor currently owned by a thread: None

Heap
 PSYoungGen      total 12992K, used 448K [0xa5fd0000, 0xa6e40000, 0xb4720000)
  eden space 11200K, 4% used [0xa5fd0000,0xa6040060,0xa6ac0000)
  from space 1792K, 0% used [0xa6c80000,0xa6c80000,0xa6e40000)
  to   space 1792K, 0% used [0xa6ac0000,0xa6ac0000,0xa6c80000)
 PSOldGen        total 29568K, used 0K [0x89120000, 0x8ae00000, 0xa5fd0000)
  object space 29568K, 0% used [0x89120000,0x89120000,0x8ae00000)
 PSPermGen       total 16384K, used 1932K [0x81120000, 0x82120000, 0x89120000)
  object space 16384K, 11% used [0x81120000,0x81303018,0x82120000)

Dynamic libraries:
00110000-00113000 r-xp 00000000 08:05 1586197    /usr/lib/jvm/java-6-openjdk/jre/lib/i386/jli/libjli.so
00113000-00114000 r--p 00003000 08:05 1586197    /usr/lib/jvm/java-6-openjdk/jre/lib/i386/jli/libjli.so
00114000-00115000 rw-p 00004000 08:05 1586197    /usr/lib/jvm/java-6-openjdk/jre/lib/i386/jli/libjli.so
00115000-00121000 r-xp 00000000 08:05 1586225    /usr/lib/jvm/java-6-openjdk/jre/lib/i386/libverify.so
00121000-00122000 r--p 0000b000 08:05 1586225    /usr/lib/jvm/java-6-openjdk/jre/lib/i386/libverify.so
00122000-00123000 rw-p 0000c000 08:05 1586225    /usr/lib/jvm/java-6-openjdk/jre/lib/i386/libverify.so
00123000-0012a000 r-xp 00000000 08:05 1586228    /usr/lib/jvm/java-6-openjdk/jre/lib/i386/native_threads/libhpi.so
0012a000-0012b000 r--p 00006000 08:05 1586228    /usr/lib/jvm/java-6-openjdk/jre/lib/i386/native_threads/libhpi.so
0012b000-0012c000 rw-p 00007000 08:05 1586228    /usr/lib/jvm/java-6-openjdk/jre/lib/i386/native_threads/libhpi.so
0012c000-00132000 r-xp 00000000 08:05 527210     /lib/tls/i686/cmov/libnss_compat-2.11.1.so
00132000-00133000 r--p 00006000 08:05 527210     /lib/tls/i686/cmov/libnss_compat-2.11.1.so
00133000-00134000 rw-p 00007000 08:05 527210     /lib/tls/i686/cmov/libnss_compat-2.11.1.so
00134000-0013b000 r-xp 00000000 08:05 1586226    /usr/lib/jvm/java-6-openjdk/jre/lib/i386/libzip.so
0013b000-0013c000 r--p 00006000 08:05 1586226    /usr/lib/jvm/java-6-openjdk/jre/lib/i386/libzip.so
0013c000-0013d000 rw-p 00007000 08:05 1586226    /usr/lib/jvm/java-6-openjdk/jre/lib/i386/libzip.so
0013d000-0013e000 r-xp 00000000 08:05 1592433    /usr/lib/libvminfo.so
0013e000-0013f000 r--p 00000000 08:05 1592433    /usr/lib/libvminfo.so
0013f000-00140000 rw-p 00001000 08:05 1592433    /usr/lib/libvminfo.so
00290000-002a3000 r-xp 00000000 08:05 523463     /lib/libz.so.1.2.3.3
002a3000-002a4000 r--p 00012000 08:05 523463     /lib/libz.so.1.2.3.3
002a4000-002a5000 rw-p 00013000 08:05 523463     /lib/libz.so.1.2.3.3
002c5000-002d8000 r-xp 00000000 08:05 527208     /lib/tls/i686/cmov/libnsl-2.11.1.so
002d8000-002d9000 r--p 00012000 08:05 527208     /lib/tls/i686/cmov/libnsl-2.11.1.so
002d9000-002da000 rw-p 00013000 08:05 527208     /lib/tls/i686/cmov/libnsl-2.11.1.so
002da000-002dc000 rw-p 00000000 00:00 0 
0038a000-00391000 r-xp 00000000 08:05 527227     /lib/tls/i686/cmov/librt-2.11.1.so
00391000-00392000 r--p 00006000 08:05 527227     /lib/tls/i686/cmov/librt-2.11.1.so
00392000-00393000 rw-p 00007000 08:05 527227     /lib/tls/i686/cmov/librt-2.11.1.so
00537000-0068a000 r-xp 00000000 08:05 527197     /lib/tls/i686/cmov/libc-2.11.1.so
0068a000-0068b000 ---p 00153000 08:05 527197     /lib/tls/i686/cmov/libc-2.11.1.so
0068b000-0068d000 r--p 00153000 08:05 527197     /lib/tls/i686/cmov/libc-2.11.1.so
0068d000-0068e000 rw-p 00155000 08:05 527197     /lib/tls/i686/cmov/libc-2.11.1.so
0068e000-00691000 rw-p 00000000 00:00 0 
006c2000-006e6000 r-xp 00000000 08:05 1586209    /usr/lib/jvm/java-6-openjdk/jre/lib/i386/libjava.so
006e6000-006e7000 r--p 00023000 08:05 1586209    /usr/lib/jvm/java-6-openjdk/jre/lib/i386/libjava.so
006e7000-006e9000 rw-p 00024000 08:05 1586209    /usr/lib/jvm/java-6-openjdk/jre/lib/i386/libjava.so
00803000-0080b000 r-xp 00000000 08:05 527218     /lib/tls/i686/cmov/libnss_nis-2.11.1.so
0080b000-0080c000 r--p 00007000 08:05 527218     /lib/tls/i686/cmov/libnss_nis-2.11.1.so
0080c000-0080d000 rw-p 00008000 08:05 527218     /lib/tls/i686/cmov/libnss_nis-2.11.1.so
008c1000-008d6000 r-xp 00000000 08:05 527223     /lib/tls/i686/cmov/libpthread-2.11.1.so
008d6000-008d7000 r--p 00014000 08:05 527223     /lib/tls/i686/cmov/libpthread-2.11.1.so
008d7000-008d8000 rw-p 00015000 08:05 527223     /lib/tls/i686/cmov/libpthread-2.11.1.so
008d8000-008da000 rw-p 00000000 00:00 0 
0095e000-00968000 r-xp 00000000 08:05 527214     /lib/tls/i686/cmov/libnss_files-2.11.1.so
00968000-00969000 r--p 00009000 08:05 527214     /lib/tls/i686/cmov/libnss_files-2.11.1.so
00969000-0096a000 rw-p 0000a000 08:05 527214     /lib/tls/i686/cmov/libnss_files-2.11.1.so
00ad3000-00af7000 r-xp 00000000 08:05 527205     /lib/tls/i686/cmov/libm-2.11.1.so
00af7000-00af8000 r--p 00023000 08:05 527205     /lib/tls/i686/cmov/libm-2.11.1.so
00af8000-00af9000 rw-p 00024000 08:05 527205     /lib/tls/i686/cmov/libm-2.11.1.so
00c43000-00c45000 r-xp 00000000 08:05 527203     /lib/tls/i686/cmov/libdl-2.11.1.so
00c45000-00c46000 r--p 00001000 08:05 527203     /lib/tls/i686/cmov/libdl-2.11.1.so
00c46000-00c47000 rw-p 00002000 08:05 527203     /lib/tls/i686/cmov/libdl-2.11.1.so
00c96000-00cb1000 r-xp 00000000 08:05 523290     /lib/ld-2.11.1.so
00cb1000-00cb2000 r--p 0001a000 08:05 523290     /lib/ld-2.11.1.so
00cb2000-00cb3000 rw-p 0001b000 08:05 523290     /lib/ld-2.11.1.so
00e5d000-00e5e000 r-xp 00000000 00:00 0          [vdso]
00e5e000-01523000 r-xp 00000000 08:05 1586230    /usr/lib/jvm/java-6-openjdk/jre/lib/i386/server/libjvm.so
01523000-01524000 ---p 006c5000 08:05 1586230    /usr/lib/jvm/java-6-openjdk/jre/lib/i386/server/libjvm.so
01524000-01569000 r--p 006c5000 08:05 1586230    /usr/lib/jvm/java-6-openjdk/jre/lib/i386/server/libjvm.so
01569000-01578000 rw-p 0070a000 08:05 1586230    /usr/lib/jvm/java-6-openjdk/jre/lib/i386/server/libjvm.so
01578000-01997000 rw-p 00000000 00:00 0 
08048000-08051000 r-xp 00000000 08:05 1586258    /usr/lib/jvm/java-6-openjdk/jre/bin/java
08051000-08052000 r--p 00008000 08:05 1586258    /usr/lib/jvm/java-6-openjdk/jre/bin/java
08052000-08053000 rw-p 00009000 08:05 1586258    /usr/lib/jvm/java-6-openjdk/jre/bin/java
08a3d000-08b25000 rw-p 00000000 00:00 0          [heap]
8080a000-8080b000 ---p 00000000 00:00 0 
8080b000-8088b000 rw-p 00000000 00:00 0 
8088b000-8088e000 ---p 00000000 00:00 0 
8088e000-808dc000 rw-p 00000000 00:00 0 
808dc000-808df000 ---p 00000000 00:00 0 
808df000-8095d000 rw-p 00000000 00:00 0 
8095d000-80960000 ---p 00000000 00:00 0 
80960000-809de000 rw-p 00000000 00:00 0 
809de000-809e1000 ---p 00000000 00:00 0 
809e1000-80a2f000 rw-p 00000000 00:00 0 
80a2f000-80a6e000 r--p 00000000 08:05 1577945    /usr/lib/locale/en_IN/LC_CTYPE
80a6e000-80a71000 ---p 00000000 00:00 0 
80a71000-80abf000 rw-p 00000000 00:00 0 
80abf000-80ac2000 ---p 00000000 00:00 0 
80ac2000-80b10000 rw-p 00000000 00:00 0 
80b10000-80b11000 ---p 00000000 00:00 0 
80b11000-80b91000 rw-p 00000000 00:00 0 
80b91000-80b93000 r--s 0001d000 08:05 1577596    /usr/lib/jvm/java-6-openjdk/jre/lib/plugin.jar
80b93000-80b98000 r--s 00045000 08:05 1577595    /usr/lib/jvm/java-6-openjdk/jre/lib/netx.jar
80b98000-80bcb000 rw-p 00000000 00:00 0 
80bcb000-80d5a000 r--s 038c4000 08:05 1586189    /usr/lib/jvm/java-6-openjdk/jre/lib/rt.jar
80d5a000-80d5b000 ---p 00000000 00:00 0 
80d5b000-80ddb000 rw-p 00000000 00:00 0 
80ddb000-80ddc000 ---p 00000000 00:00 0 
80ddc000-80e64000 rw-p 00000000 00:00 0 
80e64000-80e9c000 rw-p 00000000 00:00 0 
80e9c000-80eab000 rw-p 00000000 00:00 0 
80eab000-80f84000 rw-p 00000000 00:00 0 
80f84000-80f8c000 rw-p 00000000 00:00 0 
80f8c000-80fc4000 rw-p 00000000 00:00 0 
80fc4000-80fd3000 rw-p 00000000 00:00 0 
80fd3000-810ab000 rw-p 00000000 00:00 0 
810ab000-810b3000 rw-p 00000000 00:00 0 
810b3000-8111f000 rw-p 00000000 00:00 0 
8111f000-82120000 rw-p 00000000 00:00 0 
82120000-89120000 rw-p 00000000 00:00 0 
89120000-8ae00000 rw-p 00000000 00:00 0 
8ae00000-a5fd0000 rw-p 00000000 00:00 0 
a5fd0000-a6e40000 rw-p 00000000 00:00 0 
a6e40000-b4720000 rw-p 00000000 00:00 0 
b4723000-b4725000 rw-p 00000000 00:00 0 
b4725000-b472e000 r--s 00065000 08:05 6219       /usr/share/java/gnome-java-bridge.jar
b472e000-b4737000 rw-p 00000000 00:00 0 
b4737000-b47ee000 rw-p 00000000 00:00 0 
b47ee000-b4a2e000 rwxp 00000000 00:00 0 
b4a2e000-b77ee000 rw-p 00000000 00:00 0 
b77ee000-b77f1000 ---p 00000000 00:00 0 
b77f1000-b7842000 rw-p 00000000 00:00 0 
b7847000-b784a000 r--s 0000f000 08:05 1577575    /usr/lib/jvm/java-6-openjdk/jre/lib/ext/pulse-java.jar
b784a000-b7852000 rw-s 00000000 08:05 663800     /tmp/hsperfdata_root/10391
b7852000-b7853000 rw-p 00000000 00:00 0 
b7853000-b7854000 r--p 00000000 00:00 0 
b7854000-b7856000 rw-p 00000000 00:00 0 
bfc13000-bfc28000 rw-p 00000000 00:00 0          [stack]

VM Arguments:
jvm_args: -Dfile.encoding=UTF-8 
java_command: FileAccess.VMInfo
Launcher Type: SUN_STANDARD

Environment Variables:
PATH=/usr/local/sbin:/usr/local/bin:/usr/sbin:/usr/bin:/sbin:/bin:/usr/games
USERNAME=root
LD_LIBRARY_PATH=/usr/lib/jvm/java-6-openjdk/jre/lib/i386/server:/usr/lib/jvm/java-6-openjdk/jre/lib/i386:/usr/lib/jvm/java-6-openjdk/jre/../lib/i386:/usr/lib/jvm/java-6-openjdk/jre/lib/i386/client:/usr/lib/jvm/java-6-openjdk/jre/lib/i386:/usr/lib/jvm/java-6-openjdk/jre/../lib/i386
SHELL=/bin/bash
DISPLAY=:0.0

Signal Handlers:
SIGSEGV: [libjvm.so+0x64a040], sa_mask[0]=0x7ffbfeff, sa_flags=0x10000004
SIGBUS: [libjvm.so+0x64a040], sa_mask[0]=0x7ffbfeff, sa_flags=0x10000004
SIGFPE: [libjvm.so+0x51c0d0], sa_mask[0]=0x7ffbfeff, sa_flags=0x10000004
SIGPIPE: [libjvm.so+0x51c0d0], sa_mask[0]=0x7ffbfeff, sa_flags=0x10000004
SIGXFSZ: [libjvm.so+0x51c0d0], sa_mask[0]=0x7ffbfeff, sa_flags=0x10000004
SIGILL: [libjvm.so+0x51c0d0], sa_mask[0]=0x7ffbfeff, sa_flags=0x10000004
SIGUSR1: SIG_DFL, sa_mask[0]=0x00000000, sa_flags=0x00000000
SIGUSR2: [libjvm.so+0x51b780], sa_mask[0]=0x00000004, sa_flags=0x10000004
SIGHUP: [libjvm.so+0x51e2f0], sa_mask[0]=0x7ffbfeff, sa_flags=0x10000004
SIGINT: SIG_IGN, sa_mask[0]=0x00000000, sa_flags=0x00000000
SIGTERM: [libjvm.so+0x51e2f0], sa_mask[0]=0x7ffbfeff, sa_flags=0x10000004
SIGQUIT: [libjvm.so+0x51e2f0], sa_mask[0]=0x7ffbfeff, sa_flags=0x10000004


---------------  S Y S T E M  ---------------

OS:Ubuntu 10.04 (lucid)
uname:Linux 2.6.32-33-generic #70-Ubuntu SMP Thu Jul 7 21:09:46 UTC 2011 i686
libc:glibc 2.11.1 NPTL 2.11.1 
rlimit: STACK 8192k, CORE 0k, NPROC infinity, NOFILE 1024, AS infinity
load average:0.95 0.92 0.82

/proc/meminfo:
MemTotal:        2836956 kB
MemFree:         1568516 kB
Buffers:           53344 kB
Cached:           413628 kB
SwapCached:       108148 kB
Active:           356332 kB
Inactive:         817956 kB
Active(anon):     138540 kB
Inactive(anon):   576784 kB
Active(file):     217792 kB
Inactive(file):   241172 kB
Unevictable:           0 kB
Mlocked:               0 kB
HighTotal:       1973064 kB
HighFree:         810468 kB
LowTotal:         863892 kB
LowFree:          758048 kB
SwapTotal:       3234808 kB
SwapFree:        3059084 kB
Dirty:               136 kB
Writeback:             0 kB
AnonPages:        631900 kB
Mapped:           120748 kB
Shmem:              7940 kB
Slab:              25344 kB
SReclaimable:      13752 kB
SUnreclaim:        11592 kB
KernelStack:        2824 kB
PageTables:         7200 kB
NFS_Unstable:          0 kB
Bounce:                0 kB
WritebackTmp:          0 kB
CommitLimit:     4653284 kB
Committed_AS:    1809164 kB
VmallocTotal:     122880 kB
VmallocUsed:       73304 kB
VmallocChunk:      27796 kB
HardwareCorrupted:     0 kB
HugePages_Total:       0
HugePages_Free:        0
HugePages_Rsvd:        0
HugePages_Surp:        0
Hugepagesize:       4096 kB
DirectMap4k:       12280 kB
DirectMap4M:      897024 kB


CPU:total 2 (2 cores per cpu, 1 threads per core) family 17 model 3 stepping 1, cmov, cx8, fxsr, mmx, sse, sse2, sse3, mmxext, 3dnow, 3dnowext

Memory: 4k page, physical 2836956k(1568516k free), swap 3234808k(3059084k free)

vm_info: OpenJDK Server VM (19.0-b09) for linux-x86 JRE (1.6.0_20-b20), built on Jan 21 2012 08:10:55 by "buildd" with gcc 4.4.3

time: Fri Mar 23 01:05:50 2012
elapsed time: 0 seconds

