#
# A fatal error has been detected by the Java Runtime Environment:
#
#  SIGSEGV (0xb) at pc=0x00743259, pid=6159, tid=3077766000
#
# JRE version: 6.0_20-b20
# Java VM: OpenJDK Server VM (19.0-b09 mixed mode linux-x86 )
# Derivative: IcedTea6 1.9.10
# Distribution: Ubuntu 10.04.1 LTS, package 6b20-1.9.10-0ubuntu1~10.04.3
# Problematic frame:
# C  [libbytestransfer.so+0x7259]  set_rule+0x1f
#
# If you would like to submit a bug report, please include
# instructions how to reproduce the bug and visit:
#   https://bugs.launchpad.net/ubuntu/+source/openjdk-6/
# The crash happened outside the Java Virtual Machine in native code.
# See problematic frame for where to report the bug.
#

---------------  T H R E A D  ---------------

Current thread (0x08be4000):  JavaThread "main" [_thread_in_native, id=6161, stack(0xb76df000,0xb7730000)]

siginfo:si_signo=SIGSEGV: si_errno=0, si_code=1 (SEGV_MAPERR), si_addr=0x00000011

Registers:
EAX=0xffffffff, EBX=0x811f2d50, ECX=0x00000000, EDX=0x00000011
ESP=0xb772eea8, EBP=0xb772eeb8, ESI=0x811f2d50, EDI=0x08be4000
EIP=0x00743259, CR2=0x00000011, EFLAGS=0x00010246

Register to memory mapping:

EAX=0xffffffff
0xffffffff is pointing to unknown location

EBX=0x811f2d50
{method} 
 - klass: {other class}

ECX=0x00000000
0x00000000 is pointing to unknown location

EDX=0x00000011
0x00000011 is pointing to unknown location

ESP=0xb772eea8
0xb772eea8 is pointing into the stack for thread: 0x08be4000
"main" prio=10 tid=0x08be4000 nid=0x1811 runnable [0xb772f000]
   java.lang.Thread.State: RUNNABLE

EBP=0xb772eeb8
0xb772eeb8 is pointing into the stack for thread: 0x08be4000
"main" prio=10 tid=0x08be4000 nid=0x1811 runnable [0xb772f000]
   java.lang.Thread.State: RUNNABLE

ESI=0x811f2d50
{method} 
 - klass: {other class}

EDI=0x08be4000
"main" prio=10 tid=0x08be4000 nid=0x1811 runnable [0xb772f000]
   java.lang.Thread.State: RUNNABLE


Top of Stack: (sp=0xb772eea8)
0xb772eea8:   00000128 811f2d50 811f2d50 00000000
0xb772eeb8:   b772efa8 007432dd b772ef60 ffffffff
0xb772eec8:   b772ef18 012e360b 80800010 00000010
0xb772eed8:   b772ef18 00400ff4 80800010 08be29a0
0xb772eee8:   b772ef08 0031af9c 08bee3d0 0000006f
0xb772eef8:   08be4490 013bdff4 00000011 08be29a0
0xb772ef08:   b772ef38 011ca728 00000011 08be29a0
0xb772ef18:   b772ef38 010377de 811f436c 00000010 

Instructions: (pc=0x00743259)
0x00743249:   8b 45 08 8b 00 8b 55 fc 01 d2 8d 14 10 8b 45 0c
0x00743259:   66 89 02 8b 45 08 8b 40 04 8b 55 fc 01 d2 8d 14 

Stack: [0xb76df000,0xb7730000],  sp=0xb772eea8,  free space=319k
Native frames: (J=compiled Java code, j=interpreted, Vv=VM code, C=native code)
C  [libbytestransfer.so+0x7259]  set_rule+0x1f
C  [libbytestransfer.so+0x72dd]  get_hourly_transfer+0x36
C  [libbytestransfer.so+0x772b]  Java_FileAccess_datatransfer_fillData+0x341
j  FileAccess.datatransfer.fillData()V+0
j  FileAccess.datatransfer.main([Ljava/lang/String;)V+72
v  ~StubRoutines::call_stub
V  [libjvm.so+0x387d72]
V  [libjvm.so+0x519369]
V  [libjvm.so+0x386caf]
V  [libjvm.so+0x39214c]
V  [libjvm.so+0x3a11ad]
C  [java+0x321d]  JavaMain+0xd4d
C  [libpthread.so.0+0x596e]

Java frames: (J=compiled Java code, j=interpreted, Vv=VM code)
j  FileAccess.datatransfer.fillData()V+0
j  FileAccess.datatransfer.main([Ljava/lang/String;)V+72
v  ~StubRoutines::call_stub

---------------  P R O C E S S  ---------------

Java Threads: ( => current thread )
  0x80814400 JavaThread "Low Memory Detector" daemon [_thread_blocked, id=6172, stack(0x8065c000,0x806ad000)]
  0x80812400 JavaThread "CompilerThread1" daemon [_thread_blocked, id=6171, stack(0x806ad000,0x8072e000)]
  0x80810400 JavaThread "CompilerThread0" daemon [_thread_blocked, id=6170, stack(0x8072e000,0x807af000)]
  0x8080ec00 JavaThread "Signal Dispatcher" daemon [_thread_blocked, id=6169, stack(0x807af000,0x80800000)]
  0x08c6f400 JavaThread "Finalizer" daemon [_thread_blocked, id=6168, stack(0x8095e000,0x809af000)]
  0x08c6dc00 JavaThread "Reference Handler" daemon [_thread_blocked, id=6167, stack(0x809af000,0x80a00000)]
=>0x08be4000 JavaThread "main" [_thread_in_native, id=6161, stack(0xb76df000,0xb7730000)]

Other Threads:
  0x08c69c00 VMThread [stack: 0x80a00000,0x80a81000] [id=6166]
  0x80816000 WatcherThread [stack: 0x805db000,0x8065c000] [id=6173]

VM state:not at safepoint (normal execution)

VM Mutex/Monitor currently owned by a thread: None

Heap
 PSYoungGen      total 12992K, used 448K [0xa5ec0000, 0xa6d30000, 0xb4610000)
  eden space 11200K, 4% used [0xa5ec0000,0xa5f30068,0xa69b0000)
  from space 1792K, 0% used [0xa6b70000,0xa6b70000,0xa6d30000)
  to   space 1792K, 0% used [0xa69b0000,0xa69b0000,0xa6b70000)
 PSOldGen        total 29568K, used 0K [0x89010000, 0x8acf0000, 0xa5ec0000)
  object space 29568K, 0% used [0x89010000,0x89010000,0x8acf0000)
 PSPermGen       total 16384K, used 1936K [0x81010000, 0x82010000, 0x89010000)
  object space 16384K, 11% used [0x81010000,0x811f43d8,0x82010000)

Dynamic libraries:
00113000-00115000 r-xp 00000000 08:05 527203     /lib/tls/i686/cmov/libdl-2.11.1.so
00115000-00116000 r--p 00001000 08:05 527203     /lib/tls/i686/cmov/libdl-2.11.1.so
00116000-00117000 rw-p 00002000 08:05 527203     /lib/tls/i686/cmov/libdl-2.11.1.so
00117000-0011e000 r-xp 00000000 08:05 527227     /lib/tls/i686/cmov/librt-2.11.1.so
0011e000-0011f000 r--p 00006000 08:05 527227     /lib/tls/i686/cmov/librt-2.11.1.so
0011f000-00120000 rw-p 00007000 08:05 527227     /lib/tls/i686/cmov/librt-2.11.1.so
00120000-0012c000 r-xp 00000000 08:05 1586225    /usr/lib/jvm/java-6-openjdk/jre/lib/i386/libverify.so
0012c000-0012d000 r--p 0000b000 08:05 1586225    /usr/lib/jvm/java-6-openjdk/jre/lib/i386/libverify.so
0012d000-0012e000 rw-p 0000c000 08:05 1586225    /usr/lib/jvm/java-6-openjdk/jre/lib/i386/libverify.so
0012e000-00135000 r-xp 00000000 08:05 1586228    /usr/lib/jvm/java-6-openjdk/jre/lib/i386/native_threads/libhpi.so
00135000-00136000 r--p 00006000 08:05 1586228    /usr/lib/jvm/java-6-openjdk/jre/lib/i386/native_threads/libhpi.so
00136000-00137000 rw-p 00007000 08:05 1586228    /usr/lib/jvm/java-6-openjdk/jre/lib/i386/native_threads/libhpi.so
00137000-00141000 r-xp 00000000 08:05 527214     /lib/tls/i686/cmov/libnss_files-2.11.1.so
00141000-00142000 r--p 00009000 08:05 527214     /lib/tls/i686/cmov/libnss_files-2.11.1.so
00142000-00143000 rw-p 0000a000 08:05 527214     /lib/tls/i686/cmov/libnss_files-2.11.1.so
00143000-0014a000 r-xp 00000000 08:05 1586226    /usr/lib/jvm/java-6-openjdk/jre/lib/i386/libzip.so
0014a000-0014b000 r--p 00006000 08:05 1586226    /usr/lib/jvm/java-6-openjdk/jre/lib/i386/libzip.so
0014b000-0014c000 rw-p 00007000 08:05 1586226    /usr/lib/jvm/java-6-openjdk/jre/lib/i386/libzip.so
001df000-00203000 r-xp 00000000 08:05 527205     /lib/tls/i686/cmov/libm-2.11.1.so
00203000-00204000 r--p 00023000 08:05 527205     /lib/tls/i686/cmov/libm-2.11.1.so
00204000-00205000 rw-p 00024000 08:05 527205     /lib/tls/i686/cmov/libm-2.11.1.so
00250000-00251000 r-xp 00000000 00:00 0          [vdso]
002a6000-002a9000 r-xp 00000000 08:05 1586197    /usr/lib/jvm/java-6-openjdk/jre/lib/i386/jli/libjli.so
002a9000-002aa000 r--p 00003000 08:05 1586197    /usr/lib/jvm/java-6-openjdk/jre/lib/i386/jli/libjli.so
002aa000-002ab000 rw-p 00004000 08:05 1586197    /usr/lib/jvm/java-6-openjdk/jre/lib/i386/jli/libjli.so
002ab000-003fe000 r-xp 00000000 08:05 527197     /lib/tls/i686/cmov/libc-2.11.1.so
003fe000-003ff000 ---p 00153000 08:05 527197     /lib/tls/i686/cmov/libc-2.11.1.so
003ff000-00401000 r--p 00153000 08:05 527197     /lib/tls/i686/cmov/libc-2.11.1.so
00401000-00402000 rw-p 00155000 08:05 527197     /lib/tls/i686/cmov/libc-2.11.1.so
00402000-00405000 rw-p 00000000 00:00 0 
005d8000-005ed000 r-xp 00000000 08:05 527223     /lib/tls/i686/cmov/libpthread-2.11.1.so
005ed000-005ee000 r--p 00014000 08:05 527223     /lib/tls/i686/cmov/libpthread-2.11.1.so
005ee000-005ef000 rw-p 00015000 08:05 527223     /lib/tls/i686/cmov/libpthread-2.11.1.so
005ef000-005f1000 rw-p 00000000 00:00 0 
0073c000-00745000 r-xp 00000000 08:05 1592432    /usr/lib/libbytestransfer.so
00745000-00746000 r--p 00008000 08:05 1592432    /usr/lib/libbytestransfer.so
00746000-00747000 rw-p 00009000 08:05 1592432    /usr/lib/libbytestransfer.so
0077f000-00792000 r-xp 00000000 08:05 523463     /lib/libz.so.1.2.3.3
00792000-00793000 r--p 00012000 08:05 523463     /lib/libz.so.1.2.3.3
00793000-00794000 rw-p 00013000 08:05 523463     /lib/libz.so.1.2.3.3
008c7000-008da000 r-xp 00000000 08:05 527208     /lib/tls/i686/cmov/libnsl-2.11.1.so
008da000-008db000 r--p 00012000 08:05 527208     /lib/tls/i686/cmov/libnsl-2.11.1.so
008db000-008dc000 rw-p 00013000 08:05 527208     /lib/tls/i686/cmov/libnsl-2.11.1.so
008dc000-008de000 rw-p 00000000 00:00 0 
009ce000-009f2000 r-xp 00000000 08:05 1586209    /usr/lib/jvm/java-6-openjdk/jre/lib/i386/libjava.so
009f2000-009f3000 r--p 00023000 08:05 1586209    /usr/lib/jvm/java-6-openjdk/jre/lib/i386/libjava.so
009f3000-009f5000 rw-p 00024000 08:05 1586209    /usr/lib/jvm/java-6-openjdk/jre/lib/i386/libjava.so
009f9000-009ff000 r-xp 00000000 08:05 527210     /lib/tls/i686/cmov/libnss_compat-2.11.1.so
009ff000-00a00000 r--p 00006000 08:05 527210     /lib/tls/i686/cmov/libnss_compat-2.11.1.so
00a00000-00a01000 rw-p 00007000 08:05 527210     /lib/tls/i686/cmov/libnss_compat-2.11.1.so
00b34000-00b3c000 r-xp 00000000 08:05 527218     /lib/tls/i686/cmov/libnss_nis-2.11.1.so
00b3c000-00b3d000 r--p 00007000 08:05 527218     /lib/tls/i686/cmov/libnss_nis-2.11.1.so
00b3d000-00b3e000 rw-p 00008000 08:05 527218     /lib/tls/i686/cmov/libnss_nis-2.11.1.so
00c96000-00cb1000 r-xp 00000000 08:05 523290     /lib/ld-2.11.1.so
00cb1000-00cb2000 r--p 0001a000 08:05 523290     /lib/ld-2.11.1.so
00cb2000-00cb3000 rw-p 0001b000 08:05 523290     /lib/ld-2.11.1.so
00cb3000-01378000 r-xp 00000000 08:05 1586230    /usr/lib/jvm/java-6-openjdk/jre/lib/i386/server/libjvm.so
01378000-01379000 ---p 006c5000 08:05 1586230    /usr/lib/jvm/java-6-openjdk/jre/lib/i386/server/libjvm.so
01379000-013be000 r--p 006c5000 08:05 1586230    /usr/lib/jvm/java-6-openjdk/jre/lib/i386/server/libjvm.so
013be000-013cd000 rw-p 0070a000 08:05 1586230    /usr/lib/jvm/java-6-openjdk/jre/lib/i386/server/libjvm.so
013cd000-017ec000 rw-p 00000000 00:00 0 
08048000-08051000 r-xp 00000000 08:05 1586258    /usr/lib/jvm/java-6-openjdk/jre/bin/java
08051000-08052000 r--p 00008000 08:05 1586258    /usr/lib/jvm/java-6-openjdk/jre/bin/java
08052000-08053000 rw-p 00009000 08:05 1586258    /usr/lib/jvm/java-6-openjdk/jre/bin/java
08bdd000-08c8a000 rw-p 00000000 00:00 0          [heap]
805db000-805dc000 ---p 00000000 00:00 0 
805dc000-8065c000 rw-p 00000000 00:00 0 
8065c000-8065f000 ---p 00000000 00:00 0 
8065f000-806ad000 rw-p 00000000 00:00 0 
806ad000-806b0000 ---p 00000000 00:00 0 
806b0000-8072e000 rw-p 00000000 00:00 0 
8072e000-80731000 ---p 00000000 00:00 0 
80731000-807af000 rw-p 00000000 00:00 0 
807af000-807b2000 ---p 00000000 00:00 0 
807b2000-80800000 rw-p 00000000 00:00 0 
80800000-80831000 rw-p 00000000 00:00 0 
80831000-80900000 ---p 00000000 00:00 0 
8091f000-8095e000 r--p 00000000 08:05 1577945    /usr/lib/locale/en_IN/LC_CTYPE
8095e000-80961000 ---p 00000000 00:00 0 
80961000-809af000 rw-p 00000000 00:00 0 
809af000-809b2000 ---p 00000000 00:00 0 
809b2000-80a00000 rw-p 00000000 00:00 0 
80a00000-80a01000 ---p 00000000 00:00 0 
80a01000-80a81000 rw-p 00000000 00:00 0 
80a81000-80a83000 r--s 0001d000 08:05 1577596    /usr/lib/jvm/java-6-openjdk/jre/lib/plugin.jar
80a83000-80a88000 r--s 00045000 08:05 1577595    /usr/lib/jvm/java-6-openjdk/jre/lib/netx.jar
80a88000-80abb000 rw-p 00000000 00:00 0 
80abb000-80c4a000 r--s 038c4000 08:05 1586189    /usr/lib/jvm/java-6-openjdk/jre/lib/rt.jar
80c4a000-80c4b000 ---p 00000000 00:00 0 
80c4b000-80ccb000 rw-p 00000000 00:00 0 
80ccb000-80ccc000 ---p 00000000 00:00 0 
80ccc000-80d54000 rw-p 00000000 00:00 0 
80d54000-80d8c000 rw-p 00000000 00:00 0 
80d8c000-80d9b000 rw-p 00000000 00:00 0 
80d9b000-80e74000 rw-p 00000000 00:00 0 
80e74000-80e7c000 rw-p 00000000 00:00 0 
80e7c000-80eb4000 rw-p 00000000 00:00 0 
80eb4000-80ec3000 rw-p 00000000 00:00 0 
80ec3000-80f9b000 rw-p 00000000 00:00 0 
80f9b000-80fa3000 rw-p 00000000 00:00 0 
80fa3000-8100f000 rw-p 00000000 00:00 0 
8100f000-82010000 rw-p 00000000 00:00 0 
82010000-89010000 rw-p 00000000 00:00 0 
89010000-8acf0000 rw-p 00000000 00:00 0 
8acf0000-a5ec0000 rw-p 00000000 00:00 0 
a5ec0000-a6d30000 rw-p 00000000 00:00 0 
a6d30000-b4610000 rw-p 00000000 00:00 0 
b4615000-b4616000 rw-p 00000000 00:00 0 
b4616000-b461f000 r--s 00065000 08:05 6219       /usr/share/java/gnome-java-bridge.jar
b461f000-b4628000 rw-p 00000000 00:00 0 
b4628000-b46df000 rw-p 00000000 00:00 0 
b46df000-b491f000 rwxp 00000000 00:00 0 
b491f000-b76df000 rw-p 00000000 00:00 0 
b76df000-b76e2000 ---p 00000000 00:00 0 
b76e2000-b7733000 rw-p 00000000 00:00 0 
b7738000-b773b000 r--s 0000f000 08:05 1577575    /usr/lib/jvm/java-6-openjdk/jre/lib/ext/pulse-java.jar
b773b000-b7743000 rw-s 00000000 08:05 663848     /tmp/hsperfdata_root/6159
b7743000-b7744000 rw-p 00000000 00:00 0 
b7744000-b7745000 r--p 00000000 00:00 0 
b7745000-b7747000 rw-p 00000000 00:00 0 
bfd77000-bfd8c000 rw-p 00000000 00:00 0          [stack]

VM Arguments:
jvm_args: -Dfile.encoding=UTF-8 
java_command: FileAccess.datatransfer
Launcher Type: SUN_STANDARD

Environment Variables:
PATH=/usr/local/sbin:/usr/local/bin:/usr/sbin:/usr/bin:/sbin:/bin:/usr/games
USERNAME=root
LD_LIBRARY_PATH=/usr/lib/jvm/java-6-openjdk/jre/lib/i386/server:/usr/lib/jvm/java-6-openjdk/jre/lib/i386:/usr/lib/jvm/java-6-openjdk/jre/../lib/i386:/usr/lib/jvm/java-6-openjdk/jre/lib/i386/client:/usr/lib/jvm/java-6-openjdk/jre/lib/i386:/usr/lib/jvm/java-6-openjdk/jre/../lib/i386
SHELL=/bin/bash
DISPLAY=:0.0

Signal Handlers:
SIGSEGV: [libjvm.so+0x64a040], sa_mask[0]=0x7ffbfeff, sa_flags=0x10000004
SIGBUS: [libjvm.so+0x64a040], sa_mask[0]=0x7ffbfeff, sa_flags=0x10000004
SIGFPE: [libjvm.so+0x51c0d0], sa_mask[0]=0x7ffbfeff, sa_flags=0x10000004
SIGPIPE: [libjvm.so+0x51c0d0], sa_mask[0]=0x7ffbfeff, sa_flags=0x10000004
SIGXFSZ: [libjvm.so+0x51c0d0], sa_mask[0]=0x7ffbfeff, sa_flags=0x10000004
SIGILL: [libjvm.so+0x51c0d0], sa_mask[0]=0x7ffbfeff, sa_flags=0x10000004
SIGUSR1: SIG_DFL, sa_mask[0]=0x00000000, sa_flags=0x00000000
SIGUSR2: [libjvm.so+0x51b780], sa_mask[0]=0x00000004, sa_flags=0x10000004
SIGHUP: [libjvm.so+0x51e2f0], sa_mask[0]=0x7ffbfeff, sa_flags=0x10000004
SIGINT: SIG_IGN, sa_mask[0]=0x00000000, sa_flags=0x00000000
SIGTERM: [libjvm.so+0x51e2f0], sa_mask[0]=0x7ffbfeff, sa_flags=0x10000004
SIGQUIT: [libjvm.so+0x51e2f0], sa_mask[0]=0x7ffbfeff, sa_flags=0x10000004


---------------  S Y S T E M  ---------------

OS:Ubuntu 10.04 (lucid)
uname:Linux 2.6.32-33-generic #70-Ubuntu SMP Thu Jul 7 21:09:46 UTC 2011 i686
libc:glibc 2.11.1 NPTL 2.11.1 
rlimit: STACK 8192k, CORE 0k, NPROC infinity, NOFILE 1024, AS infinity
load average:0.79 0.81 0.74

/proc/meminfo:
MemTotal:        2836956 kB
MemFree:         1103344 kB
Buffers:           86652 kB
Cached:           684444 kB
SwapCached:            0 kB
Active:          1080860 kB
Inactive:         554984 kB
Active(anon):     865168 kB
Inactive(anon):     8012 kB
Active(file):     215692 kB
Inactive(file):   546972 kB
Unevictable:          16 kB
Mlocked:              16 kB
HighTotal:       1973064 kB
HighFree:         392212 kB
LowTotal:         863892 kB
LowFree:          711132 kB
SwapTotal:       3234808 kB
SwapFree:        3234808 kB
Dirty:               176 kB
Writeback:             0 kB
AnonPages:        864760 kB
Mapped:           163108 kB
Shmem:              8436 kB
Slab:              38300 kB
SReclaimable:      26652 kB
SUnreclaim:        11648 kB
KernelStack:        3032 kB
PageTables:         8144 kB
NFS_Unstable:          0 kB
Bounce:                0 kB
WritebackTmp:          0 kB
CommitLimit:     4653284 kB
Committed_AS:    2100996 kB
VmallocTotal:     122880 kB
VmallocUsed:       73204 kB
VmallocChunk:      27796 kB
HardwareCorrupted:     0 kB
HugePages_Total:       0
HugePages_Free:        0
HugePages_Rsvd:        0
HugePages_Surp:        0
Hugepagesize:       4096 kB
DirectMap4k:       12280 kB
DirectMap4M:      897024 kB


CPU:total 2 (2 cores per cpu, 1 threads per core) family 17 model 3 stepping 1, cmov, cx8, fxsr, mmx, sse, sse2, sse3, mmxext, 3dnow, 3dnowext

Memory: 4k page, physical 2836956k(1103344k free), swap 3234808k(3234808k free)

vm_info: OpenJDK Server VM (19.0-b09) for linux-x86 JRE (1.6.0_20-b20), built on Jan 21 2012 08:10:55 by "buildd" with gcc 4.4.3

time: Thu Mar 22 20:13:05 2012
elapsed time: 0 seconds

