#
# A fatal error has been detected by the Java Runtime Environment:
#
#  SIGSEGV (0xb) at pc=0x002dafc6, pid=3605, tid=3079469936
#
# JRE version: 6.0_20-b20
# Java VM: OpenJDK Server VM (19.0-b09 mixed mode linux-x86 )
# Derivative: IcedTea6 1.9.10
# Distribution: Ubuntu 10.04.1 LTS, package 6b20-1.9.10-0ubuntu1~10.04.3
# Problematic frame:
# C  [libc.so.6+0x74fc6]
#
# If you would like to submit a bug report, please include
# instructions how to reproduce the bug and visit:
#   https://bugs.launchpad.net/ubuntu/+source/openjdk-6/
# The crash happened outside the Java Virtual Machine in native code.
# See problematic frame for where to report the bug.
#

---------------  T H R E A D  ---------------

Current thread (0x089c1000):  JavaThread "main" [_thread_in_native, id=3607, stack(0xb787f000,0xb78d0000)]

siginfo:si_signo=SIGSEGV: si_errno=0, si_code=1 (SEGV_MAPERR), si_addr=0x00000000

Registers:
EAX=0x00000002, EBX=0xb78ceaf8, ECX=0x2de33b4a, EDX=0xb78ceb8c
ESP=0xb78cea48, EBP=0xb78cea88, ESI=0x00000000, EDI=0x00000000
EIP=0x002dafc6, CR2=0x00000000, EFLAGS=0x00010202

Register to memory mapping:

EAX=0x00000002
0x00000002 is pointing to unknown location

EBX=0xb78ceaf8
0xb78ceaf8 is pointing into the stack for thread: 0x089c1000
"main" prio=10 tid=0x089c1000 nid=0xe17 runnable [0xb78ce000]
   java.lang.Thread.State: RUNNABLE

ECX=0x2de33b4a
0x2de33b4a is pointing to unknown location

EDX=0xb78ceb8c
0xb78ceb8c is pointing into the stack for thread: 0x089c1000
"main" prio=10 tid=0x089c1000 nid=0xe17 runnable [0xb78ce000]
   java.lang.Thread.State: RUNNABLE

ESP=0xb78cea48
0xb78cea48 is pointing into the stack for thread: 0x089c1000
"main" prio=10 tid=0x089c1000 nid=0xe17 runnable [0xb78ce000]
   java.lang.Thread.State: RUNNABLE

EBP=0xb78cea88
0xb78cea88 is pointing into the stack for thread: 0x089c1000
"main" prio=10 tid=0x089c1000 nid=0xe17 runnable [0xb78ce000]
   java.lang.Thread.State: RUNNABLE

ESI=0x00000000
0x00000000 is pointing to unknown location

EDI=0x00000000
0x00000000 is pointing to unknown location


Top of Stack: (sp=0xb78cea48)
0xb78cea48:   80b1c6bc 001a0cad 00000000 00000000
0xb78cea58:   b78ced2a 003bbff4 80b00010 00000000
0xb78cea68:   b78cea88 80b1c628 b78cea88 002ad1db
0xb78cea78:   81393410 81393410 81393410 089c1000
0xb78cea88:   b78ced78 001a1bf1 b78ceaf8 00000000
0xb78cea98:   b78ced2a 00000000 0000ffff 00000001
0xb78ceaa8:   001a5d75 b78cebc8 b78cead8 002d0c22
0xb78ceab8:   001a5c08 80b17558 b78ceaf4 b78ced2a 

Instructions: (pc=0x002dafc6)
0x002dafb6:   00 00 00 74 02 a4 49 50 89 c8 c1 e9 02 83 e0 03
0x002dafc6:   f3 a5 89 c1 f3 a4 58 89 c7 89 d6 8b 44 24 04 c3 

Stack: [0xb787f000,0xb78d0000],  sp=0xb78cea48,  free space=318k
Native frames: (J=compiled Java code, j=interpreted, Vv=VM code, C=native code)
C  [libc.so.6+0x74fc6]
C  [libpacketlib.so+0x3bf1]  traverse_flow_list+0x331
C  [libpacketlib.so+0x3dbe]  get_flow_packets+0x9c
C  [libpacketlib.so+0x4848]  fill_flow_packets+0x6f
C  [libpacketlib.so+0x20d0]  Java_FileAccess_GetPacket_fillpackets+0x110
j  FileAccess.GetPacket.fillpackets()V+0
j  FileAccess.GetPacket.main([Ljava/lang/String;)V+148
v  ~StubRoutines::call_stub
V  [libjvm.so+0x387d72]
V  [libjvm.so+0x519369]
V  [libjvm.so+0x386caf]
V  [libjvm.so+0x39214c]
V  [libjvm.so+0x3a11ad]
C  [java+0x321d]  JavaMain+0xd4d
C  [libpthread.so.0+0x596e]

Java frames: (J=compiled Java code, j=interpreted, Vv=VM code)
j  FileAccess.GetPacket.fillpackets()V+0
j  FileAccess.GetPacket.main([Ljava/lang/String;)V+148
v  ~StubRoutines::call_stub

---------------  P R O C E S S  ---------------

Java Threads: ( => current thread )
  0x80b04800 JavaThread "Low Memory Detector" daemon [_thread_blocked, id=3618, stack(0x807fa000,0x8084b000)]
  0x80b02800 JavaThread "CompilerThread1" daemon [_thread_blocked, id=3617, stack(0x8084b000,0x808cc000)]
  0x80b00800 JavaThread "CompilerThread0" daemon [_thread_blocked, id=3616, stack(0x808cc000,0x8094d000)]
  0x08a5f400 JavaThread "Signal Dispatcher" daemon [_thread_blocked, id=3615, stack(0x8094d000,0x8099e000)]
  0x08a4c000 JavaThread "Finalizer" daemon [_thread_blocked, id=3614, stack(0x809dd000,0x80a2e000)]
  0x08a4ac00 JavaThread "Reference Handler" daemon [_thread_blocked, id=3613, stack(0x80a2e000,0x80a7f000)]
=>0x089c1000 JavaThread "main" [_thread_in_native, id=3607, stack(0xb787f000,0xb78d0000)]

Other Threads:
  0x08a46c00 VMThread [stack: 0x80a7f000,0x80b00000] [id=3612]
  0x80b06800 WatcherThread [stack: 0x80779000,0x807fa000] [id=3619]

VM state:not at safepoint (normal execution)

VM Mutex/Monitor currently owned by a thread: None

Heap
 PSYoungGen      total 12992K, used 448K [0xa6060000, 0xa6ed0000, 0xb47b0000)
  eden space 11200K, 4% used [0xa6060000,0xa60d0028,0xa6b50000)
  from space 1792K, 0% used [0xa6d10000,0xa6d10000,0xa6ed0000)
  to   space 1792K, 0% used [0xa6b50000,0xa6b50000,0xa6d10000)
 PSOldGen        total 29568K, used 0K [0x891b0000, 0x8ae90000, 0xa6060000)
  object space 29568K, 0% used [0x891b0000,0x891b0000,0x8ae90000)
 PSPermGen       total 16384K, used 1951K [0x811b0000, 0x821b0000, 0x891b0000)
  object space 16384K, 11% used [0x811b0000,0x81397fc8,0x821b0000)

Dynamic libraries:
00110000-00117000 r-xp 00000000 08:05 527227     /lib/tls/i686/cmov/librt-2.11.1.so
00117000-00118000 r--p 00006000 08:05 527227     /lib/tls/i686/cmov/librt-2.11.1.so
00118000-00119000 rw-p 00007000 08:05 527227     /lib/tls/i686/cmov/librt-2.11.1.so
00119000-00125000 r-xp 00000000 08:05 1586225    /usr/lib/jvm/java-6-openjdk/jre/lib/i386/libverify.so
00125000-00126000 r--p 0000b000 08:05 1586225    /usr/lib/jvm/java-6-openjdk/jre/lib/i386/libverify.so
00126000-00127000 rw-p 0000c000 08:05 1586225    /usr/lib/jvm/java-6-openjdk/jre/lib/i386/libverify.so
0014c000-00153000 r-xp 00000000 08:05 1586228    /usr/lib/jvm/java-6-openjdk/jre/lib/i386/native_threads/libhpi.so
00153000-00154000 r--p 00006000 08:05 1586228    /usr/lib/jvm/java-6-openjdk/jre/lib/i386/native_threads/libhpi.so
00154000-00155000 rw-p 00007000 08:05 1586228    /usr/lib/jvm/java-6-openjdk/jre/lib/i386/native_threads/libhpi.so
0019e000-001a7000 r-xp 00000000 08:05 1589892    /usr/lib/libpacketlib.so
001a7000-001a8000 r--p 00008000 08:05 1589892    /usr/lib/libpacketlib.so
001a8000-001a9000 rw-p 00009000 08:05 1589892    /usr/lib/libpacketlib.so
001d5000-001f0000 r-xp 00000000 08:05 523290     /lib/ld-2.11.1.so
001f0000-001f1000 r--p 0001a000 08:05 523290     /lib/ld-2.11.1.so
001f1000-001f2000 rw-p 0001b000 08:05 523290     /lib/ld-2.11.1.so
00266000-003b9000 r-xp 00000000 08:05 527197     /lib/tls/i686/cmov/libc-2.11.1.so
003b9000-003ba000 ---p 00153000 08:05 527197     /lib/tls/i686/cmov/libc-2.11.1.so
003ba000-003bc000 r--p 00153000 08:05 527197     /lib/tls/i686/cmov/libc-2.11.1.so
003bc000-003bd000 rw-p 00155000 08:05 527197     /lib/tls/i686/cmov/libc-2.11.1.so
003bd000-003c0000 rw-p 00000000 00:00 0 
00675000-0067f000 r-xp 00000000 08:05 527214     /lib/tls/i686/cmov/libnss_files-2.11.1.so
0067f000-00680000 r--p 00009000 08:05 527214     /lib/tls/i686/cmov/libnss_files-2.11.1.so
00680000-00681000 rw-p 0000a000 08:05 527214     /lib/tls/i686/cmov/libnss_files-2.11.1.so
006da000-006e2000 r-xp 00000000 08:05 527218     /lib/tls/i686/cmov/libnss_nis-2.11.1.so
006e2000-006e3000 r--p 00007000 08:05 527218     /lib/tls/i686/cmov/libnss_nis-2.11.1.so
006e3000-006e4000 rw-p 00008000 08:05 527218     /lib/tls/i686/cmov/libnss_nis-2.11.1.so
0073e000-00751000 r-xp 00000000 08:05 523463     /lib/libz.so.1.2.3.3
00751000-00752000 r--p 00012000 08:05 523463     /lib/libz.so.1.2.3.3
00752000-00753000 rw-p 00013000 08:05 523463     /lib/libz.so.1.2.3.3
007ee000-007f1000 r-xp 00000000 08:05 1586197    /usr/lib/jvm/java-6-openjdk/jre/lib/i386/jli/libjli.so
007f1000-007f2000 r--p 00003000 08:05 1586197    /usr/lib/jvm/java-6-openjdk/jre/lib/i386/jli/libjli.so
007f2000-007f3000 rw-p 00004000 08:05 1586197    /usr/lib/jvm/java-6-openjdk/jre/lib/i386/jli/libjli.so
008e2000-008e3000 r-xp 00000000 00:00 0          [vdso]
00945000-00969000 r-xp 00000000 08:05 527205     /lib/tls/i686/cmov/libm-2.11.1.so
00969000-0096a000 r--p 00023000 08:05 527205     /lib/tls/i686/cmov/libm-2.11.1.so
0096a000-0096b000 rw-p 00024000 08:05 527205     /lib/tls/i686/cmov/libm-2.11.1.so
009e8000-009fb000 r-xp 00000000 08:05 527208     /lib/tls/i686/cmov/libnsl-2.11.1.so
009fb000-009fc000 r--p 00012000 08:05 527208     /lib/tls/i686/cmov/libnsl-2.11.1.so
009fc000-009fd000 rw-p 00013000 08:05 527208     /lib/tls/i686/cmov/libnsl-2.11.1.so
009fd000-009ff000 rw-p 00000000 00:00 0 
00aa3000-00ac7000 r-xp 00000000 08:05 1586209    /usr/lib/jvm/java-6-openjdk/jre/lib/i386/libjava.so
00ac7000-00ac8000 r--p 00023000 08:05 1586209    /usr/lib/jvm/java-6-openjdk/jre/lib/i386/libjava.so
00ac8000-00aca000 rw-p 00024000 08:05 1586209    /usr/lib/jvm/java-6-openjdk/jre/lib/i386/libjava.so
00b6c000-00b6e000 r-xp 00000000 08:05 527203     /lib/tls/i686/cmov/libdl-2.11.1.so
00b6e000-00b6f000 r--p 00001000 08:05 527203     /lib/tls/i686/cmov/libdl-2.11.1.so
00b6f000-00b70000 rw-p 00002000 08:05 527203     /lib/tls/i686/cmov/libdl-2.11.1.so
00cdc000-00ce3000 r-xp 00000000 08:05 1586226    /usr/lib/jvm/java-6-openjdk/jre/lib/i386/libzip.so
00ce3000-00ce4000 r--p 00006000 08:05 1586226    /usr/lib/jvm/java-6-openjdk/jre/lib/i386/libzip.so
00ce4000-00ce5000 rw-p 00007000 08:05 1586226    /usr/lib/jvm/java-6-openjdk/jre/lib/i386/libzip.so
00d00000-00d06000 r-xp 00000000 08:05 527210     /lib/tls/i686/cmov/libnss_compat-2.11.1.so
00d06000-00d07000 r--p 00006000 08:05 527210     /lib/tls/i686/cmov/libnss_compat-2.11.1.so
00d07000-00d08000 rw-p 00007000 08:05 527210     /lib/tls/i686/cmov/libnss_compat-2.11.1.so
00f4a000-00f5f000 r-xp 00000000 08:05 527223     /lib/tls/i686/cmov/libpthread-2.11.1.so
00f5f000-00f60000 r--p 00014000 08:05 527223     /lib/tls/i686/cmov/libpthread-2.11.1.so
00f60000-00f61000 rw-p 00015000 08:05 527223     /lib/tls/i686/cmov/libpthread-2.11.1.so
00f61000-00f63000 rw-p 00000000 00:00 0 
00f63000-01628000 r-xp 00000000 08:05 1586230    /usr/lib/jvm/java-6-openjdk/jre/lib/i386/server/libjvm.so
01628000-01629000 ---p 006c5000 08:05 1586230    /usr/lib/jvm/java-6-openjdk/jre/lib/i386/server/libjvm.so
01629000-0166e000 r--p 006c5000 08:05 1586230    /usr/lib/jvm/java-6-openjdk/jre/lib/i386/server/libjvm.so
0166e000-0167d000 rw-p 0070a000 08:05 1586230    /usr/lib/jvm/java-6-openjdk/jre/lib/i386/server/libjvm.so
0167d000-01a9c000 rw-p 00000000 00:00 0 
08048000-08051000 r-xp 00000000 08:05 1586258    /usr/lib/jvm/java-6-openjdk/jre/bin/java
08051000-08052000 r--p 00008000 08:05 1586258    /usr/lib/jvm/java-6-openjdk/jre/bin/java
08052000-08053000 rw-p 00009000 08:05 1586258    /usr/lib/jvm/java-6-openjdk/jre/bin/java
089ba000-08a80000 rw-p 00000000 00:00 0          [heap]
806f8000-80779000 rw-p 00000000 00:00 0 
80779000-8077a000 ---p 00000000 00:00 0 
8077a000-807fa000 rw-p 00000000 00:00 0 
807fa000-807fd000 ---p 00000000 00:00 0 
807fd000-8084b000 rw-p 00000000 00:00 0 
8084b000-8084e000 ---p 00000000 00:00 0 
8084e000-808cc000 rw-p 00000000 00:00 0 
808cc000-808cf000 ---p 00000000 00:00 0 
808cf000-8094d000 rw-p 00000000 00:00 0 
8094d000-80950000 ---p 00000000 00:00 0 
80950000-8099e000 rw-p 00000000 00:00 0 
8099e000-809dd000 r--p 00000000 08:05 1577945    /usr/lib/locale/en_IN/LC_CTYPE
809dd000-809e0000 ---p 00000000 00:00 0 
809e0000-80a2e000 rw-p 00000000 00:00 0 
80a2e000-80a31000 ---p 00000000 00:00 0 
80a31000-80a7f000 rw-p 00000000 00:00 0 
80a7f000-80a80000 ---p 00000000 00:00 0 
80a80000-80b00000 rw-p 00000000 00:00 0 
80b00000-80b22000 rw-p 00000000 00:00 0 
80b22000-80c00000 ---p 00000000 00:00 0 
80c21000-80c23000 r--s 0001d000 08:05 1577596    /usr/lib/jvm/java-6-openjdk/jre/lib/plugin.jar
80c23000-80c28000 r--s 00045000 08:05 1577595    /usr/lib/jvm/java-6-openjdk/jre/lib/netx.jar
80c28000-80c5b000 rw-p 00000000 00:00 0 
80c5b000-80dea000 r--s 038c4000 08:05 1586189    /usr/lib/jvm/java-6-openjdk/jre/lib/rt.jar
80dea000-80deb000 ---p 00000000 00:00 0 
80deb000-80e6b000 rw-p 00000000 00:00 0 
80e6b000-80e6c000 ---p 00000000 00:00 0 
80e6c000-80ef4000 rw-p 00000000 00:00 0 
80ef4000-80f2c000 rw-p 00000000 00:00 0 
80f2c000-80f3b000 rw-p 00000000 00:00 0 
80f3b000-81014000 rw-p 00000000 00:00 0 
81014000-8101c000 rw-p 00000000 00:00 0 
8101c000-81054000 rw-p 00000000 00:00 0 
81054000-81063000 rw-p 00000000 00:00 0 
81063000-8113b000 rw-p 00000000 00:00 0 
8113b000-81143000 rw-p 00000000 00:00 0 
81143000-811af000 rw-p 00000000 00:00 0 
811af000-821b0000 rw-p 00000000 00:00 0 
821b0000-891b0000 rw-p 00000000 00:00 0 
891b0000-8ae90000 rw-p 00000000 00:00 0 
8ae90000-a6060000 rw-p 00000000 00:00 0 
a6060000-a6ed0000 rw-p 00000000 00:00 0 
a6ed0000-b47b0000 rw-p 00000000 00:00 0 
b47b4000-b47b5000 rw-p 00000000 00:00 0 
b47b6000-b47bf000 r--s 00065000 08:05 6219       /usr/share/java/gnome-java-bridge.jar
b47bf000-b47c8000 rw-p 00000000 00:00 0 
b47c8000-b487f000 rw-p 00000000 00:00 0 
b487f000-b4abf000 rwxp 00000000 00:00 0 
b4abf000-b787f000 rw-p 00000000 00:00 0 
b787f000-b7882000 ---p 00000000 00:00 0 
b7882000-b78d3000 rw-p 00000000 00:00 0 
b78d8000-b78db000 r--s 0000f000 08:05 1577575    /usr/lib/jvm/java-6-openjdk/jre/lib/ext/pulse-java.jar
b78db000-b78e3000 rw-s 00000000 08:05 670656     /tmp/hsperfdata_root/3605
b78e3000-b78e4000 rw-p 00000000 00:00 0 
b78e4000-b78e5000 r--p 00000000 00:00 0 
b78e5000-b78e7000 rw-p 00000000 00:00 0 
bfbf3000-bfc08000 rw-p 00000000 00:00 0          [stack]

VM Arguments:
jvm_args: -Dfile.encoding=UTF-8 
java_command: FileAccess.GetPacket
Launcher Type: SUN_STANDARD

Environment Variables:
PATH=/usr/local/sbin:/usr/local/bin:/usr/sbin:/usr/bin:/sbin:/bin:/usr/games
USERNAME=root
LD_LIBRARY_PATH=/usr/lib/jvm/java-6-openjdk/jre/lib/i386/server:/usr/lib/jvm/java-6-openjdk/jre/lib/i386:/usr/lib/jvm/java-6-openjdk/jre/../lib/i386:/usr/lib/jvm/java-6-openjdk/jre/lib/i386/client:/usr/lib/jvm/java-6-openjdk/jre/lib/i386:/usr/lib/jvm/java-6-openjdk/jre/../lib/i386
SHELL=/bin/bash
DISPLAY=:0.0

Signal Handlers:
SIGSEGV: [libjvm.so+0x64a040], sa_mask[0]=0x7ffbfeff, sa_flags=0x10000004
SIGBUS: [libjvm.so+0x64a040], sa_mask[0]=0x7ffbfeff, sa_flags=0x10000004
SIGFPE: [libjvm.so+0x51c0d0], sa_mask[0]=0x7ffbfeff, sa_flags=0x10000004
SIGPIPE: [libjvm.so+0x51c0d0], sa_mask[0]=0x7ffbfeff, sa_flags=0x10000004
SIGXFSZ: [libjvm.so+0x51c0d0], sa_mask[0]=0x7ffbfeff, sa_flags=0x10000004
SIGILL: [libjvm.so+0x51c0d0], sa_mask[0]=0x7ffbfeff, sa_flags=0x10000004
SIGUSR1: SIG_DFL, sa_mask[0]=0x00000000, sa_flags=0x00000000
SIGUSR2: [libjvm.so+0x51b780], sa_mask[0]=0x00000004, sa_flags=0x10000004
SIGHUP: [libjvm.so+0x51e2f0], sa_mask[0]=0x7ffbfeff, sa_flags=0x10000004
SIGINT: SIG_IGN, sa_mask[0]=0x00000000, sa_flags=0x00000000
SIGTERM: [libjvm.so+0x51e2f0], sa_mask[0]=0x7ffbfeff, sa_flags=0x10000004
SIGQUIT: [libjvm.so+0x51e2f0], sa_mask[0]=0x7ffbfeff, sa_flags=0x10000004


---------------  S Y S T E M  ---------------

OS:Ubuntu 10.04 (lucid)
uname:Linux 2.6.32-33-generic #70-Ubuntu SMP Thu Jul 7 21:09:46 UTC 2011 i686
libc:glibc 2.11.1 NPTL 2.11.1 
rlimit: STACK 8192k, CORE 0k, NPROC infinity, NOFILE 1024, AS infinity
load average:0.64 0.52 0.49

/proc/meminfo:
MemTotal:        2836956 kB
MemFree:         1199004 kB
Buffers:           75268 kB
Cached:           744268 kB
SwapCached:            0 kB
Active:           892672 kB
Inactive:         650108 kB
Active(anon):     723652 kB
Inactive(anon):     7296 kB
Active(file):     169020 kB
Inactive(file):   642812 kB
Unevictable:          16 kB
Mlocked:              16 kB
HighTotal:       1973064 kB
HighFree:         473928 kB
LowTotal:         863892 kB
LowFree:          725076 kB
SwapTotal:       3234808 kB
SwapFree:        3234808 kB
Dirty:               160 kB
Writeback:             0 kB
AnonPages:        723132 kB
Mapped:           148396 kB
Shmem:              7708 kB
Slab:              35908 kB
SReclaimable:      24432 kB
SUnreclaim:        11476 kB
KernelStack:        2768 kB
PageTables:         7996 kB
NFS_Unstable:          0 kB
Bounce:                0 kB
WritebackTmp:          0 kB
CommitLimit:     4653284 kB
Committed_AS:    1934100 kB
VmallocTotal:     122880 kB
VmallocUsed:       72908 kB
VmallocChunk:      42876 kB
HardwareCorrupted:     0 kB
HugePages_Total:       0
HugePages_Free:        0
HugePages_Rsvd:        0
HugePages_Surp:        0
Hugepagesize:       4096 kB
DirectMap4k:       12280 kB
DirectMap4M:      897024 kB


CPU:total 2 (2 cores per cpu, 1 threads per core) family 17 model 3 stepping 1, cmov, cx8, fxsr, mmx, sse, sse2, sse3, mmxext, 3dnow, 3dnowext

Memory: 4k page, physical 2836956k(1199004k free), swap 3234808k(3234808k free)

vm_info: OpenJDK Server VM (19.0-b09) for linux-x86 JRE (1.6.0_20-b20), built on Jan 21 2012 08:10:55 by "buildd" with gcc 4.4.3

time: Sun Mar 25 17:19:56 2012
elapsed time: 0 seconds

