#
# A fatal error has been detected by the Java Runtime Environment:
#
#  SIGSEGV (0xb) at pc=0x011acc1b, pid=3062, tid=3078450032
#
# JRE version: 6.0_20-b20
# Java VM: OpenJDK Server VM (19.0-b09 mixed mode linux-x86 )
# Derivative: IcedTea6 1.9.10
# Distribution: Ubuntu 10.04.1 LTS, package 6b20-1.9.10-0ubuntu1~10.04.2
# Problematic frame:
# V  [libjvm.so+0x392c1b]
#
# If you would like to submit a bug report, please include
# instructions how to reproduce the bug and visit:
#   https://bugs.launchpad.net/ubuntu/+source/openjdk-6/
#

---------------  T H R E A D  ---------------

Current thread (0x09e06400):  JavaThread "main" [_thread_in_vm, id=3066, stack(0xb7786000,0xb77d7000)]

siginfo:si_signo=SIGSEGV: si_errno=0, si_code=1 (SEGV_MAPERR), si_addr=0x00000000

Registers:
EAX=0x00000000, EBX=0x01524ff4, ECX=0x09e06aac, EDX=0x09e06400
ESP=0xb77d5884, EBP=0xb77d58b8, ESI=0x09e06400, EDI=0xb77d58ec
EIP=0x011acc1b, CR2=0x00000000, EFLAGS=0x00210286

Register to memory mapping:

EAX=0x00000000
0x00000000 is pointing to unknown location

EBX=0x01524ff4
0x01524ff4: <offset 0x70aff4> in /usr/lib/jvm/java-6-openjdk/jre/lib/i386/server/libjvm.so at 0x00e1a000

ECX=0x09e06aac
0x09e06aac is pointing to unknown location

EDX=0x09e06400
"main" prio=10 tid=0x09e06400 nid=0xbfa runnable [0xb77d6000]
   java.lang.Thread.State: RUNNABLE

ESP=0xb77d5884
0xb77d5884 is pointing into the stack for thread: 0x09e06400
"main" prio=10 tid=0x09e06400 nid=0xbfa runnable [0xb77d6000]
   java.lang.Thread.State: RUNNABLE

EBP=0xb77d58b8
0xb77d58b8 is pointing into the stack for thread: 0x09e06400
"main" prio=10 tid=0x09e06400 nid=0xbfa runnable [0xb77d6000]
   java.lang.Thread.State: RUNNABLE

ESI=0x09e06400
"main" prio=10 tid=0x09e06400 nid=0xbfa runnable [0xb77d6000]
   java.lang.Thread.State: RUNNABLE

EDI=0xb77d58ec
0xb77d58ec is pointing into the stack for thread: 0x09e06400
"main" prio=10 tid=0x09e06400 nid=0xbfa runnable [0xb77d6000]
   java.lang.Thread.State: RUNNABLE


Top of Stack: (sp=0xb77d5884)
0xb77d5884:   00000000 b77d5918 01524ff4 09e06400
0xb77d5894:   b77d58ec b77d58b8 011c6862 b77d58ec
0xb77d58a4:   09e06400 01524ff4 01524ff4 09e06400
0xb77d58b4:   b77d58ec b77d5918 011bf85d b77d58ec
0xb77d58c4:   09e06400 00000ffc 00000ffc 00000037
0xb77d58d4:   00000000 00000008 09e06400 00000000
0xb77d58e4:   09e06ab4 09e06400 09e06400 09e06aa8
0xb77d58f4:   00000088 014cc86c 09e06400 b77d598c 

Instructions: (pc=0x011acc1b)
0x011acc0b:   27 00 00 00 00 55 89 e5 57 56 53 83 ec 28 89 d6
0x011acc1b:   8b 10 e8 00 00 00 00 5b 81 c3 d2 83 37 00 52 e8 

Stack: [0xb7786000,0xb77d7000],  sp=0xb77d5884,  free space=318k
Native frames: (J=compiled Java code, j=interpreted, Vv=VM code, C=native code)
V  [libjvm.so+0x392c1b]
V  [libjvm.so+0x3a585d]
C  [libpacketlib.so+0xbe1]  Java_Core_func_fillpackets+0x4c1
j  Core.func.fillpackets()V+0
j  Core.func.main([Ljava/lang/String;)V+9
v  ~StubRoutines::call_stub
V  [libjvm.so+0x387d72]
V  [libjvm.so+0x519369]
V  [libjvm.so+0x386caf]
V  [libjvm.so+0x39214c]
V  [libjvm.so+0x3a11ad]
C  [java+0x321d]  JavaMain+0xd4d
C  [libpthread.so.0+0x596e]

Java frames: (J=compiled Java code, j=interpreted, Vv=VM code)
j  Core.func.fillpackets()V+0
j  Core.func.main([Ljava/lang/String;)V+9
v  ~StubRoutines::call_stub

---------------  P R O C E S S  ---------------

Java Threads: ( => current thread )
  0x09eab000 JavaThread "Low Memory Detector" daemon [_thread_blocked, id=3075, stack(0x8082b000,0x8087c000)]
  0x09ea7c00 JavaThread "CompilerThread1" daemon [_thread_blocked, id=3074, stack(0x8087c000,0x808fd000)]
  0x09ea5c00 JavaThread "CompilerThread0" daemon [_thread_blocked, id=3073, stack(0x808fd000,0x8097e000)]
  0x09ea4400 JavaThread "Signal Dispatcher" daemon [_thread_blocked, id=3072, stack(0x8097e000,0x809cf000)]
  0x09e91400 JavaThread "Finalizer" daemon [_thread_blocked, id=3071, stack(0x80a0e000,0x80a5f000)]
  0x09e8fc00 JavaThread "Reference Handler" daemon [_thread_blocked, id=3070, stack(0x80a5f000,0x80ab0000)]
=>0x09e06400 JavaThread "main" [_thread_in_vm, id=3066, stack(0xb7786000,0xb77d7000)]

Other Threads:
  0x09e8bc00 VMThread [stack: 0x80ab0000,0x80b31000] [id=3069]
  0x09eacc00 WatcherThread [stack: 0x807aa000,0x8082b000] [id=3076]

VM state:not at safepoint (normal execution)

VM Mutex/Monitor currently owned by a thread: None

Heap
 PSYoungGen      total 12992K, used 448K [0xa5f70000, 0xa6de0000, 0xb46c0000)
  eden space 11200K, 4% used [0xa5f70000,0xa5fe0040,0xa6a60000)
  from space 1792K, 0% used [0xa6c20000,0xa6c20000,0xa6de0000)
  to   space 1792K, 0% used [0xa6a60000,0xa6a60000,0xa6c20000)
 PSOldGen        total 29568K, used 0K [0x890c0000, 0x8ada0000, 0xa5f70000)
  object space 29568K, 0% used [0x890c0000,0x890c0000,0x8ada0000)
 PSPermGen       total 16384K, used 1936K [0x810c0000, 0x820c0000, 0x890c0000)
  object space 16384K, 11% used [0x810c0000,0x812a43b0,0x820c0000)

Dynamic libraries:
00110000-00123000 r-xp 00000000 08:06 1311385    /lib/tls/i686/cmov/libnsl-2.11.1.so
00123000-00124000 r--p 00012000 08:06 1311385    /lib/tls/i686/cmov/libnsl-2.11.1.so
00124000-00125000 rw-p 00013000 08:06 1311385    /lib/tls/i686/cmov/libnsl-2.11.1.so
00125000-00127000 rw-p 00000000 00:00 0 
00127000-0012d000 r-xp 00000000 08:06 1311387    /lib/tls/i686/cmov/libnss_compat-2.11.1.so
0012d000-0012e000 r--p 00006000 08:06 1311387    /lib/tls/i686/cmov/libnss_compat-2.11.1.so
0012e000-0012f000 rw-p 00007000 08:06 1311387    /lib/tls/i686/cmov/libnss_compat-2.11.1.so
0012f000-00139000 r-xp 00000000 08:06 1311391    /lib/tls/i686/cmov/libnss_files-2.11.1.so
00139000-0013a000 r--p 00009000 08:06 1311391    /lib/tls/i686/cmov/libnss_files-2.11.1.so
0013a000-0013b000 rw-p 0000a000 08:06 1311391    /lib/tls/i686/cmov/libnss_files-2.11.1.so
00244000-0024b000 r-xp 00000000 08:06 1311404    /lib/tls/i686/cmov/librt-2.11.1.so
0024b000-0024c000 r--p 00006000 08:06 1311404    /lib/tls/i686/cmov/librt-2.11.1.so
0024c000-0024d000 rw-p 00007000 08:06 1311404    /lib/tls/i686/cmov/librt-2.11.1.so
00285000-0028c000 r-xp 00000000 08:06 1064662    /usr/lib/jvm/java-6-openjdk/jre/lib/i386/libzip.so
0028c000-0028d000 r--p 00006000 08:06 1064662    /usr/lib/jvm/java-6-openjdk/jre/lib/i386/libzip.so
0028d000-0028e000 rw-p 00007000 08:06 1064662    /usr/lib/jvm/java-6-openjdk/jre/lib/i386/libzip.so
002c0000-002c7000 r-xp 00000000 08:06 1064678    /usr/lib/jvm/java-6-openjdk/jre/lib/i386/native_threads/libhpi.so
002c7000-002c8000 r--p 00006000 08:06 1064678    /usr/lib/jvm/java-6-openjdk/jre/lib/i386/native_threads/libhpi.so
002c8000-002c9000 rw-p 00007000 08:06 1064678    /usr/lib/jvm/java-6-openjdk/jre/lib/i386/native_threads/libhpi.so
002ee000-002ef000 r-xp 00000000 00:00 0          [vdso]
00336000-00338000 r-xp 00000000 08:06 1311380    /lib/tls/i686/cmov/libdl-2.11.1.so
00338000-00339000 r--p 00001000 08:06 1311380    /lib/tls/i686/cmov/libdl-2.11.1.so
00339000-0033a000 rw-p 00002000 08:06 1311380    /lib/tls/i686/cmov/libdl-2.11.1.so
003e1000-00405000 r-xp 00000000 08:06 1311382    /lib/tls/i686/cmov/libm-2.11.1.so
00405000-00406000 r--p 00023000 08:06 1311382    /lib/tls/i686/cmov/libm-2.11.1.so
00406000-00407000 rw-p 00024000 08:06 1311382    /lib/tls/i686/cmov/libm-2.11.1.so
005ed000-005ef000 r-xp 00000000 08:06 1069378    /usr/lib/libpacketlib.so
005ef000-005f0000 r--p 00001000 08:06 1069378    /usr/lib/libpacketlib.so
005f0000-005f1000 rw-p 00002000 08:06 1069378    /usr/lib/libpacketlib.so
0062a000-0063f000 r-xp 00000000 08:06 1311400    /lib/tls/i686/cmov/libpthread-2.11.1.so
0063f000-00640000 r--p 00014000 08:06 1311400    /lib/tls/i686/cmov/libpthread-2.11.1.so
00640000-00641000 rw-p 00015000 08:06 1311400    /lib/tls/i686/cmov/libpthread-2.11.1.so
00641000-00643000 rw-p 00000000 00:00 0 
00782000-00785000 r-xp 00000000 08:06 1064666    /usr/lib/jvm/java-6-openjdk/jre/lib/i386/jli/libjli.so
00785000-00786000 r--p 00003000 08:06 1064666    /usr/lib/jvm/java-6-openjdk/jre/lib/i386/jli/libjli.so
00786000-00787000 rw-p 00004000 08:06 1064666    /usr/lib/jvm/java-6-openjdk/jre/lib/i386/jli/libjli.so
0079c000-007b7000 r-xp 00000000 08:06 1179673    /lib/ld-2.11.1.so
007b7000-007b8000 r--p 0001a000 08:06 1179673    /lib/ld-2.11.1.so
007b8000-007b9000 rw-p 0001b000 08:06 1179673    /lib/ld-2.11.1.so
0092f000-00937000 r-xp 00000000 08:06 1311395    /lib/tls/i686/cmov/libnss_nis-2.11.1.so
00937000-00938000 r--p 00007000 08:06 1311395    /lib/tls/i686/cmov/libnss_nis-2.11.1.so
00938000-00939000 rw-p 00008000 08:06 1311395    /lib/tls/i686/cmov/libnss_nis-2.11.1.so
00996000-00ae9000 r-xp 00000000 08:06 1311374    /lib/tls/i686/cmov/libc-2.11.1.so
00ae9000-00aea000 ---p 00153000 08:06 1311374    /lib/tls/i686/cmov/libc-2.11.1.so
00aea000-00aec000 r--p 00153000 08:06 1311374    /lib/tls/i686/cmov/libc-2.11.1.so
00aec000-00aed000 rw-p 00155000 08:06 1311374    /lib/tls/i686/cmov/libc-2.11.1.so
00aed000-00af0000 rw-p 00000000 00:00 0 
00be1000-00c05000 r-xp 00000000 08:06 1064657    /usr/lib/jvm/java-6-openjdk/jre/lib/i386/libjava.so
00c05000-00c06000 r--p 00023000 08:06 1064657    /usr/lib/jvm/java-6-openjdk/jre/lib/i386/libjava.so
00c06000-00c08000 rw-p 00024000 08:06 1064657    /usr/lib/jvm/java-6-openjdk/jre/lib/i386/libjava.so
00ddb000-00de7000 r-xp 00000000 08:06 1064685    /usr/lib/jvm/java-6-openjdk/jre/lib/i386/libverify.so
00de7000-00de8000 r--p 0000b000 08:06 1064685    /usr/lib/jvm/java-6-openjdk/jre/lib/i386/libverify.so
00de8000-00de9000 rw-p 0000c000 08:06 1064685    /usr/lib/jvm/java-6-openjdk/jre/lib/i386/libverify.so
00e05000-00e18000 r-xp 00000000 08:06 1179846    /lib/libz.so.1.2.3.3
00e18000-00e19000 r--p 00012000 08:06 1179846    /lib/libz.so.1.2.3.3
00e19000-00e1a000 rw-p 00013000 08:06 1179846    /lib/libz.so.1.2.3.3
00e1a000-014df000 r-xp 00000000 08:06 1064676    /usr/lib/jvm/java-6-openjdk/jre/lib/i386/server/libjvm.so
014df000-014e0000 ---p 006c5000 08:06 1064676    /usr/lib/jvm/java-6-openjdk/jre/lib/i386/server/libjvm.so
014e0000-01525000 r--p 006c5000 08:06 1064676    /usr/lib/jvm/java-6-openjdk/jre/lib/i386/server/libjvm.so
01525000-01534000 rw-p 0070a000 08:06 1064676    /usr/lib/jvm/java-6-openjdk/jre/lib/i386/server/libjvm.so
01534000-01953000 rw-p 00000000 00:00 0 
08048000-08051000 r-xp 00000000 08:06 1064626    /usr/lib/jvm/java-6-openjdk/jre/bin/java
08051000-08052000 r--p 00008000 08:06 1064626    /usr/lib/jvm/java-6-openjdk/jre/bin/java
08052000-08053000 rw-p 00009000 08:06 1064626    /usr/lib/jvm/java-6-openjdk/jre/bin/java
09dff000-09f07000 rw-p 00000000 00:00 0          [heap]
8074f000-80751000 r--s 0000b000 08:06 145377     /home/varun/Documents/apache-tomcat-7.0.23/lib/tomcat-i18n-ja.jar
80751000-80755000 r--s 0003a000 08:06 145364     /home/varun/Documents/apache-tomcat-7.0.23/lib/catalina-tribes.jar
80755000-80757000 r--s 0000c000 08:06 145362     /home/varun/Documents/apache-tomcat-7.0.23/lib/catalina-ant.jar
80757000-80759000 r--s 0001c000 08:06 145368     /home/varun/Documents/apache-tomcat-7.0.23/lib/jasper-el.jar
80759000-8075b000 r--s 00011000 08:06 145375     /home/varun/Documents/apache-tomcat-7.0.23/lib/tomcat-i18n-es.jar
8075b000-8075e000 r--s 0001a000 08:06 145378     /home/varun/Documents/apache-tomcat-7.0.23/lib/tomcat-jdbc.jar
8075e000-80762000 r--s 00036000 08:06 145374     /home/varun/Documents/apache-tomcat-7.0.23/lib/tomcat-dbcp.jar
80762000-8076e000 r--s 000aa000 08:06 145373     /home/varun/Documents/apache-tomcat-7.0.23/lib/tomcat-coyote.jar
8076e000-8076f000 r--s 00005000 08:06 145379     /home/varun/Documents/apache-tomcat-7.0.23/lib/tomcat-util.jar
8076f000-80770000 r--s 00003000 08:06 145361     /home/varun/Documents/apache-tomcat-7.0.23/lib/annotations-api.jar
80770000-80772000 r--s 0001e000 08:06 145363     /home/varun/Documents/apache-tomcat-7.0.23/lib/catalina-ha.jar
80772000-80781000 r--s 00193000 08:06 145366     /home/varun/Documents/apache-tomcat-7.0.23/lib/ecj-3.7.jar
80781000-80793000 r--s 0015a000 08:06 145365     /home/varun/Documents/apache-tomcat-7.0.23/lib/catalina.jar
80793000-8079b000 r--s 00089000 08:06 145369     /home/varun/Documents/apache-tomcat-7.0.23/lib/jasper.jar
8079b000-8079f000 r--s 00028000 08:06 145371     /home/varun/Documents/apache-tomcat-7.0.23/lib/servlet-api.jar
8079f000-807a1000 r--s 0000a000 08:06 145376     /home/varun/Documents/apache-tomcat-7.0.23/lib/tomcat-i18n-fr.jar
807a1000-807aa000 r--s 00065000 08:06 1460237    /usr/share/java/gnome-java-bridge.jar
807aa000-807ab000 ---p 00000000 00:00 0 
807ab000-8082b000 rw-p 00000000 00:00 0 
8082b000-8082e000 ---p 00000000 00:00 0 
8082e000-8087c000 rw-p 00000000 00:00 0 
8087c000-8087f000 ---p 00000000 00:00 0 
8087f000-808fd000 rw-p 00000000 00:00 0 
808fd000-80900000 ---p 00000000 00:00 0 
80900000-8097e000 rw-p 00000000 00:00 0 
8097e000-80981000 ---p 00000000 00:00 0 
80981000-809cf000 rw-p 00000000 00:00 0 
809cf000-80a0e000 r--p 00000000 08:06 1056342    /usr/lib/locale/en_IN/LC_CTYPE
80a0e000-80a11000 ---p 00000000 00:00 0 
80a11000-80a5f000 rw-p 00000000 00:00 0 
80a5f000-80a62000 ---p 00000000 00:00 0 
80a62000-80ab0000 rw-p 00000000 00:00 0 
80ab0000-80ab1000 ---p 00000000 00:00 0 
80ab1000-80b31000 rw-p 00000000 00:00 0 
80b31000-80b33000 r--s 0001d000 08:06 1056709    /usr/lib/jvm/java-6-openjdk/jre/lib/plugin.jar
80b33000-80b38000 r--s 00045000 08:06 1056713    /usr/lib/jvm/java-6-openjdk/jre/lib/netx.jar
80b38000-80b6b000 rw-p 00000000 00:00 0 
80b6b000-80cfa000 r--s 038c4000 08:06 1064698    /usr/lib/jvm/java-6-openjdk/jre/lib/rt.jar
80cfa000-80cfb000 ---p 00000000 00:00 0 
80cfb000-80d7b000 rw-p 00000000 00:00 0 
80d7b000-80d7c000 ---p 00000000 00:00 0 
80d7c000-80e04000 rw-p 00000000 00:00 0 
80e04000-80e3c000 rw-p 00000000 00:00 0 
80e3c000-80e4b000 rw-p 00000000 00:00 0 
80e4b000-80f24000 rw-p 00000000 00:00 0 
80f24000-80f2c000 rw-p 00000000 00:00 0 
80f2c000-80f64000 rw-p 00000000 00:00 0 
80f64000-80f73000 rw-p 00000000 00:00 0 
80f73000-8104b000 rw-p 00000000 00:00 0 
8104b000-81053000 rw-p 00000000 00:00 0 
81053000-810bf000 rw-p 00000000 00:00 0 
810bf000-820c0000 rw-p 00000000 00:00 0 
820c0000-890c0000 rw-p 00000000 00:00 0 
890c0000-8ada0000 rw-p 00000000 00:00 0 
8ada0000-a5f70000 rw-p 00000000 00:00 0 
a5f70000-a6de0000 rw-p 00000000 00:00 0 
a6de0000-b46c0000 rw-p 00000000 00:00 0 
b46c0000-b46c3000 r--s 00013000 08:06 145370     /home/varun/Documents/apache-tomcat-7.0.23/lib/jsp-api.jar
b46c3000-b46c4000 r--s 00001000 08:06 145372     /home/varun/Documents/apache-tomcat-7.0.23/lib/tomcat-api.jar
b46c4000-b46c6000 r--s 00009000 08:06 145367     /home/varun/Documents/apache-tomcat-7.0.23/lib/el-api.jar
b46c6000-b46cf000 rw-p 00000000 00:00 0 
b46cf000-b4786000 rw-p 00000000 00:00 0 
b4786000-b49c6000 rwxp 00000000 00:00 0 
b49c6000-b7786000 rw-p 00000000 00:00 0 
b7786000-b7789000 ---p 00000000 00:00 0 
b7789000-b77db000 rw-p 00000000 00:00 0 
b77db000-b77de000 r--s 0000f000 08:06 1056737    /usr/lib/jvm/java-6-openjdk/jre/lib/ext/pulse-java.jar
b77de000-b77e6000 rw-s 00000000 08:06 786875     /tmp/hsperfdata_varun/3062
b77e6000-b77e7000 rw-p 00000000 00:00 0 
b77e7000-b77e8000 r--p 00000000 00:00 0 
b77e8000-b77ea000 rw-p 00000000 00:00 0 
bf9ca000-bf9df000 rw-p 00000000 00:00 0          [stack]

VM Arguments:
jvm_args: -Dfile.encoding=UTF-8 
java_command: Core.func
Launcher Type: SUN_STANDARD

Environment Variables:
PATH=/usr/local/sbin:/usr/local/bin:/usr/sbin:/usr/bin:/sbin:/bin:/usr/games
USERNAME=varun
LD_LIBRARY_PATH=/usr/lib/jvm/java-6-openjdk/jre/lib/i386/server:/usr/lib/jvm/java-6-openjdk/jre/lib/i386:/usr/lib/jvm/java-6-openjdk/jre/../lib/i386:/usr/lib/jvm/java-6-openjdk/jre/lib/i386/client:/usr/lib/jvm/java-6-openjdk/jre/lib/i386:/usr/lib/jvm/java-6-openjdk/jre/../lib/i386
SHELL=/bin/bash
DISPLAY=:0.0

Signal Handlers:
SIGSEGV: [libjvm.so+0x64a040], sa_mask[0]=0x7ffbfeff, sa_flags=0x10000004
SIGBUS: [libjvm.so+0x64a040], sa_mask[0]=0x7ffbfeff, sa_flags=0x10000004
SIGFPE: [libjvm.so+0x51c0d0], sa_mask[0]=0x7ffbfeff, sa_flags=0x10000004
SIGPIPE: [libjvm.so+0x51c0d0], sa_mask[0]=0x7ffbfeff, sa_flags=0x10000004
SIGXFSZ: [libjvm.so+0x51c0d0], sa_mask[0]=0x7ffbfeff, sa_flags=0x10000004
SIGILL: [libjvm.so+0x51c0d0], sa_mask[0]=0x7ffbfeff, sa_flags=0x10000004
SIGUSR1: SIG_DFL, sa_mask[0]=0x00000000, sa_flags=0x00000000
SIGUSR2: [libjvm.so+0x51b780], sa_mask[0]=0x00000004, sa_flags=0x10000004
SIGHUP: [libjvm.so+0x51e2f0], sa_mask[0]=0x7ffbfeff, sa_flags=0x10000004
SIGINT: SIG_IGN, sa_mask[0]=0x00000000, sa_flags=0x00000000
SIGTERM: [libjvm.so+0x51e2f0], sa_mask[0]=0x7ffbfeff, sa_flags=0x10000004
SIGQUIT: [libjvm.so+0x51e2f0], sa_mask[0]=0x7ffbfeff, sa_flags=0x10000004


---------------  S Y S T E M  ---------------

OS:Ubuntu 10.04 (lucid)
uname:Linux 2.6.32-33-generic #70-Ubuntu SMP Thu Jul 7 21:09:46 UTC 2011 i686
libc:glibc 2.11.1 NPTL 2.11.1 
rlimit: STACK 8192k, CORE 0k, NPROC infinity, NOFILE 1024, AS infinity
load average:1.71 1.58 1.10

/proc/meminfo:
MemTotal:        2836956 kB
MemFree:         1492180 kB
Buffers:          147236 kB
Cached:           529896 kB
SwapCached:            0 kB
Active:           677484 kB
Inactive:         540240 kB
Active(anon):     541072 kB
Inactive(anon):     9312 kB
Active(file):     136412 kB
Inactive(file):   530928 kB
Unevictable:          32 kB
Mlocked:              32 kB
HighTotal:       1973064 kB
HighFree:         872340 kB
LowTotal:         863892 kB
LowFree:          619840 kB
SwapTotal:       2833400 kB
SwapFree:        2833400 kB
Dirty:               328 kB
Writeback:             0 kB
AnonPages:        540620 kB
Mapped:           110852 kB
Shmem:              9796 kB
Slab:              70344 kB
SReclaimable:      59392 kB
SUnreclaim:        10952 kB
KernelStack:        2456 kB
PageTables:         6248 kB
NFS_Unstable:          0 kB
Bounce:                0 kB
WritebackTmp:          0 kB
CommitLimit:     4251876 kB
Committed_AS:    1324232 kB
VmallocTotal:     122880 kB
VmallocUsed:       72712 kB
VmallocChunk:      41852 kB
HardwareCorrupted:     0 kB
HugePages_Total:       0
HugePages_Free:        0
HugePages_Rsvd:        0
HugePages_Surp:        0
Hugepagesize:       4096 kB
DirectMap4k:       12280 kB
DirectMap4M:      897024 kB


CPU:total 2 (2 cores per cpu, 1 threads per core) family 17 model 3 stepping 1, cmov, cx8, fxsr, mmx, sse, sse2, sse3, mmxext, 3dnow, 3dnowext

Memory: 4k page, physical 2836956k(1492180k free), swap 2833400k(2833400k free)

vm_info: OpenJDK Server VM (19.0-b09) for linux-x86 JRE (1.6.0_20-b20), built on Nov  8 2011 17:27:25 by "buildd" with gcc 4.4.3

time: Sat Jan 14 18:41:54 2012
elapsed time: 0 seconds

