#
# A fatal error has been detected by the Java Runtime Environment:
#
#  SIGSEGV (0xb) at pc=0x011520ba, pid=2657, tid=3079117680
#
# JRE version: 6.0_20-b20
# Java VM: OpenJDK Server VM (19.0-b09 mixed mode linux-x86 )
# Derivative: IcedTea6 1.9.10
# Distribution: Ubuntu 10.04.1 LTS, package 6b20-1.9.10-0ubuntu1~10.04.2
# Problematic frame:
# V  [libjvm.so+0x39b0ba]
#
# If you would like to submit a bug report, please include
# instructions how to reproduce the bug and visit:
#   https://bugs.launchpad.net/ubuntu/+source/openjdk-6/
#

---------------  T H R E A D  ---------------

Current thread (0x08f17000):  JavaThread "main" [_thread_in_vm, id=2660, stack(0xb7829000,0xb787a000)]

siginfo:si_signo=SIGSEGV: si_errno=0, si_code=1 (SEGV_MAPERR), si_addr=0x00000000

Registers:
EAX=0x00000000, EBX=0x014c1ff4, ECX=0x08f177ec, EDX=0x08f17000
ESP=0xb7878f04, EBP=0xb7878f58, ESI=0x08f17000, EDI=0x00000ffc
EIP=0x011520ba, CR2=0x00000000, EFLAGS=0x00210286

Register to memory mapping:

EAX=0x00000000
0x00000000 is pointing to unknown location

EBX=0x014c1ff4
0x014c1ff4: <offset 0x70aff4> in /usr/lib/jvm/java-6-openjdk/jre/lib/i386/server/libjvm.so at 0x00db7000

ECX=0x08f177ec
0x08f177ec is pointing to unknown location

EDX=0x08f17000
"main" prio=10 tid=0x08f17000 nid=0xa64 runnable [0xb7879000]
   java.lang.Thread.State: RUNNABLE

ESP=0xb7878f04
0xb7878f04 is pointing into the stack for thread: 0x08f17000
"main" prio=10 tid=0x08f17000 nid=0xa64 runnable [0xb7879000]
   java.lang.Thread.State: RUNNABLE

EBP=0xb7878f58
0xb7878f58 is pointing into the stack for thread: 0x08f17000
"main" prio=10 tid=0x08f17000 nid=0xa64 runnable [0xb7879000]
   java.lang.Thread.State: RUNNABLE

ESI=0x08f17000
"main" prio=10 tid=0x08f17000 nid=0xa64 runnable [0xb7879000]
   java.lang.Thread.State: RUNNABLE

EDI=0x00000ffc
0x00000ffc is pointing to unknown location


Top of Stack: (sp=0xb7878f04)
0xb7878f04:   08f17000 014dcc00 014dcc00 00265ff4
0xb7878f14:   0016c30c 00265ff4 b7878f28 00000000
0xb7878f24:   08fd0e10 08f17000 08f177e8 00000088
0xb7878f34:   0146986c 00265ff4 08f17000 b7878f58
0xb7878f44:   0016c44c 00274bcb 81342650 81342650
0xb7878f54:   08f17000 b7879008 002746fa 08f17118
0xb7878f64:   0000000a 00000000 01347386 012b418e
0xb7878f74:   0000015c 00000000 00000005 08f177e8 

Instructions: (pc=0x011520ba)
0x011520aa:   52 89 75 e4 52 56 50 e8 7a 17 01 00 58 8b 45 10
0x011520ba:   8b 38 57 e8 1e d7 fe ff 89 c7 83 c4 10 b8 08 00 

Stack: [0xb7829000,0xb787a000],  sp=0xb7878f04,  free space=319k
Native frames: (J=compiled Java code, j=interpreted, Vv=VM code, C=native code)
V  [libjvm.so+0x39b0ba]
C  [libflowrecord.so+0x6fa]  Java_FileAccess_ReadFlow_readflow+0x8a
j  FileAccess.ReadFlow.readflow()V+0
j  FileAccess.ReadFlow.main([Ljava/lang/String;)V+9
v  ~StubRoutines::call_stub
V  [libjvm.so+0x387d72]
V  [libjvm.so+0x519369]
V  [libjvm.so+0x386caf]
V  [libjvm.so+0x39214c]
V  [libjvm.so+0x3a11ad]
C  [java+0x321d]  JavaMain+0xd4d
C  [libpthread.so.0+0x596e]

Java frames: (J=compiled Java code, j=interpreted, Vv=VM code)
j  FileAccess.ReadFlow.readflow()V+0
j  FileAccess.ReadFlow.main([Ljava/lang/String;)V+9
v  ~StubRoutines::call_stub

---------------  P R O C E S S  ---------------

Java Threads: ( => current thread )
  0x08fbc000 JavaThread "Low Memory Detector" daemon [_thread_blocked, id=2670, stack(0x808cb000,0x8091c000)]
  0x08fb8800 JavaThread "CompilerThread1" daemon [_thread_blocked, id=2669, stack(0x8091c000,0x8099d000)]
  0x08fb6800 JavaThread "CompilerThread0" daemon [_thread_blocked, id=2668, stack(0x8099d000,0x80a1e000)]
  0x08fb5000 JavaThread "Signal Dispatcher" daemon [_thread_blocked, id=2667, stack(0x80a1e000,0x80a6f000)]
  0x08fa2000 JavaThread "Finalizer" daemon [_thread_blocked, id=2666, stack(0x80aae000,0x80aff000)]
  0x08fa0800 JavaThread "Reference Handler" daemon [_thread_blocked, id=2665, stack(0x80aff000,0x80b50000)]
=>0x08f17000 JavaThread "main" [_thread_in_vm, id=2660, stack(0xb7829000,0xb787a000)]

Other Threads:
  0x08f9cc00 VMThread [stack: 0x80b50000,0x80bd1000] [id=2664]
  0x08fbdc00 WatcherThread [stack: 0x8084a000,0x808cb000] [id=2671]

VM state:not at safepoint (normal execution)

VM Mutex/Monitor currently owned by a thread: None

Heap
 PSYoungGen      total 12992K, used 448K [0xa6010000, 0xa6e80000, 0xb4760000)
  eden space 11200K, 4% used [0xa6010000,0xa6080070,0xa6b00000)
  from space 1792K, 0% used [0xa6cc0000,0xa6cc0000,0xa6e80000)
  to   space 1792K, 0% used [0xa6b00000,0xa6b00000,0xa6cc0000)
 PSOldGen        total 29568K, used 0K [0x89160000, 0x8ae40000, 0xa6010000)
  object space 29568K, 0% used [0x89160000,0x89160000,0x8ae40000)
 PSPermGen       total 16384K, used 1933K [0x81160000, 0x82160000, 0x89160000)
  object space 16384K, 11% used [0x81160000,0x81343658,0x82160000)

Dynamic libraries:
00110000-00263000 r-xp 00000000 08:06 1311374    /lib/tls/i686/cmov/libc-2.11.1.so
00263000-00264000 ---p 00153000 08:06 1311374    /lib/tls/i686/cmov/libc-2.11.1.so
00264000-00266000 r--p 00153000 08:06 1311374    /lib/tls/i686/cmov/libc-2.11.1.so
00266000-00267000 rw-p 00155000 08:06 1311374    /lib/tls/i686/cmov/libc-2.11.1.so
00267000-0026a000 rw-p 00000000 00:00 0 
0026a000-00272000 r-xp 00000000 08:06 1311395    /lib/tls/i686/cmov/libnss_nis-2.11.1.so
00272000-00273000 r--p 00007000 08:06 1311395    /lib/tls/i686/cmov/libnss_nis-2.11.1.so
00273000-00274000 rw-p 00008000 08:06 1311395    /lib/tls/i686/cmov/libnss_nis-2.11.1.so
00274000-00275000 r-xp 00000000 08:06 1069394    /usr/lib/libflowrecord.so
00275000-00276000 r--p 00000000 08:06 1069394    /usr/lib/libflowrecord.so
00276000-00277000 rw-p 00001000 08:06 1069394    /usr/lib/libflowrecord.so
00590000-005ab000 r-xp 00000000 08:06 1179673    /lib/ld-2.11.1.so
005ab000-005ac000 r--p 0001a000 08:06 1179673    /lib/ld-2.11.1.so
005ac000-005ad000 rw-p 0001b000 08:06 1179673    /lib/ld-2.11.1.so
005b1000-005b4000 r-xp 00000000 08:06 1064666    /usr/lib/jvm/java-6-openjdk/jre/lib/i386/jli/libjli.so
005b4000-005b5000 r--p 00003000 08:06 1064666    /usr/lib/jvm/java-6-openjdk/jre/lib/i386/jli/libjli.so
005b5000-005b6000 rw-p 00004000 08:06 1064666    /usr/lib/jvm/java-6-openjdk/jre/lib/i386/jli/libjli.so
00660000-00666000 r-xp 00000000 08:06 1311387    /lib/tls/i686/cmov/libnss_compat-2.11.1.so
00666000-00667000 r--p 00006000 08:06 1311387    /lib/tls/i686/cmov/libnss_compat-2.11.1.so
00667000-00668000 rw-p 00007000 08:06 1311387    /lib/tls/i686/cmov/libnss_compat-2.11.1.so
00673000-00686000 r-xp 00000000 08:06 1311385    /lib/tls/i686/cmov/libnsl-2.11.1.so
00686000-00687000 r--p 00012000 08:06 1311385    /lib/tls/i686/cmov/libnsl-2.11.1.so
00687000-00688000 rw-p 00013000 08:06 1311385    /lib/tls/i686/cmov/libnsl-2.11.1.so
00688000-0068a000 rw-p 00000000 00:00 0 
00705000-00729000 r-xp 00000000 08:06 1064657    /usr/lib/jvm/java-6-openjdk/jre/lib/i386/libjava.so
00729000-0072a000 r--p 00023000 08:06 1064657    /usr/lib/jvm/java-6-openjdk/jre/lib/i386/libjava.so
0072a000-0072c000 rw-p 00024000 08:06 1064657    /usr/lib/jvm/java-6-openjdk/jre/lib/i386/libjava.so
00749000-0074a000 r-xp 00000000 00:00 0          [vdso]
00778000-0077a000 r-xp 00000000 08:06 1311380    /lib/tls/i686/cmov/libdl-2.11.1.so
0077a000-0077b000 r--p 00001000 08:06 1311380    /lib/tls/i686/cmov/libdl-2.11.1.so
0077b000-0077c000 rw-p 00002000 08:06 1311380    /lib/tls/i686/cmov/libdl-2.11.1.so
00854000-0085e000 r-xp 00000000 08:06 1311391    /lib/tls/i686/cmov/libnss_files-2.11.1.so
0085e000-0085f000 r--p 00009000 08:06 1311391    /lib/tls/i686/cmov/libnss_files-2.11.1.so
0085f000-00860000 rw-p 0000a000 08:06 1311391    /lib/tls/i686/cmov/libnss_files-2.11.1.so
00ace000-00af2000 r-xp 00000000 08:06 1311382    /lib/tls/i686/cmov/libm-2.11.1.so
00af2000-00af3000 r--p 00023000 08:06 1311382    /lib/tls/i686/cmov/libm-2.11.1.so
00af3000-00af4000 rw-p 00024000 08:06 1311382    /lib/tls/i686/cmov/libm-2.11.1.so
00b57000-00b5e000 r-xp 00000000 08:06 1064678    /usr/lib/jvm/java-6-openjdk/jre/lib/i386/native_threads/libhpi.so
00b5e000-00b5f000 r--p 00006000 08:06 1064678    /usr/lib/jvm/java-6-openjdk/jre/lib/i386/native_threads/libhpi.so
00b5f000-00b60000 rw-p 00007000 08:06 1064678    /usr/lib/jvm/java-6-openjdk/jre/lib/i386/native_threads/libhpi.so
00b7f000-00b8b000 r-xp 00000000 08:06 1064685    /usr/lib/jvm/java-6-openjdk/jre/lib/i386/libverify.so
00b8b000-00b8c000 r--p 0000b000 08:06 1064685    /usr/lib/jvm/java-6-openjdk/jre/lib/i386/libverify.so
00b8c000-00b8d000 rw-p 0000c000 08:06 1064685    /usr/lib/jvm/java-6-openjdk/jre/lib/i386/libverify.so
00c23000-00c2a000 r-xp 00000000 08:06 1064662    /usr/lib/jvm/java-6-openjdk/jre/lib/i386/libzip.so
00c2a000-00c2b000 r--p 00006000 08:06 1064662    /usr/lib/jvm/java-6-openjdk/jre/lib/i386/libzip.so
00c2b000-00c2c000 rw-p 00007000 08:06 1064662    /usr/lib/jvm/java-6-openjdk/jre/lib/i386/libzip.so
00c8d000-00c94000 r-xp 00000000 08:06 1311404    /lib/tls/i686/cmov/librt-2.11.1.so
00c94000-00c95000 r--p 00006000 08:06 1311404    /lib/tls/i686/cmov/librt-2.11.1.so
00c95000-00c96000 rw-p 00007000 08:06 1311404    /lib/tls/i686/cmov/librt-2.11.1.so
00ce1000-00cf6000 r-xp 00000000 08:06 1311400    /lib/tls/i686/cmov/libpthread-2.11.1.so
00cf6000-00cf7000 r--p 00014000 08:06 1311400    /lib/tls/i686/cmov/libpthread-2.11.1.so
00cf7000-00cf8000 rw-p 00015000 08:06 1311400    /lib/tls/i686/cmov/libpthread-2.11.1.so
00cf8000-00cfa000 rw-p 00000000 00:00 0 
00da2000-00db5000 r-xp 00000000 08:06 1179846    /lib/libz.so.1.2.3.3
00db5000-00db6000 r--p 00012000 08:06 1179846    /lib/libz.so.1.2.3.3
00db6000-00db7000 rw-p 00013000 08:06 1179846    /lib/libz.so.1.2.3.3
00db7000-0147c000 r-xp 00000000 08:06 1064676    /usr/lib/jvm/java-6-openjdk/jre/lib/i386/server/libjvm.so
0147c000-0147d000 ---p 006c5000 08:06 1064676    /usr/lib/jvm/java-6-openjdk/jre/lib/i386/server/libjvm.so
0147d000-014c2000 r--p 006c5000 08:06 1064676    /usr/lib/jvm/java-6-openjdk/jre/lib/i386/server/libjvm.so
014c2000-014d1000 rw-p 0070a000 08:06 1064676    /usr/lib/jvm/java-6-openjdk/jre/lib/i386/server/libjvm.so
014d1000-018f0000 rw-p 00000000 00:00 0 
08048000-08051000 r-xp 00000000 08:06 1064626    /usr/lib/jvm/java-6-openjdk/jre/bin/java
08051000-08052000 r--p 00008000 08:06 1064626    /usr/lib/jvm/java-6-openjdk/jre/bin/java
08052000-08053000 rw-p 00009000 08:06 1064626    /usr/lib/jvm/java-6-openjdk/jre/bin/java
08f10000-09020000 rw-p 00000000 00:00 0          [heap]
807f4000-807f6000 r--s 0000b000 08:06 407447     /home/varun/apache-tomcat-7.0.14/lib/tomcat-i18n-ja.jar
807f6000-807fb000 r--s 00039000 08:06 407446     /home/varun/apache-tomcat-7.0.14/lib/catalina-tribes.jar
807fb000-807fd000 r--s 0000c000 08:06 407452     /home/varun/apache-tomcat-7.0.14/lib/catalina-ant.jar
807fd000-80800000 r--s 0001b000 08:06 407461     /home/varun/apache-tomcat-7.0.14/lib/jasper-el.jar
80800000-80803000 r--s 0000e000 08:06 407449     /home/varun/apache-tomcat-7.0.14/lib/tomcat-i18n-es.jar
80803000-80807000 r--s 00035000 08:06 407457     /home/varun/apache-tomcat-7.0.14/lib/tomcat-dbcp.jar
80807000-80813000 r--s 000a8000 08:06 407451     /home/varun/apache-tomcat-7.0.14/lib/tomcat-coyote.jar
80813000-80814000 r--s 00004000 08:06 407456     /home/varun/apache-tomcat-7.0.14/lib/tomcat-util.jar
80814000-80815000 r--s 00003000 08:06 407445     /home/varun/apache-tomcat-7.0.14/lib/annotations-api.jar
80815000-80818000 r--s 0001d000 08:06 407455     /home/varun/apache-tomcat-7.0.14/lib/catalina-ha.jar
80818000-80829000 r--s 0014b000 08:06 407463     /home/varun/apache-tomcat-7.0.14/lib/catalina.jar
80829000-80831000 r--s 00085000 08:06 407466     /home/varun/apache-tomcat-7.0.14/lib/jasper.jar
80831000-8083f000 r--s 00185000 08:06 407460     /home/varun/apache-tomcat-7.0.14/lib/ecj-3.6.2.jar
8083f000-80842000 r--s 00028000 08:06 407454     /home/varun/apache-tomcat-7.0.14/lib/servlet-api.jar
80842000-80845000 r--s 0000a000 08:06 407448     /home/varun/apache-tomcat-7.0.14/lib/tomcat-i18n-fr.jar
80845000-80848000 r--s 00013000 08:06 407465     /home/varun/apache-tomcat-7.0.14/lib/jsp-api.jar
80848000-8084a000 r--s 00009000 08:06 407467     /home/varun/apache-tomcat-7.0.14/lib/el-api.jar
8084a000-8084b000 ---p 00000000 00:00 0 
8084b000-808cb000 rw-p 00000000 00:00 0 
808cb000-808ce000 ---p 00000000 00:00 0 
808ce000-8091c000 rw-p 00000000 00:00 0 
8091c000-8091f000 ---p 00000000 00:00 0 
8091f000-8099d000 rw-p 00000000 00:00 0 
8099d000-809a0000 ---p 00000000 00:00 0 
809a0000-80a1e000 rw-p 00000000 00:00 0 
80a1e000-80a21000 ---p 00000000 00:00 0 
80a21000-80a6f000 rw-p 00000000 00:00 0 
80a6f000-80aae000 r--p 00000000 08:06 1056342    /usr/lib/locale/en_IN/LC_CTYPE
80aae000-80ab1000 ---p 00000000 00:00 0 
80ab1000-80aff000 rw-p 00000000 00:00 0 
80aff000-80b02000 ---p 00000000 00:00 0 
80b02000-80b50000 rw-p 00000000 00:00 0 
80b50000-80b51000 ---p 00000000 00:00 0 
80b51000-80bd1000 rw-p 00000000 00:00 0 
80bd1000-80bd3000 r--s 0001d000 08:06 1056709    /usr/lib/jvm/java-6-openjdk/jre/lib/plugin.jar
80bd3000-80bd8000 r--s 00045000 08:06 1056713    /usr/lib/jvm/java-6-openjdk/jre/lib/netx.jar
80bd8000-80c0b000 rw-p 00000000 00:00 0 
80c0b000-80d9a000 r--s 038c4000 08:06 1064698    /usr/lib/jvm/java-6-openjdk/jre/lib/rt.jar
80d9a000-80d9b000 ---p 00000000 00:00 0 
80d9b000-80e1b000 rw-p 00000000 00:00 0 
80e1b000-80e1c000 ---p 00000000 00:00 0 
80e1c000-80ea4000 rw-p 00000000 00:00 0 
80ea4000-80edc000 rw-p 00000000 00:00 0 
80edc000-80eeb000 rw-p 00000000 00:00 0 
80eeb000-80fc4000 rw-p 00000000 00:00 0 
80fc4000-80fcc000 rw-p 00000000 00:00 0 
80fcc000-81004000 rw-p 00000000 00:00 0 
81004000-81013000 rw-p 00000000 00:00 0 
81013000-810eb000 rw-p 00000000 00:00 0 
810eb000-810f3000 rw-p 00000000 00:00 0 
810f3000-8115f000 rw-p 00000000 00:00 0 
8115f000-82160000 rw-p 00000000 00:00 0 
82160000-89160000 rw-p 00000000 00:00 0 
89160000-8ae40000 rw-p 00000000 00:00 0 
8ae40000-a6010000 rw-p 00000000 00:00 0 
a6010000-a6e80000 rw-p 00000000 00:00 0 
a6e80000-b4760000 rw-p 00000000 00:00 0 
b4760000-b4769000 r--s 00065000 08:06 1460237    /usr/share/java/gnome-java-bridge.jar
b4769000-b4772000 rw-p 00000000 00:00 0 
b4772000-b4829000 rw-p 00000000 00:00 0 
b4829000-b4a69000 rwxp 00000000 00:00 0 
b4a69000-b7829000 rw-p 00000000 00:00 0 
b7829000-b782c000 ---p 00000000 00:00 0 
b782c000-b787d000 rw-p 00000000 00:00 0 
b787d000-b787e000 r--s 00001000 08:06 407459     /home/varun/apache-tomcat-7.0.14/lib/tomcat-api.jar
b787e000-b7881000 r--s 0000f000 08:06 1056737    /usr/lib/jvm/java-6-openjdk/jre/lib/ext/pulse-java.jar
b7881000-b7889000 rw-s 00000000 08:06 786643     /tmp/hsperfdata_varun/2657
b7889000-b788a000 rw-p 00000000 00:00 0 
b788a000-b788b000 r--p 00000000 00:00 0 
b788b000-b788d000 rw-p 00000000 00:00 0 
bfafe000-bfb13000 rw-p 00000000 00:00 0          [stack]

VM Arguments:
jvm_args: -Dfile.encoding=UTF-8 
java_command: FileAccess.ReadFlow
Launcher Type: SUN_STANDARD

Environment Variables:
PATH=/usr/local/sbin:/usr/local/bin:/usr/sbin:/usr/bin:/sbin:/bin:/usr/games
USERNAME=varun
LD_LIBRARY_PATH=/usr/lib/jvm/java-6-openjdk/jre/lib/i386/server:/usr/lib/jvm/java-6-openjdk/jre/lib/i386:/usr/lib/jvm/java-6-openjdk/jre/../lib/i386:/usr/lib/jvm/java-6-openjdk/jre/lib/i386/client:/usr/lib/jvm/java-6-openjdk/jre/lib/i386:/usr/lib/jvm/java-6-openjdk/jre/../lib/i386
SHELL=/bin/bash
DISPLAY=:0.0

Signal Handlers:
SIGSEGV: [libjvm.so+0x64a040], sa_mask[0]=0x7ffbfeff, sa_flags=0x10000004
SIGBUS: [libjvm.so+0x64a040], sa_mask[0]=0x7ffbfeff, sa_flags=0x10000004
SIGFPE: [libjvm.so+0x51c0d0], sa_mask[0]=0x7ffbfeff, sa_flags=0x10000004
SIGPIPE: [libjvm.so+0x51c0d0], sa_mask[0]=0x7ffbfeff, sa_flags=0x10000004
SIGXFSZ: [libjvm.so+0x51c0d0], sa_mask[0]=0x7ffbfeff, sa_flags=0x10000004
SIGILL: [libjvm.so+0x51c0d0], sa_mask[0]=0x7ffbfeff, sa_flags=0x10000004
SIGUSR1: SIG_DFL, sa_mask[0]=0x00000000, sa_flags=0x00000000
SIGUSR2: [libjvm.so+0x51b780], sa_mask[0]=0x00000004, sa_flags=0x10000004
SIGHUP: [libjvm.so+0x51e2f0], sa_mask[0]=0x7ffbfeff, sa_flags=0x10000004
SIGINT: SIG_IGN, sa_mask[0]=0x00000000, sa_flags=0x00000000
SIGTERM: [libjvm.so+0x51e2f0], sa_mask[0]=0x7ffbfeff, sa_flags=0x10000004
SIGQUIT: [libjvm.so+0x51e2f0], sa_mask[0]=0x7ffbfeff, sa_flags=0x10000004


---------------  S Y S T E M  ---------------

OS:Ubuntu 10.04 (lucid)
uname:Linux 2.6.32-33-generic #70-Ubuntu SMP Thu Jul 7 21:09:46 UTC 2011 i686
libc:glibc 2.11.1 NPTL 2.11.1 
rlimit: STACK 8192k, CORE 0k, NPROC infinity, NOFILE 1024, AS infinity
load average:0.38 0.39 0.36

/proc/meminfo:
MemTotal:        2836956 kB
MemFree:         1709456 kB
Buffers:           81820 kB
Cached:           548324 kB
SwapCached:            0 kB
Active:           579484 kB
Inactive:         456856 kB
Active(anon):     406596 kB
Inactive(anon):     5192 kB
Active(file):     172888 kB
Inactive(file):   451664 kB
Unevictable:          16 kB
Mlocked:              16 kB
HighTotal:       1973064 kB
HighFree:         989396 kB
LowTotal:         863892 kB
LowFree:          720060 kB
SwapTotal:       2833400 kB
SwapFree:        2833400 kB
Dirty:               144 kB
Writeback:             0 kB
AnonPages:        406332 kB
Mapped:            79224 kB
Shmem:              5596 kB
Slab:              35268 kB
SReclaimable:      25008 kB
SUnreclaim:        10260 kB
KernelStack:        2608 kB
PageTables:         5380 kB
NFS_Unstable:          0 kB
Bounce:                0 kB
WritebackTmp:          0 kB
CommitLimit:     4251876 kB
Committed_AS:     981708 kB
VmallocTotal:     122880 kB
VmallocUsed:       72756 kB
VmallocChunk:      42364 kB
HardwareCorrupted:     0 kB
HugePages_Total:       0
HugePages_Free:        0
HugePages_Rsvd:        0
HugePages_Surp:        0
Hugepagesize:       4096 kB
DirectMap4k:       12280 kB
DirectMap4M:      897024 kB


CPU:total 2 (2 cores per cpu, 1 threads per core) family 17 model 3 stepping 1, cmov, cx8, fxsr, mmx, sse, sse2, sse3, mmxext, 3dnow, 3dnowext

Memory: 4k page, physical 2836956k(1709456k free), swap 2833400k(2833400k free)

vm_info: OpenJDK Server VM (19.0-b09) for linux-x86 JRE (1.6.0_20-b20), built on Nov  8 2011 17:27:25 by "buildd" with gcc 4.4.3

time: Mon Jan 16 17:57:03 2012
elapsed time: 0 seconds

