#
# A fatal error has been detected by the Java Runtime Environment:
#
#  SIGSEGV (0xb) at pc=0x013840ba, pid=2367, tid=3078986608
#
# JRE version: 6.0_20-b20
# Java VM: OpenJDK Server VM (19.0-b09 mixed mode linux-x86 )
# Derivative: IcedTea6 1.9.10
# Distribution: Ubuntu 10.04.1 LTS, package 6b20-1.9.10-0ubuntu1~10.04.2
# Problematic frame:
# V  [libjvm.so+0x39b0ba]
#
# If you would like to submit a bug report, please include
# instructions how to reproduce the bug and visit:
#   https://bugs.launchpad.net/ubuntu/+source/openjdk-6/
#

---------------  T H R E A D  ---------------

Current thread (0x09898000):  JavaThread "main" [_thread_in_vm, id=2370, stack(0xb7809000,0xb785a000)]

siginfo:si_signo=SIGSEGV: si_errno=0, si_code=1 (SEGV_MAPERR), si_addr=0x00000000

Registers:
EAX=0x00000000, EBX=0x016f3ff4, ECX=0x098987ec, EDX=0x09898000
ESP=0xb7858f04, EBP=0xb7858f58, ESI=0x09898000, EDI=0x00000ffc
EIP=0x013840ba, CR2=0x00000000, EFLAGS=0x00210286

Register to memory mapping:

EAX=0x00000000
0x00000000 is pointing to unknown location

EBX=0x016f3ff4
0x016f3ff4: <offset 0x70aff4> in /usr/lib/jvm/java-6-openjdk/jre/lib/i386/server/libjvm.so at 0x00fe9000

ECX=0x098987ec
0x098987ec is pointing to unknown location

EDX=0x09898000
"main" prio=10 tid=0x09898000 nid=0x942 runnable [0xb7859000]
   java.lang.Thread.State: RUNNABLE

ESP=0xb7858f04
0xb7858f04 is pointing into the stack for thread: 0x09898000
"main" prio=10 tid=0x09898000 nid=0x942 runnable [0xb7859000]
   java.lang.Thread.State: RUNNABLE

EBP=0xb7858f58
0xb7858f58 is pointing into the stack for thread: 0x09898000
"main" prio=10 tid=0x09898000 nid=0x942 runnable [0xb7859000]
   java.lang.Thread.State: RUNNABLE

ESI=0x09898000
"main" prio=10 tid=0x09898000 nid=0x942 runnable [0xb7859000]
   java.lang.Thread.State: RUNNABLE

EDI=0x00000ffc
0x00000ffc is pointing to unknown location


Top of Stack: (sp=0xb7858f04)
0xb7858f04:   09898000 0170ec00 0170ec00 003fdff4
0xb7858f14:   0030430c 003fdff4 b7858f28 00000000
0xb7858f24:   09951e20 09898000 098987e8 00000088
0xb7858f34:   0169b86c 003fdff4 09898000 b7858f58
0xb7858f44:   0030444c 00c67bcb 81322848 81322848
0xb7858f54:   09898000 b7859008 00c676fa 09898118
0xb7858f64:   0000000a 00000000 01579386 014e618e
0xb7858f74:   0000015c 00000000 00000005 098987e8 

Instructions: (pc=0x013840ba)
0x013840aa:   52 89 75 e4 52 56 50 e8 7a 17 01 00 58 8b 45 10
0x013840ba:   8b 38 57 e8 1e d7 fe ff 89 c7 83 c4 10 b8 08 00 

Stack: [0xb7809000,0xb785a000],  sp=0xb7858f04,  free space=319k
Native frames: (J=compiled Java code, j=interpreted, Vv=VM code, C=native code)
V  [libjvm.so+0x39b0ba]
C  [libflowrecord.so+0x6fa]  Java_FileAccess_ReadFlow_readflow+0x8a
j  FileAccess.ReadFlow.readflow()V+0
j  FileAccess.ReadFlow.main([Ljava/lang/String;)V+9
v  ~StubRoutines::call_stub
V  [libjvm.so+0x387d72]
V  [libjvm.so+0x519369]
V  [libjvm.so+0x386caf]
V  [libjvm.so+0x39214c]
V  [libjvm.so+0x3a11ad]
C  [java+0x321d]  JavaMain+0xd4d
C  [libpthread.so.0+0x596e]

Java frames: (J=compiled Java code, j=interpreted, Vv=VM code)
j  FileAccess.ReadFlow.readflow()V+0
j  FileAccess.ReadFlow.main([Ljava/lang/String;)V+9
v  ~StubRoutines::call_stub

---------------  P R O C E S S  ---------------

Java Threads: ( => current thread )
  0x0993d000 JavaThread "Low Memory Detector" daemon [_thread_blocked, id=2380, stack(0x808ab000,0x808fc000)]
  0x09939800 JavaThread "CompilerThread1" daemon [_thread_blocked, id=2379, stack(0x808fc000,0x8097d000)]
  0x09937800 JavaThread "CompilerThread0" daemon [_thread_blocked, id=2378, stack(0x8097d000,0x809fe000)]
  0x09936400 JavaThread "Signal Dispatcher" daemon [_thread_blocked, id=2377, stack(0x809fe000,0x80a4f000)]
  0x09923000 JavaThread "Finalizer" daemon [_thread_blocked, id=2376, stack(0x80a8e000,0x80adf000)]
  0x09921800 JavaThread "Reference Handler" daemon [_thread_blocked, id=2375, stack(0x80adf000,0x80b30000)]
=>0x09898000 JavaThread "main" [_thread_in_vm, id=2370, stack(0xb7809000,0xb785a000)]

Other Threads:
  0x0991dc00 VMThread [stack: 0x80b30000,0x80bb1000] [id=2374]
  0x0993ec00 WatcherThread [stack: 0x8082a000,0x808ab000] [id=2381]

VM state:not at safepoint (normal execution)

VM Mutex/Monitor currently owned by a thread: None

Heap
 PSYoungGen      total 12992K, used 448K [0xa5ff0000, 0xa6e60000, 0xb4740000)
  eden space 11200K, 4% used [0xa5ff0000,0xa6060070,0xa6ae0000)
  from space 1792K, 0% used [0xa6ca0000,0xa6ca0000,0xa6e60000)
  to   space 1792K, 0% used [0xa6ae0000,0xa6ae0000,0xa6ca0000)
 PSOldGen        total 29568K, used 0K [0x89140000, 0x8ae20000, 0xa5ff0000)
  object space 29568K, 0% used [0x89140000,0x89140000,0x8ae20000)
 PSPermGen       total 16384K, used 1934K [0x81140000, 0x82140000, 0x89140000)
  object space 16384K, 11% used [0x81140000,0x81323a10,0x82140000)

Dynamic libraries:
00110000-0011c000 r-xp 00000000 08:06 1064685    /usr/lib/jvm/java-6-openjdk/jre/lib/i386/libverify.so
0011c000-0011d000 r--p 0000b000 08:06 1064685    /usr/lib/jvm/java-6-openjdk/jre/lib/i386/libverify.so
0011d000-0011e000 rw-p 0000c000 08:06 1064685    /usr/lib/jvm/java-6-openjdk/jre/lib/i386/libverify.so
00143000-00146000 r-xp 00000000 08:06 1064666    /usr/lib/jvm/java-6-openjdk/jre/lib/i386/jli/libjli.so
00146000-00147000 r--p 00003000 08:06 1064666    /usr/lib/jvm/java-6-openjdk/jre/lib/i386/jli/libjli.so
00147000-00148000 rw-p 00004000 08:06 1064666    /usr/lib/jvm/java-6-openjdk/jre/lib/i386/jli/libjli.so
00154000-0015a000 r-xp 00000000 08:06 1311387    /lib/tls/i686/cmov/libnss_compat-2.11.1.so
0015a000-0015b000 r--p 00006000 08:06 1311387    /lib/tls/i686/cmov/libnss_compat-2.11.1.so
0015b000-0015c000 rw-p 00007000 08:06 1311387    /lib/tls/i686/cmov/libnss_compat-2.11.1.so
0028f000-002a4000 r-xp 00000000 08:06 1311400    /lib/tls/i686/cmov/libpthread-2.11.1.so
002a4000-002a5000 r--p 00014000 08:06 1311400    /lib/tls/i686/cmov/libpthread-2.11.1.so
002a5000-002a6000 rw-p 00015000 08:06 1311400    /lib/tls/i686/cmov/libpthread-2.11.1.so
002a6000-002a8000 rw-p 00000000 00:00 0 
002a8000-003fb000 r-xp 00000000 08:06 1311374    /lib/tls/i686/cmov/libc-2.11.1.so
003fb000-003fc000 ---p 00153000 08:06 1311374    /lib/tls/i686/cmov/libc-2.11.1.so
003fc000-003fe000 r--p 00153000 08:06 1311374    /lib/tls/i686/cmov/libc-2.11.1.so
003fe000-003ff000 rw-p 00155000 08:06 1311374    /lib/tls/i686/cmov/libc-2.11.1.so
003ff000-00402000 rw-p 00000000 00:00 0 
0043a000-00444000 r-xp 00000000 08:06 1311391    /lib/tls/i686/cmov/libnss_files-2.11.1.so
00444000-00445000 r--p 00009000 08:06 1311391    /lib/tls/i686/cmov/libnss_files-2.11.1.so
00445000-00446000 rw-p 0000a000 08:06 1311391    /lib/tls/i686/cmov/libnss_files-2.11.1.so
00589000-0058a000 r-xp 00000000 00:00 0          [vdso]
00653000-00677000 r-xp 00000000 08:06 1311382    /lib/tls/i686/cmov/libm-2.11.1.so
00677000-00678000 r--p 00023000 08:06 1311382    /lib/tls/i686/cmov/libm-2.11.1.so
00678000-00679000 rw-p 00024000 08:06 1311382    /lib/tls/i686/cmov/libm-2.11.1.so
00710000-00723000 r-xp 00000000 08:06 1179846    /lib/libz.so.1.2.3.3
00723000-00724000 r--p 00012000 08:06 1179846    /lib/libz.so.1.2.3.3
00724000-00725000 rw-p 00013000 08:06 1179846    /lib/libz.so.1.2.3.3
008c6000-008cd000 r-xp 00000000 08:06 1064662    /usr/lib/jvm/java-6-openjdk/jre/lib/i386/libzip.so
008cd000-008ce000 r--p 00006000 08:06 1064662    /usr/lib/jvm/java-6-openjdk/jre/lib/i386/libzip.so
008ce000-008cf000 rw-p 00007000 08:06 1064662    /usr/lib/jvm/java-6-openjdk/jre/lib/i386/libzip.so
00930000-0094b000 r-xp 00000000 08:06 1179673    /lib/ld-2.11.1.so
0094b000-0094c000 r--p 0001a000 08:06 1179673    /lib/ld-2.11.1.so
0094c000-0094d000 rw-p 0001b000 08:06 1179673    /lib/ld-2.11.1.so
00a70000-00a78000 r-xp 00000000 08:06 1311395    /lib/tls/i686/cmov/libnss_nis-2.11.1.so
00a78000-00a79000 r--p 00007000 08:06 1311395    /lib/tls/i686/cmov/libnss_nis-2.11.1.so
00a79000-00a7a000 rw-p 00008000 08:06 1311395    /lib/tls/i686/cmov/libnss_nis-2.11.1.so
00bb1000-00bd5000 r-xp 00000000 08:06 1064657    /usr/lib/jvm/java-6-openjdk/jre/lib/i386/libjava.so
00bd5000-00bd6000 r--p 00023000 08:06 1064657    /usr/lib/jvm/java-6-openjdk/jre/lib/i386/libjava.so
00bd6000-00bd8000 rw-p 00024000 08:06 1064657    /usr/lib/jvm/java-6-openjdk/jre/lib/i386/libjava.so
00c67000-00c68000 r-xp 00000000 08:06 1069394    /usr/lib/libflowrecord.so
00c68000-00c69000 r--p 00000000 08:06 1069394    /usr/lib/libflowrecord.so
00c69000-00c6a000 rw-p 00001000 08:06 1069394    /usr/lib/libflowrecord.so
00ed8000-00edf000 r-xp 00000000 08:06 1311404    /lib/tls/i686/cmov/librt-2.11.1.so
00edf000-00ee0000 r--p 00006000 08:06 1311404    /lib/tls/i686/cmov/librt-2.11.1.so
00ee0000-00ee1000 rw-p 00007000 08:06 1311404    /lib/tls/i686/cmov/librt-2.11.1.so
00f8c000-00f93000 r-xp 00000000 08:06 1064678    /usr/lib/jvm/java-6-openjdk/jre/lib/i386/native_threads/libhpi.so
00f93000-00f94000 r--p 00006000 08:06 1064678    /usr/lib/jvm/java-6-openjdk/jre/lib/i386/native_threads/libhpi.so
00f94000-00f95000 rw-p 00007000 08:06 1064678    /usr/lib/jvm/java-6-openjdk/jre/lib/i386/native_threads/libhpi.so
00fb9000-00fcc000 r-xp 00000000 08:06 1311385    /lib/tls/i686/cmov/libnsl-2.11.1.so
00fcc000-00fcd000 r--p 00012000 08:06 1311385    /lib/tls/i686/cmov/libnsl-2.11.1.so
00fcd000-00fce000 rw-p 00013000 08:06 1311385    /lib/tls/i686/cmov/libnsl-2.11.1.so
00fce000-00fd0000 rw-p 00000000 00:00 0 
00fe5000-00fe7000 r-xp 00000000 08:06 1311380    /lib/tls/i686/cmov/libdl-2.11.1.so
00fe7000-00fe8000 r--p 00001000 08:06 1311380    /lib/tls/i686/cmov/libdl-2.11.1.so
00fe8000-00fe9000 rw-p 00002000 08:06 1311380    /lib/tls/i686/cmov/libdl-2.11.1.so
00fe9000-016ae000 r-xp 00000000 08:06 1064676    /usr/lib/jvm/java-6-openjdk/jre/lib/i386/server/libjvm.so
016ae000-016af000 ---p 006c5000 08:06 1064676    /usr/lib/jvm/java-6-openjdk/jre/lib/i386/server/libjvm.so
016af000-016f4000 r--p 006c5000 08:06 1064676    /usr/lib/jvm/java-6-openjdk/jre/lib/i386/server/libjvm.so
016f4000-01703000 rw-p 0070a000 08:06 1064676    /usr/lib/jvm/java-6-openjdk/jre/lib/i386/server/libjvm.so
01703000-01b22000 rw-p 00000000 00:00 0 
08048000-08051000 r-xp 00000000 08:06 1064626    /usr/lib/jvm/java-6-openjdk/jre/bin/java
08051000-08052000 r--p 00008000 08:06 1064626    /usr/lib/jvm/java-6-openjdk/jre/bin/java
08052000-08053000 rw-p 00009000 08:06 1064626    /usr/lib/jvm/java-6-openjdk/jre/bin/java
09891000-0999a000 rw-p 00000000 00:00 0          [heap]
807d4000-807d6000 r--s 0000b000 08:06 407447     /home/varun/apache-tomcat-7.0.14/lib/tomcat-i18n-ja.jar
807d6000-807db000 r--s 00039000 08:06 407446     /home/varun/apache-tomcat-7.0.14/lib/catalina-tribes.jar
807db000-807dd000 r--s 0000c000 08:06 407452     /home/varun/apache-tomcat-7.0.14/lib/catalina-ant.jar
807dd000-807e0000 r--s 0001b000 08:06 407461     /home/varun/apache-tomcat-7.0.14/lib/jasper-el.jar
807e0000-807e3000 r--s 0000e000 08:06 407449     /home/varun/apache-tomcat-7.0.14/lib/tomcat-i18n-es.jar
807e3000-807e7000 r--s 00035000 08:06 407457     /home/varun/apache-tomcat-7.0.14/lib/tomcat-dbcp.jar
807e7000-807f3000 r--s 000a8000 08:06 407451     /home/varun/apache-tomcat-7.0.14/lib/tomcat-coyote.jar
807f3000-807f4000 r--s 00004000 08:06 407456     /home/varun/apache-tomcat-7.0.14/lib/tomcat-util.jar
807f4000-807f5000 r--s 00003000 08:06 407445     /home/varun/apache-tomcat-7.0.14/lib/annotations-api.jar
807f5000-807f8000 r--s 0001d000 08:06 407455     /home/varun/apache-tomcat-7.0.14/lib/catalina-ha.jar
807f8000-80809000 r--s 0014b000 08:06 407463     /home/varun/apache-tomcat-7.0.14/lib/catalina.jar
80809000-80811000 r--s 00085000 08:06 407466     /home/varun/apache-tomcat-7.0.14/lib/jasper.jar
80811000-8081f000 r--s 00185000 08:06 407460     /home/varun/apache-tomcat-7.0.14/lib/ecj-3.6.2.jar
8081f000-80822000 r--s 00028000 08:06 407454     /home/varun/apache-tomcat-7.0.14/lib/servlet-api.jar
80822000-80825000 r--s 0000a000 08:06 407448     /home/varun/apache-tomcat-7.0.14/lib/tomcat-i18n-fr.jar
80825000-80828000 r--s 00013000 08:06 407465     /home/varun/apache-tomcat-7.0.14/lib/jsp-api.jar
80828000-8082a000 r--s 00009000 08:06 407467     /home/varun/apache-tomcat-7.0.14/lib/el-api.jar
8082a000-8082b000 ---p 00000000 00:00 0 
8082b000-808ab000 rw-p 00000000 00:00 0 
808ab000-808ae000 ---p 00000000 00:00 0 
808ae000-808fc000 rw-p 00000000 00:00 0 
808fc000-808ff000 ---p 00000000 00:00 0 
808ff000-8097d000 rw-p 00000000 00:00 0 
8097d000-80980000 ---p 00000000 00:00 0 
80980000-809fe000 rw-p 00000000 00:00 0 
809fe000-80a01000 ---p 00000000 00:00 0 
80a01000-80a4f000 rw-p 00000000 00:00 0 
80a4f000-80a8e000 r--p 00000000 08:06 1056342    /usr/lib/locale/en_IN/LC_CTYPE
80a8e000-80a91000 ---p 00000000 00:00 0 
80a91000-80adf000 rw-p 00000000 00:00 0 
80adf000-80ae2000 ---p 00000000 00:00 0 
80ae2000-80b30000 rw-p 00000000 00:00 0 
80b30000-80b31000 ---p 00000000 00:00 0 
80b31000-80bb1000 rw-p 00000000 00:00 0 
80bb1000-80bb3000 r--s 0001d000 08:06 1056709    /usr/lib/jvm/java-6-openjdk/jre/lib/plugin.jar
80bb3000-80bb8000 r--s 00045000 08:06 1056713    /usr/lib/jvm/java-6-openjdk/jre/lib/netx.jar
80bb8000-80beb000 rw-p 00000000 00:00 0 
80beb000-80d7a000 r--s 038c4000 08:06 1064698    /usr/lib/jvm/java-6-openjdk/jre/lib/rt.jar
80d7a000-80d7b000 ---p 00000000 00:00 0 
80d7b000-80dfb000 rw-p 00000000 00:00 0 
80dfb000-80dfc000 ---p 00000000 00:00 0 
80dfc000-80e84000 rw-p 00000000 00:00 0 
80e84000-80ebc000 rw-p 00000000 00:00 0 
80ebc000-80ecb000 rw-p 00000000 00:00 0 
80ecb000-80fa4000 rw-p 00000000 00:00 0 
80fa4000-80fac000 rw-p 00000000 00:00 0 
80fac000-80fe4000 rw-p 00000000 00:00 0 
80fe4000-80ff3000 rw-p 00000000 00:00 0 
80ff3000-810cb000 rw-p 00000000 00:00 0 
810cb000-810d3000 rw-p 00000000 00:00 0 
810d3000-8113f000 rw-p 00000000 00:00 0 
8113f000-82140000 rw-p 00000000 00:00 0 
82140000-89140000 rw-p 00000000 00:00 0 
89140000-8ae20000 rw-p 00000000 00:00 0 
8ae20000-a5ff0000 rw-p 00000000 00:00 0 
a5ff0000-a6e60000 rw-p 00000000 00:00 0 
a6e60000-b4740000 rw-p 00000000 00:00 0 
b4740000-b4749000 r--s 00065000 08:06 1460237    /usr/share/java/gnome-java-bridge.jar
b4749000-b4752000 rw-p 00000000 00:00 0 
b4752000-b4809000 rw-p 00000000 00:00 0 
b4809000-b4a49000 rwxp 00000000 00:00 0 
b4a49000-b7809000 rw-p 00000000 00:00 0 
b7809000-b780c000 ---p 00000000 00:00 0 
b780c000-b785d000 rw-p 00000000 00:00 0 
b785d000-b785e000 r--s 00001000 08:06 407459     /home/varun/apache-tomcat-7.0.14/lib/tomcat-api.jar
b785e000-b7861000 r--s 0000f000 08:06 1056737    /usr/lib/jvm/java-6-openjdk/jre/lib/ext/pulse-java.jar
b7861000-b7869000 rw-s 00000000 08:06 786640     /tmp/hsperfdata_varun/2367
b7869000-b786a000 rw-p 00000000 00:00 0 
b786a000-b786b000 r--p 00000000 00:00 0 
b786b000-b786d000 rw-p 00000000 00:00 0 
bfe41000-bfe56000 rw-p 00000000 00:00 0          [stack]

VM Arguments:
jvm_args: -Dfile.encoding=UTF-8 
java_command: FileAccess.ReadFlow
Launcher Type: SUN_STANDARD

Environment Variables:
PATH=/usr/local/sbin:/usr/local/bin:/usr/sbin:/usr/bin:/sbin:/bin:/usr/games
USERNAME=varun
LD_LIBRARY_PATH=/usr/lib/jvm/java-6-openjdk/jre/lib/i386/server:/usr/lib/jvm/java-6-openjdk/jre/lib/i386:/usr/lib/jvm/java-6-openjdk/jre/../lib/i386:/usr/lib/jvm/java-6-openjdk/jre/lib/i386/client:/usr/lib/jvm/java-6-openjdk/jre/lib/i386:/usr/lib/jvm/java-6-openjdk/jre/../lib/i386
SHELL=/bin/bash
DISPLAY=:0.0

Signal Handlers:
SIGSEGV: [libjvm.so+0x64a040], sa_mask[0]=0x7ffbfeff, sa_flags=0x10000004
SIGBUS: [libjvm.so+0x64a040], sa_mask[0]=0x7ffbfeff, sa_flags=0x10000004
SIGFPE: [libjvm.so+0x51c0d0], sa_mask[0]=0x7ffbfeff, sa_flags=0x10000004
SIGPIPE: [libjvm.so+0x51c0d0], sa_mask[0]=0x7ffbfeff, sa_flags=0x10000004
SIGXFSZ: [libjvm.so+0x51c0d0], sa_mask[0]=0x7ffbfeff, sa_flags=0x10000004
SIGILL: [libjvm.so+0x51c0d0], sa_mask[0]=0x7ffbfeff, sa_flags=0x10000004
SIGUSR1: SIG_DFL, sa_mask[0]=0x00000000, sa_flags=0x00000000
SIGUSR2: [libjvm.so+0x51b780], sa_mask[0]=0x00000004, sa_flags=0x10000004
SIGHUP: [libjvm.so+0x51e2f0], sa_mask[0]=0x7ffbfeff, sa_flags=0x10000004
SIGINT: SIG_IGN, sa_mask[0]=0x00000000, sa_flags=0x00000000
SIGTERM: [libjvm.so+0x51e2f0], sa_mask[0]=0x7ffbfeff, sa_flags=0x10000004
SIGQUIT: [libjvm.so+0x51e2f0], sa_mask[0]=0x7ffbfeff, sa_flags=0x10000004


---------------  S Y S T E M  ---------------

OS:Ubuntu 10.04 (lucid)
uname:Linux 2.6.32-33-generic #70-Ubuntu SMP Thu Jul 7 21:09:46 UTC 2011 i686
libc:glibc 2.11.1 NPTL 2.11.1 
rlimit: STACK 8192k, CORE 0k, NPROC infinity, NOFILE 1024, AS infinity
load average:0.29 0.49 0.35

/proc/meminfo:
MemTotal:        2836956 kB
MemFree:         1754112 kB
Buffers:           80884 kB
Cached:           532740 kB
SwapCached:            0 kB
Active:           544404 kB
Inactive:         448444 kB
Active(anon):     379624 kB
Inactive(anon):     5144 kB
Active(file):     164780 kB
Inactive(file):   443300 kB
Unevictable:          16 kB
Mlocked:              16 kB
HighTotal:       1973064 kB
HighFree:        1032300 kB
LowTotal:         863892 kB
LowFree:          721812 kB
SwapTotal:       2833400 kB
SwapFree:        2833400 kB
Dirty:                60 kB
Writeback:             0 kB
AnonPages:        379112 kB
Mapped:            77032 kB
Shmem:              5548 kB
Slab:              34720 kB
SReclaimable:      24664 kB
SUnreclaim:        10056 kB
KernelStack:        2480 kB
PageTables:         5324 kB
NFS_Unstable:          0 kB
Bounce:                0 kB
WritebackTmp:          0 kB
CommitLimit:     4251876 kB
Committed_AS:     927716 kB
VmallocTotal:     122880 kB
VmallocUsed:       72668 kB
VmallocChunk:      42364 kB
HardwareCorrupted:     0 kB
HugePages_Total:       0
HugePages_Free:        0
HugePages_Rsvd:        0
HugePages_Surp:        0
Hugepagesize:       4096 kB
DirectMap4k:       12280 kB
DirectMap4M:      897024 kB


CPU:total 2 (2 cores per cpu, 1 threads per core) family 17 model 3 stepping 1, cmov, cx8, fxsr, mmx, sse, sse2, sse3, mmxext, 3dnow, 3dnowext

Memory: 4k page, physical 2836956k(1754112k free), swap 2833400k(2833400k free)

vm_info: OpenJDK Server VM (19.0-b09) for linux-x86 JRE (1.6.0_20-b20), built on Nov  8 2011 17:27:25 by "buildd" with gcc 4.4.3

time: Mon Jan 16 17:47:51 2012
elapsed time: 0 seconds

