#
# A fatal error has been detected by the Java Runtime Environment:
#
#  SIGSEGV (0xb) at pc=0x01358390, pid=4730, tid=3079338864
#
# JRE version: 6.0_20-b20
# Java VM: OpenJDK Server VM (19.0-b09 mixed mode linux-x86 )
# Derivative: IcedTea6 1.9.10
# Distribution: Ubuntu 10.04.1 LTS, package 6b20-1.9.10-0ubuntu1~10.04.3
# Problematic frame:
# V  [libjvm.so+0x39b390]
#
# If you would like to submit a bug report, please include
# instructions how to reproduce the bug and visit:
#   https://bugs.launchpad.net/ubuntu/+source/openjdk-6/
#

---------------  T H R E A D  ---------------

Current thread (0x089b9000):  JavaThread "main" [_thread_in_vm, id=4732, stack(0xb785f000,0xb78b0000)]

siginfo:si_signo=SIGSEGV: si_errno=0, si_code=1 (SEGV_MAPERR), si_addr=0x00000000

Registers:
EAX=0x00000000, EBX=0x016c7ff4, ECX=0xb78aee5c, EDX=0x089b987c
ESP=0xb78aee24, EBP=0xb78aee88, ESI=0x089b9000, EDI=0x089b79a0
EIP=0x01358390, CR2=0x00000000, EFLAGS=0x00010213

Register to memory mapping:

EAX=0x00000000
0x00000000 is pointing to unknown location

EBX=0x016c7ff4
0x016c7ff4: <offset 0x70aff4> in /usr/lib/jvm/java-6-openjdk/jre/lib/i386/server/libjvm.so at 0x00fbd000

ECX=0xb78aee5c
0xb78aee5c is pointing into the stack for thread: 0x089b9000
"main" prio=10 tid=0x089b9000 nid=0x127c runnable [0xb78ae000]
   java.lang.Thread.State: RUNNABLE

EDX=0x089b987c
0x089b987c is pointing to unknown location

ESP=0xb78aee24
0xb78aee24 is pointing into the stack for thread: 0x089b9000
"main" prio=10 tid=0x089b9000 nid=0x127c runnable [0xb78ae000]
   java.lang.Thread.State: RUNNABLE

EBP=0xb78aee88
0xb78aee88 is pointing into the stack for thread: 0x089b9000
"main" prio=10 tid=0x089b9000 nid=0x127c runnable [0xb78ae000]
   java.lang.Thread.State: RUNNABLE

ESI=0x089b9000
"main" prio=10 tid=0x089b9000 nid=0x127c runnable [0xb78ae000]
   java.lang.Thread.State: RUNNABLE

EDI=0x089b79a0
0x089b79a0 is pointing to unknown location


Top of Stack: (sp=0xb78aee24)
0xb78aee24:   089b9000 00000ffc 00000ffc b78aee6c
0xb78aee34:   00000000 089b9490 089b987c 0000003c
0xb78aee44:   b78aee5c 089b9488 b78aee5c 00000015
0xb78aee54:   089b98a4 b78aee78 089b9000 00000000
0xb78aee64:   089b9000 b78aee88 089b9000 00000072
0xb78aee74:   00273160 003824e0 81373410 81373410
0xb78aee84:   089b9000 b78aefd8 00e4c3d8 089b9118
0xb78aee94:   00000000 00000000 00e525d8 014b9d09 

Instructions: (pc=0x01358390)
0x01358380:   c0 8b 47 08 89 45 b0 8b 45 0c 8b 57 0c 89 55 b4
0x01358390:   8b 10 52 e8 88 fa fe ff 89 04 24 89 45 ac e8 01 

Stack: [0xb785f000,0xb78b0000],  sp=0xb78aee24,  free space=319k
Native frames: (J=compiled Java code, j=interpreted, Vv=VM code, C=native code)
V  [libjvm.so+0x39b390]
C  [libpacketlib.so+0x23d8]  Java_FileAccess_GetPacket_fillpackets+0x1a8
j  FileAccess.GetPacket.fillpackets()V+0
j  FileAccess.GetPacket.main([Ljava/lang/String;)V+148
v  ~StubRoutines::call_stub
V  [libjvm.so+0x387d72]
V  [libjvm.so+0x519369]
V  [libjvm.so+0x386caf]
V  [libjvm.so+0x39214c]
V  [libjvm.so+0x3a11ad]
C  [java+0x321d]  JavaMain+0xd4d
C  [libpthread.so.0+0x596e]

Java frames: (J=compiled Java code, j=interpreted, Vv=VM code)
j  FileAccess.GetPacket.fillpackets()V+0
j  FileAccess.GetPacket.main([Ljava/lang/String;)V+148
v  ~StubRoutines::call_stub

---------------  P R O C E S S  ---------------

Java Threads: ( => current thread )
  0x08a5e000 JavaThread "Low Memory Detector" daemon [_thread_blocked, id=4743, stack(0x808fb000,0x8094c000)]
  0x08a5a800 JavaThread "CompilerThread1" daemon [_thread_blocked, id=4742, stack(0x8094c000,0x809cd000)]
  0x08a58800 JavaThread "CompilerThread0" daemon [_thread_blocked, id=4741, stack(0x809cd000,0x80a4e000)]
  0x08a57400 JavaThread "Signal Dispatcher" daemon [_thread_blocked, id=4740, stack(0x80a4e000,0x80a9f000)]
  0x08a44000 JavaThread "Finalizer" daemon [_thread_blocked, id=4739, stack(0x80ade000,0x80b2f000)]
  0x08a42c00 JavaThread "Reference Handler" daemon [_thread_blocked, id=4738, stack(0x80b2f000,0x80b80000)]
=>0x089b9000 JavaThread "main" [_thread_in_vm, id=4732, stack(0xb785f000,0xb78b0000)]

Other Threads:
  0x08a3ec00 VMThread [stack: 0x80b80000,0x80c01000] [id=4737]
  0x08a5fc00 WatcherThread [stack: 0x8087a000,0x808fb000] [id=4744]

VM state:not at safepoint (normal execution)

VM Mutex/Monitor currently owned by a thread: None

Heap
 PSYoungGen      total 12992K, used 448K [0xa6040000, 0xa6eb0000, 0xb4790000)
  eden space 11200K, 4% used [0xa6040000,0xa60b0028,0xa6b30000)
  from space 1792K, 0% used [0xa6cf0000,0xa6cf0000,0xa6eb0000)
  to   space 1792K, 0% used [0xa6b30000,0xa6b30000,0xa6cf0000)
 PSOldGen        total 29568K, used 0K [0x89190000, 0x8ae70000, 0xa6040000)
  object space 29568K, 0% used [0x89190000,0x89190000,0x8ae70000)
 PSPermGen       total 16384K, used 1942K [0x81190000, 0x82190000, 0x89190000)
  object space 16384K, 11% used [0x81190000,0x81375958,0x82190000)

Dynamic libraries:
00110000-00117000 r-xp 00000000 08:05 1586228    /usr/lib/jvm/java-6-openjdk/jre/lib/i386/native_threads/libhpi.so
00117000-00118000 r--p 00006000 08:05 1586228    /usr/lib/jvm/java-6-openjdk/jre/lib/i386/native_threads/libhpi.so
00118000-00119000 rw-p 00007000 08:05 1586228    /usr/lib/jvm/java-6-openjdk/jre/lib/i386/native_threads/libhpi.so
00119000-0011f000 r-xp 00000000 08:05 527210     /lib/tls/i686/cmov/libnss_compat-2.11.1.so
0011f000-00120000 r--p 00006000 08:05 527210     /lib/tls/i686/cmov/libnss_compat-2.11.1.so
00120000-00121000 rw-p 00007000 08:05 527210     /lib/tls/i686/cmov/libnss_compat-2.11.1.so
00121000-00129000 r-xp 00000000 08:05 527218     /lib/tls/i686/cmov/libnss_nis-2.11.1.so
00129000-0012a000 r--p 00007000 08:05 527218     /lib/tls/i686/cmov/libnss_nis-2.11.1.so
0012a000-0012b000 rw-p 00008000 08:05 527218     /lib/tls/i686/cmov/libnss_nis-2.11.1.so
0012b000-00135000 r-xp 00000000 08:05 527214     /lib/tls/i686/cmov/libnss_files-2.11.1.so
00135000-00136000 r--p 00009000 08:05 527214     /lib/tls/i686/cmov/libnss_files-2.11.1.so
00136000-00137000 rw-p 0000a000 08:05 527214     /lib/tls/i686/cmov/libnss_files-2.11.1.so
00137000-0013e000 r-xp 00000000 08:05 1586226    /usr/lib/jvm/java-6-openjdk/jre/lib/i386/libzip.so
0013e000-0013f000 r--p 00006000 08:05 1586226    /usr/lib/jvm/java-6-openjdk/jre/lib/i386/libzip.so
0013f000-00140000 rw-p 00007000 08:05 1586226    /usr/lib/jvm/java-6-openjdk/jre/lib/i386/libzip.so
00213000-00228000 r-xp 00000000 08:05 527223     /lib/tls/i686/cmov/libpthread-2.11.1.so
00228000-00229000 r--p 00014000 08:05 527223     /lib/tls/i686/cmov/libpthread-2.11.1.so
00229000-0022a000 rw-p 00015000 08:05 527223     /lib/tls/i686/cmov/libpthread-2.11.1.so
0022a000-0022c000 rw-p 00000000 00:00 0 
0022c000-0037f000 r-xp 00000000 08:05 527197     /lib/tls/i686/cmov/libc-2.11.1.so
0037f000-00380000 ---p 00153000 08:05 527197     /lib/tls/i686/cmov/libc-2.11.1.so
00380000-00382000 r--p 00153000 08:05 527197     /lib/tls/i686/cmov/libc-2.11.1.so
00382000-00383000 rw-p 00155000 08:05 527197     /lib/tls/i686/cmov/libc-2.11.1.so
00383000-00386000 rw-p 00000000 00:00 0 
00503000-00516000 r-xp 00000000 08:05 527208     /lib/tls/i686/cmov/libnsl-2.11.1.so
00516000-00517000 r--p 00012000 08:05 527208     /lib/tls/i686/cmov/libnsl-2.11.1.so
00517000-00518000 rw-p 00013000 08:05 527208     /lib/tls/i686/cmov/libnsl-2.11.1.so
00518000-0051a000 rw-p 00000000 00:00 0 
00596000-005a2000 r-xp 00000000 08:05 1586225    /usr/lib/jvm/java-6-openjdk/jre/lib/i386/libverify.so
005a2000-005a3000 r--p 0000b000 08:05 1586225    /usr/lib/jvm/java-6-openjdk/jre/lib/i386/libverify.so
005a3000-005a4000 rw-p 0000c000 08:05 1586225    /usr/lib/jvm/java-6-openjdk/jre/lib/i386/libverify.so
006ea000-0070e000 r-xp 00000000 08:05 1586209    /usr/lib/jvm/java-6-openjdk/jre/lib/i386/libjava.so
0070e000-0070f000 r--p 00023000 08:05 1586209    /usr/lib/jvm/java-6-openjdk/jre/lib/i386/libjava.so
0070f000-00711000 rw-p 00024000 08:05 1586209    /usr/lib/jvm/java-6-openjdk/jre/lib/i386/libjava.so
007a4000-007a6000 r-xp 00000000 08:05 527203     /lib/tls/i686/cmov/libdl-2.11.1.so
007a6000-007a7000 r--p 00001000 08:05 527203     /lib/tls/i686/cmov/libdl-2.11.1.so
007a7000-007a8000 rw-p 00002000 08:05 527203     /lib/tls/i686/cmov/libdl-2.11.1.so
00a1b000-00a22000 r-xp 00000000 08:05 527227     /lib/tls/i686/cmov/librt-2.11.1.so
00a22000-00a23000 r--p 00006000 08:05 527227     /lib/tls/i686/cmov/librt-2.11.1.so
00a23000-00a24000 rw-p 00007000 08:05 527227     /lib/tls/i686/cmov/librt-2.11.1.so
00c5a000-00c5d000 r-xp 00000000 08:05 1586197    /usr/lib/jvm/java-6-openjdk/jre/lib/i386/jli/libjli.so
00c5d000-00c5e000 r--p 00003000 08:05 1586197    /usr/lib/jvm/java-6-openjdk/jre/lib/i386/jli/libjli.so
00c5e000-00c5f000 rw-p 00004000 08:05 1586197    /usr/lib/jvm/java-6-openjdk/jre/lib/i386/jli/libjli.so
00d3e000-00d62000 r-xp 00000000 08:05 527205     /lib/tls/i686/cmov/libm-2.11.1.so
00d62000-00d63000 r--p 00023000 08:05 527205     /lib/tls/i686/cmov/libm-2.11.1.so
00d63000-00d64000 rw-p 00024000 08:05 527205     /lib/tls/i686/cmov/libm-2.11.1.so
00ddd000-00dde000 r-xp 00000000 00:00 0          [vdso]
00e4a000-00e53000 r-xp 00000000 08:05 1589892    /usr/lib/libpacketlib.so
00e53000-00e54000 r--p 00009000 08:05 1589892    /usr/lib/libpacketlib.so
00e54000-00e55000 rw-p 0000a000 08:05 1589892    /usr/lib/libpacketlib.so
00f5e000-00f71000 r-xp 00000000 08:05 523463     /lib/libz.so.1.2.3.3
00f71000-00f72000 r--p 00012000 08:05 523463     /lib/libz.so.1.2.3.3
00f72000-00f73000 rw-p 00013000 08:05 523463     /lib/libz.so.1.2.3.3
00fa0000-00fbb000 r-xp 00000000 08:05 523290     /lib/ld-2.11.1.so
00fbb000-00fbc000 r--p 0001a000 08:05 523290     /lib/ld-2.11.1.so
00fbc000-00fbd000 rw-p 0001b000 08:05 523290     /lib/ld-2.11.1.so
00fbd000-01682000 r-xp 00000000 08:05 1586230    /usr/lib/jvm/java-6-openjdk/jre/lib/i386/server/libjvm.so
01682000-01683000 ---p 006c5000 08:05 1586230    /usr/lib/jvm/java-6-openjdk/jre/lib/i386/server/libjvm.so
01683000-016c8000 r--p 006c5000 08:05 1586230    /usr/lib/jvm/java-6-openjdk/jre/lib/i386/server/libjvm.so
016c8000-016d7000 rw-p 0070a000 08:05 1586230    /usr/lib/jvm/java-6-openjdk/jre/lib/i386/server/libjvm.so
016d7000-01af6000 rw-p 00000000 00:00 0 
08048000-08051000 r-xp 00000000 08:05 1586258    /usr/lib/jvm/java-6-openjdk/jre/bin/java
08051000-08052000 r--p 00008000 08:05 1586258    /usr/lib/jvm/java-6-openjdk/jre/bin/java
08052000-08053000 rw-p 00009000 08:05 1586258    /usr/lib/jvm/java-6-openjdk/jre/bin/java
089b2000-08a9a000 rw-p 00000000 00:00 0          [heap]
8087a000-8087b000 ---p 00000000 00:00 0 
8087b000-808fb000 rw-p 00000000 00:00 0 
808fb000-808fe000 ---p 00000000 00:00 0 
808fe000-8094c000 rw-p 00000000 00:00 0 
8094c000-8094f000 ---p 00000000 00:00 0 
8094f000-809cd000 rw-p 00000000 00:00 0 
809cd000-809d0000 ---p 00000000 00:00 0 
809d0000-80a4e000 rw-p 00000000 00:00 0 
80a4e000-80a51000 ---p 00000000 00:00 0 
80a51000-80a9f000 rw-p 00000000 00:00 0 
80a9f000-80ade000 r--p 00000000 08:05 1577945    /usr/lib/locale/en_IN/LC_CTYPE
80ade000-80ae1000 ---p 00000000 00:00 0 
80ae1000-80b2f000 rw-p 00000000 00:00 0 
80b2f000-80b32000 ---p 00000000 00:00 0 
80b32000-80b80000 rw-p 00000000 00:00 0 
80b80000-80b81000 ---p 00000000 00:00 0 
80b81000-80c01000 rw-p 00000000 00:00 0 
80c01000-80c03000 r--s 0001d000 08:05 1577596    /usr/lib/jvm/java-6-openjdk/jre/lib/plugin.jar
80c03000-80c08000 r--s 00045000 08:05 1577595    /usr/lib/jvm/java-6-openjdk/jre/lib/netx.jar
80c08000-80c3b000 rw-p 00000000 00:00 0 
80c3b000-80dca000 r--s 038c4000 08:05 1586189    /usr/lib/jvm/java-6-openjdk/jre/lib/rt.jar
80dca000-80dcb000 ---p 00000000 00:00 0 
80dcb000-80e4b000 rw-p 00000000 00:00 0 
80e4b000-80e4c000 ---p 00000000 00:00 0 
80e4c000-80ed4000 rw-p 00000000 00:00 0 
80ed4000-80f0c000 rw-p 00000000 00:00 0 
80f0c000-80f1b000 rw-p 00000000 00:00 0 
80f1b000-80ff4000 rw-p 00000000 00:00 0 
80ff4000-80ffc000 rw-p 00000000 00:00 0 
80ffc000-81034000 rw-p 00000000 00:00 0 
81034000-81043000 rw-p 00000000 00:00 0 
81043000-8111b000 rw-p 00000000 00:00 0 
8111b000-81123000 rw-p 00000000 00:00 0 
81123000-8118f000 rw-p 00000000 00:00 0 
8118f000-82190000 rw-p 00000000 00:00 0 
82190000-89190000 rw-p 00000000 00:00 0 
89190000-8ae70000 rw-p 00000000 00:00 0 
8ae70000-a6040000 rw-p 00000000 00:00 0 
a6040000-a6eb0000 rw-p 00000000 00:00 0 
a6eb0000-b4790000 rw-p 00000000 00:00 0 
b4795000-b4796000 rw-p 00000000 00:00 0 
b4796000-b479f000 r--s 00065000 08:05 6219       /usr/share/java/gnome-java-bridge.jar
b479f000-b47a8000 rw-p 00000000 00:00 0 
b47a8000-b485f000 rw-p 00000000 00:00 0 
b485f000-b4a9f000 rwxp 00000000 00:00 0 
b4a9f000-b785f000 rw-p 00000000 00:00 0 
b785f000-b7862000 ---p 00000000 00:00 0 
b7862000-b78b3000 rw-p 00000000 00:00 0 
b78b8000-b78bb000 r--s 0000f000 08:05 1577575    /usr/lib/jvm/java-6-openjdk/jre/lib/ext/pulse-java.jar
b78bb000-b78c3000 rw-s 00000000 08:05 671475     /tmp/hsperfdata_root/4730
b78c3000-b78c4000 rw-p 00000000 00:00 0 
b78c4000-b78c5000 r--p 00000000 00:00 0 
b78c5000-b78c7000 rw-p 00000000 00:00 0 
bfa6d000-bfa82000 rw-p 00000000 00:00 0          [stack]

VM Arguments:
jvm_args: -Dfile.encoding=UTF-8 
java_command: FileAccess.GetPacket
Launcher Type: SUN_STANDARD

Environment Variables:
PATH=/usr/local/sbin:/usr/local/bin:/usr/sbin:/usr/bin:/sbin:/bin:/usr/games
USERNAME=root
LD_LIBRARY_PATH=/usr/lib/jvm/java-6-openjdk/jre/lib/i386/server:/usr/lib/jvm/java-6-openjdk/jre/lib/i386:/usr/lib/jvm/java-6-openjdk/jre/../lib/i386:/usr/lib/jvm/java-6-openjdk/jre/lib/i386/client:/usr/lib/jvm/java-6-openjdk/jre/lib/i386:/usr/lib/jvm/java-6-openjdk/jre/../lib/i386
SHELL=/bin/bash
DISPLAY=:0.0

Signal Handlers:
SIGSEGV: [libjvm.so+0x64a040], sa_mask[0]=0x7ffbfeff, sa_flags=0x10000004
SIGBUS: [libjvm.so+0x64a040], sa_mask[0]=0x7ffbfeff, sa_flags=0x10000004
SIGFPE: [libjvm.so+0x51c0d0], sa_mask[0]=0x7ffbfeff, sa_flags=0x10000004
SIGPIPE: [libjvm.so+0x51c0d0], sa_mask[0]=0x7ffbfeff, sa_flags=0x10000004
SIGXFSZ: [libjvm.so+0x51c0d0], sa_mask[0]=0x7ffbfeff, sa_flags=0x10000004
SIGILL: [libjvm.so+0x51c0d0], sa_mask[0]=0x7ffbfeff, sa_flags=0x10000004
SIGUSR1: SIG_DFL, sa_mask[0]=0x00000000, sa_flags=0x00000000
SIGUSR2: [libjvm.so+0x51b780], sa_mask[0]=0x00000004, sa_flags=0x10000004
SIGHUP: [libjvm.so+0x51e2f0], sa_mask[0]=0x7ffbfeff, sa_flags=0x10000004
SIGINT: SIG_IGN, sa_mask[0]=0x00000000, sa_flags=0x00000000
SIGTERM: [libjvm.so+0x51e2f0], sa_mask[0]=0x7ffbfeff, sa_flags=0x10000004
SIGQUIT: [libjvm.so+0x51e2f0], sa_mask[0]=0x7ffbfeff, sa_flags=0x10000004


---------------  S Y S T E M  ---------------

OS:Ubuntu 10.04 (lucid)
uname:Linux 2.6.32-33-generic #70-Ubuntu SMP Thu Jul 7 21:09:46 UTC 2011 i686
libc:glibc 2.11.1 NPTL 2.11.1 
rlimit: STACK 8192k, CORE 0k, NPROC infinity, NOFILE 1024, AS infinity
load average:0.24 0.27 0.31

/proc/meminfo:
MemTotal:        2836956 kB
MemFree:         1133956 kB
Buffers:           79200 kB
Cached:           801240 kB
SwapCached:            0 kB
Active:           902604 kB
Inactive:         705260 kB
Active(anon):     727832 kB
Inactive(anon):     7436 kB
Active(file):     174772 kB
Inactive(file):   697824 kB
Unevictable:          16 kB
Mlocked:              16 kB
HighTotal:       1973064 kB
HighFree:         413292 kB
LowTotal:         863892 kB
LowFree:          720664 kB
SwapTotal:       3234808 kB
SwapFree:        3234808 kB
Dirty:               228 kB
Writeback:             0 kB
AnonPages:        727436 kB
Mapped:           148632 kB
Shmem:              7848 kB
Slab:              36408 kB
SReclaimable:      24920 kB
SUnreclaim:        11488 kB
KernelStack:        2776 kB
PageTables:         7856 kB
NFS_Unstable:          0 kB
Bounce:                0 kB
WritebackTmp:          0 kB
CommitLimit:     4653284 kB
Committed_AS:    1937924 kB
VmallocTotal:     122880 kB
VmallocUsed:       72908 kB
VmallocChunk:      42876 kB
HardwareCorrupted:     0 kB
HugePages_Total:       0
HugePages_Free:        0
HugePages_Rsvd:        0
HugePages_Surp:        0
Hugepagesize:       4096 kB
DirectMap4k:       12280 kB
DirectMap4M:      897024 kB


CPU:total 2 (2 cores per cpu, 1 threads per core) family 17 model 3 stepping 1, cmov, cx8, fxsr, mmx, sse, sse2, sse3, mmxext, 3dnow, 3dnowext

Memory: 4k page, physical 2836956k(1133956k free), swap 3234808k(3234808k free)

vm_info: OpenJDK Server VM (19.0-b09) for linux-x86 JRE (1.6.0_20-b20), built on Jan 21 2012 08:10:55 by "buildd" with gcc 4.4.3

time: Sun Mar 25 18:35:08 2012
elapsed time: 0 seconds

