#
# A fatal error has been detected by the Java Runtime Environment:
#
#  SIGSEGV (0xb) at pc=0x00184fc6, pid=3448, tid=3079101296
#
# JRE version: 6.0_20-b20
# Java VM: OpenJDK Server VM (19.0-b09 mixed mode linux-x86 )
# Derivative: IcedTea6 1.9.10
# Distribution: Ubuntu 10.04.1 LTS, package 6b20-1.9.10-0ubuntu1~10.04.3
# Problematic frame:
# C  [libc.so.6+0x74fc6]
#
# If you would like to submit a bug report, please include
# instructions how to reproduce the bug and visit:
#   https://bugs.launchpad.net/ubuntu/+source/openjdk-6/
# The crash happened outside the Java Virtual Machine in native code.
# See problematic frame for where to report the bug.
#

---------------  T H R E A D  ---------------

Current thread (0x09b09000):  JavaThread "main" [_thread_in_native, id=3452, stack(0xb7825000,0xb7876000)]

siginfo:si_signo=SIGSEGV: si_errno=0, si_code=1 (SEGV_MAPERR), si_addr=0x00000000

Registers:
EAX=0x00000002, EBX=0xb7874af8, ECX=0x2de1d34a, EDX=0xb7874b8c
ESP=0xb7874a48, EBP=0xb7874a88, ESI=0x00000000, EDI=0x00000000
EIP=0x00184fc6, CR2=0x00000000, EFLAGS=0x00010202

Register to memory mapping:

EAX=0x00000002
0x00000002 is pointing to unknown location

EBX=0xb7874af8
0xb7874af8 is pointing into the stack for thread: 0x09b09000
"main" prio=10 tid=0x09b09000 nid=0xd7c runnable [0xb7874000]
   java.lang.Thread.State: RUNNABLE

ECX=0x2de1d34a
0x2de1d34a is pointing to unknown location

EDX=0xb7874b8c
0xb7874b8c is pointing into the stack for thread: 0x09b09000
"main" prio=10 tid=0x09b09000 nid=0xd7c runnable [0xb7874000]
   java.lang.Thread.State: RUNNABLE

ESP=0xb7874a48
0xb7874a48 is pointing into the stack for thread: 0x09b09000
"main" prio=10 tid=0x09b09000 nid=0xd7c runnable [0xb7874000]
   java.lang.Thread.State: RUNNABLE

EBP=0xb7874a88
0xb7874a88 is pointing into the stack for thread: 0x09b09000
"main" prio=10 tid=0x09b09000 nid=0xd7c runnable [0xb7874000]
   java.lang.Thread.State: RUNNABLE

ESI=0x00000000
0x00000000 is pointing to unknown location

EDI=0x00000000
0x00000000 is pointing to unknown location


Top of Stack: (sp=0xb7874a48)
0xb7874a48:   8081a6dc 0028dcad 00000000 00000000
0xb7874a58:   b7874d2a 00265ff4 80800010 00000000
0xb7874a68:   b7874a88 8081a648 b7874a88 001571db
0xb7874a78:   81343410 81343410 81343410 09b09000
0xb7874a88:   b7874d78 0028ebf1 b7874af8 00000000
0xb7874a98:   b7874d2a 00000000 0000ffff 00000001
0xb7874aa8:   00292d75 b7874bc8 b7874ad8 0017ac22
0xb7874ab8:   00292c08 80815578 b7874af4 b7874d2a 

Instructions: (pc=0x00184fc6)
0x00184fb6:   00 00 00 74 02 a4 49 50 89 c8 c1 e9 02 83 e0 03
0x00184fc6:   f3 a5 89 c1 f3 a4 58 89 c7 89 d6 8b 44 24 04 c3 

Stack: [0xb7825000,0xb7876000],  sp=0xb7874a48,  free space=318k
Native frames: (J=compiled Java code, j=interpreted, Vv=VM code, C=native code)
C  [libc.so.6+0x74fc6]
C  [libpacketlib.so+0x3bf1]  traverse_flow_list+0x331
C  [libpacketlib.so+0x3dbe]  get_flow_packets+0x9c
C  [libpacketlib.so+0x4848]  fill_flow_packets+0x6f
C  [libpacketlib.so+0x20d0]  Java_FileAccess_GetPacket_fillpackets+0x110
j  FileAccess.GetPacket.fillpackets()V+0
j  FileAccess.GetPacket.main([Ljava/lang/String;)V+148
v  ~StubRoutines::call_stub
V  [libjvm.so+0x387d72]
V  [libjvm.so+0x519369]
V  [libjvm.so+0x386caf]
V  [libjvm.so+0x39214c]
V  [libjvm.so+0x3a11ad]
C  [java+0x321d]  JavaMain+0xd4d
C  [libpthread.so.0+0x596e]

Java frames: (J=compiled Java code, j=interpreted, Vv=VM code)
j  FileAccess.GetPacket.fillpackets()V+0
j  FileAccess.GetPacket.main([Ljava/lang/String;)V+148
v  ~StubRoutines::call_stub

---------------  P R O C E S S  ---------------

Java Threads: ( => current thread )
  0x80802c00 JavaThread "Low Memory Detector" daemon [_thread_blocked, id=3461, stack(0x807af000,0x80800000)]
  0x80800c00 JavaThread "CompilerThread1" daemon [_thread_blocked, id=3460, stack(0x8091c000,0x8099d000)]
  0x09ba8800 JavaThread "CompilerThread0" daemon [_thread_blocked, id=3459, stack(0x8099d000,0x80a1e000)]
  0x09ba7400 JavaThread "Signal Dispatcher" daemon [_thread_blocked, id=3458, stack(0x80a1e000,0x80a6f000)]
  0x09b94000 JavaThread "Finalizer" daemon [_thread_blocked, id=3457, stack(0x80aae000,0x80aff000)]
  0x09b92c00 JavaThread "Reference Handler" daemon [_thread_blocked, id=3456, stack(0x80aff000,0x80b50000)]
=>0x09b09000 JavaThread "main" [_thread_in_native, id=3452, stack(0xb7825000,0xb7876000)]

Other Threads:
  0x09b8ec00 VMThread [stack: 0x80b50000,0x80bd1000] [id=3455]
  0x80804c00 WatcherThread [stack: 0x8072e000,0x807af000] [id=3462]

VM state:not at safepoint (normal execution)

VM Mutex/Monitor currently owned by a thread: None

Heap
 PSYoungGen      total 12992K, used 448K [0xa6010000, 0xa6e80000, 0xb4760000)
  eden space 11200K, 4% used [0xa6010000,0xa6080028,0xa6b00000)
  from space 1792K, 0% used [0xa6cc0000,0xa6cc0000,0xa6e80000)
  to   space 1792K, 0% used [0xa6b00000,0xa6b00000,0xa6cc0000)
 PSOldGen        total 29568K, used 0K [0x89160000, 0x8ae40000, 0xa6010000)
  object space 29568K, 0% used [0x89160000,0x89160000,0x8ae40000)
 PSPermGen       total 16384K, used 1951K [0x81160000, 0x82160000, 0x89160000)
  object space 16384K, 11% used [0x81160000,0x81347fc8,0x82160000)

Dynamic libraries:
00110000-00263000 r-xp 00000000 08:05 527197     /lib/tls/i686/cmov/libc-2.11.1.so
00263000-00264000 ---p 00153000 08:05 527197     /lib/tls/i686/cmov/libc-2.11.1.so
00264000-00266000 r--p 00153000 08:05 527197     /lib/tls/i686/cmov/libc-2.11.1.so
00266000-00267000 rw-p 00155000 08:05 527197     /lib/tls/i686/cmov/libc-2.11.1.so
00267000-0026a000 rw-p 00000000 00:00 0 
0026a000-0027d000 r-xp 00000000 08:05 527208     /lib/tls/i686/cmov/libnsl-2.11.1.so
0027d000-0027e000 r--p 00012000 08:05 527208     /lib/tls/i686/cmov/libnsl-2.11.1.so
0027e000-0027f000 rw-p 00013000 08:05 527208     /lib/tls/i686/cmov/libnsl-2.11.1.so
0027f000-00281000 rw-p 00000000 00:00 0 
00281000-00289000 r-xp 00000000 08:05 527218     /lib/tls/i686/cmov/libnss_nis-2.11.1.so
00289000-0028a000 r--p 00007000 08:05 527218     /lib/tls/i686/cmov/libnss_nis-2.11.1.so
0028a000-0028b000 rw-p 00008000 08:05 527218     /lib/tls/i686/cmov/libnss_nis-2.11.1.so
0028b000-00294000 r-xp 00000000 08:05 1589892    /usr/lib/libpacketlib.so
00294000-00295000 r--p 00008000 08:05 1589892    /usr/lib/libpacketlib.so
00295000-00296000 rw-p 00009000 08:05 1589892    /usr/lib/libpacketlib.so
002dc000-002df000 r-xp 00000000 08:05 1586197    /usr/lib/jvm/java-6-openjdk/jre/lib/i386/jli/libjli.so
002df000-002e0000 r--p 00003000 08:05 1586197    /usr/lib/jvm/java-6-openjdk/jre/lib/i386/jli/libjli.so
002e0000-002e1000 rw-p 00004000 08:05 1586197    /usr/lib/jvm/java-6-openjdk/jre/lib/i386/jli/libjli.so
002e7000-0030b000 r-xp 00000000 08:05 527205     /lib/tls/i686/cmov/libm-2.11.1.so
0030b000-0030c000 r--p 00023000 08:05 527205     /lib/tls/i686/cmov/libm-2.11.1.so
0030c000-0030d000 rw-p 00024000 08:05 527205     /lib/tls/i686/cmov/libm-2.11.1.so
0035d000-00369000 r-xp 00000000 08:05 1586225    /usr/lib/jvm/java-6-openjdk/jre/lib/i386/libverify.so
00369000-0036a000 r--p 0000b000 08:05 1586225    /usr/lib/jvm/java-6-openjdk/jre/lib/i386/libverify.so
0036a000-0036b000 rw-p 0000c000 08:05 1586225    /usr/lib/jvm/java-6-openjdk/jre/lib/i386/libverify.so
003e5000-003f8000 r-xp 00000000 08:05 523463     /lib/libz.so.1.2.3.3
003f8000-003f9000 r--p 00012000 08:05 523463     /lib/libz.so.1.2.3.3
003f9000-003fa000 rw-p 00013000 08:05 523463     /lib/libz.so.1.2.3.3
00579000-0059d000 r-xp 00000000 08:05 1586209    /usr/lib/jvm/java-6-openjdk/jre/lib/i386/libjava.so
0059d000-0059e000 r--p 00023000 08:05 1586209    /usr/lib/jvm/java-6-openjdk/jre/lib/i386/libjava.so
0059e000-005a0000 rw-p 00024000 08:05 1586209    /usr/lib/jvm/java-6-openjdk/jre/lib/i386/libjava.so
00671000-00677000 r-xp 00000000 08:05 527210     /lib/tls/i686/cmov/libnss_compat-2.11.1.so
00677000-00678000 r--p 00006000 08:05 527210     /lib/tls/i686/cmov/libnss_compat-2.11.1.so
00678000-00679000 rw-p 00007000 08:05 527210     /lib/tls/i686/cmov/libnss_compat-2.11.1.so
00692000-00699000 r-xp 00000000 08:05 1586226    /usr/lib/jvm/java-6-openjdk/jre/lib/i386/libzip.so
00699000-0069a000 r--p 00006000 08:05 1586226    /usr/lib/jvm/java-6-openjdk/jre/lib/i386/libzip.so
0069a000-0069b000 rw-p 00007000 08:05 1586226    /usr/lib/jvm/java-6-openjdk/jre/lib/i386/libzip.so
007d4000-007e9000 r-xp 00000000 08:05 527223     /lib/tls/i686/cmov/libpthread-2.11.1.so
007e9000-007ea000 r--p 00014000 08:05 527223     /lib/tls/i686/cmov/libpthread-2.11.1.so
007ea000-007eb000 rw-p 00015000 08:05 527223     /lib/tls/i686/cmov/libpthread-2.11.1.so
007eb000-007ed000 rw-p 00000000 00:00 0 
008f0000-008fa000 r-xp 00000000 08:05 527214     /lib/tls/i686/cmov/libnss_files-2.11.1.so
008fa000-008fb000 r--p 00009000 08:05 527214     /lib/tls/i686/cmov/libnss_files-2.11.1.so
008fb000-008fc000 rw-p 0000a000 08:05 527214     /lib/tls/i686/cmov/libnss_files-2.11.1.so
009bd000-009c4000 r-xp 00000000 08:05 527227     /lib/tls/i686/cmov/librt-2.11.1.so
009c4000-009c5000 r--p 00006000 08:05 527227     /lib/tls/i686/cmov/librt-2.11.1.so
009c5000-009c6000 rw-p 00007000 08:05 527227     /lib/tls/i686/cmov/librt-2.11.1.so
009ef000-009f6000 r-xp 00000000 08:05 1586228    /usr/lib/jvm/java-6-openjdk/jre/lib/i386/native_threads/libhpi.so
009f6000-009f7000 r--p 00006000 08:05 1586228    /usr/lib/jvm/java-6-openjdk/jre/lib/i386/native_threads/libhpi.so
009f7000-009f8000 rw-p 00007000 08:05 1586228    /usr/lib/jvm/java-6-openjdk/jre/lib/i386/native_threads/libhpi.so
00a7a000-00a7b000 r-xp 00000000 00:00 0          [vdso]
00b21000-00b23000 r-xp 00000000 08:05 527203     /lib/tls/i686/cmov/libdl-2.11.1.so
00b23000-00b24000 r--p 00001000 08:05 527203     /lib/tls/i686/cmov/libdl-2.11.1.so
00b24000-00b25000 rw-p 00002000 08:05 527203     /lib/tls/i686/cmov/libdl-2.11.1.so
00ba6000-00bc1000 r-xp 00000000 08:05 523290     /lib/ld-2.11.1.so
00bc1000-00bc2000 r--p 0001a000 08:05 523290     /lib/ld-2.11.1.so
00bc2000-00bc3000 rw-p 0001b000 08:05 523290     /lib/ld-2.11.1.so
00bc3000-01288000 r-xp 00000000 08:05 1586230    /usr/lib/jvm/java-6-openjdk/jre/lib/i386/server/libjvm.so
01288000-01289000 ---p 006c5000 08:05 1586230    /usr/lib/jvm/java-6-openjdk/jre/lib/i386/server/libjvm.so
01289000-012ce000 r--p 006c5000 08:05 1586230    /usr/lib/jvm/java-6-openjdk/jre/lib/i386/server/libjvm.so
012ce000-012dd000 rw-p 0070a000 08:05 1586230    /usr/lib/jvm/java-6-openjdk/jre/lib/i386/server/libjvm.so
012dd000-016fc000 rw-p 00000000 00:00 0 
08048000-08051000 r-xp 00000000 08:05 1586258    /usr/lib/jvm/java-6-openjdk/jre/bin/java
08051000-08052000 r--p 00008000 08:05 1586258    /usr/lib/jvm/java-6-openjdk/jre/bin/java
08052000-08053000 rw-p 00009000 08:05 1586258    /usr/lib/jvm/java-6-openjdk/jre/bin/java
09b02000-09bc8000 rw-p 00000000 00:00 0          [heap]
806ad000-8072e000 rw-p 00000000 00:00 0 
8072e000-8072f000 ---p 00000000 00:00 0 
8072f000-807af000 rw-p 00000000 00:00 0 
807af000-807b2000 ---p 00000000 00:00 0 
807b2000-80800000 rw-p 00000000 00:00 0 
80800000-80821000 rw-p 00000000 00:00 0 
80821000-80900000 ---p 00000000 00:00 0 
80913000-8091c000 r--s 00065000 08:05 6219       /usr/share/java/gnome-java-bridge.jar
8091c000-8091f000 ---p 00000000 00:00 0 
8091f000-8099d000 rw-p 00000000 00:00 0 
8099d000-809a0000 ---p 00000000 00:00 0 
809a0000-80a1e000 rw-p 00000000 00:00 0 
80a1e000-80a21000 ---p 00000000 00:00 0 
80a21000-80a6f000 rw-p 00000000 00:00 0 
80a6f000-80aae000 r--p 00000000 08:05 1577945    /usr/lib/locale/en_IN/LC_CTYPE
80aae000-80ab1000 ---p 00000000 00:00 0 
80ab1000-80aff000 rw-p 00000000 00:00 0 
80aff000-80b02000 ---p 00000000 00:00 0 
80b02000-80b50000 rw-p 00000000 00:00 0 
80b50000-80b51000 ---p 00000000 00:00 0 
80b51000-80bd1000 rw-p 00000000 00:00 0 
80bd1000-80bd3000 r--s 0001d000 08:05 1577596    /usr/lib/jvm/java-6-openjdk/jre/lib/plugin.jar
80bd3000-80bd8000 r--s 00045000 08:05 1577595    /usr/lib/jvm/java-6-openjdk/jre/lib/netx.jar
80bd8000-80c0b000 rw-p 00000000 00:00 0 
80c0b000-80d9a000 r--s 038c4000 08:05 1586189    /usr/lib/jvm/java-6-openjdk/jre/lib/rt.jar
80d9a000-80d9b000 ---p 00000000 00:00 0 
80d9b000-80e1b000 rw-p 00000000 00:00 0 
80e1b000-80e1c000 ---p 00000000 00:00 0 
80e1c000-80ea4000 rw-p 00000000 00:00 0 
80ea4000-80edc000 rw-p 00000000 00:00 0 
80edc000-80eeb000 rw-p 00000000 00:00 0 
80eeb000-80fc4000 rw-p 00000000 00:00 0 
80fc4000-80fcc000 rw-p 00000000 00:00 0 
80fcc000-81004000 rw-p 00000000 00:00 0 
81004000-81013000 rw-p 00000000 00:00 0 
81013000-810eb000 rw-p 00000000 00:00 0 
810eb000-810f3000 rw-p 00000000 00:00 0 
810f3000-8115f000 rw-p 00000000 00:00 0 
8115f000-82160000 rw-p 00000000 00:00 0 
82160000-89160000 rw-p 00000000 00:00 0 
89160000-8ae40000 rw-p 00000000 00:00 0 
8ae40000-a6010000 rw-p 00000000 00:00 0 
a6010000-a6e80000 rw-p 00000000 00:00 0 
a6e80000-b4760000 rw-p 00000000 00:00 0 
b4765000-b476e000 rw-p 00000000 00:00 0 
b476e000-b4825000 rw-p 00000000 00:00 0 
b4825000-b4a65000 rwxp 00000000 00:00 0 
b4a65000-b7825000 rw-p 00000000 00:00 0 
b7825000-b7828000 ---p 00000000 00:00 0 
b7828000-b7879000 rw-p 00000000 00:00 0 
b787c000-b787d000 rw-p 00000000 00:00 0 
b787e000-b7881000 r--s 0000f000 08:05 1577575    /usr/lib/jvm/java-6-openjdk/jre/lib/ext/pulse-java.jar
b7881000-b7889000 rw-s 00000000 08:05 670656     /tmp/hsperfdata_root/3448
b7889000-b788a000 rw-p 00000000 00:00 0 
b788a000-b788b000 r--p 00000000 00:00 0 
b788b000-b788d000 rw-p 00000000 00:00 0 
bff7c000-bff91000 rw-p 00000000 00:00 0          [stack]

VM Arguments:
jvm_args: -Dfile.encoding=UTF-8 
java_command: FileAccess.GetPacket
Launcher Type: SUN_STANDARD

Environment Variables:
PATH=/usr/local/sbin:/usr/local/bin:/usr/sbin:/usr/bin:/sbin:/bin:/usr/games
USERNAME=root
LD_LIBRARY_PATH=/usr/lib/jvm/java-6-openjdk/jre/lib/i386/server:/usr/lib/jvm/java-6-openjdk/jre/lib/i386:/usr/lib/jvm/java-6-openjdk/jre/../lib/i386:/usr/lib/jvm/java-6-openjdk/jre/lib/i386/client:/usr/lib/jvm/java-6-openjdk/jre/lib/i386:/usr/lib/jvm/java-6-openjdk/jre/../lib/i386
SHELL=/bin/bash
DISPLAY=:0.0

Signal Handlers:
SIGSEGV: [libjvm.so+0x64a040], sa_mask[0]=0x7ffbfeff, sa_flags=0x10000004
SIGBUS: [libjvm.so+0x64a040], sa_mask[0]=0x7ffbfeff, sa_flags=0x10000004
SIGFPE: [libjvm.so+0x51c0d0], sa_mask[0]=0x7ffbfeff, sa_flags=0x10000004
SIGPIPE: [libjvm.so+0x51c0d0], sa_mask[0]=0x7ffbfeff, sa_flags=0x10000004
SIGXFSZ: [libjvm.so+0x51c0d0], sa_mask[0]=0x7ffbfeff, sa_flags=0x10000004
SIGILL: [libjvm.so+0x51c0d0], sa_mask[0]=0x7ffbfeff, sa_flags=0x10000004
SIGUSR1: SIG_DFL, sa_mask[0]=0x00000000, sa_flags=0x00000000
SIGUSR2: [libjvm.so+0x51b780], sa_mask[0]=0x00000004, sa_flags=0x10000004
SIGHUP: [libjvm.so+0x51e2f0], sa_mask[0]=0x7ffbfeff, sa_flags=0x10000004
SIGINT: SIG_IGN, sa_mask[0]=0x00000000, sa_flags=0x00000000
SIGTERM: [libjvm.so+0x51e2f0], sa_mask[0]=0x7ffbfeff, sa_flags=0x10000004
SIGQUIT: [libjvm.so+0x51e2f0], sa_mask[0]=0x7ffbfeff, sa_flags=0x10000004


---------------  S Y S T E M  ---------------

OS:Ubuntu 10.04 (lucid)
uname:Linux 2.6.32-33-generic #70-Ubuntu SMP Thu Jul 7 21:09:46 UTC 2011 i686
libc:glibc 2.11.1 NPTL 2.11.1 
rlimit: STACK 8192k, CORE 0k, NPROC infinity, NOFILE 1024, AS infinity
load average:0.73 0.65 0.57

/proc/meminfo:
MemTotal:        2836956 kB
MemFree:         1199500 kB
Buffers:           74880 kB
Cached:           744204 kB
SwapCached:            0 kB
Active:           892476 kB
Inactive:         649692 kB
Active(anon):     723492 kB
Inactive(anon):     7296 kB
Active(file):     168984 kB
Inactive(file):   642396 kB
Unevictable:          16 kB
Mlocked:              16 kB
HighTotal:       1973064 kB
HighFree:         473928 kB
LowTotal:         863892 kB
LowFree:          725572 kB
SwapTotal:       3234808 kB
SwapFree:        3234808 kB
Dirty:                92 kB
Writeback:             0 kB
AnonPages:        723096 kB
Mapped:           148392 kB
Shmem:              7708 kB
Slab:              35956 kB
SReclaimable:      24468 kB
SUnreclaim:        11488 kB
KernelStack:        2912 kB
PageTables:         7996 kB
NFS_Unstable:          0 kB
Bounce:                0 kB
WritebackTmp:          0 kB
CommitLimit:     4653284 kB
Committed_AS:    1933664 kB
VmallocTotal:     122880 kB
VmallocUsed:       72908 kB
VmallocChunk:      42876 kB
HardwareCorrupted:     0 kB
HugePages_Total:       0
HugePages_Free:        0
HugePages_Rsvd:        0
HugePages_Surp:        0
Hugepagesize:       4096 kB
DirectMap4k:       12280 kB
DirectMap4M:      897024 kB


CPU:total 2 (2 cores per cpu, 1 threads per core) family 17 model 3 stepping 1, cmov, cx8, fxsr, mmx, sse, sse2, sse3, mmxext, 3dnow, 3dnowext

Memory: 4k page, physical 2836956k(1199500k free), swap 3234808k(3234808k free)

vm_info: OpenJDK Server VM (19.0-b09) for linux-x86 JRE (1.6.0_20-b20), built on Jan 21 2012 08:10:55 by "buildd" with gcc 4.4.3

time: Sun Mar 25 17:11:17 2012
elapsed time: 0 seconds

