#
# A fatal error has been detected by the Java Runtime Environment:
#
#  SIGSEGV (0xb) at pc=0x00494ed7, pid=5766, tid=2159283056
#
# JRE version: 6.0_20-b20
# Java VM: OpenJDK Server VM (19.0-b09 mixed mode linux-x86 )
# Derivative: IcedTea6 1.9.10
# Distribution: Ubuntu 10.04.1 LTS, package 6b20-1.9.10-0ubuntu1~10.04.3
# Problematic frame:
# 
[error occurred during error reporting (printing problematic frame), id 0xb]

# If you would like to submit a bug report, please include
# instructions how to reproduce the bug and visit:
#   https://bugs.launchpad.net/ubuntu/+source/openjdk-6/
#

---------------  T H R E A D  ---------------

Current thread (0x09c73c00):  VMThread [stack: 0x80ac0000,0x80b41000] [id=5774]

siginfo:si_signo=SIGSEGV: si_errno=0, si_code=1 (SEGV_MAPERR), si_addr=0x0000ae20

Registers:
EAX=0x0049ab4c, EBX=0x0049cff4, ECX=0x0049cf30, EDX=0x80b3fe80
ESP=0x80b3fe40, EBP=0x80b3fe58, ESI=0x00000011, EDI=0x09ca7cb0
EIP=0x00494ed7, CR2=0x0000ae20, EFLAGS=0x00010282

Register to memory mapping:

EAX=0x0049ab4c

[error occurred during error reporting (printing registers, top of stack, instructions near pc), id 0xb]

Stack: [0x80ac0000,0x80b41000],  sp=0x80b3fe40,  free space=511k
Native frames: (J=compiled Java code, j=interpreted, Vv=VM code, C=native code)

[error occurred during error reporting (printing native stack), id 0xb]

VM_Operation (0x80737c64): Exit, mode: safepoint, requested by thread 0x0a149c00


---------------  P R O C E S S  ---------------

Java Threads: ( => current thread )
  0x0a149c00 JavaThread "SIGTERM handler" daemon [_thread_blocked, id=6019, stack(0x806e8000,0x80739000)]
  0x09c93000 JavaThread "Low Memory Detector" daemon [_thread_blocked, id=5780, stack(0x8083b000,0x8088c000)]
  0x09c8f800 JavaThread "CompilerThread1" daemon [_thread_blocked, id=5779, stack(0x8088c000,0x8090d000)]
  0x09c8d800 JavaThread "CompilerThread0" daemon [_thread_blocked, id=5778, stack(0x8090d000,0x8098e000)]
  0x09c8c400 JavaThread "Signal Dispatcher" daemon [_thread_blocked, id=5777, stack(0x8098e000,0x809df000)]
  0x09c79000 JavaThread "Finalizer" daemon [_thread_blocked, id=5776, stack(0x80a1e000,0x80a6f000)]
  0x09c77c00 JavaThread "Reference Handler" daemon [_thread_blocked, id=5775, stack(0x80a6f000,0x80ac0000)]
  0x09bee000 JavaThread "main" [_thread_blocked, id=5769, stack(0xb779f000,0xb77f0000)]

Other Threads:
=>0x09c73c00 VMThread [stack: 0x80ac0000,0x80b41000] [id=5774]

VM state:at safepoint (shutting down)

VM Mutex/Monitor currently owned by a thread:  ([mutex/lock_event])
[0x09bebe60] Threads_lock - owner thread: 0x09c73c00

Heap
 PSYoungGen      total 10496K, used 643K [0xa5f80000, 0xa7330000, 0xb46d0000)
  eden space 10432K, 6% used [0xa5f80000,0xa601ceb0,0xa69b0000)
  from space 64K, 25% used [0xa69f0000,0xa69f4000,0xa6a00000)
  to   space 4864K, 0% used [0xa6e70000,0xa6e70000,0xa7330000)
 PSOldGen        total 29568K, used 4968K [0x890d0000, 0x8adb0000, 0xa5f80000)
  object space 29568K, 16% used [0x890d0000,0x895aa320,0x8adb0000)
 PSPermGen       total 16384K, used 2103K [0x810d0000, 0x820d0000, 0x890d0000)
  object space 16384K, 12% used [0x810d0000,0x812ddfe0,0x820d0000)

Dynamic libraries:
00110000-00134000 r-xp 00000000 08:05 527205     /lib/tls/i686/cmov/libm-2.11.1.so
00134000-00135000 r--p 00023000 08:05 527205     /lib/tls/i686/cmov/libm-2.11.1.so
00135000-00136000 rw-p 00024000 08:05 527205     /lib/tls/i686/cmov/libm-2.11.1.so
00136000-00142000 r-xp 00000000 08:05 1586225    /usr/lib/jvm/java-6-openjdk/jre/lib/i386/libverify.so
00142000-00143000 r--p 0000b000 08:05 1586225    /usr/lib/jvm/java-6-openjdk/jre/lib/i386/libverify.so
00143000-00144000 rw-p 0000c000 08:05 1586225    /usr/lib/jvm/java-6-openjdk/jre/lib/i386/libverify.so
00144000-00157000 r-xp 00000000 08:05 527208     /lib/tls/i686/cmov/libnsl-2.11.1.so
00157000-00158000 r--p 00012000 08:05 527208     /lib/tls/i686/cmov/libnsl-2.11.1.so
00158000-00159000 rw-p 00013000 08:05 527208     /lib/tls/i686/cmov/libnsl-2.11.1.so
00159000-0015b000 rw-p 00000000 00:00 0 
0015b000-00162000 r-xp 00000000 08:05 1586228    /usr/lib/jvm/java-6-openjdk/jre/lib/i386/native_threads/libhpi.so
00162000-00163000 r--p 00006000 08:05 1586228    /usr/lib/jvm/java-6-openjdk/jre/lib/i386/native_threads/libhpi.so
00163000-00164000 rw-p 00007000 08:05 1586228    /usr/lib/jvm/java-6-openjdk/jre/lib/i386/native_threads/libhpi.so
00164000-0016e000 r-xp 00000000 08:05 527214     /lib/tls/i686/cmov/libnss_files-2.11.1.so
0016e000-0016f000 r--p 00009000 08:05 527214     /lib/tls/i686/cmov/libnss_files-2.11.1.so
0016f000-00170000 rw-p 0000a000 08:05 527214     /lib/tls/i686/cmov/libnss_files-2.11.1.so
001f1000-001f9000 r-xp 00000000 08:05 527218     /lib/tls/i686/cmov/libnss_nis-2.11.1.so
001f9000-001fa000 r--p 00007000 08:05 527218     /lib/tls/i686/cmov/libnss_nis-2.11.1.so
001fa000-001fb000 rw-p 00008000 08:05 527218     /lib/tls/i686/cmov/libnss_nis-2.11.1.so
002ce000-00421000 r-xp 00000000 08:05 527197     /lib/tls/i686/cmov/libc-2.11.1.so
00421000-00422000 ---p 00153000 08:05 527197     /lib/tls/i686/cmov/libc-2.11.1.so
00422000-00424000 r--p 00153000 08:05 527197     /lib/tls/i686/cmov/libc-2.11.1.so
00424000-00425000 rw-p 00155000 08:05 527197     /lib/tls/i686/cmov/libc-2.11.1.so
00425000-00428000 rw-p 00000000 00:00 0 
00447000-0044e000 r-xp 00000000 08:05 527227     /lib/tls/i686/cmov/librt-2.11.1.so
0044e000-0044f000 r--p 00006000 08:05 527227     /lib/tls/i686/cmov/librt-2.11.1.so
0044f000-00450000 rw-p 00007000 08:05 527227     /lib/tls/i686/cmov/librt-2.11.1.so
00493000-0049c000 r-xp 00000000 08:05 1589892    /usr/lib/libpacketlib.so
0049c000-0049d000 r--p 00008000 08:05 1589892    /usr/lib/libpacketlib.so
0049d000-0049e000 rw-p 00009000 08:05 1589892    /usr/lib/libpacketlib.so
0056b000-00580000 r-xp 00000000 08:05 527223     /lib/tls/i686/cmov/libpthread-2.11.1.so
00580000-00581000 r--p 00014000 08:05 527223     /lib/tls/i686/cmov/libpthread-2.11.1.so
00581000-00582000 rw-p 00015000 08:05 527223     /lib/tls/i686/cmov/libpthread-2.11.1.so
00582000-00584000 rw-p 00000000 00:00 0 
00638000-0065c000 r-xp 00000000 08:05 1586209    /usr/lib/jvm/java-6-openjdk/jre/lib/i386/libjava.so
0065c000-0065d000 r--p 00023000 08:05 1586209    /usr/lib/jvm/java-6-openjdk/jre/lib/i386/libjava.so
0065d000-0065f000 rw-p 00024000 08:05 1586209    /usr/lib/jvm/java-6-openjdk/jre/lib/i386/libjava.so
006a6000-006c1000 r-xp 00000000 08:05 523290     /lib/ld-2.11.1.so
006c1000-006c2000 r--p 0001a000 08:05 523290     /lib/ld-2.11.1.so
006c2000-006c3000 rw-p 0001b000 08:05 523290     /lib/ld-2.11.1.so
00877000-00878000 r-xp 00000000 00:00 0          [vdso]
009de000-009e1000 r-xp 00000000 08:05 1586197    /usr/lib/jvm/java-6-openjdk/jre/lib/i386/jli/libjli.so
009e1000-009e2000 r--p 00003000 08:05 1586197    /usr/lib/jvm/java-6-openjdk/jre/lib/i386/jli/libjli.so
009e2000-009e3000 rw-p 00004000 08:05 1586197    /usr/lib/jvm/java-6-openjdk/jre/lib/i386/jli/libjli.so
00a05000-00a0c000 r-xp 00000000 08:05 1586226    /usr/lib/jvm/java-6-openjdk/jre/lib/i386/libzip.so
00a0c000-00a0d000 r--p 00006000 08:05 1586226    /usr/lib/jvm/java-6-openjdk/jre/lib/i386/libzip.so
00a0d000-00a0e000 rw-p 00007000 08:05 1586226    /usr/lib/jvm/java-6-openjdk/jre/lib/i386/libzip.so
00aa4000-00aaa000 r-xp 00000000 08:05 527210     /lib/tls/i686/cmov/libnss_compat-2.11.1.so
00aaa000-00aab000 r--p 00006000 08:05 527210     /lib/tls/i686/cmov/libnss_compat-2.11.1.so
00aab000-00aac000 rw-p 00007000 08:05 527210     /lib/tls/i686/cmov/libnss_compat-2.11.1.so
00b7d000-00b7f000 r-xp 00000000 08:05 527203     /lib/tls/i686/cmov/libdl-2.11.1.so
00b7f000-00b80000 r--p 00001000 08:05 527203     /lib/tls/i686/cmov/libdl-2.11.1.so
00b80000-00b81000 rw-p 00002000 08:05 527203     /lib/tls/i686/cmov/libdl-2.11.1.so
00d12000-00d25000 r-xp 00000000 08:05 523463     /lib/libz.so.1.2.3.3
00d25000-00d26000 r--p 00012000 08:05 523463     /lib/libz.so.1.2.3.3
00d26000-00d27000 rw-p 00013000 08:05 523463     /lib/libz.so.1.2.3.3
00d27000-013ec000 r-xp 00000000 08:05 1586230    /usr/lib/jvm/java-6-openjdk/jre/lib/i386/server/libjvm.so
013ec000-013ed000 ---p 006c5000 08:05 1586230    /usr/lib/jvm/java-6-openjdk/jre/lib/i386/server/libjvm.so
013ed000-01432000 r--p 006c5000 08:05 1586230    /usr/lib/jvm/java-6-openjdk/jre/lib/i386/server/libjvm.so
01432000-01441000 rw-p 0070a000 08:05 1586230    /usr/lib/jvm/java-6-openjdk/jre/lib/i386/server/libjvm.so
01441000-01860000 rw-p 00000000 00:00 0 
08048000-08051000 r-xp 00000000 08:05 1586258    /usr/lib/jvm/java-6-openjdk/jre/bin/java
08051000-08052000 r--p 00008000 08:05 1586258    /usr/lib/jvm/java-6-openjdk/jre/bin/java
08052000-08053000 rw-p 00009000 08:05 1586258    /usr/lib/jvm/java-6-openjdk/jre/bin/java
09be7000-0a5b3000 rw-p 00000000 00:00 0          [heap]
806e8000-806eb000 ---p 00000000 00:00 0 
806eb000-807ba000 rw-p 00000000 00:00 0 
807ba000-807bb000 ---p 00000000 00:00 0 
807bb000-8083b000 rw-p 00000000 00:00 0 
8083b000-8083e000 ---p 00000000 00:00 0 
8083e000-8088c000 rw-p 00000000 00:00 0 
8088c000-8088f000 ---p 00000000 00:00 0 
8088f000-8090d000 rw-p 00000000 00:00 0 
8090d000-80910000 ---p 00000000 00:00 0 
80910000-8098e000 rw-p 00000000 00:00 0 
8098e000-80991000 ---p 00000000 00:00 0 
80991000-809df000 rw-p 00000000 00:00 0 
809df000-80a1e000 r--p 00000000 08:05 1577945    /usr/lib/locale/en_IN/LC_CTYPE
80a1e000-80a21000 ---p 00000000 00:00 0 
80a21000-80a6f000 rw-p 00000000 00:00 0 
80a6f000-80a72000 ---p 00000000 00:00 0 
80a72000-80ac0000 rw-p 00000000 00:00 0 
80ac0000-80ac1000 ---p 00000000 00:00 0 
80ac1000-80b41000 rw-p 00000000 00:00 0 
80b41000-80b43000 r--s 0001d000 08:05 1577596    /usr/lib/jvm/java-6-openjdk/jre/lib/plugin.jar
80b43000-80b48000 r--s 00045000 08:05 1577595    /usr/lib/jvm/java-6-openjdk/jre/lib/netx.jar
80b48000-80b7b000 rw-p 00000000 00:00 0 
80b7b000-80d0a000 r--s 038c4000 08:05 1586189    /usr/lib/jvm/java-6-openjdk/jre/lib/rt.jar
80d0a000-80d0b000 ---p 00000000 00:00 0 
80d0b000-80d8b000 rw-p 00000000 00:00 0 
80d8b000-80d8c000 ---p 00000000 00:00 0 
80d8c000-80e14000 rw-p 00000000 00:00 0 
80e14000-80e4c000 rw-p 00000000 00:00 0 
80e4c000-80e5b000 rw-p 00000000 00:00 0 
80e5b000-80f34000 rw-p 00000000 00:00 0 
80f34000-80f3c000 rw-p 00000000 00:00 0 
80f3c000-80f74000 rw-p 00000000 00:00 0 
80f74000-80f83000 rw-p 00000000 00:00 0 
80f83000-8105b000 rw-p 00000000 00:00 0 
8105b000-81066000 rw-p 00000000 00:00 0 
81066000-810cf000 rw-p 00000000 00:00 0 
810cf000-820d0000 rw-p 00000000 00:00 0 
820d0000-890d0000 rw-p 00000000 00:00 0 
890d0000-8adb0000 rw-p 00000000 00:00 0 
8adb0000-a5f80000 rw-p 00000000 00:00 0 
a5f80000-a7330000 rw-p 00000000 00:00 0 
a7330000-a73b0000 ---p 00000000 00:00 0 
a73b0000-b46d0000 rw-p 00000000 00:00 0 
b46d4000-b46d5000 rw-p 00000000 00:00 0 
b46d6000-b46df000 r--s 00065000 08:05 6219       /usr/share/java/gnome-java-bridge.jar
b46df000-b46e8000 rw-p 00000000 00:00 0 
b46e8000-b479f000 rw-p 00000000 00:00 0 
b479f000-b49df000 rwxp 00000000 00:00 0 
b49df000-b779f000 rw-p 00000000 00:00 0 
b779f000-b77a2000 ---p 00000000 00:00 0 
b77a2000-b77f3000 rw-p 00000000 00:00 0 
b77f8000-b77fb000 r--s 0000f000 08:05 1577575    /usr/lib/jvm/java-6-openjdk/jre/lib/ext/pulse-java.jar
b77fb000-b7803000 rw-s 00000000 08:05 666827     /tmp/hsperfdata_root/5766 (deleted)
b7803000-b7804000 rw-p 00000000 00:00 0 
b7804000-b7805000 ---p 00000000 00:00 0 
b7805000-b7807000 rw-p 00000000 00:00 0 
bfc09000-bfc1e000 rw-p 00000000 00:00 0          [stack]

VM Arguments:
jvm_args: -Dfile.encoding=UTF-8 
java_command: FileAccess.GetPacket
Launcher Type: SUN_STANDARD

Environment Variables:
PATH=/usr/local/sbin:/usr/local/bin:/usr/sbin:/usr/bin:/sbin:/bin:/usr/games
USERNAME=root
LD_LIBRARY_PATH=/usr/lib/jvm/java-6-openjdk/jre/lib/i386/server:/usr/lib/jvm/java-6-openjdk/jre/lib/i386:/usr/lib/jvm/java-6-openjdk/jre/../lib/i386:/usr/lib/jvm/java-6-openjdk/jre/lib/i386/client:/usr/lib/jvm/java-6-openjdk/jre/lib/i386:/usr/lib/jvm/java-6-openjdk/jre/../lib/i386
SHELL=/bin/bash
DISPLAY=:0.0

Signal Handlers:
SIGSEGV: [libjvm.so+0x64a040], sa_mask[0]=0x7ffbfeff, sa_flags=0x10000004
SIGBUS: [libjvm.so+0x64a040], sa_mask[0]=0x7ffbfeff, sa_flags=0x10000004
SIGFPE: [libjvm.so+0x51c0d0], sa_mask[0]=0x7ffbfeff, sa_flags=0x10000004
SIGPIPE: [libjvm.so+0x51c0d0], sa_mask[0]=0x7ffbfeff, sa_flags=0x10000004
SIGXFSZ: [libjvm.so+0x51c0d0], sa_mask[0]=0x7ffbfeff, sa_flags=0x10000004
SIGILL: [libjvm.so+0x51c0d0], sa_mask[0]=0x7ffbfeff, sa_flags=0x10000004
SIGUSR1: SIG_DFL, sa_mask[0]=0x00000000, sa_flags=0x00000000
SIGUSR2: [libjvm.so+0x51b780], sa_mask[0]=0x00000004, sa_flags=0x10000004
SIGHUP: [libjvm.so+0x51e2f0], sa_mask[0]=0x7ffbfeff, sa_flags=0x10000004
SIGINT: SIG_IGN, sa_mask[0]=0x00000000, sa_flags=0x00000000
SIGTERM: [libjvm.so+0x51e2f0], sa_mask[0]=0x7ffbfeff, sa_flags=0x10000004
SIGQUIT: [libjvm.so+0x51e2f0], sa_mask[0]=0x7ffbfeff, sa_flags=0x10000004


---------------  S Y S T E M  ---------------

OS:Ubuntu 10.04 (lucid)
uname:Linux 2.6.32-33-generic #70-Ubuntu SMP Thu Jul 7 21:09:46 UTC 2011 i686
libc:glibc 2.11.1 NPTL 2.11.1 
rlimit: STACK 8192k, CORE 0k, NPROC infinity, NOFILE 1024, AS infinity
load average:3.63 3.47 3.29

/proc/meminfo:
MemTotal:        2836956 kB
MemFree:         2261456 kB
Buffers:           43140 kB
Cached:           429404 kB
SwapCached:         1124 kB
Active:           170340 kB
Inactive:         344660 kB
Active(anon):      40780 kB
Inactive(anon):     1920 kB
Active(file):     129560 kB
Inactive(file):   342740 kB
Unevictable:           0 kB
Mlocked:               0 kB
HighTotal:       1973064 kB
HighFree:        1493696 kB
LowTotal:         863892 kB
LowFree:          767760 kB
SwapTotal:       3234808 kB
SwapFree:        3232624 kB
Dirty:                16 kB
Writeback:             0 kB
AnonPages:         41648 kB
Mapped:            13804 kB
Shmem:               196 kB
Slab:              27896 kB
SReclaimable:      20936 kB
SUnreclaim:         6960 kB
KernelStack:         832 kB
PageTables:          592 kB
NFS_Unstable:          0 kB
Bounce:                0 kB
WritebackTmp:          0 kB
CommitLimit:     4653284 kB
Committed_AS:     101268 kB
VmallocTotal:     122880 kB
VmallocUsed:       73052 kB
VmallocChunk:      42876 kB
HardwareCorrupted:     0 kB
HugePages_Total:       0
HugePages_Free:        0
HugePages_Rsvd:        0
HugePages_Surp:        0
Hugepagesize:       4096 kB
DirectMap4k:       12280 kB
DirectMap4M:      897024 kB


CPU:total 2 (2 cores per cpu, 1 threads per core) family 17 model 3 stepping 1, cmov, cx8, fxsr, mmx, sse, sse2, sse3, mmxext, 3dnow, 3dnowext

Memory: 4k page, physical 2836956k(2261456k free), swap 3234808k(3232624k free)

vm_info: OpenJDK Server VM (19.0-b09) for linux-x86 JRE (1.6.0_20-b20), built on Jan 21 2012 08:10:55 by "buildd" with gcc 4.4.3

time: Thu Mar 22 16:35:55 2012
elapsed time: 558 seconds

