#
# A fatal error has been detected by the Java Runtime Environment:
#
#  SIGSEGV (0xb) at pc=0x007d96c2, pid=10436, tid=3077835632
#
# JRE version: 6.0_20-b20
# Java VM: OpenJDK Server VM (19.0-b09 mixed mode linux-x86 )
# Derivative: IcedTea6 1.9.10
# Distribution: Ubuntu 10.04.1 LTS, package 6b20-1.9.10-0ubuntu1~10.04.3
# Problematic frame:
# C  [libvminfo.so+0x6c2]  read_vm_info+0x62
#
# If you would like to submit a bug report, please include
# instructions how to reproduce the bug and visit:
#   https://bugs.launchpad.net/ubuntu/+source/openjdk-6/
# The crash happened outside the Java Virtual Machine in native code.
# See problematic frame for where to report the bug.
#

---------------  T H R E A D  ---------------

Current thread (0x09af0000):  JavaThread "main" [_thread_in_native, id=10439, stack(0xb76f0000,0xb7741000)]

siginfo:si_signo=SIGSEGV: si_errno=0, si_code=1 (SEGV_MAPERR), si_addr=0x000000a0

Registers:
EAX=0x00000000, EBX=0x812129a0, ECX=0x09ba85c0, EDX=0x09ba8738
ESP=0xb773ff80, EBP=0xb773ffc8, ESI=0x812129a0, EDI=0x09af0000
EIP=0x007d96c2, CR2=0x000000a0, EFLAGS=0x00010206

Register to memory mapping:

EAX=0x00000000
0x00000000 is pointing to unknown location

EBX=0x812129a0
{method} 
 - klass: {other class}

ECX=0x09ba85c0
0x09ba85c0 is pointing to unknown location

EDX=0x09ba8738
0x09ba8738 is pointing to unknown location

ESP=0xb773ff80
0xb773ff80 is pointing into the stack for thread: 0x09af0000
"main" prio=10 tid=0x09af0000 nid=0x28c7 runnable [0xb7740000]
   java.lang.Thread.State: RUNNABLE

EBP=0xb773ffc8
0xb773ffc8 is pointing into the stack for thread: 0x09af0000
"main" prio=10 tid=0x09af0000 nid=0x28c7 runnable [0xb7740000]
   java.lang.Thread.State: RUNNABLE

ESI=0x812129a0
{method} 
 - klass: {other class}

EDI=0x09af0000
"main" prio=10 tid=0x09af0000 nid=0x28c7 runnable [0xb7740000]
   java.lang.Thread.State: RUNNABLE


Top of Stack: (sp=0xb773ff80)
0xb773ff80:   09ba8738 000000a4 00000001 09ba8528
0xb773ff90:   010d282e b46f2688 b773ffb8 00265ff4
0xb773ffa0:   812129a0 09af0000 b773ffc8 09ba8528
0xb773ffb0:   00000000 09ba8690 09ba8738 007d9978
0xb773ffc0:   812129a0 812129a0 b7740008 007d9801
0xb773ffd0:   007d9978 b774004c b47022f4 09af0000
0xb773ffe0:   00000000 b7740070 b774004c b774004c
0xb773fff0:   812129a0 812129a0 09af0000 b774003c 

Instructions: (pc=0x007d96c2)
0x007d96b2:   45 e8 8b 45 e8 89 45 ec eb 18 8b 45 e8 8b 55 f0
0x007d96c2:   89 90 a0 00 00 00 8b 45 e8 8b 80 a0 00 00 00 89 

Stack: [0xb76f0000,0xb7741000],  sp=0xb773ff80,  free space=319k
Native frames: (J=compiled Java code, j=interpreted, Vv=VM code, C=native code)
C  [libvminfo.so+0x6c2]  read_vm_info+0x62
C  [libvminfo.so+0x801]  Java_FileAccess_VMInfo_fillInfo+0x18
j  FileAccess.VMInfo.fillInfo()V+0
j  FileAccess.VMInfo.main([Ljava/lang/String;)V+9
v  ~StubRoutines::call_stub
V  [libjvm.so+0x387d72]
V  [libjvm.so+0x519369]
V  [libjvm.so+0x386caf]
V  [libjvm.so+0x39214c]
V  [libjvm.so+0x3a11ad]
C  [java+0x321d]  JavaMain+0xd4d
C  [libpthread.so.0+0x596e]

Java frames: (J=compiled Java code, j=interpreted, Vv=VM code)
j  FileAccess.VMInfo.fillInfo()V+0
j  FileAccess.VMInfo.main([Ljava/lang/String;)V+9
v  ~StubRoutines::call_stub

---------------  P R O C E S S  ---------------

Java Threads: ( => current thread )
  0x09b93400 JavaThread "Low Memory Detector" daemon [_thread_blocked, id=10449, stack(0x8081c000,0x8086d000)]
  0x09b91800 JavaThread "CompilerThread1" daemon [_thread_blocked, id=10448, stack(0x8067f000,0x80700000)]
  0x09b8f800 JavaThread "CompilerThread0" daemon [_thread_blocked, id=10447, stack(0x8086d000,0x808ee000)]
  0x09b8e000 JavaThread "Signal Dispatcher" daemon [_thread_blocked, id=10446, stack(0x808ee000,0x8093f000)]
  0x09b7b000 JavaThread "Finalizer" daemon [_thread_blocked, id=10445, stack(0x8097e000,0x809cf000)]
  0x09b79800 JavaThread "Reference Handler" daemon [_thread_blocked, id=10444, stack(0x809cf000,0x80a20000)]
=>0x09af0000 JavaThread "main" [_thread_in_native, id=10439, stack(0xb76f0000,0xb7741000)]

Other Threads:
  0x09b75c00 VMThread [stack: 0x80a20000,0x80aa1000] [id=10443]
  0x09b95800 WatcherThread [stack: 0x805fe000,0x8067f000] [id=10450]

VM state:not at safepoint (normal execution)

VM Mutex/Monitor currently owned by a thread: None

Heap
 PSYoungGen      total 12992K, used 448K [0xa5ee0000, 0xa6d50000, 0xb4630000)
  eden space 11200K, 4% used [0xa5ee0000,0xa5f50060,0xa69d0000)
  from space 1792K, 0% used [0xa6b90000,0xa6b90000,0xa6d50000)
  to   space 1792K, 0% used [0xa69d0000,0xa69d0000,0xa6b90000)
 PSOldGen        total 29568K, used 0K [0x89030000, 0x8ad10000, 0xa5ee0000)
  object space 29568K, 0% used [0x89030000,0x89030000,0x8ad10000)
 PSPermGen       total 16384K, used 1932K [0x81030000, 0x82030000, 0x89030000)
  object space 16384K, 11% used [0x81030000,0x81213018,0x82030000)

Dynamic libraries:
00110000-00263000 r-xp 00000000 08:05 527197     /lib/tls/i686/cmov/libc-2.11.1.so
00263000-00264000 ---p 00153000 08:05 527197     /lib/tls/i686/cmov/libc-2.11.1.so
00264000-00266000 r--p 00153000 08:05 527197     /lib/tls/i686/cmov/libc-2.11.1.so
00266000-00267000 rw-p 00155000 08:05 527197     /lib/tls/i686/cmov/libc-2.11.1.so
00267000-0026a000 rw-p 00000000 00:00 0 
0026a000-0028e000 r-xp 00000000 08:05 527205     /lib/tls/i686/cmov/libm-2.11.1.so
0028e000-0028f000 r--p 00023000 08:05 527205     /lib/tls/i686/cmov/libm-2.11.1.so
0028f000-00290000 rw-p 00024000 08:05 527205     /lib/tls/i686/cmov/libm-2.11.1.so
00290000-002a3000 r-xp 00000000 08:05 527208     /lib/tls/i686/cmov/libnsl-2.11.1.so
002a3000-002a4000 r--p 00012000 08:05 527208     /lib/tls/i686/cmov/libnsl-2.11.1.so
002a4000-002a5000 rw-p 00013000 08:05 527208     /lib/tls/i686/cmov/libnsl-2.11.1.so
002a5000-002a7000 rw-p 00000000 00:00 0 
00482000-00489000 r-xp 00000000 08:05 527227     /lib/tls/i686/cmov/librt-2.11.1.so
00489000-0048a000 r--p 00006000 08:05 527227     /lib/tls/i686/cmov/librt-2.11.1.so
0048a000-0048b000 rw-p 00007000 08:05 527227     /lib/tls/i686/cmov/librt-2.11.1.so
0052d000-00530000 r-xp 00000000 08:05 1586197    /usr/lib/jvm/java-6-openjdk/jre/lib/i386/jli/libjli.so
00530000-00531000 r--p 00003000 08:05 1586197    /usr/lib/jvm/java-6-openjdk/jre/lib/i386/jli/libjli.so
00531000-00532000 rw-p 00004000 08:05 1586197    /usr/lib/jvm/java-6-openjdk/jre/lib/i386/jli/libjli.so
0053a000-0055e000 r-xp 00000000 08:05 1586209    /usr/lib/jvm/java-6-openjdk/jre/lib/i386/libjava.so
0055e000-0055f000 r--p 00023000 08:05 1586209    /usr/lib/jvm/java-6-openjdk/jre/lib/i386/libjava.so
0055f000-00561000 rw-p 00024000 08:05 1586209    /usr/lib/jvm/java-6-openjdk/jre/lib/i386/libjava.so
007ad000-007b4000 r-xp 00000000 08:05 1586226    /usr/lib/jvm/java-6-openjdk/jre/lib/i386/libzip.so
007b4000-007b5000 r--p 00006000 08:05 1586226    /usr/lib/jvm/java-6-openjdk/jre/lib/i386/libzip.so
007b5000-007b6000 rw-p 00007000 08:05 1586226    /usr/lib/jvm/java-6-openjdk/jre/lib/i386/libzip.so
007d9000-007da000 r-xp 00000000 08:05 1592433    /usr/lib/libvminfo.so
007da000-007db000 r--p 00000000 08:05 1592433    /usr/lib/libvminfo.so
007db000-007dc000 rw-p 00001000 08:05 1592433    /usr/lib/libvminfo.so
007f3000-00808000 r-xp 00000000 08:05 527223     /lib/tls/i686/cmov/libpthread-2.11.1.so
00808000-00809000 r--p 00014000 08:05 527223     /lib/tls/i686/cmov/libpthread-2.11.1.so
00809000-0080a000 rw-p 00015000 08:05 527223     /lib/tls/i686/cmov/libpthread-2.11.1.so
0080a000-0080c000 rw-p 00000000 00:00 0 
00845000-0084f000 r-xp 00000000 08:05 527214     /lib/tls/i686/cmov/libnss_files-2.11.1.so
0084f000-00850000 r--p 00009000 08:05 527214     /lib/tls/i686/cmov/libnss_files-2.11.1.so
00850000-00851000 rw-p 0000a000 08:05 527214     /lib/tls/i686/cmov/libnss_files-2.11.1.so
008e7000-00902000 r-xp 00000000 08:05 523290     /lib/ld-2.11.1.so
00902000-00903000 r--p 0001a000 08:05 523290     /lib/ld-2.11.1.so
00903000-00904000 rw-p 0001b000 08:05 523290     /lib/ld-2.11.1.so
00a10000-00a16000 r-xp 00000000 08:05 527210     /lib/tls/i686/cmov/libnss_compat-2.11.1.so
00a16000-00a17000 r--p 00006000 08:05 527210     /lib/tls/i686/cmov/libnss_compat-2.11.1.so
00a17000-00a18000 rw-p 00007000 08:05 527210     /lib/tls/i686/cmov/libnss_compat-2.11.1.so
00a34000-00a47000 r-xp 00000000 08:05 523463     /lib/libz.so.1.2.3.3
00a47000-00a48000 r--p 00012000 08:05 523463     /lib/libz.so.1.2.3.3
00a48000-00a49000 rw-p 00013000 08:05 523463     /lib/libz.so.1.2.3.3
00a53000-00a5a000 r-xp 00000000 08:05 1586228    /usr/lib/jvm/java-6-openjdk/jre/lib/i386/native_threads/libhpi.so
00a5a000-00a5b000 r--p 00006000 08:05 1586228    /usr/lib/jvm/java-6-openjdk/jre/lib/i386/native_threads/libhpi.so
00a5b000-00a5c000 rw-p 00007000 08:05 1586228    /usr/lib/jvm/java-6-openjdk/jre/lib/i386/native_threads/libhpi.so
00ab1000-00ab2000 r-xp 00000000 00:00 0          [vdso]
00bcd000-00bd9000 r-xp 00000000 08:05 1586225    /usr/lib/jvm/java-6-openjdk/jre/lib/i386/libverify.so
00bd9000-00bda000 r--p 0000b000 08:05 1586225    /usr/lib/jvm/java-6-openjdk/jre/lib/i386/libverify.so
00bda000-00bdb000 rw-p 0000c000 08:05 1586225    /usr/lib/jvm/java-6-openjdk/jre/lib/i386/libverify.so
00d31000-00d39000 r-xp 00000000 08:05 527218     /lib/tls/i686/cmov/libnss_nis-2.11.1.so
00d39000-00d3a000 r--p 00007000 08:05 527218     /lib/tls/i686/cmov/libnss_nis-2.11.1.so
00d3a000-00d3b000 rw-p 00008000 08:05 527218     /lib/tls/i686/cmov/libnss_nis-2.11.1.so
00d4a000-00d4c000 r-xp 00000000 08:05 527203     /lib/tls/i686/cmov/libdl-2.11.1.so
00d4c000-00d4d000 r--p 00001000 08:05 527203     /lib/tls/i686/cmov/libdl-2.11.1.so
00d4d000-00d4e000 rw-p 00002000 08:05 527203     /lib/tls/i686/cmov/libdl-2.11.1.so
00d4e000-01413000 r-xp 00000000 08:05 1586230    /usr/lib/jvm/java-6-openjdk/jre/lib/i386/server/libjvm.so
01413000-01414000 ---p 006c5000 08:05 1586230    /usr/lib/jvm/java-6-openjdk/jre/lib/i386/server/libjvm.so
01414000-01459000 r--p 006c5000 08:05 1586230    /usr/lib/jvm/java-6-openjdk/jre/lib/i386/server/libjvm.so
01459000-01468000 rw-p 0070a000 08:05 1586230    /usr/lib/jvm/java-6-openjdk/jre/lib/i386/server/libjvm.so
01468000-01887000 rw-p 00000000 00:00 0 
08048000-08051000 r-xp 00000000 08:05 1586258    /usr/lib/jvm/java-6-openjdk/jre/bin/java
08051000-08052000 r--p 00008000 08:05 1586258    /usr/lib/jvm/java-6-openjdk/jre/bin/java
08052000-08053000 rw-p 00009000 08:05 1586258    /usr/lib/jvm/java-6-openjdk/jre/bin/java
09ae9000-09bb7000 rw-p 00000000 00:00 0          [heap]
805fe000-805ff000 ---p 00000000 00:00 0 
805ff000-8067f000 rw-p 00000000 00:00 0 
8067f000-80682000 ---p 00000000 00:00 0 
80682000-80700000 rw-p 00000000 00:00 0 
80700000-80721000 rw-p 00000000 00:00 0 
80721000-80800000 ---p 00000000 00:00 0 
80813000-8081c000 r--s 00065000 08:05 6219       /usr/share/java/gnome-java-bridge.jar
8081c000-8081f000 ---p 00000000 00:00 0 
8081f000-8086d000 rw-p 00000000 00:00 0 
8086d000-80870000 ---p 00000000 00:00 0 
80870000-808ee000 rw-p 00000000 00:00 0 
808ee000-808f1000 ---p 00000000 00:00 0 
808f1000-8093f000 rw-p 00000000 00:00 0 
8093f000-8097e000 r--p 00000000 08:05 1577945    /usr/lib/locale/en_IN/LC_CTYPE
8097e000-80981000 ---p 00000000 00:00 0 
80981000-809cf000 rw-p 00000000 00:00 0 
809cf000-809d2000 ---p 00000000 00:00 0 
809d2000-80a20000 rw-p 00000000 00:00 0 
80a20000-80a21000 ---p 00000000 00:00 0 
80a21000-80aa1000 rw-p 00000000 00:00 0 
80aa1000-80aa3000 r--s 0001d000 08:05 1577596    /usr/lib/jvm/java-6-openjdk/jre/lib/plugin.jar
80aa3000-80aa8000 r--s 00045000 08:05 1577595    /usr/lib/jvm/java-6-openjdk/jre/lib/netx.jar
80aa8000-80adb000 rw-p 00000000 00:00 0 
80adb000-80c6a000 r--s 038c4000 08:05 1586189    /usr/lib/jvm/java-6-openjdk/jre/lib/rt.jar
80c6a000-80c6b000 ---p 00000000 00:00 0 
80c6b000-80ceb000 rw-p 00000000 00:00 0 
80ceb000-80cec000 ---p 00000000 00:00 0 
80cec000-80d74000 rw-p 00000000 00:00 0 
80d74000-80dac000 rw-p 00000000 00:00 0 
80dac000-80dbb000 rw-p 00000000 00:00 0 
80dbb000-80e94000 rw-p 00000000 00:00 0 
80e94000-80e9c000 rw-p 00000000 00:00 0 
80e9c000-80ed4000 rw-p 00000000 00:00 0 
80ed4000-80ee3000 rw-p 00000000 00:00 0 
80ee3000-80fbb000 rw-p 00000000 00:00 0 
80fbb000-80fc3000 rw-p 00000000 00:00 0 
80fc3000-8102f000 rw-p 00000000 00:00 0 
8102f000-82030000 rw-p 00000000 00:00 0 
82030000-89030000 rw-p 00000000 00:00 0 
89030000-8ad10000 rw-p 00000000 00:00 0 
8ad10000-a5ee0000 rw-p 00000000 00:00 0 
a5ee0000-a6d50000 rw-p 00000000 00:00 0 
a6d50000-b4630000 rw-p 00000000 00:00 0 
b4630000-b4639000 rw-p 00000000 00:00 0 
b4639000-b46f0000 rw-p 00000000 00:00 0 
b46f0000-b4930000 rwxp 00000000 00:00 0 
b4930000-b76f0000 rw-p 00000000 00:00 0 
b76f0000-b76f3000 ---p 00000000 00:00 0 
b76f3000-b7744000 rw-p 00000000 00:00 0 
b7747000-b7749000 rw-p 00000000 00:00 0 
b7749000-b774c000 r--s 0000f000 08:05 1577575    /usr/lib/jvm/java-6-openjdk/jre/lib/ext/pulse-java.jar
b774c000-b7754000 rw-s 00000000 08:05 663800     /tmp/hsperfdata_root/10436
b7754000-b7755000 rw-p 00000000 00:00 0 
b7755000-b7756000 r--p 00000000 00:00 0 
b7756000-b7758000 rw-p 00000000 00:00 0 
bfbd1000-bfbe6000 rw-p 00000000 00:00 0          [stack]

VM Arguments:
jvm_args: -Dfile.encoding=UTF-8 
java_command: FileAccess.VMInfo
Launcher Type: SUN_STANDARD

Environment Variables:
PATH=/usr/local/sbin:/usr/local/bin:/usr/sbin:/usr/bin:/sbin:/bin:/usr/games
USERNAME=root
LD_LIBRARY_PATH=/usr/lib/jvm/java-6-openjdk/jre/lib/i386/server:/usr/lib/jvm/java-6-openjdk/jre/lib/i386:/usr/lib/jvm/java-6-openjdk/jre/../lib/i386:/usr/lib/jvm/java-6-openjdk/jre/lib/i386/client:/usr/lib/jvm/java-6-openjdk/jre/lib/i386:/usr/lib/jvm/java-6-openjdk/jre/../lib/i386
SHELL=/bin/bash
DISPLAY=:0.0

Signal Handlers:
SIGSEGV: [libjvm.so+0x64a040], sa_mask[0]=0x7ffbfeff, sa_flags=0x10000004
SIGBUS: [libjvm.so+0x64a040], sa_mask[0]=0x7ffbfeff, sa_flags=0x10000004
SIGFPE: [libjvm.so+0x51c0d0], sa_mask[0]=0x7ffbfeff, sa_flags=0x10000004
SIGPIPE: [libjvm.so+0x51c0d0], sa_mask[0]=0x7ffbfeff, sa_flags=0x10000004
SIGXFSZ: [libjvm.so+0x51c0d0], sa_mask[0]=0x7ffbfeff, sa_flags=0x10000004
SIGILL: [libjvm.so+0x51c0d0], sa_mask[0]=0x7ffbfeff, sa_flags=0x10000004
SIGUSR1: SIG_DFL, sa_mask[0]=0x00000000, sa_flags=0x00000000
SIGUSR2: [libjvm.so+0x51b780], sa_mask[0]=0x00000004, sa_flags=0x10000004
SIGHUP: [libjvm.so+0x51e2f0], sa_mask[0]=0x7ffbfeff, sa_flags=0x10000004
SIGINT: SIG_IGN, sa_mask[0]=0x00000000, sa_flags=0x00000000
SIGTERM: [libjvm.so+0x51e2f0], sa_mask[0]=0x7ffbfeff, sa_flags=0x10000004
SIGQUIT: [libjvm.so+0x51e2f0], sa_mask[0]=0x7ffbfeff, sa_flags=0x10000004


---------------  S Y S T E M  ---------------

OS:Ubuntu 10.04 (lucid)
uname:Linux 2.6.32-33-generic #70-Ubuntu SMP Thu Jul 7 21:09:46 UTC 2011 i686
libc:glibc 2.11.1 NPTL 2.11.1 
rlimit: STACK 8192k, CORE 0k, NPROC infinity, NOFILE 1024, AS infinity
load average:0.98 0.93 0.83

/proc/meminfo:
MemTotal:        2836956 kB
MemFree:         1567020 kB
Buffers:           53400 kB
Cached:           414768 kB
SwapCached:       108148 kB
Active:           356548 kB
Inactive:         819172 kB
Active(anon):     138740 kB
Inactive(anon):   576796 kB
Active(file):     217808 kB
Inactive(file):   242376 kB
Unevictable:           0 kB
Mlocked:               0 kB
HighTotal:       1973064 kB
HighFree:         809104 kB
LowTotal:         863892 kB
LowFree:          757916 kB
SwapTotal:       3234808 kB
SwapFree:        3059084 kB
Dirty:               156 kB
Writeback:             0 kB
AnonPages:        631908 kB
Mapped:           120684 kB
Shmem:              7980 kB
Slab:              25352 kB
SReclaimable:      13756 kB
SUnreclaim:        11596 kB
KernelStack:        2832 kB
PageTables:         7136 kB
NFS_Unstable:          0 kB
Bounce:                0 kB
WritebackTmp:          0 kB
CommitLimit:     4653284 kB
Committed_AS:    1809120 kB
VmallocTotal:     122880 kB
VmallocUsed:       73304 kB
VmallocChunk:      27796 kB
HardwareCorrupted:     0 kB
HugePages_Total:       0
HugePages_Free:        0
HugePages_Rsvd:        0
HugePages_Surp:        0
Hugepagesize:       4096 kB
DirectMap4k:       12280 kB
DirectMap4M:      897024 kB


CPU:total 2 (2 cores per cpu, 1 threads per core) family 17 model 3 stepping 1, cmov, cx8, fxsr, mmx, sse, sse2, sse3, mmxext, 3dnow, 3dnowext

Memory: 4k page, physical 2836956k(1567020k free), swap 3234808k(3059084k free)

vm_info: OpenJDK Server VM (19.0-b09) for linux-x86 JRE (1.6.0_20-b20), built on Jan 21 2012 08:10:55 by "buildd" with gcc 4.4.3

time: Fri Mar 23 01:06:41 2012
elapsed time: 0 seconds

