#
# A fatal error has been detected by the Java Runtime Environment:
#
#  SIGSEGV (0xb) at pc=0x01479259, pid=10227, tid=3079494512
#
# JRE version: 6.0_20-b20
# Java VM: OpenJDK Server VM (19.0-b09 mixed mode linux-x86 )
# Derivative: IcedTea6 1.9.10
# Distribution: Ubuntu 10.04.1 LTS, package 6b20-1.9.10-0ubuntu1~10.04.3
# Problematic frame:
# V  [libjvm.so+0x630259]
#
# If you would like to submit a bug report, please include
# instructions how to reproduce the bug and visit:
#   https://bugs.launchpad.net/ubuntu/+source/openjdk-6/
#

---------------  T H R E A D  ---------------

Current thread (0x09226000):  JavaThread "main" [_thread_in_vm, id=10231, stack(0xb7885000,0xb78d6000)]

siginfo:si_signo=SIGSEGV: si_errno=0, si_code=1 (SEGV_MAPERR), si_addr=0x00000008

Registers:
EAX=0x00000000, EBX=0x01553ff4, ECX=0x00000008, EDX=0x00000008
ESP=0xb78d4ef4, EBP=0xb78d4ef8, ESI=0xb78d4f5c, EDI=0x00000008
EIP=0x01479259, CR2=0x00000008, EFLAGS=0x00010246

Register to memory mapping:

EAX=0x00000000
0x00000000 is pointing to unknown location

EBX=0x01553ff4
0x01553ff4: <offset 0x70aff4> in /usr/lib/jvm/java-6-openjdk/jre/lib/i386/server/libjvm.so at 0x00e49000

ECX=0x00000008
0x00000008 is pointing to unknown location

EDX=0x00000008
0x00000008 is pointing to unknown location

ESP=0xb78d4ef4
0xb78d4ef4 is pointing into the stack for thread: 0x09226000
"main" prio=10 tid=0x09226000 nid=0x27f7 runnable [0xb78d5000]
   java.lang.Thread.State: RUNNABLE

EBP=0xb78d4ef8
0xb78d4ef8 is pointing into the stack for thread: 0x09226000
"main" prio=10 tid=0x09226000 nid=0x27f7 runnable [0xb78d5000]
   java.lang.Thread.State: RUNNABLE

ESI=0xb78d4f5c
0xb78d4f5c is pointing into the stack for thread: 0x09226000
"main" prio=10 tid=0x09226000 nid=0x27f7 runnable [0xb78d5000]
   java.lang.Thread.State: RUNNABLE

EDI=0x00000008
0x00000008 is pointing to unknown location


Top of Stack: (sp=0xb78d4ef4)
0xb78d4ef4:   b78d4f5c b78d4f38 011d6758 00000008
0xb78d4f04:   813a3550 811c4b48 011d673e 092303c8
0xb78d4f14:   0000006f 00c70942 00000012 523beb0a
0xb78d4f24:   00000000 014b9ec8 01553ff4 09226000
0xb78d4f34:   0156af90 b78d4f68 011d67f5 b78d4f5c
0xb78d4f44:   00000008 09226000 011e6b84 b78d4fac
0xb78d4f54:   09226000 01553ff4 011d67da 01553ff4
0xb78d4f64:   09226000 b78d4fc8 011e4732 00000008 

Instructions: (pc=0x01479259)
0x01479249:   5f 5d c3 8d 74 26 00 55 31 c0 89 e5 56 8b 4d 08
0x01479259:   8a 11 84 d2 74 1c 90 81 e2 c0 00 00 00 83 c2 80 

Stack: [0xb7885000,0xb78d6000],  sp=0xb78d4ef4,  free space=319k
Native frames: (J=compiled Java code, j=interpreted, Vv=VM code, C=native code)
V  [libjvm.so+0x630259]
V  [libjvm.so+0x38d758]
V  [libjvm.so+0x38d7f5]
V  [libjvm.so+0x39b732]
C  [libvminfo.so+0x875]  Java_FileAccess_VMInfo_fillInfo+0xb4
j  FileAccess.VMInfo.fillInfo()V+0
j  FileAccess.VMInfo.main([Ljava/lang/String;)V+9
v  ~StubRoutines::call_stub
V  [libjvm.so+0x387d72]
V  [libjvm.so+0x519369]
V  [libjvm.so+0x386caf]
V  [libjvm.so+0x39214c]
V  [libjvm.so+0x3a11ad]
C  [java+0x321d]  JavaMain+0xd4d
C  [libpthread.so.0+0x596e]

Java frames: (J=compiled Java code, j=interpreted, Vv=VM code)
j  FileAccess.VMInfo.fillInfo()V+0
j  FileAccess.VMInfo.main([Ljava/lang/String;)V+9
v  ~StubRoutines::call_stub

---------------  P R O C E S S  ---------------

Java Threads: ( => current thread )
  0x80a15c00 JavaThread "Low Memory Detector" daemon [_thread_blocked, id=10240, stack(0x8081d000,0x8086e000)]
  0x80a13c00 JavaThread "CompilerThread1" daemon [_thread_blocked, id=10239, stack(0x8086e000,0x808ef000)]
  0x80a11c00 JavaThread "CompilerThread0" daemon [_thread_blocked, id=10238, stack(0x808ef000,0x80970000)]
  0x80a10400 JavaThread "Signal Dispatcher" daemon [_thread_blocked, id=10237, stack(0x80970000,0x809c1000)]
  0x80a00800 JavaThread "Finalizer" daemon [_thread_blocked, id=10236, stack(0x80b0e000,0x80b5f000)]
  0x092afc00 JavaThread "Reference Handler" daemon [_thread_blocked, id=10235, stack(0x80b5f000,0x80bb0000)]
=>0x09226000 JavaThread "main" [_thread_in_vm, id=10231, stack(0xb7885000,0xb78d6000)]

Other Threads:
  0x092abc00 VMThread [stack: 0x80bb0000,0x80c31000] [id=10234]
  0x80a17c00 WatcherThread [stack: 0x8079c000,0x8081d000] [id=10241]

VM state:not at safepoint (normal execution)

VM Mutex/Monitor currently owned by a thread: None

Heap
 PSYoungGen      total 12992K, used 448K [0xa6070000, 0xa6ee0000, 0xb47c0000)
  eden space 11200K, 4% used [0xa6070000,0xa60e0060,0xa6b60000)
  from space 1792K, 0% used [0xa6d20000,0xa6d20000,0xa6ee0000)
  to   space 1792K, 0% used [0xa6b60000,0xa6b60000,0xa6d20000)
 PSOldGen        total 29568K, used 0K [0x891c0000, 0x8aea0000, 0xa6070000)
  object space 29568K, 0% used [0x891c0000,0x891c0000,0x8aea0000)
 PSPermGen       total 16384K, used 1939K [0x811c0000, 0x821c0000, 0x891c0000)
  object space 16384K, 11% used [0x811c0000,0x813a4ef0,0x821c0000)

Dynamic libraries:
00110000-00123000 r-xp 00000000 08:05 523463     /lib/libz.so.1.2.3.3
00123000-00124000 r--p 00012000 08:05 523463     /lib/libz.so.1.2.3.3
00124000-00125000 rw-p 00013000 08:05 523463     /lib/libz.so.1.2.3.3
00125000-0012c000 r-xp 00000000 08:05 527227     /lib/tls/i686/cmov/librt-2.11.1.so
0012c000-0012d000 r--p 00006000 08:05 527227     /lib/tls/i686/cmov/librt-2.11.1.so
0012d000-0012e000 rw-p 00007000 08:05 527227     /lib/tls/i686/cmov/librt-2.11.1.so
0012e000-0013a000 r-xp 00000000 08:05 1586225    /usr/lib/jvm/java-6-openjdk/jre/lib/i386/libverify.so
0013a000-0013b000 r--p 0000b000 08:05 1586225    /usr/lib/jvm/java-6-openjdk/jre/lib/i386/libverify.so
0013b000-0013c000 rw-p 0000c000 08:05 1586225    /usr/lib/jvm/java-6-openjdk/jre/lib/i386/libverify.so
00153000-00155000 r-xp 00000000 08:05 527203     /lib/tls/i686/cmov/libdl-2.11.1.so
00155000-00156000 r--p 00001000 08:05 527203     /lib/tls/i686/cmov/libdl-2.11.1.so
00156000-00157000 rw-p 00002000 08:05 527203     /lib/tls/i686/cmov/libdl-2.11.1.so
001e4000-001f9000 r-xp 00000000 08:05 527223     /lib/tls/i686/cmov/libpthread-2.11.1.so
001f9000-001fa000 r--p 00014000 08:05 527223     /lib/tls/i686/cmov/libpthread-2.11.1.so
001fa000-001fb000 rw-p 00015000 08:05 527223     /lib/tls/i686/cmov/libpthread-2.11.1.so
001fb000-001fd000 rw-p 00000000 00:00 0 
00397000-0039d000 r-xp 00000000 08:05 527210     /lib/tls/i686/cmov/libnss_compat-2.11.1.so
0039d000-0039e000 r--p 00006000 08:05 527210     /lib/tls/i686/cmov/libnss_compat-2.11.1.so
0039e000-0039f000 rw-p 00007000 08:05 527210     /lib/tls/i686/cmov/libnss_compat-2.11.1.so
004a9000-004b0000 r-xp 00000000 08:05 1586226    /usr/lib/jvm/java-6-openjdk/jre/lib/i386/libzip.so
004b0000-004b1000 r--p 00006000 08:05 1586226    /usr/lib/jvm/java-6-openjdk/jre/lib/i386/libzip.so
004b1000-004b2000 rw-p 00007000 08:05 1586226    /usr/lib/jvm/java-6-openjdk/jre/lib/i386/libzip.so
0053f000-0055a000 r-xp 00000000 08:05 523290     /lib/ld-2.11.1.so
0055a000-0055b000 r--p 0001a000 08:05 523290     /lib/ld-2.11.1.so
0055b000-0055c000 rw-p 0001b000 08:05 523290     /lib/ld-2.11.1.so
0058b000-006de000 r-xp 00000000 08:05 527197     /lib/tls/i686/cmov/libc-2.11.1.so
006de000-006df000 ---p 00153000 08:05 527197     /lib/tls/i686/cmov/libc-2.11.1.so
006df000-006e1000 r--p 00153000 08:05 527197     /lib/tls/i686/cmov/libc-2.11.1.so
006e1000-006e2000 rw-p 00155000 08:05 527197     /lib/tls/i686/cmov/libc-2.11.1.so
006e2000-006e5000 rw-p 00000000 00:00 0 
0075f000-00783000 r-xp 00000000 08:05 527205     /lib/tls/i686/cmov/libm-2.11.1.so
00783000-00784000 r--p 00023000 08:05 527205     /lib/tls/i686/cmov/libm-2.11.1.so
00784000-00785000 rw-p 00024000 08:05 527205     /lib/tls/i686/cmov/libm-2.11.1.so
0087d000-00884000 r-xp 00000000 08:05 1586228    /usr/lib/jvm/java-6-openjdk/jre/lib/i386/native_threads/libhpi.so
00884000-00885000 r--p 00006000 08:05 1586228    /usr/lib/jvm/java-6-openjdk/jre/lib/i386/native_threads/libhpi.so
00885000-00886000 rw-p 00007000 08:05 1586228    /usr/lib/jvm/java-6-openjdk/jre/lib/i386/native_threads/libhpi.so
008c1000-008c9000 r-xp 00000000 08:05 527218     /lib/tls/i686/cmov/libnss_nis-2.11.1.so
008c9000-008ca000 r--p 00007000 08:05 527218     /lib/tls/i686/cmov/libnss_nis-2.11.1.so
008ca000-008cb000 rw-p 00008000 08:05 527218     /lib/tls/i686/cmov/libnss_nis-2.11.1.so
0091d000-00930000 r-xp 00000000 08:05 527208     /lib/tls/i686/cmov/libnsl-2.11.1.so
00930000-00931000 r--p 00012000 08:05 527208     /lib/tls/i686/cmov/libnsl-2.11.1.so
00931000-00932000 rw-p 00013000 08:05 527208     /lib/tls/i686/cmov/libnsl-2.11.1.so
00932000-00934000 rw-p 00000000 00:00 0 
00948000-00952000 r-xp 00000000 08:05 527214     /lib/tls/i686/cmov/libnss_files-2.11.1.so
00952000-00953000 r--p 00009000 08:05 527214     /lib/tls/i686/cmov/libnss_files-2.11.1.so
00953000-00954000 rw-p 0000a000 08:05 527214     /lib/tls/i686/cmov/libnss_files-2.11.1.so
00c70000-00c71000 r-xp 00000000 08:05 1592433    /usr/lib/libvminfo.so
00c71000-00c72000 r--p 00000000 08:05 1592433    /usr/lib/libvminfo.so
00c72000-00c73000 rw-p 00001000 08:05 1592433    /usr/lib/libvminfo.so
00c8c000-00cb0000 r-xp 00000000 08:05 1586209    /usr/lib/jvm/java-6-openjdk/jre/lib/i386/libjava.so
00cb0000-00cb1000 r--p 00023000 08:05 1586209    /usr/lib/jvm/java-6-openjdk/jre/lib/i386/libjava.so
00cb1000-00cb3000 rw-p 00024000 08:05 1586209    /usr/lib/jvm/java-6-openjdk/jre/lib/i386/libjava.so
00e10000-00e11000 r-xp 00000000 00:00 0          [vdso]
00e44000-00e47000 r-xp 00000000 08:05 1586197    /usr/lib/jvm/java-6-openjdk/jre/lib/i386/jli/libjli.so
00e47000-00e48000 r--p 00003000 08:05 1586197    /usr/lib/jvm/java-6-openjdk/jre/lib/i386/jli/libjli.so
00e48000-00e49000 rw-p 00004000 08:05 1586197    /usr/lib/jvm/java-6-openjdk/jre/lib/i386/jli/libjli.so
00e49000-0150e000 r-xp 00000000 08:05 1586230    /usr/lib/jvm/java-6-openjdk/jre/lib/i386/server/libjvm.so
0150e000-0150f000 ---p 006c5000 08:05 1586230    /usr/lib/jvm/java-6-openjdk/jre/lib/i386/server/libjvm.so
0150f000-01554000 r--p 006c5000 08:05 1586230    /usr/lib/jvm/java-6-openjdk/jre/lib/i386/server/libjvm.so
01554000-01563000 rw-p 0070a000 08:05 1586230    /usr/lib/jvm/java-6-openjdk/jre/lib/i386/server/libjvm.so
01563000-01982000 rw-p 00000000 00:00 0 
08048000-08051000 r-xp 00000000 08:05 1586258    /usr/lib/jvm/java-6-openjdk/jre/bin/java
08051000-08052000 r--p 00008000 08:05 1586258    /usr/lib/jvm/java-6-openjdk/jre/bin/java
08052000-08053000 rw-p 00009000 08:05 1586258    /usr/lib/jvm/java-6-openjdk/jre/bin/java
0921f000-092cc000 rw-p 00000000 00:00 0          [heap]
8079c000-8079d000 ---p 00000000 00:00 0 
8079d000-8081d000 rw-p 00000000 00:00 0 
8081d000-80820000 ---p 00000000 00:00 0 
80820000-8086e000 rw-p 00000000 00:00 0 
8086e000-80871000 ---p 00000000 00:00 0 
80871000-808ef000 rw-p 00000000 00:00 0 
808ef000-808f2000 ---p 00000000 00:00 0 
808f2000-80970000 rw-p 00000000 00:00 0 
80970000-80973000 ---p 00000000 00:00 0 
80973000-809c1000 rw-p 00000000 00:00 0 
809c1000-80a00000 r--p 00000000 08:05 1577945    /usr/lib/locale/en_IN/LC_CTYPE
80a00000-80a33000 rw-p 00000000 00:00 0 
80a33000-80b00000 ---p 00000000 00:00 0 
80b05000-80b0e000 r--s 00065000 08:05 6219       /usr/share/java/gnome-java-bridge.jar
80b0e000-80b11000 ---p 00000000 00:00 0 
80b11000-80b5f000 rw-p 00000000 00:00 0 
80b5f000-80b62000 ---p 00000000 00:00 0 
80b62000-80bb0000 rw-p 00000000 00:00 0 
80bb0000-80bb1000 ---p 00000000 00:00 0 
80bb1000-80c31000 rw-p 00000000 00:00 0 
80c31000-80c33000 r--s 0001d000 08:05 1577596    /usr/lib/jvm/java-6-openjdk/jre/lib/plugin.jar
80c33000-80c38000 r--s 00045000 08:05 1577595    /usr/lib/jvm/java-6-openjdk/jre/lib/netx.jar
80c38000-80c6b000 rw-p 00000000 00:00 0 
80c6b000-80dfa000 r--s 038c4000 08:05 1586189    /usr/lib/jvm/java-6-openjdk/jre/lib/rt.jar
80dfa000-80dfb000 ---p 00000000 00:00 0 
80dfb000-80e7b000 rw-p 00000000 00:00 0 
80e7b000-80e7c000 ---p 00000000 00:00 0 
80e7c000-80f04000 rw-p 00000000 00:00 0 
80f04000-80f3c000 rw-p 00000000 00:00 0 
80f3c000-80f4b000 rw-p 00000000 00:00 0 
80f4b000-81024000 rw-p 00000000 00:00 0 
81024000-8102c000 rw-p 00000000 00:00 0 
8102c000-81064000 rw-p 00000000 00:00 0 
81064000-81073000 rw-p 00000000 00:00 0 
81073000-8114b000 rw-p 00000000 00:00 0 
8114b000-81153000 rw-p 00000000 00:00 0 
81153000-811bf000 rw-p 00000000 00:00 0 
811bf000-821c0000 rw-p 00000000 00:00 0 
821c0000-891c0000 rw-p 00000000 00:00 0 
891c0000-8aea0000 rw-p 00000000 00:00 0 
8aea0000-a6070000 rw-p 00000000 00:00 0 
a6070000-a6ee0000 rw-p 00000000 00:00 0 
a6ee0000-b47c0000 rw-p 00000000 00:00 0 
b47c5000-b47ce000 rw-p 00000000 00:00 0 
b47ce000-b4885000 rw-p 00000000 00:00 0 
b4885000-b4ac5000 rwxp 00000000 00:00 0 
b4ac5000-b7885000 rw-p 00000000 00:00 0 
b7885000-b7888000 ---p 00000000 00:00 0 
b7888000-b78d9000 rw-p 00000000 00:00 0 
b78dc000-b78de000 rw-p 00000000 00:00 0 
b78de000-b78e1000 r--s 0000f000 08:05 1577575    /usr/lib/jvm/java-6-openjdk/jre/lib/ext/pulse-java.jar
b78e1000-b78e9000 rw-s 00000000 08:05 663897     /tmp/hsperfdata_root/10227
b78e9000-b78ea000 rw-p 00000000 00:00 0 
b78ea000-b78eb000 r--p 00000000 00:00 0 
b78eb000-b78ed000 rw-p 00000000 00:00 0 
bfa52000-bfa67000 rw-p 00000000 00:00 0          [stack]

VM Arguments:
jvm_args: -Dfile.encoding=UTF-8 
java_command: FileAccess.VMInfo
Launcher Type: SUN_STANDARD

Environment Variables:
PATH=/usr/local/sbin:/usr/local/bin:/usr/sbin:/usr/bin:/sbin:/bin:/usr/games
USERNAME=root
LD_LIBRARY_PATH=/usr/lib/jvm/java-6-openjdk/jre/lib/i386/server:/usr/lib/jvm/java-6-openjdk/jre/lib/i386:/usr/lib/jvm/java-6-openjdk/jre/../lib/i386:/usr/lib/jvm/java-6-openjdk/jre/lib/i386/client:/usr/lib/jvm/java-6-openjdk/jre/lib/i386:/usr/lib/jvm/java-6-openjdk/jre/../lib/i386
SHELL=/bin/bash
DISPLAY=:0.0

Signal Handlers:
SIGSEGV: [libjvm.so+0x64a040], sa_mask[0]=0x7ffbfeff, sa_flags=0x10000004
SIGBUS: [libjvm.so+0x64a040], sa_mask[0]=0x7ffbfeff, sa_flags=0x10000004
SIGFPE: [libjvm.so+0x51c0d0], sa_mask[0]=0x7ffbfeff, sa_flags=0x10000004
SIGPIPE: [libjvm.so+0x51c0d0], sa_mask[0]=0x7ffbfeff, sa_flags=0x10000004
SIGXFSZ: [libjvm.so+0x51c0d0], sa_mask[0]=0x7ffbfeff, sa_flags=0x10000004
SIGILL: [libjvm.so+0x51c0d0], sa_mask[0]=0x7ffbfeff, sa_flags=0x10000004
SIGUSR1: SIG_DFL, sa_mask[0]=0x00000000, sa_flags=0x00000000
SIGUSR2: [libjvm.so+0x51b780], sa_mask[0]=0x00000004, sa_flags=0x10000004
SIGHUP: [libjvm.so+0x51e2f0], sa_mask[0]=0x7ffbfeff, sa_flags=0x10000004
SIGINT: SIG_IGN, sa_mask[0]=0x00000000, sa_flags=0x00000000
SIGTERM: [libjvm.so+0x51e2f0], sa_mask[0]=0x7ffbfeff, sa_flags=0x10000004
SIGQUIT: [libjvm.so+0x51e2f0], sa_mask[0]=0x7ffbfeff, sa_flags=0x10000004


---------------  S Y S T E M  ---------------

OS:Ubuntu 10.04 (lucid)
uname:Linux 2.6.32-33-generic #70-Ubuntu SMP Thu Jul 7 21:09:46 UTC 2011 i686
libc:glibc 2.11.1 NPTL 2.11.1 
rlimit: STACK 8192k, CORE 0k, NPROC infinity, NOFILE 1024, AS infinity
load average:0.71 0.73 0.75

/proc/meminfo:
MemTotal:        2836956 kB
MemFree:         1575580 kB
Buffers:           53056 kB
Cached:           407580 kB
SwapCached:       108160 kB
Active:           353756 kB
Inactive:         813320 kB
Active(anon):     136424 kB
Inactive(anon):   578112 kB
Active(file):     217332 kB
Inactive(file):   235208 kB
Unevictable:           0 kB
Mlocked:               0 kB
HighTotal:       1973064 kB
HighFree:         817412 kB
LowTotal:         863892 kB
LowFree:          758168 kB
SwapTotal:       3234808 kB
SwapFree:        3059072 kB
Dirty:               216 kB
Writeback:             0 kB
AnonPages:        630944 kB
Mapped:           120656 kB
Shmem:              8032 kB
Slab:              25304 kB
SReclaimable:      13708 kB
SUnreclaim:        11596 kB
KernelStack:        2912 kB
PageTables:         7196 kB
NFS_Unstable:          0 kB
Bounce:                0 kB
WritebackTmp:          0 kB
CommitLimit:     4653284 kB
Committed_AS:    1807820 kB
VmallocTotal:     122880 kB
VmallocUsed:       73304 kB
VmallocChunk:      27796 kB
HardwareCorrupted:     0 kB
HugePages_Total:       0
HugePages_Free:        0
HugePages_Rsvd:        0
HugePages_Surp:        0
Hugepagesize:       4096 kB
DirectMap4k:       12280 kB
DirectMap4M:      897024 kB


CPU:total 2 (2 cores per cpu, 1 threads per core) family 17 model 3 stepping 1, cmov, cx8, fxsr, mmx, sse, sse2, sse3, mmxext, 3dnow, 3dnowext

Memory: 4k page, physical 2836956k(1575580k free), swap 3234808k(3059072k free)

vm_info: OpenJDK Server VM (19.0-b09) for linux-x86 JRE (1.6.0_20-b20), built on Jan 21 2012 08:10:55 by "buildd" with gcc 4.4.3

time: Fri Mar 23 01:01:33 2012
elapsed time: 0 seconds

