#
# A fatal error has been detected by the Java Runtime Environment:
#
#  SIGSEGV (0xb) at pc=0x006cefc6, pid=4044, tid=3078257520
#
# JRE version: 6.0_20-b20
# Java VM: OpenJDK Server VM (19.0-b09 mixed mode linux-x86 )
# Derivative: IcedTea6 1.9.10
# Distribution: Ubuntu 10.04.1 LTS, package 6b20-1.9.10-0ubuntu1~10.04.3
# Problematic frame:
# C  [libc.so.6+0x74fc6]
#
# If you would like to submit a bug report, please include
# instructions how to reproduce the bug and visit:
#   https://bugs.launchpad.net/ubuntu/+source/openjdk-6/
# The crash happened outside the Java Virtual Machine in native code.
# See problematic frame for where to report the bug.
#

---------------  T H R E A D  ---------------

Current thread (0x08c0b000):  JavaThread "main" [_thread_in_native, id=4048, stack(0xb7757000,0xb77a8000)]

siginfo:si_signo=SIGSEGV: si_errno=0, si_code=1 (SEGV_MAPERR), si_addr=0x00000000

Registers:
EAX=0x00000002, EBX=0xb77a6af8, ECX=0x2dde9b4a, EDX=0xb77a6b8c
ESP=0xb77a6a48, EBP=0xb77a6a88, ESI=0x00000000, EDI=0x00000000
EIP=0x006cefc6, CR2=0x00000000, EFLAGS=0x00010202

Register to memory mapping:

EAX=0x00000002
0x00000002 is pointing to unknown location

EBX=0xb77a6af8
0xb77a6af8 is pointing into the stack for thread: 0x08c0b000
"main" prio=10 tid=0x08c0b000 nid=0xfd0 runnable [0xb77a6000]
   java.lang.Thread.State: RUNNABLE

ECX=0x2dde9b4a
0x2dde9b4a is pointing to unknown location

EDX=0xb77a6b8c
0xb77a6b8c is pointing into the stack for thread: 0x08c0b000
"main" prio=10 tid=0x08c0b000 nid=0xfd0 runnable [0xb77a6000]
   java.lang.Thread.State: RUNNABLE

ESP=0xb77a6a48
0xb77a6a48 is pointing into the stack for thread: 0x08c0b000
"main" prio=10 tid=0x08c0b000 nid=0xfd0 runnable [0xb77a6000]
   java.lang.Thread.State: RUNNABLE

EBP=0xb77a6a88
0xb77a6a88 is pointing into the stack for thread: 0x08c0b000
"main" prio=10 tid=0x08c0b000 nid=0xfd0 runnable [0xb77a6000]
   java.lang.Thread.State: RUNNABLE

ESI=0x00000000
0x00000000 is pointing to unknown location

EDI=0x00000000
0x00000000 is pointing to unknown location


Top of Stack: (sp=0xb77a6a48)
0xb77a6a48:   805004fc 0063acad 00000000 00000000
0xb77a6a58:   b77a6d2a 007afff4 80500010 00000000
0xb77a6a68:   b77a6a88 80500468 b77a6a88 006a11db
0xb77a6a78:   81273410 81273410 81273410 08c0b000
0xb77a6a88:   b77a6d78 0063bbf1 b77a6af8 00000000
0xb77a6a98:   b77a6d2a 00000000 0000ffff 00000001
0xb77a6aa8:   0063fd75 b77a6bc8 b77a6ad8 006c4c22
0xb77a6ab8:   0063fc08 08cc26c8 b77a6af4 b77a6d2a 

Instructions: (pc=0x006cefc6)
0x006cefb6:   00 00 00 74 02 a4 49 50 89 c8 c1 e9 02 83 e0 03
0x006cefc6:   f3 a5 89 c1 f3 a4 58 89 c7 89 d6 8b 44 24 04 c3 

Stack: [0xb7757000,0xb77a8000],  sp=0xb77a6a48,  free space=318k
Native frames: (J=compiled Java code, j=interpreted, Vv=VM code, C=native code)
C  [libc.so.6+0x74fc6]
C  [libpacketlib.so+0x3bf1]  traverse_flow_list+0x331
C  [libpacketlib.so+0x3dbe]  get_flow_packets+0x9c
C  [libpacketlib.so+0x4848]  fill_flow_packets+0x6f
C  [libpacketlib.so+0x20d0]  Java_FileAccess_GetPacket_fillpackets+0x110
j  FileAccess.GetPacket.fillpackets()V+0
j  FileAccess.GetPacket.main([Ljava/lang/String;)V+148
v  ~StubRoutines::call_stub
V  [libjvm.so+0x387d72]
V  [libjvm.so+0x519369]
V  [libjvm.so+0x386caf]
V  [libjvm.so+0x39214c]
V  [libjvm.so+0x3a11ad]
C  [java+0x321d]  JavaMain+0xd4d
C  [libpthread.so.0+0x596e]

Java frames: (J=compiled Java code, j=interpreted, Vv=VM code)
j  FileAccess.GetPacket.fillpackets()V+0
j  FileAccess.GetPacket.main([Ljava/lang/String;)V+148
v  ~StubRoutines::call_stub

---------------  P R O C E S S  ---------------

Java Threads: ( => current thread )
  0x08cb0000 JavaThread "Low Memory Detector" daemon [_thread_blocked, id=4057, stack(0x807fb000,0x8084c000)]
  0x08cac800 JavaThread "CompilerThread1" daemon [_thread_blocked, id=4056, stack(0x8084c000,0x808cd000)]
  0x08caa800 JavaThread "CompilerThread0" daemon [_thread_blocked, id=4055, stack(0x808cd000,0x8094e000)]
  0x08ca9000 JavaThread "Signal Dispatcher" daemon [_thread_blocked, id=4054, stack(0x8094e000,0x8099f000)]
  0x08c96000 JavaThread "Finalizer" daemon [_thread_blocked, id=4053, stack(0x809de000,0x80a2f000)]
  0x08c94800 JavaThread "Reference Handler" daemon [_thread_blocked, id=4052, stack(0x80a2f000,0x80a80000)]
=>0x08c0b000 JavaThread "main" [_thread_in_native, id=4048, stack(0xb7757000,0xb77a8000)]

Other Threads:
  0x08c90c00 VMThread [stack: 0x80a80000,0x80b01000] [id=4051]
  0x08cb1c00 WatcherThread [stack: 0x8077a000,0x807fb000] [id=4058]

VM state:not at safepoint (normal execution)

VM Mutex/Monitor currently owned by a thread: None

Heap
 PSYoungGen      total 12992K, used 448K [0xa5f40000, 0xa6db0000, 0xb4690000)
  eden space 11200K, 4% used [0xa5f40000,0xa5fb0028,0xa6a30000)
  from space 1792K, 0% used [0xa6bf0000,0xa6bf0000,0xa6db0000)
  to   space 1792K, 0% used [0xa6a30000,0xa6a30000,0xa6bf0000)
 PSOldGen        total 29568K, used 0K [0x89090000, 0x8ad70000, 0xa5f40000)
  object space 29568K, 0% used [0x89090000,0x89090000,0x8ad70000)
 PSPermGen       total 16384K, used 1951K [0x81090000, 0x82090000, 0x89090000)
  object space 16384K, 11% used [0x81090000,0x81277fc8,0x82090000)

Dynamic libraries:
00110000-00117000 r-xp 00000000 08:05 527227     /lib/tls/i686/cmov/librt-2.11.1.so
00117000-00118000 r--p 00006000 08:05 527227     /lib/tls/i686/cmov/librt-2.11.1.so
00118000-00119000 rw-p 00007000 08:05 527227     /lib/tls/i686/cmov/librt-2.11.1.so
00119000-00120000 r-xp 00000000 08:05 1586228    /usr/lib/jvm/java-6-openjdk/jre/lib/i386/native_threads/libhpi.so
00120000-00121000 r--p 00006000 08:05 1586228    /usr/lib/jvm/java-6-openjdk/jre/lib/i386/native_threads/libhpi.so
00121000-00122000 rw-p 00007000 08:05 1586228    /usr/lib/jvm/java-6-openjdk/jre/lib/i386/native_threads/libhpi.so
00122000-0012a000 r-xp 00000000 08:05 527218     /lib/tls/i686/cmov/libnss_nis-2.11.1.so
0012a000-0012b000 r--p 00007000 08:05 527218     /lib/tls/i686/cmov/libnss_nis-2.11.1.so
0012b000-0012c000 rw-p 00008000 08:05 527218     /lib/tls/i686/cmov/libnss_nis-2.11.1.so
00130000-00154000 r-xp 00000000 08:05 527205     /lib/tls/i686/cmov/libm-2.11.1.so
00154000-00155000 r--p 00023000 08:05 527205     /lib/tls/i686/cmov/libm-2.11.1.so
00155000-00156000 rw-p 00024000 08:05 527205     /lib/tls/i686/cmov/libm-2.11.1.so
00156000-0017a000 r-xp 00000000 08:05 1586209    /usr/lib/jvm/java-6-openjdk/jre/lib/i386/libjava.so
0017a000-0017b000 r--p 00023000 08:05 1586209    /usr/lib/jvm/java-6-openjdk/jre/lib/i386/libjava.so
0017b000-0017d000 rw-p 00024000 08:05 1586209    /usr/lib/jvm/java-6-openjdk/jre/lib/i386/libjava.so
00196000-001ab000 r-xp 00000000 08:05 527223     /lib/tls/i686/cmov/libpthread-2.11.1.so
001ab000-001ac000 r--p 00014000 08:05 527223     /lib/tls/i686/cmov/libpthread-2.11.1.so
001ac000-001ad000 rw-p 00015000 08:05 527223     /lib/tls/i686/cmov/libpthread-2.11.1.so
001ad000-001af000 rw-p 00000000 00:00 0 
004de000-004e0000 r-xp 00000000 08:05 527203     /lib/tls/i686/cmov/libdl-2.11.1.so
004e0000-004e1000 r--p 00001000 08:05 527203     /lib/tls/i686/cmov/libdl-2.11.1.so
004e1000-004e2000 rw-p 00002000 08:05 527203     /lib/tls/i686/cmov/libdl-2.11.1.so
00601000-0060b000 r-xp 00000000 08:05 527214     /lib/tls/i686/cmov/libnss_files-2.11.1.so
0060b000-0060c000 r--p 00009000 08:05 527214     /lib/tls/i686/cmov/libnss_files-2.11.1.so
0060c000-0060d000 rw-p 0000a000 08:05 527214     /lib/tls/i686/cmov/libnss_files-2.11.1.so
00638000-00641000 r-xp 00000000 08:05 1589892    /usr/lib/libpacketlib.so
00641000-00642000 r--p 00008000 08:05 1589892    /usr/lib/libpacketlib.so
00642000-00643000 rw-p 00009000 08:05 1589892    /usr/lib/libpacketlib.so
0065a000-007ad000 r-xp 00000000 08:05 527197     /lib/tls/i686/cmov/libc-2.11.1.so
007ad000-007ae000 ---p 00153000 08:05 527197     /lib/tls/i686/cmov/libc-2.11.1.so
007ae000-007b0000 r--p 00153000 08:05 527197     /lib/tls/i686/cmov/libc-2.11.1.so
007b0000-007b1000 rw-p 00155000 08:05 527197     /lib/tls/i686/cmov/libc-2.11.1.so
007b1000-007b4000 rw-p 00000000 00:00 0 
0089a000-008a6000 r-xp 00000000 08:05 1586225    /usr/lib/jvm/java-6-openjdk/jre/lib/i386/libverify.so
008a6000-008a7000 r--p 0000b000 08:05 1586225    /usr/lib/jvm/java-6-openjdk/jre/lib/i386/libverify.so
008a7000-008a8000 rw-p 0000c000 08:05 1586225    /usr/lib/jvm/java-6-openjdk/jre/lib/i386/libverify.so
009fa000-00a00000 r-xp 00000000 08:05 527210     /lib/tls/i686/cmov/libnss_compat-2.11.1.so
00a00000-00a01000 r--p 00006000 08:05 527210     /lib/tls/i686/cmov/libnss_compat-2.11.1.so
00a01000-00a02000 rw-p 00007000 08:05 527210     /lib/tls/i686/cmov/libnss_compat-2.11.1.so
00b5e000-00b61000 r-xp 00000000 08:05 1586197    /usr/lib/jvm/java-6-openjdk/jre/lib/i386/jli/libjli.so
00b61000-00b62000 r--p 00003000 08:05 1586197    /usr/lib/jvm/java-6-openjdk/jre/lib/i386/jli/libjli.so
00b62000-00b63000 rw-p 00004000 08:05 1586197    /usr/lib/jvm/java-6-openjdk/jre/lib/i386/jli/libjli.so
00bc8000-00be3000 r-xp 00000000 08:05 523290     /lib/ld-2.11.1.so
00be3000-00be4000 r--p 0001a000 08:05 523290     /lib/ld-2.11.1.so
00be4000-00be5000 rw-p 0001b000 08:05 523290     /lib/ld-2.11.1.so
00c33000-00c3a000 r-xp 00000000 08:05 1586226    /usr/lib/jvm/java-6-openjdk/jre/lib/i386/libzip.so
00c3a000-00c3b000 r--p 00006000 08:05 1586226    /usr/lib/jvm/java-6-openjdk/jre/lib/i386/libzip.so
00c3b000-00c3c000 rw-p 00007000 08:05 1586226    /usr/lib/jvm/java-6-openjdk/jre/lib/i386/libzip.so
00c61000-00c74000 r-xp 00000000 08:05 527208     /lib/tls/i686/cmov/libnsl-2.11.1.so
00c74000-00c75000 r--p 00012000 08:05 527208     /lib/tls/i686/cmov/libnsl-2.11.1.so
00c75000-00c76000 rw-p 00013000 08:05 527208     /lib/tls/i686/cmov/libnsl-2.11.1.so
00c76000-00c78000 rw-p 00000000 00:00 0 
00d97000-00d98000 r-xp 00000000 00:00 0          [vdso]
00f15000-00f28000 r-xp 00000000 08:05 523463     /lib/libz.so.1.2.3.3
00f28000-00f29000 r--p 00012000 08:05 523463     /lib/libz.so.1.2.3.3
00f29000-00f2a000 rw-p 00013000 08:05 523463     /lib/libz.so.1.2.3.3
00f2a000-015ef000 r-xp 00000000 08:05 1586230    /usr/lib/jvm/java-6-openjdk/jre/lib/i386/server/libjvm.so
015ef000-015f0000 ---p 006c5000 08:05 1586230    /usr/lib/jvm/java-6-openjdk/jre/lib/i386/server/libjvm.so
015f0000-01635000 r--p 006c5000 08:05 1586230    /usr/lib/jvm/java-6-openjdk/jre/lib/i386/server/libjvm.so
01635000-01644000 rw-p 0070a000 08:05 1586230    /usr/lib/jvm/java-6-openjdk/jre/lib/i386/server/libjvm.so
01644000-01a63000 rw-p 00000000 00:00 0 
08048000-08051000 r-xp 00000000 08:05 1586258    /usr/lib/jvm/java-6-openjdk/jre/bin/java
08051000-08052000 r--p 00008000 08:05 1586258    /usr/lib/jvm/java-6-openjdk/jre/bin/java
08052000-08053000 rw-p 00009000 08:05 1586258    /usr/lib/jvm/java-6-openjdk/jre/bin/java
08c04000-08cd2000 rw-p 00000000 00:00 0          [heap]
80500000-80521000 rw-p 00000000 00:00 0 
80521000-80600000 ---p 00000000 00:00 0 
806f0000-80771000 rw-p 00000000 00:00 0 
80771000-8077a000 r--s 00065000 08:05 6219       /usr/share/java/gnome-java-bridge.jar
8077a000-8077b000 ---p 00000000 00:00 0 
8077b000-807fb000 rw-p 00000000 00:00 0 
807fb000-807fe000 ---p 00000000 00:00 0 
807fe000-8084c000 rw-p 00000000 00:00 0 
8084c000-8084f000 ---p 00000000 00:00 0 
8084f000-808cd000 rw-p 00000000 00:00 0 
808cd000-808d0000 ---p 00000000 00:00 0 
808d0000-8094e000 rw-p 00000000 00:00 0 
8094e000-80951000 ---p 00000000 00:00 0 
80951000-8099f000 rw-p 00000000 00:00 0 
8099f000-809de000 r--p 00000000 08:05 1577945    /usr/lib/locale/en_IN/LC_CTYPE
809de000-809e1000 ---p 00000000 00:00 0 
809e1000-80a2f000 rw-p 00000000 00:00 0 
80a2f000-80a32000 ---p 00000000 00:00 0 
80a32000-80a80000 rw-p 00000000 00:00 0 
80a80000-80a81000 ---p 00000000 00:00 0 
80a81000-80b01000 rw-p 00000000 00:00 0 
80b01000-80b03000 r--s 0001d000 08:05 1577596    /usr/lib/jvm/java-6-openjdk/jre/lib/plugin.jar
80b03000-80b08000 r--s 00045000 08:05 1577595    /usr/lib/jvm/java-6-openjdk/jre/lib/netx.jar
80b08000-80b3b000 rw-p 00000000 00:00 0 
80b3b000-80cca000 r--s 038c4000 08:05 1586189    /usr/lib/jvm/java-6-openjdk/jre/lib/rt.jar
80cca000-80ccb000 ---p 00000000 00:00 0 
80ccb000-80d4b000 rw-p 00000000 00:00 0 
80d4b000-80d4c000 ---p 00000000 00:00 0 
80d4c000-80dd4000 rw-p 00000000 00:00 0 
80dd4000-80e0c000 rw-p 00000000 00:00 0 
80e0c000-80e1b000 rw-p 00000000 00:00 0 
80e1b000-80ef4000 rw-p 00000000 00:00 0 
80ef4000-80efc000 rw-p 00000000 00:00 0 
80efc000-80f34000 rw-p 00000000 00:00 0 
80f34000-80f43000 rw-p 00000000 00:00 0 
80f43000-8101b000 rw-p 00000000 00:00 0 
8101b000-81023000 rw-p 00000000 00:00 0 
81023000-8108f000 rw-p 00000000 00:00 0 
8108f000-82090000 rw-p 00000000 00:00 0 
82090000-89090000 rw-p 00000000 00:00 0 
89090000-8ad70000 rw-p 00000000 00:00 0 
8ad70000-a5f40000 rw-p 00000000 00:00 0 
a5f40000-a6db0000 rw-p 00000000 00:00 0 
a6db0000-b4690000 rw-p 00000000 00:00 0 
b4697000-b46a0000 rw-p 00000000 00:00 0 
b46a0000-b4757000 rw-p 00000000 00:00 0 
b4757000-b4997000 rwxp 00000000 00:00 0 
b4997000-b7757000 rw-p 00000000 00:00 0 
b7757000-b775a000 ---p 00000000 00:00 0 
b775a000-b77ab000 rw-p 00000000 00:00 0 
b77ae000-b77af000 rw-p 00000000 00:00 0 
b77b0000-b77b3000 r--s 0000f000 08:05 1577575    /usr/lib/jvm/java-6-openjdk/jre/lib/ext/pulse-java.jar
b77b3000-b77bb000 rw-s 00000000 08:05 665654     /tmp/hsperfdata_root/4044
b77bb000-b77bc000 rw-p 00000000 00:00 0 
b77bc000-b77bd000 r--p 00000000 00:00 0 
b77bd000-b77bf000 rw-p 00000000 00:00 0 
bf974000-bf989000 rw-p 00000000 00:00 0          [stack]

VM Arguments:
jvm_args: -Dfile.encoding=UTF-8 
java_command: FileAccess.GetPacket
Launcher Type: SUN_STANDARD

Environment Variables:
PATH=/usr/local/sbin:/usr/local/bin:/usr/sbin:/usr/bin:/sbin:/bin:/usr/games
USERNAME=root
LD_LIBRARY_PATH=/usr/lib/jvm/java-6-openjdk/jre/lib/i386/server:/usr/lib/jvm/java-6-openjdk/jre/lib/i386:/usr/lib/jvm/java-6-openjdk/jre/../lib/i386:/usr/lib/jvm/java-6-openjdk/jre/lib/i386/client:/usr/lib/jvm/java-6-openjdk/jre/lib/i386:/usr/lib/jvm/java-6-openjdk/jre/../lib/i386
SHELL=/bin/bash
DISPLAY=:0.0

Signal Handlers:
SIGSEGV: [libjvm.so+0x64a040], sa_mask[0]=0x7ffbfeff, sa_flags=0x10000004
SIGBUS: [libjvm.so+0x64a040], sa_mask[0]=0x7ffbfeff, sa_flags=0x10000004
SIGFPE: [libjvm.so+0x51c0d0], sa_mask[0]=0x7ffbfeff, sa_flags=0x10000004
SIGPIPE: [libjvm.so+0x51c0d0], sa_mask[0]=0x7ffbfeff, sa_flags=0x10000004
SIGXFSZ: [libjvm.so+0x51c0d0], sa_mask[0]=0x7ffbfeff, sa_flags=0x10000004
SIGILL: [libjvm.so+0x51c0d0], sa_mask[0]=0x7ffbfeff, sa_flags=0x10000004
SIGUSR1: SIG_DFL, sa_mask[0]=0x00000000, sa_flags=0x00000000
SIGUSR2: [libjvm.so+0x51b780], sa_mask[0]=0x00000004, sa_flags=0x10000004
SIGHUP: [libjvm.so+0x51e2f0], sa_mask[0]=0x7ffbfeff, sa_flags=0x10000004
SIGINT: SIG_IGN, sa_mask[0]=0x00000000, sa_flags=0x00000000
SIGTERM: [libjvm.so+0x51e2f0], sa_mask[0]=0x7ffbfeff, sa_flags=0x10000004
SIGQUIT: [libjvm.so+0x51e2f0], sa_mask[0]=0x7ffbfeff, sa_flags=0x10000004


---------------  S Y S T E M  ---------------

OS:Ubuntu 10.04 (lucid)
uname:Linux 2.6.32-33-generic #70-Ubuntu SMP Thu Jul 7 21:09:46 UTC 2011 i686
libc:glibc 2.11.1 NPTL 2.11.1 
rlimit: STACK 8192k, CORE 0k, NPROC infinity, NOFILE 1024, AS infinity
load average:0.65 0.50 0.46

/proc/meminfo:
MemTotal:        2836956 kB
MemFree:         1141032 kB
Buffers:           76584 kB
Cached:           798352 kB
SwapCached:            0 kB
Active:           897548 kB
Inactive:         702708 kB
Active(anon):     725728 kB
Inactive(anon):     7436 kB
Active(file):     171820 kB
Inactive(file):   695272 kB
Unevictable:          16 kB
Mlocked:              16 kB
HighTotal:       1973064 kB
HighFree:         417756 kB
LowTotal:         863892 kB
LowFree:          723276 kB
SwapTotal:       3234808 kB
SwapFree:        3234808 kB
Dirty:               192 kB
Writeback:             0 kB
AnonPages:        725456 kB
Mapped:           148632 kB
Shmem:              7848 kB
Slab:              36260 kB
SReclaimable:      24776 kB
SUnreclaim:        11484 kB
KernelStack:        2904 kB
PageTables:         7972 kB
NFS_Unstable:          0 kB
Bounce:                0 kB
WritebackTmp:          0 kB
CommitLimit:     4653284 kB
Committed_AS:    1933992 kB
VmallocTotal:     122880 kB
VmallocUsed:       72908 kB
VmallocChunk:      42876 kB
HardwareCorrupted:     0 kB
HugePages_Total:       0
HugePages_Free:        0
HugePages_Rsvd:        0
HugePages_Surp:        0
Hugepagesize:       4096 kB
DirectMap4k:       12280 kB
DirectMap4M:      897024 kB


CPU:total 2 (2 cores per cpu, 1 threads per core) family 17 model 3 stepping 1, cmov, cx8, fxsr, mmx, sse, sse2, sse3, mmxext, 3dnow, 3dnowext

Memory: 4k page, physical 2836956k(1141032k free), swap 3234808k(3234808k free)

vm_info: OpenJDK Server VM (19.0-b09) for linux-x86 JRE (1.6.0_20-b20), built on Jan 21 2012 08:10:55 by "buildd" with gcc 4.4.3

time: Sun Mar 25 17:45:09 2012
elapsed time: 0 seconds

