#
# A fatal error has been detected by the Java Runtime Environment:
#
#  SIGSEGV (0xb) at pc=0x01191390, pid=4581, tid=3078507376
#
# JRE version: 6.0_20-b20
# Java VM: OpenJDK Server VM (19.0-b09 mixed mode linux-x86 )
# Derivative: IcedTea6 1.9.10
# Distribution: Ubuntu 10.04.1 LTS, package 6b20-1.9.10-0ubuntu1~10.04.3
# Problematic frame:
# V  [libjvm.so+0x39b390]
#
# If you would like to submit a bug report, please include
# instructions how to reproduce the bug and visit:
#   https://bugs.launchpad.net/ubuntu/+source/openjdk-6/
#

---------------  T H R E A D  ---------------

Current thread (0x0996a000):  JavaThread "main" [_thread_in_vm, id=4585, stack(0xb7794000,0xb77e5000)]

siginfo:si_signo=SIGSEGV: si_errno=0, si_code=1 (SEGV_MAPERR), si_addr=0x00000000

Registers:
EAX=0x00000000, EBX=0x01500ff4, ECX=0xb77e3e5c, EDX=0x0996a87c
ESP=0xb77e3e24, EBP=0xb77e3e88, ESI=0x0996a000, EDI=0x099689a0
EIP=0x01191390, CR2=0x00000000, EFLAGS=0x00010213

Register to memory mapping:

EAX=0x00000000
0x00000000 is pointing to unknown location

EBX=0x01500ff4
0x01500ff4: <offset 0x70aff4> in /usr/lib/jvm/java-6-openjdk/jre/lib/i386/server/libjvm.so at 0x00df6000

ECX=0xb77e3e5c
0xb77e3e5c is pointing into the stack for thread: 0x0996a000
"main" prio=10 tid=0x0996a000 nid=0x11e9 runnable [0xb77e3000]
   java.lang.Thread.State: RUNNABLE

EDX=0x0996a87c
0x0996a87c is pointing to unknown location

ESP=0xb77e3e24
0xb77e3e24 is pointing into the stack for thread: 0x0996a000
"main" prio=10 tid=0x0996a000 nid=0x11e9 runnable [0xb77e3000]
   java.lang.Thread.State: RUNNABLE

EBP=0xb77e3e88
0xb77e3e88 is pointing into the stack for thread: 0x0996a000
"main" prio=10 tid=0x0996a000 nid=0x11e9 runnable [0xb77e3000]
   java.lang.Thread.State: RUNNABLE

ESI=0x0996a000
"main" prio=10 tid=0x0996a000 nid=0x11e9 runnable [0xb77e3000]
   java.lang.Thread.State: RUNNABLE

EDI=0x099689a0
0x099689a0 is pointing to unknown location


Top of Stack: (sp=0xb77e3e24)
0xb77e3e24:   0996a000 00000ffc 00000ffc b77e3e6c
0xb77e3e34:   00000000 0996a490 0996a87c 0000003c
0xb77e3e44:   b77e3e5c 0996a488 b77e3e5c 00000015
0xb77e3e54:   0996a8a4 0996a000 0996a000 00000000
0xb77e3e64:   0996a000 523beb0a 0996a000 00000072
0xb77e3e74:   00000000 099f0e50 812b3410 812b3410
0xb77e3e84:   0996a000 b77e3fd8 00d1f349 0996a118
0xb77e3e94:   00000000 00000000 00d25518 012f2d09 

Instructions: (pc=0x01191390)
0x01191380:   c0 8b 47 08 89 45 b0 8b 45 0c 8b 57 0c 89 55 b4
0x01191390:   8b 10 52 e8 88 fa fe ff 89 04 24 89 45 ac e8 01 

Stack: [0xb7794000,0xb77e5000],  sp=0xb77e3e24,  free space=319k
Native frames: (J=compiled Java code, j=interpreted, Vv=VM code, C=native code)
V  [libjvm.so+0x39b390]
C  [libpacketlib.so+0x2349]  Java_FileAccess_GetPacket_fillpackets+0x169
j  FileAccess.GetPacket.fillpackets()V+0
j  FileAccess.GetPacket.main([Ljava/lang/String;)V+148
v  ~StubRoutines::call_stub
V  [libjvm.so+0x387d72]
V  [libjvm.so+0x519369]
V  [libjvm.so+0x386caf]
V  [libjvm.so+0x39214c]
V  [libjvm.so+0x3a11ad]
C  [java+0x321d]  JavaMain+0xd4d
C  [libpthread.so.0+0x596e]

Java frames: (J=compiled Java code, j=interpreted, Vv=VM code)
j  FileAccess.GetPacket.fillpackets()V+0
j  FileAccess.GetPacket.main([Ljava/lang/String;)V+148
v  ~StubRoutines::call_stub

---------------  P R O C E S S  ---------------

Java Threads: ( => current thread )
  0x09a0d400 JavaThread "Low Memory Detector" daemon [_thread_blocked, id=4594, stack(0x8072e000,0x8077f000)]
  0x09a0b800 JavaThread "CompilerThread1" daemon [_thread_blocked, id=4593, stack(0x8077f000,0x80800000)]
  0x09a09800 JavaThread "CompilerThread0" daemon [_thread_blocked, id=4592, stack(0x8090d000,0x8098e000)]
  0x09a08400 JavaThread "Signal Dispatcher" daemon [_thread_blocked, id=4591, stack(0x8098e000,0x809df000)]
  0x099f5000 JavaThread "Finalizer" daemon [_thread_blocked, id=4590, stack(0x80a1e000,0x80a6f000)]
  0x099f3c00 JavaThread "Reference Handler" daemon [_thread_blocked, id=4589, stack(0x80a6f000,0x80ac0000)]
=>0x0996a000 JavaThread "main" [_thread_in_vm, id=4585, stack(0xb7794000,0xb77e5000)]

Other Threads:
  0x099efc00 VMThread [stack: 0x80ac0000,0x80b41000] [id=4588]
  0x09a0f800 WatcherThread [stack: 0x806ad000,0x8072e000] [id=4595]

VM state:not at safepoint (normal execution)

VM Mutex/Monitor currently owned by a thread: None

Heap
 PSYoungGen      total 12992K, used 448K [0xa5f80000, 0xa6df0000, 0xb46d0000)
  eden space 11200K, 4% used [0xa5f80000,0xa5ff0028,0xa6a70000)
  from space 1792K, 0% used [0xa6c30000,0xa6c30000,0xa6df0000)
  to   space 1792K, 0% used [0xa6a70000,0xa6a70000,0xa6c30000)
 PSOldGen        total 29568K, used 0K [0x890d0000, 0x8adb0000, 0xa5f80000)
  object space 29568K, 0% used [0x890d0000,0x890d0000,0x8adb0000)
 PSPermGen       total 16384K, used 1942K [0x810d0000, 0x820d0000, 0x890d0000)
  object space 16384K, 11% used [0x810d0000,0x812b5958,0x820d0000)

Dynamic libraries:
00118000-0013c000 r-xp 00000000 08:05 527205     /lib/tls/i686/cmov/libm-2.11.1.so
0013c000-0013d000 r--p 00023000 08:05 527205     /lib/tls/i686/cmov/libm-2.11.1.so
0013d000-0013e000 rw-p 00024000 08:05 527205     /lib/tls/i686/cmov/libm-2.11.1.so
0013e000-00151000 r-xp 00000000 08:05 527208     /lib/tls/i686/cmov/libnsl-2.11.1.so
00151000-00152000 r--p 00012000 08:05 527208     /lib/tls/i686/cmov/libnsl-2.11.1.so
00152000-00153000 rw-p 00013000 08:05 527208     /lib/tls/i686/cmov/libnsl-2.11.1.so
00153000-00155000 rw-p 00000000 00:00 0 
001b4000-001b5000 r-xp 00000000 00:00 0          [vdso]
0021b000-00236000 r-xp 00000000 08:05 523290     /lib/ld-2.11.1.so
00236000-00237000 r--p 0001a000 08:05 523290     /lib/ld-2.11.1.so
00237000-00238000 rw-p 0001b000 08:05 523290     /lib/ld-2.11.1.so
003b0000-003c5000 r-xp 00000000 08:05 527223     /lib/tls/i686/cmov/libpthread-2.11.1.so
003c5000-003c6000 r--p 00014000 08:05 527223     /lib/tls/i686/cmov/libpthread-2.11.1.so
003c6000-003c7000 rw-p 00015000 08:05 527223     /lib/tls/i686/cmov/libpthread-2.11.1.so
003c7000-003c9000 rw-p 00000000 00:00 0 
00555000-0055f000 r-xp 00000000 08:05 527214     /lib/tls/i686/cmov/libnss_files-2.11.1.so
0055f000-00560000 r--p 00009000 08:05 527214     /lib/tls/i686/cmov/libnss_files-2.11.1.so
00560000-00561000 rw-p 0000a000 08:05 527214     /lib/tls/i686/cmov/libnss_files-2.11.1.so
00594000-0059a000 r-xp 00000000 08:05 527210     /lib/tls/i686/cmov/libnss_compat-2.11.1.so
0059a000-0059b000 r--p 00006000 08:05 527210     /lib/tls/i686/cmov/libnss_compat-2.11.1.so
0059b000-0059c000 rw-p 00007000 08:05 527210     /lib/tls/i686/cmov/libnss_compat-2.11.1.so
005f5000-005fc000 r-xp 00000000 08:05 1586228    /usr/lib/jvm/java-6-openjdk/jre/lib/i386/native_threads/libhpi.so
005fc000-005fd000 r--p 00006000 08:05 1586228    /usr/lib/jvm/java-6-openjdk/jre/lib/i386/native_threads/libhpi.so
005fd000-005fe000 rw-p 00007000 08:05 1586228    /usr/lib/jvm/java-6-openjdk/jre/lib/i386/native_threads/libhpi.so
00630000-00637000 r-xp 00000000 08:05 1586226    /usr/lib/jvm/java-6-openjdk/jre/lib/i386/libzip.so
00637000-00638000 r--p 00006000 08:05 1586226    /usr/lib/jvm/java-6-openjdk/jre/lib/i386/libzip.so
00638000-00639000 rw-p 00007000 08:05 1586226    /usr/lib/jvm/java-6-openjdk/jre/lib/i386/libzip.so
0081d000-00825000 r-xp 00000000 08:05 527218     /lib/tls/i686/cmov/libnss_nis-2.11.1.so
00825000-00826000 r--p 00007000 08:05 527218     /lib/tls/i686/cmov/libnss_nis-2.11.1.so
00826000-00827000 rw-p 00008000 08:05 527218     /lib/tls/i686/cmov/libnss_nis-2.11.1.so
00943000-0094a000 r-xp 00000000 08:05 527227     /lib/tls/i686/cmov/librt-2.11.1.so
0094a000-0094b000 r--p 00006000 08:05 527227     /lib/tls/i686/cmov/librt-2.11.1.so
0094b000-0094c000 rw-p 00007000 08:05 527227     /lib/tls/i686/cmov/librt-2.11.1.so
00a4e000-00a5a000 r-xp 00000000 08:05 1586225    /usr/lib/jvm/java-6-openjdk/jre/lib/i386/libverify.so
00a5a000-00a5b000 r--p 0000b000 08:05 1586225    /usr/lib/jvm/java-6-openjdk/jre/lib/i386/libverify.so
00a5b000-00a5c000 rw-p 0000c000 08:05 1586225    /usr/lib/jvm/java-6-openjdk/jre/lib/i386/libverify.so
00a68000-00a8c000 r-xp 00000000 08:05 1586209    /usr/lib/jvm/java-6-openjdk/jre/lib/i386/libjava.so
00a8c000-00a8d000 r--p 00023000 08:05 1586209    /usr/lib/jvm/java-6-openjdk/jre/lib/i386/libjava.so
00a8d000-00a8f000 rw-p 00024000 08:05 1586209    /usr/lib/jvm/java-6-openjdk/jre/lib/i386/libjava.so
00aa0000-00aa2000 r-xp 00000000 08:05 527203     /lib/tls/i686/cmov/libdl-2.11.1.so
00aa2000-00aa3000 r--p 00001000 08:05 527203     /lib/tls/i686/cmov/libdl-2.11.1.so
00aa3000-00aa4000 rw-p 00002000 08:05 527203     /lib/tls/i686/cmov/libdl-2.11.1.so
00b5f000-00cb2000 r-xp 00000000 08:05 527197     /lib/tls/i686/cmov/libc-2.11.1.so
00cb2000-00cb3000 ---p 00153000 08:05 527197     /lib/tls/i686/cmov/libc-2.11.1.so
00cb3000-00cb5000 r--p 00153000 08:05 527197     /lib/tls/i686/cmov/libc-2.11.1.so
00cb5000-00cb6000 rw-p 00155000 08:05 527197     /lib/tls/i686/cmov/libc-2.11.1.so
00cb6000-00cb9000 rw-p 00000000 00:00 0 
00d1d000-00d26000 r-xp 00000000 08:05 1589892    /usr/lib/libpacketlib.so
00d26000-00d27000 r--p 00008000 08:05 1589892    /usr/lib/libpacketlib.so
00d27000-00d28000 rw-p 00009000 08:05 1589892    /usr/lib/libpacketlib.so
00d82000-00d85000 r-xp 00000000 08:05 1586197    /usr/lib/jvm/java-6-openjdk/jre/lib/i386/jli/libjli.so
00d85000-00d86000 r--p 00003000 08:05 1586197    /usr/lib/jvm/java-6-openjdk/jre/lib/i386/jli/libjli.so
00d86000-00d87000 rw-p 00004000 08:05 1586197    /usr/lib/jvm/java-6-openjdk/jre/lib/i386/jli/libjli.so
00de1000-00df4000 r-xp 00000000 08:05 523463     /lib/libz.so.1.2.3.3
00df4000-00df5000 r--p 00012000 08:05 523463     /lib/libz.so.1.2.3.3
00df5000-00df6000 rw-p 00013000 08:05 523463     /lib/libz.so.1.2.3.3
00df6000-014bb000 r-xp 00000000 08:05 1586230    /usr/lib/jvm/java-6-openjdk/jre/lib/i386/server/libjvm.so
014bb000-014bc000 ---p 006c5000 08:05 1586230    /usr/lib/jvm/java-6-openjdk/jre/lib/i386/server/libjvm.so
014bc000-01501000 r--p 006c5000 08:05 1586230    /usr/lib/jvm/java-6-openjdk/jre/lib/i386/server/libjvm.so
01501000-01510000 rw-p 0070a000 08:05 1586230    /usr/lib/jvm/java-6-openjdk/jre/lib/i386/server/libjvm.so
01510000-0192f000 rw-p 00000000 00:00 0 
08048000-08051000 r-xp 00000000 08:05 1586258    /usr/lib/jvm/java-6-openjdk/jre/bin/java
08051000-08052000 r--p 00008000 08:05 1586258    /usr/lib/jvm/java-6-openjdk/jre/bin/java
08052000-08053000 rw-p 00009000 08:05 1586258    /usr/lib/jvm/java-6-openjdk/jre/bin/java
09963000-09a4a000 rw-p 00000000 00:00 0          [heap]
806ad000-806ae000 ---p 00000000 00:00 0 
806ae000-8072e000 rw-p 00000000 00:00 0 
8072e000-80731000 ---p 00000000 00:00 0 
80731000-8077f000 rw-p 00000000 00:00 0 
8077f000-80782000 ---p 00000000 00:00 0 
80782000-80800000 rw-p 00000000 00:00 0 
80800000-80821000 rw-p 00000000 00:00 0 
80821000-80900000 ---p 00000000 00:00 0 
80904000-8090d000 r--s 00065000 08:05 6219       /usr/share/java/gnome-java-bridge.jar
8090d000-80910000 ---p 00000000 00:00 0 
80910000-8098e000 rw-p 00000000 00:00 0 
8098e000-80991000 ---p 00000000 00:00 0 
80991000-809df000 rw-p 00000000 00:00 0 
809df000-80a1e000 r--p 00000000 08:05 1577945    /usr/lib/locale/en_IN/LC_CTYPE
80a1e000-80a21000 ---p 00000000 00:00 0 
80a21000-80a6f000 rw-p 00000000 00:00 0 
80a6f000-80a72000 ---p 00000000 00:00 0 
80a72000-80ac0000 rw-p 00000000 00:00 0 
80ac0000-80ac1000 ---p 00000000 00:00 0 
80ac1000-80b41000 rw-p 00000000 00:00 0 
80b41000-80b43000 r--s 0001d000 08:05 1577596    /usr/lib/jvm/java-6-openjdk/jre/lib/plugin.jar
80b43000-80b48000 r--s 00045000 08:05 1577595    /usr/lib/jvm/java-6-openjdk/jre/lib/netx.jar
80b48000-80b7b000 rw-p 00000000 00:00 0 
80b7b000-80d0a000 r--s 038c4000 08:05 1586189    /usr/lib/jvm/java-6-openjdk/jre/lib/rt.jar
80d0a000-80d0b000 ---p 00000000 00:00 0 
80d0b000-80d8b000 rw-p 00000000 00:00 0 
80d8b000-80d8c000 ---p 00000000 00:00 0 
80d8c000-80e14000 rw-p 00000000 00:00 0 
80e14000-80e4c000 rw-p 00000000 00:00 0 
80e4c000-80e5b000 rw-p 00000000 00:00 0 
80e5b000-80f34000 rw-p 00000000 00:00 0 
80f34000-80f3c000 rw-p 00000000 00:00 0 
80f3c000-80f74000 rw-p 00000000 00:00 0 
80f74000-80f83000 rw-p 00000000 00:00 0 
80f83000-8105b000 rw-p 00000000 00:00 0 
8105b000-81063000 rw-p 00000000 00:00 0 
81063000-810cf000 rw-p 00000000 00:00 0 
810cf000-820d0000 rw-p 00000000 00:00 0 
820d0000-890d0000 rw-p 00000000 00:00 0 
890d0000-8adb0000 rw-p 00000000 00:00 0 
8adb0000-a5f80000 rw-p 00000000 00:00 0 
a5f80000-a6df0000 rw-p 00000000 00:00 0 
a6df0000-b46d0000 rw-p 00000000 00:00 0 
b46d4000-b46dd000 rw-p 00000000 00:00 0 
b46dd000-b4794000 rw-p 00000000 00:00 0 
b4794000-b49d4000 rwxp 00000000 00:00 0 
b49d4000-b7794000 rw-p 00000000 00:00 0 
b7794000-b7797000 ---p 00000000 00:00 0 
b7797000-b77e8000 rw-p 00000000 00:00 0 
b77ed000-b77f0000 r--s 0000f000 08:05 1577575    /usr/lib/jvm/java-6-openjdk/jre/lib/ext/pulse-java.jar
b77f0000-b77f8000 rw-s 00000000 08:05 671476     /tmp/hsperfdata_root/4581
b77f8000-b77f9000 rw-p 00000000 00:00 0 
b77f9000-b77fa000 r--p 00000000 00:00 0 
b77fa000-b77fc000 rw-p 00000000 00:00 0 
bfc11000-bfc26000 rw-p 00000000 00:00 0          [stack]

VM Arguments:
jvm_args: -Dfile.encoding=UTF-8 
java_command: FileAccess.GetPacket
Launcher Type: SUN_STANDARD

Environment Variables:
PATH=/usr/local/sbin:/usr/local/bin:/usr/sbin:/usr/bin:/sbin:/bin:/usr/games
USERNAME=root
LD_LIBRARY_PATH=/usr/lib/jvm/java-6-openjdk/jre/lib/i386/server:/usr/lib/jvm/java-6-openjdk/jre/lib/i386:/usr/lib/jvm/java-6-openjdk/jre/../lib/i386:/usr/lib/jvm/java-6-openjdk/jre/lib/i386/client:/usr/lib/jvm/java-6-openjdk/jre/lib/i386:/usr/lib/jvm/java-6-openjdk/jre/../lib/i386
SHELL=/bin/bash
DISPLAY=:0.0

Signal Handlers:
SIGSEGV: [libjvm.so+0x64a040], sa_mask[0]=0x7ffbfeff, sa_flags=0x10000004
SIGBUS: [libjvm.so+0x64a040], sa_mask[0]=0x7ffbfeff, sa_flags=0x10000004
SIGFPE: [libjvm.so+0x51c0d0], sa_mask[0]=0x7ffbfeff, sa_flags=0x10000004
SIGPIPE: [libjvm.so+0x51c0d0], sa_mask[0]=0x7ffbfeff, sa_flags=0x10000004
SIGXFSZ: [libjvm.so+0x51c0d0], sa_mask[0]=0x7ffbfeff, sa_flags=0x10000004
SIGILL: [libjvm.so+0x51c0d0], sa_mask[0]=0x7ffbfeff, sa_flags=0x10000004
SIGUSR1: SIG_DFL, sa_mask[0]=0x00000000, sa_flags=0x00000000
SIGUSR2: [libjvm.so+0x51b780], sa_mask[0]=0x00000004, sa_flags=0x10000004
SIGHUP: [libjvm.so+0x51e2f0], sa_mask[0]=0x7ffbfeff, sa_flags=0x10000004
SIGINT: SIG_IGN, sa_mask[0]=0x00000000, sa_flags=0x00000000
SIGTERM: [libjvm.so+0x51e2f0], sa_mask[0]=0x7ffbfeff, sa_flags=0x10000004
SIGQUIT: [libjvm.so+0x51e2f0], sa_mask[0]=0x7ffbfeff, sa_flags=0x10000004


---------------  S Y S T E M  ---------------

OS:Ubuntu 10.04 (lucid)
uname:Linux 2.6.32-33-generic #70-Ubuntu SMP Thu Jul 7 21:09:46 UTC 2011 i686
libc:glibc 2.11.1 NPTL 2.11.1 
rlimit: STACK 8192k, CORE 0k, NPROC infinity, NOFILE 1024, AS infinity
load average:0.70 0.43 0.35

/proc/meminfo:
MemTotal:        2836956 kB
MemFree:         1135328 kB
Buffers:           78704 kB
Cached:           800388 kB
SwapCached:            0 kB
Active:           901988 kB
Inactive:         704340 kB
Active(anon):     727660 kB
Inactive(anon):     7436 kB
Active(file):     174328 kB
Inactive(file):   696904 kB
Unevictable:          16 kB
Mlocked:              16 kB
HighTotal:       1973064 kB
HighFree:         414160 kB
LowTotal:         863892 kB
LowFree:          721168 kB
SwapTotal:       3234808 kB
SwapFree:        3234808 kB
Dirty:               108 kB
Writeback:             0 kB
AnonPages:        727264 kB
Mapped:           148512 kB
Shmem:              7848 kB
Slab:              36468 kB
SReclaimable:      24880 kB
SUnreclaim:        11588 kB
KernelStack:        2760 kB
PageTables:         7852 kB
NFS_Unstable:          0 kB
Bounce:                0 kB
WritebackTmp:          0 kB
CommitLimit:     4653284 kB
Committed_AS:    1934836 kB
VmallocTotal:     122880 kB
VmallocUsed:       72908 kB
VmallocChunk:      42876 kB
HardwareCorrupted:     0 kB
HugePages_Total:       0
HugePages_Free:        0
HugePages_Rsvd:        0
HugePages_Surp:        0
Hugepagesize:       4096 kB
DirectMap4k:       12280 kB
DirectMap4M:      897024 kB


CPU:total 2 (2 cores per cpu, 1 threads per core) family 17 model 3 stepping 1, cmov, cx8, fxsr, mmx, sse, sse2, sse3, mmxext, 3dnow, 3dnowext

Memory: 4k page, physical 2836956k(1135328k free), swap 3234808k(3234808k free)

vm_info: OpenJDK Server VM (19.0-b09) for linux-x86 JRE (1.6.0_20-b20), built on Jan 21 2012 08:10:55 by "buildd" with gcc 4.4.3

time: Sun Mar 25 18:25:44 2012
elapsed time: 0 seconds

