#
# A fatal error has been detected by the Java Runtime Environment:
#
#  SIGSEGV (0xb) at pc=0x0016c90c, pid=3665, tid=3079375728
#
# JRE version: 6.0_20-b20
# Java VM: OpenJDK Server VM (19.0-b09 mixed mode linux-x86 )
# Derivative: IcedTea6 1.9.10
# Distribution: Ubuntu 10.04.1 LTS, package 6b20-1.9.10-0ubuntu1~10.04.2
# Problematic frame:
# C  [libc.so.6+0x5c90c]  fread+0x2c
#
# If you would like to submit a bug report, please include
# instructions how to reproduce the bug and visit:
#   https://bugs.launchpad.net/ubuntu/+source/openjdk-6/
# The crash happened outside the Java Virtual Machine in native code.
# See problematic frame for where to report the bug.
#

---------------  T H R E A D  ---------------

Current thread (0x09021400):  JavaThread "main" [_thread_in_native, id=3669, stack(0xb7868000,0xb78b9000)]

siginfo:si_signo=SIGSEGV: si_errno=0, si_code=1 (SEGV_MAPERR), si_addr=0x00000000

Registers:
EAX=0xb78b798c, EBX=0x00265ff4, ECX=0x090d99e0, EDX=0x002673f0
ESP=0xb78b792c, EBP=0xb78b7948, ESI=0x00000670, EDI=0x00000000
EIP=0x0016c90c, CR2=0x00000000, EFLAGS=0x00010202

Register to memory mapping:

EAX=0xb78b798c
0xb78b798c is pointing into the stack for thread: 0x09021400
"main" prio=10 tid=0x09021400 nid=0xe55 runnable [0xb78b8000]
   java.lang.Thread.State: RUNNABLE

EBX=0x00265ff4
0x00265ff4: <offset 0x155ff4> in /lib/tls/i686/cmov/libc.so.6 at 0x00110000

ECX=0x090d99e0
0x090d99e0 is pointing to unknown location

EDX=0x002673f0
0x002673f0: <offset 0x1573f0> in /lib/tls/i686/cmov/libc.so.6 at 0x00110000

ESP=0xb78b792c
0xb78b792c is pointing into the stack for thread: 0x09021400
"main" prio=10 tid=0x09021400 nid=0xe55 runnable [0xb78b8000]
   java.lang.Thread.State: RUNNABLE

EBP=0xb78b7948
0xb78b7948 is pointing into the stack for thread: 0x09021400
"main" prio=10 tid=0x09021400 nid=0xe55 runnable [0xb78b8000]
   java.lang.Thread.State: RUNNABLE

ESI=0x00000670
0x00000670 is pointing to unknown location

EDI=0x00000000
0x00000000 is pointing to unknown location


Top of Stack: (sp=0xb78b792c)
0xb78b792c:   813829a0 b78b7948 0016c44c 002c969b
0xb78b793c:   813829a0 813829a0 09021400 b78b8008
0xb78b794c:   002c961a b78b798c 00000670 00000001
0xb78b795c:   00000000 811ab648 a6091870 b78b804c
0xb78b796c:   09021518 b78b7d90 00000000 00000000
0xb78b797c:   0901fbf8 002c9254 0021475d 007ebff4
0xb78b798c:   b78b7aec 0901aef8 b78b79a4 00214c3a
0xb78b799c:   00000000 00000002 b78b79b4 007e9db8 

Instructions: (pc=0x0016c90c)
0x0016c8fc:   0f 00 89 7d fc 8b 7d 14 85 f6 0f 84 a4 00 00 00
0x0016c90c:   66 83 3f 00 78 39 8b 57 48 65 a1 08 00 00 00 89 

Stack: [0xb7868000,0xb78b9000],  sp=0xb78b792c,  free space=318k
Native frames: (J=compiled Java code, j=interpreted, Vv=VM code, C=native code)
C  [libc.so.6+0x5c90c]  fread+0x2c
C  [libpacketlib.so+0x61a]  Java_Core_func_fillpackets+0x6a
j  Core.func.fillpackets()V+0
j  Core.func.main([Ljava/lang/String;)V+9
v  ~StubRoutines::call_stub
V  [libjvm.so+0x387d72]
V  [libjvm.so+0x519369]
V  [libjvm.so+0x386caf]
V  [libjvm.so+0x39214c]
V  [libjvm.so+0x3a11ad]
C  [java+0x321d]  JavaMain+0xd4d
C  [libpthread.so.0+0x596e]

Java frames: (J=compiled Java code, j=interpreted, Vv=VM code)
j  Core.func.fillpackets()V+0
j  Core.func.main([Ljava/lang/String;)V+9
v  ~StubRoutines::call_stub

---------------  P R O C E S S  ---------------

Java Threads: ( => current thread )
  0x090c4800 JavaThread "Low Memory Detector" daemon [_thread_blocked, id=3678, stack(0x8098c000,0x809dd000)]
  0x090c2c00 JavaThread "CompilerThread1" daemon [_thread_blocked, id=3677, stack(0x8077f000,0x80800000)]
  0x090c0c00 JavaThread "CompilerThread0" daemon [_thread_blocked, id=3676, stack(0x809dd000,0x80a5e000)]
  0x090bf400 JavaThread "Signal Dispatcher" daemon [_thread_blocked, id=3675, stack(0x80a5e000,0x80aaf000)]
  0x090ac400 JavaThread "Finalizer" daemon [_thread_blocked, id=3674, stack(0x80aee000,0x80b3f000)]
  0x090aac00 JavaThread "Reference Handler" daemon [_thread_blocked, id=3673, stack(0x80b3f000,0x80b90000)]
=>0x09021400 JavaThread "main" [_thread_in_native, id=3669, stack(0xb7868000,0xb78b9000)]

Other Threads:
  0x090a6c00 VMThread [stack: 0x80b90000,0x80c11000] [id=3672]
  0x090c6800 WatcherThread [stack: 0x8090b000,0x8098c000] [id=3679]

VM state:not at safepoint (normal execution)

VM Mutex/Monitor currently owned by a thread: None

Heap
 PSYoungGen      total 12992K, used 448K [0xa6050000, 0xa6ec0000, 0xb47a0000)
  eden space 11200K, 4% used [0xa6050000,0xa60c0040,0xa6b40000)
  from space 1792K, 0% used [0xa6d00000,0xa6d00000,0xa6ec0000)
  to   space 1792K, 0% used [0xa6b40000,0xa6b40000,0xa6d00000)
 PSOldGen        total 29568K, used 0K [0x891a0000, 0x8ae80000, 0xa6050000)
  object space 29568K, 0% used [0x891a0000,0x891a0000,0x8ae80000)
 PSPermGen       total 16384K, used 1931K [0x811a0000, 0x821a0000, 0x891a0000)
  object space 16384K, 11% used [0x811a0000,0x81382f08,0x821a0000)

Dynamic libraries:
00110000-00263000 r-xp 00000000 08:06 1311374    /lib/tls/i686/cmov/libc-2.11.1.so
00263000-00264000 ---p 00153000 08:06 1311374    /lib/tls/i686/cmov/libc-2.11.1.so
00264000-00266000 r--p 00153000 08:06 1311374    /lib/tls/i686/cmov/libc-2.11.1.so
00266000-00267000 rw-p 00155000 08:06 1311374    /lib/tls/i686/cmov/libc-2.11.1.so
00267000-0026a000 rw-p 00000000 00:00 0 
0026a000-00276000 r-xp 00000000 08:06 1064685    /usr/lib/jvm/java-6-openjdk/jre/lib/i386/libverify.so
00276000-00277000 r--p 0000b000 08:06 1064685    /usr/lib/jvm/java-6-openjdk/jre/lib/i386/libverify.so
00277000-00278000 rw-p 0000c000 08:06 1064685    /usr/lib/jvm/java-6-openjdk/jre/lib/i386/libverify.so
00278000-0029c000 r-xp 00000000 08:06 1064657    /usr/lib/jvm/java-6-openjdk/jre/lib/i386/libjava.so
0029c000-0029d000 r--p 00023000 08:06 1064657    /usr/lib/jvm/java-6-openjdk/jre/lib/i386/libjava.so
0029d000-0029f000 rw-p 00024000 08:06 1064657    /usr/lib/jvm/java-6-openjdk/jre/lib/i386/libjava.so
0029f000-002b2000 r-xp 00000000 08:06 1311385    /lib/tls/i686/cmov/libnsl-2.11.1.so
002b2000-002b3000 r--p 00012000 08:06 1311385    /lib/tls/i686/cmov/libnsl-2.11.1.so
002b3000-002b4000 rw-p 00013000 08:06 1311385    /lib/tls/i686/cmov/libnsl-2.11.1.so
002b4000-002b6000 rw-p 00000000 00:00 0 
002b6000-002be000 r-xp 00000000 08:06 1311395    /lib/tls/i686/cmov/libnss_nis-2.11.1.so
002be000-002bf000 r--p 00007000 08:06 1311395    /lib/tls/i686/cmov/libnss_nis-2.11.1.so
002bf000-002c0000 rw-p 00008000 08:06 1311395    /lib/tls/i686/cmov/libnss_nis-2.11.1.so
002c0000-002c7000 r-xp 00000000 08:06 1064662    /usr/lib/jvm/java-6-openjdk/jre/lib/i386/libzip.so
002c7000-002c8000 r--p 00006000 08:06 1064662    /usr/lib/jvm/java-6-openjdk/jre/lib/i386/libzip.so
002c8000-002c9000 rw-p 00007000 08:06 1064662    /usr/lib/jvm/java-6-openjdk/jre/lib/i386/libzip.so
002c9000-002ca000 r-xp 00000000 08:06 1069378    /usr/lib/libpacketlib.so
002ca000-002cb000 r--p 00000000 08:06 1069378    /usr/lib/libpacketlib.so
002cb000-002cc000 rw-p 00001000 08:06 1069378    /usr/lib/libpacketlib.so
002cc000-002d2000 r-xp 00000000 08:06 1311387    /lib/tls/i686/cmov/libnss_compat-2.11.1.so
002d2000-002d3000 r--p 00006000 08:06 1311387    /lib/tls/i686/cmov/libnss_compat-2.11.1.so
002d3000-002d4000 rw-p 00007000 08:06 1311387    /lib/tls/i686/cmov/libnss_compat-2.11.1.so
0034d000-00357000 r-xp 00000000 08:06 1311391    /lib/tls/i686/cmov/libnss_files-2.11.1.so
00357000-00358000 r--p 00009000 08:06 1311391    /lib/tls/i686/cmov/libnss_files-2.11.1.so
00358000-00359000 rw-p 0000a000 08:06 1311391    /lib/tls/i686/cmov/libnss_files-2.11.1.so
00387000-00388000 r-xp 00000000 00:00 0          [vdso]
003f7000-0041b000 r-xp 00000000 08:06 1311382    /lib/tls/i686/cmov/libm-2.11.1.so
0041b000-0041c000 r--p 00023000 08:06 1311382    /lib/tls/i686/cmov/libm-2.11.1.so
0041c000-0041d000 rw-p 00024000 08:06 1311382    /lib/tls/i686/cmov/libm-2.11.1.so
00428000-0042b000 r-xp 00000000 08:06 1064666    /usr/lib/jvm/java-6-openjdk/jre/lib/i386/jli/libjli.so
0042b000-0042c000 r--p 00003000 08:06 1064666    /usr/lib/jvm/java-6-openjdk/jre/lib/i386/jli/libjli.so
0042c000-0042d000 rw-p 00004000 08:06 1064666    /usr/lib/jvm/java-6-openjdk/jre/lib/i386/jli/libjli.so
0059c000-005a3000 r-xp 00000000 08:06 1064678    /usr/lib/jvm/java-6-openjdk/jre/lib/i386/native_threads/libhpi.so
005a3000-005a4000 r--p 00006000 08:06 1064678    /usr/lib/jvm/java-6-openjdk/jre/lib/i386/native_threads/libhpi.so
005a4000-005a5000 rw-p 00007000 08:06 1064678    /usr/lib/jvm/java-6-openjdk/jre/lib/i386/native_threads/libhpi.so
005fc000-0060f000 r-xp 00000000 08:06 1179846    /lib/libz.so.1.2.3.3
0060f000-00610000 r--p 00012000 08:06 1179846    /lib/libz.so.1.2.3.3
00610000-00611000 rw-p 00013000 08:06 1179846    /lib/libz.so.1.2.3.3
007e9000-007eb000 r-xp 00000000 08:06 1311380    /lib/tls/i686/cmov/libdl-2.11.1.so
007eb000-007ec000 r--p 00001000 08:06 1311380    /lib/tls/i686/cmov/libdl-2.11.1.so
007ec000-007ed000 rw-p 00002000 08:06 1311380    /lib/tls/i686/cmov/libdl-2.11.1.so
007f4000-0080f000 r-xp 00000000 08:06 1179673    /lib/ld-2.11.1.so
0080f000-00810000 r--p 0001a000 08:06 1179673    /lib/ld-2.11.1.so
00810000-00811000 rw-p 0001b000 08:06 1179673    /lib/ld-2.11.1.so
00903000-0090a000 r-xp 00000000 08:06 1311404    /lib/tls/i686/cmov/librt-2.11.1.so
0090a000-0090b000 r--p 00006000 08:06 1311404    /lib/tls/i686/cmov/librt-2.11.1.so
0090b000-0090c000 rw-p 00007000 08:06 1311404    /lib/tls/i686/cmov/librt-2.11.1.so
009b5000-009ca000 r-xp 00000000 08:06 1311400    /lib/tls/i686/cmov/libpthread-2.11.1.so
009ca000-009cb000 r--p 00014000 08:06 1311400    /lib/tls/i686/cmov/libpthread-2.11.1.so
009cb000-009cc000 rw-p 00015000 08:06 1311400    /lib/tls/i686/cmov/libpthread-2.11.1.so
009cc000-009ce000 rw-p 00000000 00:00 0 
009ce000-01093000 r-xp 00000000 08:06 1064676    /usr/lib/jvm/java-6-openjdk/jre/lib/i386/server/libjvm.so
01093000-01094000 ---p 006c5000 08:06 1064676    /usr/lib/jvm/java-6-openjdk/jre/lib/i386/server/libjvm.so
01094000-010d9000 r--p 006c5000 08:06 1064676    /usr/lib/jvm/java-6-openjdk/jre/lib/i386/server/libjvm.so
010d9000-010e8000 rw-p 0070a000 08:06 1064676    /usr/lib/jvm/java-6-openjdk/jre/lib/i386/server/libjvm.so
010e8000-01507000 rw-p 00000000 00:00 0 
08048000-08051000 r-xp 00000000 08:06 1064626    /usr/lib/jvm/java-6-openjdk/jre/bin/java
08051000-08052000 r--p 00008000 08:06 1064626    /usr/lib/jvm/java-6-openjdk/jre/bin/java
08052000-08053000 rw-p 00009000 08:06 1064626    /usr/lib/jvm/java-6-openjdk/jre/bin/java
0901a000-09101000 rw-p 00000000 00:00 0          [heap]
8077f000-80782000 ---p 00000000 00:00 0 
80782000-80800000 rw-p 00000000 00:00 0 
80800000-80821000 rw-p 00000000 00:00 0 
80821000-80900000 ---p 00000000 00:00 0 
80902000-8090b000 r--s 00065000 08:06 1460237    /usr/share/java/gnome-java-bridge.jar
8090b000-8090c000 ---p 00000000 00:00 0 
8090c000-8098c000 rw-p 00000000 00:00 0 
8098c000-8098f000 ---p 00000000 00:00 0 
8098f000-809dd000 rw-p 00000000 00:00 0 
809dd000-809e0000 ---p 00000000 00:00 0 
809e0000-80a5e000 rw-p 00000000 00:00 0 
80a5e000-80a61000 ---p 00000000 00:00 0 
80a61000-80aaf000 rw-p 00000000 00:00 0 
80aaf000-80aee000 r--p 00000000 08:06 1056342    /usr/lib/locale/en_IN/LC_CTYPE
80aee000-80af1000 ---p 00000000 00:00 0 
80af1000-80b3f000 rw-p 00000000 00:00 0 
80b3f000-80b42000 ---p 00000000 00:00 0 
80b42000-80b90000 rw-p 00000000 00:00 0 
80b90000-80b91000 ---p 00000000 00:00 0 
80b91000-80c11000 rw-p 00000000 00:00 0 
80c11000-80c13000 r--s 0001d000 08:06 1056709    /usr/lib/jvm/java-6-openjdk/jre/lib/plugin.jar
80c13000-80c18000 r--s 00045000 08:06 1056713    /usr/lib/jvm/java-6-openjdk/jre/lib/netx.jar
80c18000-80c4b000 rw-p 00000000 00:00 0 
80c4b000-80dda000 r--s 038c4000 08:06 1064698    /usr/lib/jvm/java-6-openjdk/jre/lib/rt.jar
80dda000-80ddb000 ---p 00000000 00:00 0 
80ddb000-80e5b000 rw-p 00000000 00:00 0 
80e5b000-80e5c000 ---p 00000000 00:00 0 
80e5c000-80ee4000 rw-p 00000000 00:00 0 
80ee4000-80f1c000 rw-p 00000000 00:00 0 
80f1c000-80f2b000 rw-p 00000000 00:00 0 
80f2b000-81004000 rw-p 00000000 00:00 0 
81004000-8100c000 rw-p 00000000 00:00 0 
8100c000-81044000 rw-p 00000000 00:00 0 
81044000-81053000 rw-p 00000000 00:00 0 
81053000-8112b000 rw-p 00000000 00:00 0 
8112b000-81133000 rw-p 00000000 00:00 0 
81133000-8119f000 rw-p 00000000 00:00 0 
8119f000-821a0000 rw-p 00000000 00:00 0 
821a0000-891a0000 rw-p 00000000 00:00 0 
891a0000-8ae80000 rw-p 00000000 00:00 0 
8ae80000-a6050000 rw-p 00000000 00:00 0 
a6050000-a6ec0000 rw-p 00000000 00:00 0 
a6ec0000-b47a0000 rw-p 00000000 00:00 0 
b47a8000-b47b1000 rw-p 00000000 00:00 0 
b47b1000-b4868000 rw-p 00000000 00:00 0 
b4868000-b4aa8000 rwxp 00000000 00:00 0 
b4aa8000-b7868000 rw-p 00000000 00:00 0 
b7868000-b786b000 ---p 00000000 00:00 0 
b786b000-b78bc000 rw-p 00000000 00:00 0 
b78bd000-b78c0000 r--s 0000f000 08:06 1056737    /usr/lib/jvm/java-6-openjdk/jre/lib/ext/pulse-java.jar
b78c0000-b78c8000 rw-s 00000000 08:06 786855     /tmp/hsperfdata_varun/3665
b78c8000-b78c9000 rw-p 00000000 00:00 0 
b78c9000-b78ca000 r--p 00000000 00:00 0 
b78ca000-b78cc000 rw-p 00000000 00:00 0 
bfac6000-bfadb000 rw-p 00000000 00:00 0          [stack]

VM Arguments:
jvm_args: -Dfile.encoding=UTF-8 
java_command: Core.func
Launcher Type: SUN_STANDARD

Environment Variables:
PATH=/usr/local/sbin:/usr/local/bin:/usr/sbin:/usr/bin:/sbin:/bin:/usr/games
USERNAME=varun
LD_LIBRARY_PATH=/usr/lib/jvm/java-6-openjdk/jre/lib/i386/server:/usr/lib/jvm/java-6-openjdk/jre/lib/i386:/usr/lib/jvm/java-6-openjdk/jre/../lib/i386:/usr/lib/jvm/java-6-openjdk/jre/lib/i386/client:/usr/lib/jvm/java-6-openjdk/jre/lib/i386:/usr/lib/jvm/java-6-openjdk/jre/../lib/i386
SHELL=/bin/bash
DISPLAY=:0.0

Signal Handlers:
SIGSEGV: [libjvm.so+0x64a040], sa_mask[0]=0x7ffbfeff, sa_flags=0x10000004
SIGBUS: [libjvm.so+0x64a040], sa_mask[0]=0x7ffbfeff, sa_flags=0x10000004
SIGFPE: [libjvm.so+0x51c0d0], sa_mask[0]=0x7ffbfeff, sa_flags=0x10000004
SIGPIPE: [libjvm.so+0x51c0d0], sa_mask[0]=0x7ffbfeff, sa_flags=0x10000004
SIGXFSZ: [libjvm.so+0x51c0d0], sa_mask[0]=0x7ffbfeff, sa_flags=0x10000004
SIGILL: [libjvm.so+0x51c0d0], sa_mask[0]=0x7ffbfeff, sa_flags=0x10000004
SIGUSR1: SIG_DFL, sa_mask[0]=0x00000000, sa_flags=0x00000000
SIGUSR2: [libjvm.so+0x51b780], sa_mask[0]=0x00000004, sa_flags=0x10000004
SIGHUP: [libjvm.so+0x51e2f0], sa_mask[0]=0x7ffbfeff, sa_flags=0x10000004
SIGINT: SIG_IGN, sa_mask[0]=0x00000000, sa_flags=0x00000000
SIGTERM: [libjvm.so+0x51e2f0], sa_mask[0]=0x7ffbfeff, sa_flags=0x10000004
SIGQUIT: [libjvm.so+0x51e2f0], sa_mask[0]=0x7ffbfeff, sa_flags=0x10000004


---------------  S Y S T E M  ---------------

OS:Ubuntu 10.04 (lucid)
uname:Linux 2.6.32-33-generic #70-Ubuntu SMP Thu Jul 7 21:09:46 UTC 2011 i686
libc:glibc 2.11.1 NPTL 2.11.1 
rlimit: STACK 8192k, CORE 0k, NPROC infinity, NOFILE 1024, AS infinity
load average:0.44 0.42 0.41

/proc/meminfo:
MemTotal:        2836956 kB
MemFree:         1365808 kB
Buffers:          104488 kB
Cached:           713512 kB
SwapCached:            0 kB
Active:           796624 kB
Inactive:         564508 kB
Active(anon):     543540 kB
Inactive(anon):     7380 kB
Active(file):     253084 kB
Inactive(file):   557128 kB
Unevictable:          32 kB
Mlocked:              32 kB
HighTotal:       1973064 kB
HighFree:         686712 kB
LowTotal:         863892 kB
LowFree:          679096 kB
SwapTotal:       2833400 kB
SwapFree:        2833400 kB
Dirty:               128 kB
Writeback:             0 kB
AnonPages:        543168 kB
Mapped:           108288 kB
Shmem:              7792 kB
Slab:              53688 kB
SReclaimable:      42592 kB
SUnreclaim:        11096 kB
KernelStack:        2360 kB
PageTables:         6488 kB
NFS_Unstable:          0 kB
Bounce:                0 kB
WritebackTmp:          0 kB
CommitLimit:     4251876 kB
Committed_AS:    1279752 kB
VmallocTotal:     122880 kB
VmallocUsed:       72820 kB
VmallocChunk:      42876 kB
HardwareCorrupted:     0 kB
HugePages_Total:       0
HugePages_Free:        0
HugePages_Rsvd:        0
HugePages_Surp:        0
Hugepagesize:       4096 kB
DirectMap4k:       12280 kB
DirectMap4M:      897024 kB


CPU:total 2 (2 cores per cpu, 1 threads per core) family 17 model 3 stepping 1, cmov, cx8, fxsr, mmx, sse, sse2, sse3, mmxext, 3dnow, 3dnowext

Memory: 4k page, physical 2836956k(1365808k free), swap 2833400k(2833400k free)

vm_info: OpenJDK Server VM (19.0-b09) for linux-x86 JRE (1.6.0_20-b20), built on Nov  8 2011 17:27:25 by "buildd" with gcc 4.4.3

time: Sat Jan 14 15:46:33 2012
elapsed time: 0 seconds

