#
# A fatal error has been detected by the Java Runtime Environment:
#
#  SIGSEGV (0xb) at pc=0xb46cff62, pid=3039, tid=3077651312
#
# JRE version: 6.0_20-b20
# Java VM: OpenJDK Server VM (19.0-b09 mixed mode linux-x86 )
# Derivative: IcedTea6 1.9.10
# Distribution: Ubuntu 10.04.1 LTS, package 6b20-1.9.10-0ubuntu1~10.04.3
# Problematic frame:
# j  java.util.ArrayList.add(Ljava/lang/Object;)Z+7
#
# If you would like to submit a bug report, please include
# instructions how to reproduce the bug and visit:
#   https://bugs.launchpad.net/ubuntu/+source/openjdk-6/
#

---------------  T H R E A D  ---------------

Current thread (0x09796000):  JavaThread "main" [_thread_in_Java, id=3043, stack(0xb76c3000,0xb7714000)]

siginfo:si_signo=SIGSEGV: si_errno=0, si_code=1 (SEGV_MAPERR), si_addr=0x3166697a

Registers:
EAX=0x31666976, EBX=0x00000000, ECX=0x00000000, EDX=0xa5ef4b60
ESP=0xb7712ccc, EBP=0xb7712cf8, ESI=0x8113ab52, EDI=0xb7712d04
EIP=0xb46cff62, CR2=0x3166697a, EFLAGS=0x00010202

Register to memory mapping:

EAX=0x31666976
0x31666976 is pointing to unknown location

EBX=0x00000000
0x00000000 is pointing to unknown location

ECX=0x00000000
0x00000000 is pointing to unknown location

EDX=0xa5ef4b60

[error occurred during error reporting (printing registers, top of stack, instructions near pc), id 0xe0000000]

Stack: [0xb76c3000,0xb7714000],  sp=0xb7712ccc,  free space=319k
Native frames: (J=compiled Java code, j=interpreted, Vv=VM code, C=native code)
j  java.util.ArrayList.add(Ljava/lang/Object;)Z+7
j  Core.VirtualMachine.addVif(Ljava/lang/String;)V+5
v  ~StubRoutines::call_stub
V  [libjvm.so+0x387d72]
V  [libjvm.so+0x519369]
V  [libjvm.so+0x386caf]
V  [libjvm.so+0x392859]
V  [libjvm.so+0x3aac7f]
C  [libvminfo.so+0xa4b]  Java_FileAccess_VMInfo_fillInfo+0x339
j  FileAccess.VMInfo.fillInfo()V+0
j  FileAccess.VMInfo.main([Ljava/lang/String;)V+9
v  ~StubRoutines::call_stub
V  [libjvm.so+0x387d72]
V  [libjvm.so+0x519369]
V  [libjvm.so+0x386caf]
V  [libjvm.so+0x39214c]
V  [libjvm.so+0x3a11ad]
C  [java+0x321d]  JavaMain+0xd4d
C  [libpthread.so.0+0x596e]


---------------  P R O C E S S  ---------------

Java Threads: ( => current thread )
  0x09839400 JavaThread "Low Memory Detector" daemon [_thread_blocked, id=3052, stack(0x8062e000,0x8067f000)]
  0x09837800 JavaThread "CompilerThread1" daemon [_thread_blocked, id=3051, stack(0x8067f000,0x80700000)]
  0x09835800 JavaThread "CompilerThread0" daemon [_thread_blocked, id=3050, stack(0x8083d000,0x808be000)]
  0x09834400 JavaThread "Signal Dispatcher" daemon [_thread_blocked, id=3049, stack(0x808be000,0x8090f000)]
  0x09824400 JavaThread "Finalizer" daemon [_thread_blocked, id=3048, stack(0x8094e000,0x8099f000)]
  0x0981f800 JavaThread "Reference Handler" daemon [_thread_blocked, id=3047, stack(0x8099f000,0x809f0000)]
=>0x09796000 JavaThread "main" [_thread_in_Java, id=3043, stack(0xb76c3000,0xb7714000)]

Other Threads:
  0x0981bc00 VMThread [stack: 0x809f0000,0x80a71000] [id=3046]
  0x0983b800 WatcherThread [stack: 0x805ad000,0x8062e000] [id=3053]

VM state:not at safepoint (normal execution)

VM Mutex/Monitor currently owned by a thread: None

Heap
 PSYoungGen      total 12992K, used 448K [0xa5eb0000, 0xa6d20000, 0xb4600000)
  eden space 11200K, 4% used [0xa5eb0000,0xa5f20060,0xa69a0000)
  from space 1792K, 0% used [0xa6b60000,0xa6b60000,0xa6d20000)
  to   space 1792K, 0% used [0xa69a0000,0xa69a0000,0xa6b60000)
 PSOldGen        total 29568K, used 0K [0x89000000, 0x8ace0000, 0xa5eb0000)
  object space 29568K, 0% used [0x89000000,0x89000000,0x8ace0000)
 PSPermGen       total 16384K, used 1941K [0x81000000, 0x82000000, 0x89000000)
  object space 16384K, 11% used [0x81000000,0x811e5490,0x82000000)

Dynamic libraries:
00110000-00263000 r-xp 00000000 08:05 527197     /lib/tls/i686/cmov/libc-2.11.1.so
00263000-00264000 ---p 00153000 08:05 527197     /lib/tls/i686/cmov/libc-2.11.1.so
00264000-00266000 r--p 00153000 08:05 527197     /lib/tls/i686/cmov/libc-2.11.1.so
00266000-00267000 rw-p 00155000 08:05 527197     /lib/tls/i686/cmov/libc-2.11.1.so
00267000-0026a000 rw-p 00000000 00:00 0 
0026a000-0028e000 r-xp 00000000 08:05 1586209    /usr/lib/jvm/java-6-openjdk/jre/lib/i386/libjava.so
0028e000-0028f000 r--p 00023000 08:05 1586209    /usr/lib/jvm/java-6-openjdk/jre/lib/i386/libjava.so
0028f000-00291000 rw-p 00024000 08:05 1586209    /usr/lib/jvm/java-6-openjdk/jre/lib/i386/libjava.so
00291000-002a4000 r-xp 00000000 08:05 527208     /lib/tls/i686/cmov/libnsl-2.11.1.so
002a4000-002a5000 r--p 00012000 08:05 527208     /lib/tls/i686/cmov/libnsl-2.11.1.so
002a5000-002a6000 rw-p 00013000 08:05 527208     /lib/tls/i686/cmov/libnsl-2.11.1.so
002a6000-002a8000 rw-p 00000000 00:00 0 
00352000-00358000 r-xp 00000000 08:05 527210     /lib/tls/i686/cmov/libnss_compat-2.11.1.so
00358000-00359000 r--p 00006000 08:05 527210     /lib/tls/i686/cmov/libnss_compat-2.11.1.so
00359000-0035a000 rw-p 00007000 08:05 527210     /lib/tls/i686/cmov/libnss_compat-2.11.1.so
003d2000-003d9000 r-xp 00000000 08:05 527227     /lib/tls/i686/cmov/librt-2.11.1.so
003d9000-003da000 r--p 00006000 08:05 527227     /lib/tls/i686/cmov/librt-2.11.1.so
003da000-003db000 rw-p 00007000 08:05 527227     /lib/tls/i686/cmov/librt-2.11.1.so
00471000-00479000 r-xp 00000000 08:05 527218     /lib/tls/i686/cmov/libnss_nis-2.11.1.so
00479000-0047a000 r--p 00007000 08:05 527218     /lib/tls/i686/cmov/libnss_nis-2.11.1.so
0047a000-0047b000 rw-p 00008000 08:05 527218     /lib/tls/i686/cmov/libnss_nis-2.11.1.so
00583000-00584000 r-xp 00000000 00:00 0          [vdso]
0059f000-005a6000 r-xp 00000000 08:05 1586226    /usr/lib/jvm/java-6-openjdk/jre/lib/i386/libzip.so
005a6000-005a7000 r--p 00006000 08:05 1586226    /usr/lib/jvm/java-6-openjdk/jre/lib/i386/libzip.so
005a7000-005a8000 rw-p 00007000 08:05 1586226    /usr/lib/jvm/java-6-openjdk/jre/lib/i386/libzip.so
005db000-005f6000 r-xp 00000000 08:05 523290     /lib/ld-2.11.1.so
005f6000-005f7000 r--p 0001a000 08:05 523290     /lib/ld-2.11.1.so
005f7000-005f8000 rw-p 0001b000 08:05 523290     /lib/ld-2.11.1.so
00758000-0077c000 r-xp 00000000 08:05 527205     /lib/tls/i686/cmov/libm-2.11.1.so
0077c000-0077d000 r--p 00023000 08:05 527205     /lib/tls/i686/cmov/libm-2.11.1.so
0077d000-0077e000 rw-p 00024000 08:05 527205     /lib/tls/i686/cmov/libm-2.11.1.so
007fa000-007fc000 r-xp 00000000 08:05 527203     /lib/tls/i686/cmov/libdl-2.11.1.so
007fc000-007fd000 r--p 00001000 08:05 527203     /lib/tls/i686/cmov/libdl-2.11.1.so
007fd000-007fe000 rw-p 00002000 08:05 527203     /lib/tls/i686/cmov/libdl-2.11.1.so
0089d000-008b0000 r-xp 00000000 08:05 523463     /lib/libz.so.1.2.3.3
008b0000-008b1000 r--p 00012000 08:05 523463     /lib/libz.so.1.2.3.3
008b1000-008b2000 rw-p 00013000 08:05 523463     /lib/libz.so.1.2.3.3
00b8e000-00ba3000 r-xp 00000000 08:05 527223     /lib/tls/i686/cmov/libpthread-2.11.1.so
00ba3000-00ba4000 r--p 00014000 08:05 527223     /lib/tls/i686/cmov/libpthread-2.11.1.so
00ba4000-00ba5000 rw-p 00015000 08:05 527223     /lib/tls/i686/cmov/libpthread-2.11.1.so
00ba5000-00ba7000 rw-p 00000000 00:00 0 
00d18000-00d1f000 r-xp 00000000 08:05 1586228    /usr/lib/jvm/java-6-openjdk/jre/lib/i386/native_threads/libhpi.so
00d1f000-00d20000 r--p 00006000 08:05 1586228    /usr/lib/jvm/java-6-openjdk/jre/lib/i386/native_threads/libhpi.so
00d20000-00d21000 rw-p 00007000 08:05 1586228    /usr/lib/jvm/java-6-openjdk/jre/lib/i386/native_threads/libhpi.so
00d3d000-00d3e000 r-xp 00000000 08:05 1592433    /usr/lib/libvminfo.so
00d3e000-00d3f000 r--p 00000000 08:05 1592433    /usr/lib/libvminfo.so
00d3f000-00d40000 rw-p 00001000 08:05 1592433    /usr/lib/libvminfo.so
00da9000-00db5000 r-xp 00000000 08:05 1586225    /usr/lib/jvm/java-6-openjdk/jre/lib/i386/libverify.so
00db5000-00db6000 r--p 0000b000 08:05 1586225    /usr/lib/jvm/java-6-openjdk/jre/lib/i386/libverify.so
00db6000-00db7000 rw-p 0000c000 08:05 1586225    /usr/lib/jvm/java-6-openjdk/jre/lib/i386/libverify.so
00dc8000-00dd2000 r-xp 00000000 08:05 527214     /lib/tls/i686/cmov/libnss_files-2.11.1.so
00dd2000-00dd3000 r--p 00009000 08:05 527214     /lib/tls/i686/cmov/libnss_files-2.11.1.so
00dd3000-00dd4000 rw-p 0000a000 08:05 527214     /lib/tls/i686/cmov/libnss_files-2.11.1.so
00dfd000-00e00000 r-xp 00000000 08:05 1586197    /usr/lib/jvm/java-6-openjdk/jre/lib/i386/jli/libjli.so
00e00000-00e01000 r--p 00003000 08:05 1586197    /usr/lib/jvm/java-6-openjdk/jre/lib/i386/jli/libjli.so
00e01000-00e02000 rw-p 00004000 08:05 1586197    /usr/lib/jvm/java-6-openjdk/jre/lib/i386/jli/libjli.so
00e02000-014c7000 r-xp 00000000 08:05 1586230    /usr/lib/jvm/java-6-openjdk/jre/lib/i386/server/libjvm.so
014c7000-014c8000 ---p 006c5000 08:05 1586230    /usr/lib/jvm/java-6-openjdk/jre/lib/i386/server/libjvm.so
014c8000-0150d000 r--p 006c5000 08:05 1586230    /usr/lib/jvm/java-6-openjdk/jre/lib/i386/server/libjvm.so
0150d000-0151c000 rw-p 0070a000 08:05 1586230    /usr/lib/jvm/java-6-openjdk/jre/lib/i386/server/libjvm.so
0151c000-0193b000 rw-p 00000000 00:00 0 
08048000-08051000 r-xp 00000000 08:05 1586258    /usr/lib/jvm/java-6-openjdk/jre/bin/java
08051000-08052000 r--p 00008000 08:05 1586258    /usr/lib/jvm/java-6-openjdk/jre/bin/java
08052000-08053000 rw-p 00009000 08:05 1586258    /usr/lib/jvm/java-6-openjdk/jre/bin/java
0978f000-09876000 rw-p 00000000 00:00 0          [heap]
805ad000-805ae000 ---p 00000000 00:00 0 
805ae000-8062e000 rw-p 00000000 00:00 0 
8062e000-80631000 ---p 00000000 00:00 0 
80631000-8067f000 rw-p 00000000 00:00 0 
8067f000-80682000 ---p 00000000 00:00 0 
80682000-80700000 rw-p 00000000 00:00 0 
80700000-80721000 rw-p 00000000 00:00 0 
80721000-80800000 ---p 00000000 00:00 0 
80834000-8083d000 r--s 00065000 08:05 6219       /usr/share/java/gnome-java-bridge.jar
8083d000-80840000 ---p 00000000 00:00 0 
80840000-808be000 rw-p 00000000 00:00 0 
808be000-808c1000 ---p 00000000 00:00 0 
808c1000-8090f000 rw-p 00000000 00:00 0 
8090f000-8094e000 r--p 00000000 08:05 1577945    /usr/lib/locale/en_IN/LC_CTYPE
8094e000-80951000 ---p 00000000 00:00 0 
80951000-8099f000 rw-p 00000000 00:00 0 
8099f000-809a2000 ---p 00000000 00:00 0 
809a2000-809f0000 rw-p 00000000 00:00 0 
809f0000-809f1000 ---p 00000000 00:00 0 
809f1000-80a71000 rw-p 00000000 00:00 0 
80a71000-80a73000 r--s 0001d000 08:05 1577596    /usr/lib/jvm/java-6-openjdk/jre/lib/plugin.jar
80a73000-80a78000 r--s 00045000 08:05 1577595    /usr/lib/jvm/java-6-openjdk/jre/lib/netx.jar
80a78000-80aab000 rw-p 00000000 00:00 0 
80aab000-80c3a000 r--s 038c4000 08:05 1586189    /usr/lib/jvm/java-6-openjdk/jre/lib/rt.jar
80c3a000-80c3b000 ---p 00000000 00:00 0 
80c3b000-80cbb000 rw-p 00000000 00:00 0 
80cbb000-80cbc000 ---p 00000000 00:00 0 
80cbc000-80d44000 rw-p 00000000 00:00 0 
80d44000-80d7c000 rw-p 00000000 00:00 0 
80d7c000-80d8b000 rw-p 00000000 00:00 0 
80d8b000-80e64000 rw-p 00000000 00:00 0 
80e64000-80e6c000 rw-p 00000000 00:00 0 
80e6c000-80ea4000 rw-p 00000000 00:00 0 
80ea4000-80eb3000 rw-p 00000000 00:00 0 
80eb3000-80f8b000 rw-p 00000000 00:00 0 
80f8b000-80f93000 rw-p 00000000 00:00 0 
80f93000-80fff000 rw-p 00000000 00:00 0 
80fff000-82000000 rw-p 00000000 00:00 0 
82000000-89000000 rw-p 00000000 00:00 0 
89000000-8ace0000 rw-p 00000000 00:00 0 
8ace0000-a5eb0000 rw-p 00000000 00:00 0 
a5eb0000-a6d20000 rw-p 00000000 00:00 0 
a6d20000-b4600000 rw-p 00000000 00:00 0 
b4603000-b460c000 rw-p 00000000 00:00 0 
b460c000-b46c3000 rw-p 00000000 00:00 0 
b46c3000-b4903000 rwxp 00000000 00:00 0 
b4903000-b76c3000 rw-p 00000000 00:00 0 
b76c3000-b76c6000 ---p 00000000 00:00 0 
b76c6000-b7717000 rw-p 00000000 00:00 0 
b771a000-b771c000 rw-p 00000000 00:00 0 
b771c000-b771f000 r--s 0000f000 08:05 1577575    /usr/lib/jvm/java-6-openjdk/jre/lib/ext/pulse-java.jar
b771f000-b7727000 rw-s 00000000 08:05 663860     /tmp/hsperfdata_root/3039
b7727000-b7728000 rw-p 00000000 00:00 0 
b7728000-b7729000 r--p 00000000 00:00 0 
b7729000-b772b000 rw-p 00000000 00:00 0 
bfa1f000-bfa34000 rw-p 00000000 00:00 0          [stack]

VM Arguments:
jvm_args: -Dfile.encoding=UTF-8 
java_command: FileAccess.VMInfo
Launcher Type: SUN_STANDARD

Environment Variables:
PATH=/usr/local/sbin:/usr/local/bin:/usr/sbin:/usr/bin:/sbin:/bin:/usr/games
USERNAME=root
LD_LIBRARY_PATH=/usr/lib/jvm/java-6-openjdk/jre/lib/i386/server:/usr/lib/jvm/java-6-openjdk/jre/lib/i386:/usr/lib/jvm/java-6-openjdk/jre/../lib/i386:/usr/lib/jvm/java-6-openjdk/jre/lib/i386/client:/usr/lib/jvm/java-6-openjdk/jre/lib/i386:/usr/lib/jvm/java-6-openjdk/jre/../lib/i386
SHELL=/bin/bash
DISPLAY=:0.0

Signal Handlers:
SIGSEGV: [libjvm.so+0x64a040], sa_mask[0]=0x7ffbfeff, sa_flags=0x10000004
SIGBUS: [libjvm.so+0x64a040], sa_mask[0]=0x7ffbfeff, sa_flags=0x10000004
SIGFPE: [libjvm.so+0x51c0d0], sa_mask[0]=0x7ffbfeff, sa_flags=0x10000004
SIGPIPE: [libjvm.so+0x51c0d0], sa_mask[0]=0x7ffbfeff, sa_flags=0x10000004
SIGXFSZ: [libjvm.so+0x51c0d0], sa_mask[0]=0x7ffbfeff, sa_flags=0x10000004
SIGILL: [libjvm.so+0x51c0d0], sa_mask[0]=0x7ffbfeff, sa_flags=0x10000004
SIGUSR1: SIG_DFL, sa_mask[0]=0x00000000, sa_flags=0x00000000
SIGUSR2: [libjvm.so+0x51b780], sa_mask[0]=0x00000004, sa_flags=0x10000004
SIGHUP: [libjvm.so+0x51e2f0], sa_mask[0]=0x7ffbfeff, sa_flags=0x10000004
SIGINT: SIG_IGN, sa_mask[0]=0x00000000, sa_flags=0x00000000
SIGTERM: [libjvm.so+0x51e2f0], sa_mask[0]=0x7ffbfeff, sa_flags=0x10000004
SIGQUIT: [libjvm.so+0x51e2f0], sa_mask[0]=0x7ffbfeff, sa_flags=0x10000004


---------------  S Y S T E M  ---------------

OS:Ubuntu 10.04 (lucid)
uname:Linux 2.6.32-33-generic #70-Ubuntu SMP Thu Jul 7 21:09:46 UTC 2011 i686
libc:glibc 2.11.1 NPTL 2.11.1 
rlimit: STACK 8192k, CORE 0k, NPROC infinity, NOFILE 1024, AS infinity
load average:0.82 0.62 0.63

/proc/meminfo:
MemTotal:        2836956 kB
MemFree:         1282860 kB
Buffers:           67472 kB
Cached:           701568 kB
SwapCached:            0 kB
Active:           849508 kB
Inactive:         612068 kB
Active(anon):     692936 kB
Inactive(anon):     6548 kB
Active(file):     156572 kB
Inactive(file):   605520 kB
Unevictable:          16 kB
Mlocked:              16 kB
HighTotal:       1973064 kB
HighFree:         547460 kB
LowTotal:         863892 kB
LowFree:          735400 kB
SwapTotal:       3234808 kB
SwapFree:        3234808 kB
Dirty:               160 kB
Writeback:             0 kB
AnonPages:        692676 kB
Mapped:           144828 kB
Shmem:              6952 kB
Slab:              33664 kB
SReclaimable:      22416 kB
SUnreclaim:        11248 kB
KernelStack:        3024 kB
PageTables:         7900 kB
NFS_Unstable:          0 kB
Bounce:                0 kB
WritebackTmp:          0 kB
CommitLimit:     4653284 kB
Committed_AS:    1942880 kB
VmallocTotal:     122880 kB
VmallocUsed:       72908 kB
VmallocChunk:      42364 kB
HardwareCorrupted:     0 kB
HugePages_Total:       0
HugePages_Free:        0
HugePages_Rsvd:        0
HugePages_Surp:        0
Hugepagesize:       4096 kB
DirectMap4k:       12280 kB
DirectMap4M:      897024 kB


CPU:total 2 (2 cores per cpu, 1 threads per core) family 17 model 3 stepping 1, cmov, cx8, fxsr, mmx, sse, sse2, sse3, mmxext, 3dnow, 3dnowext

Memory: 4k page, physical 2836956k(1282860k free), swap 3234808k(3234808k free)

vm_info: OpenJDK Server VM (19.0-b09) for linux-x86 JRE (1.6.0_20-b20), built on Jan 21 2012 08:10:55 by "buildd" with gcc 4.4.3

time: Fri Mar 23 14:12:42 2012
elapsed time: 0 seconds

