#
# A fatal error has been detected by the Java Runtime Environment:
#
#  SIGSEGV (0xb) at pc=0x00ebafc6, pid=3557, tid=3078687600
#
# JRE version: 6.0_20-b20
# Java VM: OpenJDK Server VM (19.0-b09 mixed mode linux-x86 )
# Derivative: IcedTea6 1.9.10
# Distribution: Ubuntu 10.04.1 LTS, package 6b20-1.9.10-0ubuntu1~10.04.3
# Problematic frame:
# C  [libc.so.6+0x74fc6]
#
# If you would like to submit a bug report, please include
# instructions how to reproduce the bug and visit:
#   https://bugs.launchpad.net/ubuntu/+source/openjdk-6/
# The crash happened outside the Java Virtual Machine in native code.
# See problematic frame for where to report the bug.
#

---------------  T H R E A D  ---------------

Current thread (0x08cb7000):  JavaThread "main" [_thread_in_native, id=3561, stack(0xb77c0000,0xb7811000)]

siginfo:si_signo=SIGSEGV: si_errno=0, si_code=1 (SEGV_MAPERR), si_addr=0x00000000

Registers:
EAX=0x00000002, EBX=0xb780faf8, ECX=0x2de03f4a, EDX=0xb780fb8c
ESP=0xb780fa48, EBP=0xb780fa88, ESI=0x00000000, EDI=0x00000000
EIP=0x00ebafc6, CR2=0x00000000, EFLAGS=0x00010202

Register to memory mapping:

EAX=0x00000002
0x00000002 is pointing to unknown location

EBX=0xb780faf8
0xb780faf8 is pointing into the stack for thread: 0x08cb7000
"main" prio=10 tid=0x08cb7000 nid=0xde9 runnable [0xb780f000]
   java.lang.Thread.State: RUNNABLE

ECX=0x2de03f4a
0x2de03f4a is pointing to unknown location

EDX=0xb780fb8c
0xb780fb8c is pointing into the stack for thread: 0x08cb7000
"main" prio=10 tid=0x08cb7000 nid=0xde9 runnable [0xb780f000]
   java.lang.Thread.State: RUNNABLE

ESP=0xb780fa48
0xb780fa48 is pointing into the stack for thread: 0x08cb7000
"main" prio=10 tid=0x08cb7000 nid=0xde9 runnable [0xb780f000]
   java.lang.Thread.State: RUNNABLE

EBP=0xb780fa88
0xb780fa88 is pointing into the stack for thread: 0x08cb7000
"main" prio=10 tid=0x08cb7000 nid=0xde9 runnable [0xb780f000]
   java.lang.Thread.State: RUNNABLE

ESI=0x00000000
0x00000000 is pointing to unknown location

EDI=0x00000000
0x00000000 is pointing to unknown location


Top of Stack: (sp=0xb780fa48)
0xb780fa48:   80819534 00aa8cad 00000000 00000000
0xb780fa58:   b780fd2a 00f9bff4 80800010 00000000
0xb780fa68:   b780fa88 808194a0 b780fa88 00e8d1db
0xb780fa78:   812e3410 812e3410 812e3410 08cb7000
0xb780fa88:   b780fd78 00aa9bf1 b780faf8 00000000
0xb780fa98:   b780fd2a 00000000 0000ffff 00000001
0xb780faa8:   00aadd75 b780fbc8 b780fad8 00eb0c22
0xb780fab8:   00aadc08 808143d0 b780faf4 b780fd2a 

Instructions: (pc=0x00ebafc6)
0x00ebafb6:   00 00 00 74 02 a4 49 50 89 c8 c1 e9 02 83 e0 03
0x00ebafc6:   f3 a5 89 c1 f3 a4 58 89 c7 89 d6 8b 44 24 04 c3 

Stack: [0xb77c0000,0xb7811000],  sp=0xb780fa48,  free space=318k
Native frames: (J=compiled Java code, j=interpreted, Vv=VM code, C=native code)
C  [libc.so.6+0x74fc6]
C  [libpacketlib.so+0x3bf1]  traverse_flow_list+0x331
C  [libpacketlib.so+0x3dbe]  get_flow_packets+0x9c
C  [libpacketlib.so+0x4848]  fill_flow_packets+0x6f
C  [libpacketlib.so+0x20d0]  Java_FileAccess_GetPacket_fillpackets+0x110
j  FileAccess.GetPacket.fillpackets()V+0
j  FileAccess.GetPacket.main([Ljava/lang/String;)V+148
v  ~StubRoutines::call_stub
V  [libjvm.so+0x387d72]
V  [libjvm.so+0x519369]
V  [libjvm.so+0x386caf]
V  [libjvm.so+0x39214c]
V  [libjvm.so+0x3a11ad]
C  [java+0x321d]  JavaMain+0xd4d
C  [libpthread.so.0+0x596e]

Java frames: (J=compiled Java code, j=interpreted, Vv=VM code)
j  FileAccess.GetPacket.fillpackets()V+0
j  FileAccess.GetPacket.main([Ljava/lang/String;)V+148
v  ~StubRoutines::call_stub

---------------  P R O C E S S  ---------------

Java Threads: ( => current thread )
  0x80801800 JavaThread "Low Memory Detector" daemon [_thread_blocked, id=3572, stack(0x8072e000,0x8077f000)]
  0x08d59000 JavaThread "CompilerThread1" daemon [_thread_blocked, id=3571, stack(0x8077f000,0x80800000)]
  0x08d56800 JavaThread "CompilerThread0" daemon [_thread_blocked, id=3570, stack(0x8093d000,0x809be000)]
  0x08d55400 JavaThread "Signal Dispatcher" daemon [_thread_blocked, id=3569, stack(0x809be000,0x80a0f000)]
  0x08d42000 JavaThread "Finalizer" daemon [_thread_blocked, id=3566, stack(0x80a4e000,0x80a9f000)]
  0x08d40c00 JavaThread "Reference Handler" daemon [_thread_blocked, id=3565, stack(0x80a9f000,0x80af0000)]
=>0x08cb7000 JavaThread "main" [_thread_in_native, id=3561, stack(0xb77c0000,0xb7811000)]

Other Threads:
  0x08d3cc00 VMThread [stack: 0x80af0000,0x80b71000] [id=3564]
  0x80803800 WatcherThread [stack: 0x806ad000,0x8072e000] [id=3573]

VM state:not at safepoint (normal execution)

VM Mutex/Monitor currently owned by a thread: None

Heap
 PSYoungGen      total 12992K, used 448K [0xa5fb0000, 0xa6e20000, 0xb4700000)
  eden space 11200K, 4% used [0xa5fb0000,0xa6020028,0xa6aa0000)
  from space 1792K, 0% used [0xa6c60000,0xa6c60000,0xa6e20000)
  to   space 1792K, 0% used [0xa6aa0000,0xa6aa0000,0xa6c60000)
 PSOldGen        total 29568K, used 0K [0x89100000, 0x8ade0000, 0xa5fb0000)
  object space 29568K, 0% used [0x89100000,0x89100000,0x8ade0000)
 PSPermGen       total 16384K, used 1951K [0x81100000, 0x82100000, 0x89100000)
  object space 16384K, 11% used [0x81100000,0x812e7fc8,0x82100000)

Dynamic libraries:
00110000-00134000 r-xp 00000000 08:05 527205     /lib/tls/i686/cmov/libm-2.11.1.so
00134000-00135000 r--p 00023000 08:05 527205     /lib/tls/i686/cmov/libm-2.11.1.so
00135000-00136000 rw-p 00024000 08:05 527205     /lib/tls/i686/cmov/libm-2.11.1.so
00136000-0013c000 r-xp 00000000 08:05 527210     /lib/tls/i686/cmov/libnss_compat-2.11.1.so
0013c000-0013d000 r--p 00006000 08:05 527210     /lib/tls/i686/cmov/libnss_compat-2.11.1.so
0013d000-0013e000 rw-p 00007000 08:05 527210     /lib/tls/i686/cmov/libnss_compat-2.11.1.so
00424000-00426000 r-xp 00000000 08:05 527203     /lib/tls/i686/cmov/libdl-2.11.1.so
00426000-00427000 r--p 00001000 08:05 527203     /lib/tls/i686/cmov/libdl-2.11.1.so
00427000-00428000 rw-p 00002000 08:05 527203     /lib/tls/i686/cmov/libdl-2.11.1.so
004bc000-004cf000 r-xp 00000000 08:05 523463     /lib/libz.so.1.2.3.3
004cf000-004d0000 r--p 00012000 08:05 523463     /lib/libz.so.1.2.3.3
004d0000-004d1000 rw-p 00013000 08:05 523463     /lib/libz.so.1.2.3.3
0051f000-00532000 r-xp 00000000 08:05 527208     /lib/tls/i686/cmov/libnsl-2.11.1.so
00532000-00533000 r--p 00012000 08:05 527208     /lib/tls/i686/cmov/libnsl-2.11.1.so
00533000-00534000 rw-p 00013000 08:05 527208     /lib/tls/i686/cmov/libnsl-2.11.1.so
00534000-00536000 rw-p 00000000 00:00 0 
005f8000-0061c000 r-xp 00000000 08:05 1586209    /usr/lib/jvm/java-6-openjdk/jre/lib/i386/libjava.so
0061c000-0061d000 r--p 00023000 08:05 1586209    /usr/lib/jvm/java-6-openjdk/jre/lib/i386/libjava.so
0061d000-0061f000 rw-p 00024000 08:05 1586209    /usr/lib/jvm/java-6-openjdk/jre/lib/i386/libjava.so
006c4000-006c5000 r-xp 00000000 00:00 0          [vdso]
00702000-00709000 r-xp 00000000 08:05 527227     /lib/tls/i686/cmov/librt-2.11.1.so
00709000-0070a000 r--p 00006000 08:05 527227     /lib/tls/i686/cmov/librt-2.11.1.so
0070a000-0070b000 rw-p 00007000 08:05 527227     /lib/tls/i686/cmov/librt-2.11.1.so
00881000-00888000 r-xp 00000000 08:05 1586228    /usr/lib/jvm/java-6-openjdk/jre/lib/i386/native_threads/libhpi.so
00888000-00889000 r--p 00006000 08:05 1586228    /usr/lib/jvm/java-6-openjdk/jre/lib/i386/native_threads/libhpi.so
00889000-0088a000 rw-p 00007000 08:05 1586228    /usr/lib/jvm/java-6-openjdk/jre/lib/i386/native_threads/libhpi.so
0092b000-00946000 r-xp 00000000 08:05 523290     /lib/ld-2.11.1.so
00946000-00947000 r--p 0001a000 08:05 523290     /lib/ld-2.11.1.so
00947000-00948000 rw-p 0001b000 08:05 523290     /lib/ld-2.11.1.so
00a03000-00a0a000 r-xp 00000000 08:05 1586226    /usr/lib/jvm/java-6-openjdk/jre/lib/i386/libzip.so
00a0a000-00a0b000 r--p 00006000 08:05 1586226    /usr/lib/jvm/java-6-openjdk/jre/lib/i386/libzip.so
00a0b000-00a0c000 rw-p 00007000 08:05 1586226    /usr/lib/jvm/java-6-openjdk/jre/lib/i386/libzip.so
00aa6000-00aaf000 r-xp 00000000 08:05 1589892    /usr/lib/libpacketlib.so
00aaf000-00ab0000 r--p 00008000 08:05 1589892    /usr/lib/libpacketlib.so
00ab0000-00ab1000 rw-p 00009000 08:05 1589892    /usr/lib/libpacketlib.so
00b91000-00b9d000 r-xp 00000000 08:05 1586225    /usr/lib/jvm/java-6-openjdk/jre/lib/i386/libverify.so
00b9d000-00b9e000 r--p 0000b000 08:05 1586225    /usr/lib/jvm/java-6-openjdk/jre/lib/i386/libverify.so
00b9e000-00b9f000 rw-p 0000c000 08:05 1586225    /usr/lib/jvm/java-6-openjdk/jre/lib/i386/libverify.so
00c71000-00c7b000 r-xp 00000000 08:05 527214     /lib/tls/i686/cmov/libnss_files-2.11.1.so
00c7b000-00c7c000 r--p 00009000 08:05 527214     /lib/tls/i686/cmov/libnss_files-2.11.1.so
00c7c000-00c7d000 rw-p 0000a000 08:05 527214     /lib/tls/i686/cmov/libnss_files-2.11.1.so
00d2c000-00d34000 r-xp 00000000 08:05 527218     /lib/tls/i686/cmov/libnss_nis-2.11.1.so
00d34000-00d35000 r--p 00007000 08:05 527218     /lib/tls/i686/cmov/libnss_nis-2.11.1.so
00d35000-00d36000 rw-p 00008000 08:05 527218     /lib/tls/i686/cmov/libnss_nis-2.11.1.so
00d68000-00d7d000 r-xp 00000000 08:05 527223     /lib/tls/i686/cmov/libpthread-2.11.1.so
00d7d000-00d7e000 r--p 00014000 08:05 527223     /lib/tls/i686/cmov/libpthread-2.11.1.so
00d7e000-00d7f000 rw-p 00015000 08:05 527223     /lib/tls/i686/cmov/libpthread-2.11.1.so
00d7f000-00d81000 rw-p 00000000 00:00 0 
00e46000-00f99000 r-xp 00000000 08:05 527197     /lib/tls/i686/cmov/libc-2.11.1.so
00f99000-00f9a000 ---p 00153000 08:05 527197     /lib/tls/i686/cmov/libc-2.11.1.so
00f9a000-00f9c000 r--p 00153000 08:05 527197     /lib/tls/i686/cmov/libc-2.11.1.so
00f9c000-00f9d000 rw-p 00155000 08:05 527197     /lib/tls/i686/cmov/libc-2.11.1.so
00f9d000-00fa0000 rw-p 00000000 00:00 0 
00fdc000-00fdf000 r-xp 00000000 08:05 1586197    /usr/lib/jvm/java-6-openjdk/jre/lib/i386/jli/libjli.so
00fdf000-00fe0000 r--p 00003000 08:05 1586197    /usr/lib/jvm/java-6-openjdk/jre/lib/i386/jli/libjli.so
00fe0000-00fe1000 rw-p 00004000 08:05 1586197    /usr/lib/jvm/java-6-openjdk/jre/lib/i386/jli/libjli.so
00fe1000-016a6000 r-xp 00000000 08:05 1586230    /usr/lib/jvm/java-6-openjdk/jre/lib/i386/server/libjvm.so
016a6000-016a7000 ---p 006c5000 08:05 1586230    /usr/lib/jvm/java-6-openjdk/jre/lib/i386/server/libjvm.so
016a7000-016ec000 r--p 006c5000 08:05 1586230    /usr/lib/jvm/java-6-openjdk/jre/lib/i386/server/libjvm.so
016ec000-016fb000 rw-p 0070a000 08:05 1586230    /usr/lib/jvm/java-6-openjdk/jre/lib/i386/server/libjvm.so
016fb000-01b1a000 rw-p 00000000 00:00 0 
08048000-08051000 r-xp 00000000 08:05 1586258    /usr/lib/jvm/java-6-openjdk/jre/bin/java
08051000-08052000 r--p 00008000 08:05 1586258    /usr/lib/jvm/java-6-openjdk/jre/bin/java
08052000-08053000 rw-p 00009000 08:05 1586258    /usr/lib/jvm/java-6-openjdk/jre/bin/java
08cb0000-08d76000 rw-p 00000000 00:00 0          [heap]
8062c000-806ad000 rw-p 00000000 00:00 0 
806ad000-806ae000 ---p 00000000 00:00 0 
806ae000-8072e000 rw-p 00000000 00:00 0 
8072e000-80731000 ---p 00000000 00:00 0 
80731000-8077f000 rw-p 00000000 00:00 0 
8077f000-80782000 ---p 00000000 00:00 0 
80782000-80800000 rw-p 00000000 00:00 0 
80800000-80821000 rw-p 00000000 00:00 0 
80821000-80900000 ---p 00000000 00:00 0 
80934000-8093d000 r--s 00065000 08:05 6219       /usr/share/java/gnome-java-bridge.jar
8093d000-80940000 ---p 00000000 00:00 0 
80940000-809be000 rw-p 00000000 00:00 0 
809be000-809c1000 ---p 00000000 00:00 0 
809c1000-80a0f000 rw-p 00000000 00:00 0 
80a0f000-80a4e000 r--p 00000000 08:05 1577945    /usr/lib/locale/en_IN/LC_CTYPE
80a4e000-80a51000 ---p 00000000 00:00 0 
80a51000-80a9f000 rw-p 00000000 00:00 0 
80a9f000-80aa2000 ---p 00000000 00:00 0 
80aa2000-80af0000 rw-p 00000000 00:00 0 
80af0000-80af1000 ---p 00000000 00:00 0 
80af1000-80b71000 rw-p 00000000 00:00 0 
80b71000-80b73000 r--s 0001d000 08:05 1577596    /usr/lib/jvm/java-6-openjdk/jre/lib/plugin.jar
80b73000-80b78000 r--s 00045000 08:05 1577595    /usr/lib/jvm/java-6-openjdk/jre/lib/netx.jar
80b78000-80bab000 rw-p 00000000 00:00 0 
80bab000-80d3a000 r--s 038c4000 08:05 1586189    /usr/lib/jvm/java-6-openjdk/jre/lib/rt.jar
80d3a000-80d3b000 ---p 00000000 00:00 0 
80d3b000-80dbb000 rw-p 00000000 00:00 0 
80dbb000-80dbc000 ---p 00000000 00:00 0 
80dbc000-80e44000 rw-p 00000000 00:00 0 
80e44000-80e7c000 rw-p 00000000 00:00 0 
80e7c000-80e8b000 rw-p 00000000 00:00 0 
80e8b000-80f64000 rw-p 00000000 00:00 0 
80f64000-80f6c000 rw-p 00000000 00:00 0 
80f6c000-80fa4000 rw-p 00000000 00:00 0 
80fa4000-80fb3000 rw-p 00000000 00:00 0 
80fb3000-8108b000 rw-p 00000000 00:00 0 
8108b000-81093000 rw-p 00000000 00:00 0 
81093000-810ff000 rw-p 00000000 00:00 0 
810ff000-82100000 rw-p 00000000 00:00 0 
82100000-89100000 rw-p 00000000 00:00 0 
89100000-8ade0000 rw-p 00000000 00:00 0 
8ade0000-a5fb0000 rw-p 00000000 00:00 0 
a5fb0000-a6e20000 rw-p 00000000 00:00 0 
a6e20000-b4700000 rw-p 00000000 00:00 0 
b4700000-b4709000 rw-p 00000000 00:00 0 
b4709000-b47c0000 rw-p 00000000 00:00 0 
b47c0000-b4a00000 rwxp 00000000 00:00 0 
b4a00000-b77c0000 rw-p 00000000 00:00 0 
b77c0000-b77c3000 ---p 00000000 00:00 0 
b77c3000-b7814000 rw-p 00000000 00:00 0 
b7817000-b7818000 rw-p 00000000 00:00 0 
b7819000-b781c000 r--s 0000f000 08:05 1577575    /usr/lib/jvm/java-6-openjdk/jre/lib/ext/pulse-java.jar
b781c000-b7824000 rw-s 00000000 08:05 670647     /tmp/hsperfdata_root/3557
b7824000-b7825000 rw-p 00000000 00:00 0 
b7825000-b7826000 r--p 00000000 00:00 0 
b7826000-b7828000 rw-p 00000000 00:00 0 
bfc14000-bfc29000 rw-p 00000000 00:00 0          [stack]

VM Arguments:
jvm_args: -Dfile.encoding=UTF-8 
java_command: FileAccess.GetPacket
Launcher Type: SUN_STANDARD

Environment Variables:
PATH=/usr/local/sbin:/usr/local/bin:/usr/sbin:/usr/bin:/sbin:/bin:/usr/games
USERNAME=root
LD_LIBRARY_PATH=/usr/lib/jvm/java-6-openjdk/jre/lib/i386/server:/usr/lib/jvm/java-6-openjdk/jre/lib/i386:/usr/lib/jvm/java-6-openjdk/jre/../lib/i386:/usr/lib/jvm/java-6-openjdk/jre/lib/i386/client:/usr/lib/jvm/java-6-openjdk/jre/lib/i386:/usr/lib/jvm/java-6-openjdk/jre/../lib/i386
SHELL=/bin/bash
DISPLAY=:0.0

Signal Handlers:
SIGSEGV: [libjvm.so+0x64a040], sa_mask[0]=0x7ffbfeff, sa_flags=0x10000004
SIGBUS: [libjvm.so+0x64a040], sa_mask[0]=0x7ffbfeff, sa_flags=0x10000004
SIGFPE: [libjvm.so+0x51c0d0], sa_mask[0]=0x7ffbfeff, sa_flags=0x10000004
SIGPIPE: [libjvm.so+0x51c0d0], sa_mask[0]=0x7ffbfeff, sa_flags=0x10000004
SIGXFSZ: [libjvm.so+0x51c0d0], sa_mask[0]=0x7ffbfeff, sa_flags=0x10000004
SIGILL: [libjvm.so+0x51c0d0], sa_mask[0]=0x7ffbfeff, sa_flags=0x10000004
SIGUSR1: SIG_DFL, sa_mask[0]=0x00000000, sa_flags=0x00000000
SIGUSR2: [libjvm.so+0x51b780], sa_mask[0]=0x00000004, sa_flags=0x10000004
SIGHUP: [libjvm.so+0x51e2f0], sa_mask[0]=0x7ffbfeff, sa_flags=0x10000004
SIGINT: SIG_IGN, sa_mask[0]=0x00000000, sa_flags=0x00000000
SIGTERM: [libjvm.so+0x51e2f0], sa_mask[0]=0x7ffbfeff, sa_flags=0x10000004
SIGQUIT: [libjvm.so+0x51e2f0], sa_mask[0]=0x7ffbfeff, sa_flags=0x10000004


---------------  S Y S T E M  ---------------

OS:Ubuntu 10.04 (lucid)
uname:Linux 2.6.32-33-generic #70-Ubuntu SMP Thu Jul 7 21:09:46 UTC 2011 i686
libc:glibc 2.11.1 NPTL 2.11.1 
rlimit: STACK 8192k, CORE 0k, NPROC infinity, NOFILE 1024, AS infinity
load average:0.54 0.43 0.47

/proc/meminfo:
MemTotal:        2836956 kB
MemFree:         1199260 kB
Buffers:           75220 kB
Cached:           744236 kB
SwapCached:            0 kB
Active:           892468 kB
Inactive:         650032 kB
Active(anon):     723456 kB
Inactive(anon):     7296 kB
Active(file):     169012 kB
Inactive(file):   642736 kB
Unevictable:          16 kB
Mlocked:              16 kB
HighTotal:       1973064 kB
HighFree:         474052 kB
LowTotal:         863892 kB
LowFree:          725208 kB
SwapTotal:       3234808 kB
SwapFree:        3234808 kB
Dirty:               104 kB
Writeback:             0 kB
AnonPages:        723060 kB
Mapped:           148400 kB
Shmem:              7708 kB
Slab:              35976 kB
SReclaimable:      24492 kB
SUnreclaim:        11484 kB
KernelStack:        2888 kB
PageTables:         7996 kB
NFS_Unstable:          0 kB
Bounce:                0 kB
WritebackTmp:          0 kB
CommitLimit:     4653284 kB
Committed_AS:    1934048 kB
VmallocTotal:     122880 kB
VmallocUsed:       72908 kB
VmallocChunk:      42876 kB
HardwareCorrupted:     0 kB
HugePages_Total:       0
HugePages_Free:        0
HugePages_Rsvd:        0
HugePages_Surp:        0
Hugepagesize:       4096 kB
DirectMap4k:       12280 kB
DirectMap4M:      897024 kB


CPU:total 2 (2 cores per cpu, 1 threads per core) family 17 model 3 stepping 1, cmov, cx8, fxsr, mmx, sse, sse2, sse3, mmxext, 3dnow, 3dnowext

Memory: 4k page, physical 2836956k(1199260k free), swap 3234808k(3234808k free)

vm_info: OpenJDK Server VM (19.0-b09) for linux-x86 JRE (1.6.0_20-b20), built on Jan 21 2012 08:10:55 by "buildd" with gcc 4.4.3

time: Sun Mar 25 17:18:32 2012
elapsed time: 0 seconds

