#
# A fatal error has been detected by the Java Runtime Environment:
#
#  SIGSEGV (0xb) at pc=0x0085a90c, pid=2066, tid=3078519664
#
# JRE version: 6.0_20-b20
# Java VM: OpenJDK Server VM (19.0-b09 mixed mode linux-x86 )
# Derivative: IcedTea6 1.9.10
# Distribution: Ubuntu 10.04.1 LTS, package 6b20-1.9.10-0ubuntu1~10.04.2
# Problematic frame:
# C  [libc.so.6+0x5c90c]  fread+0x2c
#
# If you would like to submit a bug report, please include
# instructions how to reproduce the bug and visit:
#   https://bugs.launchpad.net/ubuntu/+source/openjdk-6/
# The crash happened outside the Java Virtual Machine in native code.
# See problematic frame for where to report the bug.
#

---------------  T H R E A D  ---------------

Current thread (0x09b79000):  JavaThread "main" [_thread_in_native, id=2069, stack(0xb7797000,0xb77e8000)]

siginfo:si_signo=SIGSEGV: si_errno=0, si_code=1 (SEGV_MAPERR), si_addr=0x00000000

Registers:
EAX=0x00000000, EBX=0x00953ff4, ECX=0x8092ad68, EDX=0x80900040
ESP=0xb77e6f6c, EBP=0xb77e6f88, ESI=0x00000670, EDI=0x00000000
EIP=0x0085a90c, CR2=0x00000000, EFLAGS=0x00210202

Register to memory mapping:

EAX=0x00000000
0x00000000 is pointing to unknown location

EBX=0x00953ff4
0x00953ff4: <offset 0x155ff4> in /lib/tls/i686/cmov/libc.so.6 at 0x007fe000

ECX=0x8092ad68
0x8092ad68 is pointing to unknown location

EDX=0x80900040
0x80900040 is pointing to unknown location

ESP=0xb77e6f6c
0xb77e6f6c is pointing into the stack for thread: 0x09b79000
"main" prio=10 tid=0x09b79000 nid=0x815 runnable [0xb77e7000]
   java.lang.Thread.State: RUNNABLE

EBP=0xb77e6f88
0xb77e6f88 is pointing into the stack for thread: 0x09b79000
"main" prio=10 tid=0x09b79000 nid=0x815 runnable [0xb77e7000]
   java.lang.Thread.State: RUNNABLE

ESI=0x00000670
0x00000670 is pointing to unknown location

EDI=0x00000000
0x00000000 is pointing to unknown location


Top of Stack: (sp=0xb77e6f6c)
0xb77e6f6c:   812b3560 b77e6f88 0085a44c 003057db
0xb77e6f7c:   812b3560 812b3560 09b79000 b77e6ff8
0xb77e6f8c:   00303ce0 00307040 00000670 00000001
0xb77e6f9c:   00000000 0122532b b77e6fcc b77e6fd3
0xb77e6fac:   09b79000 015b1ff4 00000000 b77e7048
0xb77e6fbc:   00000000 0000000a 00000000 b77e706c
0xb77e6fcc:   09b79000 007e7048 b47a92f4 b4799688
0xb77e6fdc:   00000000 812b3560 812b3560 09b79000 

Instructions: (pc=0x0085a90c)
0x0085a8fc:   0f 00 89 7d fc 8b 7d 14 85 f6 0f 84 a4 00 00 00
0x0085a90c:   66 83 3f 00 78 39 8b 57 48 65 a1 08 00 00 00 89 

Stack: [0xb7797000,0xb77e8000],  sp=0xb77e6f6c,  free space=319k
Native frames: (J=compiled Java code, j=interpreted, Vv=VM code, C=native code)
C  [libc.so.6+0x5c90c]  fread+0x2c
C  [libpacketlib.so+0xce0]  Java_Core_func_fillpackets+0x50
j  Core.func.fillpackets()V+0
j  Core.func.main([Ljava/lang/String;)V+9
v  ~StubRoutines::call_stub
V  [libjvm.so+0x387d72]
V  [libjvm.so+0x519369]
V  [libjvm.so+0x386caf]
V  [libjvm.so+0x39214c]
V  [libjvm.so+0x3a11ad]
C  [java+0x321d]  JavaMain+0xd4d
C  [libpthread.so.0+0x596e]

Java frames: (J=compiled Java code, j=interpreted, Vv=VM code)
j  Core.func.fillpackets()V+0
j  Core.func.main([Ljava/lang/String;)V+9
v  ~StubRoutines::call_stub

---------------  P R O C E S S  ---------------

Java Threads: ( => current thread )
  0x80915c00 JavaThread "Low Memory Detector" daemon [_thread_blocked, id=2079, stack(0x8071d000,0x8076e000)]
  0x80913c00 JavaThread "CompilerThread1" daemon [_thread_blocked, id=2078, stack(0x8076e000,0x807ef000)]
  0x80911c00 JavaThread "CompilerThread0" daemon [_thread_blocked, id=2077, stack(0x807ef000,0x80870000)]
  0x80910400 JavaThread "Signal Dispatcher" daemon [_thread_blocked, id=2076, stack(0x80870000,0x808c1000)]
  0x80900800 JavaThread "Finalizer" daemon [_thread_blocked, id=2075, stack(0x80a1e000,0x80a6f000)]
  0x09c02800 JavaThread "Reference Handler" daemon [_thread_blocked, id=2074, stack(0x80a6f000,0x80ac0000)]
=>0x09b79000 JavaThread "main" [_thread_in_native, id=2069, stack(0xb7797000,0xb77e8000)]

Other Threads:
  0x09bfec00 VMThread [stack: 0x80ac0000,0x80b41000] [id=2073]
  0x80917c00 WatcherThread [stack: 0x8069c000,0x8071d000] [id=2080]

VM state:not at safepoint (normal execution)

VM Mutex/Monitor currently owned by a thread: None

Heap
 PSYoungGen      total 12992K, used 448K [0xa5f80000, 0xa6df0000, 0xb46d0000)
  eden space 11200K, 4% used [0xa5f80000,0xa5ff0088,0xa6a70000)
  from space 1792K, 0% used [0xa6c30000,0xa6c30000,0xa6df0000)
  to   space 1792K, 0% used [0xa6a70000,0xa6a70000,0xa6c30000)
 PSOldGen        total 29568K, used 0K [0x890d0000, 0x8adb0000, 0xa5f80000)
  object space 29568K, 0% used [0x890d0000,0x890d0000,0x8adb0000)
 PSPermGen       total 16384K, used 1940K [0x810d0000, 0x820d0000, 0x890d0000)
  object space 16384K, 11% used [0x810d0000,0x812b5120,0x820d0000)

Dynamic libraries:
00110000-00134000 r-xp 00000000 08:06 1064657    /usr/lib/jvm/java-6-openjdk/jre/lib/i386/libjava.so
00134000-00135000 r--p 00023000 08:06 1064657    /usr/lib/jvm/java-6-openjdk/jre/lib/i386/libjava.so
00135000-00137000 rw-p 00024000 08:06 1064657    /usr/lib/jvm/java-6-openjdk/jre/lib/i386/libjava.so
00137000-0014a000 r-xp 00000000 08:06 1311385    /lib/tls/i686/cmov/libnsl-2.11.1.so
0014a000-0014b000 r--p 00012000 08:06 1311385    /lib/tls/i686/cmov/libnsl-2.11.1.so
0014b000-0014c000 rw-p 00013000 08:06 1311385    /lib/tls/i686/cmov/libnsl-2.11.1.so
0014c000-0014e000 rw-p 00000000 00:00 0 
0014e000-00154000 r-xp 00000000 08:06 1311387    /lib/tls/i686/cmov/libnss_compat-2.11.1.so
00154000-00155000 r--p 00006000 08:06 1311387    /lib/tls/i686/cmov/libnss_compat-2.11.1.so
00155000-00156000 rw-p 00007000 08:06 1311387    /lib/tls/i686/cmov/libnss_compat-2.11.1.so
00156000-0015d000 r-xp 00000000 08:06 1064662    /usr/lib/jvm/java-6-openjdk/jre/lib/i386/libzip.so
0015d000-0015e000 r--p 00006000 08:06 1064662    /usr/lib/jvm/java-6-openjdk/jre/lib/i386/libzip.so
0015e000-0015f000 rw-p 00007000 08:06 1064662    /usr/lib/jvm/java-6-openjdk/jre/lib/i386/libzip.so
0026e000-00281000 r-xp 00000000 08:06 1179846    /lib/libz.so.1.2.3.3
00281000-00282000 r--p 00012000 08:06 1179846    /lib/libz.so.1.2.3.3
00282000-00283000 rw-p 00013000 08:06 1179846    /lib/libz.so.1.2.3.3
0029e000-002a8000 r-xp 00000000 08:06 1311391    /lib/tls/i686/cmov/libnss_files-2.11.1.so
002a8000-002a9000 r--p 00009000 08:06 1311391    /lib/tls/i686/cmov/libnss_files-2.11.1.so
002a9000-002aa000 rw-p 0000a000 08:06 1311391    /lib/tls/i686/cmov/libnss_files-2.11.1.so
00303000-00306000 r-xp 00000000 08:06 1069378    /usr/lib/libpacketlib.so
00306000-00307000 r--p 00002000 08:06 1069378    /usr/lib/libpacketlib.so
00307000-00308000 rw-p 00003000 08:06 1069378    /usr/lib/libpacketlib.so
003a1000-003a2000 r-xp 00000000 00:00 0          [vdso]
00688000-006a3000 r-xp 00000000 08:06 1179673    /lib/ld-2.11.1.so
006a3000-006a4000 r--p 0001a000 08:06 1179673    /lib/ld-2.11.1.so
006a4000-006a5000 rw-p 0001b000 08:06 1179673    /lib/ld-2.11.1.so
006c7000-006ca000 r-xp 00000000 08:06 1064666    /usr/lib/jvm/java-6-openjdk/jre/lib/i386/jli/libjli.so
006ca000-006cb000 r--p 00003000 08:06 1064666    /usr/lib/jvm/java-6-openjdk/jre/lib/i386/jli/libjli.so
006cb000-006cc000 rw-p 00004000 08:06 1064666    /usr/lib/jvm/java-6-openjdk/jre/lib/i386/jli/libjli.so
0077b000-00790000 r-xp 00000000 08:06 1311400    /lib/tls/i686/cmov/libpthread-2.11.1.so
00790000-00791000 r--p 00014000 08:06 1311400    /lib/tls/i686/cmov/libpthread-2.11.1.so
00791000-00792000 rw-p 00015000 08:06 1311400    /lib/tls/i686/cmov/libpthread-2.11.1.so
00792000-00794000 rw-p 00000000 00:00 0 
007b5000-007d9000 r-xp 00000000 08:06 1311382    /lib/tls/i686/cmov/libm-2.11.1.so
007d9000-007da000 r--p 00023000 08:06 1311382    /lib/tls/i686/cmov/libm-2.11.1.so
007da000-007db000 rw-p 00024000 08:06 1311382    /lib/tls/i686/cmov/libm-2.11.1.so
007fe000-00951000 r-xp 00000000 08:06 1311374    /lib/tls/i686/cmov/libc-2.11.1.so
00951000-00952000 ---p 00153000 08:06 1311374    /lib/tls/i686/cmov/libc-2.11.1.so
00952000-00954000 r--p 00153000 08:06 1311374    /lib/tls/i686/cmov/libc-2.11.1.so
00954000-00955000 rw-p 00155000 08:06 1311374    /lib/tls/i686/cmov/libc-2.11.1.so
00955000-00958000 rw-p 00000000 00:00 0 
009fd000-00a05000 r-xp 00000000 08:06 1311395    /lib/tls/i686/cmov/libnss_nis-2.11.1.so
00a05000-00a06000 r--p 00007000 08:06 1311395    /lib/tls/i686/cmov/libnss_nis-2.11.1.so
00a06000-00a07000 rw-p 00008000 08:06 1311395    /lib/tls/i686/cmov/libnss_nis-2.11.1.so
00e29000-00e30000 r-xp 00000000 08:06 1311404    /lib/tls/i686/cmov/librt-2.11.1.so
00e30000-00e31000 r--p 00006000 08:06 1311404    /lib/tls/i686/cmov/librt-2.11.1.so
00e31000-00e32000 rw-p 00007000 08:06 1311404    /lib/tls/i686/cmov/librt-2.11.1.so
00e59000-00e65000 r-xp 00000000 08:06 1064685    /usr/lib/jvm/java-6-openjdk/jre/lib/i386/libverify.so
00e65000-00e66000 r--p 0000b000 08:06 1064685    /usr/lib/jvm/java-6-openjdk/jre/lib/i386/libverify.so
00e66000-00e67000 rw-p 0000c000 08:06 1064685    /usr/lib/jvm/java-6-openjdk/jre/lib/i386/libverify.so
00e94000-00e9b000 r-xp 00000000 08:06 1064678    /usr/lib/jvm/java-6-openjdk/jre/lib/i386/native_threads/libhpi.so
00e9b000-00e9c000 r--p 00006000 08:06 1064678    /usr/lib/jvm/java-6-openjdk/jre/lib/i386/native_threads/libhpi.so
00e9c000-00e9d000 rw-p 00007000 08:06 1064678    /usr/lib/jvm/java-6-openjdk/jre/lib/i386/native_threads/libhpi.so
00ea3000-00ea5000 r-xp 00000000 08:06 1311380    /lib/tls/i686/cmov/libdl-2.11.1.so
00ea5000-00ea6000 r--p 00001000 08:06 1311380    /lib/tls/i686/cmov/libdl-2.11.1.so
00ea6000-00ea7000 rw-p 00002000 08:06 1311380    /lib/tls/i686/cmov/libdl-2.11.1.so
00ea7000-0156c000 r-xp 00000000 08:06 1064676    /usr/lib/jvm/java-6-openjdk/jre/lib/i386/server/libjvm.so
0156c000-0156d000 ---p 006c5000 08:06 1064676    /usr/lib/jvm/java-6-openjdk/jre/lib/i386/server/libjvm.so
0156d000-015b2000 r--p 006c5000 08:06 1064676    /usr/lib/jvm/java-6-openjdk/jre/lib/i386/server/libjvm.so
015b2000-015c1000 rw-p 0070a000 08:06 1064676    /usr/lib/jvm/java-6-openjdk/jre/lib/i386/server/libjvm.so
015c1000-019e0000 rw-p 00000000 00:00 0 
08048000-08051000 r-xp 00000000 08:06 1064626    /usr/lib/jvm/java-6-openjdk/jre/bin/java
08051000-08052000 r--p 00008000 08:06 1064626    /usr/lib/jvm/java-6-openjdk/jre/bin/java
08052000-08053000 rw-p 00009000 08:06 1064626    /usr/lib/jvm/java-6-openjdk/jre/bin/java
09b72000-09c1f000 rw-p 00000000 00:00 0          [heap]
8069c000-8069d000 ---p 00000000 00:00 0 
8069d000-8071d000 rw-p 00000000 00:00 0 
8071d000-80720000 ---p 00000000 00:00 0 
80720000-8076e000 rw-p 00000000 00:00 0 
8076e000-80771000 ---p 00000000 00:00 0 
80771000-807ef000 rw-p 00000000 00:00 0 
807ef000-807f2000 ---p 00000000 00:00 0 
807f2000-80870000 rw-p 00000000 00:00 0 
80870000-80873000 ---p 00000000 00:00 0 
80873000-808c1000 rw-p 00000000 00:00 0 
808c1000-80900000 r--p 00000000 08:06 1056342    /usr/lib/locale/en_IN/LC_CTYPE
80900000-80933000 rw-p 00000000 00:00 0 
80933000-80a00000 ---p 00000000 00:00 0 
80a15000-80a1e000 r--s 00065000 08:06 1460237    /usr/share/java/gnome-java-bridge.jar
80a1e000-80a21000 ---p 00000000 00:00 0 
80a21000-80a6f000 rw-p 00000000 00:00 0 
80a6f000-80a72000 ---p 00000000 00:00 0 
80a72000-80ac0000 rw-p 00000000 00:00 0 
80ac0000-80ac1000 ---p 00000000 00:00 0 
80ac1000-80b41000 rw-p 00000000 00:00 0 
80b41000-80b43000 r--s 0001d000 08:06 1056709    /usr/lib/jvm/java-6-openjdk/jre/lib/plugin.jar
80b43000-80b48000 r--s 00045000 08:06 1056713    /usr/lib/jvm/java-6-openjdk/jre/lib/netx.jar
80b48000-80b7b000 rw-p 00000000 00:00 0 
80b7b000-80d0a000 r--s 038c4000 08:06 1064698    /usr/lib/jvm/java-6-openjdk/jre/lib/rt.jar
80d0a000-80d0b000 ---p 00000000 00:00 0 
80d0b000-80d8b000 rw-p 00000000 00:00 0 
80d8b000-80d8c000 ---p 00000000 00:00 0 
80d8c000-80e14000 rw-p 00000000 00:00 0 
80e14000-80e4c000 rw-p 00000000 00:00 0 
80e4c000-80e5b000 rw-p 00000000 00:00 0 
80e5b000-80f34000 rw-p 00000000 00:00 0 
80f34000-80f3c000 rw-p 00000000 00:00 0 
80f3c000-80f74000 rw-p 00000000 00:00 0 
80f74000-80f83000 rw-p 00000000 00:00 0 
80f83000-8105b000 rw-p 00000000 00:00 0 
8105b000-81063000 rw-p 00000000 00:00 0 
81063000-810cf000 rw-p 00000000 00:00 0 
810cf000-820d0000 rw-p 00000000 00:00 0 
820d0000-890d0000 rw-p 00000000 00:00 0 
890d0000-8adb0000 rw-p 00000000 00:00 0 
8adb0000-a5f80000 rw-p 00000000 00:00 0 
a5f80000-a6df0000 rw-p 00000000 00:00 0 
a6df0000-b46d0000 rw-p 00000000 00:00 0 
b46d7000-b46e0000 rw-p 00000000 00:00 0 
b46e0000-b4797000 rw-p 00000000 00:00 0 
b4797000-b49d7000 rwxp 00000000 00:00 0 
b49d7000-b7797000 rw-p 00000000 00:00 0 
b7797000-b779a000 ---p 00000000 00:00 0 
b779a000-b77eb000 rw-p 00000000 00:00 0 
b77ec000-b77ef000 r--s 0000f000 08:06 1056737    /usr/lib/jvm/java-6-openjdk/jre/lib/ext/pulse-java.jar
b77ef000-b77f7000 rw-s 00000000 08:06 786643     /tmp/hsperfdata_varun/2066
b77f7000-b77f8000 rw-p 00000000 00:00 0 
b77f8000-b77f9000 r--p 00000000 00:00 0 
b77f9000-b77fb000 rw-p 00000000 00:00 0 
bfbac000-bfbc1000 rw-p 00000000 00:00 0          [stack]

VM Arguments:
jvm_args: -Dfile.encoding=UTF-8 
java_command: Core.func
Launcher Type: SUN_STANDARD

Environment Variables:
PATH=/usr/local/sbin:/usr/local/bin:/usr/sbin:/usr/bin:/sbin:/bin:/usr/games
USERNAME=varun
LD_LIBRARY_PATH=/usr/lib/jvm/java-6-openjdk/jre/lib/i386/server:/usr/lib/jvm/java-6-openjdk/jre/lib/i386:/usr/lib/jvm/java-6-openjdk/jre/../lib/i386:/usr/lib/jvm/java-6-openjdk/jre/lib/i386/client:/usr/lib/jvm/java-6-openjdk/jre/lib/i386:/usr/lib/jvm/java-6-openjdk/jre/../lib/i386
SHELL=/bin/bash
DISPLAY=:0.0

Signal Handlers:
SIGSEGV: [libjvm.so+0x64a040], sa_mask[0]=0x7ffbfeff, sa_flags=0x10000004
SIGBUS: [libjvm.so+0x64a040], sa_mask[0]=0x7ffbfeff, sa_flags=0x10000004
SIGFPE: [libjvm.so+0x51c0d0], sa_mask[0]=0x7ffbfeff, sa_flags=0x10000004
SIGPIPE: [libjvm.so+0x51c0d0], sa_mask[0]=0x7ffbfeff, sa_flags=0x10000004
SIGXFSZ: [libjvm.so+0x51c0d0], sa_mask[0]=0x7ffbfeff, sa_flags=0x10000004
SIGILL: [libjvm.so+0x51c0d0], sa_mask[0]=0x7ffbfeff, sa_flags=0x10000004
SIGUSR1: SIG_DFL, sa_mask[0]=0x00000000, sa_flags=0x00000000
SIGUSR2: [libjvm.so+0x51b780], sa_mask[0]=0x00000004, sa_flags=0x10000004
SIGHUP: [libjvm.so+0x51e2f0], sa_mask[0]=0x7ffbfeff, sa_flags=0x10000004
SIGINT: SIG_IGN, sa_mask[0]=0x00000000, sa_flags=0x00000000
SIGTERM: [libjvm.so+0x51e2f0], sa_mask[0]=0x7ffbfeff, sa_flags=0x10000004
SIGQUIT: [libjvm.so+0x51e2f0], sa_mask[0]=0x7ffbfeff, sa_flags=0x10000004


---------------  S Y S T E M  ---------------

OS:Ubuntu 10.04 (lucid)
uname:Linux 2.6.32-33-generic #70-Ubuntu SMP Thu Jul 7 21:09:46 UTC 2011 i686
libc:glibc 2.11.1 NPTL 2.11.1 
rlimit: STACK 8192k, CORE 0k, NPROC infinity, NOFILE 1024, AS infinity
load average:0.36 0.61 0.35

/proc/meminfo:
MemTotal:        2836956 kB
MemFree:         1982852 kB
Buffers:           51876 kB
Cached:           423612 kB
SwapCached:            0 kB
Active:           406424 kB
Inactive:         363316 kB
Active(anon):     294656 kB
Inactive(anon):     6436 kB
Active(file):     111768 kB
Inactive(file):   356880 kB
Unevictable:          32 kB
Mlocked:              32 kB
HighTotal:       1973064 kB
HighFree:        1226856 kB
LowTotal:         863892 kB
LowFree:          755996 kB
SwapTotal:       2833400 kB
SwapFree:        2833400 kB
Dirty:               164 kB
Writeback:             0 kB
AnonPages:        294280 kB
Mapped:            74828 kB
Shmem:              6844 kB
Slab:              30012 kB
SReclaimable:      20012 kB
SUnreclaim:        10000 kB
KernelStack:        2216 kB
PageTables:         5328 kB
NFS_Unstable:          0 kB
Bounce:                0 kB
WritebackTmp:          0 kB
CommitLimit:     4251876 kB
Committed_AS:     808008 kB
VmallocTotal:     122880 kB
VmallocUsed:       72712 kB
VmallocChunk:      42364 kB
HardwareCorrupted:     0 kB
HugePages_Total:       0
HugePages_Free:        0
HugePages_Rsvd:        0
HugePages_Surp:        0
Hugepagesize:       4096 kB
DirectMap4k:       12280 kB
DirectMap4M:      897024 kB


CPU:total 2 (2 cores per cpu, 1 threads per core) family 17 model 3 stepping 1, cmov, cx8, fxsr, mmx, sse, sse2, sse3, mmxext, 3dnow, 3dnowext

Memory: 4k page, physical 2836956k(1982852k free), swap 2833400k(2833400k free)

vm_info: OpenJDK Server VM (19.0-b09) for linux-x86 JRE (1.6.0_20-b20), built on Nov  8 2011 17:27:25 by "buildd" with gcc 4.4.3

time: Tue Jan 17 10:04:22 2012
elapsed time: 0 seconds

