#
# A fatal error has been detected by the Java Runtime Environment:
#
#  SIGSEGV (0xb) at pc=0x01292c1b, pid=2117, tid=3078466416
#
# JRE version: 6.0_20-b20
# Java VM: OpenJDK Server VM (19.0-b09 mixed mode linux-x86 )
# Derivative: IcedTea6 1.9.10
# Distribution: Ubuntu 10.04.1 LTS, package 6b20-1.9.10-0ubuntu1~10.04.2
# Problematic frame:
# V  [libjvm.so+0x392c1b]
#
# If you would like to submit a bug report, please include
# instructions how to reproduce the bug and visit:
#   https://bugs.launchpad.net/ubuntu/+source/openjdk-6/
#

---------------  T H R E A D  ---------------

Current thread (0x094cc400):  JavaThread "main" [_thread_in_vm, id=2120, stack(0xb778a000,0xb77db000)]

siginfo:si_signo=SIGSEGV: si_errno=0, si_code=1 (SEGV_MAPERR), si_addr=0x00000000

Registers:
EAX=0x00000000, EBX=0x0160aff4, ECX=0x094ccaac, EDX=0x094cc400
ESP=0xb77d9894, EBP=0xb77d98c8, ESI=0x094cc400, EDI=0xb77d98fc
EIP=0x01292c1b, CR2=0x00000000, EFLAGS=0x00210282

Register to memory mapping:

EAX=0x00000000
0x00000000 is pointing to unknown location

EBX=0x0160aff4
0x0160aff4: <offset 0x70aff4> in /usr/lib/jvm/java-6-openjdk/jre/lib/i386/server/libjvm.so at 0x00f00000

ECX=0x094ccaac
0x094ccaac is pointing to unknown location

EDX=0x094cc400
"main" prio=10 tid=0x094cc400 nid=0x848 runnable [0xb77da000]
   java.lang.Thread.State: RUNNABLE

ESP=0xb77d9894
0xb77d9894 is pointing into the stack for thread: 0x094cc400
"main" prio=10 tid=0x094cc400 nid=0x848 runnable [0xb77da000]
   java.lang.Thread.State: RUNNABLE

EBP=0xb77d98c8
0xb77d98c8 is pointing into the stack for thread: 0x094cc400
"main" prio=10 tid=0x094cc400 nid=0x848 runnable [0xb77da000]
   java.lang.Thread.State: RUNNABLE

ESI=0x094cc400
"main" prio=10 tid=0x094cc400 nid=0x848 runnable [0xb77da000]
   java.lang.Thread.State: RUNNABLE

EDI=0xb77d98fc
0xb77d98fc is pointing into the stack for thread: 0x094cc400
"main" prio=10 tid=0x094cc400 nid=0x848 runnable [0xb77da000]
   java.lang.Thread.State: RUNNABLE


Top of Stack: (sp=0xb77d9894)
0xb77d9894:   00000000 b77d9928 0160aff4 094cc400
0xb77d98a4:   b77d98fc b77d98c8 012ac862 b77d98fc
0xb77d98b4:   00c76ff4 80819840 0160aff4 094cc400
0xb77d98c4:   b77d98fc b77d9928 012a585d b77d98fc
0xb77d98d4:   094cc400 00000ffc 00000ffc b77d998c
0xb77d98e4:   00c76ff4 00000670 094cc400 00000000
0xb77d98f4:   00b89d18 80819840 094cc400 094ccaa8
0xb77d9904:   00000088 015b286c 094cc400 b77d998c 

Instructions: (pc=0x01292c1b)
0x01292c0b:   27 00 00 00 00 55 89 e5 57 56 53 83 ec 28 89 d6
0x01292c1b:   8b 10 e8 00 00 00 00 5b 81 c3 d2 83 37 00 52 e8 

Stack: [0xb778a000,0xb77db000],  sp=0xb77d9894,  free space=318k
Native frames: (J=compiled Java code, j=interpreted, Vv=VM code, C=native code)
V  [libjvm.so+0x392c1b]
V  [libjvm.so+0x3a585d]
C  [libpacketlib.so+0x71a]  Java_Core_func_fillpackets+0xda
j  Core.func.fillpackets()V+0
j  Core.func.main([Ljava/lang/String;)V+9
v  ~StubRoutines::call_stub
V  [libjvm.so+0x387d72]
V  [libjvm.so+0x519369]
V  [libjvm.so+0x386caf]
V  [libjvm.so+0x39214c]
V  [libjvm.so+0x3a11ad]
C  [java+0x321d]  JavaMain+0xd4d
C  [libpthread.so.0+0x596e]

Java frames: (J=compiled Java code, j=interpreted, Vv=VM code)
j  Core.func.fillpackets()V+0
j  Core.func.main([Ljava/lang/String;)V+9
v  ~StubRoutines::call_stub

---------------  P R O C E S S  ---------------

Java Threads: ( => current thread )
  0x80804800 JavaThread "Low Memory Detector" daemon [_thread_blocked, id=2130, stack(0x8092d000,0x8097e000)]
  0x80802800 JavaThread "CompilerThread1" daemon [_thread_blocked, id=2129, stack(0x806fe000,0x8077f000)]
  0x80800800 JavaThread "CompilerThread0" daemon [_thread_blocked, id=2128, stack(0x8077f000,0x80800000)]
  0x0956a400 JavaThread "Signal Dispatcher" daemon [_thread_blocked, id=2127, stack(0x8097e000,0x809cf000)]
  0x09557400 JavaThread "Finalizer" daemon [_thread_blocked, id=2126, stack(0x80a0e000,0x80a5f000)]
  0x09555c00 JavaThread "Reference Handler" daemon [_thread_blocked, id=2125, stack(0x80a5f000,0x80ab0000)]
=>0x094cc400 JavaThread "main" [_thread_in_vm, id=2120, stack(0xb778a000,0xb77db000)]

Other Threads:
  0x09551c00 VMThread [stack: 0x80ab0000,0x80b31000] [id=2124]
  0x80806800 WatcherThread [stack: 0x8067d000,0x806fe000] [id=2131]

VM state:not at safepoint (normal execution)

VM Mutex/Monitor currently owned by a thread: None

Heap
 PSYoungGen      total 12992K, used 448K [0xa5f70000, 0xa6de0000, 0xb46c0000)
  eden space 11200K, 4% used [0xa5f70000,0xa5fe0040,0xa6a60000)
  from space 1792K, 0% used [0xa6c20000,0xa6c20000,0xa6de0000)
  to   space 1792K, 0% used [0xa6a60000,0xa6a60000,0xa6c20000)
 PSOldGen        total 29568K, used 0K [0x890c0000, 0x8ada0000, 0xa5f70000)
  object space 29568K, 0% used [0x890c0000,0x890c0000,0x8ada0000)
 PSPermGen       total 16384K, used 1932K [0x810c0000, 0x820c0000, 0x890c0000)
  object space 16384K, 11% used [0x810c0000,0x812a3098,0x820c0000)

Dynamic libraries:
00110000-00134000 r-xp 00000000 08:06 1064657    /usr/lib/jvm/java-6-openjdk/jre/lib/i386/libjava.so
00134000-00135000 r--p 00023000 08:06 1064657    /usr/lib/jvm/java-6-openjdk/jre/lib/i386/libjava.so
00135000-00137000 rw-p 00024000 08:06 1064657    /usr/lib/jvm/java-6-openjdk/jre/lib/i386/libjava.so
00137000-00138000 r-xp 00000000 08:06 1069378    /usr/lib/libpacketlib.so
00138000-00139000 r--p 00000000 08:06 1069378    /usr/lib/libpacketlib.so
00139000-0013a000 rw-p 00001000 08:06 1069378    /usr/lib/libpacketlib.so
001f9000-001fb000 r-xp 00000000 08:06 1311380    /lib/tls/i686/cmov/libdl-2.11.1.so
001fb000-001fc000 r--p 00001000 08:06 1311380    /lib/tls/i686/cmov/libdl-2.11.1.so
001fc000-001fd000 rw-p 00002000 08:06 1311380    /lib/tls/i686/cmov/libdl-2.11.1.so
00248000-0025b000 r-xp 00000000 08:06 1179846    /lib/libz.so.1.2.3.3
0025b000-0025c000 r--p 00012000 08:06 1179846    /lib/libz.so.1.2.3.3
0025c000-0025d000 rw-p 00013000 08:06 1179846    /lib/libz.so.1.2.3.3
0029c000-0029f000 r-xp 00000000 08:06 1064666    /usr/lib/jvm/java-6-openjdk/jre/lib/i386/jli/libjli.so
0029f000-002a0000 r--p 00003000 08:06 1064666    /usr/lib/jvm/java-6-openjdk/jre/lib/i386/jli/libjli.so
002a0000-002a1000 rw-p 00004000 08:06 1064666    /usr/lib/jvm/java-6-openjdk/jre/lib/i386/jli/libjli.so
004bf000-004cb000 r-xp 00000000 08:06 1064685    /usr/lib/jvm/java-6-openjdk/jre/lib/i386/libverify.so
004cb000-004cc000 r--p 0000b000 08:06 1064685    /usr/lib/jvm/java-6-openjdk/jre/lib/i386/libverify.so
004cc000-004cd000 rw-p 0000c000 08:06 1064685    /usr/lib/jvm/java-6-openjdk/jre/lib/i386/libverify.so
00564000-0056c000 r-xp 00000000 08:06 1311395    /lib/tls/i686/cmov/libnss_nis-2.11.1.so
0056c000-0056d000 r--p 00007000 08:06 1311395    /lib/tls/i686/cmov/libnss_nis-2.11.1.so
0056d000-0056e000 rw-p 00008000 08:06 1311395    /lib/tls/i686/cmov/libnss_nis-2.11.1.so
00587000-0058e000 r-xp 00000000 08:06 1064662    /usr/lib/jvm/java-6-openjdk/jre/lib/i386/libzip.so
0058e000-0058f000 r--p 00006000 08:06 1064662    /usr/lib/jvm/java-6-openjdk/jre/lib/i386/libzip.so
0058f000-00590000 rw-p 00007000 08:06 1064662    /usr/lib/jvm/java-6-openjdk/jre/lib/i386/libzip.so
00597000-0059e000 r-xp 00000000 08:06 1064678    /usr/lib/jvm/java-6-openjdk/jre/lib/i386/native_threads/libhpi.so
0059e000-0059f000 r--p 00006000 08:06 1064678    /usr/lib/jvm/java-6-openjdk/jre/lib/i386/native_threads/libhpi.so
0059f000-005a0000 rw-p 00007000 08:06 1064678    /usr/lib/jvm/java-6-openjdk/jre/lib/i386/native_threads/libhpi.so
00726000-0074a000 r-xp 00000000 08:06 1311382    /lib/tls/i686/cmov/libm-2.11.1.so
0074a000-0074b000 r--p 00023000 08:06 1311382    /lib/tls/i686/cmov/libm-2.11.1.so
0074b000-0074c000 rw-p 00024000 08:06 1311382    /lib/tls/i686/cmov/libm-2.11.1.so
0077e000-00791000 r-xp 00000000 08:06 1311385    /lib/tls/i686/cmov/libnsl-2.11.1.so
00791000-00792000 r--p 00012000 08:06 1311385    /lib/tls/i686/cmov/libnsl-2.11.1.so
00792000-00793000 rw-p 00013000 08:06 1311385    /lib/tls/i686/cmov/libnsl-2.11.1.so
00793000-00795000 rw-p 00000000 00:00 0 
008ed000-008f7000 r-xp 00000000 08:06 1311391    /lib/tls/i686/cmov/libnss_files-2.11.1.so
008f7000-008f8000 r--p 00009000 08:06 1311391    /lib/tls/i686/cmov/libnss_files-2.11.1.so
008f8000-008f9000 rw-p 0000a000 08:06 1311391    /lib/tls/i686/cmov/libnss_files-2.11.1.so
00a86000-00a8c000 r-xp 00000000 08:06 1311387    /lib/tls/i686/cmov/libnss_compat-2.11.1.so
00a8c000-00a8d000 r--p 00006000 08:06 1311387    /lib/tls/i686/cmov/libnss_compat-2.11.1.so
00a8d000-00a8e000 rw-p 00007000 08:06 1311387    /lib/tls/i686/cmov/libnss_compat-2.11.1.so
00b21000-00c74000 r-xp 00000000 08:06 1311374    /lib/tls/i686/cmov/libc-2.11.1.so
00c74000-00c75000 ---p 00153000 08:06 1311374    /lib/tls/i686/cmov/libc-2.11.1.so
00c75000-00c77000 r--p 00153000 08:06 1311374    /lib/tls/i686/cmov/libc-2.11.1.so
00c77000-00c78000 rw-p 00155000 08:06 1311374    /lib/tls/i686/cmov/libc-2.11.1.so
00c78000-00c7b000 rw-p 00000000 00:00 0 
00c98000-00cb3000 r-xp 00000000 08:06 1179673    /lib/ld-2.11.1.so
00cb3000-00cb4000 r--p 0001a000 08:06 1179673    /lib/ld-2.11.1.so
00cb4000-00cb5000 rw-p 0001b000 08:06 1179673    /lib/ld-2.11.1.so
00d7a000-00d7b000 r-xp 00000000 00:00 0          [vdso]
00e08000-00e0f000 r-xp 00000000 08:06 1311404    /lib/tls/i686/cmov/librt-2.11.1.so
00e0f000-00e10000 r--p 00006000 08:06 1311404    /lib/tls/i686/cmov/librt-2.11.1.so
00e10000-00e11000 rw-p 00007000 08:06 1311404    /lib/tls/i686/cmov/librt-2.11.1.so
00ee7000-00efc000 r-xp 00000000 08:06 1311400    /lib/tls/i686/cmov/libpthread-2.11.1.so
00efc000-00efd000 r--p 00014000 08:06 1311400    /lib/tls/i686/cmov/libpthread-2.11.1.so
00efd000-00efe000 rw-p 00015000 08:06 1311400    /lib/tls/i686/cmov/libpthread-2.11.1.so
00efe000-00f00000 rw-p 00000000 00:00 0 
00f00000-015c5000 r-xp 00000000 08:06 1064676    /usr/lib/jvm/java-6-openjdk/jre/lib/i386/server/libjvm.so
015c5000-015c6000 ---p 006c5000 08:06 1064676    /usr/lib/jvm/java-6-openjdk/jre/lib/i386/server/libjvm.so
015c6000-0160b000 r--p 006c5000 08:06 1064676    /usr/lib/jvm/java-6-openjdk/jre/lib/i386/server/libjvm.so
0160b000-0161a000 rw-p 0070a000 08:06 1064676    /usr/lib/jvm/java-6-openjdk/jre/lib/i386/server/libjvm.so
0161a000-01a39000 rw-p 00000000 00:00 0 
08048000-08051000 r-xp 00000000 08:06 1064626    /usr/lib/jvm/java-6-openjdk/jre/bin/java
08051000-08052000 r--p 00008000 08:06 1064626    /usr/lib/jvm/java-6-openjdk/jre/bin/java
08052000-08053000 rw-p 00009000 08:06 1064626    /usr/lib/jvm/java-6-openjdk/jre/bin/java
094c5000-0958b000 rw-p 00000000 00:00 0          [heap]
8064f000-80651000 r--s 0000b000 08:06 145377     /home/varun/Documents/apache-tomcat-7.0.23/lib/tomcat-i18n-ja.jar
80651000-80655000 r--s 0003a000 08:06 145364     /home/varun/Documents/apache-tomcat-7.0.23/lib/catalina-tribes.jar
80655000-80657000 r--s 0000c000 08:06 145362     /home/varun/Documents/apache-tomcat-7.0.23/lib/catalina-ant.jar
80657000-80659000 r--s 0001c000 08:06 145368     /home/varun/Documents/apache-tomcat-7.0.23/lib/jasper-el.jar
80659000-8065b000 r--s 00011000 08:06 145375     /home/varun/Documents/apache-tomcat-7.0.23/lib/tomcat-i18n-es.jar
8065b000-8065e000 r--s 0001a000 08:06 145378     /home/varun/Documents/apache-tomcat-7.0.23/lib/tomcat-jdbc.jar
8065e000-80662000 r--s 00036000 08:06 145374     /home/varun/Documents/apache-tomcat-7.0.23/lib/tomcat-dbcp.jar
80662000-8066e000 r--s 000aa000 08:06 145373     /home/varun/Documents/apache-tomcat-7.0.23/lib/tomcat-coyote.jar
8066e000-8067d000 r--s 00193000 08:06 145366     /home/varun/Documents/apache-tomcat-7.0.23/lib/ecj-3.7.jar
8067d000-8067e000 ---p 00000000 00:00 0 
8067e000-806fe000 rw-p 00000000 00:00 0 
806fe000-80701000 ---p 00000000 00:00 0 
80701000-8077f000 rw-p 00000000 00:00 0 
8077f000-80782000 ---p 00000000 00:00 0 
80782000-80800000 rw-p 00000000 00:00 0 
80800000-80854000 rw-p 00000000 00:00 0 
80854000-80900000 ---p 00000000 00:00 0 
80903000-80904000 r--s 00005000 08:06 145379     /home/varun/Documents/apache-tomcat-7.0.23/lib/tomcat-util.jar
80904000-80905000 r--s 00003000 08:06 145361     /home/varun/Documents/apache-tomcat-7.0.23/lib/annotations-api.jar
80905000-80907000 r--s 0001e000 08:06 145363     /home/varun/Documents/apache-tomcat-7.0.23/lib/catalina-ha.jar
80907000-80919000 r--s 0015a000 08:06 145365     /home/varun/Documents/apache-tomcat-7.0.23/lib/catalina.jar
80919000-80921000 r--s 00089000 08:06 145369     /home/varun/Documents/apache-tomcat-7.0.23/lib/jasper.jar
80921000-80925000 r--s 00028000 08:06 145371     /home/varun/Documents/apache-tomcat-7.0.23/lib/servlet-api.jar
80925000-80927000 r--s 0000a000 08:06 145376     /home/varun/Documents/apache-tomcat-7.0.23/lib/tomcat-i18n-fr.jar
80927000-8092a000 r--s 00013000 08:06 145370     /home/varun/Documents/apache-tomcat-7.0.23/lib/jsp-api.jar
8092a000-8092b000 r--s 00001000 08:06 145372     /home/varun/Documents/apache-tomcat-7.0.23/lib/tomcat-api.jar
8092b000-8092d000 r--s 00009000 08:06 145367     /home/varun/Documents/apache-tomcat-7.0.23/lib/el-api.jar
8092d000-80930000 ---p 00000000 00:00 0 
80930000-8097e000 rw-p 00000000 00:00 0 
8097e000-80981000 ---p 00000000 00:00 0 
80981000-809cf000 rw-p 00000000 00:00 0 
809cf000-80a0e000 r--p 00000000 08:06 1056342    /usr/lib/locale/en_IN/LC_CTYPE
80a0e000-80a11000 ---p 00000000 00:00 0 
80a11000-80a5f000 rw-p 00000000 00:00 0 
80a5f000-80a62000 ---p 00000000 00:00 0 
80a62000-80ab0000 rw-p 00000000 00:00 0 
80ab0000-80ab1000 ---p 00000000 00:00 0 
80ab1000-80b31000 rw-p 00000000 00:00 0 
80b31000-80b33000 r--s 0001d000 08:06 1056709    /usr/lib/jvm/java-6-openjdk/jre/lib/plugin.jar
80b33000-80b38000 r--s 00045000 08:06 1056713    /usr/lib/jvm/java-6-openjdk/jre/lib/netx.jar
80b38000-80b6b000 rw-p 00000000 00:00 0 
80b6b000-80cfa000 r--s 038c4000 08:06 1064698    /usr/lib/jvm/java-6-openjdk/jre/lib/rt.jar
80cfa000-80cfb000 ---p 00000000 00:00 0 
80cfb000-80d7b000 rw-p 00000000 00:00 0 
80d7b000-80d7c000 ---p 00000000 00:00 0 
80d7c000-80e04000 rw-p 00000000 00:00 0 
80e04000-80e3c000 rw-p 00000000 00:00 0 
80e3c000-80e4b000 rw-p 00000000 00:00 0 
80e4b000-80f24000 rw-p 00000000 00:00 0 
80f24000-80f2c000 rw-p 00000000 00:00 0 
80f2c000-80f64000 rw-p 00000000 00:00 0 
80f64000-80f73000 rw-p 00000000 00:00 0 
80f73000-8104b000 rw-p 00000000 00:00 0 
8104b000-81053000 rw-p 00000000 00:00 0 
81053000-810bf000 rw-p 00000000 00:00 0 
810bf000-820c0000 rw-p 00000000 00:00 0 
820c0000-890c0000 rw-p 00000000 00:00 0 
890c0000-8ada0000 rw-p 00000000 00:00 0 
8ada0000-a5f70000 rw-p 00000000 00:00 0 
a5f70000-a6de0000 rw-p 00000000 00:00 0 
a6de0000-b46c0000 rw-p 00000000 00:00 0 
b46c0000-b46c1000 rw-p 00000000 00:00 0 
b46c1000-b46ca000 r--s 00065000 08:06 1460237    /usr/share/java/gnome-java-bridge.jar
b46ca000-b46d3000 rw-p 00000000 00:00 0 
b46d3000-b478a000 rw-p 00000000 00:00 0 
b478a000-b49ca000 rwxp 00000000 00:00 0 
b49ca000-b778a000 rw-p 00000000 00:00 0 
b778a000-b778d000 ---p 00000000 00:00 0 
b778d000-b77de000 rw-p 00000000 00:00 0 
b77df000-b77e2000 r--s 0000f000 08:06 1056737    /usr/lib/jvm/java-6-openjdk/jre/lib/ext/pulse-java.jar
b77e2000-b77ea000 rw-s 00000000 08:06 786847     /tmp/hsperfdata_varun/2117
b77ea000-b77eb000 rw-p 00000000 00:00 0 
b77eb000-b77ec000 r--p 00000000 00:00 0 
b77ec000-b77ee000 rw-p 00000000 00:00 0 
bfa7b000-bfa90000 rw-p 00000000 00:00 0          [stack]

VM Arguments:
jvm_args: -Dfile.encoding=UTF-8 
java_command: Core.func
Launcher Type: SUN_STANDARD

Environment Variables:
PATH=/usr/local/sbin:/usr/local/bin:/usr/sbin:/usr/bin:/sbin:/bin:/usr/games
USERNAME=varun
LD_LIBRARY_PATH=/usr/lib/jvm/java-6-openjdk/jre/lib/i386/server:/usr/lib/jvm/java-6-openjdk/jre/lib/i386:/usr/lib/jvm/java-6-openjdk/jre/../lib/i386:/usr/lib/jvm/java-6-openjdk/jre/lib/i386/client:/usr/lib/jvm/java-6-openjdk/jre/lib/i386:/usr/lib/jvm/java-6-openjdk/jre/../lib/i386
SHELL=/bin/bash
DISPLAY=:0.0

Signal Handlers:
SIGSEGV: [libjvm.so+0x64a040], sa_mask[0]=0x7ffbfeff, sa_flags=0x10000004
SIGBUS: [libjvm.so+0x64a040], sa_mask[0]=0x7ffbfeff, sa_flags=0x10000004
SIGFPE: [libjvm.so+0x51c0d0], sa_mask[0]=0x7ffbfeff, sa_flags=0x10000004
SIGPIPE: [libjvm.so+0x51c0d0], sa_mask[0]=0x7ffbfeff, sa_flags=0x10000004
SIGXFSZ: [libjvm.so+0x51c0d0], sa_mask[0]=0x7ffbfeff, sa_flags=0x10000004
SIGILL: [libjvm.so+0x51c0d0], sa_mask[0]=0x7ffbfeff, sa_flags=0x10000004
SIGUSR1: SIG_DFL, sa_mask[0]=0x00000000, sa_flags=0x00000000
SIGUSR2: [libjvm.so+0x51b780], sa_mask[0]=0x00000004, sa_flags=0x10000004
SIGHUP: [libjvm.so+0x51e2f0], sa_mask[0]=0x7ffbfeff, sa_flags=0x10000004
SIGINT: SIG_IGN, sa_mask[0]=0x00000000, sa_flags=0x00000000
SIGTERM: [libjvm.so+0x51e2f0], sa_mask[0]=0x7ffbfeff, sa_flags=0x10000004
SIGQUIT: [libjvm.so+0x51e2f0], sa_mask[0]=0x7ffbfeff, sa_flags=0x10000004


---------------  S Y S T E M  ---------------

OS:Ubuntu 10.04 (lucid)
uname:Linux 2.6.32-33-generic #70-Ubuntu SMP Thu Jul 7 21:09:46 UTC 2011 i686
libc:glibc 2.11.1 NPTL 2.11.1 
rlimit: STACK 8192k, CORE 0k, NPROC infinity, NOFILE 1024, AS infinity
load average:0.84 0.88 0.63

/proc/meminfo:
MemTotal:        2836956 kB
MemFree:         1768988 kB
Buffers:          130456 kB
Cached:           437004 kB
SwapCached:            0 kB
Active:           487000 kB
Inactive:         458404 kB
Active(anon):     378344 kB
Inactive(anon):     5300 kB
Active(file):     108656 kB
Inactive(file):   453104 kB
Unevictable:          32 kB
Mlocked:              32 kB
HighTotal:       1973064 kB
HighFree:        1129020 kB
LowTotal:         863892 kB
LowFree:          639968 kB
SwapTotal:       2833400 kB
SwapFree:        2833400 kB
Dirty:                72 kB
Writeback:             0 kB
AnonPages:        378100 kB
Mapped:            98560 kB
Shmem:              5704 kB
Slab:              67112 kB
SReclaimable:      56856 kB
SUnreclaim:        10256 kB
KernelStack:        2296 kB
PageTables:         5772 kB
NFS_Unstable:          0 kB
Bounce:                0 kB
WritebackTmp:          0 kB
CommitLimit:     4251876 kB
Committed_AS:    1060976 kB
VmallocTotal:     122880 kB
VmallocUsed:       72712 kB
VmallocChunk:      41852 kB
HardwareCorrupted:     0 kB
HugePages_Total:       0
HugePages_Free:        0
HugePages_Rsvd:        0
HugePages_Surp:        0
Hugepagesize:       4096 kB
DirectMap4k:       12280 kB
DirectMap4M:      897024 kB


CPU:total 2 (2 cores per cpu, 1 threads per core) family 17 model 3 stepping 1, cmov, cx8, fxsr, mmx, sse, sse2, sse3, mmxext, 3dnow, 3dnowext

Memory: 4k page, physical 2836956k(1768988k free), swap 2833400k(2833400k free)

vm_info: OpenJDK Server VM (19.0-b09) for linux-x86 JRE (1.6.0_20-b20), built on Nov  8 2011 17:27:25 by "buildd" with gcc 4.4.3

time: Sat Jan 14 16:31:28 2012
elapsed time: 0 seconds

