#
# A fatal error has been detected by the Java Runtime Environment:
#
#  SIGSEGV (0xb) at pc=0x01540259, pid=10164, tid=3077561200
#
# JRE version: 6.0_20-b20
# Java VM: OpenJDK Server VM (19.0-b09 mixed mode linux-x86 )
# Derivative: IcedTea6 1.9.10
# Distribution: Ubuntu 10.04.1 LTS, package 6b20-1.9.10-0ubuntu1~10.04.3
# Problematic frame:
# V  [libjvm.so+0x630259]
#
# If you would like to submit a bug report, please include
# instructions how to reproduce the bug and visit:
#   https://bugs.launchpad.net/ubuntu/+source/openjdk-6/
#

---------------  T H R E A D  ---------------

Current thread (0x09cd1000):  JavaThread "main" [_thread_in_vm, id=10167, stack(0xb76ad000,0xb76fe000)]

siginfo:si_signo=SIGSEGV: si_errno=0, si_code=1 (SEGV_MAPERR), si_addr=0x00000008

Registers:
EAX=0x00000000, EBX=0x0161aff4, ECX=0x00000008, EDX=0x00000008
ESP=0xb76fcef4, EBP=0xb76fcef8, ESI=0xb76fcf5c, EDI=0x00000008
EIP=0x01540259, CR2=0x00000008, EFLAGS=0x00010246

Register to memory mapping:

EAX=0x00000000
0x00000000 is pointing to unknown location

EBX=0x0161aff4
0x0161aff4: <offset 0x70aff4> in /usr/lib/jvm/java-6-openjdk/jre/lib/i386/server/libjvm.so at 0x00f10000

ECX=0x00000008
0x00000008 is pointing to unknown location

EDX=0x00000008
0x00000008 is pointing to unknown location

ESP=0xb76fcef4
0xb76fcef4 is pointing into the stack for thread: 0x09cd1000
"main" prio=10 tid=0x09cd1000 nid=0x27b7 runnable [0xb76fd000]
   java.lang.Thread.State: RUNNABLE

EBP=0xb76fcef8
0xb76fcef8 is pointing into the stack for thread: 0x09cd1000
"main" prio=10 tid=0x09cd1000 nid=0x27b7 runnable [0xb76fd000]
   java.lang.Thread.State: RUNNABLE

ESI=0xb76fcf5c
0xb76fcf5c is pointing into the stack for thread: 0x09cd1000
"main" prio=10 tid=0x09cd1000 nid=0x27b7 runnable [0xb76fd000]
   java.lang.Thread.State: RUNNABLE

EDI=0x00000008
0x00000008 is pointing to unknown location


Top of Stack: (sp=0xb76fcef4)
0xb76fcef4:   b76fcf5c b76fcf38 0129d758 00000008
0xb76fcf04:   811c3550 80fe4b48 0129d73e 09cdb3c8
0xb76fcf14:   0000006f 0026aa42 00000012 523beb0a
0xb76fcf24:   00000000 01580ec8 0161aff4 09cd1000
0xb76fcf34:   01631f90 b76fcf68 0129d7f5 b76fcf5c
0xb76fcf44:   00000008 09cd1000 012adb84 b76fcfac
0xb76fcf54:   09cd1000 0161aff4 0129d7da 0161aff4
0xb76fcf64:   09cd1000 b76fcfc8 012ab732 00000008 

Instructions: (pc=0x01540259)
0x01540249:   5f 5d c3 8d 74 26 00 55 31 c0 89 e5 56 8b 4d 08
0x01540259:   8a 11 84 d2 74 1c 90 81 e2 c0 00 00 00 83 c2 80 

Stack: [0xb76ad000,0xb76fe000],  sp=0xb76fcef4,  free space=319k
Native frames: (J=compiled Java code, j=interpreted, Vv=VM code, C=native code)
V  [libjvm.so+0x630259]
V  [libjvm.so+0x38d758]
V  [libjvm.so+0x38d7f5]
V  [libjvm.so+0x39b732]
C  [libvminfo.so+0x895]  Java_FileAccess_VMInfo_fillInfo+0xb4
j  FileAccess.VMInfo.fillInfo()V+0
j  FileAccess.VMInfo.main([Ljava/lang/String;)V+9
v  ~StubRoutines::call_stub
V  [libjvm.so+0x387d72]
V  [libjvm.so+0x519369]
V  [libjvm.so+0x386caf]
V  [libjvm.so+0x39214c]
V  [libjvm.so+0x3a11ad]
C  [java+0x321d]  JavaMain+0xd4d
C  [libpthread.so.0+0x596e]

Java frames: (J=compiled Java code, j=interpreted, Vv=VM code)
j  FileAccess.VMInfo.fillInfo()V+0
j  FileAccess.VMInfo.main([Ljava/lang/String;)V+9
v  ~StubRoutines::call_stub

---------------  P R O C E S S  ---------------

Java Threads: ( => current thread )
  0x09d74400 JavaThread "Low Memory Detector" daemon [_thread_blocked, id=10177, stack(0x8062e000,0x8067f000)]
  0x09d72800 JavaThread "CompilerThread1" daemon [_thread_blocked, id=10176, stack(0x8067f000,0x80700000)]
  0x09d70800 JavaThread "CompilerThread0" daemon [_thread_blocked, id=10175, stack(0x8081d000,0x8089e000)]
  0x09d6f400 JavaThread "Signal Dispatcher" daemon [_thread_blocked, id=10174, stack(0x8089e000,0x808ef000)]
  0x09d5c000 JavaThread "Finalizer" daemon [_thread_blocked, id=10173, stack(0x8092e000,0x8097f000)]
  0x09d5ac00 JavaThread "Reference Handler" daemon [_thread_blocked, id=10172, stack(0x8097f000,0x809d0000)]
=>0x09cd1000 JavaThread "main" [_thread_in_vm, id=10167, stack(0xb76ad000,0xb76fe000)]

Other Threads:
  0x09d56c00 VMThread [stack: 0x809d0000,0x80a51000] [id=10171]
  0x09d76400 WatcherThread [stack: 0x805ad000,0x8062e000] [id=10178]

VM state:not at safepoint (normal execution)

VM Mutex/Monitor currently owned by a thread: None

Heap
 PSYoungGen      total 12992K, used 448K [0xa5e90000, 0xa6d00000, 0xb45e0000)
  eden space 11200K, 4% used [0xa5e90000,0xa5f00060,0xa6980000)
  from space 1792K, 0% used [0xa6b40000,0xa6b40000,0xa6d00000)
  to   space 1792K, 0% used [0xa6980000,0xa6980000,0xa6b40000)
 PSOldGen        total 29568K, used 0K [0x88fe0000, 0x8acc0000, 0xa5e90000)
  object space 29568K, 0% used [0x88fe0000,0x88fe0000,0x8acc0000)
 PSPermGen       total 16384K, used 1939K [0x80fe0000, 0x81fe0000, 0x88fe0000)
  object space 16384K, 11% used [0x80fe0000,0x811c4ef0,0x81fe0000)

Dynamic libraries:
00110000-00263000 r-xp 00000000 08:05 527197     /lib/tls/i686/cmov/libc-2.11.1.so
00263000-00264000 ---p 00153000 08:05 527197     /lib/tls/i686/cmov/libc-2.11.1.so
00264000-00266000 r--p 00153000 08:05 527197     /lib/tls/i686/cmov/libc-2.11.1.so
00266000-00267000 rw-p 00155000 08:05 527197     /lib/tls/i686/cmov/libc-2.11.1.so
00267000-0026a000 rw-p 00000000 00:00 0 
0026a000-0026b000 r-xp 00000000 08:05 1592433    /usr/lib/libvminfo.so
0026b000-0026c000 r--p 00000000 08:05 1592433    /usr/lib/libvminfo.so
0026c000-0026d000 rw-p 00001000 08:05 1592433    /usr/lib/libvminfo.so
00273000-0027d000 r-xp 00000000 08:05 527214     /lib/tls/i686/cmov/libnss_files-2.11.1.so
0027d000-0027e000 r--p 00009000 08:05 527214     /lib/tls/i686/cmov/libnss_files-2.11.1.so
0027e000-0027f000 rw-p 0000a000 08:05 527214     /lib/tls/i686/cmov/libnss_files-2.11.1.so
0028b000-00292000 r-xp 00000000 08:05 1586226    /usr/lib/jvm/java-6-openjdk/jre/lib/i386/libzip.so
00292000-00293000 r--p 00006000 08:05 1586226    /usr/lib/jvm/java-6-openjdk/jre/lib/i386/libzip.so
00293000-00294000 rw-p 00007000 08:05 1586226    /usr/lib/jvm/java-6-openjdk/jre/lib/i386/libzip.so
00442000-0044a000 r-xp 00000000 08:05 527218     /lib/tls/i686/cmov/libnss_nis-2.11.1.so
0044a000-0044b000 r--p 00007000 08:05 527218     /lib/tls/i686/cmov/libnss_nis-2.11.1.so
0044b000-0044c000 rw-p 00008000 08:05 527218     /lib/tls/i686/cmov/libnss_nis-2.11.1.so
005fe000-00605000 r-xp 00000000 08:05 1586228    /usr/lib/jvm/java-6-openjdk/jre/lib/i386/native_threads/libhpi.so
00605000-00606000 r--p 00006000 08:05 1586228    /usr/lib/jvm/java-6-openjdk/jre/lib/i386/native_threads/libhpi.so
00606000-00607000 rw-p 00007000 08:05 1586228    /usr/lib/jvm/java-6-openjdk/jre/lib/i386/native_threads/libhpi.so
0062e000-00641000 r-xp 00000000 08:05 527208     /lib/tls/i686/cmov/libnsl-2.11.1.so
00641000-00642000 r--p 00012000 08:05 527208     /lib/tls/i686/cmov/libnsl-2.11.1.so
00642000-00643000 rw-p 00013000 08:05 527208     /lib/tls/i686/cmov/libnsl-2.11.1.so
00643000-00645000 rw-p 00000000 00:00 0 
007a2000-007b5000 r-xp 00000000 08:05 523463     /lib/libz.so.1.2.3.3
007b5000-007b6000 r--p 00012000 08:05 523463     /lib/libz.so.1.2.3.3
007b6000-007b7000 rw-p 00013000 08:05 523463     /lib/libz.so.1.2.3.3
007f1000-0080c000 r-xp 00000000 08:05 523290     /lib/ld-2.11.1.so
0080c000-0080d000 r--p 0001a000 08:05 523290     /lib/ld-2.11.1.so
0080d000-0080e000 rw-p 0001b000 08:05 523290     /lib/ld-2.11.1.so
00924000-00925000 r-xp 00000000 00:00 0          [vdso]
009e2000-009f7000 r-xp 00000000 08:05 527223     /lib/tls/i686/cmov/libpthread-2.11.1.so
009f7000-009f8000 r--p 00014000 08:05 527223     /lib/tls/i686/cmov/libpthread-2.11.1.so
009f8000-009f9000 rw-p 00015000 08:05 527223     /lib/tls/i686/cmov/libpthread-2.11.1.so
009f9000-009fb000 rw-p 00000000 00:00 0 
00a15000-00a21000 r-xp 00000000 08:05 1586225    /usr/lib/jvm/java-6-openjdk/jre/lib/i386/libverify.so
00a21000-00a22000 r--p 0000b000 08:05 1586225    /usr/lib/jvm/java-6-openjdk/jre/lib/i386/libverify.so
00a22000-00a23000 rw-p 0000c000 08:05 1586225    /usr/lib/jvm/java-6-openjdk/jre/lib/i386/libverify.so
00aee000-00af1000 r-xp 00000000 08:05 1586197    /usr/lib/jvm/java-6-openjdk/jre/lib/i386/jli/libjli.so
00af1000-00af2000 r--p 00003000 08:05 1586197    /usr/lib/jvm/java-6-openjdk/jre/lib/i386/jli/libjli.so
00af2000-00af3000 rw-p 00004000 08:05 1586197    /usr/lib/jvm/java-6-openjdk/jre/lib/i386/jli/libjli.so
00b88000-00b8f000 r-xp 00000000 08:05 527227     /lib/tls/i686/cmov/librt-2.11.1.so
00b8f000-00b90000 r--p 00006000 08:05 527227     /lib/tls/i686/cmov/librt-2.11.1.so
00b90000-00b91000 rw-p 00007000 08:05 527227     /lib/tls/i686/cmov/librt-2.11.1.so
00d9b000-00dbf000 r-xp 00000000 08:05 1586209    /usr/lib/jvm/java-6-openjdk/jre/lib/i386/libjava.so
00dbf000-00dc0000 r--p 00023000 08:05 1586209    /usr/lib/jvm/java-6-openjdk/jre/lib/i386/libjava.so
00dc0000-00dc2000 rw-p 00024000 08:05 1586209    /usr/lib/jvm/java-6-openjdk/jre/lib/i386/libjava.so
00dda000-00dfe000 r-xp 00000000 08:05 527205     /lib/tls/i686/cmov/libm-2.11.1.so
00dfe000-00dff000 r--p 00023000 08:05 527205     /lib/tls/i686/cmov/libm-2.11.1.so
00dff000-00e00000 rw-p 00024000 08:05 527205     /lib/tls/i686/cmov/libm-2.11.1.so
00e5f000-00e65000 r-xp 00000000 08:05 527210     /lib/tls/i686/cmov/libnss_compat-2.11.1.so
00e65000-00e66000 r--p 00006000 08:05 527210     /lib/tls/i686/cmov/libnss_compat-2.11.1.so
00e66000-00e67000 rw-p 00007000 08:05 527210     /lib/tls/i686/cmov/libnss_compat-2.11.1.so
00f0c000-00f0e000 r-xp 00000000 08:05 527203     /lib/tls/i686/cmov/libdl-2.11.1.so
00f0e000-00f0f000 r--p 00001000 08:05 527203     /lib/tls/i686/cmov/libdl-2.11.1.so
00f0f000-00f10000 rw-p 00002000 08:05 527203     /lib/tls/i686/cmov/libdl-2.11.1.so
00f10000-015d5000 r-xp 00000000 08:05 1586230    /usr/lib/jvm/java-6-openjdk/jre/lib/i386/server/libjvm.so
015d5000-015d6000 ---p 006c5000 08:05 1586230    /usr/lib/jvm/java-6-openjdk/jre/lib/i386/server/libjvm.so
015d6000-0161b000 r--p 006c5000 08:05 1586230    /usr/lib/jvm/java-6-openjdk/jre/lib/i386/server/libjvm.so
0161b000-0162a000 rw-p 0070a000 08:05 1586230    /usr/lib/jvm/java-6-openjdk/jre/lib/i386/server/libjvm.so
0162a000-01a49000 rw-p 00000000 00:00 0 
08048000-08051000 r-xp 00000000 08:05 1586258    /usr/lib/jvm/java-6-openjdk/jre/bin/java
08051000-08052000 r--p 00008000 08:05 1586258    /usr/lib/jvm/java-6-openjdk/jre/bin/java
08052000-08053000 rw-p 00009000 08:05 1586258    /usr/lib/jvm/java-6-openjdk/jre/bin/java
09cca000-09db1000 rw-p 00000000 00:00 0          [heap]
805ad000-805ae000 ---p 00000000 00:00 0 
805ae000-8062e000 rw-p 00000000 00:00 0 
8062e000-80631000 ---p 00000000 00:00 0 
80631000-8067f000 rw-p 00000000 00:00 0 
8067f000-80682000 ---p 00000000 00:00 0 
80682000-80700000 rw-p 00000000 00:00 0 
80700000-80721000 rw-p 00000000 00:00 0 
80721000-80800000 ---p 00000000 00:00 0 
8081d000-80820000 ---p 00000000 00:00 0 
80820000-8089e000 rw-p 00000000 00:00 0 
8089e000-808a1000 ---p 00000000 00:00 0 
808a1000-808ef000 rw-p 00000000 00:00 0 
808ef000-8092e000 r--p 00000000 08:05 1577945    /usr/lib/locale/en_IN/LC_CTYPE
8092e000-80931000 ---p 00000000 00:00 0 
80931000-8097f000 rw-p 00000000 00:00 0 
8097f000-80982000 ---p 00000000 00:00 0 
80982000-809d0000 rw-p 00000000 00:00 0 
809d0000-809d1000 ---p 00000000 00:00 0 
809d1000-80a51000 rw-p 00000000 00:00 0 
80a51000-80a53000 r--s 0001d000 08:05 1577596    /usr/lib/jvm/java-6-openjdk/jre/lib/plugin.jar
80a53000-80a58000 r--s 00045000 08:05 1577595    /usr/lib/jvm/java-6-openjdk/jre/lib/netx.jar
80a58000-80a8b000 rw-p 00000000 00:00 0 
80a8b000-80c1a000 r--s 038c4000 08:05 1586189    /usr/lib/jvm/java-6-openjdk/jre/lib/rt.jar
80c1a000-80c1b000 ---p 00000000 00:00 0 
80c1b000-80c9b000 rw-p 00000000 00:00 0 
80c9b000-80c9c000 ---p 00000000 00:00 0 
80c9c000-80d24000 rw-p 00000000 00:00 0 
80d24000-80d5c000 rw-p 00000000 00:00 0 
80d5c000-80d6b000 rw-p 00000000 00:00 0 
80d6b000-80e44000 rw-p 00000000 00:00 0 
80e44000-80e4c000 rw-p 00000000 00:00 0 
80e4c000-80e84000 rw-p 00000000 00:00 0 
80e84000-80e93000 rw-p 00000000 00:00 0 
80e93000-80f6b000 rw-p 00000000 00:00 0 
80f6b000-80f73000 rw-p 00000000 00:00 0 
80f73000-80fdf000 rw-p 00000000 00:00 0 
80fdf000-81fe0000 rw-p 00000000 00:00 0 
81fe0000-88fe0000 rw-p 00000000 00:00 0 
88fe0000-8acc0000 rw-p 00000000 00:00 0 
8acc0000-a5e90000 rw-p 00000000 00:00 0 
a5e90000-a6d00000 rw-p 00000000 00:00 0 
a6d00000-b45e0000 rw-p 00000000 00:00 0 
b45e2000-b45e4000 rw-p 00000000 00:00 0 
b45e4000-b45ed000 r--s 00065000 08:05 6219       /usr/share/java/gnome-java-bridge.jar
b45ed000-b45f6000 rw-p 00000000 00:00 0 
b45f6000-b46ad000 rw-p 00000000 00:00 0 
b46ad000-b48ed000 rwxp 00000000 00:00 0 
b48ed000-b76ad000 rw-p 00000000 00:00 0 
b76ad000-b76b0000 ---p 00000000 00:00 0 
b76b0000-b7701000 rw-p 00000000 00:00 0 
b7706000-b7709000 r--s 0000f000 08:05 1577575    /usr/lib/jvm/java-6-openjdk/jre/lib/ext/pulse-java.jar
b7709000-b7711000 rw-s 00000000 08:05 663897     /tmp/hsperfdata_root/10164
b7711000-b7712000 rw-p 00000000 00:00 0 
b7712000-b7713000 r--p 00000000 00:00 0 
b7713000-b7715000 rw-p 00000000 00:00 0 
bfc29000-bfc3e000 rw-p 00000000 00:00 0          [stack]

VM Arguments:
jvm_args: -Dfile.encoding=UTF-8 
java_command: FileAccess.VMInfo
Launcher Type: SUN_STANDARD

Environment Variables:
PATH=/usr/local/sbin:/usr/local/bin:/usr/sbin:/usr/bin:/sbin:/bin:/usr/games
USERNAME=root
LD_LIBRARY_PATH=/usr/lib/jvm/java-6-openjdk/jre/lib/i386/server:/usr/lib/jvm/java-6-openjdk/jre/lib/i386:/usr/lib/jvm/java-6-openjdk/jre/../lib/i386:/usr/lib/jvm/java-6-openjdk/jre/lib/i386/client:/usr/lib/jvm/java-6-openjdk/jre/lib/i386:/usr/lib/jvm/java-6-openjdk/jre/../lib/i386
SHELL=/bin/bash
DISPLAY=:0.0

Signal Handlers:
SIGSEGV: [libjvm.so+0x64a040], sa_mask[0]=0x7ffbfeff, sa_flags=0x10000004
SIGBUS: [libjvm.so+0x64a040], sa_mask[0]=0x7ffbfeff, sa_flags=0x10000004
SIGFPE: [libjvm.so+0x51c0d0], sa_mask[0]=0x7ffbfeff, sa_flags=0x10000004
SIGPIPE: [libjvm.so+0x51c0d0], sa_mask[0]=0x7ffbfeff, sa_flags=0x10000004
SIGXFSZ: [libjvm.so+0x51c0d0], sa_mask[0]=0x7ffbfeff, sa_flags=0x10000004
SIGILL: [libjvm.so+0x51c0d0], sa_mask[0]=0x7ffbfeff, sa_flags=0x10000004
SIGUSR1: SIG_DFL, sa_mask[0]=0x00000000, sa_flags=0x00000000
SIGUSR2: [libjvm.so+0x51b780], sa_mask[0]=0x00000004, sa_flags=0x10000004
SIGHUP: [libjvm.so+0x51e2f0], sa_mask[0]=0x7ffbfeff, sa_flags=0x10000004
SIGINT: SIG_IGN, sa_mask[0]=0x00000000, sa_flags=0x00000000
SIGTERM: [libjvm.so+0x51e2f0], sa_mask[0]=0x7ffbfeff, sa_flags=0x10000004
SIGQUIT: [libjvm.so+0x51e2f0], sa_mask[0]=0x7ffbfeff, sa_flags=0x10000004


---------------  S Y S T E M  ---------------

OS:Ubuntu 10.04 (lucid)
uname:Linux 2.6.32-33-generic #70-Ubuntu SMP Thu Jul 7 21:09:46 UTC 2011 i686
libc:glibc 2.11.1 NPTL 2.11.1 
rlimit: STACK 8192k, CORE 0k, NPROC infinity, NOFILE 1024, AS infinity
load average:0.58 0.72 0.75

/proc/meminfo:
MemTotal:        2836956 kB
MemFree:         1577512 kB
Buffers:           52968 kB
Cached:           406060 kB
SwapCached:       108168 kB
Active:           353412 kB
Inactive:         811860 kB
Active(anon):     136120 kB
Inactive(anon):   577872 kB
Active(file):     217292 kB
Inactive(file):   233988 kB
Unevictable:           0 kB
Mlocked:               0 kB
HighTotal:       1973064 kB
HighFree:         819148 kB
LowTotal:         863892 kB
LowFree:          758364 kB
SwapTotal:       3234808 kB
SwapFree:        3059064 kB
Dirty:               272 kB
Writeback:             0 kB
AnonPages:        630692 kB
Mapped:           120308 kB
Shmem:              7684 kB
Slab:              25324 kB
SReclaimable:      13736 kB
SUnreclaim:        11588 kB
KernelStack:        2888 kB
PageTables:         7200 kB
NFS_Unstable:          0 kB
Bounce:                0 kB
WritebackTmp:          0 kB
CommitLimit:     4653284 kB
Committed_AS:    1807424 kB
VmallocTotal:     122880 kB
VmallocUsed:       73304 kB
VmallocChunk:      27796 kB
HardwareCorrupted:     0 kB
HugePages_Total:       0
HugePages_Free:        0
HugePages_Rsvd:        0
HugePages_Surp:        0
Hugepagesize:       4096 kB
DirectMap4k:       12280 kB
DirectMap4M:      897024 kB


CPU:total 2 (2 cores per cpu, 1 threads per core) family 17 model 3 stepping 1, cmov, cx8, fxsr, mmx, sse, sse2, sse3, mmxext, 3dnow, 3dnowext

Memory: 4k page, physical 2836956k(1577512k free), swap 3234808k(3059064k free)

vm_info: OpenJDK Server VM (19.0-b09) for linux-x86 JRE (1.6.0_20-b20), built on Jan 21 2012 08:10:55 by "buildd" with gcc 4.4.3

time: Fri Mar 23 01:00:41 2012
elapsed time: 0 seconds

