#
# A fatal error has been detected by the Java Runtime Environment:
#
#  SIGSEGV (0xb) at pc=0x01068777, pid=2696, tid=3077770096
#
# JRE version: 6.0_20-b20
# Java VM: OpenJDK Server VM (19.0-b09 mixed mode linux-x86 )
# Derivative: IcedTea6 1.9.10
# Distribution: Ubuntu 10.04.1 LTS, package 6b20-1.9.10-0ubuntu1~10.04.3
# Problematic frame:
# V  [libjvm.so+0x392777]
#
# If you would like to submit a bug report, please include
# instructions how to reproduce the bug and visit:
#   https://bugs.launchpad.net/ubuntu/+source/openjdk-6/
#

---------------  T H R E A D  ---------------

Current thread (0x08811000):  JavaThread "main" [_thread_in_vm, id=2699, stack(0xb76e0000,0xb7731000)]

siginfo:si_signo=SIGSEGV: si_errno=0, si_code=1 (SEGV_MAPERR), si_addr=0x00000000

Registers:
EAX=0x01082a00, EBX=0x013e0ff4, ECX=0x08811894, EDX=0xb772ff70
ESP=0xb772fe70, EBP=0xb772ff38, ESI=0x00000000, EDI=0x0880f998
EIP=0x01068777, CR2=0x00000000, EFLAGS=0x00010203

Register to memory mapping:

EAX=0x01082a00
0x01082a00: <offset 0x3aca00> in /usr/lib/jvm/java-6-openjdk/jre/lib/i386/server/libjvm.so at 0x00cd6000

EBX=0x013e0ff4
0x013e0ff4: <offset 0x70aff4> in /usr/lib/jvm/java-6-openjdk/jre/lib/i386/server/libjvm.so at 0x00cd6000

ECX=0x08811894
0x08811894 is pointing to unknown location

EDX=0xb772ff70
0xb772ff70 is pointing into the stack for thread: 0x08811000
"main" prio=10 tid=0x08811000 nid=0xa8b runnable [0xb7730000]
   java.lang.Thread.State: RUNNABLE

ESP=0xb772fe70
0xb772fe70 is pointing into the stack for thread: 0x08811000
"main" prio=10 tid=0x08811000 nid=0xa8b runnable [0xb7730000]
   java.lang.Thread.State: RUNNABLE

EBP=0xb772ff38
0xb772ff38 is pointing into the stack for thread: 0x08811000
"main" prio=10 tid=0x08811000 nid=0xa8b runnable [0xb7730000]
   java.lang.Thread.State: RUNNABLE

ESI=0x00000000
0x00000000 is pointing to unknown location

EDI=0x0880f998
0x0880f998 is pointing to unknown location


Top of Stack: (sp=0xb772fe70)
0xb772fe70:   00000080 088c86d0 0000001f 00000006
0xb772fe80:   00000000 00000000 08811118 08811488
0xb772fe90:   08811874 01082a00 b772feb8 b772feb8
0xb772fea0:   b772ff9c 08811480 08811894 01082d27
0xb772feb0:   088118a0 0881189c 0880f9e0 08811894
0xb772fec0:   81205130 812038c0 81024478 08811898
0xb772fed0:   014c0ff4 08839ddc b772ff08 013e01f4
0xb772fee0:   08811000 00118b2f b772febc b772fedd 

Instructions: (pc=0x01068777)
0x01068767:   55 14 89 45 b8 8b 02 8b 40 50 89 85 5c ff ff ff
0x01068777:   8b 06 52 8b 50 08 8b 40 0c 66 8b 52 2a 81 e2 ff 

Stack: [0xb76e0000,0xb7731000],  sp=0xb772fe70,  free space=319k
Native frames: (J=compiled Java code, j=interpreted, Vv=VM code, C=native code)
V  [libjvm.so+0x392777]
V  [libjvm.so+0x3aac7f]
C  [libvminfo.so+0x9d3]  Java_FileAccess_VMInfo_fillInfo+0x2d1
j  FileAccess.VMInfo.fillInfo()V+0
j  FileAccess.VMInfo.main([Ljava/lang/String;)V+9
v  ~StubRoutines::call_stub
V  [libjvm.so+0x387d72]
V  [libjvm.so+0x519369]
V  [libjvm.so+0x386caf]
V  [libjvm.so+0x39214c]
V  [libjvm.so+0x3a11ad]
C  [java+0x321d]  JavaMain+0xd4d
C  [libpthread.so.0+0x596e]

Java frames: (J=compiled Java code, j=interpreted, Vv=VM code)
j  FileAccess.VMInfo.fillInfo()V+0
j  FileAccess.VMInfo.main([Ljava/lang/String;)V+9
v  ~StubRoutines::call_stub

---------------  P R O C E S S  ---------------

Java Threads: ( => current thread )
  0x088b6000 JavaThread "Low Memory Detector" daemon [_thread_blocked, id=2709, stack(0x8078b000,0x807dc000)]
  0x088b2800 JavaThread "CompilerThread1" daemon [_thread_blocked, id=2708, stack(0x807dc000,0x8085d000)]
  0x088b0800 JavaThread "CompilerThread0" daemon [_thread_blocked, id=2707, stack(0x8085d000,0x808de000)]
  0x088af000 JavaThread "Signal Dispatcher" daemon [_thread_blocked, id=2706, stack(0x808de000,0x8092f000)]
  0x0889c000 JavaThread "Finalizer" daemon [_thread_blocked, id=2705, stack(0x8096e000,0x809bf000)]
  0x0889ac00 JavaThread "Reference Handler" daemon [_thread_blocked, id=2704, stack(0x809bf000,0x80a10000)]
=>0x08811000 JavaThread "main" [_thread_in_vm, id=2699, stack(0xb76e0000,0xb7731000)]

Other Threads:
  0x08896c00 VMThread [stack: 0x80a10000,0x80a91000] [id=2703]
  0x088b7c00 WatcherThread [stack: 0x8070a000,0x8078b000] [id=2710]

VM state:not at safepoint (normal execution)

VM Mutex/Monitor currently owned by a thread: None

Heap
 PSYoungGen      total 12992K, used 448K [0xa5ed0000, 0xa6d40000, 0xb4620000)
  eden space 11200K, 4% used [0xa5ed0000,0xa5f40060,0xa69c0000)
  from space 1792K, 0% used [0xa6b80000,0xa6b80000,0xa6d40000)
  to   space 1792K, 0% used [0xa69c0000,0xa69c0000,0xa6b80000)
 PSOldGen        total 29568K, used 0K [0x89020000, 0x8ad00000, 0xa5ed0000)
  object space 29568K, 0% used [0x89020000,0x89020000,0x8ad00000)
 PSPermGen       total 16384K, used 1941K [0x81020000, 0x82020000, 0x89020000)
  object space 16384K, 11% used [0x81020000,0x81205490,0x82020000)

Dynamic libraries:
00110000-00116000 r-xp 00000000 08:05 527210     /lib/tls/i686/cmov/libnss_compat-2.11.1.so
00116000-00117000 r--p 00006000 08:05 527210     /lib/tls/i686/cmov/libnss_compat-2.11.1.so
00117000-00118000 rw-p 00007000 08:05 527210     /lib/tls/i686/cmov/libnss_compat-2.11.1.so
00118000-00119000 r-xp 00000000 08:05 1592433    /usr/lib/libvminfo.so
00119000-0011a000 r--p 00000000 08:05 1592433    /usr/lib/libvminfo.so
0011a000-0011b000 rw-p 00001000 08:05 1592433    /usr/lib/libvminfo.so
0011e000-00142000 r-xp 00000000 08:05 527205     /lib/tls/i686/cmov/libm-2.11.1.so
00142000-00143000 r--p 00023000 08:05 527205     /lib/tls/i686/cmov/libm-2.11.1.so
00143000-00144000 rw-p 00024000 08:05 527205     /lib/tls/i686/cmov/libm-2.11.1.so
00144000-0014c000 r-xp 00000000 08:05 527218     /lib/tls/i686/cmov/libnss_nis-2.11.1.so
0014c000-0014d000 r--p 00007000 08:05 527218     /lib/tls/i686/cmov/libnss_nis-2.11.1.so
0014d000-0014e000 rw-p 00008000 08:05 527218     /lib/tls/i686/cmov/libnss_nis-2.11.1.so
0015b000-00167000 r-xp 00000000 08:05 1586225    /usr/lib/jvm/java-6-openjdk/jre/lib/i386/libverify.so
00167000-00168000 r--p 0000b000 08:05 1586225    /usr/lib/jvm/java-6-openjdk/jre/lib/i386/libverify.so
00168000-00169000 rw-p 0000c000 08:05 1586225    /usr/lib/jvm/java-6-openjdk/jre/lib/i386/libverify.so
00186000-00199000 r-xp 00000000 08:05 523463     /lib/libz.so.1.2.3.3
00199000-0019a000 r--p 00012000 08:05 523463     /lib/libz.so.1.2.3.3
0019a000-0019b000 rw-p 00013000 08:05 523463     /lib/libz.so.1.2.3.3
001a3000-001a4000 r-xp 00000000 00:00 0          [vdso]
001a4000-001c8000 r-xp 00000000 08:05 1586209    /usr/lib/jvm/java-6-openjdk/jre/lib/i386/libjava.so
001c8000-001c9000 r--p 00023000 08:05 1586209    /usr/lib/jvm/java-6-openjdk/jre/lib/i386/libjava.so
001c9000-001cb000 rw-p 00024000 08:05 1586209    /usr/lib/jvm/java-6-openjdk/jre/lib/i386/libjava.so
00269000-00273000 r-xp 00000000 08:05 527214     /lib/tls/i686/cmov/libnss_files-2.11.1.so
00273000-00274000 r--p 00009000 08:05 527214     /lib/tls/i686/cmov/libnss_files-2.11.1.so
00274000-00275000 rw-p 0000a000 08:05 527214     /lib/tls/i686/cmov/libnss_files-2.11.1.so
0036e000-00383000 r-xp 00000000 08:05 527223     /lib/tls/i686/cmov/libpthread-2.11.1.so
00383000-00384000 r--p 00014000 08:05 527223     /lib/tls/i686/cmov/libpthread-2.11.1.so
00384000-00385000 rw-p 00015000 08:05 527223     /lib/tls/i686/cmov/libpthread-2.11.1.so
00385000-00387000 rw-p 00000000 00:00 0 
00460000-00467000 r-xp 00000000 08:05 1586228    /usr/lib/jvm/java-6-openjdk/jre/lib/i386/native_threads/libhpi.so
00467000-00468000 r--p 00006000 08:05 1586228    /usr/lib/jvm/java-6-openjdk/jre/lib/i386/native_threads/libhpi.so
00468000-00469000 rw-p 00007000 08:05 1586228    /usr/lib/jvm/java-6-openjdk/jre/lib/i386/native_threads/libhpi.so
006aa000-006bd000 r-xp 00000000 08:05 527208     /lib/tls/i686/cmov/libnsl-2.11.1.so
006bd000-006be000 r--p 00012000 08:05 527208     /lib/tls/i686/cmov/libnsl-2.11.1.so
006be000-006bf000 rw-p 00013000 08:05 527208     /lib/tls/i686/cmov/libnsl-2.11.1.so
006bf000-006c1000 rw-p 00000000 00:00 0 
00762000-00765000 r-xp 00000000 08:05 1586197    /usr/lib/jvm/java-6-openjdk/jre/lib/i386/jli/libjli.so
00765000-00766000 r--p 00003000 08:05 1586197    /usr/lib/jvm/java-6-openjdk/jre/lib/i386/jli/libjli.so
00766000-00767000 rw-p 00004000 08:05 1586197    /usr/lib/jvm/java-6-openjdk/jre/lib/i386/jli/libjli.so
0089d000-009f0000 r-xp 00000000 08:05 527197     /lib/tls/i686/cmov/libc-2.11.1.so
009f0000-009f1000 ---p 00153000 08:05 527197     /lib/tls/i686/cmov/libc-2.11.1.so
009f1000-009f3000 r--p 00153000 08:05 527197     /lib/tls/i686/cmov/libc-2.11.1.so
009f3000-009f4000 rw-p 00155000 08:05 527197     /lib/tls/i686/cmov/libc-2.11.1.so
009f4000-009f7000 rw-p 00000000 00:00 0 
00a12000-00a19000 r-xp 00000000 08:05 1586226    /usr/lib/jvm/java-6-openjdk/jre/lib/i386/libzip.so
00a19000-00a1a000 r--p 00006000 08:05 1586226    /usr/lib/jvm/java-6-openjdk/jre/lib/i386/libzip.so
00a1a000-00a1b000 rw-p 00007000 08:05 1586226    /usr/lib/jvm/java-6-openjdk/jre/lib/i386/libzip.so
00a5f000-00a66000 r-xp 00000000 08:05 527227     /lib/tls/i686/cmov/librt-2.11.1.so
00a66000-00a67000 r--p 00006000 08:05 527227     /lib/tls/i686/cmov/librt-2.11.1.so
00a67000-00a68000 rw-p 00007000 08:05 527227     /lib/tls/i686/cmov/librt-2.11.1.so
00c25000-00c27000 r-xp 00000000 08:05 527203     /lib/tls/i686/cmov/libdl-2.11.1.so
00c27000-00c28000 r--p 00001000 08:05 527203     /lib/tls/i686/cmov/libdl-2.11.1.so
00c28000-00c29000 rw-p 00002000 08:05 527203     /lib/tls/i686/cmov/libdl-2.11.1.so
00cb9000-00cd4000 r-xp 00000000 08:05 523290     /lib/ld-2.11.1.so
00cd4000-00cd5000 r--p 0001a000 08:05 523290     /lib/ld-2.11.1.so
00cd5000-00cd6000 rw-p 0001b000 08:05 523290     /lib/ld-2.11.1.so
00cd6000-0139b000 r-xp 00000000 08:05 1586230    /usr/lib/jvm/java-6-openjdk/jre/lib/i386/server/libjvm.so
0139b000-0139c000 ---p 006c5000 08:05 1586230    /usr/lib/jvm/java-6-openjdk/jre/lib/i386/server/libjvm.so
0139c000-013e1000 r--p 006c5000 08:05 1586230    /usr/lib/jvm/java-6-openjdk/jre/lib/i386/server/libjvm.so
013e1000-013f0000 rw-p 0070a000 08:05 1586230    /usr/lib/jvm/java-6-openjdk/jre/lib/i386/server/libjvm.so
013f0000-0180f000 rw-p 00000000 00:00 0 
08048000-08051000 r-xp 00000000 08:05 1586258    /usr/lib/jvm/java-6-openjdk/jre/bin/java
08051000-08052000 r--p 00008000 08:05 1586258    /usr/lib/jvm/java-6-openjdk/jre/bin/java
08052000-08053000 rw-p 00009000 08:05 1586258    /usr/lib/jvm/java-6-openjdk/jre/bin/java
0880a000-088d8000 rw-p 00000000 00:00 0          [heap]
80701000-8070a000 r--s 00065000 08:05 6219       /usr/share/java/gnome-java-bridge.jar
8070a000-8070b000 ---p 00000000 00:00 0 
8070b000-8078b000 rw-p 00000000 00:00 0 
8078b000-8078e000 ---p 00000000 00:00 0 
8078e000-807dc000 rw-p 00000000 00:00 0 
807dc000-807df000 ---p 00000000 00:00 0 
807df000-8085d000 rw-p 00000000 00:00 0 
8085d000-80860000 ---p 00000000 00:00 0 
80860000-808de000 rw-p 00000000 00:00 0 
808de000-808e1000 ---p 00000000 00:00 0 
808e1000-8092f000 rw-p 00000000 00:00 0 
8092f000-8096e000 r--p 00000000 08:05 1577945    /usr/lib/locale/en_IN/LC_CTYPE
8096e000-80971000 ---p 00000000 00:00 0 
80971000-809bf000 rw-p 00000000 00:00 0 
809bf000-809c2000 ---p 00000000 00:00 0 
809c2000-80a10000 rw-p 00000000 00:00 0 
80a10000-80a11000 ---p 00000000 00:00 0 
80a11000-80a91000 rw-p 00000000 00:00 0 
80a91000-80a93000 r--s 0001d000 08:05 1577596    /usr/lib/jvm/java-6-openjdk/jre/lib/plugin.jar
80a93000-80a98000 r--s 00045000 08:05 1577595    /usr/lib/jvm/java-6-openjdk/jre/lib/netx.jar
80a98000-80acb000 rw-p 00000000 00:00 0 
80acb000-80c5a000 r--s 038c4000 08:05 1586189    /usr/lib/jvm/java-6-openjdk/jre/lib/rt.jar
80c5a000-80c5b000 ---p 00000000 00:00 0 
80c5b000-80cdb000 rw-p 00000000 00:00 0 
80cdb000-80cdc000 ---p 00000000 00:00 0 
80cdc000-80d64000 rw-p 00000000 00:00 0 
80d64000-80d9c000 rw-p 00000000 00:00 0 
80d9c000-80dab000 rw-p 00000000 00:00 0 
80dab000-80e84000 rw-p 00000000 00:00 0 
80e84000-80e8c000 rw-p 00000000 00:00 0 
80e8c000-80ec4000 rw-p 00000000 00:00 0 
80ec4000-80ed3000 rw-p 00000000 00:00 0 
80ed3000-80fab000 rw-p 00000000 00:00 0 
80fab000-80fb3000 rw-p 00000000 00:00 0 
80fb3000-8101f000 rw-p 00000000 00:00 0 
8101f000-82020000 rw-p 00000000 00:00 0 
82020000-89020000 rw-p 00000000 00:00 0 
89020000-8ad00000 rw-p 00000000 00:00 0 
8ad00000-a5ed0000 rw-p 00000000 00:00 0 
a5ed0000-a6d40000 rw-p 00000000 00:00 0 
a6d40000-b4620000 rw-p 00000000 00:00 0 
b4620000-b4629000 rw-p 00000000 00:00 0 
b4629000-b46e0000 rw-p 00000000 00:00 0 
b46e0000-b4920000 rwxp 00000000 00:00 0 
b4920000-b76e0000 rw-p 00000000 00:00 0 
b76e0000-b76e3000 ---p 00000000 00:00 0 
b76e3000-b7734000 rw-p 00000000 00:00 0 
b7737000-b7739000 rw-p 00000000 00:00 0 
b7739000-b773c000 r--s 0000f000 08:05 1577575    /usr/lib/jvm/java-6-openjdk/jre/lib/ext/pulse-java.jar
b773c000-b7744000 rw-s 00000000 08:05 663932     /tmp/hsperfdata_root/2696
b7744000-b7745000 rw-p 00000000 00:00 0 
b7745000-b7746000 r--p 00000000 00:00 0 
b7746000-b7748000 rw-p 00000000 00:00 0 
bf877000-bf88c000 rw-p 00000000 00:00 0          [stack]

VM Arguments:
jvm_args: -Dfile.encoding=UTF-8 
java_command: FileAccess.VMInfo
Launcher Type: SUN_STANDARD

Environment Variables:
PATH=/usr/local/sbin:/usr/local/bin:/usr/sbin:/usr/bin:/sbin:/bin:/usr/games
USERNAME=root
LD_LIBRARY_PATH=/usr/lib/jvm/java-6-openjdk/jre/lib/i386/server:/usr/lib/jvm/java-6-openjdk/jre/lib/i386:/usr/lib/jvm/java-6-openjdk/jre/../lib/i386:/usr/lib/jvm/java-6-openjdk/jre/lib/i386/client:/usr/lib/jvm/java-6-openjdk/jre/lib/i386:/usr/lib/jvm/java-6-openjdk/jre/../lib/i386
SHELL=/bin/bash
DISPLAY=:0.0

Signal Handlers:
SIGSEGV: [libjvm.so+0x64a040], sa_mask[0]=0x7ffbfeff, sa_flags=0x10000004
SIGBUS: [libjvm.so+0x64a040], sa_mask[0]=0x7ffbfeff, sa_flags=0x10000004
SIGFPE: [libjvm.so+0x51c0d0], sa_mask[0]=0x7ffbfeff, sa_flags=0x10000004
SIGPIPE: [libjvm.so+0x51c0d0], sa_mask[0]=0x7ffbfeff, sa_flags=0x10000004
SIGXFSZ: [libjvm.so+0x51c0d0], sa_mask[0]=0x7ffbfeff, sa_flags=0x10000004
SIGILL: [libjvm.so+0x51c0d0], sa_mask[0]=0x7ffbfeff, sa_flags=0x10000004
SIGUSR1: SIG_DFL, sa_mask[0]=0x00000000, sa_flags=0x00000000
SIGUSR2: [libjvm.so+0x51b780], sa_mask[0]=0x00000004, sa_flags=0x10000004
SIGHUP: [libjvm.so+0x51e2f0], sa_mask[0]=0x7ffbfeff, sa_flags=0x10000004
SIGINT: SIG_IGN, sa_mask[0]=0x00000000, sa_flags=0x00000000
SIGTERM: [libjvm.so+0x51e2f0], sa_mask[0]=0x7ffbfeff, sa_flags=0x10000004
SIGQUIT: [libjvm.so+0x51e2f0], sa_mask[0]=0x7ffbfeff, sa_flags=0x10000004


---------------  S Y S T E M  ---------------

OS:Ubuntu 10.04 (lucid)
uname:Linux 2.6.32-33-generic #70-Ubuntu SMP Thu Jul 7 21:09:46 UTC 2011 i686
libc:glibc 2.11.1 NPTL 2.11.1 
rlimit: STACK 8192k, CORE 0k, NPROC infinity, NOFILE 1024, AS infinity
load average:1.09 0.75 0.69

/proc/meminfo:
MemTotal:        2836956 kB
MemFree:         1290452 kB
Buffers:           66844 kB
Cached:           700640 kB
SwapCached:            0 kB
Active:           837268 kB
Inactive:         616584 kB
Active(anon):     686768 kB
Inactive(anon):     6508 kB
Active(file):     150500 kB
Inactive(file):   610076 kB
Unevictable:          16 kB
Mlocked:              16 kB
HighTotal:       1973064 kB
HighFree:         554280 kB
LowTotal:         863892 kB
LowFree:          736172 kB
SwapTotal:       3234808 kB
SwapFree:        3234808 kB
Dirty:               236 kB
Writeback:             0 kB
AnonPages:        686508 kB
Mapped:           144644 kB
Shmem:              6908 kB
Slab:              33616 kB
SReclaimable:      22348 kB
SUnreclaim:        11268 kB
KernelStack:        2992 kB
PageTables:         7852 kB
NFS_Unstable:          0 kB
Bounce:                0 kB
WritebackTmp:          0 kB
CommitLimit:     4653284 kB
Committed_AS:    1919152 kB
VmallocTotal:     122880 kB
VmallocUsed:       72908 kB
VmallocChunk:      42364 kB
HardwareCorrupted:     0 kB
HugePages_Total:       0
HugePages_Free:        0
HugePages_Rsvd:        0
HugePages_Surp:        0
Hugepagesize:       4096 kB
DirectMap4k:       12280 kB
DirectMap4M:      897024 kB


CPU:total 2 (2 cores per cpu, 1 threads per core) family 17 model 3 stepping 1, cmov, cx8, fxsr, mmx, sse, sse2, sse3, mmxext, 3dnow, 3dnowext

Memory: 4k page, physical 2836956k(1290452k free), swap 3234808k(3234808k free)

vm_info: OpenJDK Server VM (19.0-b09) for linux-x86 JRE (1.6.0_20-b20), built on Jan 21 2012 08:10:55 by "buildd" with gcc 4.4.3

time: Fri Mar 23 14:03:13 2012
elapsed time: 0 seconds

