#
# A fatal error has been detected by the Java Runtime Environment:
#
#  SIGSEGV (0xb) at pc=0x01373c1b, pid=3154, tid=3077540720
#
# JRE version: 6.0_20-b20
# Java VM: OpenJDK Server VM (19.0-b09 mixed mode linux-x86 )
# Derivative: IcedTea6 1.9.10
# Distribution: Ubuntu 10.04.1 LTS, package 6b20-1.9.10-0ubuntu1~10.04.2
# Problematic frame:
# V  [libjvm.so+0x392c1b]
#
# If you would like to submit a bug report, please include
# instructions how to reproduce the bug and visit:
#   https://bugs.launchpad.net/ubuntu/+source/openjdk-6/
#

---------------  T H R E A D  ---------------

Current thread (0x08ddf400):  JavaThread "main" [_thread_in_vm, id=3158, stack(0xb76a8000,0xb76f9000)]

siginfo:si_signo=SIGSEGV: si_errno=0, si_code=1 (SEGV_MAPERR), si_addr=0x00000000

Registers:
EAX=0x00000000, EBX=0x016ebff4, ECX=0x08ddfaac, EDX=0x08ddf400
ESP=0xb76f7884, EBP=0xb76f78b8, ESI=0x08ddf400, EDI=0xb76f78ec
EIP=0x01373c1b, CR2=0x00000000, EFLAGS=0x00210286

Register to memory mapping:

EAX=0x00000000
0x00000000 is pointing to unknown location

EBX=0x016ebff4
0x016ebff4: <offset 0x70aff4> in /usr/lib/jvm/java-6-openjdk/jre/lib/i386/server/libjvm.so at 0x00fe1000

ECX=0x08ddfaac
0x08ddfaac is pointing to unknown location

EDX=0x08ddf400
"main" prio=10 tid=0x08ddf400 nid=0xc56 runnable [0xb76f8000]
   java.lang.Thread.State: RUNNABLE

ESP=0xb76f7884
0xb76f7884 is pointing into the stack for thread: 0x08ddf400
"main" prio=10 tid=0x08ddf400 nid=0xc56 runnable [0xb76f8000]
   java.lang.Thread.State: RUNNABLE

EBP=0xb76f78b8
0xb76f78b8 is pointing into the stack for thread: 0x08ddf400
"main" prio=10 tid=0x08ddf400 nid=0xc56 runnable [0xb76f8000]
   java.lang.Thread.State: RUNNABLE

ESI=0x08ddf400
"main" prio=10 tid=0x08ddf400 nid=0xc56 runnable [0xb76f8000]
   java.lang.Thread.State: RUNNABLE

EDI=0xb76f78ec
0xb76f78ec is pointing into the stack for thread: 0x08ddf400
"main" prio=10 tid=0x08ddf400 nid=0xc56 runnable [0xb76f8000]
   java.lang.Thread.State: RUNNABLE


Top of Stack: (sp=0xb76f7884)
0xb76f7884:   00000000 b76f7918 016ebff4 08ddf400
0xb76f7894:   b76f78ec b76f78b8 0138d862 b76f78ec
0xb76f78a4:   08ddf400 016ebff4 016ebff4 08ddf400
0xb76f78b4:   b76f78ec b76f7918 0138685d b76f78ec
0xb76f78c4:   08ddf400 00000ffc 00000ffc 00000014
0xb76f78d4:   00000000 00000008 08ddf400 00000000
0xb76f78e4:   08ddfab4 08ddf400 08ddf400 08ddfaa8
0xb76f78f4:   00000088 0169386c 08ddf400 b76f798c 

Instructions: (pc=0x01373c1b)
0x01373c0b:   27 00 00 00 00 55 89 e5 57 56 53 83 ec 28 89 d6
0x01373c1b:   8b 10 e8 00 00 00 00 5b 81 c3 d2 83 37 00 52 e8 

Stack: [0xb76a8000,0xb76f9000],  sp=0xb76f7884,  free space=318k
Native frames: (J=compiled Java code, j=interpreted, Vv=VM code, C=native code)
V  [libjvm.so+0x392c1b]
V  [libjvm.so+0x3a585d]
C  [libpacketlib.so+0xb1b]  Java_Core_func_fillpackets+0x42b
j  Core.func.fillpackets()V+0
j  Core.func.main([Ljava/lang/String;)V+9
v  ~StubRoutines::call_stub
V  [libjvm.so+0x387d72]
V  [libjvm.so+0x519369]
V  [libjvm.so+0x386caf]
V  [libjvm.so+0x39214c]
V  [libjvm.so+0x3a11ad]
C  [java+0x321d]  JavaMain+0xd4d
C  [libpthread.so.0+0x596e]

Java frames: (J=compiled Java code, j=interpreted, Vv=VM code)
j  Core.func.fillpackets()V+0
j  Core.func.main([Ljava/lang/String;)V+9
v  ~StubRoutines::call_stub

---------------  P R O C E S S  ---------------

Java Threads: ( => current thread )
  0x08e84000 JavaThread "Low Memory Detector" daemon [_thread_blocked, id=3167, stack(0x8074b000,0x8079c000)]
  0x08e80c00 JavaThread "CompilerThread1" daemon [_thread_blocked, id=3166, stack(0x8079c000,0x8081d000)]
  0x08e7ec00 JavaThread "CompilerThread0" daemon [_thread_blocked, id=3165, stack(0x8081d000,0x8089e000)]
  0x08e7d400 JavaThread "Signal Dispatcher" daemon [_thread_blocked, id=3164, stack(0x8089e000,0x808ef000)]
  0x08e6a400 JavaThread "Finalizer" daemon [_thread_blocked, id=3163, stack(0x8092e000,0x8097f000)]
  0x08e68c00 JavaThread "Reference Handler" daemon [_thread_blocked, id=3162, stack(0x8097f000,0x809d0000)]
=>0x08ddf400 JavaThread "main" [_thread_in_vm, id=3158, stack(0xb76a8000,0xb76f9000)]

Other Threads:
  0x08e64c00 VMThread [stack: 0x809d0000,0x80a51000] [id=3161]
  0x08e85c00 WatcherThread [stack: 0x806ca000,0x8074b000] [id=3168]

VM state:not at safepoint (normal execution)

VM Mutex/Monitor currently owned by a thread: None

Heap
 PSYoungGen      total 12992K, used 448K [0xa5e90000, 0xa6d00000, 0xb45e0000)
  eden space 11200K, 4% used [0xa5e90000,0xa5f00040,0xa6980000)
  from space 1792K, 0% used [0xa6b40000,0xa6b40000,0xa6d00000)
  to   space 1792K, 0% used [0xa6980000,0xa6980000,0xa6b40000)
 PSOldGen        total 29568K, used 0K [0x88fe0000, 0x8acc0000, 0xa5e90000)
  object space 29568K, 0% used [0x88fe0000,0x88fe0000,0x8acc0000)
 PSPermGen       total 16384K, used 1935K [0x80fe0000, 0x81fe0000, 0x88fe0000)
  object space 16384K, 11% used [0x80fe0000,0x811c3df8,0x81fe0000)

Dynamic libraries:
00110000-00134000 r-xp 00000000 08:06 1311382    /lib/tls/i686/cmov/libm-2.11.1.so
00134000-00135000 r--p 00023000 08:06 1311382    /lib/tls/i686/cmov/libm-2.11.1.so
00135000-00136000 rw-p 00024000 08:06 1311382    /lib/tls/i686/cmov/libm-2.11.1.so
00136000-00149000 r-xp 00000000 08:06 1311385    /lib/tls/i686/cmov/libnsl-2.11.1.so
00149000-0014a000 r--p 00012000 08:06 1311385    /lib/tls/i686/cmov/libnsl-2.11.1.so
0014a000-0014b000 rw-p 00013000 08:06 1311385    /lib/tls/i686/cmov/libnsl-2.11.1.so
0014b000-0014d000 rw-p 00000000 00:00 0 
00163000-0017e000 r-xp 00000000 08:06 1179673    /lib/ld-2.11.1.so
0017e000-0017f000 r--p 0001a000 08:06 1179673    /lib/ld-2.11.1.so
0017f000-00180000 rw-p 0001b000 08:06 1179673    /lib/ld-2.11.1.so
0027c000-0028f000 r-xp 00000000 08:06 1179846    /lib/libz.so.1.2.3.3
0028f000-00290000 r--p 00012000 08:06 1179846    /lib/libz.so.1.2.3.3
00290000-00291000 rw-p 00013000 08:06 1179846    /lib/libz.so.1.2.3.3
00339000-00340000 r-xp 00000000 08:06 1064678    /usr/lib/jvm/java-6-openjdk/jre/lib/i386/native_threads/libhpi.so
00340000-00341000 r--p 00006000 08:06 1064678    /usr/lib/jvm/java-6-openjdk/jre/lib/i386/native_threads/libhpi.so
00341000-00342000 rw-p 00007000 08:06 1064678    /usr/lib/jvm/java-6-openjdk/jre/lib/i386/native_threads/libhpi.so
00619000-00621000 r-xp 00000000 08:06 1311395    /lib/tls/i686/cmov/libnss_nis-2.11.1.so
00621000-00622000 r--p 00007000 08:06 1311395    /lib/tls/i686/cmov/libnss_nis-2.11.1.so
00622000-00623000 rw-p 00008000 08:06 1311395    /lib/tls/i686/cmov/libnss_nis-2.11.1.so
006ed000-006f4000 r-xp 00000000 08:06 1064662    /usr/lib/jvm/java-6-openjdk/jre/lib/i386/libzip.so
006f4000-006f5000 r--p 00006000 08:06 1064662    /usr/lib/jvm/java-6-openjdk/jre/lib/i386/libzip.so
006f5000-006f6000 rw-p 00007000 08:06 1064662    /usr/lib/jvm/java-6-openjdk/jre/lib/i386/libzip.so
0071f000-00872000 r-xp 00000000 08:06 1311374    /lib/tls/i686/cmov/libc-2.11.1.so
00872000-00873000 ---p 00153000 08:06 1311374    /lib/tls/i686/cmov/libc-2.11.1.so
00873000-00875000 r--p 00153000 08:06 1311374    /lib/tls/i686/cmov/libc-2.11.1.so
00875000-00876000 rw-p 00155000 08:06 1311374    /lib/tls/i686/cmov/libc-2.11.1.so
00876000-00879000 rw-p 00000000 00:00 0 
00903000-00909000 r-xp 00000000 08:06 1311387    /lib/tls/i686/cmov/libnss_compat-2.11.1.so
00909000-0090a000 r--p 00006000 08:06 1311387    /lib/tls/i686/cmov/libnss_compat-2.11.1.so
0090a000-0090b000 rw-p 00007000 08:06 1311387    /lib/tls/i686/cmov/libnss_compat-2.11.1.so
00aa5000-00aaf000 r-xp 00000000 08:06 1311391    /lib/tls/i686/cmov/libnss_files-2.11.1.so
00aaf000-00ab0000 r--p 00009000 08:06 1311391    /lib/tls/i686/cmov/libnss_files-2.11.1.so
00ab0000-00ab1000 rw-p 0000a000 08:06 1311391    /lib/tls/i686/cmov/libnss_files-2.11.1.so
00b6b000-00b6c000 r-xp 00000000 00:00 0          [vdso]
00bec000-00bf3000 r-xp 00000000 08:06 1311404    /lib/tls/i686/cmov/librt-2.11.1.so
00bf3000-00bf4000 r--p 00006000 08:06 1311404    /lib/tls/i686/cmov/librt-2.11.1.so
00bf4000-00bf5000 rw-p 00007000 08:06 1311404    /lib/tls/i686/cmov/librt-2.11.1.so
00cf9000-00cfb000 r-xp 00000000 08:06 1069378    /usr/lib/libpacketlib.so
00cfb000-00cfc000 r--p 00001000 08:06 1069378    /usr/lib/libpacketlib.so
00cfc000-00cfd000 rw-p 00002000 08:06 1069378    /usr/lib/libpacketlib.so
00d13000-00d1f000 r-xp 00000000 08:06 1064685    /usr/lib/jvm/java-6-openjdk/jre/lib/i386/libverify.so
00d1f000-00d20000 r--p 0000b000 08:06 1064685    /usr/lib/jvm/java-6-openjdk/jre/lib/i386/libverify.so
00d20000-00d21000 rw-p 0000c000 08:06 1064685    /usr/lib/jvm/java-6-openjdk/jre/lib/i386/libverify.so
00e2a000-00e2d000 r-xp 00000000 08:06 1064666    /usr/lib/jvm/java-6-openjdk/jre/lib/i386/jli/libjli.so
00e2d000-00e2e000 r--p 00003000 08:06 1064666    /usr/lib/jvm/java-6-openjdk/jre/lib/i386/jli/libjli.so
00e2e000-00e2f000 rw-p 00004000 08:06 1064666    /usr/lib/jvm/java-6-openjdk/jre/lib/i386/jli/libjli.so
00eaa000-00eac000 r-xp 00000000 08:06 1311380    /lib/tls/i686/cmov/libdl-2.11.1.so
00eac000-00ead000 r--p 00001000 08:06 1311380    /lib/tls/i686/cmov/libdl-2.11.1.so
00ead000-00eae000 rw-p 00002000 08:06 1311380    /lib/tls/i686/cmov/libdl-2.11.1.so
00f6c000-00f90000 r-xp 00000000 08:06 1064657    /usr/lib/jvm/java-6-openjdk/jre/lib/i386/libjava.so
00f90000-00f91000 r--p 00023000 08:06 1064657    /usr/lib/jvm/java-6-openjdk/jre/lib/i386/libjava.so
00f91000-00f93000 rw-p 00024000 08:06 1064657    /usr/lib/jvm/java-6-openjdk/jre/lib/i386/libjava.so
00fc8000-00fdd000 r-xp 00000000 08:06 1311400    /lib/tls/i686/cmov/libpthread-2.11.1.so
00fdd000-00fde000 r--p 00014000 08:06 1311400    /lib/tls/i686/cmov/libpthread-2.11.1.so
00fde000-00fdf000 rw-p 00015000 08:06 1311400    /lib/tls/i686/cmov/libpthread-2.11.1.so
00fdf000-00fe1000 rw-p 00000000 00:00 0 
00fe1000-016a6000 r-xp 00000000 08:06 1064676    /usr/lib/jvm/java-6-openjdk/jre/lib/i386/server/libjvm.so
016a6000-016a7000 ---p 006c5000 08:06 1064676    /usr/lib/jvm/java-6-openjdk/jre/lib/i386/server/libjvm.so
016a7000-016ec000 r--p 006c5000 08:06 1064676    /usr/lib/jvm/java-6-openjdk/jre/lib/i386/server/libjvm.so
016ec000-016fb000 rw-p 0070a000 08:06 1064676    /usr/lib/jvm/java-6-openjdk/jre/lib/i386/server/libjvm.so
016fb000-01b1a000 rw-p 00000000 00:00 0 
08048000-08051000 r-xp 00000000 08:06 1064626    /usr/lib/jvm/java-6-openjdk/jre/bin/java
08051000-08052000 r--p 00008000 08:06 1064626    /usr/lib/jvm/java-6-openjdk/jre/bin/java
08052000-08053000 rw-p 00009000 08:06 1064626    /usr/lib/jvm/java-6-openjdk/jre/bin/java
08dd8000-08ee0000 rw-p 00000000 00:00 0          [heap]
80671000-80673000 r--s 0000b000 08:06 145377     /home/varun/Documents/apache-tomcat-7.0.23/lib/tomcat-i18n-ja.jar
80673000-80677000 r--s 0003a000 08:06 145364     /home/varun/Documents/apache-tomcat-7.0.23/lib/catalina-tribes.jar
80677000-80679000 r--s 0000c000 08:06 145362     /home/varun/Documents/apache-tomcat-7.0.23/lib/catalina-ant.jar
80679000-8067b000 r--s 0001c000 08:06 145368     /home/varun/Documents/apache-tomcat-7.0.23/lib/jasper-el.jar
8067b000-8067d000 r--s 00011000 08:06 145375     /home/varun/Documents/apache-tomcat-7.0.23/lib/tomcat-i18n-es.jar
8067d000-80680000 r--s 0001a000 08:06 145378     /home/varun/Documents/apache-tomcat-7.0.23/lib/tomcat-jdbc.jar
80680000-80684000 r--s 00036000 08:06 145374     /home/varun/Documents/apache-tomcat-7.0.23/lib/tomcat-dbcp.jar
80684000-80690000 r--s 000aa000 08:06 145373     /home/varun/Documents/apache-tomcat-7.0.23/lib/tomcat-coyote.jar
80690000-80691000 r--s 00005000 08:06 145379     /home/varun/Documents/apache-tomcat-7.0.23/lib/tomcat-util.jar
80691000-80692000 r--s 00003000 08:06 145361     /home/varun/Documents/apache-tomcat-7.0.23/lib/annotations-api.jar
80692000-80694000 r--s 0001e000 08:06 145363     /home/varun/Documents/apache-tomcat-7.0.23/lib/catalina-ha.jar
80694000-806a3000 r--s 00193000 08:06 145366     /home/varun/Documents/apache-tomcat-7.0.23/lib/ecj-3.7.jar
806a3000-806b5000 r--s 0015a000 08:06 145365     /home/varun/Documents/apache-tomcat-7.0.23/lib/catalina.jar
806b5000-806bd000 r--s 00089000 08:06 145369     /home/varun/Documents/apache-tomcat-7.0.23/lib/jasper.jar
806bd000-806c1000 r--s 00028000 08:06 145371     /home/varun/Documents/apache-tomcat-7.0.23/lib/servlet-api.jar
806c1000-806ca000 r--s 00065000 08:06 1460237    /usr/share/java/gnome-java-bridge.jar
806ca000-806cb000 ---p 00000000 00:00 0 
806cb000-8074b000 rw-p 00000000 00:00 0 
8074b000-8074e000 ---p 00000000 00:00 0 
8074e000-8079c000 rw-p 00000000 00:00 0 
8079c000-8079f000 ---p 00000000 00:00 0 
8079f000-8081d000 rw-p 00000000 00:00 0 
8081d000-80820000 ---p 00000000 00:00 0 
80820000-8089e000 rw-p 00000000 00:00 0 
8089e000-808a1000 ---p 00000000 00:00 0 
808a1000-808ef000 rw-p 00000000 00:00 0 
808ef000-8092e000 r--p 00000000 08:06 1056342    /usr/lib/locale/en_IN/LC_CTYPE
8092e000-80931000 ---p 00000000 00:00 0 
80931000-8097f000 rw-p 00000000 00:00 0 
8097f000-80982000 ---p 00000000 00:00 0 
80982000-809d0000 rw-p 00000000 00:00 0 
809d0000-809d1000 ---p 00000000 00:00 0 
809d1000-80a51000 rw-p 00000000 00:00 0 
80a51000-80a53000 r--s 0001d000 08:06 1056709    /usr/lib/jvm/java-6-openjdk/jre/lib/plugin.jar
80a53000-80a58000 r--s 00045000 08:06 1056713    /usr/lib/jvm/java-6-openjdk/jre/lib/netx.jar
80a58000-80a8b000 rw-p 00000000 00:00 0 
80a8b000-80c1a000 r--s 038c4000 08:06 1064698    /usr/lib/jvm/java-6-openjdk/jre/lib/rt.jar
80c1a000-80c1b000 ---p 00000000 00:00 0 
80c1b000-80c9b000 rw-p 00000000 00:00 0 
80c9b000-80c9c000 ---p 00000000 00:00 0 
80c9c000-80d24000 rw-p 00000000 00:00 0 
80d24000-80d5c000 rw-p 00000000 00:00 0 
80d5c000-80d6b000 rw-p 00000000 00:00 0 
80d6b000-80e44000 rw-p 00000000 00:00 0 
80e44000-80e4c000 rw-p 00000000 00:00 0 
80e4c000-80e84000 rw-p 00000000 00:00 0 
80e84000-80e93000 rw-p 00000000 00:00 0 
80e93000-80f6b000 rw-p 00000000 00:00 0 
80f6b000-80f73000 rw-p 00000000 00:00 0 
80f73000-80fdf000 rw-p 00000000 00:00 0 
80fdf000-81fe0000 rw-p 00000000 00:00 0 
81fe0000-88fe0000 rw-p 00000000 00:00 0 
88fe0000-8acc0000 rw-p 00000000 00:00 0 
8acc0000-a5e90000 rw-p 00000000 00:00 0 
a5e90000-a6d00000 rw-p 00000000 00:00 0 
a6d00000-b45e0000 rw-p 00000000 00:00 0 
b45e0000-b45e2000 r--s 0000a000 08:06 145376     /home/varun/Documents/apache-tomcat-7.0.23/lib/tomcat-i18n-fr.jar
b45e2000-b45e5000 r--s 00013000 08:06 145370     /home/varun/Documents/apache-tomcat-7.0.23/lib/jsp-api.jar
b45e5000-b45e6000 r--s 00001000 08:06 145372     /home/varun/Documents/apache-tomcat-7.0.23/lib/tomcat-api.jar
b45e6000-b45e8000 r--s 00009000 08:06 145367     /home/varun/Documents/apache-tomcat-7.0.23/lib/el-api.jar
b45e8000-b45f1000 rw-p 00000000 00:00 0 
b45f1000-b46a8000 rw-p 00000000 00:00 0 
b46a8000-b48e8000 rwxp 00000000 00:00 0 
b48e8000-b76a8000 rw-p 00000000 00:00 0 
b76a8000-b76ab000 ---p 00000000 00:00 0 
b76ab000-b76fd000 rw-p 00000000 00:00 0 
b76fd000-b7700000 r--s 0000f000 08:06 1056737    /usr/lib/jvm/java-6-openjdk/jre/lib/ext/pulse-java.jar
b7700000-b7708000 rw-s 00000000 08:06 786880     /tmp/hsperfdata_varun/3154
b7708000-b7709000 rw-p 00000000 00:00 0 
b7709000-b770a000 r--p 00000000 00:00 0 
b770a000-b770c000 rw-p 00000000 00:00 0 
bf9f2000-bfa07000 rw-p 00000000 00:00 0          [stack]

VM Arguments:
jvm_args: -Dfile.encoding=UTF-8 
java_command: Core.func
Launcher Type: SUN_STANDARD

Environment Variables:
PATH=/usr/local/sbin:/usr/local/bin:/usr/sbin:/usr/bin:/sbin:/bin:/usr/games
USERNAME=varun
LD_LIBRARY_PATH=/usr/lib/jvm/java-6-openjdk/jre/lib/i386/server:/usr/lib/jvm/java-6-openjdk/jre/lib/i386:/usr/lib/jvm/java-6-openjdk/jre/../lib/i386:/usr/lib/jvm/java-6-openjdk/jre/lib/i386/client:/usr/lib/jvm/java-6-openjdk/jre/lib/i386:/usr/lib/jvm/java-6-openjdk/jre/../lib/i386
SHELL=/bin/bash
DISPLAY=:0.0

Signal Handlers:
SIGSEGV: [libjvm.so+0x64a040], sa_mask[0]=0x7ffbfeff, sa_flags=0x10000004
SIGBUS: [libjvm.so+0x64a040], sa_mask[0]=0x7ffbfeff, sa_flags=0x10000004
SIGFPE: [libjvm.so+0x51c0d0], sa_mask[0]=0x7ffbfeff, sa_flags=0x10000004
SIGPIPE: [libjvm.so+0x51c0d0], sa_mask[0]=0x7ffbfeff, sa_flags=0x10000004
SIGXFSZ: [libjvm.so+0x51c0d0], sa_mask[0]=0x7ffbfeff, sa_flags=0x10000004
SIGILL: [libjvm.so+0x51c0d0], sa_mask[0]=0x7ffbfeff, sa_flags=0x10000004
SIGUSR1: SIG_DFL, sa_mask[0]=0x00000000, sa_flags=0x00000000
SIGUSR2: [libjvm.so+0x51b780], sa_mask[0]=0x00000004, sa_flags=0x10000004
SIGHUP: [libjvm.so+0x51e2f0], sa_mask[0]=0x7ffbfeff, sa_flags=0x10000004
SIGINT: SIG_IGN, sa_mask[0]=0x00000000, sa_flags=0x00000000
SIGTERM: [libjvm.so+0x51e2f0], sa_mask[0]=0x7ffbfeff, sa_flags=0x10000004
SIGQUIT: [libjvm.so+0x51e2f0], sa_mask[0]=0x7ffbfeff, sa_flags=0x10000004


---------------  S Y S T E M  ---------------

OS:Ubuntu 10.04 (lucid)
uname:Linux 2.6.32-33-generic #70-Ubuntu SMP Thu Jul 7 21:09:46 UTC 2011 i686
libc:glibc 2.11.1 NPTL 2.11.1 
rlimit: STACK 8192k, CORE 0k, NPROC infinity, NOFILE 1024, AS infinity
load average:1.37 1.41 1.15

/proc/meminfo:
MemTotal:        2836956 kB
MemFree:         1464868 kB
Buffers:          147944 kB
Cached:           542228 kB
SwapCached:            0 kB
Active:           695388 kB
Inactive:         549936 kB
Active(anon):     555632 kB
Inactive(anon):     9352 kB
Active(file):     139756 kB
Inactive(file):   540584 kB
Unevictable:          32 kB
Mlocked:              32 kB
HighTotal:       1973064 kB
HighFree:         846052 kB
LowTotal:         863892 kB
LowFree:          618816 kB
SwapTotal:       2833400 kB
SwapFree:        2833400 kB
Dirty:               404 kB
Writeback:             0 kB
AnonPages:        555232 kB
Mapped:           111056 kB
Shmem:              9836 kB
Slab:              70684 kB
SReclaimable:      59636 kB
SUnreclaim:        11048 kB
KernelStack:        2480 kB
PageTables:         6268 kB
NFS_Unstable:          0 kB
Bounce:                0 kB
WritebackTmp:          0 kB
CommitLimit:     4251876 kB
Committed_AS:    1323356 kB
VmallocTotal:     122880 kB
VmallocUsed:       72712 kB
VmallocChunk:      41852 kB
HardwareCorrupted:     0 kB
HugePages_Total:       0
HugePages_Free:        0
HugePages_Rsvd:        0
HugePages_Surp:        0
Hugepagesize:       4096 kB
DirectMap4k:       12280 kB
DirectMap4M:      897024 kB


CPU:total 2 (2 cores per cpu, 1 threads per core) family 17 model 3 stepping 1, cmov, cx8, fxsr, mmx, sse, sse2, sse3, mmxext, 3dnow, 3dnowext

Memory: 4k page, physical 2836956k(1464868k free), swap 2833400k(2833400k free)

vm_info: OpenJDK Server VM (19.0-b09) for linux-x86 JRE (1.6.0_20-b20), built on Nov  8 2011 17:27:25 by "buildd" with gcc 4.4.3

time: Sat Jan 14 18:47:16 2012
elapsed time: 0 seconds

