#
# A fatal error has been detected by the Java Runtime Environment:
#
#  SIGSEGV (0xb) at pc=0x0051bfc6, pid=3988, tid=3078626160
#
# JRE version: 6.0_20-b20
# Java VM: OpenJDK Server VM (19.0-b09 mixed mode linux-x86 )
# Derivative: IcedTea6 1.9.10
# Distribution: Ubuntu 10.04.1 LTS, package 6b20-1.9.10-0ubuntu1~10.04.3
# Problematic frame:
# C  [libc.so.6+0x74fc6]
#
# If you would like to submit a bug report, please include
# instructions how to reproduce the bug and visit:
#   https://bugs.launchpad.net/ubuntu/+source/openjdk-6/
# The crash happened outside the Java Virtual Machine in native code.
# See problematic frame for where to report the bug.
#

---------------  T H R E A D  ---------------

Current thread (0x09847000):  JavaThread "main" [_thread_in_native, id=3990, stack(0xb77b1000,0xb7802000)]

siginfo:si_signo=SIGSEGV: si_errno=0, si_code=1 (SEGV_MAPERR), si_addr=0x00000000

Registers:
EAX=0x00000002, EBX=0xb7800af8, ECX=0x2de0034a, EDX=0xb7800b8c
ESP=0xb7800a48, EBP=0xb7800a88, ESI=0x00000000, EDI=0x00000000
EIP=0x0051bfc6, CR2=0x00000000, EFLAGS=0x00010202

Register to memory mapping:

EAX=0x00000002
0x00000002 is pointing to unknown location

EBX=0xb7800af8
0xb7800af8 is pointing into the stack for thread: 0x09847000
"main" prio=10 tid=0x09847000 nid=0xf96 runnable [0xb7800000]
   java.lang.Thread.State: RUNNABLE

ECX=0x2de0034a
0x2de0034a is pointing to unknown location

EDX=0xb7800b8c
0xb7800b8c is pointing into the stack for thread: 0x09847000
"main" prio=10 tid=0x09847000 nid=0xf96 runnable [0xb7800000]
   java.lang.Thread.State: RUNNABLE

ESP=0xb7800a48
0xb7800a48 is pointing into the stack for thread: 0x09847000
"main" prio=10 tid=0x09847000 nid=0xf96 runnable [0xb7800000]
   java.lang.Thread.State: RUNNABLE

EBP=0xb7800a88
0xb7800a88 is pointing into the stack for thread: 0x09847000
"main" prio=10 tid=0x09847000 nid=0xf96 runnable [0xb7800000]
   java.lang.Thread.State: RUNNABLE

ESI=0x00000000
0x00000000 is pointing to unknown location

EDI=0x00000000
0x00000000 is pointing to unknown location


Top of Stack: (sp=0xb7800a48)
0xb7800a48:   806004fc 00afdcad 00000000 00000000
0xb7800a58:   b7800d2a 005fcff4 80600010 00000000
0xb7800a68:   b7800a88 80600468 b7800a88 004ee1db
0xb7800a78:   812d3410 812d3410 812d3410 09847000
0xb7800a88:   b7800d78 00afebf1 b7800af8 00000000
0xb7800a98:   b7800d2a 00000000 0000ffff 00000001
0xb7800aa8:   00b02d75 b7800bc8 b7800ad8 00511c22
0xb7800ab8:   00b02c08 098fe700 b7800af4 b7800d2a 

Instructions: (pc=0x0051bfc6)
0x0051bfb6:   00 00 00 74 02 a4 49 50 89 c8 c1 e9 02 83 e0 03
0x0051bfc6:   f3 a5 89 c1 f3 a4 58 89 c7 89 d6 8b 44 24 04 c3 

Stack: [0xb77b1000,0xb7802000],  sp=0xb7800a48,  free space=318k
Native frames: (J=compiled Java code, j=interpreted, Vv=VM code, C=native code)
C  [libc.so.6+0x74fc6]
C  [libpacketlib.so+0x3bf1]  traverse_flow_list+0x331
C  [libpacketlib.so+0x3dbe]  get_flow_packets+0x9c
C  [libpacketlib.so+0x4848]  fill_flow_packets+0x6f
C  [libpacketlib.so+0x20d0]  Java_FileAccess_GetPacket_fillpackets+0x110
j  FileAccess.GetPacket.fillpackets()V+0
j  FileAccess.GetPacket.main([Ljava/lang/String;)V+148
v  ~StubRoutines::call_stub
V  [libjvm.so+0x387d72]
V  [libjvm.so+0x519369]
V  [libjvm.so+0x386caf]
V  [libjvm.so+0x39214c]
V  [libjvm.so+0x3a11ad]
C  [java+0x321d]  JavaMain+0xd4d
C  [libpthread.so.0+0x596e]

Java frames: (J=compiled Java code, j=interpreted, Vv=VM code)
j  FileAccess.GetPacket.fillpackets()V+0
j  FileAccess.GetPacket.main([Ljava/lang/String;)V+148
v  ~StubRoutines::call_stub

---------------  P R O C E S S  ---------------

Java Threads: ( => current thread )
  0x098ec000 JavaThread "Low Memory Detector" daemon [_thread_blocked, id=4003, stack(0x8085b000,0x808ac000)]
  0x098e8800 JavaThread "CompilerThread1" daemon [_thread_blocked, id=4002, stack(0x808ac000,0x8092d000)]
  0x098e6800 JavaThread "CompilerThread0" daemon [_thread_blocked, id=4001, stack(0x8092d000,0x809ae000)]
  0x098e5000 JavaThread "Signal Dispatcher" daemon [_thread_blocked, id=4000, stack(0x809ae000,0x809ff000)]
  0x098d2000 JavaThread "Finalizer" daemon [_thread_blocked, id=3997, stack(0x80a3e000,0x80a8f000)]
  0x098d0c00 JavaThread "Reference Handler" daemon [_thread_blocked, id=3996, stack(0x80a8f000,0x80ae0000)]
=>0x09847000 JavaThread "main" [_thread_in_native, id=3990, stack(0xb77b1000,0xb7802000)]

Other Threads:
  0x098ccc00 VMThread [stack: 0x80ae0000,0x80b61000] [id=3995]
  0x098edc00 WatcherThread [stack: 0x807da000,0x8085b000] [id=4004]

VM state:not at safepoint (normal execution)

VM Mutex/Monitor currently owned by a thread: None

Heap
 PSYoungGen      total 12992K, used 448K [0xa5fa0000, 0xa6e10000, 0xb46f0000)
  eden space 11200K, 4% used [0xa5fa0000,0xa6010028,0xa6a90000)
  from space 1792K, 0% used [0xa6c50000,0xa6c50000,0xa6e10000)
  to   space 1792K, 0% used [0xa6a90000,0xa6a90000,0xa6c50000)
 PSOldGen        total 29568K, used 0K [0x890f0000, 0x8add0000, 0xa5fa0000)
  object space 29568K, 0% used [0x890f0000,0x890f0000,0x8add0000)
 PSPermGen       total 16384K, used 1951K [0x810f0000, 0x820f0000, 0x890f0000)
  object space 16384K, 11% used [0x810f0000,0x812d7fc8,0x820f0000)

Dynamic libraries:
00110000-00134000 r-xp 00000000 08:05 1586209    /usr/lib/jvm/java-6-openjdk/jre/lib/i386/libjava.so
00134000-00135000 r--p 00023000 08:05 1586209    /usr/lib/jvm/java-6-openjdk/jre/lib/i386/libjava.so
00135000-00137000 rw-p 00024000 08:05 1586209    /usr/lib/jvm/java-6-openjdk/jre/lib/i386/libjava.so
00145000-0014b000 r-xp 00000000 08:05 527210     /lib/tls/i686/cmov/libnss_compat-2.11.1.so
0014b000-0014c000 r--p 00006000 08:05 527210     /lib/tls/i686/cmov/libnss_compat-2.11.1.so
0014c000-0014d000 rw-p 00007000 08:05 527210     /lib/tls/i686/cmov/libnss_compat-2.11.1.so
003a1000-003a9000 r-xp 00000000 08:05 527218     /lib/tls/i686/cmov/libnss_nis-2.11.1.so
003a9000-003aa000 r--p 00007000 08:05 527218     /lib/tls/i686/cmov/libnss_nis-2.11.1.so
003aa000-003ab000 rw-p 00008000 08:05 527218     /lib/tls/i686/cmov/libnss_nis-2.11.1.so
004a7000-005fa000 r-xp 00000000 08:05 527197     /lib/tls/i686/cmov/libc-2.11.1.so
005fa000-005fb000 ---p 00153000 08:05 527197     /lib/tls/i686/cmov/libc-2.11.1.so
005fb000-005fd000 r--p 00153000 08:05 527197     /lib/tls/i686/cmov/libc-2.11.1.so
005fd000-005fe000 rw-p 00155000 08:05 527197     /lib/tls/i686/cmov/libc-2.11.1.so
005fe000-00601000 rw-p 00000000 00:00 0 
00616000-0061d000 r-xp 00000000 08:05 527227     /lib/tls/i686/cmov/librt-2.11.1.so
0061d000-0061e000 r--p 00006000 08:05 527227     /lib/tls/i686/cmov/librt-2.11.1.so
0061e000-0061f000 rw-p 00007000 08:05 527227     /lib/tls/i686/cmov/librt-2.11.1.so
00767000-0078b000 r-xp 00000000 08:05 527205     /lib/tls/i686/cmov/libm-2.11.1.so
0078b000-0078c000 r--p 00023000 08:05 527205     /lib/tls/i686/cmov/libm-2.11.1.so
0078c000-0078d000 rw-p 00024000 08:05 527205     /lib/tls/i686/cmov/libm-2.11.1.so
0096f000-0097b000 r-xp 00000000 08:05 1586225    /usr/lib/jvm/java-6-openjdk/jre/lib/i386/libverify.so
0097b000-0097c000 r--p 0000b000 08:05 1586225    /usr/lib/jvm/java-6-openjdk/jre/lib/i386/libverify.so
0097c000-0097d000 rw-p 0000c000 08:05 1586225    /usr/lib/jvm/java-6-openjdk/jre/lib/i386/libverify.so
0098f000-009a2000 r-xp 00000000 08:05 523463     /lib/libz.so.1.2.3.3
009a2000-009a3000 r--p 00012000 08:05 523463     /lib/libz.so.1.2.3.3
009a3000-009a4000 rw-p 00013000 08:05 523463     /lib/libz.so.1.2.3.3
00afb000-00b04000 r-xp 00000000 08:05 1589892    /usr/lib/libpacketlib.so
00b04000-00b05000 r--p 00008000 08:05 1589892    /usr/lib/libpacketlib.so
00b05000-00b06000 rw-p 00009000 08:05 1589892    /usr/lib/libpacketlib.so
00ba0000-00ba3000 r-xp 00000000 08:05 1586197    /usr/lib/jvm/java-6-openjdk/jre/lib/i386/jli/libjli.so
00ba3000-00ba4000 r--p 00003000 08:05 1586197    /usr/lib/jvm/java-6-openjdk/jre/lib/i386/jli/libjli.so
00ba4000-00ba5000 rw-p 00004000 08:05 1586197    /usr/lib/jvm/java-6-openjdk/jre/lib/i386/jli/libjli.so
00c93000-00c9a000 r-xp 00000000 08:05 1586226    /usr/lib/jvm/java-6-openjdk/jre/lib/i386/libzip.so
00c9a000-00c9b000 r--p 00006000 08:05 1586226    /usr/lib/jvm/java-6-openjdk/jre/lib/i386/libzip.so
00c9b000-00c9c000 rw-p 00007000 08:05 1586226    /usr/lib/jvm/java-6-openjdk/jre/lib/i386/libzip.so
00cae000-00caf000 r-xp 00000000 00:00 0          [vdso]
00d98000-00dad000 r-xp 00000000 08:05 527223     /lib/tls/i686/cmov/libpthread-2.11.1.so
00dad000-00dae000 r--p 00014000 08:05 527223     /lib/tls/i686/cmov/libpthread-2.11.1.so
00dae000-00daf000 rw-p 00015000 08:05 527223     /lib/tls/i686/cmov/libpthread-2.11.1.so
00daf000-00db1000 rw-p 00000000 00:00 0 
00dd6000-00de9000 r-xp 00000000 08:05 527208     /lib/tls/i686/cmov/libnsl-2.11.1.so
00de9000-00dea000 r--p 00012000 08:05 527208     /lib/tls/i686/cmov/libnsl-2.11.1.so
00dea000-00deb000 rw-p 00013000 08:05 527208     /lib/tls/i686/cmov/libnsl-2.11.1.so
00deb000-00ded000 rw-p 00000000 00:00 0 
00e17000-00e21000 r-xp 00000000 08:05 527214     /lib/tls/i686/cmov/libnss_files-2.11.1.so
00e21000-00e22000 r--p 00009000 08:05 527214     /lib/tls/i686/cmov/libnss_files-2.11.1.so
00e22000-00e23000 rw-p 0000a000 08:05 527214     /lib/tls/i686/cmov/libnss_files-2.11.1.so
00ec0000-00ec7000 r-xp 00000000 08:05 1586228    /usr/lib/jvm/java-6-openjdk/jre/lib/i386/native_threads/libhpi.so
00ec7000-00ec8000 r--p 00006000 08:05 1586228    /usr/lib/jvm/java-6-openjdk/jre/lib/i386/native_threads/libhpi.so
00ec8000-00ec9000 rw-p 00007000 08:05 1586228    /usr/lib/jvm/java-6-openjdk/jre/lib/i386/native_threads/libhpi.so
00ed3000-00ed5000 r-xp 00000000 08:05 527203     /lib/tls/i686/cmov/libdl-2.11.1.so
00ed5000-00ed6000 r--p 00001000 08:05 527203     /lib/tls/i686/cmov/libdl-2.11.1.so
00ed6000-00ed7000 rw-p 00002000 08:05 527203     /lib/tls/i686/cmov/libdl-2.11.1.so
00f07000-00f22000 r-xp 00000000 08:05 523290     /lib/ld-2.11.1.so
00f22000-00f23000 r--p 0001a000 08:05 523290     /lib/ld-2.11.1.so
00f23000-00f24000 rw-p 0001b000 08:05 523290     /lib/ld-2.11.1.so
00f24000-015e9000 r-xp 00000000 08:05 1586230    /usr/lib/jvm/java-6-openjdk/jre/lib/i386/server/libjvm.so
015e9000-015ea000 ---p 006c5000 08:05 1586230    /usr/lib/jvm/java-6-openjdk/jre/lib/i386/server/libjvm.so
015ea000-0162f000 r--p 006c5000 08:05 1586230    /usr/lib/jvm/java-6-openjdk/jre/lib/i386/server/libjvm.so
0162f000-0163e000 rw-p 0070a000 08:05 1586230    /usr/lib/jvm/java-6-openjdk/jre/lib/i386/server/libjvm.so
0163e000-01a5d000 rw-p 00000000 00:00 0 
08048000-08051000 r-xp 00000000 08:05 1586258    /usr/lib/jvm/java-6-openjdk/jre/bin/java
08051000-08052000 r--p 00008000 08:05 1586258    /usr/lib/jvm/java-6-openjdk/jre/bin/java
08052000-08053000 rw-p 00009000 08:05 1586258    /usr/lib/jvm/java-6-openjdk/jre/bin/java
09840000-0990e000 rw-p 00000000 00:00 0          [heap]
80600000-80621000 rw-p 00000000 00:00 0 
80621000-80700000 ---p 00000000 00:00 0 
80750000-807d1000 rw-p 00000000 00:00 0 
807d1000-807da000 r--s 00065000 08:05 6219       /usr/share/java/gnome-java-bridge.jar
807da000-807db000 ---p 00000000 00:00 0 
807db000-8085b000 rw-p 00000000 00:00 0 
8085b000-8085e000 ---p 00000000 00:00 0 
8085e000-808ac000 rw-p 00000000 00:00 0 
808ac000-808af000 ---p 00000000 00:00 0 
808af000-8092d000 rw-p 00000000 00:00 0 
8092d000-80930000 ---p 00000000 00:00 0 
80930000-809ae000 rw-p 00000000 00:00 0 
809ae000-809b1000 ---p 00000000 00:00 0 
809b1000-809ff000 rw-p 00000000 00:00 0 
809ff000-80a3e000 r--p 00000000 08:05 1577945    /usr/lib/locale/en_IN/LC_CTYPE
80a3e000-80a41000 ---p 00000000 00:00 0 
80a41000-80a8f000 rw-p 00000000 00:00 0 
80a8f000-80a92000 ---p 00000000 00:00 0 
80a92000-80ae0000 rw-p 00000000 00:00 0 
80ae0000-80ae1000 ---p 00000000 00:00 0 
80ae1000-80b61000 rw-p 00000000 00:00 0 
80b61000-80b63000 r--s 0001d000 08:05 1577596    /usr/lib/jvm/java-6-openjdk/jre/lib/plugin.jar
80b63000-80b68000 r--s 00045000 08:05 1577595    /usr/lib/jvm/java-6-openjdk/jre/lib/netx.jar
80b68000-80b9b000 rw-p 00000000 00:00 0 
80b9b000-80d2a000 r--s 038c4000 08:05 1586189    /usr/lib/jvm/java-6-openjdk/jre/lib/rt.jar
80d2a000-80d2b000 ---p 00000000 00:00 0 
80d2b000-80dab000 rw-p 00000000 00:00 0 
80dab000-80dac000 ---p 00000000 00:00 0 
80dac000-80e34000 rw-p 00000000 00:00 0 
80e34000-80e6c000 rw-p 00000000 00:00 0 
80e6c000-80e7b000 rw-p 00000000 00:00 0 
80e7b000-80f54000 rw-p 00000000 00:00 0 
80f54000-80f5c000 rw-p 00000000 00:00 0 
80f5c000-80f94000 rw-p 00000000 00:00 0 
80f94000-80fa3000 rw-p 00000000 00:00 0 
80fa3000-8107b000 rw-p 00000000 00:00 0 
8107b000-81083000 rw-p 00000000 00:00 0 
81083000-810ef000 rw-p 00000000 00:00 0 
810ef000-820f0000 rw-p 00000000 00:00 0 
820f0000-890f0000 rw-p 00000000 00:00 0 
890f0000-8add0000 rw-p 00000000 00:00 0 
8add0000-a5fa0000 rw-p 00000000 00:00 0 
a5fa0000-a6e10000 rw-p 00000000 00:00 0 
a6e10000-b46f0000 rw-p 00000000 00:00 0 
b46f1000-b46fa000 rw-p 00000000 00:00 0 
b46fa000-b47b1000 rw-p 00000000 00:00 0 
b47b1000-b49f1000 rwxp 00000000 00:00 0 
b49f1000-b77b1000 rw-p 00000000 00:00 0 
b77b1000-b77b4000 ---p 00000000 00:00 0 
b77b4000-b7805000 rw-p 00000000 00:00 0 
b7808000-b7809000 rw-p 00000000 00:00 0 
b780a000-b780d000 r--s 0000f000 08:05 1577575    /usr/lib/jvm/java-6-openjdk/jre/lib/ext/pulse-java.jar
b780d000-b7815000 rw-s 00000000 08:05 668670     /tmp/hsperfdata_root/3988
b7815000-b7816000 rw-p 00000000 00:00 0 
b7816000-b7817000 r--p 00000000 00:00 0 
b7817000-b7819000 rw-p 00000000 00:00 0 
bf9a9000-bf9be000 rw-p 00000000 00:00 0          [stack]

VM Arguments:
jvm_args: -Dfile.encoding=UTF-8 
java_command: FileAccess.GetPacket
Launcher Type: SUN_STANDARD

Environment Variables:
PATH=/usr/local/sbin:/usr/local/bin:/usr/sbin:/usr/bin:/sbin:/bin:/usr/games
USERNAME=root
LD_LIBRARY_PATH=/usr/lib/jvm/java-6-openjdk/jre/lib/i386/server:/usr/lib/jvm/java-6-openjdk/jre/lib/i386:/usr/lib/jvm/java-6-openjdk/jre/../lib/i386:/usr/lib/jvm/java-6-openjdk/jre/lib/i386/client:/usr/lib/jvm/java-6-openjdk/jre/lib/i386:/usr/lib/jvm/java-6-openjdk/jre/../lib/i386
SHELL=/bin/bash
DISPLAY=:0.0

Signal Handlers:
SIGSEGV: [libjvm.so+0x64a040], sa_mask[0]=0x7ffbfeff, sa_flags=0x10000004
SIGBUS: [libjvm.so+0x64a040], sa_mask[0]=0x7ffbfeff, sa_flags=0x10000004
SIGFPE: [libjvm.so+0x51c0d0], sa_mask[0]=0x7ffbfeff, sa_flags=0x10000004
SIGPIPE: [libjvm.so+0x51c0d0], sa_mask[0]=0x7ffbfeff, sa_flags=0x10000004
SIGXFSZ: [libjvm.so+0x51c0d0], sa_mask[0]=0x7ffbfeff, sa_flags=0x10000004
SIGILL: [libjvm.so+0x51c0d0], sa_mask[0]=0x7ffbfeff, sa_flags=0x10000004
SIGUSR1: SIG_DFL, sa_mask[0]=0x00000000, sa_flags=0x00000000
SIGUSR2: [libjvm.so+0x51b780], sa_mask[0]=0x00000004, sa_flags=0x10000004
SIGHUP: [libjvm.so+0x51e2f0], sa_mask[0]=0x7ffbfeff, sa_flags=0x10000004
SIGINT: SIG_IGN, sa_mask[0]=0x00000000, sa_flags=0x00000000
SIGTERM: [libjvm.so+0x51e2f0], sa_mask[0]=0x7ffbfeff, sa_flags=0x10000004
SIGQUIT: [libjvm.so+0x51e2f0], sa_mask[0]=0x7ffbfeff, sa_flags=0x10000004


---------------  S Y S T E M  ---------------

OS:Ubuntu 10.04 (lucid)
uname:Linux 2.6.32-33-generic #70-Ubuntu SMP Thu Jul 7 21:09:46 UTC 2011 i686
libc:glibc 2.11.1 NPTL 2.11.1 
rlimit: STACK 8192k, CORE 0k, NPROC infinity, NOFILE 1024, AS infinity
load average:0.71 0.50 0.45

/proc/meminfo:
MemTotal:        2836956 kB
MemFree:         1140956 kB
Buffers:           76424 kB
Cached:           798284 kB
SwapCached:            0 kB
Active:           897716 kB
Inactive:         702492 kB
Active(anon):     725908 kB
Inactive(anon):     7404 kB
Active(file):     171808 kB
Inactive(file):   695088 kB
Unevictable:          16 kB
Mlocked:              16 kB
HighTotal:       1973064 kB
HighFree:         417508 kB
LowTotal:         863892 kB
LowFree:          723448 kB
SwapTotal:       3234808 kB
SwapFree:        3234808 kB
Dirty:               112 kB
Writeback:             0 kB
AnonPages:        725388 kB
Mapped:           148588 kB
Shmem:              7816 kB
Slab:              36256 kB
SReclaimable:      24772 kB
SUnreclaim:        11484 kB
KernelStack:        2896 kB
PageTables:         7972 kB
NFS_Unstable:          0 kB
Bounce:                0 kB
WritebackTmp:          0 kB
CommitLimit:     4653284 kB
Committed_AS:    1934112 kB
VmallocTotal:     122880 kB
VmallocUsed:       72908 kB
VmallocChunk:      42876 kB
HardwareCorrupted:     0 kB
HugePages_Total:       0
HugePages_Free:        0
HugePages_Rsvd:        0
HugePages_Surp:        0
Hugepagesize:       4096 kB
DirectMap4k:       12280 kB
DirectMap4M:      897024 kB


CPU:total 2 (2 cores per cpu, 1 threads per core) family 17 model 3 stepping 1, cmov, cx8, fxsr, mmx, sse, sse2, sse3, mmxext, 3dnow, 3dnowext

Memory: 4k page, physical 2836956k(1140956k free), swap 3234808k(3234808k free)

vm_info: OpenJDK Server VM (19.0-b09) for linux-x86 JRE (1.6.0_20-b20), built on Jan 21 2012 08:10:55 by "buildd" with gcc 4.4.3

time: Sun Mar 25 17:40:21 2012
elapsed time: 0 seconds

