#
# A fatal error has been detected by the Java Runtime Environment:
#
#  SIGSEGV (0xb) at pc=0x0133f259, pid=10092, tid=3079031664
#
# JRE version: 6.0_20-b20
# Java VM: OpenJDK Server VM (19.0-b09 mixed mode linux-x86 )
# Derivative: IcedTea6 1.9.10
# Distribution: Ubuntu 10.04.1 LTS, package 6b20-1.9.10-0ubuntu1~10.04.3
# Problematic frame:
# V  [libjvm.so+0x630259]
#
# If you would like to submit a bug report, please include
# instructions how to reproduce the bug and visit:
#   https://bugs.launchpad.net/ubuntu/+source/openjdk-6/
#

---------------  T H R E A D  ---------------

Current thread (0x08115000):  JavaThread "main" [_thread_in_vm, id=10096, stack(0xb7814000,0xb7865000)]

siginfo:si_signo=SIGSEGV: si_errno=0, si_code=1 (SEGV_MAPERR), si_addr=0x00000008

Registers:
EAX=0x00000000, EBX=0x01419ff4, ECX=0x00000008, EDX=0x00000008
ESP=0xb7863ef4, EBP=0xb7863ef8, ESI=0xb7863f5c, EDI=0x00000008
EIP=0x0133f259, CR2=0x00000008, EFLAGS=0x00010246

Register to memory mapping:

EAX=0x00000000
0x00000000 is pointing to unknown location

EBX=0x01419ff4
0x01419ff4: <offset 0x70aff4> in /usr/lib/jvm/java-6-openjdk/jre/lib/i386/server/libjvm.so at 0x00d0f000

ECX=0x00000008
0x00000008 is pointing to unknown location

EDX=0x00000008
0x00000008 is pointing to unknown location

ESP=0xb7863ef4
0xb7863ef4 is pointing into the stack for thread: 0x08115000
"main" prio=10 tid=0x08115000 nid=0x2770 runnable [0xb7864000]
   java.lang.Thread.State: RUNNABLE

EBP=0xb7863ef8
0xb7863ef8 is pointing into the stack for thread: 0x08115000
"main" prio=10 tid=0x08115000 nid=0x2770 runnable [0xb7864000]
   java.lang.Thread.State: RUNNABLE

ESI=0xb7863f5c
0xb7863f5c is pointing into the stack for thread: 0x08115000
"main" prio=10 tid=0x08115000 nid=0x2770 runnable [0xb7864000]
   java.lang.Thread.State: RUNNABLE

EDI=0x00000008
0x00000008 is pointing to unknown location


Top of Stack: (sp=0xb7863ef4)
0xb7863ef4:   b7863f5c b7863f38 0109c758 00000008
0xb7863f04:   81333550 81154b48 0109c73e 0811f3c8
0xb7863f14:   0000006f 00836ab2 00000012 523beb0a
0xb7863f24:   00000000 0137fec8 01419ff4 08115000
0xb7863f34:   01430f90 b7863f68 0109c7f5 b7863f5c
0xb7863f44:   00000008 08115000 010acb84 b7863fac
0xb7863f54:   08115000 01419ff4 0109c7da 01419ff4
0xb7863f64:   08115000 b7863fc8 010aa732 00000008 

Instructions: (pc=0x0133f259)
0x0133f249:   5f 5d c3 8d 74 26 00 55 31 c0 89 e5 56 8b 4d 08
0x0133f259:   8a 11 84 d2 74 1c 90 81 e2 c0 00 00 00 83 c2 80 

Stack: [0xb7814000,0xb7865000],  sp=0xb7863ef4,  free space=319k
Native frames: (J=compiled Java code, j=interpreted, Vv=VM code, C=native code)
V  [libjvm.so+0x630259]
V  [libjvm.so+0x38d758]
V  [libjvm.so+0x38d7f5]
V  [libjvm.so+0x39b732]
C  [libvminfo.so+0x8a5]  Java_FileAccess_VMInfo_fillInfo+0xb4
j  FileAccess.VMInfo.fillInfo()V+0
j  FileAccess.VMInfo.main([Ljava/lang/String;)V+9
v  ~StubRoutines::call_stub
V  [libjvm.so+0x387d72]
V  [libjvm.so+0x519369]
V  [libjvm.so+0x386caf]
V  [libjvm.so+0x39214c]
V  [libjvm.so+0x3a11ad]
C  [java+0x321d]  JavaMain+0xd4d
C  [libpthread.so.0+0x596e]

Java frames: (J=compiled Java code, j=interpreted, Vv=VM code)
j  FileAccess.VMInfo.fillInfo()V+0
j  FileAccess.VMInfo.main([Ljava/lang/String;)V+9
v  ~StubRoutines::call_stub

---------------  P R O C E S S  ---------------

Java Threads: ( => current thread )
  0x081b8800 JavaThread "Low Memory Detector" daemon [_thread_blocked, id=10105, stack(0x8093c000,0x8098d000)]
  0x081b6800 JavaThread "CompilerThread1" daemon [_thread_blocked, id=10104, stack(0x8070c000,0x8078d000)]
  0x081b4800 JavaThread "CompilerThread0" daemon [_thread_blocked, id=10103, stack(0x8098d000,0x80a0e000)]
  0x081b3400 JavaThread "Signal Dispatcher" daemon [_thread_blocked, id=10102, stack(0x80a0e000,0x80a5f000)]
  0x081a0000 JavaThread "Finalizer" daemon [_thread_blocked, id=10101, stack(0x80a9e000,0x80aef000)]
  0x0819ec00 JavaThread "Reference Handler" daemon [_thread_blocked, id=10100, stack(0x80aef000,0x80b40000)]
=>0x08115000 JavaThread "main" [_thread_in_vm, id=10096, stack(0xb7814000,0xb7865000)]

Other Threads:
  0x0819ac00 VMThread [stack: 0x80b40000,0x80bc1000] [id=10099]
  0x081c2800 WatcherThread [stack: 0x8068b000,0x8070c000] [id=10106]

VM state:not at safepoint (normal execution)

VM Mutex/Monitor currently owned by a thread: None

Heap
 PSYoungGen      total 12992K, used 448K [0xa6000000, 0xa6e70000, 0xb4750000)
  eden space 11200K, 4% used [0xa6000000,0xa6070060,0xa6af0000)
  from space 1792K, 0% used [0xa6cb0000,0xa6cb0000,0xa6e70000)
  to   space 1792K, 0% used [0xa6af0000,0xa6af0000,0xa6cb0000)
 PSOldGen        total 29568K, used 0K [0x89150000, 0x8ae30000, 0xa6000000)
  object space 29568K, 0% used [0x89150000,0x89150000,0x8ae30000)
 PSPermGen       total 16384K, used 1939K [0x81150000, 0x82150000, 0x89150000)
  object space 16384K, 11% used [0x81150000,0x81334ef0,0x82150000)

Dynamic libraries:
00110000-00117000 r-xp 00000000 08:05 527227     /lib/tls/i686/cmov/librt-2.11.1.so
00117000-00118000 r--p 00006000 08:05 527227     /lib/tls/i686/cmov/librt-2.11.1.so
00118000-00119000 rw-p 00007000 08:05 527227     /lib/tls/i686/cmov/librt-2.11.1.so
00129000-0013c000 r-xp 00000000 08:05 527208     /lib/tls/i686/cmov/libnsl-2.11.1.so
0013c000-0013d000 r--p 00012000 08:05 527208     /lib/tls/i686/cmov/libnsl-2.11.1.so
0013d000-0013e000 rw-p 00013000 08:05 527208     /lib/tls/i686/cmov/libnsl-2.11.1.so
0013e000-00140000 rw-p 00000000 00:00 0 
001df000-00203000 r-xp 00000000 08:05 1586209    /usr/lib/jvm/java-6-openjdk/jre/lib/i386/libjava.so
00203000-00204000 r--p 00023000 08:05 1586209    /usr/lib/jvm/java-6-openjdk/jre/lib/i386/libjava.so
00204000-00206000 rw-p 00024000 08:05 1586209    /usr/lib/jvm/java-6-openjdk/jre/lib/i386/libjava.so
0030d000-00314000 r-xp 00000000 08:05 1586228    /usr/lib/jvm/java-6-openjdk/jre/lib/i386/native_threads/libhpi.so
00314000-00315000 r--p 00006000 08:05 1586228    /usr/lib/jvm/java-6-openjdk/jre/lib/i386/native_threads/libhpi.so
00315000-00316000 rw-p 00007000 08:05 1586228    /usr/lib/jvm/java-6-openjdk/jre/lib/i386/native_threads/libhpi.so
00377000-0038a000 r-xp 00000000 08:05 523463     /lib/libz.so.1.2.3.3
0038a000-0038b000 r--p 00012000 08:05 523463     /lib/libz.so.1.2.3.3
0038b000-0038c000 rw-p 00013000 08:05 523463     /lib/libz.so.1.2.3.3
003a9000-003cd000 r-xp 00000000 08:05 527205     /lib/tls/i686/cmov/libm-2.11.1.so
003cd000-003ce000 r--p 00023000 08:05 527205     /lib/tls/i686/cmov/libm-2.11.1.so
003ce000-003cf000 rw-p 00024000 08:05 527205     /lib/tls/i686/cmov/libm-2.11.1.so
0051d000-00520000 r-xp 00000000 08:05 1586197    /usr/lib/jvm/java-6-openjdk/jre/lib/i386/jli/libjli.so
00520000-00521000 r--p 00003000 08:05 1586197    /usr/lib/jvm/java-6-openjdk/jre/lib/i386/jli/libjli.so
00521000-00522000 rw-p 00004000 08:05 1586197    /usr/lib/jvm/java-6-openjdk/jre/lib/i386/jli/libjli.so
005a3000-006f6000 r-xp 00000000 08:05 527197     /lib/tls/i686/cmov/libc-2.11.1.so
006f6000-006f7000 ---p 00153000 08:05 527197     /lib/tls/i686/cmov/libc-2.11.1.so
006f7000-006f9000 r--p 00153000 08:05 527197     /lib/tls/i686/cmov/libc-2.11.1.so
006f9000-006fa000 rw-p 00155000 08:05 527197     /lib/tls/i686/cmov/libc-2.11.1.so
006fa000-006fd000 rw-p 00000000 00:00 0 
00797000-007a1000 r-xp 00000000 08:05 527214     /lib/tls/i686/cmov/libnss_files-2.11.1.so
007a1000-007a2000 r--p 00009000 08:05 527214     /lib/tls/i686/cmov/libnss_files-2.11.1.so
007a2000-007a3000 rw-p 0000a000 08:05 527214     /lib/tls/i686/cmov/libnss_files-2.11.1.so
00836000-00837000 r-xp 00000000 08:05 1592433    /usr/lib/libvminfo.so
00837000-00838000 r--p 00000000 08:05 1592433    /usr/lib/libvminfo.so
00838000-00839000 rw-p 00001000 08:05 1592433    /usr/lib/libvminfo.so
00886000-0088c000 r-xp 00000000 08:05 527210     /lib/tls/i686/cmov/libnss_compat-2.11.1.so
0088c000-0088d000 r--p 00006000 08:05 527210     /lib/tls/i686/cmov/libnss_compat-2.11.1.so
0088d000-0088e000 rw-p 00007000 08:05 527210     /lib/tls/i686/cmov/libnss_compat-2.11.1.so
009d7000-009ec000 r-xp 00000000 08:05 527223     /lib/tls/i686/cmov/libpthread-2.11.1.so
009ec000-009ed000 r--p 00014000 08:05 527223     /lib/tls/i686/cmov/libpthread-2.11.1.so
009ed000-009ee000 rw-p 00015000 08:05 527223     /lib/tls/i686/cmov/libpthread-2.11.1.so
009ee000-009f0000 rw-p 00000000 00:00 0 
00a0e000-00a15000 r-xp 00000000 08:05 1586226    /usr/lib/jvm/java-6-openjdk/jre/lib/i386/libzip.so
00a15000-00a16000 r--p 00006000 08:05 1586226    /usr/lib/jvm/java-6-openjdk/jre/lib/i386/libzip.so
00a16000-00a17000 rw-p 00007000 08:05 1586226    /usr/lib/jvm/java-6-openjdk/jre/lib/i386/libzip.so
00a64000-00a65000 r-xp 00000000 00:00 0          [vdso]
00b39000-00b45000 r-xp 00000000 08:05 1586225    /usr/lib/jvm/java-6-openjdk/jre/lib/i386/libverify.so
00b45000-00b46000 r--p 0000b000 08:05 1586225    /usr/lib/jvm/java-6-openjdk/jre/lib/i386/libverify.so
00b46000-00b47000 rw-p 0000c000 08:05 1586225    /usr/lib/jvm/java-6-openjdk/jre/lib/i386/libverify.so
00bbe000-00bd9000 r-xp 00000000 08:05 523290     /lib/ld-2.11.1.so
00bd9000-00bda000 r--p 0001a000 08:05 523290     /lib/ld-2.11.1.so
00bda000-00bdb000 rw-p 0001b000 08:05 523290     /lib/ld-2.11.1.so
00c25000-00c2d000 r-xp 00000000 08:05 527218     /lib/tls/i686/cmov/libnss_nis-2.11.1.so
00c2d000-00c2e000 r--p 00007000 08:05 527218     /lib/tls/i686/cmov/libnss_nis-2.11.1.so
00c2e000-00c2f000 rw-p 00008000 08:05 527218     /lib/tls/i686/cmov/libnss_nis-2.11.1.so
00d0b000-00d0d000 r-xp 00000000 08:05 527203     /lib/tls/i686/cmov/libdl-2.11.1.so
00d0d000-00d0e000 r--p 00001000 08:05 527203     /lib/tls/i686/cmov/libdl-2.11.1.so
00d0e000-00d0f000 rw-p 00002000 08:05 527203     /lib/tls/i686/cmov/libdl-2.11.1.so
00d0f000-013d4000 r-xp 00000000 08:05 1586230    /usr/lib/jvm/java-6-openjdk/jre/lib/i386/server/libjvm.so
013d4000-013d5000 ---p 006c5000 08:05 1586230    /usr/lib/jvm/java-6-openjdk/jre/lib/i386/server/libjvm.so
013d5000-0141a000 r--p 006c5000 08:05 1586230    /usr/lib/jvm/java-6-openjdk/jre/lib/i386/server/libjvm.so
0141a000-01429000 rw-p 0070a000 08:05 1586230    /usr/lib/jvm/java-6-openjdk/jre/lib/i386/server/libjvm.so
01429000-01848000 rw-p 00000000 00:00 0 
08048000-08051000 r-xp 00000000 08:05 1586258    /usr/lib/jvm/java-6-openjdk/jre/bin/java
08051000-08052000 r--p 00008000 08:05 1586258    /usr/lib/jvm/java-6-openjdk/jre/bin/java
08052000-08053000 rw-p 00009000 08:05 1586258    /usr/lib/jvm/java-6-openjdk/jre/bin/java
0810e000-081f5000 rw-p 00000000 00:00 0          [heap]
8068b000-8068c000 ---p 00000000 00:00 0 
8068c000-8070c000 rw-p 00000000 00:00 0 
8070c000-8070f000 ---p 00000000 00:00 0 
8070f000-8078d000 rw-p 00000000 00:00 0 
80800000-80821000 rw-p 00000000 00:00 0 
80821000-80900000 ---p 00000000 00:00 0 
80933000-8093c000 r--s 00065000 08:05 6219       /usr/share/java/gnome-java-bridge.jar
8093c000-8093f000 ---p 00000000 00:00 0 
8093f000-8098d000 rw-p 00000000 00:00 0 
8098d000-80990000 ---p 00000000 00:00 0 
80990000-80a0e000 rw-p 00000000 00:00 0 
80a0e000-80a11000 ---p 00000000 00:00 0 
80a11000-80a5f000 rw-p 00000000 00:00 0 
80a5f000-80a9e000 r--p 00000000 08:05 1577945    /usr/lib/locale/en_IN/LC_CTYPE
80a9e000-80aa1000 ---p 00000000 00:00 0 
80aa1000-80aef000 rw-p 00000000 00:00 0 
80aef000-80af2000 ---p 00000000 00:00 0 
80af2000-80b40000 rw-p 00000000 00:00 0 
80b40000-80b41000 ---p 00000000 00:00 0 
80b41000-80bc1000 rw-p 00000000 00:00 0 
80bc1000-80bc3000 r--s 0001d000 08:05 1577596    /usr/lib/jvm/java-6-openjdk/jre/lib/plugin.jar
80bc3000-80bc8000 r--s 00045000 08:05 1577595    /usr/lib/jvm/java-6-openjdk/jre/lib/netx.jar
80bc8000-80bfb000 rw-p 00000000 00:00 0 
80bfb000-80d8a000 r--s 038c4000 08:05 1586189    /usr/lib/jvm/java-6-openjdk/jre/lib/rt.jar
80d8a000-80d8b000 ---p 00000000 00:00 0 
80d8b000-80e0b000 rw-p 00000000 00:00 0 
80e0b000-80e0c000 ---p 00000000 00:00 0 
80e0c000-80e94000 rw-p 00000000 00:00 0 
80e94000-80ecc000 rw-p 00000000 00:00 0 
80ecc000-80edb000 rw-p 00000000 00:00 0 
80edb000-80fb4000 rw-p 00000000 00:00 0 
80fb4000-80fbc000 rw-p 00000000 00:00 0 
80fbc000-80ff4000 rw-p 00000000 00:00 0 
80ff4000-81003000 rw-p 00000000 00:00 0 
81003000-810db000 rw-p 00000000 00:00 0 
810db000-810e3000 rw-p 00000000 00:00 0 
810e3000-8114f000 rw-p 00000000 00:00 0 
8114f000-82150000 rw-p 00000000 00:00 0 
82150000-89150000 rw-p 00000000 00:00 0 
89150000-8ae30000 rw-p 00000000 00:00 0 
8ae30000-a6000000 rw-p 00000000 00:00 0 
a6000000-a6e70000 rw-p 00000000 00:00 0 
a6e70000-b4750000 rw-p 00000000 00:00 0 
b4754000-b475d000 rw-p 00000000 00:00 0 
b475d000-b4814000 rw-p 00000000 00:00 0 
b4814000-b4a54000 rwxp 00000000 00:00 0 
b4a54000-b7814000 rw-p 00000000 00:00 0 
b7814000-b7817000 ---p 00000000 00:00 0 
b7817000-b7868000 rw-p 00000000 00:00 0 
b786b000-b786d000 rw-p 00000000 00:00 0 
b786d000-b7870000 r--s 0000f000 08:05 1577575    /usr/lib/jvm/java-6-openjdk/jre/lib/ext/pulse-java.jar
b7870000-b7878000 rw-s 00000000 08:05 663732     /tmp/hsperfdata_root/10092
b7878000-b7879000 rw-p 00000000 00:00 0 
b7879000-b787a000 r--p 00000000 00:00 0 
b787a000-b787c000 rw-p 00000000 00:00 0 
bfde9000-bfdfe000 rw-p 00000000 00:00 0          [stack]

VM Arguments:
jvm_args: -Dfile.encoding=UTF-8 
java_command: FileAccess.VMInfo
Launcher Type: SUN_STANDARD

Environment Variables:
PATH=/usr/local/sbin:/usr/local/bin:/usr/sbin:/usr/bin:/sbin:/bin:/usr/games
USERNAME=root
LD_LIBRARY_PATH=/usr/lib/jvm/java-6-openjdk/jre/lib/i386/server:/usr/lib/jvm/java-6-openjdk/jre/lib/i386:/usr/lib/jvm/java-6-openjdk/jre/../lib/i386:/usr/lib/jvm/java-6-openjdk/jre/lib/i386/client:/usr/lib/jvm/java-6-openjdk/jre/lib/i386:/usr/lib/jvm/java-6-openjdk/jre/../lib/i386
SHELL=/bin/bash
DISPLAY=:0.0

Signal Handlers:
SIGSEGV: [libjvm.so+0x64a040], sa_mask[0]=0x7ffbfeff, sa_flags=0x10000004
SIGBUS: [libjvm.so+0x64a040], sa_mask[0]=0x7ffbfeff, sa_flags=0x10000004
SIGFPE: [libjvm.so+0x51c0d0], sa_mask[0]=0x7ffbfeff, sa_flags=0x10000004
SIGPIPE: [libjvm.so+0x51c0d0], sa_mask[0]=0x7ffbfeff, sa_flags=0x10000004
SIGXFSZ: [libjvm.so+0x51c0d0], sa_mask[0]=0x7ffbfeff, sa_flags=0x10000004
SIGILL: [libjvm.so+0x51c0d0], sa_mask[0]=0x7ffbfeff, sa_flags=0x10000004
SIGUSR1: SIG_DFL, sa_mask[0]=0x00000000, sa_flags=0x00000000
SIGUSR2: [libjvm.so+0x51b780], sa_mask[0]=0x00000004, sa_flags=0x10000004
SIGHUP: [libjvm.so+0x51e2f0], sa_mask[0]=0x7ffbfeff, sa_flags=0x10000004
SIGINT: SIG_IGN, sa_mask[0]=0x00000000, sa_flags=0x00000000
SIGTERM: [libjvm.so+0x51e2f0], sa_mask[0]=0x7ffbfeff, sa_flags=0x10000004
SIGQUIT: [libjvm.so+0x51e2f0], sa_mask[0]=0x7ffbfeff, sa_flags=0x10000004


---------------  S Y S T E M  ---------------

OS:Ubuntu 10.04 (lucid)
uname:Linux 2.6.32-33-generic #70-Ubuntu SMP Thu Jul 7 21:09:46 UTC 2011 i686
libc:glibc 2.11.1 NPTL 2.11.1 
rlimit: STACK 8192k, CORE 0k, NPROC infinity, NOFILE 1024, AS infinity
load average:0.54 0.77 0.77

/proc/meminfo:
MemTotal:        2836956 kB
MemFree:         1582208 kB
Buffers:           52848 kB
Cached:           403300 kB
SwapCached:       108180 kB
Active:           348480 kB
Inactive:         811776 kB
Active(anon):     133688 kB
Inactive(anon):   577040 kB
Active(file):     214792 kB
Inactive(file):   234736 kB
Unevictable:           0 kB
Mlocked:               0 kB
HighTotal:       1973064 kB
HighFree:         823736 kB
LowTotal:         863892 kB
LowFree:          758472 kB
SwapTotal:       3234808 kB
SwapFree:        3059052 kB
Dirty:               188 kB
Writeback:             0 kB
AnonPages:        628656 kB
Mapped:           118968 kB
Shmem:              6620 kB
Slab:              25320 kB
SReclaimable:      13732 kB
SUnreclaim:        11588 kB
KernelStack:        2856 kB
PageTables:         7164 kB
NFS_Unstable:          0 kB
Bounce:                0 kB
WritebackTmp:          0 kB
CommitLimit:     4653284 kB
Committed_AS:    1812364 kB
VmallocTotal:     122880 kB
VmallocUsed:       73304 kB
VmallocChunk:      27796 kB
HardwareCorrupted:     0 kB
HugePages_Total:       0
HugePages_Free:        0
HugePages_Rsvd:        0
HugePages_Surp:        0
Hugepagesize:       4096 kB
DirectMap4k:       12280 kB
DirectMap4M:      897024 kB


CPU:total 2 (2 cores per cpu, 1 threads per core) family 17 model 3 stepping 1, cmov, cx8, fxsr, mmx, sse, sse2, sse3, mmxext, 3dnow, 3dnowext

Memory: 4k page, physical 2836956k(1582208k free), swap 3234808k(3059052k free)

vm_info: OpenJDK Server VM (19.0-b09) for linux-x86 JRE (1.6.0_20-b20), built on Jan 21 2012 08:10:55 by "buildd" with gcc 4.4.3

time: Fri Mar 23 00:59:36 2012
elapsed time: 0 seconds

