#
# A fatal error has been detected by the Java Runtime Environment:
#
#  SIGSEGV (0xb) at pc=0x002befe1, pid=3570, tid=3079494512
#
# JRE version: 6.0_20-b20
# Java VM: OpenJDK Server VM (19.0-b09 mixed mode linux-x86 )
# Derivative: IcedTea6 1.9.10
# Distribution: Ubuntu 10.04.1 LTS, package 6b20-1.9.10-0ubuntu1~10.04.3
# Problematic frame:
# C  [libc.so.6+0x74fe1]
#
# If you would like to submit a bug report, please include
# instructions how to reproduce the bug and visit:
#   https://bugs.launchpad.net/ubuntu/+source/openjdk-6/
#

---------------  T H R E A D  ---------------

Current thread (0x09ac0000):  JavaThread "main" [_thread_in_vm, id=3573, stack(0xb7885000,0xb78d6000)]

siginfo:si_signo=SIGSEGV: si_errno=0, si_code=1 (SEGV_MAPERR), si_addr=0x80900000

Registers:
EAX=0x0000012c, EBX=0x013b8ff4, ECX=0x0000001a, EDX=0xb78d4cd8
ESP=0xb78d4c9c, EBP=0xb78d4d08, ESI=0x808ffffe, EDI=0xa67cba08
EIP=0x002befe1, CR2=0x80900000, EFLAGS=0x00010216

Register to memory mapping:

EAX=0x0000012c
0x0000012c is pointing to unknown location

EBX=0x013b8ff4
0x013b8ff4: <offset 0x70aff4> in /usr/lib/jvm/java-6-openjdk/jre/lib/i386/server/libjvm.so at 0x00cae000

ECX=0x0000001a
0x0000001a is pointing to unknown location

EDX=0xb78d4cd8
0xb78d4cd8 is pointing into the stack for thread: 0x09ac0000
"main" prio=10 tid=0x09ac0000 nid=0xdf5 runnable [0xb78d4000]
   java.lang.Thread.State: RUNNABLE

ESP=0xb78d4c9c
0xb78d4c9c is pointing into the stack for thread: 0x09ac0000
"main" prio=10 tid=0x09ac0000 nid=0xdf5 runnable [0xb78d4000]
   java.lang.Thread.State: RUNNABLE

EBP=0xb78d4d08
0xb78d4d08 is pointing into the stack for thread: 0x09ac0000
"main" prio=10 tid=0x09ac0000 nid=0xdf5 runnable [0xb78d4000]
   java.lang.Thread.State: RUNNABLE

ESI=0x808ffffe
0x808ffffe is pointing to unknown location

EDI=0xa67cba08

[error occurred during error reporting (printing registers, top of stack, instructions near pc), id 0xe0000000]

Stack: [0xb7885000,0xb78d6000],  sp=0xb78d4c9c,  free space=319k
Native frames: (J=compiled Java code, j=interpreted, Vv=VM code, C=native code)
C  [libc.so.6+0x74fe1]
C  [libpacketlib.so+0x5011]  fill_buffer+0x96
C  [libpacketlib.so+0x54e6]  fill_tcp_hdr+0x105
C  [libpacketlib.so+0x3deb]  fillpackets+0xa3
C  [libpacketlib.so+0x3fc7]  fill_flow_packets+0x198
C  [libpacketlib.so+0x1ba0]  Java_FileAccess_GetPacket_fillpackets+0x110
j  FileAccess.GetPacket.fillpackets()V+0
j  FileAccess.GetPacket.main([Ljava/lang/String;)V+148
v  ~StubRoutines::call_stub
V  [libjvm.so+0x387d72]
V  [libjvm.so+0x519369]
V  [libjvm.so+0x386caf]
V  [libjvm.so+0x39214c]
V  [libjvm.so+0x3a11ad]
C  [java+0x321d]  JavaMain+0xd4d
C  [libpthread.so.0+0x596e]

Java frames: (J=compiled Java code, j=interpreted, Vv=VM code)
j  FileAccess.GetPacket.fillpackets()V+0
j  FileAccess.GetPacket.main([Ljava/lang/String;)V+148
v  ~StubRoutines::call_stub

---------------  P R O C E S S  ---------------

Java Threads: ( => current thread )
  0x80802c00 JavaThread "Low Memory Detector" daemon [_thread_blocked, id=3583, stack(0x8092b000,0x8097c000)]
  0x80800c00 JavaThread "CompilerThread1" daemon [_thread_blocked, id=3582, stack(0x8097c000,0x809fd000)]
  0x09b5f800 JavaThread "CompilerThread0" daemon [_thread_blocked, id=3581, stack(0x809fd000,0x80a7e000)]
  0x09b5e400 JavaThread "Signal Dispatcher" daemon [_thread_blocked, id=3580, stack(0x80a7e000,0x80acf000)]
  0x09b4b000 JavaThread "Finalizer" daemon [_thread_blocked, id=3579, stack(0x80b0e000,0x80b5f000)]
  0x09b49c00 JavaThread "Reference Handler" daemon [_thread_blocked, id=3578, stack(0x80b5f000,0x80bb0000)]
=>0x09ac0000 JavaThread "main" [_thread_in_vm, id=3573, stack(0xb7885000,0xb78d6000)]

Other Threads:
  0x09b45c00 VMThread [stack: 0x80bb0000,0x80c31000] [id=3577]
  0x80804c00 WatcherThread [stack: 0x8077f000,0x80800000] [id=3584]

VM state:not at safepoint (normal execution)

VM Mutex/Monitor currently owned by a thread: None

Heap
 PSYoungGen      total 12992K, used 7711K [0xa6070000, 0xa6ee0000, 0xb47c0000)
  eden space 11200K, 68% used [0xa6070000,0xa67f7dd8,0xa6b60000)
  from space 1792K, 0% used [0xa6d20000,0xa6d20000,0xa6ee0000)
  to   space 1792K, 0% used [0xa6b60000,0xa6b60000,0xa6d20000)
 PSOldGen        total 29568K, used 0K [0x891c0000, 0x8aea0000, 0xa6070000)
  object space 29568K, 0% used [0x891c0000,0x891c0000,0x8aea0000)
 PSPermGen       total 16384K, used 1971K [0x811c0000, 0x821c0000, 0x891c0000)
  object space 16384K, 12% used [0x811c0000,0x813acee0,0x821c0000)

Dynamic libraries:
00110000-00134000 r-xp 00000000 08:05 527205     /lib/tls/i686/cmov/libm-2.11.1.so
00134000-00135000 r--p 00023000 08:05 527205     /lib/tls/i686/cmov/libm-2.11.1.so
00135000-00136000 rw-p 00024000 08:05 527205     /lib/tls/i686/cmov/libm-2.11.1.so
00136000-00142000 r-xp 00000000 08:05 1586225    /usr/lib/jvm/java-6-openjdk/jre/lib/i386/libverify.so
00142000-00143000 r--p 0000b000 08:05 1586225    /usr/lib/jvm/java-6-openjdk/jre/lib/i386/libverify.so
00143000-00144000 rw-p 0000c000 08:05 1586225    /usr/lib/jvm/java-6-openjdk/jre/lib/i386/libverify.so
00144000-00168000 r-xp 00000000 08:05 1586209    /usr/lib/jvm/java-6-openjdk/jre/lib/i386/libjava.so
00168000-00169000 r--p 00023000 08:05 1586209    /usr/lib/jvm/java-6-openjdk/jre/lib/i386/libjava.so
00169000-0016b000 rw-p 00024000 08:05 1586209    /usr/lib/jvm/java-6-openjdk/jre/lib/i386/libjava.so
0016b000-0017e000 r-xp 00000000 08:05 527208     /lib/tls/i686/cmov/libnsl-2.11.1.so
0017e000-0017f000 r--p 00012000 08:05 527208     /lib/tls/i686/cmov/libnsl-2.11.1.so
0017f000-00180000 rw-p 00013000 08:05 527208     /lib/tls/i686/cmov/libnsl-2.11.1.so
00180000-00182000 rw-p 00000000 00:00 0 
00182000-00189000 r-xp 00000000 08:05 1586228    /usr/lib/jvm/java-6-openjdk/jre/lib/i386/native_threads/libhpi.so
00189000-0018a000 r--p 00006000 08:05 1586228    /usr/lib/jvm/java-6-openjdk/jre/lib/i386/native_threads/libhpi.so
0018a000-0018b000 rw-p 00007000 08:05 1586228    /usr/lib/jvm/java-6-openjdk/jre/lib/i386/native_threads/libhpi.so
0018b000-00193000 r-xp 00000000 08:05 527218     /lib/tls/i686/cmov/libnss_nis-2.11.1.so
00193000-00194000 r--p 00007000 08:05 527218     /lib/tls/i686/cmov/libnss_nis-2.11.1.so
00194000-00195000 rw-p 00008000 08:05 527218     /lib/tls/i686/cmov/libnss_nis-2.11.1.so
00195000-0019f000 r-xp 00000000 08:05 527214     /lib/tls/i686/cmov/libnss_files-2.11.1.so
0019f000-001a0000 r--p 00009000 08:05 527214     /lib/tls/i686/cmov/libnss_files-2.11.1.so
001a0000-001a1000 rw-p 0000a000 08:05 527214     /lib/tls/i686/cmov/libnss_files-2.11.1.so
0022d000-00248000 r-xp 00000000 08:05 523290     /lib/ld-2.11.1.so
00248000-00249000 r--p 0001a000 08:05 523290     /lib/ld-2.11.1.so
00249000-0024a000 rw-p 0001b000 08:05 523290     /lib/ld-2.11.1.so
0024a000-0039d000 r-xp 00000000 08:05 527197     /lib/tls/i686/cmov/libc-2.11.1.so
0039d000-0039e000 ---p 00153000 08:05 527197     /lib/tls/i686/cmov/libc-2.11.1.so
0039e000-003a0000 r--p 00153000 08:05 527197     /lib/tls/i686/cmov/libc-2.11.1.so
003a0000-003a1000 rw-p 00155000 08:05 527197     /lib/tls/i686/cmov/libc-2.11.1.so
003a1000-003a4000 rw-p 00000000 00:00 0 
00407000-00409000 r-xp 00000000 08:05 527203     /lib/tls/i686/cmov/libdl-2.11.1.so
00409000-0040a000 r--p 00001000 08:05 527203     /lib/tls/i686/cmov/libdl-2.11.1.so
0040a000-0040b000 rw-p 00002000 08:05 527203     /lib/tls/i686/cmov/libdl-2.11.1.so
00492000-00499000 r-xp 00000000 08:05 1586226    /usr/lib/jvm/java-6-openjdk/jre/lib/i386/libzip.so
00499000-0049a000 r--p 00006000 08:05 1586226    /usr/lib/jvm/java-6-openjdk/jre/lib/i386/libzip.so
0049a000-0049b000 rw-p 00007000 08:05 1586226    /usr/lib/jvm/java-6-openjdk/jre/lib/i386/libzip.so
004be000-004c4000 r-xp 00000000 08:05 527210     /lib/tls/i686/cmov/libnss_compat-2.11.1.so
004c4000-004c5000 r--p 00006000 08:05 527210     /lib/tls/i686/cmov/libnss_compat-2.11.1.so
004c5000-004c6000 rw-p 00007000 08:05 527210     /lib/tls/i686/cmov/libnss_compat-2.11.1.so
00730000-00737000 r-xp 00000000 08:05 527227     /lib/tls/i686/cmov/librt-2.11.1.so
00737000-00738000 r--p 00006000 08:05 527227     /lib/tls/i686/cmov/librt-2.11.1.so
00738000-00739000 rw-p 00007000 08:05 527227     /lib/tls/i686/cmov/librt-2.11.1.so
007ca000-007d2000 r-xp 00000000 08:05 1589892    /usr/lib/libpacketlib.so
007d2000-007d3000 r--p 00007000 08:05 1589892    /usr/lib/libpacketlib.so
007d3000-007d4000 rw-p 00008000 08:05 1589892    /usr/lib/libpacketlib.so
00841000-00854000 r-xp 00000000 08:05 523463     /lib/libz.so.1.2.3.3
00854000-00855000 r--p 00012000 08:05 523463     /lib/libz.so.1.2.3.3
00855000-00856000 rw-p 00013000 08:05 523463     /lib/libz.so.1.2.3.3
00a4a000-00a5f000 r-xp 00000000 08:05 527223     /lib/tls/i686/cmov/libpthread-2.11.1.so
00a5f000-00a60000 r--p 00014000 08:05 527223     /lib/tls/i686/cmov/libpthread-2.11.1.so
00a60000-00a61000 rw-p 00015000 08:05 527223     /lib/tls/i686/cmov/libpthread-2.11.1.so
00a61000-00a63000 rw-p 00000000 00:00 0 
00b8a000-00b8b000 r-xp 00000000 00:00 0          [vdso]
00ca9000-00cac000 r-xp 00000000 08:05 1586197    /usr/lib/jvm/java-6-openjdk/jre/lib/i386/jli/libjli.so
00cac000-00cad000 r--p 00003000 08:05 1586197    /usr/lib/jvm/java-6-openjdk/jre/lib/i386/jli/libjli.so
00cad000-00cae000 rw-p 00004000 08:05 1586197    /usr/lib/jvm/java-6-openjdk/jre/lib/i386/jli/libjli.so
00cae000-01373000 r-xp 00000000 08:05 1586230    /usr/lib/jvm/java-6-openjdk/jre/lib/i386/server/libjvm.so
01373000-01374000 ---p 006c5000 08:05 1586230    /usr/lib/jvm/java-6-openjdk/jre/lib/i386/server/libjvm.so
01374000-013b9000 r--p 006c5000 08:05 1586230    /usr/lib/jvm/java-6-openjdk/jre/lib/i386/server/libjvm.so
013b9000-013c8000 rw-p 0070a000 08:05 1586230    /usr/lib/jvm/java-6-openjdk/jre/lib/i386/server/libjvm.so
013c8000-017e7000 rw-p 00000000 00:00 0 
08048000-08051000 r-xp 00000000 08:05 1586258    /usr/lib/jvm/java-6-openjdk/jre/bin/java
08051000-08052000 r--p 00008000 08:05 1586258    /usr/lib/jvm/java-6-openjdk/jre/bin/java
08052000-08053000 rw-p 00009000 08:05 1586258    /usr/lib/jvm/java-6-openjdk/jre/bin/java
09ab9000-09b7f000 rw-p 00000000 00:00 0          [heap]
80400000-8049d000 rw-p 00000000 00:00 0 
8049d000-80500000 ---p 00000000 00:00 0 
8057b000-8077f000 rw-p 00000000 00:00 0 
8077f000-80780000 ---p 00000000 00:00 0 
80780000-80800000 rw-p 00000000 00:00 0 
80800000-80900000 rw-p 00000000 00:00 0 
80922000-8092b000 r--s 00065000 08:05 6219       /usr/share/java/gnome-java-bridge.jar
8092b000-8092e000 ---p 00000000 00:00 0 
8092e000-8097c000 rw-p 00000000 00:00 0 
8097c000-8097f000 ---p 00000000 00:00 0 
8097f000-809fd000 rw-p 00000000 00:00 0 
809fd000-80a00000 ---p 00000000 00:00 0 
80a00000-80a7e000 rw-p 00000000 00:00 0 
80a7e000-80a81000 ---p 00000000 00:00 0 
80a81000-80acf000 rw-p 00000000 00:00 0 
80acf000-80b0e000 r--p 00000000 08:05 1577945    /usr/lib/locale/en_IN/LC_CTYPE
80b0e000-80b11000 ---p 00000000 00:00 0 
80b11000-80b5f000 rw-p 00000000 00:00 0 
80b5f000-80b62000 ---p 00000000 00:00 0 
80b62000-80bb0000 rw-p 00000000 00:00 0 
80bb0000-80bb1000 ---p 00000000 00:00 0 
80bb1000-80c31000 rw-p 00000000 00:00 0 
80c31000-80c33000 r--s 0001d000 08:05 1577596    /usr/lib/jvm/java-6-openjdk/jre/lib/plugin.jar
80c33000-80c38000 r--s 00045000 08:05 1577595    /usr/lib/jvm/java-6-openjdk/jre/lib/netx.jar
80c38000-80c6b000 rw-p 00000000 00:00 0 
80c6b000-80dfa000 r--s 038c4000 08:05 1586189    /usr/lib/jvm/java-6-openjdk/jre/lib/rt.jar
80dfa000-80dfb000 ---p 00000000 00:00 0 
80dfb000-80e7b000 rw-p 00000000 00:00 0 
80e7b000-80e7c000 ---p 00000000 00:00 0 
80e7c000-80f04000 rw-p 00000000 00:00 0 
80f04000-80f3c000 rw-p 00000000 00:00 0 
80f3c000-80f4b000 rw-p 00000000 00:00 0 
80f4b000-81024000 rw-p 00000000 00:00 0 
81024000-8102c000 rw-p 00000000 00:00 0 
8102c000-81064000 rw-p 00000000 00:00 0 
81064000-81073000 rw-p 00000000 00:00 0 
81073000-8114b000 rw-p 00000000 00:00 0 
8114b000-81153000 rw-p 00000000 00:00 0 
81153000-811bf000 rw-p 00000000 00:00 0 
811bf000-821c0000 rw-p 00000000 00:00 0 
821c0000-891c0000 rw-p 00000000 00:00 0 
891c0000-8aea0000 rw-p 00000000 00:00 0 
8aea0000-a6070000 rw-p 00000000 00:00 0 
a6070000-a6ee0000 rw-p 00000000 00:00 0 
a6ee0000-b47c0000 rw-p 00000000 00:00 0 
b47c5000-b47ce000 rw-p 00000000 00:00 0 
b47ce000-b4885000 rw-p 00000000 00:00 0 
b4885000-b4ac5000 rwxp 00000000 00:00 0 
b4ac5000-b7885000 rw-p 00000000 00:00 0 
b7885000-b7888000 ---p 00000000 00:00 0 
b7888000-b78d9000 rw-p 00000000 00:00 0 
b78dc000-b78dd000 rw-p 00000000 00:00 0 
b78de000-b78e1000 r--s 0000f000 08:05 1577575    /usr/lib/jvm/java-6-openjdk/jre/lib/ext/pulse-java.jar
b78e1000-b78e9000 rw-s 00000000 08:05 669924     /tmp/hsperfdata_root/3570
b78e9000-b78ea000 rw-p 00000000 00:00 0 
b78ea000-b78eb000 r--p 00000000 00:00 0 
b78eb000-b78ed000 rw-p 00000000 00:00 0 
bf9df000-bf9f4000 rw-p 00000000 00:00 0          [stack]

VM Arguments:
jvm_args: -Dfile.encoding=UTF-8 
java_command: FileAccess.GetPacket
Launcher Type: SUN_STANDARD

Environment Variables:
PATH=/usr/local/sbin:/usr/local/bin:/usr/sbin:/usr/bin:/sbin:/bin:/usr/games
USERNAME=root
LD_LIBRARY_PATH=/usr/lib/jvm/java-6-openjdk/jre/lib/i386/server:/usr/lib/jvm/java-6-openjdk/jre/lib/i386:/usr/lib/jvm/java-6-openjdk/jre/../lib/i386:/usr/lib/jvm/java-6-openjdk/jre/lib/i386/client:/usr/lib/jvm/java-6-openjdk/jre/lib/i386:/usr/lib/jvm/java-6-openjdk/jre/../lib/i386
SHELL=/bin/bash
DISPLAY=:0.0

Signal Handlers:
SIGSEGV: [libjvm.so+0x64a040], sa_mask[0]=0x7ffbfeff, sa_flags=0x10000004
SIGBUS: [libjvm.so+0x64a040], sa_mask[0]=0x7ffbfeff, sa_flags=0x10000004
SIGFPE: [libjvm.so+0x51c0d0], sa_mask[0]=0x7ffbfeff, sa_flags=0x10000004
SIGPIPE: [libjvm.so+0x51c0d0], sa_mask[0]=0x7ffbfeff, sa_flags=0x10000004
SIGXFSZ: [libjvm.so+0x51c0d0], sa_mask[0]=0x7ffbfeff, sa_flags=0x10000004
SIGILL: [libjvm.so+0x51c0d0], sa_mask[0]=0x7ffbfeff, sa_flags=0x10000004
SIGUSR1: SIG_DFL, sa_mask[0]=0x00000000, sa_flags=0x00000000
SIGUSR2: [libjvm.so+0x51b780], sa_mask[0]=0x00000004, sa_flags=0x10000004
SIGHUP: [libjvm.so+0x51e2f0], sa_mask[0]=0x7ffbfeff, sa_flags=0x10000004
SIGINT: SIG_IGN, sa_mask[0]=0x00000000, sa_flags=0x00000000
SIGTERM: [libjvm.so+0x51e2f0], sa_mask[0]=0x7ffbfeff, sa_flags=0x10000004
SIGQUIT: [libjvm.so+0x51e2f0], sa_mask[0]=0x7ffbfeff, sa_flags=0x10000004


---------------  S Y S T E M  ---------------

OS:Ubuntu 10.04 (lucid)
uname:Linux 2.6.32-33-generic #70-Ubuntu SMP Thu Jul 7 21:09:46 UTC 2011 i686
libc:glibc 2.11.1 NPTL 2.11.1 
rlimit: STACK 8192k, CORE 0k, NPROC infinity, NOFILE 1024, AS infinity
load average:0.67 0.68 0.74

/proc/meminfo:
MemTotal:        2836956 kB
MemFree:         1579020 kB
Buffers:           70908 kB
Cached:           494184 kB
SwapCached:            0 kB
Active:           769468 kB
Inactive:         393356 kB
Active(anon):     598132 kB
Inactive(anon):     5904 kB
Active(file):     171336 kB
Inactive(file):   387452 kB
Unevictable:           0 kB
Mlocked:               0 kB
HighTotal:       1973064 kB
HighFree:         850764 kB
LowTotal:         863892 kB
LowFree:          728256 kB
SwapTotal:       3234808 kB
SwapFree:        3234808 kB
Dirty:               208 kB
Writeback:             0 kB
AnonPages:        597868 kB
Mapped:           110384 kB
Shmem:              6308 kB
Slab:              37940 kB
SReclaimable:      27204 kB
SUnreclaim:        10736 kB
KernelStack:        2592 kB
PageTables:         6604 kB
NFS_Unstable:          0 kB
Bounce:                0 kB
WritebackTmp:          0 kB
CommitLimit:     4653284 kB
Committed_AS:    1520892 kB
VmallocTotal:     122880 kB
VmallocUsed:       73228 kB
VmallocChunk:      42876 kB
HardwareCorrupted:     0 kB
HugePages_Total:       0
HugePages_Free:        0
HugePages_Rsvd:        0
HugePages_Surp:        0
Hugepagesize:       4096 kB
DirectMap4k:       12280 kB
DirectMap4M:      897024 kB


CPU:total 2 (2 cores per cpu, 1 threads per core) family 17 model 3 stepping 1, cmov, cx8, fxsr, mmx, sse, sse2, sse3, mmxext, 3dnow, 3dnowext

Memory: 4k page, physical 2836956k(1579020k free), swap 3234808k(3234808k free)

vm_info: OpenJDK Server VM (19.0-b09) for linux-x86 JRE (1.6.0_20-b20), built on Jan 21 2012 08:10:55 by "buildd" with gcc 4.4.3

time: Sun Mar 18 18:05:10 2012
elapsed time: 0 seconds

