#
# A fatal error has been detected by the Java Runtime Environment:
#
#  SIGSEGV (0xb) at pc=0x00700e77, pid=4003, tid=2157153136
#
# JRE version: 6.0_20-b20
# Java VM: OpenJDK Server VM (19.0-b09 mixed mode linux-x86 )
# Derivative: IcedTea6 1.9.10
# Distribution: Ubuntu 10.04.1 LTS, package 6b20-1.9.10-0ubuntu1~10.04.3
# Problematic frame:
# 
[error occurred during error reporting (printing problematic frame), id 0xb]

# If you would like to submit a bug report, please include
# instructions how to reproduce the bug and visit:
#   https://bugs.launchpad.net/ubuntu/+source/openjdk-6/
#

---------------  T H R E A D  ---------------

Current thread (0x09005c00):  VMThread [stack: 0x808b8000,0x80939000] [id=4010]

siginfo:si_signo=SIGSEGV: si_errno=0, si_code=1 (SEGV_MAPERR), si_addr=0x0000ae20

Registers:
EAX=0x00706a7c, EBX=0x00708ff4, ECX=0x00708f30, EDX=0x80938000
ESP=0x80937fc0, EBP=0x80937fd8, ESI=0x00000011, EDI=0x09039ca8
EIP=0x00700e77, CR2=0x0000ae20, EFLAGS=0x00010286

Register to memory mapping:

EAX=0x00706a7c

[error occurred during error reporting (printing registers, top of stack, instructions near pc), id 0xb]

Stack: [0x808b8000,0x80939000],  sp=0x80937fc0,  free space=511k
Native frames: (J=compiled Java code, j=interpreted, Vv=VM code, C=native code)

[error occurred during error reporting (printing native stack), id 0xb]

VM_Operation (0x7f8fede4): Exit, mode: safepoint, requested by thread 0x0a222400


---------------  P R O C E S S  ---------------

Java Threads: ( => current thread )
  0x0a222400 JavaThread "SIGTERM handler" daemon [_thread_blocked, id=4329, stack(0x7f8af000,0x7f900000)]
  0x09025000 JavaThread "Low Memory Detector" daemon [_thread_blocked, id=4017, stack(0x80633000,0x80684000)]
  0x09021800 JavaThread "CompilerThread1" daemon [_thread_blocked, id=4016, stack(0x80684000,0x80705000)]
  0x0901f800 JavaThread "CompilerThread0" daemon [_thread_blocked, id=4015, stack(0x80705000,0x80786000)]
  0x0900b000 JavaThread "Finalizer" daemon [_thread_blocked, id=4012, stack(0x80816000,0x80867000)]
  0x09009c00 JavaThread "Reference Handler" daemon [_thread_blocked, id=4011, stack(0x80867000,0x808b8000)]
  0x08f80000 JavaThread "main" [_thread_blocked, id=4007, stack(0xb769e000,0xb76ef000)]

Other Threads:
=>0x09005c00 VMThread [stack: 0x808b8000,0x80939000] [id=4010]

VM state:at safepoint (shutting down)

VM Mutex/Monitor currently owned by a thread:  ([mutex/lock_event])
[0x08f7de60] Threads_lock - owner thread: 0x09005c00

Heap
 PSYoungGen      total 66240K, used 40810K [0xa5e80000, 0xab870000, 0xb45d0000)
  eden space 45248K, 86% used [0xa5e80000,0xa8496850,0xa8ab0000)
  from space 20992K, 8% used [0xaa3f0000,0xaa5b4000,0xab870000)
  to   space 23424K, 0% used [0xa8ab0000,0xa8ab0000,0xaa190000)
 PSOldGen        total 91392K, used 44580K [0x88fd0000, 0x8e910000, 0xa5e80000)
  object space 91392K, 48% used [0x88fd0000,0x8bb59008,0x8e910000)
 PSPermGen       total 16384K, used 2099K [0x80fd0000, 0x81fd0000, 0x88fd0000)
  object space 16384K, 12% used [0x80fd0000,0x811dcc68,0x81fd0000)

Dynamic libraries:
00110000-0011c000 r-xp 00000000 08:05 1586225    /usr/lib/jvm/java-6-openjdk/jre/lib/i386/libverify.so
0011c000-0011d000 r--p 0000b000 08:05 1586225    /usr/lib/jvm/java-6-openjdk/jre/lib/i386/libverify.so
0011d000-0011e000 rw-p 0000c000 08:05 1586225    /usr/lib/jvm/java-6-openjdk/jre/lib/i386/libverify.so
0011e000-00142000 r-xp 00000000 08:05 1586209    /usr/lib/jvm/java-6-openjdk/jre/lib/i386/libjava.so
00142000-00143000 r--p 00023000 08:05 1586209    /usr/lib/jvm/java-6-openjdk/jre/lib/i386/libjava.so
00143000-00145000 rw-p 00024000 08:05 1586209    /usr/lib/jvm/java-6-openjdk/jre/lib/i386/libjava.so
00145000-0014f000 r-xp 00000000 08:05 527214     /lib/tls/i686/cmov/libnss_files-2.11.1.so
0014f000-00150000 r--p 00009000 08:05 527214     /lib/tls/i686/cmov/libnss_files-2.11.1.so
00150000-00151000 rw-p 0000a000 08:05 527214     /lib/tls/i686/cmov/libnss_files-2.11.1.so
00215000-0021c000 r-xp 00000000 08:05 1586226    /usr/lib/jvm/java-6-openjdk/jre/lib/i386/libzip.so
0021c000-0021d000 r--p 00006000 08:05 1586226    /usr/lib/jvm/java-6-openjdk/jre/lib/i386/libzip.so
0021d000-0021e000 rw-p 00007000 08:05 1586226    /usr/lib/jvm/java-6-openjdk/jre/lib/i386/libzip.so
0022a000-00245000 r-xp 00000000 08:05 523290     /lib/ld-2.11.1.so
00245000-00246000 r--p 0001a000 08:05 523290     /lib/ld-2.11.1.so
00246000-00247000 rw-p 0001b000 08:05 523290     /lib/ld-2.11.1.so
00656000-0065c000 r-xp 00000000 08:05 527210     /lib/tls/i686/cmov/libnss_compat-2.11.1.so
0065c000-0065d000 r--p 00006000 08:05 527210     /lib/tls/i686/cmov/libnss_compat-2.11.1.so
0065d000-0065e000 rw-p 00007000 08:05 527210     /lib/tls/i686/cmov/libnss_compat-2.11.1.so
00677000-0069b000 r-xp 00000000 08:05 527205     /lib/tls/i686/cmov/libm-2.11.1.so
0069b000-0069c000 r--p 00023000 08:05 527205     /lib/tls/i686/cmov/libm-2.11.1.so
0069c000-0069d000 rw-p 00024000 08:05 527205     /lib/tls/i686/cmov/libm-2.11.1.so
006ff000-00708000 r-xp 00000000 08:05 1589892    /usr/lib/libpacketlib.so
00708000-00709000 r--p 00008000 08:05 1589892    /usr/lib/libpacketlib.so
00709000-0070a000 rw-p 00009000 08:05 1589892    /usr/lib/libpacketlib.so
00819000-00821000 r-xp 00000000 08:05 527218     /lib/tls/i686/cmov/libnss_nis-2.11.1.so
00821000-00822000 r--p 00007000 08:05 527218     /lib/tls/i686/cmov/libnss_nis-2.11.1.so
00822000-00823000 rw-p 00008000 08:05 527218     /lib/tls/i686/cmov/libnss_nis-2.11.1.so
00858000-0085f000 r-xp 00000000 08:05 527227     /lib/tls/i686/cmov/librt-2.11.1.so
0085f000-00860000 r--p 00006000 08:05 527227     /lib/tls/i686/cmov/librt-2.11.1.so
00860000-00861000 rw-p 00007000 08:05 527227     /lib/tls/i686/cmov/librt-2.11.1.so
0088b000-0088e000 r-xp 00000000 08:05 1586197    /usr/lib/jvm/java-6-openjdk/jre/lib/i386/jli/libjli.so
0088e000-0088f000 r--p 00003000 08:05 1586197    /usr/lib/jvm/java-6-openjdk/jre/lib/i386/jli/libjli.so
0088f000-00890000 rw-p 00004000 08:05 1586197    /usr/lib/jvm/java-6-openjdk/jre/lib/i386/jli/libjli.so
0095e000-00971000 r-xp 00000000 08:05 523463     /lib/libz.so.1.2.3.3
00971000-00972000 r--p 00012000 08:05 523463     /lib/libz.so.1.2.3.3
00972000-00973000 rw-p 00013000 08:05 523463     /lib/libz.so.1.2.3.3
009d9000-009da000 r-xp 00000000 00:00 0          [vdso]
00a7c000-00a83000 r-xp 00000000 08:05 1586228    /usr/lib/jvm/java-6-openjdk/jre/lib/i386/native_threads/libhpi.so
00a83000-00a84000 r--p 00006000 08:05 1586228    /usr/lib/jvm/java-6-openjdk/jre/lib/i386/native_threads/libhpi.so
00a84000-00a85000 rw-p 00007000 08:05 1586228    /usr/lib/jvm/java-6-openjdk/jre/lib/i386/native_threads/libhpi.so
00a90000-00aa5000 r-xp 00000000 08:05 527223     /lib/tls/i686/cmov/libpthread-2.11.1.so
00aa5000-00aa6000 r--p 00014000 08:05 527223     /lib/tls/i686/cmov/libpthread-2.11.1.so
00aa6000-00aa7000 rw-p 00015000 08:05 527223     /lib/tls/i686/cmov/libpthread-2.11.1.so
00aa7000-00aa9000 rw-p 00000000 00:00 0 
00b84000-00cd7000 r-xp 00000000 08:05 527197     /lib/tls/i686/cmov/libc-2.11.1.so
00cd7000-00cd8000 ---p 00153000 08:05 527197     /lib/tls/i686/cmov/libc-2.11.1.so
00cd8000-00cda000 r--p 00153000 08:05 527197     /lib/tls/i686/cmov/libc-2.11.1.so
00cda000-00cdb000 rw-p 00155000 08:05 527197     /lib/tls/i686/cmov/libc-2.11.1.so
00cdb000-00cde000 rw-p 00000000 00:00 0 
00d52000-00d65000 r-xp 00000000 08:05 527208     /lib/tls/i686/cmov/libnsl-2.11.1.so
00d65000-00d66000 r--p 00012000 08:05 527208     /lib/tls/i686/cmov/libnsl-2.11.1.so
00d66000-00d67000 rw-p 00013000 08:05 527208     /lib/tls/i686/cmov/libnsl-2.11.1.so
00d67000-00d69000 rw-p 00000000 00:00 0 
00ded000-00def000 r-xp 00000000 08:05 527203     /lib/tls/i686/cmov/libdl-2.11.1.so
00def000-00df0000 r--p 00001000 08:05 527203     /lib/tls/i686/cmov/libdl-2.11.1.so
00df0000-00df1000 rw-p 00002000 08:05 527203     /lib/tls/i686/cmov/libdl-2.11.1.so
00df1000-014b6000 r-xp 00000000 08:05 1586230    /usr/lib/jvm/java-6-openjdk/jre/lib/i386/server/libjvm.so
014b6000-014b7000 ---p 006c5000 08:05 1586230    /usr/lib/jvm/java-6-openjdk/jre/lib/i386/server/libjvm.so
014b7000-014fc000 r--p 006c5000 08:05 1586230    /usr/lib/jvm/java-6-openjdk/jre/lib/i386/server/libjvm.so
014fc000-0150b000 rw-p 0070a000 08:05 1586230    /usr/lib/jvm/java-6-openjdk/jre/lib/i386/server/libjvm.so
0150b000-0192a000 rw-p 00000000 00:00 0 
08048000-08051000 r-xp 00000000 08:05 1586258    /usr/lib/jvm/java-6-openjdk/jre/bin/java
08051000-08052000 r--p 00008000 08:05 1586258    /usr/lib/jvm/java-6-openjdk/jre/bin/java
08052000-08053000 rw-p 00009000 08:05 1586258    /usr/lib/jvm/java-6-openjdk/jre/bin/java
08f79000-0a249000 rw-p 00000000 00:00 0          [heap]
7f8af000-7f8b2000 ---p 00000000 00:00 0 
7f8b2000-7f900000 rw-p 00000000 00:00 0 
7f900000-7f9f7000 rw-p 00000000 00:00 0 
7f9f7000-7fa00000 ---p 00000000 00:00 0 
7fa1b000-805b2000 rw-p 00000000 00:00 0 
805b2000-805b3000 ---p 00000000 00:00 0 
805b3000-80633000 rw-p 00000000 00:00 0 
80633000-80636000 ---p 00000000 00:00 0 
80636000-80684000 rw-p 00000000 00:00 0 
80684000-80687000 ---p 00000000 00:00 0 
80687000-80705000 rw-p 00000000 00:00 0 
80705000-80708000 ---p 00000000 00:00 0 
80708000-80786000 rw-p 00000000 00:00 0 
80786000-80789000 ---p 00000000 00:00 0 
80789000-807d7000 rw-p 00000000 00:00 0 
807d7000-80816000 r--p 00000000 08:05 1577945    /usr/lib/locale/en_IN/LC_CTYPE
80816000-80819000 ---p 00000000 00:00 0 
80819000-80867000 rw-p 00000000 00:00 0 
80867000-8086a000 ---p 00000000 00:00 0 
8086a000-808b8000 rw-p 00000000 00:00 0 
808b8000-808b9000 ---p 00000000 00:00 0 
808b9000-80939000 rw-p 00000000 00:00 0 
80939000-8093e000 r--s 00045000 08:05 1577595    /usr/lib/jvm/java-6-openjdk/jre/lib/netx.jar
8093e000-80971000 rw-p 00000000 00:00 0 
80971000-80b00000 r--s 038c4000 08:05 1586189    /usr/lib/jvm/java-6-openjdk/jre/lib/rt.jar
80b00000-80bf9000 rw-p 00000000 00:00 0 
80bf9000-80c00000 ---p 00000000 00:00 0 
80c0a000-80c0b000 ---p 00000000 00:00 0 
80c0b000-80c8b000 rw-p 00000000 00:00 0 
80c8b000-80c8c000 ---p 00000000 00:00 0 
80c8c000-80d14000 rw-p 00000000 00:00 0 
80d14000-80d4c000 rw-p 00000000 00:00 0 
80d4c000-80d79000 rw-p 00000000 00:00 0 
80d79000-80e34000 rw-p 00000000 00:00 0 
80e34000-80e3c000 rw-p 00000000 00:00 0 
80e3c000-80e74000 rw-p 00000000 00:00 0 
80e74000-80ea1000 rw-p 00000000 00:00 0 
80ea1000-80f5b000 rw-p 00000000 00:00 0 
80f5b000-80f89000 rw-p 00000000 00:00 0 
80f89000-80f8a000 ---p 00000000 00:00 0 
80f8a000-80fcf000 rw-p 00000000 00:00 0 
80fcf000-81fd0000 rw-p 00000000 00:00 0 
81fd0000-88fd0000 rw-p 00000000 00:00 0 
88fd0000-8e910000 rw-p 00000000 00:00 0 
8e910000-a5e80000 rw-p 00000000 00:00 0 
a5e80000-ab870000 rw-p 00000000 00:00 0 
ab870000-abba0000 ---p 00000000 00:00 0 
abba0000-b45d0000 rw-p 00000000 00:00 0 
b45d5000-b45de000 r--s 00065000 08:05 6219       /usr/share/java/gnome-java-bridge.jar
b45de000-b45e7000 rw-p 00000000 00:00 0 
b45e7000-b469e000 rw-p 00000000 00:00 0 
b469e000-b48de000 rwxp 00000000 00:00 0 
b48de000-b769e000 rw-p 00000000 00:00 0 
b769e000-b76a1000 ---p 00000000 00:00 0 
b76a1000-b76f2000 rw-p 00000000 00:00 0 
b76f3000-b76f4000 rw-p 00000000 00:00 0 
b76f5000-b76f8000 r--s 0000f000 08:05 1577575    /usr/lib/jvm/java-6-openjdk/jre/lib/ext/pulse-java.jar
b76f8000-b76fa000 r--s 0001d000 08:05 1577596    /usr/lib/jvm/java-6-openjdk/jre/lib/plugin.jar
b76fa000-b7702000 rw-s 00000000 08:05 665894     /tmp/hsperfdata_root/4003 (deleted)
b7702000-b7703000 rw-p 00000000 00:00 0 
b7703000-b7704000 ---p 00000000 00:00 0 
b7704000-b7706000 rw-p 00000000 00:00 0 
bf979000-bf98e000 rw-p 00000000 00:00 0          [stack]

VM Arguments:
jvm_args: -Dfile.encoding=UTF-8 
java_command: FileAccess.GetPacket
Launcher Type: SUN_STANDARD

Environment Variables:
PATH=/usr/local/sbin:/usr/local/bin:/usr/sbin:/usr/bin:/sbin:/bin:/usr/games
USERNAME=root
LD_LIBRARY_PATH=/usr/lib/jvm/java-6-openjdk/jre/lib/i386/server:/usr/lib/jvm/java-6-openjdk/jre/lib/i386:/usr/lib/jvm/java-6-openjdk/jre/../lib/i386:/usr/lib/jvm/java-6-openjdk/jre/lib/i386/client:/usr/lib/jvm/java-6-openjdk/jre/lib/i386:/usr/lib/jvm/java-6-openjdk/jre/../lib/i386
SHELL=/bin/bash
DISPLAY=:0.0

Signal Handlers:
SIGSEGV: [libjvm.so+0x64a040], sa_mask[0]=0x7ffbfeff, sa_flags=0x10000004
SIGBUS: [libjvm.so+0x64a040], sa_mask[0]=0x7ffbfeff, sa_flags=0x10000004
SIGFPE: [libjvm.so+0x51c0d0], sa_mask[0]=0x7ffbfeff, sa_flags=0x10000004
SIGPIPE: [libjvm.so+0x51c0d0], sa_mask[0]=0x7ffbfeff, sa_flags=0x10000004
SIGXFSZ: [libjvm.so+0x51c0d0], sa_mask[0]=0x7ffbfeff, sa_flags=0x10000004
SIGILL: [libjvm.so+0x51c0d0], sa_mask[0]=0x7ffbfeff, sa_flags=0x10000004
SIGUSR1: SIG_DFL, sa_mask[0]=0x00000000, sa_flags=0x00000000
SIGUSR2: [libjvm.so+0x51b780], sa_mask[0]=0x00000004, sa_flags=0x10000004
SIGHUP: [libjvm.so+0x51e2f0], sa_mask[0]=0x7ffbfeff, sa_flags=0x10000004
SIGINT: SIG_IGN, sa_mask[0]=0x00000000, sa_flags=0x00000000
SIGTERM: [libjvm.so+0x51e2f0], sa_mask[0]=0x7ffbfeff, sa_flags=0x10000004
SIGQUIT: [libjvm.so+0x51e2f0], sa_mask[0]=0x7ffbfeff, sa_flags=0x10000004


---------------  S Y S T E M  ---------------

OS:Ubuntu 10.04 (lucid)
uname:Linux 2.6.32-33-generic #70-Ubuntu SMP Thu Jul 7 21:09:46 UTC 2011 i686
libc:glibc 2.11.1 NPTL 2.11.1 
rlimit: STACK 8192k, CORE 0k, NPROC infinity, NOFILE 1024, AS infinity
load average:4.51 4.78 4.02

/proc/meminfo:
MemTotal:        2836956 kB
MemFree:         1361724 kB
Buffers:           31444 kB
Cached:           471104 kB
SwapCached:        77788 kB
Active:           818300 kB
Inactive:         556992 kB
Active(anon):     596612 kB
Inactive(anon):   282240 kB
Active(file):     221688 kB
Inactive(file):   274752 kB
Unevictable:           0 kB
Mlocked:               0 kB
HighTotal:       1973064 kB
HighFree:         588744 kB
LowTotal:         863892 kB
LowFree:          772980 kB
SwapTotal:       3234808 kB
SwapFree:        3108768 kB
Dirty:              2428 kB
Writeback:             0 kB
AnonPages:        825600 kB
Mapped:           109912 kB
Shmem:              6040 kB
Slab:              32232 kB
SReclaimable:      21220 kB
SUnreclaim:        11012 kB
KernelStack:        2824 kB
PageTables:         7212 kB
NFS_Unstable:          0 kB
Bounce:                0 kB
WritebackTmp:          0 kB
CommitLimit:     4653284 kB
Committed_AS:    2106568 kB
VmallocTotal:     122880 kB
VmallocUsed:       73240 kB
VmallocChunk:      42876 kB
HardwareCorrupted:     0 kB
HugePages_Total:       0
HugePages_Free:        0
HugePages_Rsvd:        0
HugePages_Surp:        0
Hugepagesize:       4096 kB
DirectMap4k:       12280 kB
DirectMap4M:      897024 kB


CPU:total 2 (2 cores per cpu, 1 threads per core) family 17 model 3 stepping 1, cmov, cx8, fxsr, mmx, sse, sse2, sse3, mmxext, 3dnow, 3dnowext

Memory: 4k page, physical 2836956k(1361724k free), swap 3234808k(3108768k free)

vm_info: OpenJDK Server VM (19.0-b09) for linux-x86 JRE (1.6.0_20-b20), built on Jan 21 2012 08:10:55 by "buildd" with gcc 4.4.3

time: Thu Mar 22 15:34:25 2012
elapsed time: 1175 seconds

