#
# A fatal error has been detected by the Java Runtime Environment:
#
#  SIGSEGV (0xb) at pc=0x01263777, pid=2944, tid=3078122352
#
# JRE version: 6.0_20-b20
# Java VM: OpenJDK Server VM (19.0-b09 mixed mode linux-x86 )
# Derivative: IcedTea6 1.9.10
# Distribution: Ubuntu 10.04.1 LTS, package 6b20-1.9.10-0ubuntu1~10.04.3
# Problematic frame:
# V  [libjvm.so+0x392777]
#
# If you would like to submit a bug report, please include
# instructions how to reproduce the bug and visit:
#   https://bugs.launchpad.net/ubuntu/+source/openjdk-6/
#

---------------  T H R E A D  ---------------

Current thread (0x09496000):  JavaThread "main" [_thread_in_vm, id=2947, stack(0xb7736000,0xb7787000)]

siginfo:si_signo=SIGSEGV: si_errno=0, si_code=1 (SEGV_MAPERR), si_addr=0x00000000

Registers:
EAX=0x0127da00, EBX=0x015dbff4, ECX=0x09496894, EDX=0xb7785f70
ESP=0xb7785e70, EBP=0xb7785f38, ESI=0x00000000, EDI=0x09494998
EIP=0x01263777, CR2=0x00000000, EFLAGS=0x00010203

Register to memory mapping:

EAX=0x0127da00
0x0127da00: <offset 0x3aca00> in /usr/lib/jvm/java-6-openjdk/jre/lib/i386/server/libjvm.so at 0x00ed1000

EBX=0x015dbff4
0x015dbff4: <offset 0x70aff4> in /usr/lib/jvm/java-6-openjdk/jre/lib/i386/server/libjvm.so at 0x00ed1000

ECX=0x09496894
0x09496894 is pointing to unknown location

EDX=0xb7785f70
0xb7785f70 is pointing into the stack for thread: 0x09496000
"main" prio=10 tid=0x09496000 nid=0xb83 runnable [0xb7786000]
   java.lang.Thread.State: RUNNABLE

ESP=0xb7785e70
0xb7785e70 is pointing into the stack for thread: 0x09496000
"main" prio=10 tid=0x09496000 nid=0xb83 runnable [0xb7786000]
   java.lang.Thread.State: RUNNABLE

EBP=0xb7785f38
0xb7785f38 is pointing into the stack for thread: 0x09496000
"main" prio=10 tid=0x09496000 nid=0xb83 runnable [0xb7786000]
   java.lang.Thread.State: RUNNABLE

ESI=0x00000000
0x00000000 is pointing to unknown location

EDI=0x09494998
0x09494998 is pointing to unknown location


Top of Stack: (sp=0xb7785e70)
0xb7785e70:   00000080 0954dac0 0000001f 00000006
0xb7785e80:   00000000 00000000 09496118 09496488
0xb7785e90:   09496874 0127da00 b7785eb8 b7785eb8
0xb7785ea0:   b7785f9c 09496480 09496894 0127dd27
0xb7785eb0:   094968a0 0949689c 094949e0 09496894
0xb7785ec0:   81255130 812538c0 81074478 09496898
0xb7785ed0:   014cbff4 094bedb4 b7785f08 015d01f4
0xb7785ee0:   09496000 00a0eb2f b7785ebc b7785edd 

Instructions: (pc=0x01263777)
0x01263767:   55 14 89 45 b8 8b 02 8b 40 50 89 85 5c ff ff ff
0x01263777:   8b 06 52 8b 50 08 8b 40 0c 66 8b 52 2a 81 e2 ff 

Stack: [0xb7736000,0xb7787000],  sp=0xb7785e70,  free space=319k
Native frames: (J=compiled Java code, j=interpreted, Vv=VM code, C=native code)
V  [libjvm.so+0x392777]
V  [libjvm.so+0x3aac7f]
C  [libvminfo.so+0x9d3]  Java_FileAccess_VMInfo_fillInfo+0x2d1
j  FileAccess.VMInfo.fillInfo()V+0
j  FileAccess.VMInfo.main([Ljava/lang/String;)V+9
v  ~StubRoutines::call_stub
V  [libjvm.so+0x387d72]
V  [libjvm.so+0x519369]
V  [libjvm.so+0x386caf]
V  [libjvm.so+0x39214c]
V  [libjvm.so+0x3a11ad]
C  [java+0x321d]  JavaMain+0xd4d
C  [libpthread.so.0+0x596e]

Java frames: (J=compiled Java code, j=interpreted, Vv=VM code)
j  FileAccess.VMInfo.fillInfo()V+0
j  FileAccess.VMInfo.main([Ljava/lang/String;)V+9
v  ~StubRoutines::call_stub

---------------  P R O C E S S  ---------------

Java Threads: ( => current thread )
  0x0953b000 JavaThread "Low Memory Detector" daemon [_thread_blocked, id=2957, stack(0x807db000,0x8082c000)]
  0x09537800 JavaThread "CompilerThread1" daemon [_thread_blocked, id=2956, stack(0x8082c000,0x808ad000)]
  0x09535800 JavaThread "CompilerThread0" daemon [_thread_blocked, id=2955, stack(0x808ad000,0x8092e000)]
  0x09534400 JavaThread "Signal Dispatcher" daemon [_thread_blocked, id=2954, stack(0x8092e000,0x8097f000)]
  0x09521000 JavaThread "Finalizer" daemon [_thread_blocked, id=2953, stack(0x809be000,0x80a0f000)]
  0x0951f800 JavaThread "Reference Handler" daemon [_thread_blocked, id=2952, stack(0x80a0f000,0x80a60000)]
=>0x09496000 JavaThread "main" [_thread_in_vm, id=2947, stack(0xb7736000,0xb7787000)]

Other Threads:
  0x0951bc00 VMThread [stack: 0x80a60000,0x80ae1000] [id=2951]
  0x09545000 WatcherThread [stack: 0x8075a000,0x807db000] [id=2958]

VM state:not at safepoint (normal execution)

VM Mutex/Monitor currently owned by a thread: None

Heap
 PSYoungGen      total 12992K, used 448K [0xa5f20000, 0xa6d90000, 0xb4670000)
  eden space 11200K, 4% used [0xa5f20000,0xa5f90060,0xa6a10000)
  from space 1792K, 0% used [0xa6bd0000,0xa6bd0000,0xa6d90000)
  to   space 1792K, 0% used [0xa6a10000,0xa6a10000,0xa6bd0000)
 PSOldGen        total 29568K, used 0K [0x89070000, 0x8ad50000, 0xa5f20000)
  object space 29568K, 0% used [0x89070000,0x89070000,0x8ad50000)
 PSPermGen       total 16384K, used 1941K [0x81070000, 0x82070000, 0x89070000)
  object space 16384K, 11% used [0x81070000,0x81255490,0x82070000)

Dynamic libraries:
00110000-0011a000 r-xp 00000000 08:05 527214     /lib/tls/i686/cmov/libnss_files-2.11.1.so
0011a000-0011b000 r--p 00009000 08:05 527214     /lib/tls/i686/cmov/libnss_files-2.11.1.so
0011b000-0011c000 rw-p 0000a000 08:05 527214     /lib/tls/i686/cmov/libnss_files-2.11.1.so
0011c000-00123000 r-xp 00000000 08:05 1586226    /usr/lib/jvm/java-6-openjdk/jre/lib/i386/libzip.so
00123000-00124000 r--p 00006000 08:05 1586226    /usr/lib/jvm/java-6-openjdk/jre/lib/i386/libzip.so
00124000-00125000 rw-p 00007000 08:05 1586226    /usr/lib/jvm/java-6-openjdk/jre/lib/i386/libzip.so
0015a000-00161000 r-xp 00000000 08:05 1586228    /usr/lib/jvm/java-6-openjdk/jre/lib/i386/native_threads/libhpi.so
00161000-00162000 r--p 00006000 08:05 1586228    /usr/lib/jvm/java-6-openjdk/jre/lib/i386/native_threads/libhpi.so
00162000-00163000 rw-p 00007000 08:05 1586228    /usr/lib/jvm/java-6-openjdk/jre/lib/i386/native_threads/libhpi.so
0017f000-001a3000 r-xp 00000000 08:05 527205     /lib/tls/i686/cmov/libm-2.11.1.so
001a3000-001a4000 r--p 00023000 08:05 527205     /lib/tls/i686/cmov/libm-2.11.1.so
001a4000-001a5000 rw-p 00024000 08:05 527205     /lib/tls/i686/cmov/libm-2.11.1.so
002c7000-002ce000 r-xp 00000000 08:05 527227     /lib/tls/i686/cmov/librt-2.11.1.so
002ce000-002cf000 r--p 00006000 08:05 527227     /lib/tls/i686/cmov/librt-2.11.1.so
002cf000-002d0000 rw-p 00007000 08:05 527227     /lib/tls/i686/cmov/librt-2.11.1.so
002fa000-0030d000 r-xp 00000000 08:05 523463     /lib/libz.so.1.2.3.3
0030d000-0030e000 r--p 00012000 08:05 523463     /lib/libz.so.1.2.3.3
0030e000-0030f000 rw-p 00013000 08:05 523463     /lib/libz.so.1.2.3.3
005dd000-00730000 r-xp 00000000 08:05 527197     /lib/tls/i686/cmov/libc-2.11.1.so
00730000-00731000 ---p 00153000 08:05 527197     /lib/tls/i686/cmov/libc-2.11.1.so
00731000-00733000 r--p 00153000 08:05 527197     /lib/tls/i686/cmov/libc-2.11.1.so
00733000-00734000 rw-p 00155000 08:05 527197     /lib/tls/i686/cmov/libc-2.11.1.so
00734000-00737000 rw-p 00000000 00:00 0 
00753000-00777000 r-xp 00000000 08:05 1586209    /usr/lib/jvm/java-6-openjdk/jre/lib/i386/libjava.so
00777000-00778000 r--p 00023000 08:05 1586209    /usr/lib/jvm/java-6-openjdk/jre/lib/i386/libjava.so
00778000-0077a000 rw-p 00024000 08:05 1586209    /usr/lib/jvm/java-6-openjdk/jre/lib/i386/libjava.so
0099b000-009a1000 r-xp 00000000 08:05 527210     /lib/tls/i686/cmov/libnss_compat-2.11.1.so
009a1000-009a2000 r--p 00006000 08:05 527210     /lib/tls/i686/cmov/libnss_compat-2.11.1.so
009a2000-009a3000 rw-p 00007000 08:05 527210     /lib/tls/i686/cmov/libnss_compat-2.11.1.so
00a0e000-00a0f000 r-xp 00000000 08:05 1592433    /usr/lib/libvminfo.so
00a0f000-00a10000 r--p 00000000 08:05 1592433    /usr/lib/libvminfo.so
00a10000-00a11000 rw-p 00001000 08:05 1592433    /usr/lib/libvminfo.so
00a19000-00a25000 r-xp 00000000 08:05 1586225    /usr/lib/jvm/java-6-openjdk/jre/lib/i386/libverify.so
00a25000-00a26000 r--p 0000b000 08:05 1586225    /usr/lib/jvm/java-6-openjdk/jre/lib/i386/libverify.so
00a26000-00a27000 rw-p 0000c000 08:05 1586225    /usr/lib/jvm/java-6-openjdk/jre/lib/i386/libverify.so
00b0f000-00b11000 r-xp 00000000 08:05 527203     /lib/tls/i686/cmov/libdl-2.11.1.so
00b11000-00b12000 r--p 00001000 08:05 527203     /lib/tls/i686/cmov/libdl-2.11.1.so
00b12000-00b13000 rw-p 00002000 08:05 527203     /lib/tls/i686/cmov/libdl-2.11.1.so
00c03000-00c16000 r-xp 00000000 08:05 527208     /lib/tls/i686/cmov/libnsl-2.11.1.so
00c16000-00c17000 r--p 00012000 08:05 527208     /lib/tls/i686/cmov/libnsl-2.11.1.so
00c17000-00c18000 rw-p 00013000 08:05 527208     /lib/tls/i686/cmov/libnsl-2.11.1.so
00c18000-00c1a000 rw-p 00000000 00:00 0 
00d33000-00d48000 r-xp 00000000 08:05 527223     /lib/tls/i686/cmov/libpthread-2.11.1.so
00d48000-00d49000 r--p 00014000 08:05 527223     /lib/tls/i686/cmov/libpthread-2.11.1.so
00d49000-00d4a000 rw-p 00015000 08:05 527223     /lib/tls/i686/cmov/libpthread-2.11.1.so
00d4a000-00d4c000 rw-p 00000000 00:00 0 
00dd5000-00dd6000 r-xp 00000000 00:00 0          [vdso]
00e6a000-00e6d000 r-xp 00000000 08:05 1586197    /usr/lib/jvm/java-6-openjdk/jre/lib/i386/jli/libjli.so
00e6d000-00e6e000 r--p 00003000 08:05 1586197    /usr/lib/jvm/java-6-openjdk/jre/lib/i386/jli/libjli.so
00e6e000-00e6f000 rw-p 00004000 08:05 1586197    /usr/lib/jvm/java-6-openjdk/jre/lib/i386/jli/libjli.so
00e83000-00e8b000 r-xp 00000000 08:05 527218     /lib/tls/i686/cmov/libnss_nis-2.11.1.so
00e8b000-00e8c000 r--p 00007000 08:05 527218     /lib/tls/i686/cmov/libnss_nis-2.11.1.so
00e8c000-00e8d000 rw-p 00008000 08:05 527218     /lib/tls/i686/cmov/libnss_nis-2.11.1.so
00eb4000-00ecf000 r-xp 00000000 08:05 523290     /lib/ld-2.11.1.so
00ecf000-00ed0000 r--p 0001a000 08:05 523290     /lib/ld-2.11.1.so
00ed0000-00ed1000 rw-p 0001b000 08:05 523290     /lib/ld-2.11.1.so
00ed1000-01596000 r-xp 00000000 08:05 1586230    /usr/lib/jvm/java-6-openjdk/jre/lib/i386/server/libjvm.so
01596000-01597000 ---p 006c5000 08:05 1586230    /usr/lib/jvm/java-6-openjdk/jre/lib/i386/server/libjvm.so
01597000-015dc000 r--p 006c5000 08:05 1586230    /usr/lib/jvm/java-6-openjdk/jre/lib/i386/server/libjvm.so
015dc000-015eb000 rw-p 0070a000 08:05 1586230    /usr/lib/jvm/java-6-openjdk/jre/lib/i386/server/libjvm.so
015eb000-01a0a000 rw-p 00000000 00:00 0 
08048000-08051000 r-xp 00000000 08:05 1586258    /usr/lib/jvm/java-6-openjdk/jre/bin/java
08051000-08052000 r--p 00008000 08:05 1586258    /usr/lib/jvm/java-6-openjdk/jre/bin/java
08052000-08053000 rw-p 00009000 08:05 1586258    /usr/lib/jvm/java-6-openjdk/jre/bin/java
0948f000-09577000 rw-p 00000000 00:00 0          [heap]
80751000-8075a000 r--s 00065000 08:05 6219       /usr/share/java/gnome-java-bridge.jar
8075a000-8075b000 ---p 00000000 00:00 0 
8075b000-807db000 rw-p 00000000 00:00 0 
807db000-807de000 ---p 00000000 00:00 0 
807de000-8082c000 rw-p 00000000 00:00 0 
8082c000-8082f000 ---p 00000000 00:00 0 
8082f000-808ad000 rw-p 00000000 00:00 0 
808ad000-808b0000 ---p 00000000 00:00 0 
808b0000-8092e000 rw-p 00000000 00:00 0 
8092e000-80931000 ---p 00000000 00:00 0 
80931000-8097f000 rw-p 00000000 00:00 0 
8097f000-809be000 r--p 00000000 08:05 1577945    /usr/lib/locale/en_IN/LC_CTYPE
809be000-809c1000 ---p 00000000 00:00 0 
809c1000-80a0f000 rw-p 00000000 00:00 0 
80a0f000-80a12000 ---p 00000000 00:00 0 
80a12000-80a60000 rw-p 00000000 00:00 0 
80a60000-80a61000 ---p 00000000 00:00 0 
80a61000-80ae1000 rw-p 00000000 00:00 0 
80ae1000-80ae3000 r--s 0001d000 08:05 1577596    /usr/lib/jvm/java-6-openjdk/jre/lib/plugin.jar
80ae3000-80ae8000 r--s 00045000 08:05 1577595    /usr/lib/jvm/java-6-openjdk/jre/lib/netx.jar
80ae8000-80b1b000 rw-p 00000000 00:00 0 
80b1b000-80caa000 r--s 038c4000 08:05 1586189    /usr/lib/jvm/java-6-openjdk/jre/lib/rt.jar
80caa000-80cab000 ---p 00000000 00:00 0 
80cab000-80d2b000 rw-p 00000000 00:00 0 
80d2b000-80d2c000 ---p 00000000 00:00 0 
80d2c000-80db4000 rw-p 00000000 00:00 0 
80db4000-80dec000 rw-p 00000000 00:00 0 
80dec000-80dfb000 rw-p 00000000 00:00 0 
80dfb000-80ed4000 rw-p 00000000 00:00 0 
80ed4000-80edc000 rw-p 00000000 00:00 0 
80edc000-80f14000 rw-p 00000000 00:00 0 
80f14000-80f23000 rw-p 00000000 00:00 0 
80f23000-80ffb000 rw-p 00000000 00:00 0 
80ffb000-81003000 rw-p 00000000 00:00 0 
81003000-8106f000 rw-p 00000000 00:00 0 
8106f000-82070000 rw-p 00000000 00:00 0 
82070000-89070000 rw-p 00000000 00:00 0 
89070000-8ad50000 rw-p 00000000 00:00 0 
8ad50000-a5f20000 rw-p 00000000 00:00 0 
a5f20000-a6d90000 rw-p 00000000 00:00 0 
a6d90000-b4670000 rw-p 00000000 00:00 0 
b4676000-b467f000 rw-p 00000000 00:00 0 
b467f000-b4736000 rw-p 00000000 00:00 0 
b4736000-b4976000 rwxp 00000000 00:00 0 
b4976000-b7736000 rw-p 00000000 00:00 0 
b7736000-b7739000 ---p 00000000 00:00 0 
b7739000-b778a000 rw-p 00000000 00:00 0 
b778d000-b778f000 rw-p 00000000 00:00 0 
b778f000-b7792000 r--s 0000f000 08:05 1577575    /usr/lib/jvm/java-6-openjdk/jre/lib/ext/pulse-java.jar
b7792000-b779a000 rw-s 00000000 08:05 663860     /tmp/hsperfdata_root/2944
b779a000-b779b000 rw-p 00000000 00:00 0 
b779b000-b779c000 r--p 00000000 00:00 0 
b779c000-b779e000 rw-p 00000000 00:00 0 
bff71000-bff86000 rw-p 00000000 00:00 0          [stack]

VM Arguments:
jvm_args: -Dfile.encoding=UTF-8 
java_command: FileAccess.VMInfo
Launcher Type: SUN_STANDARD

Environment Variables:
PATH=/usr/local/sbin:/usr/local/bin:/usr/sbin:/usr/bin:/sbin:/bin:/usr/games
USERNAME=root
LD_LIBRARY_PATH=/usr/lib/jvm/java-6-openjdk/jre/lib/i386/server:/usr/lib/jvm/java-6-openjdk/jre/lib/i386:/usr/lib/jvm/java-6-openjdk/jre/../lib/i386:/usr/lib/jvm/java-6-openjdk/jre/lib/i386/client:/usr/lib/jvm/java-6-openjdk/jre/lib/i386:/usr/lib/jvm/java-6-openjdk/jre/../lib/i386
SHELL=/bin/bash
DISPLAY=:0.0

Signal Handlers:
SIGSEGV: [libjvm.so+0x64a040], sa_mask[0]=0x7ffbfeff, sa_flags=0x10000004
SIGBUS: [libjvm.so+0x64a040], sa_mask[0]=0x7ffbfeff, sa_flags=0x10000004
SIGFPE: [libjvm.so+0x51c0d0], sa_mask[0]=0x7ffbfeff, sa_flags=0x10000004
SIGPIPE: [libjvm.so+0x51c0d0], sa_mask[0]=0x7ffbfeff, sa_flags=0x10000004
SIGXFSZ: [libjvm.so+0x51c0d0], sa_mask[0]=0x7ffbfeff, sa_flags=0x10000004
SIGILL: [libjvm.so+0x51c0d0], sa_mask[0]=0x7ffbfeff, sa_flags=0x10000004
SIGUSR1: SIG_DFL, sa_mask[0]=0x00000000, sa_flags=0x00000000
SIGUSR2: [libjvm.so+0x51b780], sa_mask[0]=0x00000004, sa_flags=0x10000004
SIGHUP: [libjvm.so+0x51e2f0], sa_mask[0]=0x7ffbfeff, sa_flags=0x10000004
SIGINT: SIG_IGN, sa_mask[0]=0x00000000, sa_flags=0x00000000
SIGTERM: [libjvm.so+0x51e2f0], sa_mask[0]=0x7ffbfeff, sa_flags=0x10000004
SIGQUIT: [libjvm.so+0x51e2f0], sa_mask[0]=0x7ffbfeff, sa_flags=0x10000004


---------------  S Y S T E M  ---------------

OS:Ubuntu 10.04 (lucid)
uname:Linux 2.6.32-33-generic #70-Ubuntu SMP Thu Jul 7 21:09:46 UTC 2011 i686
libc:glibc 2.11.1 NPTL 2.11.1 
rlimit: STACK 8192k, CORE 0k, NPROC infinity, NOFILE 1024, AS infinity
load average:0.53 0.55 0.61

/proc/meminfo:
MemTotal:        2836956 kB
MemFree:         1282092 kB
Buffers:           67368 kB
Cached:           701548 kB
SwapCached:            0 kB
Active:           850292 kB
Inactive:         611956 kB
Active(anon):     693732 kB
Inactive(anon):     6548 kB
Active(file):     156560 kB
Inactive(file):   605408 kB
Unevictable:          16 kB
Mlocked:              16 kB
HighTotal:       1973064 kB
HighFree:         546592 kB
LowTotal:         863892 kB
LowFree:          735500 kB
SwapTotal:       3234808 kB
SwapFree:        3234808 kB
Dirty:               232 kB
Writeback:             0 kB
AnonPages:        693468 kB
Mapped:           144828 kB
Shmem:              6952 kB
Slab:              33636 kB
SReclaimable:      22388 kB
SUnreclaim:        11248 kB
KernelStack:        3016 kB
PageTables:         7900 kB
NFS_Unstable:          0 kB
Bounce:                0 kB
WritebackTmp:          0 kB
CommitLimit:     4653284 kB
Committed_AS:    1942576 kB
VmallocTotal:     122880 kB
VmallocUsed:       72908 kB
VmallocChunk:      42364 kB
HardwareCorrupted:     0 kB
HugePages_Total:       0
HugePages_Free:        0
HugePages_Rsvd:        0
HugePages_Surp:        0
Hugepagesize:       4096 kB
DirectMap4k:       12280 kB
DirectMap4M:      897024 kB


CPU:total 2 (2 cores per cpu, 1 threads per core) family 17 model 3 stepping 1, cmov, cx8, fxsr, mmx, sse, sse2, sse3, mmxext, 3dnow, 3dnowext

Memory: 4k page, physical 2836956k(1282092k free), swap 3234808k(3234808k free)

vm_info: OpenJDK Server VM (19.0-b09) for linux-x86 JRE (1.6.0_20-b20), built on Jan 21 2012 08:10:55 by "buildd" with gcc 4.4.3

time: Fri Mar 23 14:10:42 2012
elapsed time: 0 seconds

