#
# A fatal error has been detected by the Java Runtime Environment:
#
#  SIGSEGV (0xb) at pc=0x012160ba, pid=2592, tid=3078183792
#
# JRE version: 6.0_20-b20
# Java VM: OpenJDK Server VM (19.0-b09 mixed mode linux-x86 )
# Derivative: IcedTea6 1.9.10
# Distribution: Ubuntu 10.04.1 LTS, package 6b20-1.9.10-0ubuntu1~10.04.2
# Problematic frame:
# V  [libjvm.so+0x39b0ba]
#
# If you would like to submit a bug report, please include
# instructions how to reproduce the bug and visit:
#   https://bugs.launchpad.net/ubuntu/+source/openjdk-6/
#

---------------  T H R E A D  ---------------

Current thread (0x09b3d000):  JavaThread "main" [_thread_in_vm, id=2597, stack(0xb7745000,0xb7796000)]

siginfo:si_signo=SIGSEGV: si_errno=0, si_code=1 (SEGV_MAPERR), si_addr=0x00000000

Registers:
EAX=0x00000000, EBX=0x01585ff4, ECX=0x09b3d7ec, EDX=0x09b3d000
ESP=0xb7794f04, EBP=0xb7794f58, ESI=0x09b3d000, EDI=0x00000ffc
EIP=0x012160ba, CR2=0x00000000, EFLAGS=0x00210286

Register to memory mapping:

EAX=0x00000000
0x00000000 is pointing to unknown location

EBX=0x01585ff4
0x01585ff4: <offset 0x70aff4> in /usr/lib/jvm/java-6-openjdk/jre/lib/i386/server/libjvm.so at 0x00e7b000

ECX=0x09b3d7ec
0x09b3d7ec is pointing to unknown location

EDX=0x09b3d000
"main" prio=10 tid=0x09b3d000 nid=0xa25 runnable [0xb7795000]
   java.lang.Thread.State: RUNNABLE

ESP=0xb7794f04
0xb7794f04 is pointing into the stack for thread: 0x09b3d000
"main" prio=10 tid=0x09b3d000 nid=0xa25 runnable [0xb7795000]
   java.lang.Thread.State: RUNNABLE

EBP=0xb7794f58
0xb7794f58 is pointing into the stack for thread: 0x09b3d000
"main" prio=10 tid=0x09b3d000 nid=0xa25 runnable [0xb7795000]
   java.lang.Thread.State: RUNNABLE

ESI=0x09b3d000
"main" prio=10 tid=0x09b3d000 nid=0xa25 runnable [0xb7795000]
   java.lang.Thread.State: RUNNABLE

EDI=0x00000ffc
0x00000ffc is pointing to unknown location


Top of Stack: (sp=0xb7794f04)
0xb7794f04:   09b3d000 015a0c00 015a0c00 00c31ff4
0xb7794f14:   00b3830c 00c31ff4 b7794f28 00000000
0xb7794f24:   09bf6e10 09b3d000 09b3d7e8 00000088
0xb7794f34:   0152d86c 00c31ff4 09b3d000 b7794f58
0xb7794f44:   00b3844c 00123bcb 81262650 81262650
0xb7794f54:   09b3d000 b7795008 001236fa 09b3d118
0xb7794f64:   0000000a 00000000 0140b386 0137818e
0xb7794f74:   0000015c 00000000 00000005 09b3d7e8 

Instructions: (pc=0x012160ba)
0x012160aa:   52 89 75 e4 52 56 50 e8 7a 17 01 00 58 8b 45 10
0x012160ba:   8b 38 57 e8 1e d7 fe ff 89 c7 83 c4 10 b8 08 00 

Stack: [0xb7745000,0xb7796000],  sp=0xb7794f04,  free space=319k
Native frames: (J=compiled Java code, j=interpreted, Vv=VM code, C=native code)
V  [libjvm.so+0x39b0ba]
C  [libflowrecord.so+0x6fa]  Java_FileAccess_ReadFlow_readflow+0x8a
j  FileAccess.ReadFlow.readflow()V+0
j  FileAccess.ReadFlow.main([Ljava/lang/String;)V+9
v  ~StubRoutines::call_stub
V  [libjvm.so+0x387d72]
V  [libjvm.so+0x519369]
V  [libjvm.so+0x386caf]
V  [libjvm.so+0x39214c]
V  [libjvm.so+0x3a11ad]
C  [java+0x321d]  JavaMain+0xd4d
C  [libpthread.so.0+0x596e]

Java frames: (J=compiled Java code, j=interpreted, Vv=VM code)
j  FileAccess.ReadFlow.readflow()V+0
j  FileAccess.ReadFlow.main([Ljava/lang/String;)V+9
v  ~StubRoutines::call_stub

---------------  P R O C E S S  ---------------

Java Threads: ( => current thread )
  0x09be2000 JavaThread "Low Memory Detector" daemon [_thread_blocked, id=2606, stack(0x807eb000,0x8083c000)]
  0x09bde800 JavaThread "CompilerThread1" daemon [_thread_blocked, id=2605, stack(0x8083c000,0x808bd000)]
  0x09bdc800 JavaThread "CompilerThread0" daemon [_thread_blocked, id=2604, stack(0x808bd000,0x8093e000)]
  0x09bdb000 JavaThread "Signal Dispatcher" daemon [_thread_blocked, id=2603, stack(0x8093e000,0x8098f000)]
  0x09bc8000 JavaThread "Finalizer" daemon [_thread_blocked, id=2602, stack(0x809ce000,0x80a1f000)]
  0x09bc6800 JavaThread "Reference Handler" daemon [_thread_blocked, id=2601, stack(0x80a1f000,0x80a70000)]
=>0x09b3d000 JavaThread "main" [_thread_in_vm, id=2597, stack(0xb7745000,0xb7796000)]

Other Threads:
  0x09bc2c00 VMThread [stack: 0x80a70000,0x80af1000] [id=2600]
  0x09be3c00 WatcherThread [stack: 0x8076a000,0x807eb000] [id=2607]

VM state:not at safepoint (normal execution)

VM Mutex/Monitor currently owned by a thread: None

Heap
 PSYoungGen      total 12992K, used 448K [0xa5f30000, 0xa6da0000, 0xb4680000)
  eden space 11200K, 4% used [0xa5f30000,0xa5fa0070,0xa6a20000)
  from space 1792K, 0% used [0xa6be0000,0xa6be0000,0xa6da0000)
  to   space 1792K, 0% used [0xa6a20000,0xa6a20000,0xa6be0000)
 PSOldGen        total 29568K, used 0K [0x89080000, 0x8ad60000, 0xa5f30000)
  object space 29568K, 0% used [0x89080000,0x89080000,0x8ad60000)
 PSPermGen       total 16384K, used 1933K [0x81080000, 0x82080000, 0x89080000)
  object space 16384K, 11% used [0x81080000,0x81263658,0x82080000)

Dynamic libraries:
00110000-00117000 r-xp 00000000 08:06 1064678    /usr/lib/jvm/java-6-openjdk/jre/lib/i386/native_threads/libhpi.so
00117000-00118000 r--p 00006000 08:06 1064678    /usr/lib/jvm/java-6-openjdk/jre/lib/i386/native_threads/libhpi.so
00118000-00119000 rw-p 00007000 08:06 1064678    /usr/lib/jvm/java-6-openjdk/jre/lib/i386/native_threads/libhpi.so
00119000-00121000 r-xp 00000000 08:06 1311395    /lib/tls/i686/cmov/libnss_nis-2.11.1.so
00121000-00122000 r--p 00007000 08:06 1311395    /lib/tls/i686/cmov/libnss_nis-2.11.1.so
00122000-00123000 rw-p 00008000 08:06 1311395    /lib/tls/i686/cmov/libnss_nis-2.11.1.so
00123000-00124000 r-xp 00000000 08:06 1069394    /usr/lib/libflowrecord.so
00124000-00125000 r--p 00000000 08:06 1069394    /usr/lib/libflowrecord.so
00125000-00126000 rw-p 00001000 08:06 1069394    /usr/lib/libflowrecord.so
0031f000-00320000 r-xp 00000000 00:00 0          [vdso]
004ee000-004f8000 r-xp 00000000 08:06 1311391    /lib/tls/i686/cmov/libnss_files-2.11.1.so
004f8000-004f9000 r--p 00009000 08:06 1311391    /lib/tls/i686/cmov/libnss_files-2.11.1.so
004f9000-004fa000 rw-p 0000a000 08:06 1311391    /lib/tls/i686/cmov/libnss_files-2.11.1.so
00559000-0056c000 r-xp 00000000 08:06 1179846    /lib/libz.so.1.2.3.3
0056c000-0056d000 r--p 00012000 08:06 1179846    /lib/libz.so.1.2.3.3
0056d000-0056e000 rw-p 00013000 08:06 1179846    /lib/libz.so.1.2.3.3
0058b000-005af000 r-xp 00000000 08:06 1311382    /lib/tls/i686/cmov/libm-2.11.1.so
005af000-005b0000 r--p 00023000 08:06 1311382    /lib/tls/i686/cmov/libm-2.11.1.so
005b0000-005b1000 rw-p 00024000 08:06 1311382    /lib/tls/i686/cmov/libm-2.11.1.so
006ad000-006c2000 r-xp 00000000 08:06 1311400    /lib/tls/i686/cmov/libpthread-2.11.1.so
006c2000-006c3000 r--p 00014000 08:06 1311400    /lib/tls/i686/cmov/libpthread-2.11.1.so
006c3000-006c4000 rw-p 00015000 08:06 1311400    /lib/tls/i686/cmov/libpthread-2.11.1.so
006c4000-006c6000 rw-p 00000000 00:00 0 
006f9000-00700000 r-xp 00000000 08:06 1064662    /usr/lib/jvm/java-6-openjdk/jre/lib/i386/libzip.so
00700000-00701000 r--p 00006000 08:06 1064662    /usr/lib/jvm/java-6-openjdk/jre/lib/i386/libzip.so
00701000-00702000 rw-p 00007000 08:06 1064662    /usr/lib/jvm/java-6-openjdk/jre/lib/i386/libzip.so
00716000-0071d000 r-xp 00000000 08:06 1311404    /lib/tls/i686/cmov/librt-2.11.1.so
0071d000-0071e000 r--p 00006000 08:06 1311404    /lib/tls/i686/cmov/librt-2.11.1.so
0071e000-0071f000 rw-p 00007000 08:06 1311404    /lib/tls/i686/cmov/librt-2.11.1.so
00945000-00958000 r-xp 00000000 08:06 1311385    /lib/tls/i686/cmov/libnsl-2.11.1.so
00958000-00959000 r--p 00012000 08:06 1311385    /lib/tls/i686/cmov/libnsl-2.11.1.so
00959000-0095a000 rw-p 00013000 08:06 1311385    /lib/tls/i686/cmov/libnsl-2.11.1.so
0095a000-0095c000 rw-p 00000000 00:00 0 
00a8d000-00ab1000 r-xp 00000000 08:06 1064657    /usr/lib/jvm/java-6-openjdk/jre/lib/i386/libjava.so
00ab1000-00ab2000 r--p 00023000 08:06 1064657    /usr/lib/jvm/java-6-openjdk/jre/lib/i386/libjava.so
00ab2000-00ab4000 rw-p 00024000 08:06 1064657    /usr/lib/jvm/java-6-openjdk/jre/lib/i386/libjava.so
00adc000-00c2f000 r-xp 00000000 08:06 1311374    /lib/tls/i686/cmov/libc-2.11.1.so
00c2f000-00c30000 ---p 00153000 08:06 1311374    /lib/tls/i686/cmov/libc-2.11.1.so
00c30000-00c32000 r--p 00153000 08:06 1311374    /lib/tls/i686/cmov/libc-2.11.1.so
00c32000-00c33000 rw-p 00155000 08:06 1311374    /lib/tls/i686/cmov/libc-2.11.1.so
00c33000-00c36000 rw-p 00000000 00:00 0 
00c3b000-00c56000 r-xp 00000000 08:06 1179673    /lib/ld-2.11.1.so
00c56000-00c57000 r--p 0001a000 08:06 1179673    /lib/ld-2.11.1.so
00c57000-00c58000 rw-p 0001b000 08:06 1179673    /lib/ld-2.11.1.so
00cca000-00cd0000 r-xp 00000000 08:06 1311387    /lib/tls/i686/cmov/libnss_compat-2.11.1.so
00cd0000-00cd1000 r--p 00006000 08:06 1311387    /lib/tls/i686/cmov/libnss_compat-2.11.1.so
00cd1000-00cd2000 rw-p 00007000 08:06 1311387    /lib/tls/i686/cmov/libnss_compat-2.11.1.so
00d03000-00d0f000 r-xp 00000000 08:06 1064685    /usr/lib/jvm/java-6-openjdk/jre/lib/i386/libverify.so
00d0f000-00d10000 r--p 0000b000 08:06 1064685    /usr/lib/jvm/java-6-openjdk/jre/lib/i386/libverify.so
00d10000-00d11000 rw-p 0000c000 08:06 1064685    /usr/lib/jvm/java-6-openjdk/jre/lib/i386/libverify.so
00d62000-00d64000 r-xp 00000000 08:06 1311380    /lib/tls/i686/cmov/libdl-2.11.1.so
00d64000-00d65000 r--p 00001000 08:06 1311380    /lib/tls/i686/cmov/libdl-2.11.1.so
00d65000-00d66000 rw-p 00002000 08:06 1311380    /lib/tls/i686/cmov/libdl-2.11.1.so
00e76000-00e79000 r-xp 00000000 08:06 1064666    /usr/lib/jvm/java-6-openjdk/jre/lib/i386/jli/libjli.so
00e79000-00e7a000 r--p 00003000 08:06 1064666    /usr/lib/jvm/java-6-openjdk/jre/lib/i386/jli/libjli.so
00e7a000-00e7b000 rw-p 00004000 08:06 1064666    /usr/lib/jvm/java-6-openjdk/jre/lib/i386/jli/libjli.so
00e7b000-01540000 r-xp 00000000 08:06 1064676    /usr/lib/jvm/java-6-openjdk/jre/lib/i386/server/libjvm.so
01540000-01541000 ---p 006c5000 08:06 1064676    /usr/lib/jvm/java-6-openjdk/jre/lib/i386/server/libjvm.so
01541000-01586000 r--p 006c5000 08:06 1064676    /usr/lib/jvm/java-6-openjdk/jre/lib/i386/server/libjvm.so
01586000-01595000 rw-p 0070a000 08:06 1064676    /usr/lib/jvm/java-6-openjdk/jre/lib/i386/server/libjvm.so
01595000-019b4000 rw-p 00000000 00:00 0 
08048000-08051000 r-xp 00000000 08:06 1064626    /usr/lib/jvm/java-6-openjdk/jre/bin/java
08051000-08052000 r--p 00008000 08:06 1064626    /usr/lib/jvm/java-6-openjdk/jre/bin/java
08052000-08053000 rw-p 00009000 08:06 1064626    /usr/lib/jvm/java-6-openjdk/jre/bin/java
09b36000-09c46000 rw-p 00000000 00:00 0          [heap]
8070d000-8070f000 r--s 0000b000 08:06 407447     /home/varun/apache-tomcat-7.0.14/lib/tomcat-i18n-ja.jar
8070f000-80714000 r--s 00039000 08:06 407446     /home/varun/apache-tomcat-7.0.14/lib/catalina-tribes.jar
80714000-80716000 r--s 0000c000 08:06 407452     /home/varun/apache-tomcat-7.0.14/lib/catalina-ant.jar
80716000-80719000 r--s 0001b000 08:06 407461     /home/varun/apache-tomcat-7.0.14/lib/jasper-el.jar
80719000-8071c000 r--s 0000e000 08:06 407449     /home/varun/apache-tomcat-7.0.14/lib/tomcat-i18n-es.jar
8071c000-80720000 r--s 00035000 08:06 407457     /home/varun/apache-tomcat-7.0.14/lib/tomcat-dbcp.jar
80720000-8072c000 r--s 000a8000 08:06 407451     /home/varun/apache-tomcat-7.0.14/lib/tomcat-coyote.jar
8072c000-8072d000 r--s 00004000 08:06 407456     /home/varun/apache-tomcat-7.0.14/lib/tomcat-util.jar
8072d000-8072e000 r--s 00003000 08:06 407445     /home/varun/apache-tomcat-7.0.14/lib/annotations-api.jar
8072e000-80731000 r--s 0001d000 08:06 407455     /home/varun/apache-tomcat-7.0.14/lib/catalina-ha.jar
80731000-80742000 r--s 0014b000 08:06 407463     /home/varun/apache-tomcat-7.0.14/lib/catalina.jar
80742000-8074a000 r--s 00085000 08:06 407466     /home/varun/apache-tomcat-7.0.14/lib/jasper.jar
8074a000-80758000 r--s 00185000 08:06 407460     /home/varun/apache-tomcat-7.0.14/lib/ecj-3.6.2.jar
80758000-8075b000 r--s 00028000 08:06 407454     /home/varun/apache-tomcat-7.0.14/lib/servlet-api.jar
8075b000-8075e000 r--s 0000a000 08:06 407448     /home/varun/apache-tomcat-7.0.14/lib/tomcat-i18n-fr.jar
8075e000-80761000 r--s 00013000 08:06 407465     /home/varun/apache-tomcat-7.0.14/lib/jsp-api.jar
80761000-8076a000 r--s 00065000 08:06 1460237    /usr/share/java/gnome-java-bridge.jar
8076a000-8076b000 ---p 00000000 00:00 0 
8076b000-807eb000 rw-p 00000000 00:00 0 
807eb000-807ee000 ---p 00000000 00:00 0 
807ee000-8083c000 rw-p 00000000 00:00 0 
8083c000-8083f000 ---p 00000000 00:00 0 
8083f000-808bd000 rw-p 00000000 00:00 0 
808bd000-808c0000 ---p 00000000 00:00 0 
808c0000-8093e000 rw-p 00000000 00:00 0 
8093e000-80941000 ---p 00000000 00:00 0 
80941000-8098f000 rw-p 00000000 00:00 0 
8098f000-809ce000 r--p 00000000 08:06 1056342    /usr/lib/locale/en_IN/LC_CTYPE
809ce000-809d1000 ---p 00000000 00:00 0 
809d1000-80a1f000 rw-p 00000000 00:00 0 
80a1f000-80a22000 ---p 00000000 00:00 0 
80a22000-80a70000 rw-p 00000000 00:00 0 
80a70000-80a71000 ---p 00000000 00:00 0 
80a71000-80af1000 rw-p 00000000 00:00 0 
80af1000-80af3000 r--s 0001d000 08:06 1056709    /usr/lib/jvm/java-6-openjdk/jre/lib/plugin.jar
80af3000-80af8000 r--s 00045000 08:06 1056713    /usr/lib/jvm/java-6-openjdk/jre/lib/netx.jar
80af8000-80b2b000 rw-p 00000000 00:00 0 
80b2b000-80cba000 r--s 038c4000 08:06 1064698    /usr/lib/jvm/java-6-openjdk/jre/lib/rt.jar
80cba000-80cbb000 ---p 00000000 00:00 0 
80cbb000-80d3b000 rw-p 00000000 00:00 0 
80d3b000-80d3c000 ---p 00000000 00:00 0 
80d3c000-80dc4000 rw-p 00000000 00:00 0 
80dc4000-80dfc000 rw-p 00000000 00:00 0 
80dfc000-80e0b000 rw-p 00000000 00:00 0 
80e0b000-80ee4000 rw-p 00000000 00:00 0 
80ee4000-80eec000 rw-p 00000000 00:00 0 
80eec000-80f24000 rw-p 00000000 00:00 0 
80f24000-80f33000 rw-p 00000000 00:00 0 
80f33000-8100b000 rw-p 00000000 00:00 0 
8100b000-81013000 rw-p 00000000 00:00 0 
81013000-8107f000 rw-p 00000000 00:00 0 
8107f000-82080000 rw-p 00000000 00:00 0 
82080000-89080000 rw-p 00000000 00:00 0 
89080000-8ad60000 rw-p 00000000 00:00 0 
8ad60000-a5f30000 rw-p 00000000 00:00 0 
a5f30000-a6da0000 rw-p 00000000 00:00 0 
a6da0000-b4680000 rw-p 00000000 00:00 0 
b4682000-b4683000 r--s 00001000 08:06 407459     /home/varun/apache-tomcat-7.0.14/lib/tomcat-api.jar
b4683000-b4685000 r--s 00009000 08:06 407467     /home/varun/apache-tomcat-7.0.14/lib/el-api.jar
b4685000-b468e000 rw-p 00000000 00:00 0 
b468e000-b4745000 rw-p 00000000 00:00 0 
b4745000-b4985000 rwxp 00000000 00:00 0 
b4985000-b7745000 rw-p 00000000 00:00 0 
b7745000-b7748000 ---p 00000000 00:00 0 
b7748000-b7799000 rw-p 00000000 00:00 0 
b779a000-b779d000 r--s 0000f000 08:06 1056737    /usr/lib/jvm/java-6-openjdk/jre/lib/ext/pulse-java.jar
b779d000-b77a5000 rw-s 00000000 08:06 786640     /tmp/hsperfdata_varun/2592
b77a5000-b77a6000 rw-p 00000000 00:00 0 
b77a6000-b77a7000 r--p 00000000 00:00 0 
b77a7000-b77a9000 rw-p 00000000 00:00 0 
bfcc7000-bfcdc000 rw-p 00000000 00:00 0          [stack]

VM Arguments:
jvm_args: -Dfile.encoding=UTF-8 
java_command: FileAccess.ReadFlow
Launcher Type: SUN_STANDARD

Environment Variables:
PATH=/usr/local/sbin:/usr/local/bin:/usr/sbin:/usr/bin:/sbin:/bin:/usr/games
USERNAME=varun
LD_LIBRARY_PATH=/usr/lib/jvm/java-6-openjdk/jre/lib/i386/server:/usr/lib/jvm/java-6-openjdk/jre/lib/i386:/usr/lib/jvm/java-6-openjdk/jre/../lib/i386:/usr/lib/jvm/java-6-openjdk/jre/lib/i386/client:/usr/lib/jvm/java-6-openjdk/jre/lib/i386:/usr/lib/jvm/java-6-openjdk/jre/../lib/i386
SHELL=/bin/bash
DISPLAY=:0.0

Signal Handlers:
SIGSEGV: [libjvm.so+0x64a040], sa_mask[0]=0x7ffbfeff, sa_flags=0x10000004
SIGBUS: [libjvm.so+0x64a040], sa_mask[0]=0x7ffbfeff, sa_flags=0x10000004
SIGFPE: [libjvm.so+0x51c0d0], sa_mask[0]=0x7ffbfeff, sa_flags=0x10000004
SIGPIPE: [libjvm.so+0x51c0d0], sa_mask[0]=0x7ffbfeff, sa_flags=0x10000004
SIGXFSZ: [libjvm.so+0x51c0d0], sa_mask[0]=0x7ffbfeff, sa_flags=0x10000004
SIGILL: [libjvm.so+0x51c0d0], sa_mask[0]=0x7ffbfeff, sa_flags=0x10000004
SIGUSR1: SIG_DFL, sa_mask[0]=0x00000000, sa_flags=0x00000000
SIGUSR2: [libjvm.so+0x51b780], sa_mask[0]=0x00000004, sa_flags=0x10000004
SIGHUP: [libjvm.so+0x51e2f0], sa_mask[0]=0x7ffbfeff, sa_flags=0x10000004
SIGINT: SIG_IGN, sa_mask[0]=0x00000000, sa_flags=0x00000000
SIGTERM: [libjvm.so+0x51e2f0], sa_mask[0]=0x7ffbfeff, sa_flags=0x10000004
SIGQUIT: [libjvm.so+0x51e2f0], sa_mask[0]=0x7ffbfeff, sa_flags=0x10000004


---------------  S Y S T E M  ---------------

OS:Ubuntu 10.04 (lucid)
uname:Linux 2.6.32-33-generic #70-Ubuntu SMP Thu Jul 7 21:09:46 UTC 2011 i686
libc:glibc 2.11.1 NPTL 2.11.1 
rlimit: STACK 8192k, CORE 0k, NPROC infinity, NOFILE 1024, AS infinity
load average:0.31 0.39 0.36

/proc/meminfo:
MemTotal:        2836956 kB
MemFree:         1710240 kB
Buffers:           81700 kB
Cached:           548280 kB
SwapCached:            0 kB
Active:           579216 kB
Inactive:         456696 kB
Active(anon):     406332 kB
Inactive(anon):     5192 kB
Active(file):     172884 kB
Inactive(file):   451504 kB
Unevictable:          16 kB
Mlocked:              16 kB
HighTotal:       1973064 kB
HighFree:         989892 kB
LowTotal:         863892 kB
LowFree:          720348 kB
SwapTotal:       2833400 kB
SwapFree:        2833400 kB
Dirty:               192 kB
Writeback:             0 kB
AnonPages:        405944 kB
Mapped:            79224 kB
Shmem:              5596 kB
Slab:              35264 kB
SReclaimable:      25008 kB
SUnreclaim:        10256 kB
KernelStack:        2600 kB
PageTables:         5380 kB
NFS_Unstable:          0 kB
Bounce:                0 kB
WritebackTmp:          0 kB
CommitLimit:     4251876 kB
Committed_AS:     981228 kB
VmallocTotal:     122880 kB
VmallocUsed:       72756 kB
VmallocChunk:      42364 kB
HardwareCorrupted:     0 kB
HugePages_Total:       0
HugePages_Free:        0
HugePages_Rsvd:        0
HugePages_Surp:        0
Hugepagesize:       4096 kB
DirectMap4k:       12280 kB
DirectMap4M:      897024 kB


CPU:total 2 (2 cores per cpu, 1 threads per core) family 17 model 3 stepping 1, cmov, cx8, fxsr, mmx, sse, sse2, sse3, mmxext, 3dnow, 3dnowext

Memory: 4k page, physical 2836956k(1710240k free), swap 2833400k(2833400k free)

vm_info: OpenJDK Server VM (19.0-b09) for linux-x86 JRE (1.6.0_20-b20), built on Nov  8 2011 17:27:25 by "buildd" with gcc 4.4.3

time: Mon Jan 16 17:55:17 2012
elapsed time: 0 seconds

