#
# A fatal error has been detected by the Java Runtime Environment:
#
#  SIGSEGV (0xb) at pc=0x00cabed7, pid=5693, tid=2159807344
#
# JRE version: 6.0_20-b20
# Java VM: OpenJDK Server VM (19.0-b09 mixed mode linux-x86 )
# Derivative: IcedTea6 1.9.10
# Distribution: Ubuntu 10.04.1 LTS, package 6b20-1.9.10-0ubuntu1~10.04.3
# Problematic frame:
# 
[error occurred during error reporting (printing problematic frame), id 0xb]

# If you would like to submit a bug report, please include
# instructions how to reproduce the bug and visit:
#   https://bugs.launchpad.net/ubuntu/+source/openjdk-6/
#

---------------  T H R E A D  ---------------

Current thread (0x09e7bc00):  VMThread [stack: 0x80b40000,0x80bc1000] [id=5700]

siginfo:si_signo=SIGSEGV: si_errno=0, si_code=1 (SEGV_MAPERR), si_addr=0x0000ae20

Registers:
EAX=0x00cb1b4c, EBX=0x00cb3ff4, ECX=0x00cb3f30, EDX=0x80bbfd00
ESP=0x80bbfcc0, EBP=0x80bbfcd8, ESI=0x00000011, EDI=0x09eafc88
EIP=0x00cabed7, CR2=0x0000ae20, EFLAGS=0x00010286

Register to memory mapping:

EAX=0x00cb1b4c

[error occurred during error reporting (printing registers, top of stack, instructions near pc), id 0xb]

Stack: [0x80b40000,0x80bc1000],  sp=0x80bbfcc0,  free space=511k
Native frames: (J=compiled Java code, j=interpreted, Vv=VM code, C=native code)

[error occurred during error reporting (printing native stack), id 0xb]

VM_Operation (0x807b7ae4): Exit, mode: safepoint, requested by thread 0x80600800


---------------  P R O C E S S  ---------------

Java Threads: ( => current thread )
  0x80600800 JavaThread "SIGTERM handler" daemon [_thread_blocked, id=5834, stack(0x80768000,0x807b9000)]
  0x09e9b000 JavaThread "Low Memory Detector" daemon [_thread_blocked, id=5707, stack(0x808bb000,0x8090c000)]
  0x09e97800 JavaThread "CompilerThread1" daemon [_thread_blocked, id=5706, stack(0x8090c000,0x8098d000)]
  0x09e95800 JavaThread "CompilerThread0" daemon [_thread_blocked, id=5705, stack(0x8098d000,0x80a0e000)]
  0x09e81000 JavaThread "Finalizer" daemon [_thread_blocked, id=5702, stack(0x80a9e000,0x80aef000)]
  0x09e7fc00 JavaThread "Reference Handler" daemon [_thread_blocked, id=5701, stack(0x80aef000,0x80b40000)]
  0x09df6000 JavaThread "main" [_thread_blocked, id=5696, stack(0xb7819000,0xb786a000)]

Other Threads:
=>0x09e7bc00 VMThread [stack: 0x80b40000,0x80bc1000] [id=5700]

VM state:at safepoint (shutting down)

VM Mutex/Monitor currently owned by a thread:  ([mutex/lock_event])
[0x09df3e60] Threads_lock - owner thread: 0x09e7bc00

Heap
 PSYoungGen      total 12992K, used 9438K [0xa6000000, 0xa6e70000, 0xb4750000)
  eden space 11200K, 68% used [0xa6000000,0xa6778ee8,0xa6af0000)
  from space 1792K, 99% used [0xa6cb0000,0xa6e6ea08,0xa6e70000)
  to   space 1792K, 0% used [0xa6af0000,0xa6af0000,0xa6cb0000)
 PSOldGen        total 29568K, used 3172K [0x89150000, 0x8ae30000, 0xa6000000)
  object space 29568K, 10% used [0x89150000,0x89469000,0x8ae30000)
 PSPermGen       total 16384K, used 2098K [0x81150000, 0x82150000, 0x89150000)
  object space 16384K, 12% used [0x81150000,0x8135ca20,0x82150000)

Dynamic libraries:
00110000-00125000 r-xp 00000000 08:05 527223     /lib/tls/i686/cmov/libpthread-2.11.1.so
00125000-00126000 r--p 00014000 08:05 527223     /lib/tls/i686/cmov/libpthread-2.11.1.so
00126000-00127000 rw-p 00015000 08:05 527223     /lib/tls/i686/cmov/libpthread-2.11.1.so
00127000-00129000 rw-p 00000000 00:00 0 
00129000-0014d000 r-xp 00000000 08:05 1586209    /usr/lib/jvm/java-6-openjdk/jre/lib/i386/libjava.so
0014d000-0014e000 r--p 00023000 08:05 1586209    /usr/lib/jvm/java-6-openjdk/jre/lib/i386/libjava.so
0014e000-00150000 rw-p 00024000 08:05 1586209    /usr/lib/jvm/java-6-openjdk/jre/lib/i386/libjava.so
00150000-0015a000 r-xp 00000000 08:05 527214     /lib/tls/i686/cmov/libnss_files-2.11.1.so
0015a000-0015b000 r--p 00009000 08:05 527214     /lib/tls/i686/cmov/libnss_files-2.11.1.so
0015b000-0015c000 rw-p 0000a000 08:05 527214     /lib/tls/i686/cmov/libnss_files-2.11.1.so
001ff000-00206000 r-xp 00000000 08:05 1586228    /usr/lib/jvm/java-6-openjdk/jre/lib/i386/native_threads/libhpi.so
00206000-00207000 r--p 00006000 08:05 1586228    /usr/lib/jvm/java-6-openjdk/jre/lib/i386/native_threads/libhpi.so
00207000-00208000 rw-p 00007000 08:05 1586228    /usr/lib/jvm/java-6-openjdk/jre/lib/i386/native_threads/libhpi.so
003bd000-003c5000 r-xp 00000000 08:05 527218     /lib/tls/i686/cmov/libnss_nis-2.11.1.so
003c5000-003c6000 r--p 00007000 08:05 527218     /lib/tls/i686/cmov/libnss_nis-2.11.1.so
003c6000-003c7000 rw-p 00008000 08:05 527218     /lib/tls/i686/cmov/libnss_nis-2.11.1.so
0041e000-00425000 r-xp 00000000 08:05 527227     /lib/tls/i686/cmov/librt-2.11.1.so
00425000-00426000 r--p 00006000 08:05 527227     /lib/tls/i686/cmov/librt-2.11.1.so
00426000-00427000 rw-p 00007000 08:05 527227     /lib/tls/i686/cmov/librt-2.11.1.so
0044b000-0059e000 r-xp 00000000 08:05 527197     /lib/tls/i686/cmov/libc-2.11.1.so
0059e000-0059f000 ---p 00153000 08:05 527197     /lib/tls/i686/cmov/libc-2.11.1.so
0059f000-005a1000 r--p 00153000 08:05 527197     /lib/tls/i686/cmov/libc-2.11.1.so
005a1000-005a2000 rw-p 00155000 08:05 527197     /lib/tls/i686/cmov/libc-2.11.1.so
005a2000-005a5000 rw-p 00000000 00:00 0 
005fe000-00619000 r-xp 00000000 08:05 523290     /lib/ld-2.11.1.so
00619000-0061a000 r--p 0001a000 08:05 523290     /lib/ld-2.11.1.so
0061a000-0061b000 rw-p 0001b000 08:05 523290     /lib/ld-2.11.1.so
00702000-00726000 r-xp 00000000 08:05 527205     /lib/tls/i686/cmov/libm-2.11.1.so
00726000-00727000 r--p 00023000 08:05 527205     /lib/tls/i686/cmov/libm-2.11.1.so
00727000-00728000 rw-p 00024000 08:05 527205     /lib/tls/i686/cmov/libm-2.11.1.so
00789000-0078c000 r-xp 00000000 08:05 1586197    /usr/lib/jvm/java-6-openjdk/jre/lib/i386/jli/libjli.so
0078c000-0078d000 r--p 00003000 08:05 1586197    /usr/lib/jvm/java-6-openjdk/jre/lib/i386/jli/libjli.so
0078d000-0078e000 rw-p 00004000 08:05 1586197    /usr/lib/jvm/java-6-openjdk/jre/lib/i386/jli/libjli.so
007bb000-007c7000 r-xp 00000000 08:05 1586225    /usr/lib/jvm/java-6-openjdk/jre/lib/i386/libverify.so
007c7000-007c8000 r--p 0000b000 08:05 1586225    /usr/lib/jvm/java-6-openjdk/jre/lib/i386/libverify.so
007c8000-007c9000 rw-p 0000c000 08:05 1586225    /usr/lib/jvm/java-6-openjdk/jre/lib/i386/libverify.so
008d7000-008dd000 r-xp 00000000 08:05 527210     /lib/tls/i686/cmov/libnss_compat-2.11.1.so
008dd000-008de000 r--p 00006000 08:05 527210     /lib/tls/i686/cmov/libnss_compat-2.11.1.so
008de000-008df000 rw-p 00007000 08:05 527210     /lib/tls/i686/cmov/libnss_compat-2.11.1.so
00907000-00909000 r-xp 00000000 08:05 527203     /lib/tls/i686/cmov/libdl-2.11.1.so
00909000-0090a000 r--p 00001000 08:05 527203     /lib/tls/i686/cmov/libdl-2.11.1.so
0090a000-0090b000 rw-p 00002000 08:05 527203     /lib/tls/i686/cmov/libdl-2.11.1.so
009e6000-009e7000 r-xp 00000000 00:00 0          [vdso]
00a6d000-00a74000 r-xp 00000000 08:05 1586226    /usr/lib/jvm/java-6-openjdk/jre/lib/i386/libzip.so
00a74000-00a75000 r--p 00006000 08:05 1586226    /usr/lib/jvm/java-6-openjdk/jre/lib/i386/libzip.so
00a75000-00a76000 rw-p 00007000 08:05 1586226    /usr/lib/jvm/java-6-openjdk/jre/lib/i386/libzip.so
00c62000-00c75000 r-xp 00000000 08:05 527208     /lib/tls/i686/cmov/libnsl-2.11.1.so
00c75000-00c76000 r--p 00012000 08:05 527208     /lib/tls/i686/cmov/libnsl-2.11.1.so
00c76000-00c77000 rw-p 00013000 08:05 527208     /lib/tls/i686/cmov/libnsl-2.11.1.so
00c77000-00c79000 rw-p 00000000 00:00 0 
00caa000-00cb3000 r-xp 00000000 08:05 1589892    /usr/lib/libpacketlib.so
00cb3000-00cb4000 r--p 00008000 08:05 1589892    /usr/lib/libpacketlib.so
00cb4000-00cb5000 rw-p 00009000 08:05 1589892    /usr/lib/libpacketlib.so
00e2a000-00e3d000 r-xp 00000000 08:05 523463     /lib/libz.so.1.2.3.3
00e3d000-00e3e000 r--p 00012000 08:05 523463     /lib/libz.so.1.2.3.3
00e3e000-00e3f000 rw-p 00013000 08:05 523463     /lib/libz.so.1.2.3.3
00e3f000-01504000 r-xp 00000000 08:05 1586230    /usr/lib/jvm/java-6-openjdk/jre/lib/i386/server/libjvm.so
01504000-01505000 ---p 006c5000 08:05 1586230    /usr/lib/jvm/java-6-openjdk/jre/lib/i386/server/libjvm.so
01505000-0154a000 r--p 006c5000 08:05 1586230    /usr/lib/jvm/java-6-openjdk/jre/lib/i386/server/libjvm.so
0154a000-01559000 rw-p 0070a000 08:05 1586230    /usr/lib/jvm/java-6-openjdk/jre/lib/i386/server/libjvm.so
01559000-01978000 rw-p 00000000 00:00 0 
08048000-08051000 r-xp 00000000 08:05 1586258    /usr/lib/jvm/java-6-openjdk/jre/bin/java
08051000-08052000 r--p 00008000 08:05 1586258    /usr/lib/jvm/java-6-openjdk/jre/bin/java
08052000-08053000 rw-p 00009000 08:05 1586258    /usr/lib/jvm/java-6-openjdk/jre/bin/java
09def000-0a57b000 rw-p 00000000 00:00 0          [heap]
80600000-80621000 rw-p 00000000 00:00 0 
80621000-80700000 ---p 00000000 00:00 0 
80768000-8076b000 ---p 00000000 00:00 0 
8076b000-8083a000 rw-p 00000000 00:00 0 
8083a000-8083b000 ---p 00000000 00:00 0 
8083b000-808bb000 rw-p 00000000 00:00 0 
808bb000-808be000 ---p 00000000 00:00 0 
808be000-8090c000 rw-p 00000000 00:00 0 
8090c000-8090f000 ---p 00000000 00:00 0 
8090f000-8098d000 rw-p 00000000 00:00 0 
8098d000-80990000 ---p 00000000 00:00 0 
80990000-80a0e000 rw-p 00000000 00:00 0 
80a0e000-80a11000 ---p 00000000 00:00 0 
80a11000-80a5f000 rw-p 00000000 00:00 0 
80a5f000-80a9e000 r--p 00000000 08:05 1577945    /usr/lib/locale/en_IN/LC_CTYPE
80a9e000-80aa1000 ---p 00000000 00:00 0 
80aa1000-80aef000 rw-p 00000000 00:00 0 
80aef000-80af2000 ---p 00000000 00:00 0 
80af2000-80b40000 rw-p 00000000 00:00 0 
80b40000-80b41000 ---p 00000000 00:00 0 
80b41000-80bc1000 rw-p 00000000 00:00 0 
80bc1000-80bc3000 r--s 0001d000 08:05 1577596    /usr/lib/jvm/java-6-openjdk/jre/lib/plugin.jar
80bc3000-80bc8000 r--s 00045000 08:05 1577595    /usr/lib/jvm/java-6-openjdk/jre/lib/netx.jar
80bc8000-80bfb000 rw-p 00000000 00:00 0 
80bfb000-80d8a000 r--s 038c4000 08:05 1586189    /usr/lib/jvm/java-6-openjdk/jre/lib/rt.jar
80d8a000-80d8b000 ---p 00000000 00:00 0 
80d8b000-80e0b000 rw-p 00000000 00:00 0 
80e0b000-80e0c000 ---p 00000000 00:00 0 
80e0c000-80e94000 rw-p 00000000 00:00 0 
80e94000-80ecc000 rw-p 00000000 00:00 0 
80ecc000-80edb000 rw-p 00000000 00:00 0 
80edb000-80fb4000 rw-p 00000000 00:00 0 
80fb4000-80fbc000 rw-p 00000000 00:00 0 
80fbc000-80ff4000 rw-p 00000000 00:00 0 
80ff4000-81003000 rw-p 00000000 00:00 0 
81003000-810db000 rw-p 00000000 00:00 0 
810db000-810e3000 rw-p 00000000 00:00 0 
810e3000-8114f000 rw-p 00000000 00:00 0 
8114f000-82150000 rw-p 00000000 00:00 0 
82150000-89150000 rw-p 00000000 00:00 0 
89150000-8ae30000 rw-p 00000000 00:00 0 
8ae30000-a6000000 rw-p 00000000 00:00 0 
a6000000-a6e70000 rw-p 00000000 00:00 0 
a6e70000-b4750000 rw-p 00000000 00:00 0 
b4750000-b4759000 r--s 00065000 08:05 6219       /usr/share/java/gnome-java-bridge.jar
b4759000-b4762000 rw-p 00000000 00:00 0 
b4762000-b4819000 rw-p 00000000 00:00 0 
b4819000-b4a59000 rwxp 00000000 00:00 0 
b4a59000-b7819000 rw-p 00000000 00:00 0 
b7819000-b781c000 ---p 00000000 00:00 0 
b781c000-b786d000 rw-p 00000000 00:00 0 
b7870000-b7871000 rw-p 00000000 00:00 0 
b7872000-b7875000 r--s 0000f000 08:05 1577575    /usr/lib/jvm/java-6-openjdk/jre/lib/ext/pulse-java.jar
b7875000-b787d000 rw-s 00000000 08:05 666895     /tmp/hsperfdata_root/5693 (deleted)
b787d000-b787e000 rw-p 00000000 00:00 0 
b787e000-b787f000 ---p 00000000 00:00 0 
b787f000-b7881000 rw-p 00000000 00:00 0 
bfe8f000-bfea4000 rw-p 00000000 00:00 0          [stack]

VM Arguments:
jvm_args: -Dfile.encoding=UTF-8 
java_command: FileAccess.GetPacket
Launcher Type: SUN_STANDARD

Environment Variables:
PATH=/usr/local/sbin:/usr/local/bin:/usr/sbin:/usr/bin:/sbin:/bin:/usr/games
USERNAME=root
LD_LIBRARY_PATH=/usr/lib/jvm/java-6-openjdk/jre/lib/i386/server:/usr/lib/jvm/java-6-openjdk/jre/lib/i386:/usr/lib/jvm/java-6-openjdk/jre/../lib/i386:/usr/lib/jvm/java-6-openjdk/jre/lib/i386/client:/usr/lib/jvm/java-6-openjdk/jre/lib/i386:/usr/lib/jvm/java-6-openjdk/jre/../lib/i386
SHELL=/bin/bash
DISPLAY=:0.0

Signal Handlers:
SIGSEGV: [libjvm.so+0x64a040], sa_mask[0]=0x7ffbfeff, sa_flags=0x10000004
SIGBUS: [libjvm.so+0x64a040], sa_mask[0]=0x7ffbfeff, sa_flags=0x10000004
SIGFPE: [libjvm.so+0x51c0d0], sa_mask[0]=0x7ffbfeff, sa_flags=0x10000004
SIGPIPE: [libjvm.so+0x51c0d0], sa_mask[0]=0x7ffbfeff, sa_flags=0x10000004
SIGXFSZ: [libjvm.so+0x51c0d0], sa_mask[0]=0x7ffbfeff, sa_flags=0x10000004
SIGILL: [libjvm.so+0x51c0d0], sa_mask[0]=0x7ffbfeff, sa_flags=0x10000004
SIGUSR1: SIG_DFL, sa_mask[0]=0x00000000, sa_flags=0x00000000
SIGUSR2: [libjvm.so+0x51b780], sa_mask[0]=0x00000004, sa_flags=0x10000004
SIGHUP: [libjvm.so+0x51e2f0], sa_mask[0]=0x7ffbfeff, sa_flags=0x10000004
SIGINT: SIG_IGN, sa_mask[0]=0x00000000, sa_flags=0x00000000
SIGTERM: [libjvm.so+0x51e2f0], sa_mask[0]=0x7ffbfeff, sa_flags=0x10000004
SIGQUIT: [libjvm.so+0x51e2f0], sa_mask[0]=0x7ffbfeff, sa_flags=0x10000004


---------------  S Y S T E M  ---------------

OS:Ubuntu 10.04 (lucid)
uname:Linux 2.6.32-33-generic #70-Ubuntu SMP Thu Jul 7 21:09:46 UTC 2011 i686
libc:glibc 2.11.1 NPTL 2.11.1 
rlimit: STACK 8192k, CORE 0k, NPROC infinity, NOFILE 1024, AS infinity
load average:3.52 3.90 3.30

/proc/meminfo:
MemTotal:        2836956 kB
MemFree:         1227260 kB
Buffers:           42032 kB
Cached:           414692 kB
SwapCached:        72440 kB
Active:           899152 kB
Inactive:         609672 kB
Active(anon):     781252 kB
Inactive(anon):   278016 kB
Active(file):     117900 kB
Inactive(file):   331656 kB
Unevictable:           0 kB
Mlocked:               0 kB
HighTotal:       1973064 kB
HighFree:         466480 kB
LowTotal:         863892 kB
LowFree:          760780 kB
SwapTotal:       3234808 kB
SwapFree:        3114660 kB
Dirty:               916 kB
Writeback:             0 kB
AnonPages:       1008336 kB
Mapped:           123192 kB
Shmem:              7168 kB
Slab:              32672 kB
SReclaimable:      21416 kB
SUnreclaim:        11256 kB
KernelStack:        2848 kB
PageTables:         7552 kB
NFS_Unstable:          0 kB
Bounce:                0 kB
WritebackTmp:          0 kB
CommitLimit:     4653284 kB
Committed_AS:    2170624 kB
VmallocTotal:     122880 kB
VmallocUsed:       73240 kB
VmallocChunk:      42876 kB
HardwareCorrupted:     0 kB
HugePages_Total:       0
HugePages_Free:        0
HugePages_Rsvd:        0
HugePages_Surp:        0
Hugepagesize:       4096 kB
DirectMap4k:       12280 kB
DirectMap4M:      897024 kB


CPU:total 2 (2 cores per cpu, 1 threads per core) family 17 model 3 stepping 1, cmov, cx8, fxsr, mmx, sse, sse2, sse3, mmxext, 3dnow, 3dnowext

Memory: 4k page, physical 2836956k(1227260k free), swap 3234808k(3114660k free)

vm_info: OpenJDK Server VM (19.0-b09) for linux-x86 JRE (1.6.0_20-b20), built on Jan 21 2012 08:10:55 by "buildd" with gcc 4.4.3

time: Thu Mar 22 16:28:35 2012
elapsed time: 323 seconds

