#
# A fatal error has been detected by the Java Runtime Environment:
#
#  SIGSEGV (0xb) at pc=0x00f28249, pid=6519, tid=3078388592
#
# JRE version: 6.0_20-b20
# Java VM: OpenJDK Server VM (19.0-b09 mixed mode linux-x86 )
# Derivative: IcedTea6 1.9.10
# Distribution: Ubuntu 10.04.1 LTS, package 6b20-1.9.10-0ubuntu1~10.04.3
# Problematic frame:
# C  [libbytestransfer.so+0x7249]  set_rule+0x1f
#
# If you would like to submit a bug report, please include
# instructions how to reproduce the bug and visit:
#   https://bugs.launchpad.net/ubuntu/+source/openjdk-6/
# The crash happened outside the Java Virtual Machine in native code.
# See problematic frame for where to report the bug.
#

---------------  T H R E A D  ---------------

Current thread (0x0918b000):  JavaThread "main" [_thread_in_native, id=6523, stack(0xb7777000,0xb77c8000)]

siginfo:si_signo=SIGSEGV: si_errno=0, si_code=1 (SEGV_MAPERR), si_addr=0x00000011

Registers:
EAX=0xffffffff, EBX=0x81292d50, ECX=0x00000000, EDX=0x00000011
ESP=0xb77c6eb8, EBP=0xb77c6ec8, ESI=0x81292d50, EDI=0x0918b000
EIP=0x00f28249, CR2=0x00000011, EFLAGS=0x00010246

Register to memory mapping:

EAX=0xffffffff
0xffffffff is pointing to unknown location

EBX=0x81292d50
{method} 
 - klass: {other class}

ECX=0x00000000
0x00000000 is pointing to unknown location

EDX=0x00000011
0x00000011 is pointing to unknown location

ESP=0xb77c6eb8
0xb77c6eb8 is pointing into the stack for thread: 0x0918b000
"main" prio=10 tid=0x0918b000 nid=0x197b runnable [0xb77c7000]
   java.lang.Thread.State: RUNNABLE

EBP=0xb77c6ec8
0xb77c6ec8 is pointing into the stack for thread: 0x0918b000
"main" prio=10 tid=0x0918b000 nid=0x197b runnable [0xb77c7000]
   java.lang.Thread.State: RUNNABLE

ESI=0x81292d50
{method} 
 - klass: {other class}

EDI=0x0918b000
"main" prio=10 tid=0x0918b000 nid=0x197b runnable [0xb77c7000]
   java.lang.Thread.State: RUNNABLE


Top of Stack: (sp=0xb77c6eb8)
0xb77c6eb8:   00000d08 81292d50 81292d50 00000000
0xb77c6ec8:   b77c6fb8 00f282cd b77c6f70 ffffffff
0xb77c6ed8:   b77c6f28 0162360b 80800010 00000010
0xb77c6ee8:   b77c6f28 00265ff4 80800010 091899a0
0xb77c6ef8:   b77c6f18 0017ff9c 091953d0 0000006f
0xb77c6f08:   0918b490 016fdff4 00000011 091899a0
0xb77c6f18:   b77c6f48 0150a728 00000011 091899a0
0xb77c6f28:   b77c6f48 013777de 8129436c 00000010 

Instructions: (pc=0x00f28249)
0x00f28239:   8b 45 08 8b 00 8b 55 fc 01 d2 8d 14 10 8b 45 0c
0x00f28249:   66 89 02 8b 45 08 8b 40 04 8b 55 fc 01 d2 8d 14 

Stack: [0xb7777000,0xb77c8000],  sp=0xb77c6eb8,  free space=319k
Native frames: (J=compiled Java code, j=interpreted, Vv=VM code, C=native code)
C  [libbytestransfer.so+0x7249]  set_rule+0x1f
C  [libbytestransfer.so+0x72cd]  get_hourly_transfer+0x36
C  [libbytestransfer.so+0x771a]  Java_FileAccess_datatransfer_fillData+0x340
j  FileAccess.datatransfer.fillData()V+0
j  FileAccess.datatransfer.main([Ljava/lang/String;)V+72
v  ~StubRoutines::call_stub
V  [libjvm.so+0x387d72]
V  [libjvm.so+0x519369]
V  [libjvm.so+0x386caf]
V  [libjvm.so+0x39214c]
V  [libjvm.so+0x3a11ad]
C  [java+0x321d]  JavaMain+0xd4d
C  [libpthread.so.0+0x596e]

Java frames: (J=compiled Java code, j=interpreted, Vv=VM code)
j  FileAccess.datatransfer.fillData()V+0
j  FileAccess.datatransfer.main([Ljava/lang/String;)V+72
v  ~StubRoutines::call_stub

---------------  P R O C E S S  ---------------

Java Threads: ( => current thread )
  0x80804800 JavaThread "Low Memory Detector" daemon [_thread_blocked, id=6532, stack(0x8091d000,0x8096e000)]
  0x80802800 JavaThread "CompilerThread1" daemon [_thread_blocked, id=6531, stack(0x806fe000,0x8077f000)]
  0x80800800 JavaThread "CompilerThread0" daemon [_thread_blocked, id=6530, stack(0x8077f000,0x80800000)]
  0x09229400 JavaThread "Signal Dispatcher" daemon [_thread_blocked, id=6529, stack(0x8096e000,0x809bf000)]
  0x09216000 JavaThread "Finalizer" daemon [_thread_blocked, id=6528, stack(0x809fe000,0x80a4f000)]
  0x09214c00 JavaThread "Reference Handler" daemon [_thread_blocked, id=6527, stack(0x80a4f000,0x80aa0000)]
=>0x0918b000 JavaThread "main" [_thread_in_native, id=6523, stack(0xb7777000,0xb77c8000)]

Other Threads:
  0x09210c00 VMThread [stack: 0x80aa0000,0x80b21000] [id=6526]
  0x80806800 WatcherThread [stack: 0x8067d000,0x806fe000] [id=6533]

VM state:not at safepoint (normal execution)

VM Mutex/Monitor currently owned by a thread: None

Heap
 PSYoungGen      total 12992K, used 448K [0xa5f60000, 0xa6dd0000, 0xb46b0000)
  eden space 11200K, 4% used [0xa5f60000,0xa5fd0068,0xa6a50000)
  from space 1792K, 0% used [0xa6c10000,0xa6c10000,0xa6dd0000)
  to   space 1792K, 0% used [0xa6a50000,0xa6a50000,0xa6c10000)
 PSOldGen        total 29568K, used 0K [0x890b0000, 0x8ad90000, 0xa5f60000)
  object space 29568K, 0% used [0x890b0000,0x890b0000,0x8ad90000)
 PSPermGen       total 16384K, used 1936K [0x810b0000, 0x820b0000, 0x890b0000)
  object space 16384K, 11% used [0x810b0000,0x812943d8,0x820b0000)

Dynamic libraries:
00110000-00263000 r-xp 00000000 08:05 527197     /lib/tls/i686/cmov/libc-2.11.1.so
00263000-00264000 ---p 00153000 08:05 527197     /lib/tls/i686/cmov/libc-2.11.1.so
00264000-00266000 r--p 00153000 08:05 527197     /lib/tls/i686/cmov/libc-2.11.1.so
00266000-00267000 rw-p 00155000 08:05 527197     /lib/tls/i686/cmov/libc-2.11.1.so
00267000-0026a000 rw-p 00000000 00:00 0 
0026a000-0027d000 r-xp 00000000 08:05 527208     /lib/tls/i686/cmov/libnsl-2.11.1.so
0027d000-0027e000 r--p 00012000 08:05 527208     /lib/tls/i686/cmov/libnsl-2.11.1.so
0027e000-0027f000 rw-p 00013000 08:05 527208     /lib/tls/i686/cmov/libnsl-2.11.1.so
0027f000-00281000 rw-p 00000000 00:00 0 
002a9000-002b3000 r-xp 00000000 08:05 527214     /lib/tls/i686/cmov/libnss_files-2.11.1.so
002b3000-002b4000 r--p 00009000 08:05 527214     /lib/tls/i686/cmov/libnss_files-2.11.1.so
002b4000-002b5000 rw-p 0000a000 08:05 527214     /lib/tls/i686/cmov/libnss_files-2.11.1.so
00441000-00448000 r-xp 00000000 08:05 1586228    /usr/lib/jvm/java-6-openjdk/jre/lib/i386/native_threads/libhpi.so
00448000-00449000 r--p 00006000 08:05 1586228    /usr/lib/jvm/java-6-openjdk/jre/lib/i386/native_threads/libhpi.so
00449000-0044a000 rw-p 00007000 08:05 1586228    /usr/lib/jvm/java-6-openjdk/jre/lib/i386/native_threads/libhpi.so
0052a000-00531000 r-xp 00000000 08:05 1586226    /usr/lib/jvm/java-6-openjdk/jre/lib/i386/libzip.so
00531000-00532000 r--p 00006000 08:05 1586226    /usr/lib/jvm/java-6-openjdk/jre/lib/i386/libzip.so
00532000-00533000 rw-p 00007000 08:05 1586226    /usr/lib/jvm/java-6-openjdk/jre/lib/i386/libzip.so
0064e000-0065a000 r-xp 00000000 08:05 1586225    /usr/lib/jvm/java-6-openjdk/jre/lib/i386/libverify.so
0065a000-0065b000 r--p 0000b000 08:05 1586225    /usr/lib/jvm/java-6-openjdk/jre/lib/i386/libverify.so
0065b000-0065c000 rw-p 0000c000 08:05 1586225    /usr/lib/jvm/java-6-openjdk/jre/lib/i386/libverify.so
00786000-007aa000 r-xp 00000000 08:05 527205     /lib/tls/i686/cmov/libm-2.11.1.so
007aa000-007ab000 r--p 00023000 08:05 527205     /lib/tls/i686/cmov/libm-2.11.1.so
007ab000-007ac000 rw-p 00024000 08:05 527205     /lib/tls/i686/cmov/libm-2.11.1.so
0082d000-00842000 r-xp 00000000 08:05 527223     /lib/tls/i686/cmov/libpthread-2.11.1.so
00842000-00843000 r--p 00014000 08:05 527223     /lib/tls/i686/cmov/libpthread-2.11.1.so
00843000-00844000 rw-p 00015000 08:05 527223     /lib/tls/i686/cmov/libpthread-2.11.1.so
00844000-00846000 rw-p 00000000 00:00 0 
008e3000-008e5000 r-xp 00000000 08:05 527203     /lib/tls/i686/cmov/libdl-2.11.1.so
008e5000-008e6000 r--p 00001000 08:05 527203     /lib/tls/i686/cmov/libdl-2.11.1.so
008e6000-008e7000 rw-p 00002000 08:05 527203     /lib/tls/i686/cmov/libdl-2.11.1.so
009d2000-009f6000 r-xp 00000000 08:05 1586209    /usr/lib/jvm/java-6-openjdk/jre/lib/i386/libjava.so
009f6000-009f7000 r--p 00023000 08:05 1586209    /usr/lib/jvm/java-6-openjdk/jre/lib/i386/libjava.so
009f7000-009f9000 rw-p 00024000 08:05 1586209    /usr/lib/jvm/java-6-openjdk/jre/lib/i386/libjava.so
00a4a000-00a52000 r-xp 00000000 08:05 527218     /lib/tls/i686/cmov/libnss_nis-2.11.1.so
00a52000-00a53000 r--p 00007000 08:05 527218     /lib/tls/i686/cmov/libnss_nis-2.11.1.so
00a53000-00a54000 rw-p 00008000 08:05 527218     /lib/tls/i686/cmov/libnss_nis-2.11.1.so
00b78000-00b93000 r-xp 00000000 08:05 523290     /lib/ld-2.11.1.so
00b93000-00b94000 r--p 0001a000 08:05 523290     /lib/ld-2.11.1.so
00b94000-00b95000 rw-p 0001b000 08:05 523290     /lib/ld-2.11.1.so
00bd8000-00bdf000 r-xp 00000000 08:05 527227     /lib/tls/i686/cmov/librt-2.11.1.so
00bdf000-00be0000 r--p 00006000 08:05 527227     /lib/tls/i686/cmov/librt-2.11.1.so
00be0000-00be1000 rw-p 00007000 08:05 527227     /lib/tls/i686/cmov/librt-2.11.1.so
00d9d000-00d9e000 r-xp 00000000 00:00 0          [vdso]
00e0d000-00e13000 r-xp 00000000 08:05 527210     /lib/tls/i686/cmov/libnss_compat-2.11.1.so
00e13000-00e14000 r--p 00006000 08:05 527210     /lib/tls/i686/cmov/libnss_compat-2.11.1.so
00e14000-00e15000 rw-p 00007000 08:05 527210     /lib/tls/i686/cmov/libnss_compat-2.11.1.so
00ef0000-00f03000 r-xp 00000000 08:05 523463     /lib/libz.so.1.2.3.3
00f03000-00f04000 r--p 00012000 08:05 523463     /lib/libz.so.1.2.3.3
00f04000-00f05000 rw-p 00013000 08:05 523463     /lib/libz.so.1.2.3.3
00f21000-00f2a000 r-xp 00000000 08:05 1592432    /usr/lib/libbytestransfer.so
00f2a000-00f2b000 r--p 00008000 08:05 1592432    /usr/lib/libbytestransfer.so
00f2b000-00f2c000 rw-p 00009000 08:05 1592432    /usr/lib/libbytestransfer.so
00fee000-00ff1000 r-xp 00000000 08:05 1586197    /usr/lib/jvm/java-6-openjdk/jre/lib/i386/jli/libjli.so
00ff1000-00ff2000 r--p 00003000 08:05 1586197    /usr/lib/jvm/java-6-openjdk/jre/lib/i386/jli/libjli.so
00ff2000-00ff3000 rw-p 00004000 08:05 1586197    /usr/lib/jvm/java-6-openjdk/jre/lib/i386/jli/libjli.so
00ff3000-016b8000 r-xp 00000000 08:05 1586230    /usr/lib/jvm/java-6-openjdk/jre/lib/i386/server/libjvm.so
016b8000-016b9000 ---p 006c5000 08:05 1586230    /usr/lib/jvm/java-6-openjdk/jre/lib/i386/server/libjvm.so
016b9000-016fe000 r--p 006c5000 08:05 1586230    /usr/lib/jvm/java-6-openjdk/jre/lib/i386/server/libjvm.so
016fe000-0170d000 rw-p 0070a000 08:05 1586230    /usr/lib/jvm/java-6-openjdk/jre/lib/i386/server/libjvm.so
0170d000-01b2c000 rw-p 00000000 00:00 0 
08048000-08051000 r-xp 00000000 08:05 1586258    /usr/lib/jvm/java-6-openjdk/jre/bin/java
08051000-08052000 r--p 00008000 08:05 1586258    /usr/lib/jvm/java-6-openjdk/jre/bin/java
08052000-08053000 rw-p 00009000 08:05 1586258    /usr/lib/jvm/java-6-openjdk/jre/bin/java
09184000-0924a000 rw-p 00000000 00:00 0          [heap]
8067d000-8067e000 ---p 00000000 00:00 0 
8067e000-806fe000 rw-p 00000000 00:00 0 
806fe000-80701000 ---p 00000000 00:00 0 
80701000-8077f000 rw-p 00000000 00:00 0 
8077f000-80782000 ---p 00000000 00:00 0 
80782000-80800000 rw-p 00000000 00:00 0 
80800000-80822000 rw-p 00000000 00:00 0 
80822000-80900000 ---p 00000000 00:00 0 
80914000-8091d000 r--s 00065000 08:05 6219       /usr/share/java/gnome-java-bridge.jar
8091d000-80920000 ---p 00000000 00:00 0 
80920000-8096e000 rw-p 00000000 00:00 0 
8096e000-80971000 ---p 00000000 00:00 0 
80971000-809bf000 rw-p 00000000 00:00 0 
809bf000-809fe000 r--p 00000000 08:05 1577945    /usr/lib/locale/en_IN/LC_CTYPE
809fe000-80a01000 ---p 00000000 00:00 0 
80a01000-80a4f000 rw-p 00000000 00:00 0 
80a4f000-80a52000 ---p 00000000 00:00 0 
80a52000-80aa0000 rw-p 00000000 00:00 0 
80aa0000-80aa1000 ---p 00000000 00:00 0 
80aa1000-80b21000 rw-p 00000000 00:00 0 
80b21000-80b23000 r--s 0001d000 08:05 1577596    /usr/lib/jvm/java-6-openjdk/jre/lib/plugin.jar
80b23000-80b28000 r--s 00045000 08:05 1577595    /usr/lib/jvm/java-6-openjdk/jre/lib/netx.jar
80b28000-80b5b000 rw-p 00000000 00:00 0 
80b5b000-80cea000 r--s 038c4000 08:05 1586189    /usr/lib/jvm/java-6-openjdk/jre/lib/rt.jar
80cea000-80ceb000 ---p 00000000 00:00 0 
80ceb000-80d6b000 rw-p 00000000 00:00 0 
80d6b000-80d6c000 ---p 00000000 00:00 0 
80d6c000-80df4000 rw-p 00000000 00:00 0 
80df4000-80e2c000 rw-p 00000000 00:00 0 
80e2c000-80e3b000 rw-p 00000000 00:00 0 
80e3b000-80f14000 rw-p 00000000 00:00 0 
80f14000-80f1c000 rw-p 00000000 00:00 0 
80f1c000-80f54000 rw-p 00000000 00:00 0 
80f54000-80f63000 rw-p 00000000 00:00 0 
80f63000-8103b000 rw-p 00000000 00:00 0 
8103b000-81043000 rw-p 00000000 00:00 0 
81043000-810af000 rw-p 00000000 00:00 0 
810af000-820b0000 rw-p 00000000 00:00 0 
820b0000-890b0000 rw-p 00000000 00:00 0 
890b0000-8ad90000 rw-p 00000000 00:00 0 
8ad90000-a5f60000 rw-p 00000000 00:00 0 
a5f60000-a6dd0000 rw-p 00000000 00:00 0 
a6dd0000-b46b0000 rw-p 00000000 00:00 0 
b46b7000-b46c0000 rw-p 00000000 00:00 0 
b46c0000-b4777000 rw-p 00000000 00:00 0 
b4777000-b49b7000 rwxp 00000000 00:00 0 
b49b7000-b7777000 rw-p 00000000 00:00 0 
b7777000-b777a000 ---p 00000000 00:00 0 
b777a000-b77cb000 rw-p 00000000 00:00 0 
b77cf000-b77d0000 rw-p 00000000 00:00 0 
b77d0000-b77d3000 r--s 0000f000 08:05 1577575    /usr/lib/jvm/java-6-openjdk/jre/lib/ext/pulse-java.jar
b77d3000-b77db000 rw-s 00000000 08:05 663848     /tmp/hsperfdata_root/6519
b77db000-b77dc000 rw-p 00000000 00:00 0 
b77dc000-b77dd000 r--p 00000000 00:00 0 
b77dd000-b77df000 rw-p 00000000 00:00 0 
bffaa000-bffbf000 rw-p 00000000 00:00 0          [stack]

VM Arguments:
jvm_args: -Dfile.encoding=UTF-8 
java_command: FileAccess.datatransfer
Launcher Type: SUN_STANDARD

Environment Variables:
PATH=/usr/local/sbin:/usr/local/bin:/usr/sbin:/usr/bin:/sbin:/bin:/usr/games
USERNAME=root
LD_LIBRARY_PATH=/usr/lib/jvm/java-6-openjdk/jre/lib/i386/server:/usr/lib/jvm/java-6-openjdk/jre/lib/i386:/usr/lib/jvm/java-6-openjdk/jre/../lib/i386:/usr/lib/jvm/java-6-openjdk/jre/lib/i386/client:/usr/lib/jvm/java-6-openjdk/jre/lib/i386:/usr/lib/jvm/java-6-openjdk/jre/../lib/i386
SHELL=/bin/bash
DISPLAY=:0.0

Signal Handlers:
SIGSEGV: [libjvm.so+0x64a040], sa_mask[0]=0x7ffbfeff, sa_flags=0x10000004
SIGBUS: [libjvm.so+0x64a040], sa_mask[0]=0x7ffbfeff, sa_flags=0x10000004
SIGFPE: [libjvm.so+0x51c0d0], sa_mask[0]=0x7ffbfeff, sa_flags=0x10000004
SIGPIPE: [libjvm.so+0x51c0d0], sa_mask[0]=0x7ffbfeff, sa_flags=0x10000004
SIGXFSZ: [libjvm.so+0x51c0d0], sa_mask[0]=0x7ffbfeff, sa_flags=0x10000004
SIGILL: [libjvm.so+0x51c0d0], sa_mask[0]=0x7ffbfeff, sa_flags=0x10000004
SIGUSR1: SIG_DFL, sa_mask[0]=0x00000000, sa_flags=0x00000000
SIGUSR2: [libjvm.so+0x51b780], sa_mask[0]=0x00000004, sa_flags=0x10000004
SIGHUP: [libjvm.so+0x51e2f0], sa_mask[0]=0x7ffbfeff, sa_flags=0x10000004
SIGINT: SIG_IGN, sa_mask[0]=0x00000000, sa_flags=0x00000000
SIGTERM: [libjvm.so+0x51e2f0], sa_mask[0]=0x7ffbfeff, sa_flags=0x10000004
SIGQUIT: [libjvm.so+0x51e2f0], sa_mask[0]=0x7ffbfeff, sa_flags=0x10000004


---------------  S Y S T E M  ---------------

OS:Ubuntu 10.04 (lucid)
uname:Linux 2.6.32-33-generic #70-Ubuntu SMP Thu Jul 7 21:09:46 UTC 2011 i686
libc:glibc 2.11.1 NPTL 2.11.1 
rlimit: STACK 8192k, CORE 0k, NPROC infinity, NOFILE 1024, AS infinity
load average:0.90 0.86 0.78

/proc/meminfo:
MemTotal:        2836956 kB
MemFree:         1103220 kB
Buffers:           87132 kB
Cached:           684628 kB
SwapCached:            0 kB
Active:          1080568 kB
Inactive:         555472 kB
Active(anon):     864700 kB
Inactive(anon):     8060 kB
Active(file):     215868 kB
Inactive(file):   547412 kB
Unevictable:          16 kB
Mlocked:              16 kB
HighTotal:       1973064 kB
HighFree:         392584 kB
LowTotal:         863892 kB
LowFree:          710636 kB
SwapTotal:       3234808 kB
SwapFree:        3234808 kB
Dirty:               140 kB
Writeback:             0 kB
AnonPages:        864236 kB
Mapped:           163188 kB
Shmem:              8484 kB
Slab:              38348 kB
SReclaimable:      26696 kB
SUnreclaim:        11652 kB
KernelStack:        3104 kB
PageTables:         8208 kB
NFS_Unstable:          0 kB
Bounce:                0 kB
WritebackTmp:          0 kB
CommitLimit:     4653284 kB
Committed_AS:    2100352 kB
VmallocTotal:     122880 kB
VmallocUsed:       73204 kB
VmallocChunk:      27796 kB
HardwareCorrupted:     0 kB
HugePages_Total:       0
HugePages_Free:        0
HugePages_Rsvd:        0
HugePages_Surp:        0
Hugepagesize:       4096 kB
DirectMap4k:       12280 kB
DirectMap4M:      897024 kB


CPU:total 2 (2 cores per cpu, 1 threads per core) family 17 model 3 stepping 1, cmov, cx8, fxsr, mmx, sse, sse2, sse3, mmxext, 3dnow, 3dnowext

Memory: 4k page, physical 2836956k(1103220k free), swap 3234808k(3234808k free)

vm_info: OpenJDK Server VM (19.0-b09) for linux-x86 JRE (1.6.0_20-b20), built on Jan 21 2012 08:10:55 by "buildd" with gcc 4.4.3

time: Thu Mar 22 20:21:57 2012
elapsed time: 0 seconds

