#
# A fatal error has been detected by the Java Runtime Environment:
#
#  SIGSEGV (0xb) at pc=0x00184fc6, pid=3415, tid=3079482224
#
# JRE version: 6.0_20-b20
# Java VM: OpenJDK Server VM (19.0-b09 mixed mode linux-x86 )
# Derivative: IcedTea6 1.9.10
# Distribution: Ubuntu 10.04.1 LTS, package 6b20-1.9.10-0ubuntu1~10.04.3
# Problematic frame:
# C  [libc.so.6+0x74fc6]
#
# If you would like to submit a bug report, please include
# instructions how to reproduce the bug and visit:
#   https://bugs.launchpad.net/ubuntu/+source/openjdk-6/
# The crash happened outside the Java Virtual Machine in native code.
# See problematic frame for where to report the bug.
#

---------------  T H R E A D  ---------------

Current thread (0x09959000):  JavaThread "main" [_thread_in_native, id=3419, stack(0xb7882000,0xb78d3000)]

siginfo:si_signo=SIGSEGV: si_errno=0, si_code=1 (SEGV_MAPERR), si_addr=0x00000000

Registers:
EAX=0x00000002, EBX=0xb78d1af8, ECX=0x2de3474a, EDX=0xb78d1b8c
ESP=0xb78d1a48, EBP=0xb78d1a88, ESI=0x00000000, EDI=0x00000000
EIP=0x00184fc6, CR2=0x00000000, EFLAGS=0x00010202

Register to memory mapping:

EAX=0x00000002
0x00000002 is pointing to unknown location

EBX=0xb78d1af8
0xb78d1af8 is pointing into the stack for thread: 0x09959000
"main" prio=10 tid=0x09959000 nid=0xd5b runnable [0xb78d1000]
   java.lang.Thread.State: RUNNABLE

ECX=0x2de3474a
0x2de3474a is pointing to unknown location

EDX=0xb78d1b8c
0xb78d1b8c is pointing into the stack for thread: 0x09959000
"main" prio=10 tid=0x09959000 nid=0xd5b runnable [0xb78d1000]
   java.lang.Thread.State: RUNNABLE

ESP=0xb78d1a48
0xb78d1a48 is pointing into the stack for thread: 0x09959000
"main" prio=10 tid=0x09959000 nid=0xd5b runnable [0xb78d1000]
   java.lang.Thread.State: RUNNABLE

EBP=0xb78d1a88
0xb78d1a88 is pointing into the stack for thread: 0x09959000
"main" prio=10 tid=0x09959000 nid=0xd5b runnable [0xb78d1000]
   java.lang.Thread.State: RUNNABLE

ESI=0x00000000
0x00000000 is pointing to unknown location

EDI=0x00000000
0x00000000 is pointing to unknown location


Top of Stack: (sp=0xb78d1a48)
0xb78d1a48:   8091c504 0037acad 00000000 00000000
0xb78d1a58:   b78d1d2a 00265ff4 80900010 00000000
0xb78d1a68:   b78d1a88 8091c470 b78d1a88 001571db
0xb78d1a78:   813a3410 813a3410 813a3410 09959000
0xb78d1a88:   b78d1d78 0037bbf1 b78d1af8 00000000
0xb78d1a98:   b78d1d2a 00000000 0000ffff 00000001
0xb78d1aa8:   0037fd75 b78d1bc8 b78d1ad8 0017ac22
0xb78d1ab8:   0037fc08 809173a0 b78d1af4 b78d1d2a 

Instructions: (pc=0x00184fc6)
0x00184fb6:   00 00 00 74 02 a4 49 50 89 c8 c1 e9 02 83 e0 03
0x00184fc6:   f3 a5 89 c1 f3 a4 58 89 c7 89 d6 8b 44 24 04 c3 

Stack: [0xb7882000,0xb78d3000],  sp=0xb78d1a48,  free space=318k
Native frames: (J=compiled Java code, j=interpreted, Vv=VM code, C=native code)
C  [libc.so.6+0x74fc6]
C  [libpacketlib.so+0x3bf1]  traverse_flow_list+0x331
C  [libpacketlib.so+0x3dbe]  get_flow_packets+0x9c
C  [libpacketlib.so+0x4848]  fill_flow_packets+0x6f
C  [libpacketlib.so+0x20d0]  Java_FileAccess_GetPacket_fillpackets+0x110
j  FileAccess.GetPacket.fillpackets()V+0
j  FileAccess.GetPacket.main([Ljava/lang/String;)V+148
v  ~StubRoutines::call_stub
V  [libjvm.so+0x387d72]
V  [libjvm.so+0x519369]
V  [libjvm.so+0x386caf]
V  [libjvm.so+0x39214c]
V  [libjvm.so+0x3a11ad]
C  [java+0x321d]  JavaMain+0xd4d
C  [libpthread.so.0+0x596e]

Java frames: (J=compiled Java code, j=interpreted, Vv=VM code)
j  FileAccess.GetPacket.fillpackets()V+0
j  FileAccess.GetPacket.main([Ljava/lang/String;)V+148
v  ~StubRoutines::call_stub

---------------  P R O C E S S  ---------------

Java Threads: ( => current thread )
  0x80904800 JavaThread "Low Memory Detector" daemon [_thread_blocked, id=3428, stack(0x80a2d000,0x80a7e000)]
  0x80902800 JavaThread "CompilerThread1" daemon [_thread_blocked, id=3427, stack(0x807fe000,0x8087f000)]
  0x80900800 JavaThread "CompilerThread0" daemon [_thread_blocked, id=3426, stack(0x8087f000,0x80900000)]
  0x099f7400 JavaThread "Signal Dispatcher" daemon [_thread_blocked, id=3425, stack(0x80a7e000,0x80acf000)]
  0x099e4000 JavaThread "Finalizer" daemon [_thread_blocked, id=3424, stack(0x80b0e000,0x80b5f000)]
  0x099e2c00 JavaThread "Reference Handler" daemon [_thread_blocked, id=3423, stack(0x80b5f000,0x80bb0000)]
=>0x09959000 JavaThread "main" [_thread_in_native, id=3419, stack(0xb7882000,0xb78d3000)]

Other Threads:
  0x099dec00 VMThread [stack: 0x80bb0000,0x80c31000] [id=3422]
  0x80906800 WatcherThread [stack: 0x8077d000,0x807fe000] [id=3429]

VM state:not at safepoint (normal execution)

VM Mutex/Monitor currently owned by a thread: None

Heap
 PSYoungGen      total 12992K, used 448K [0xa6070000, 0xa6ee0000, 0xb47c0000)
  eden space 11200K, 4% used [0xa6070000,0xa60e0028,0xa6b60000)
  from space 1792K, 0% used [0xa6d20000,0xa6d20000,0xa6ee0000)
  to   space 1792K, 0% used [0xa6b60000,0xa6b60000,0xa6d20000)
 PSOldGen        total 29568K, used 0K [0x891c0000, 0x8aea0000, 0xa6070000)
  object space 29568K, 0% used [0x891c0000,0x891c0000,0x8aea0000)
 PSPermGen       total 16384K, used 1951K [0x811c0000, 0x821c0000, 0x891c0000)
  object space 16384K, 11% used [0x811c0000,0x813a7fc8,0x821c0000)

Dynamic libraries:
00110000-00263000 r-xp 00000000 08:05 527197     /lib/tls/i686/cmov/libc-2.11.1.so
00263000-00264000 ---p 00153000 08:05 527197     /lib/tls/i686/cmov/libc-2.11.1.so
00264000-00266000 r--p 00153000 08:05 527197     /lib/tls/i686/cmov/libc-2.11.1.so
00266000-00267000 rw-p 00155000 08:05 527197     /lib/tls/i686/cmov/libc-2.11.1.so
00267000-0026a000 rw-p 00000000 00:00 0 
0026a000-00274000 r-xp 00000000 08:05 527214     /lib/tls/i686/cmov/libnss_files-2.11.1.so
00274000-00275000 r--p 00009000 08:05 527214     /lib/tls/i686/cmov/libnss_files-2.11.1.so
00275000-00276000 rw-p 0000a000 08:05 527214     /lib/tls/i686/cmov/libnss_files-2.11.1.so
00280000-00283000 r-xp 00000000 08:05 1586197    /usr/lib/jvm/java-6-openjdk/jre/lib/i386/jli/libjli.so
00283000-00284000 r--p 00003000 08:05 1586197    /usr/lib/jvm/java-6-openjdk/jre/lib/i386/jli/libjli.so
00284000-00285000 rw-p 00004000 08:05 1586197    /usr/lib/jvm/java-6-openjdk/jre/lib/i386/jli/libjli.so
00285000-00298000 r-xp 00000000 08:05 527208     /lib/tls/i686/cmov/libnsl-2.11.1.so
00298000-00299000 r--p 00012000 08:05 527208     /lib/tls/i686/cmov/libnsl-2.11.1.so
00299000-0029a000 rw-p 00013000 08:05 527208     /lib/tls/i686/cmov/libnsl-2.11.1.so
0029a000-0029c000 rw-p 00000000 00:00 0 
00378000-00381000 r-xp 00000000 08:05 1589892    /usr/lib/libpacketlib.so
00381000-00382000 r--p 00008000 08:05 1589892    /usr/lib/libpacketlib.so
00382000-00383000 rw-p 00009000 08:05 1589892    /usr/lib/libpacketlib.so
003b3000-003bf000 r-xp 00000000 08:05 1586225    /usr/lib/jvm/java-6-openjdk/jre/lib/i386/libverify.so
003bf000-003c0000 r--p 0000b000 08:05 1586225    /usr/lib/jvm/java-6-openjdk/jre/lib/i386/libverify.so
003c0000-003c1000 rw-p 0000c000 08:05 1586225    /usr/lib/jvm/java-6-openjdk/jre/lib/i386/libverify.so
00561000-00568000 r-xp 00000000 08:05 1586228    /usr/lib/jvm/java-6-openjdk/jre/lib/i386/native_threads/libhpi.so
00568000-00569000 r--p 00006000 08:05 1586228    /usr/lib/jvm/java-6-openjdk/jre/lib/i386/native_threads/libhpi.so
00569000-0056a000 rw-p 00007000 08:05 1586228    /usr/lib/jvm/java-6-openjdk/jre/lib/i386/native_threads/libhpi.so
005e3000-00607000 r-xp 00000000 08:05 527205     /lib/tls/i686/cmov/libm-2.11.1.so
00607000-00608000 r--p 00023000 08:05 527205     /lib/tls/i686/cmov/libm-2.11.1.so
00608000-00609000 rw-p 00024000 08:05 527205     /lib/tls/i686/cmov/libm-2.11.1.so
006c6000-006ea000 r-xp 00000000 08:05 1586209    /usr/lib/jvm/java-6-openjdk/jre/lib/i386/libjava.so
006ea000-006eb000 r--p 00023000 08:05 1586209    /usr/lib/jvm/java-6-openjdk/jre/lib/i386/libjava.so
006eb000-006ed000 rw-p 00024000 08:05 1586209    /usr/lib/jvm/java-6-openjdk/jre/lib/i386/libjava.so
00712000-00725000 r-xp 00000000 08:05 523463     /lib/libz.so.1.2.3.3
00725000-00726000 r--p 00012000 08:05 523463     /lib/libz.so.1.2.3.3
00726000-00727000 rw-p 00013000 08:05 523463     /lib/libz.so.1.2.3.3
0081c000-0081d000 r-xp 00000000 00:00 0          [vdso]
009b1000-009b3000 r-xp 00000000 08:05 527203     /lib/tls/i686/cmov/libdl-2.11.1.so
009b3000-009b4000 r--p 00001000 08:05 527203     /lib/tls/i686/cmov/libdl-2.11.1.so
009b4000-009b5000 rw-p 00002000 08:05 527203     /lib/tls/i686/cmov/libdl-2.11.1.so
00a75000-00a7c000 r-xp 00000000 08:05 1586226    /usr/lib/jvm/java-6-openjdk/jre/lib/i386/libzip.so
00a7c000-00a7d000 r--p 00006000 08:05 1586226    /usr/lib/jvm/java-6-openjdk/jre/lib/i386/libzip.so
00a7d000-00a7e000 rw-p 00007000 08:05 1586226    /usr/lib/jvm/java-6-openjdk/jre/lib/i386/libzip.so
00b9f000-00ba6000 r-xp 00000000 08:05 527227     /lib/tls/i686/cmov/librt-2.11.1.so
00ba6000-00ba7000 r--p 00006000 08:05 527227     /lib/tls/i686/cmov/librt-2.11.1.so
00ba7000-00ba8000 rw-p 00007000 08:05 527227     /lib/tls/i686/cmov/librt-2.11.1.so
00ced000-00cf5000 r-xp 00000000 08:05 527218     /lib/tls/i686/cmov/libnss_nis-2.11.1.so
00cf5000-00cf6000 r--p 00007000 08:05 527218     /lib/tls/i686/cmov/libnss_nis-2.11.1.so
00cf6000-00cf7000 rw-p 00008000 08:05 527218     /lib/tls/i686/cmov/libnss_nis-2.11.1.so
00d45000-00d5a000 r-xp 00000000 08:05 527223     /lib/tls/i686/cmov/libpthread-2.11.1.so
00d5a000-00d5b000 r--p 00014000 08:05 527223     /lib/tls/i686/cmov/libpthread-2.11.1.so
00d5b000-00d5c000 rw-p 00015000 08:05 527223     /lib/tls/i686/cmov/libpthread-2.11.1.so
00d5c000-00d5e000 rw-p 00000000 00:00 0 
00dc7000-00dcd000 r-xp 00000000 08:05 527210     /lib/tls/i686/cmov/libnss_compat-2.11.1.so
00dcd000-00dce000 r--p 00006000 08:05 527210     /lib/tls/i686/cmov/libnss_compat-2.11.1.so
00dce000-00dcf000 rw-p 00007000 08:05 527210     /lib/tls/i686/cmov/libnss_compat-2.11.1.so
00dff000-00e1a000 r-xp 00000000 08:05 523290     /lib/ld-2.11.1.so
00e1a000-00e1b000 r--p 0001a000 08:05 523290     /lib/ld-2.11.1.so
00e1b000-00e1c000 rw-p 0001b000 08:05 523290     /lib/ld-2.11.1.so
00e1c000-014e1000 r-xp 00000000 08:05 1586230    /usr/lib/jvm/java-6-openjdk/jre/lib/i386/server/libjvm.so
014e1000-014e2000 ---p 006c5000 08:05 1586230    /usr/lib/jvm/java-6-openjdk/jre/lib/i386/server/libjvm.so
014e2000-01527000 r--p 006c5000 08:05 1586230    /usr/lib/jvm/java-6-openjdk/jre/lib/i386/server/libjvm.so
01527000-01536000 rw-p 0070a000 08:05 1586230    /usr/lib/jvm/java-6-openjdk/jre/lib/i386/server/libjvm.so
01536000-01955000 rw-p 00000000 00:00 0 
08048000-08051000 r-xp 00000000 08:05 1586258    /usr/lib/jvm/java-6-openjdk/jre/bin/java
08051000-08052000 r--p 00008000 08:05 1586258    /usr/lib/jvm/java-6-openjdk/jre/bin/java
08052000-08053000 rw-p 00009000 08:05 1586258    /usr/lib/jvm/java-6-openjdk/jre/bin/java
09952000-09a18000 rw-p 00000000 00:00 0          [heap]
806fc000-8077d000 rw-p 00000000 00:00 0 
8077d000-8077e000 ---p 00000000 00:00 0 
8077e000-807fe000 rw-p 00000000 00:00 0 
807fe000-80801000 ---p 00000000 00:00 0 
80801000-8087f000 rw-p 00000000 00:00 0 
8087f000-80882000 ---p 00000000 00:00 0 
80882000-80900000 rw-p 00000000 00:00 0 
80900000-80922000 rw-p 00000000 00:00 0 
80922000-80a00000 ---p 00000000 00:00 0 
80a24000-80a2d000 r--s 00065000 08:05 6219       /usr/share/java/gnome-java-bridge.jar
80a2d000-80a30000 ---p 00000000 00:00 0 
80a30000-80a7e000 rw-p 00000000 00:00 0 
80a7e000-80a81000 ---p 00000000 00:00 0 
80a81000-80acf000 rw-p 00000000 00:00 0 
80acf000-80b0e000 r--p 00000000 08:05 1577945    /usr/lib/locale/en_IN/LC_CTYPE
80b0e000-80b11000 ---p 00000000 00:00 0 
80b11000-80b5f000 rw-p 00000000 00:00 0 
80b5f000-80b62000 ---p 00000000 00:00 0 
80b62000-80bb0000 rw-p 00000000 00:00 0 
80bb0000-80bb1000 ---p 00000000 00:00 0 
80bb1000-80c31000 rw-p 00000000 00:00 0 
80c31000-80c33000 r--s 0001d000 08:05 1577596    /usr/lib/jvm/java-6-openjdk/jre/lib/plugin.jar
80c33000-80c38000 r--s 00045000 08:05 1577595    /usr/lib/jvm/java-6-openjdk/jre/lib/netx.jar
80c38000-80c6b000 rw-p 00000000 00:00 0 
80c6b000-80dfa000 r--s 038c4000 08:05 1586189    /usr/lib/jvm/java-6-openjdk/jre/lib/rt.jar
80dfa000-80dfb000 ---p 00000000 00:00 0 
80dfb000-80e7b000 rw-p 00000000 00:00 0 
80e7b000-80e7c000 ---p 00000000 00:00 0 
80e7c000-80f04000 rw-p 00000000 00:00 0 
80f04000-80f3c000 rw-p 00000000 00:00 0 
80f3c000-80f4b000 rw-p 00000000 00:00 0 
80f4b000-81024000 rw-p 00000000 00:00 0 
81024000-8102c000 rw-p 00000000 00:00 0 
8102c000-81064000 rw-p 00000000 00:00 0 
81064000-81073000 rw-p 00000000 00:00 0 
81073000-8114b000 rw-p 00000000 00:00 0 
8114b000-81153000 rw-p 00000000 00:00 0 
81153000-811bf000 rw-p 00000000 00:00 0 
811bf000-821c0000 rw-p 00000000 00:00 0 
821c0000-891c0000 rw-p 00000000 00:00 0 
891c0000-8aea0000 rw-p 00000000 00:00 0 
8aea0000-a6070000 rw-p 00000000 00:00 0 
a6070000-a6ee0000 rw-p 00000000 00:00 0 
a6ee0000-b47c0000 rw-p 00000000 00:00 0 
b47c2000-b47cb000 rw-p 00000000 00:00 0 
b47cb000-b4882000 rw-p 00000000 00:00 0 
b4882000-b4ac2000 rwxp 00000000 00:00 0 
b4ac2000-b7882000 rw-p 00000000 00:00 0 
b7882000-b7885000 ---p 00000000 00:00 0 
b7885000-b78d6000 rw-p 00000000 00:00 0 
b78d9000-b78da000 rw-p 00000000 00:00 0 
b78db000-b78de000 r--s 0000f000 08:05 1577575    /usr/lib/jvm/java-6-openjdk/jre/lib/ext/pulse-java.jar
b78de000-b78e6000 rw-s 00000000 08:05 670647     /tmp/hsperfdata_root/3415
b78e6000-b78e7000 rw-p 00000000 00:00 0 
b78e7000-b78e8000 r--p 00000000 00:00 0 
b78e8000-b78ea000 rw-p 00000000 00:00 0 
bfab0000-bfac5000 rw-p 00000000 00:00 0          [stack]

VM Arguments:
jvm_args: -Dfile.encoding=UTF-8 
java_command: FileAccess.GetPacket
Launcher Type: SUN_STANDARD

Environment Variables:
PATH=/usr/local/sbin:/usr/local/bin:/usr/sbin:/usr/bin:/sbin:/bin:/usr/games
USERNAME=root
LD_LIBRARY_PATH=/usr/lib/jvm/java-6-openjdk/jre/lib/i386/server:/usr/lib/jvm/java-6-openjdk/jre/lib/i386:/usr/lib/jvm/java-6-openjdk/jre/../lib/i386:/usr/lib/jvm/java-6-openjdk/jre/lib/i386/client:/usr/lib/jvm/java-6-openjdk/jre/lib/i386:/usr/lib/jvm/java-6-openjdk/jre/../lib/i386
SHELL=/bin/bash
DISPLAY=:0.0

Signal Handlers:
SIGSEGV: [libjvm.so+0x64a040], sa_mask[0]=0x7ffbfeff, sa_flags=0x10000004
SIGBUS: [libjvm.so+0x64a040], sa_mask[0]=0x7ffbfeff, sa_flags=0x10000004
SIGFPE: [libjvm.so+0x51c0d0], sa_mask[0]=0x7ffbfeff, sa_flags=0x10000004
SIGPIPE: [libjvm.so+0x51c0d0], sa_mask[0]=0x7ffbfeff, sa_flags=0x10000004
SIGXFSZ: [libjvm.so+0x51c0d0], sa_mask[0]=0x7ffbfeff, sa_flags=0x10000004
SIGILL: [libjvm.so+0x51c0d0], sa_mask[0]=0x7ffbfeff, sa_flags=0x10000004
SIGUSR1: SIG_DFL, sa_mask[0]=0x00000000, sa_flags=0x00000000
SIGUSR2: [libjvm.so+0x51b780], sa_mask[0]=0x00000004, sa_flags=0x10000004
SIGHUP: [libjvm.so+0x51e2f0], sa_mask[0]=0x7ffbfeff, sa_flags=0x10000004
SIGINT: SIG_IGN, sa_mask[0]=0x00000000, sa_flags=0x00000000
SIGTERM: [libjvm.so+0x51e2f0], sa_mask[0]=0x7ffbfeff, sa_flags=0x10000004
SIGQUIT: [libjvm.so+0x51e2f0], sa_mask[0]=0x7ffbfeff, sa_flags=0x10000004


---------------  S Y S T E M  ---------------

OS:Ubuntu 10.04 (lucid)
uname:Linux 2.6.32-33-generic #70-Ubuntu SMP Thu Jul 7 21:09:46 UTC 2011 i686
libc:glibc 2.11.1 NPTL 2.11.1 
rlimit: STACK 8192k, CORE 0k, NPROC infinity, NOFILE 1024, AS infinity
load average:0.65 0.63 0.56

/proc/meminfo:
MemTotal:        2836956 kB
MemFree:         1202328 kB
Buffers:           74740 kB
Cached:           741700 kB
SwapCached:            0 kB
Active:           891108 kB
Inactive:         648348 kB
Active(anon):     723428 kB
Inactive(anon):     7296 kB
Active(file):     167680 kB
Inactive(file):   641052 kB
Unevictable:          16 kB
Mlocked:              16 kB
HighTotal:       1973064 kB
HighFree:         476656 kB
LowTotal:         863892 kB
LowFree:          725672 kB
SwapTotal:       3234808 kB
SwapFree:        3234808 kB
Dirty:               392 kB
Writeback:             0 kB
AnonPages:        723052 kB
Mapped:           148392 kB
Shmem:              7708 kB
Slab:              35880 kB
SReclaimable:      24396 kB
SUnreclaim:        11484 kB
KernelStack:        2936 kB
PageTables:         7996 kB
NFS_Unstable:          0 kB
Bounce:                0 kB
WritebackTmp:          0 kB
CommitLimit:     4653284 kB
Committed_AS:    1933612 kB
VmallocTotal:     122880 kB
VmallocUsed:       72908 kB
VmallocChunk:      42876 kB
HardwareCorrupted:     0 kB
HugePages_Total:       0
HugePages_Free:        0
HugePages_Rsvd:        0
HugePages_Surp:        0
Hugepagesize:       4096 kB
DirectMap4k:       12280 kB
DirectMap4M:      897024 kB


CPU:total 2 (2 cores per cpu, 1 threads per core) family 17 model 3 stepping 1, cmov, cx8, fxsr, mmx, sse, sse2, sse3, mmxext, 3dnow, 3dnowext

Memory: 4k page, physical 2836956k(1202328k free), swap 3234808k(3234808k free)

vm_info: OpenJDK Server VM (19.0-b09) for linux-x86 JRE (1.6.0_20-b20), built on Jan 21 2012 08:10:55 by "buildd" with gcc 4.4.3

time: Sun Mar 25 17:08:44 2012
elapsed time: 0 seconds

