#
# A fatal error has been detected by the Java Runtime Environment:
#
#  SIGSEGV (0xb) at pc=0xb489af62, pid=3081, tid=3079531376
#
# JRE version: 6.0_20-b20
# Java VM: OpenJDK Server VM (19.0-b09 mixed mode linux-x86 )
# Derivative: IcedTea6 1.9.10
# Distribution: Ubuntu 10.04.1 LTS, package 6b20-1.9.10-0ubuntu1~10.04.3
# Problematic frame:
# j  java.util.ArrayList.add(Ljava/lang/Object;)Z+7
#
# If you would like to submit a bug report, please include
# instructions how to reproduce the bug and visit:
#   https://bugs.launchpad.net/ubuntu/+source/openjdk-6/
#

---------------  T H R E A D  ---------------

Current thread (0x09511000):  JavaThread "main" [_thread_in_Java, id=3085, stack(0xb788e000,0xb78df000)]

siginfo:si_signo=SIGSEGV: si_errno=0, si_code=1 (SEGV_MAPERR), si_addr=0x3166697a

Registers:
EAX=0x31666976, EBX=0x00000000, ECX=0x00000000, EDX=0xa60b4b20
ESP=0xb78ddccc, EBP=0xb78ddcf8, ESI=0x812fab52, EDI=0xb78ddd04
EIP=0xb489af62, CR2=0x3166697a, EFLAGS=0x00010202

Register to memory mapping:

EAX=0x31666976
0x31666976 is pointing to unknown location

EBX=0x00000000
0x00000000 is pointing to unknown location

ECX=0x00000000
0x00000000 is pointing to unknown location

EDX=0xa60b4b20

[error occurred during error reporting (printing registers, top of stack, instructions near pc), id 0xe0000000]

Stack: [0xb788e000,0xb78df000],  sp=0xb78ddccc,  free space=319k
Native frames: (J=compiled Java code, j=interpreted, Vv=VM code, C=native code)
j  java.util.ArrayList.add(Ljava/lang/Object;)Z+7
j  Core.VirtualMachine.addVif(Ljava/lang/String;)V+5
v  ~StubRoutines::call_stub
V  [libjvm.so+0x387d72]
V  [libjvm.so+0x519369]
V  [libjvm.so+0x386caf]
V  [libjvm.so+0x392859]
V  [libjvm.so+0x3aac7f]
C  [libvminfo.so+0xa31]  Java_FileAccess_VMInfo_fillInfo+0x31f
j  FileAccess.VMInfo.fillInfo()V+0
j  FileAccess.VMInfo.main([Ljava/lang/String;)V+9
v  ~StubRoutines::call_stub
V  [libjvm.so+0x387d72]
V  [libjvm.so+0x519369]
V  [libjvm.so+0x386caf]
V  [libjvm.so+0x39214c]
V  [libjvm.so+0x3a11ad]
C  [java+0x321d]  JavaMain+0xd4d
C  [libpthread.so.0+0x596e]


---------------  P R O C E S S  ---------------

Java Threads: ( => current thread )
  0x80a15c00 JavaThread "Low Memory Detector" daemon [_thread_blocked, id=3094, stack(0x8081d000,0x8086e000)]
  0x80a13c00 JavaThread "CompilerThread1" daemon [_thread_blocked, id=3093, stack(0x8086e000,0x808ef000)]
  0x80a11c00 JavaThread "CompilerThread0" daemon [_thread_blocked, id=3092, stack(0x808ef000,0x80970000)]
  0x80a10400 JavaThread "Signal Dispatcher" daemon [_thread_blocked, id=3091, stack(0x80970000,0x809c1000)]
  0x80a00800 JavaThread "Finalizer" daemon [_thread_blocked, id=3090, stack(0x80b0e000,0x80b5f000)]
  0x0959ac00 JavaThread "Reference Handler" daemon [_thread_blocked, id=3089, stack(0x80b5f000,0x80bb0000)]
=>0x09511000 JavaThread "main" [_thread_in_Java, id=3085, stack(0xb788e000,0xb78df000)]

Other Threads:
  0x09596c00 VMThread [stack: 0x80bb0000,0x80c31000] [id=3088]
  0x80a18400 WatcherThread [stack: 0x8079c000,0x8081d000] [id=3095]

VM state:not at safepoint (normal execution)

VM Mutex/Monitor currently owned by a thread: None

Heap
 PSYoungGen      total 12992K, used 448K [0xa6070000, 0xa6ee0000, 0xb47c0000)
  eden space 11200K, 4% used [0xa6070000,0xa60e0060,0xa6b60000)
  from space 1792K, 0% used [0xa6d20000,0xa6d20000,0xa6ee0000)
  to   space 1792K, 0% used [0xa6b60000,0xa6b60000,0xa6d20000)
 PSOldGen        total 29568K, used 0K [0x891c0000, 0x8aea0000, 0xa6070000)
  object space 29568K, 0% used [0x891c0000,0x891c0000,0x8aea0000)
 PSPermGen       total 16384K, used 1941K [0x811c0000, 0x821c0000, 0x891c0000)
  object space 16384K, 11% used [0x811c0000,0x813a5490,0x821c0000)

Dynamic libraries:
00110000-00111000 r-xp 00000000 00:00 0          [vdso]
00111000-00118000 r-xp 00000000 08:05 527227     /lib/tls/i686/cmov/librt-2.11.1.so
00118000-00119000 r--p 00006000 08:05 527227     /lib/tls/i686/cmov/librt-2.11.1.so
00119000-0011a000 rw-p 00007000 08:05 527227     /lib/tls/i686/cmov/librt-2.11.1.so
0011a000-0012d000 r-xp 00000000 08:05 527208     /lib/tls/i686/cmov/libnsl-2.11.1.so
0012d000-0012e000 r--p 00012000 08:05 527208     /lib/tls/i686/cmov/libnsl-2.11.1.so
0012e000-0012f000 rw-p 00013000 08:05 527208     /lib/tls/i686/cmov/libnsl-2.11.1.so
0012f000-00131000 rw-p 00000000 00:00 0 
00131000-00138000 r-xp 00000000 08:05 1586228    /usr/lib/jvm/java-6-openjdk/jre/lib/i386/native_threads/libhpi.so
00138000-00139000 r--p 00006000 08:05 1586228    /usr/lib/jvm/java-6-openjdk/jre/lib/i386/native_threads/libhpi.so
00139000-0013a000 rw-p 00007000 08:05 1586228    /usr/lib/jvm/java-6-openjdk/jre/lib/i386/native_threads/libhpi.so
0013a000-00140000 r-xp 00000000 08:05 527210     /lib/tls/i686/cmov/libnss_compat-2.11.1.so
00140000-00141000 r--p 00006000 08:05 527210     /lib/tls/i686/cmov/libnss_compat-2.11.1.so
00141000-00142000 rw-p 00007000 08:05 527210     /lib/tls/i686/cmov/libnss_compat-2.11.1.so
00142000-00143000 r-xp 00000000 08:05 1592433    /usr/lib/libvminfo.so
00143000-00144000 r--p 00000000 08:05 1592433    /usr/lib/libvminfo.so
00144000-00145000 rw-p 00001000 08:05 1592433    /usr/lib/libvminfo.so
00154000-00157000 r-xp 00000000 08:05 1586197    /usr/lib/jvm/java-6-openjdk/jre/lib/i386/jli/libjli.so
00157000-00158000 r--p 00003000 08:05 1586197    /usr/lib/jvm/java-6-openjdk/jre/lib/i386/jli/libjli.so
00158000-00159000 rw-p 00004000 08:05 1586197    /usr/lib/jvm/java-6-openjdk/jre/lib/i386/jli/libjli.so
00159000-002ac000 r-xp 00000000 08:05 527197     /lib/tls/i686/cmov/libc-2.11.1.so
002ac000-002ad000 ---p 00153000 08:05 527197     /lib/tls/i686/cmov/libc-2.11.1.so
002ad000-002af000 r--p 00153000 08:05 527197     /lib/tls/i686/cmov/libc-2.11.1.so
002af000-002b0000 rw-p 00155000 08:05 527197     /lib/tls/i686/cmov/libc-2.11.1.so
002b0000-002b3000 rw-p 00000000 00:00 0 
002dc000-002e4000 r-xp 00000000 08:05 527218     /lib/tls/i686/cmov/libnss_nis-2.11.1.so
002e4000-002e5000 r--p 00007000 08:05 527218     /lib/tls/i686/cmov/libnss_nis-2.11.1.so
002e5000-002e6000 rw-p 00008000 08:05 527218     /lib/tls/i686/cmov/libnss_nis-2.11.1.so
00472000-0048d000 r-xp 00000000 08:05 523290     /lib/ld-2.11.1.so
0048d000-0048e000 r--p 0001a000 08:05 523290     /lib/ld-2.11.1.so
0048e000-0048f000 rw-p 0001b000 08:05 523290     /lib/ld-2.11.1.so
0062f000-00642000 r-xp 00000000 08:05 523463     /lib/libz.so.1.2.3.3
00642000-00643000 r--p 00012000 08:05 523463     /lib/libz.so.1.2.3.3
00643000-00644000 rw-p 00013000 08:05 523463     /lib/libz.so.1.2.3.3
006d0000-006f4000 r-xp 00000000 08:05 527205     /lib/tls/i686/cmov/libm-2.11.1.so
006f4000-006f5000 r--p 00023000 08:05 527205     /lib/tls/i686/cmov/libm-2.11.1.so
006f5000-006f6000 rw-p 00024000 08:05 527205     /lib/tls/i686/cmov/libm-2.11.1.so
007b5000-007c1000 r-xp 00000000 08:05 1586225    /usr/lib/jvm/java-6-openjdk/jre/lib/i386/libverify.so
007c1000-007c2000 r--p 0000b000 08:05 1586225    /usr/lib/jvm/java-6-openjdk/jre/lib/i386/libverify.so
007c2000-007c3000 rw-p 0000c000 08:05 1586225    /usr/lib/jvm/java-6-openjdk/jre/lib/i386/libverify.so
00840000-00847000 r-xp 00000000 08:05 1586226    /usr/lib/jvm/java-6-openjdk/jre/lib/i386/libzip.so
00847000-00848000 r--p 00006000 08:05 1586226    /usr/lib/jvm/java-6-openjdk/jre/lib/i386/libzip.so
00848000-00849000 rw-p 00007000 08:05 1586226    /usr/lib/jvm/java-6-openjdk/jre/lib/i386/libzip.so
009cf000-009f3000 r-xp 00000000 08:05 1586209    /usr/lib/jvm/java-6-openjdk/jre/lib/i386/libjava.so
009f3000-009f4000 r--p 00023000 08:05 1586209    /usr/lib/jvm/java-6-openjdk/jre/lib/i386/libjava.so
009f4000-009f6000 rw-p 00024000 08:05 1586209    /usr/lib/jvm/java-6-openjdk/jre/lib/i386/libjava.so
00a02000-00a17000 r-xp 00000000 08:05 527223     /lib/tls/i686/cmov/libpthread-2.11.1.so
00a17000-00a18000 r--p 00014000 08:05 527223     /lib/tls/i686/cmov/libpthread-2.11.1.so
00a18000-00a19000 rw-p 00015000 08:05 527223     /lib/tls/i686/cmov/libpthread-2.11.1.so
00a19000-00a1b000 rw-p 00000000 00:00 0 
00b31000-00b3b000 r-xp 00000000 08:05 527214     /lib/tls/i686/cmov/libnss_files-2.11.1.so
00b3b000-00b3c000 r--p 00009000 08:05 527214     /lib/tls/i686/cmov/libnss_files-2.11.1.so
00b3c000-00b3d000 rw-p 0000a000 08:05 527214     /lib/tls/i686/cmov/libnss_files-2.11.1.so
00bc4000-00bc6000 r-xp 00000000 08:05 527203     /lib/tls/i686/cmov/libdl-2.11.1.so
00bc6000-00bc7000 r--p 00001000 08:05 527203     /lib/tls/i686/cmov/libdl-2.11.1.so
00bc7000-00bc8000 rw-p 00002000 08:05 527203     /lib/tls/i686/cmov/libdl-2.11.1.so
00bc8000-0128d000 r-xp 00000000 08:05 1586230    /usr/lib/jvm/java-6-openjdk/jre/lib/i386/server/libjvm.so
0128d000-0128e000 ---p 006c5000 08:05 1586230    /usr/lib/jvm/java-6-openjdk/jre/lib/i386/server/libjvm.so
0128e000-012d3000 r--p 006c5000 08:05 1586230    /usr/lib/jvm/java-6-openjdk/jre/lib/i386/server/libjvm.so
012d3000-012e2000 rw-p 0070a000 08:05 1586230    /usr/lib/jvm/java-6-openjdk/jre/lib/i386/server/libjvm.so
012e2000-01701000 rw-p 00000000 00:00 0 
08048000-08051000 r-xp 00000000 08:05 1586258    /usr/lib/jvm/java-6-openjdk/jre/bin/java
08051000-08052000 r--p 00008000 08:05 1586258    /usr/lib/jvm/java-6-openjdk/jre/bin/java
08052000-08053000 rw-p 00009000 08:05 1586258    /usr/lib/jvm/java-6-openjdk/jre/bin/java
0950a000-095b7000 rw-p 00000000 00:00 0          [heap]
8079c000-8079d000 ---p 00000000 00:00 0 
8079d000-8081d000 rw-p 00000000 00:00 0 
8081d000-80820000 ---p 00000000 00:00 0 
80820000-8086e000 rw-p 00000000 00:00 0 
8086e000-80871000 ---p 00000000 00:00 0 
80871000-808ef000 rw-p 00000000 00:00 0 
808ef000-808f2000 ---p 00000000 00:00 0 
808f2000-80970000 rw-p 00000000 00:00 0 
80970000-80973000 ---p 00000000 00:00 0 
80973000-809c1000 rw-p 00000000 00:00 0 
809c1000-80a00000 r--p 00000000 08:05 1577945    /usr/lib/locale/en_IN/LC_CTYPE
80a00000-80a34000 rw-p 00000000 00:00 0 
80a34000-80b00000 ---p 00000000 00:00 0 
80b0e000-80b11000 ---p 00000000 00:00 0 
80b11000-80b5f000 rw-p 00000000 00:00 0 
80b5f000-80b62000 ---p 00000000 00:00 0 
80b62000-80bb0000 rw-p 00000000 00:00 0 
80bb0000-80bb1000 ---p 00000000 00:00 0 
80bb1000-80c31000 rw-p 00000000 00:00 0 
80c31000-80c33000 r--s 0001d000 08:05 1577596    /usr/lib/jvm/java-6-openjdk/jre/lib/plugin.jar
80c33000-80c38000 r--s 00045000 08:05 1577595    /usr/lib/jvm/java-6-openjdk/jre/lib/netx.jar
80c38000-80c6b000 rw-p 00000000 00:00 0 
80c6b000-80dfa000 r--s 038c4000 08:05 1586189    /usr/lib/jvm/java-6-openjdk/jre/lib/rt.jar
80dfa000-80dfb000 ---p 00000000 00:00 0 
80dfb000-80e7b000 rw-p 00000000 00:00 0 
80e7b000-80e7c000 ---p 00000000 00:00 0 
80e7c000-80f04000 rw-p 00000000 00:00 0 
80f04000-80f3c000 rw-p 00000000 00:00 0 
80f3c000-80f4b000 rw-p 00000000 00:00 0 
80f4b000-81024000 rw-p 00000000 00:00 0 
81024000-8102c000 rw-p 00000000 00:00 0 
8102c000-81064000 rw-p 00000000 00:00 0 
81064000-81073000 rw-p 00000000 00:00 0 
81073000-8114b000 rw-p 00000000 00:00 0 
8114b000-81153000 rw-p 00000000 00:00 0 
81153000-811bf000 rw-p 00000000 00:00 0 
811bf000-821c0000 rw-p 00000000 00:00 0 
821c0000-891c0000 rw-p 00000000 00:00 0 
891c0000-8aea0000 rw-p 00000000 00:00 0 
8aea0000-a6070000 rw-p 00000000 00:00 0 
a6070000-a6ee0000 rw-p 00000000 00:00 0 
a6ee0000-b47c0000 rw-p 00000000 00:00 0 
b47c3000-b47c5000 rw-p 00000000 00:00 0 
b47c5000-b47ce000 r--s 00065000 08:05 6219       /usr/share/java/gnome-java-bridge.jar
b47ce000-b47d7000 rw-p 00000000 00:00 0 
b47d7000-b488e000 rw-p 00000000 00:00 0 
b488e000-b4ace000 rwxp 00000000 00:00 0 
b4ace000-b788e000 rw-p 00000000 00:00 0 
b788e000-b7891000 ---p 00000000 00:00 0 
b7891000-b78e2000 rw-p 00000000 00:00 0 
b78e7000-b78ea000 r--s 0000f000 08:05 1577575    /usr/lib/jvm/java-6-openjdk/jre/lib/ext/pulse-java.jar
b78ea000-b78f2000 rw-s 00000000 08:05 663831     /tmp/hsperfdata_root/3081
b78f2000-b78f3000 rw-p 00000000 00:00 0 
b78f3000-b78f4000 r--p 00000000 00:00 0 
b78f4000-b78f6000 rw-p 00000000 00:00 0 
bfece000-bfee3000 rw-p 00000000 00:00 0          [stack]

VM Arguments:
jvm_args: -Dfile.encoding=UTF-8 
java_command: FileAccess.VMInfo
Launcher Type: SUN_STANDARD

Environment Variables:
PATH=/usr/local/sbin:/usr/local/bin:/usr/sbin:/usr/bin:/sbin:/bin:/usr/games
USERNAME=root
LD_LIBRARY_PATH=/usr/lib/jvm/java-6-openjdk/jre/lib/i386/server:/usr/lib/jvm/java-6-openjdk/jre/lib/i386:/usr/lib/jvm/java-6-openjdk/jre/../lib/i386:/usr/lib/jvm/java-6-openjdk/jre/lib/i386/client:/usr/lib/jvm/java-6-openjdk/jre/lib/i386:/usr/lib/jvm/java-6-openjdk/jre/../lib/i386
SHELL=/bin/bash
DISPLAY=:0.0

Signal Handlers:
SIGSEGV: [libjvm.so+0x64a040], sa_mask[0]=0x7ffbfeff, sa_flags=0x10000004
SIGBUS: [libjvm.so+0x64a040], sa_mask[0]=0x7ffbfeff, sa_flags=0x10000004
SIGFPE: [libjvm.so+0x51c0d0], sa_mask[0]=0x7ffbfeff, sa_flags=0x10000004
SIGPIPE: [libjvm.so+0x51c0d0], sa_mask[0]=0x7ffbfeff, sa_flags=0x10000004
SIGXFSZ: [libjvm.so+0x51c0d0], sa_mask[0]=0x7ffbfeff, sa_flags=0x10000004
SIGILL: [libjvm.so+0x51c0d0], sa_mask[0]=0x7ffbfeff, sa_flags=0x10000004
SIGUSR1: SIG_DFL, sa_mask[0]=0x00000000, sa_flags=0x00000000
SIGUSR2: [libjvm.so+0x51b780], sa_mask[0]=0x00000004, sa_flags=0x10000004
SIGHUP: [libjvm.so+0x51e2f0], sa_mask[0]=0x7ffbfeff, sa_flags=0x10000004
SIGINT: SIG_IGN, sa_mask[0]=0x00000000, sa_flags=0x00000000
SIGTERM: [libjvm.so+0x51e2f0], sa_mask[0]=0x7ffbfeff, sa_flags=0x10000004
SIGQUIT: [libjvm.so+0x51e2f0], sa_mask[0]=0x7ffbfeff, sa_flags=0x10000004


---------------  S Y S T E M  ---------------

OS:Ubuntu 10.04 (lucid)
uname:Linux 2.6.32-33-generic #70-Ubuntu SMP Thu Jul 7 21:09:46 UTC 2011 i686
libc:glibc 2.11.1 NPTL 2.11.1 
rlimit: STACK 8192k, CORE 0k, NPROC infinity, NOFILE 1024, AS infinity
load average:0.85 0.70 0.65

/proc/meminfo:
MemTotal:        2836956 kB
MemFree:         1281556 kB
Buffers:           67640 kB
Cached:           701592 kB
SwapCached:            0 kB
Active:           850756 kB
Inactive:         612220 kB
Active(anon):     694148 kB
Inactive(anon):     6544 kB
Active(file):     156608 kB
Inactive(file):   605676 kB
Unevictable:          16 kB
Mlocked:              16 kB
HighTotal:       1973064 kB
HighFree:         546344 kB
LowTotal:         863892 kB
LowFree:          735212 kB
SwapTotal:       3234808 kB
SwapFree:        3234808 kB
Dirty:               176 kB
Writeback:             0 kB
AnonPages:        693884 kB
Mapped:           144824 kB
Shmem:              6948 kB
Slab:              33712 kB
SReclaimable:      22428 kB
SUnreclaim:        11284 kB
KernelStack:        3016 kB
PageTables:         7900 kB
NFS_Unstable:          0 kB
Bounce:                0 kB
WritebackTmp:          0 kB
CommitLimit:     4653284 kB
Committed_AS:    1942848 kB
VmallocTotal:     122880 kB
VmallocUsed:       72908 kB
VmallocChunk:      42364 kB
HardwareCorrupted:     0 kB
HugePages_Total:       0
HugePages_Free:        0
HugePages_Rsvd:        0
HugePages_Surp:        0
Hugepagesize:       4096 kB
DirectMap4k:       12280 kB
DirectMap4M:      897024 kB


CPU:total 2 (2 cores per cpu, 1 threads per core) family 17 model 3 stepping 1, cmov, cx8, fxsr, mmx, sse, sse2, sse3, mmxext, 3dnow, 3dnowext

Memory: 4k page, physical 2836956k(1281556k free), swap 3234808k(3234808k free)

vm_info: OpenJDK Server VM (19.0-b09) for linux-x86 JRE (1.6.0_20-b20), built on Jan 21 2012 08:10:55 by "buildd" with gcc 4.4.3

time: Fri Mar 23 14:17:42 2012
elapsed time: 0 seconds

