#
# A fatal error has been detected by the Java Runtime Environment:
#
#  SIGSEGV (0xb) at pc=0x00a32fc6, pid=3501, tid=3079125872
#
# JRE version: 6.0_20-b20
# Java VM: OpenJDK Server VM (19.0-b09 mixed mode linux-x86 )
# Derivative: IcedTea6 1.9.10
# Distribution: Ubuntu 10.04.1 LTS, package 6b20-1.9.10-0ubuntu1~10.04.3
# Problematic frame:
# C  [libc.so.6+0x74fc6]
#
# If you would like to submit a bug report, please include
# instructions how to reproduce the bug and visit:
#   https://bugs.launchpad.net/ubuntu/+source/openjdk-6/
# The crash happened outside the Java Virtual Machine in native code.
# See problematic frame for where to report the bug.
#

---------------  T H R E A D  ---------------

Current thread (0x0969b000):  JavaThread "main" [_thread_in_native, id=3503, stack(0xb782b000,0xb787c000)]

siginfo:si_signo=SIGSEGV: si_errno=0, si_code=1 (SEGV_MAPERR), si_addr=0x00000000

Registers:
EAX=0x00000002, EBX=0xb787aaf8, ECX=0x2de1eb4a, EDX=0xb787ab8c
ESP=0xb787aa48, EBP=0xb787aa88, ESI=0x00000000, EDI=0x00000000
EIP=0x00a32fc6, CR2=0x00000000, EFLAGS=0x00010202

Register to memory mapping:

EAX=0x00000002
0x00000002 is pointing to unknown location

EBX=0xb787aaf8
0xb787aaf8 is pointing into the stack for thread: 0x0969b000
"main" prio=10 tid=0x0969b000 nid=0xdaf runnable [0xb787a000]
   java.lang.Thread.State: RUNNABLE

ECX=0x2de1eb4a
0x2de1eb4a is pointing to unknown location

EDX=0xb787ab8c
0xb787ab8c is pointing into the stack for thread: 0x0969b000
"main" prio=10 tid=0x0969b000 nid=0xdaf runnable [0xb787a000]
   java.lang.Thread.State: RUNNABLE

ESP=0xb787aa48
0xb787aa48 is pointing into the stack for thread: 0x0969b000
"main" prio=10 tid=0x0969b000 nid=0xdaf runnable [0xb787a000]
   java.lang.Thread.State: RUNNABLE

EBP=0xb787aa88
0xb787aa88 is pointing into the stack for thread: 0x0969b000
"main" prio=10 tid=0x0969b000 nid=0xdaf runnable [0xb787a000]
   java.lang.Thread.State: RUNNABLE

ESI=0x00000000
0x00000000 is pointing to unknown location

EDI=0x00000000
0x00000000 is pointing to unknown location


Top of Stack: (sp=0xb787aa48)
0xb787aa48:   8091c104 00159cad 00000000 00000000
0xb787aa58:   b787ad2a 00b13ff4 80900010 00000000
0xb787aa68:   b787aa88 8091c070 b787aa88 00a051db
0xb787aa78:   81343410 81343410 81343410 0969b000
0xb787aa88:   b787ad78 0015abf1 b787aaf8 00000000
0xb787aa98:   b787ad2a 00000000 0000ffff 00000001
0xb787aaa8:   0015ed75 b787abc8 b787aad8 00a28c22
0xb787aab8:   0015ec08 80916fd8 b787aaf4 b787ad2a 

Instructions: (pc=0x00a32fc6)
0x00a32fb6:   00 00 00 74 02 a4 49 50 89 c8 c1 e9 02 83 e0 03
0x00a32fc6:   f3 a5 89 c1 f3 a4 58 89 c7 89 d6 8b 44 24 04 c3 

Stack: [0xb782b000,0xb787c000],  sp=0xb787aa48,  free space=318k
Native frames: (J=compiled Java code, j=interpreted, Vv=VM code, C=native code)
C  [libc.so.6+0x74fc6]
C  [libpacketlib.so+0x3bf1]  traverse_flow_list+0x331
C  [libpacketlib.so+0x3dbe]  get_flow_packets+0x9c
C  [libpacketlib.so+0x4848]  fill_flow_packets+0x6f
C  [libpacketlib.so+0x20d0]  Java_FileAccess_GetPacket_fillpackets+0x110
j  FileAccess.GetPacket.fillpackets()V+0
j  FileAccess.GetPacket.main([Ljava/lang/String;)V+148
v  ~StubRoutines::call_stub
V  [libjvm.so+0x387d72]
V  [libjvm.so+0x519369]
V  [libjvm.so+0x386caf]
V  [libjvm.so+0x39214c]
V  [libjvm.so+0x3a11ad]
C  [java+0x321d]  JavaMain+0xd4d
C  [libpthread.so.0+0x596e]

Java frames: (J=compiled Java code, j=interpreted, Vv=VM code)
j  FileAccess.GetPacket.fillpackets()V+0
j  FileAccess.GetPacket.main([Ljava/lang/String;)V+148
v  ~StubRoutines::call_stub

---------------  P R O C E S S  ---------------

Java Threads: ( => current thread )
  0x80904800 JavaThread "Low Memory Detector" daemon [_thread_blocked, id=3514, stack(0x807ad000,0x807fe000)]
  0x80902800 JavaThread "CompilerThread1" daemon [_thread_blocked, id=3513, stack(0x807fe000,0x8087f000)]
  0x80900800 JavaThread "CompilerThread0" daemon [_thread_blocked, id=3512, stack(0x8087f000,0x80900000)]
  0x09739400 JavaThread "Signal Dispatcher" daemon [_thread_blocked, id=3511, stack(0x80a1e000,0x80a6f000)]
  0x09726000 JavaThread "Finalizer" daemon [_thread_blocked, id=3510, stack(0x80aae000,0x80aff000)]
  0x09724c00 JavaThread "Reference Handler" daemon [_thread_blocked, id=3509, stack(0x80aff000,0x80b50000)]
=>0x0969b000 JavaThread "main" [_thread_in_native, id=3503, stack(0xb782b000,0xb787c000)]

Other Threads:
  0x09720c00 VMThread [stack: 0x80b50000,0x80bd1000] [id=3508]
  0x80906800 WatcherThread [stack: 0x8072c000,0x807ad000] [id=3515]

VM state:not at safepoint (normal execution)

VM Mutex/Monitor currently owned by a thread: None

Heap
 PSYoungGen      total 12992K, used 448K [0xa6010000, 0xa6e80000, 0xb4760000)
  eden space 11200K, 4% used [0xa6010000,0xa6080028,0xa6b00000)
  from space 1792K, 0% used [0xa6cc0000,0xa6cc0000,0xa6e80000)
  to   space 1792K, 0% used [0xa6b00000,0xa6b00000,0xa6cc0000)
 PSOldGen        total 29568K, used 0K [0x89160000, 0x8ae40000, 0xa6010000)
  object space 29568K, 0% used [0x89160000,0x89160000,0x8ae40000)
 PSPermGen       total 16384K, used 1951K [0x81160000, 0x82160000, 0x89160000)
  object space 16384K, 11% used [0x81160000,0x81347fc8,0x82160000)

Dynamic libraries:
00110000-0011c000 r-xp 00000000 08:05 1586225    /usr/lib/jvm/java-6-openjdk/jre/lib/i386/libverify.so
0011c000-0011d000 r--p 0000b000 08:05 1586225    /usr/lib/jvm/java-6-openjdk/jre/lib/i386/libverify.so
0011d000-0011e000 rw-p 0000c000 08:05 1586225    /usr/lib/jvm/java-6-openjdk/jre/lib/i386/libverify.so
0011e000-00142000 r-xp 00000000 08:05 1586209    /usr/lib/jvm/java-6-openjdk/jre/lib/i386/libjava.so
00142000-00143000 r--p 00023000 08:05 1586209    /usr/lib/jvm/java-6-openjdk/jre/lib/i386/libjava.so
00143000-00145000 rw-p 00024000 08:05 1586209    /usr/lib/jvm/java-6-openjdk/jre/lib/i386/libjava.so
00145000-0014b000 r-xp 00000000 08:05 527210     /lib/tls/i686/cmov/libnss_compat-2.11.1.so
0014b000-0014c000 r--p 00006000 08:05 527210     /lib/tls/i686/cmov/libnss_compat-2.11.1.so
0014c000-0014d000 rw-p 00007000 08:05 527210     /lib/tls/i686/cmov/libnss_compat-2.11.1.so
0014d000-00155000 r-xp 00000000 08:05 527218     /lib/tls/i686/cmov/libnss_nis-2.11.1.so
00155000-00156000 r--p 00007000 08:05 527218     /lib/tls/i686/cmov/libnss_nis-2.11.1.so
00156000-00157000 rw-p 00008000 08:05 527218     /lib/tls/i686/cmov/libnss_nis-2.11.1.so
00157000-00160000 r-xp 00000000 08:05 1589892    /usr/lib/libpacketlib.so
00160000-00161000 r--p 00008000 08:05 1589892    /usr/lib/libpacketlib.so
00161000-00162000 rw-p 00009000 08:05 1589892    /usr/lib/libpacketlib.so
001cf000-001e4000 r-xp 00000000 08:05 527223     /lib/tls/i686/cmov/libpthread-2.11.1.so
001e4000-001e5000 r--p 00014000 08:05 527223     /lib/tls/i686/cmov/libpthread-2.11.1.so
001e5000-001e6000 rw-p 00015000 08:05 527223     /lib/tls/i686/cmov/libpthread-2.11.1.so
001e6000-001e8000 rw-p 00000000 00:00 0 
0021d000-0021e000 r-xp 00000000 00:00 0          [vdso]
002fd000-00321000 r-xp 00000000 08:05 527205     /lib/tls/i686/cmov/libm-2.11.1.so
00321000-00322000 r--p 00023000 08:05 527205     /lib/tls/i686/cmov/libm-2.11.1.so
00322000-00323000 rw-p 00024000 08:05 527205     /lib/tls/i686/cmov/libm-2.11.1.so
00447000-0044e000 r-xp 00000000 08:05 1586228    /usr/lib/jvm/java-6-openjdk/jre/lib/i386/native_threads/libhpi.so
0044e000-0044f000 r--p 00006000 08:05 1586228    /usr/lib/jvm/java-6-openjdk/jre/lib/i386/native_threads/libhpi.so
0044f000-00450000 rw-p 00007000 08:05 1586228    /usr/lib/jvm/java-6-openjdk/jre/lib/i386/native_threads/libhpi.so
004c9000-004dc000 r-xp 00000000 08:05 527208     /lib/tls/i686/cmov/libnsl-2.11.1.so
004dc000-004dd000 r--p 00012000 08:05 527208     /lib/tls/i686/cmov/libnsl-2.11.1.so
004dd000-004de000 rw-p 00013000 08:05 527208     /lib/tls/i686/cmov/libnsl-2.11.1.so
004de000-004e0000 rw-p 00000000 00:00 0 
0054e000-00558000 r-xp 00000000 08:05 527214     /lib/tls/i686/cmov/libnss_files-2.11.1.so
00558000-00559000 r--p 00009000 08:05 527214     /lib/tls/i686/cmov/libnss_files-2.11.1.so
00559000-0055a000 rw-p 0000a000 08:05 527214     /lib/tls/i686/cmov/libnss_files-2.11.1.so
0068c000-00693000 r-xp 00000000 08:05 1586226    /usr/lib/jvm/java-6-openjdk/jre/lib/i386/libzip.so
00693000-00694000 r--p 00006000 08:05 1586226    /usr/lib/jvm/java-6-openjdk/jre/lib/i386/libzip.so
00694000-00695000 rw-p 00007000 08:05 1586226    /usr/lib/jvm/java-6-openjdk/jre/lib/i386/libzip.so
0082b000-0082d000 r-xp 00000000 08:05 527203     /lib/tls/i686/cmov/libdl-2.11.1.so
0082d000-0082e000 r--p 00001000 08:05 527203     /lib/tls/i686/cmov/libdl-2.11.1.so
0082e000-0082f000 rw-p 00002000 08:05 527203     /lib/tls/i686/cmov/libdl-2.11.1.so
00848000-0084f000 r-xp 00000000 08:05 527227     /lib/tls/i686/cmov/librt-2.11.1.so
0084f000-00850000 r--p 00006000 08:05 527227     /lib/tls/i686/cmov/librt-2.11.1.so
00850000-00851000 rw-p 00007000 08:05 527227     /lib/tls/i686/cmov/librt-2.11.1.so
008bd000-008c0000 r-xp 00000000 08:05 1586197    /usr/lib/jvm/java-6-openjdk/jre/lib/i386/jli/libjli.so
008c0000-008c1000 r--p 00003000 08:05 1586197    /usr/lib/jvm/java-6-openjdk/jre/lib/i386/jli/libjli.so
008c1000-008c2000 rw-p 00004000 08:05 1586197    /usr/lib/jvm/java-6-openjdk/jre/lib/i386/jli/libjli.so
008f9000-0090c000 r-xp 00000000 08:05 523463     /lib/libz.so.1.2.3.3
0090c000-0090d000 r--p 00012000 08:05 523463     /lib/libz.so.1.2.3.3
0090d000-0090e000 rw-p 00013000 08:05 523463     /lib/libz.so.1.2.3.3
009be000-00b11000 r-xp 00000000 08:05 527197     /lib/tls/i686/cmov/libc-2.11.1.so
00b11000-00b12000 ---p 00153000 08:05 527197     /lib/tls/i686/cmov/libc-2.11.1.so
00b12000-00b14000 r--p 00153000 08:05 527197     /lib/tls/i686/cmov/libc-2.11.1.so
00b14000-00b15000 rw-p 00155000 08:05 527197     /lib/tls/i686/cmov/libc-2.11.1.so
00b15000-00b18000 rw-p 00000000 00:00 0 
00b25000-00b40000 r-xp 00000000 08:05 523290     /lib/ld-2.11.1.so
00b40000-00b41000 r--p 0001a000 08:05 523290     /lib/ld-2.11.1.so
00b41000-00b42000 rw-p 0001b000 08:05 523290     /lib/ld-2.11.1.so
00b42000-01207000 r-xp 00000000 08:05 1586230    /usr/lib/jvm/java-6-openjdk/jre/lib/i386/server/libjvm.so
01207000-01208000 ---p 006c5000 08:05 1586230    /usr/lib/jvm/java-6-openjdk/jre/lib/i386/server/libjvm.so
01208000-0124d000 r--p 006c5000 08:05 1586230    /usr/lib/jvm/java-6-openjdk/jre/lib/i386/server/libjvm.so
0124d000-0125c000 rw-p 0070a000 08:05 1586230    /usr/lib/jvm/java-6-openjdk/jre/lib/i386/server/libjvm.so
0125c000-0167b000 rw-p 00000000 00:00 0 
08048000-08051000 r-xp 00000000 08:05 1586258    /usr/lib/jvm/java-6-openjdk/jre/bin/java
08051000-08052000 r--p 00008000 08:05 1586258    /usr/lib/jvm/java-6-openjdk/jre/bin/java
08052000-08053000 rw-p 00009000 08:05 1586258    /usr/lib/jvm/java-6-openjdk/jre/bin/java
09694000-0975a000 rw-p 00000000 00:00 0          [heap]
806ab000-8072c000 rw-p 00000000 00:00 0 
8072c000-8072d000 ---p 00000000 00:00 0 
8072d000-807ad000 rw-p 00000000 00:00 0 
807ad000-807b0000 ---p 00000000 00:00 0 
807b0000-807fe000 rw-p 00000000 00:00 0 
807fe000-80801000 ---p 00000000 00:00 0 
80801000-8087f000 rw-p 00000000 00:00 0 
8087f000-80882000 ---p 00000000 00:00 0 
80882000-80900000 rw-p 00000000 00:00 0 
80900000-80922000 rw-p 00000000 00:00 0 
80922000-80a00000 ---p 00000000 00:00 0 
80a1e000-80a21000 ---p 00000000 00:00 0 
80a21000-80a6f000 rw-p 00000000 00:00 0 
80a6f000-80aae000 r--p 00000000 08:05 1577945    /usr/lib/locale/en_IN/LC_CTYPE
80aae000-80ab1000 ---p 00000000 00:00 0 
80ab1000-80aff000 rw-p 00000000 00:00 0 
80aff000-80b02000 ---p 00000000 00:00 0 
80b02000-80b50000 rw-p 00000000 00:00 0 
80b50000-80b51000 ---p 00000000 00:00 0 
80b51000-80bd1000 rw-p 00000000 00:00 0 
80bd1000-80bd3000 r--s 0001d000 08:05 1577596    /usr/lib/jvm/java-6-openjdk/jre/lib/plugin.jar
80bd3000-80bd8000 r--s 00045000 08:05 1577595    /usr/lib/jvm/java-6-openjdk/jre/lib/netx.jar
80bd8000-80c0b000 rw-p 00000000 00:00 0 
80c0b000-80d9a000 r--s 038c4000 08:05 1586189    /usr/lib/jvm/java-6-openjdk/jre/lib/rt.jar
80d9a000-80d9b000 ---p 00000000 00:00 0 
80d9b000-80e1b000 rw-p 00000000 00:00 0 
80e1b000-80e1c000 ---p 00000000 00:00 0 
80e1c000-80ea4000 rw-p 00000000 00:00 0 
80ea4000-80edc000 rw-p 00000000 00:00 0 
80edc000-80eeb000 rw-p 00000000 00:00 0 
80eeb000-80fc4000 rw-p 00000000 00:00 0 
80fc4000-80fcc000 rw-p 00000000 00:00 0 
80fcc000-81004000 rw-p 00000000 00:00 0 
81004000-81013000 rw-p 00000000 00:00 0 
81013000-810eb000 rw-p 00000000 00:00 0 
810eb000-810f3000 rw-p 00000000 00:00 0 
810f3000-8115f000 rw-p 00000000 00:00 0 
8115f000-82160000 rw-p 00000000 00:00 0 
82160000-89160000 rw-p 00000000 00:00 0 
89160000-8ae40000 rw-p 00000000 00:00 0 
8ae40000-a6010000 rw-p 00000000 00:00 0 
a6010000-a6e80000 rw-p 00000000 00:00 0 
a6e80000-b4760000 rw-p 00000000 00:00 0 
b4760000-b4761000 rw-p 00000000 00:00 0 
b4762000-b476b000 r--s 00065000 08:05 6219       /usr/share/java/gnome-java-bridge.jar
b476b000-b4774000 rw-p 00000000 00:00 0 
b4774000-b482b000 rw-p 00000000 00:00 0 
b482b000-b4a6b000 rwxp 00000000 00:00 0 
b4a6b000-b782b000 rw-p 00000000 00:00 0 
b782b000-b782e000 ---p 00000000 00:00 0 
b782e000-b787f000 rw-p 00000000 00:00 0 
b7884000-b7887000 r--s 0000f000 08:05 1577575    /usr/lib/jvm/java-6-openjdk/jre/lib/ext/pulse-java.jar
b7887000-b788f000 rw-s 00000000 08:05 670647     /tmp/hsperfdata_root/3501
b788f000-b7890000 rw-p 00000000 00:00 0 
b7890000-b7891000 r--p 00000000 00:00 0 
b7891000-b7893000 rw-p 00000000 00:00 0 
bfca4000-bfcb9000 rw-p 00000000 00:00 0          [stack]

VM Arguments:
jvm_args: -Dfile.encoding=UTF-8 
java_command: FileAccess.GetPacket
Launcher Type: SUN_STANDARD

Environment Variables:
PATH=/usr/local/sbin:/usr/local/bin:/usr/sbin:/usr/bin:/sbin:/bin:/usr/games
USERNAME=root
LD_LIBRARY_PATH=/usr/lib/jvm/java-6-openjdk/jre/lib/i386/server:/usr/lib/jvm/java-6-openjdk/jre/lib/i386:/usr/lib/jvm/java-6-openjdk/jre/../lib/i386:/usr/lib/jvm/java-6-openjdk/jre/lib/i386/client:/usr/lib/jvm/java-6-openjdk/jre/lib/i386:/usr/lib/jvm/java-6-openjdk/jre/../lib/i386
SHELL=/bin/bash
DISPLAY=:0.0

Signal Handlers:
SIGSEGV: [libjvm.so+0x64a040], sa_mask[0]=0x7ffbfeff, sa_flags=0x10000004
SIGBUS: [libjvm.so+0x64a040], sa_mask[0]=0x7ffbfeff, sa_flags=0x10000004
SIGFPE: [libjvm.so+0x51c0d0], sa_mask[0]=0x7ffbfeff, sa_flags=0x10000004
SIGPIPE: [libjvm.so+0x51c0d0], sa_mask[0]=0x7ffbfeff, sa_flags=0x10000004
SIGXFSZ: [libjvm.so+0x51c0d0], sa_mask[0]=0x7ffbfeff, sa_flags=0x10000004
SIGILL: [libjvm.so+0x51c0d0], sa_mask[0]=0x7ffbfeff, sa_flags=0x10000004
SIGUSR1: SIG_DFL, sa_mask[0]=0x00000000, sa_flags=0x00000000
SIGUSR2: [libjvm.so+0x51b780], sa_mask[0]=0x00000004, sa_flags=0x10000004
SIGHUP: [libjvm.so+0x51e2f0], sa_mask[0]=0x7ffbfeff, sa_flags=0x10000004
SIGINT: SIG_IGN, sa_mask[0]=0x00000000, sa_flags=0x00000000
SIGTERM: [libjvm.so+0x51e2f0], sa_mask[0]=0x7ffbfeff, sa_flags=0x10000004
SIGQUIT: [libjvm.so+0x51e2f0], sa_mask[0]=0x7ffbfeff, sa_flags=0x10000004


---------------  S Y S T E M  ---------------

OS:Ubuntu 10.04 (lucid)
uname:Linux 2.6.32-33-generic #70-Ubuntu SMP Thu Jul 7 21:09:46 UTC 2011 i686
libc:glibc 2.11.1 NPTL 2.11.1 
rlimit: STACK 8192k, CORE 0k, NPROC infinity, NOFILE 1024, AS infinity
load average:0.50 0.58 0.54

/proc/meminfo:
MemTotal:        2836956 kB
MemFree:         1199336 kB
Buffers:           74936 kB
Cached:           744228 kB
SwapCached:            0 kB
Active:           892700 kB
Inactive:         649756 kB
Active(anon):     723700 kB
Inactive(anon):     7296 kB
Active(file):     169000 kB
Inactive(file):   642460 kB
Unevictable:          16 kB
Mlocked:              16 kB
HighTotal:       1973064 kB
HighFree:         473928 kB
LowTotal:         863892 kB
LowFree:          725408 kB
SwapTotal:       3234808 kB
SwapFree:        3234808 kB
Dirty:               188 kB
Writeback:             0 kB
AnonPages:        723304 kB
Mapped:           148392 kB
Shmem:              7708 kB
Slab:              35964 kB
SReclaimable:      24480 kB
SUnreclaim:        11484 kB
KernelStack:        2816 kB
PageTables:         7872 kB
NFS_Unstable:          0 kB
Bounce:                0 kB
WritebackTmp:          0 kB
CommitLimit:     4653284 kB
Committed_AS:    1934060 kB
VmallocTotal:     122880 kB
VmallocUsed:       72908 kB
VmallocChunk:      42876 kB
HardwareCorrupted:     0 kB
HugePages_Total:       0
HugePages_Free:        0
HugePages_Rsvd:        0
HugePages_Surp:        0
Hugepagesize:       4096 kB
DirectMap4k:       12280 kB
DirectMap4M:      897024 kB


CPU:total 2 (2 cores per cpu, 1 threads per core) family 17 model 3 stepping 1, cmov, cx8, fxsr, mmx, sse, sse2, sse3, mmxext, 3dnow, 3dnowext

Memory: 4k page, physical 2836956k(1199336k free), swap 3234808k(3234808k free)

vm_info: OpenJDK Server VM (19.0-b09) for linux-x86 JRE (1.6.0_20-b20), built on Jan 21 2012 08:10:55 by "buildd" with gcc 4.4.3

time: Sun Mar 25 17:12:20 2012
elapsed time: 0 seconds

