#
# A fatal error has been detected by the Java Runtime Environment:
#
#  SIGSEGV (0xb) at pc=0x012dc719, pid=2198, tid=3078638448
#
# JRE version: 6.0_20-b20
# Java VM: OpenJDK Server VM (19.0-b09 mixed mode linux-x86 )
# Derivative: IcedTea6 1.9.10
# Distribution: Ubuntu 10.04.1 LTS, package 6b20-1.9.10-0ubuntu1~10.04.3
# Problematic frame:
# V  [libjvm.so+0x39d719]
#
# If you would like to submit a bug report, please include
# instructions how to reproduce the bug and visit:
#   https://bugs.launchpad.net/ubuntu/+source/openjdk-6/
#

---------------  T H R E A D  ---------------

Current thread (0x08f0d000):  JavaThread "main" [_thread_in_vm, id=2201, stack(0xb77b4000,0xb7805000)]

siginfo:si_signo=SIGSEGV: si_errno=0, si_code=1 (SEGV_MAPERR), si_addr=0x00000000

Registers:
EAX=0x08f0d000, EBX=0x01649ff4, ECX=0x08f0d8cc, EDX=0x00000000
ESP=0xb7803dc0, EBP=0xb7803e18, ESI=0x08f0d000, EDI=0x08f0d118
EIP=0x012dc719, CR2=0x00000000, EFLAGS=0x00010282

Register to memory mapping:

EAX=0x08f0d000
"main" prio=10 tid=0x08f0d000 nid=0x899 runnable [0xb7803000]
   java.lang.Thread.State: RUNNABLE

EBX=0x01649ff4
0x01649ff4: <offset 0x70aff4> in /usr/lib/jvm/java-6-openjdk/jre/lib/i386/server/libjvm.so at 0x00f3f000

ECX=0x08f0d8cc
0x08f0d8cc is pointing to unknown location

EDX=0x00000000
0x00000000 is pointing to unknown location

ESP=0xb7803dc0
0xb7803dc0 is pointing into the stack for thread: 0x08f0d000
"main" prio=10 tid=0x08f0d000 nid=0x899 runnable [0xb7803000]
   java.lang.Thread.State: RUNNABLE

EBP=0xb7803e18
0xb7803e18 is pointing into the stack for thread: 0x08f0d000
"main" prio=10 tid=0x08f0d000 nid=0x899 runnable [0xb7803000]
   java.lang.Thread.State: RUNNABLE

ESI=0x08f0d000
"main" prio=10 tid=0x08f0d000 nid=0x899 runnable [0xb7803000]
   java.lang.Thread.State: RUNNABLE

EDI=0x08f0d118
0x08f0d118 is pointing to unknown location


Top of Stack: (sp=0xb7803dc0)
0xb7803dc0:   b7803dec 08f0d000 b7818000 b7818000
0xb7803dd0:   0000000c 00000000 00000014 b7803dec
0xb7803de0:   00000000 08f0d8d8 08f0d000 08f0d000
0xb7803df0:   08f0d8c8 0000015f 015efe1c 08f0d000
0xb7803e00:   00000000 80000000 08f0d118 812d2c40
0xb7803e10:   812d2c40 08f0d000 b7803f48 00e04105
0xb7803e20:   08f0d118 00000000 00000052 00e04e44
0xb7803e30:   08f0d8d8 08f0d8d4 08f0ba18 a5fe14e8 

Instructions: (pc=0x012dc719)
0x012dc709:   c4 51 89 75 e4 51 56 50 e8 1a f1 00 00 8b 55 0c
0x012dc719:   8b 02 8b 93 74 ec ff ff 83 c4 10 8b 48 04 80 3a 

Stack: [0xb77b4000,0xb7805000],  sp=0xb7803dc0,  free space=319k
Native frames: (J=compiled Java code, j=interpreted, Vv=VM code, C=native code)
V  [libjvm.so+0x39d719]
C  [libstatus.so+0x1105]  fillcapturefilter+0xd9
C  [libstatus.so+0x17e4]  Java_FileAccess_ChangeStatus_startCapture+0xdb
j  FileAccess.ChangeStatus.startCapture()V+0
j  FileAccess.ChangeStatus.start(Ljava/lang/String;LCore/VirtualMachine;)V+55
j  FileAccess.ChangeStatus.main([Ljava/lang/String;)V+64
v  ~StubRoutines::call_stub
V  [libjvm.so+0x387d72]
V  [libjvm.so+0x519369]
V  [libjvm.so+0x386caf]
V  [libjvm.so+0x39214c]
V  [libjvm.so+0x3a11ad]
C  [java+0x321d]  JavaMain+0xd4d
C  [libpthread.so.0+0x596e]

Java frames: (J=compiled Java code, j=interpreted, Vv=VM code)
j  FileAccess.ChangeStatus.startCapture()V+0
j  FileAccess.ChangeStatus.start(Ljava/lang/String;LCore/VirtualMachine;)V+55
j  FileAccess.ChangeStatus.main([Ljava/lang/String;)V+64
v  ~StubRoutines::call_stub

---------------  P R O C E S S  ---------------

Java Threads: ( => current thread )
  0x80700800 JavaThread "Low Memory Detector" daemon [_thread_blocked, id=2211, stack(0x8085b000,0x808ac000)]
  0x08fae800 JavaThread "CompilerThread1" daemon [_thread_blocked, id=2210, stack(0x808ac000,0x8092d000)]
  0x08fac800 JavaThread "CompilerThread0" daemon [_thread_blocked, id=2209, stack(0x8092d000,0x809ae000)]
  0x08fab000 JavaThread "Signal Dispatcher" daemon [_thread_blocked, id=2208, stack(0x809ae000,0x809ff000)]
  0x08f98400 JavaThread "Finalizer" daemon [_thread_blocked, id=2207, stack(0x80a3e000,0x80a8f000)]
  0x08f96c00 JavaThread "Reference Handler" daemon [_thread_blocked, id=2206, stack(0x80a8f000,0x80ae0000)]
=>0x08f0d000 JavaThread "main" [_thread_in_vm, id=2201, stack(0xb77b4000,0xb7805000)]

Other Threads:
  0x08f92c00 VMThread [stack: 0x80ae0000,0x80b61000] [id=2205]
  0x80702800 WatcherThread [stack: 0x8067f000,0x80700000] [id=2212]

VM state:not at safepoint (normal execution)

VM Mutex/Monitor currently owned by a thread: None

Heap
 PSYoungGen      total 12992K, used 448K [0xa5fa0000, 0xa6e10000, 0xb46f0000)
  eden space 11200K, 4% used [0xa5fa0000,0xa6010068,0xa6a90000)
  from space 1792K, 0% used [0xa6c50000,0xa6c50000,0xa6e10000)
  to   space 1792K, 0% used [0xa6a90000,0xa6a90000,0xa6c50000)
 PSOldGen        total 29568K, used 0K [0x890f0000, 0x8add0000, 0xa5fa0000)
  object space 29568K, 0% used [0x890f0000,0x890f0000,0x8add0000)
 PSPermGen       total 16384K, used 1951K [0x810f0000, 0x820f0000, 0x890f0000)
  object space 16384K, 11% used [0x810f0000,0x812d7dc0,0x820f0000)

Dynamic libraries:
00110000-00263000 r-xp 00000000 08:05 527197     /lib/tls/i686/cmov/libc-2.11.1.so
00263000-00264000 ---p 00153000 08:05 527197     /lib/tls/i686/cmov/libc-2.11.1.so
00264000-00266000 r--p 00153000 08:05 527197     /lib/tls/i686/cmov/libc-2.11.1.so
00266000-00267000 rw-p 00155000 08:05 527197     /lib/tls/i686/cmov/libc-2.11.1.so
00267000-0026a000 rw-p 00000000 00:00 0 
0026a000-00271000 r-xp 00000000 08:05 1586226    /usr/lib/jvm/java-6-openjdk/jre/lib/i386/libzip.so
00271000-00272000 r--p 00006000 08:05 1586226    /usr/lib/jvm/java-6-openjdk/jre/lib/i386/libzip.so
00272000-00273000 rw-p 00007000 08:05 1586226    /usr/lib/jvm/java-6-openjdk/jre/lib/i386/libzip.so
002ae000-002b5000 r-xp 00000000 08:05 527227     /lib/tls/i686/cmov/librt-2.11.1.so
002b5000-002b6000 r--p 00006000 08:05 527227     /lib/tls/i686/cmov/librt-2.11.1.so
002b6000-002b7000 rw-p 00007000 08:05 527227     /lib/tls/i686/cmov/librt-2.11.1.so
00325000-0033a000 r-xp 00000000 08:05 527223     /lib/tls/i686/cmov/libpthread-2.11.1.so
0033a000-0033b000 r--p 00014000 08:05 527223     /lib/tls/i686/cmov/libpthread-2.11.1.so
0033b000-0033c000 rw-p 00015000 08:05 527223     /lib/tls/i686/cmov/libpthread-2.11.1.so
0033c000-0033e000 rw-p 00000000 00:00 0 
003d1000-003ec000 r-xp 00000000 08:05 523290     /lib/ld-2.11.1.so
003ec000-003ed000 r--p 0001a000 08:05 523290     /lib/ld-2.11.1.so
003ed000-003ee000 rw-p 0001b000 08:05 523290     /lib/ld-2.11.1.so
003f4000-003fb000 r-xp 00000000 08:05 1586228    /usr/lib/jvm/java-6-openjdk/jre/lib/i386/native_threads/libhpi.so
003fb000-003fc000 r--p 00006000 08:05 1586228    /usr/lib/jvm/java-6-openjdk/jre/lib/i386/native_threads/libhpi.so
003fc000-003fd000 rw-p 00007000 08:05 1586228    /usr/lib/jvm/java-6-openjdk/jre/lib/i386/native_threads/libhpi.so
00418000-0041e000 r-xp 00000000 08:05 527210     /lib/tls/i686/cmov/libnss_compat-2.11.1.so
0041e000-0041f000 r--p 00006000 08:05 527210     /lib/tls/i686/cmov/libnss_compat-2.11.1.so
0041f000-00420000 rw-p 00007000 08:05 527210     /lib/tls/i686/cmov/libnss_compat-2.11.1.so
00514000-0051c000 r-xp 00000000 08:05 527218     /lib/tls/i686/cmov/libnss_nis-2.11.1.so
0051c000-0051d000 r--p 00007000 08:05 527218     /lib/tls/i686/cmov/libnss_nis-2.11.1.so
0051d000-0051e000 rw-p 00008000 08:05 527218     /lib/tls/i686/cmov/libnss_nis-2.11.1.so
0068e000-006a1000 r-xp 00000000 08:05 523463     /lib/libz.so.1.2.3.3
006a1000-006a2000 r--p 00012000 08:05 523463     /lib/libz.so.1.2.3.3
006a2000-006a3000 rw-p 00013000 08:05 523463     /lib/libz.so.1.2.3.3
007f5000-007ff000 r-xp 00000000 08:05 527214     /lib/tls/i686/cmov/libnss_files-2.11.1.so
007ff000-00800000 r--p 00009000 08:05 527214     /lib/tls/i686/cmov/libnss_files-2.11.1.so
00800000-00801000 rw-p 0000a000 08:05 527214     /lib/tls/i686/cmov/libnss_files-2.11.1.so
00888000-0088b000 r-xp 00000000 08:05 1586197    /usr/lib/jvm/java-6-openjdk/jre/lib/i386/jli/libjli.so
0088b000-0088c000 r--p 00003000 08:05 1586197    /usr/lib/jvm/java-6-openjdk/jre/lib/i386/jli/libjli.so
0088c000-0088d000 rw-p 00004000 08:05 1586197    /usr/lib/jvm/java-6-openjdk/jre/lib/i386/jli/libjli.so
009f6000-00a02000 r-xp 00000000 08:05 1586225    /usr/lib/jvm/java-6-openjdk/jre/lib/i386/libverify.so
00a02000-00a03000 r--p 0000b000 08:05 1586225    /usr/lib/jvm/java-6-openjdk/jre/lib/i386/libverify.so
00a03000-00a04000 rw-p 0000c000 08:05 1586225    /usr/lib/jvm/java-6-openjdk/jre/lib/i386/libverify.so
00a3c000-00a4f000 r-xp 00000000 08:05 527208     /lib/tls/i686/cmov/libnsl-2.11.1.so
00a4f000-00a50000 r--p 00012000 08:05 527208     /lib/tls/i686/cmov/libnsl-2.11.1.so
00a50000-00a51000 rw-p 00013000 08:05 527208     /lib/tls/i686/cmov/libnsl-2.11.1.so
00a51000-00a53000 rw-p 00000000 00:00 0 
00b39000-00b5d000 r-xp 00000000 08:05 1586209    /usr/lib/jvm/java-6-openjdk/jre/lib/i386/libjava.so
00b5d000-00b5e000 r--p 00023000 08:05 1586209    /usr/lib/jvm/java-6-openjdk/jre/lib/i386/libjava.so
00b5e000-00b60000 rw-p 00024000 08:05 1586209    /usr/lib/jvm/java-6-openjdk/jre/lib/i386/libjava.so
00ba5000-00ba6000 r-xp 00000000 00:00 0          [vdso]
00daf000-00dd3000 r-xp 00000000 08:05 527205     /lib/tls/i686/cmov/libm-2.11.1.so
00dd3000-00dd4000 r--p 00023000 08:05 527205     /lib/tls/i686/cmov/libm-2.11.1.so
00dd4000-00dd5000 rw-p 00024000 08:05 527205     /lib/tls/i686/cmov/libm-2.11.1.so
00e03000-00e06000 r-xp 00000000 08:05 1590440    /usr/lib/libstatus.so
00e06000-00e07000 r--p 00002000 08:05 1590440    /usr/lib/libstatus.so
00e07000-00e08000 rw-p 00003000 08:05 1590440    /usr/lib/libstatus.so
00f3b000-00f3d000 r-xp 00000000 08:05 527203     /lib/tls/i686/cmov/libdl-2.11.1.so
00f3d000-00f3e000 r--p 00001000 08:05 527203     /lib/tls/i686/cmov/libdl-2.11.1.so
00f3e000-00f3f000 rw-p 00002000 08:05 527203     /lib/tls/i686/cmov/libdl-2.11.1.so
00f3f000-01604000 r-xp 00000000 08:05 1586230    /usr/lib/jvm/java-6-openjdk/jre/lib/i386/server/libjvm.so
01604000-01605000 ---p 006c5000 08:05 1586230    /usr/lib/jvm/java-6-openjdk/jre/lib/i386/server/libjvm.so
01605000-0164a000 r--p 006c5000 08:05 1586230    /usr/lib/jvm/java-6-openjdk/jre/lib/i386/server/libjvm.so
0164a000-01659000 rw-p 0070a000 08:05 1586230    /usr/lib/jvm/java-6-openjdk/jre/lib/i386/server/libjvm.so
01659000-01a78000 rw-p 00000000 00:00 0 
08048000-08051000 r-xp 00000000 08:05 1586258    /usr/lib/jvm/java-6-openjdk/jre/bin/java
08051000-08052000 r--p 00008000 08:05 1586258    /usr/lib/jvm/java-6-openjdk/jre/bin/java
08052000-08053000 rw-p 00009000 08:05 1586258    /usr/lib/jvm/java-6-openjdk/jre/bin/java
08f06000-08fb3000 rw-p 00000000 00:00 0          [heap]
8067f000-80680000 ---p 00000000 00:00 0 
80680000-80700000 rw-p 00000000 00:00 0 
80700000-80721000 rw-p 00000000 00:00 0 
80721000-80800000 ---p 00000000 00:00 0 
80852000-8085b000 r--s 00065000 08:05 6219       /usr/share/java/gnome-java-bridge.jar
8085b000-8085e000 ---p 00000000 00:00 0 
8085e000-808ac000 rw-p 00000000 00:00 0 
808ac000-808af000 ---p 00000000 00:00 0 
808af000-8092d000 rw-p 00000000 00:00 0 
8092d000-80930000 ---p 00000000 00:00 0 
80930000-809ae000 rw-p 00000000 00:00 0 
809ae000-809b1000 ---p 00000000 00:00 0 
809b1000-809ff000 rw-p 00000000 00:00 0 
809ff000-80a3e000 r--p 00000000 08:05 1577945    /usr/lib/locale/en_IN/LC_CTYPE
80a3e000-80a41000 ---p 00000000 00:00 0 
80a41000-80a8f000 rw-p 00000000 00:00 0 
80a8f000-80a92000 ---p 00000000 00:00 0 
80a92000-80ae0000 rw-p 00000000 00:00 0 
80ae0000-80ae1000 ---p 00000000 00:00 0 
80ae1000-80b61000 rw-p 00000000 00:00 0 
80b61000-80b63000 r--s 0001d000 08:05 1577596    /usr/lib/jvm/java-6-openjdk/jre/lib/plugin.jar
80b63000-80b68000 r--s 00045000 08:05 1577595    /usr/lib/jvm/java-6-openjdk/jre/lib/netx.jar
80b68000-80b9b000 rw-p 00000000 00:00 0 
80b9b000-80d2a000 r--s 038c4000 08:05 1586189    /usr/lib/jvm/java-6-openjdk/jre/lib/rt.jar
80d2a000-80d2b000 ---p 00000000 00:00 0 
80d2b000-80dab000 rw-p 00000000 00:00 0 
80dab000-80dac000 ---p 00000000 00:00 0 
80dac000-80e34000 rw-p 00000000 00:00 0 
80e34000-80e6c000 rw-p 00000000 00:00 0 
80e6c000-80e7b000 rw-p 00000000 00:00 0 
80e7b000-80f54000 rw-p 00000000 00:00 0 
80f54000-80f5c000 rw-p 00000000 00:00 0 
80f5c000-80f94000 rw-p 00000000 00:00 0 
80f94000-80fa3000 rw-p 00000000 00:00 0 
80fa3000-8107b000 rw-p 00000000 00:00 0 
8107b000-81083000 rw-p 00000000 00:00 0 
81083000-810ef000 rw-p 00000000 00:00 0 
810ef000-820f0000 rw-p 00000000 00:00 0 
820f0000-890f0000 rw-p 00000000 00:00 0 
890f0000-8add0000 rw-p 00000000 00:00 0 
8add0000-a5fa0000 rw-p 00000000 00:00 0 
a5fa0000-a6e10000 rw-p 00000000 00:00 0 
a6e10000-b46f0000 rw-p 00000000 00:00 0 
b46f4000-b46fd000 rw-p 00000000 00:00 0 
b46fd000-b47b4000 rw-p 00000000 00:00 0 
b47b4000-b49f4000 rwxp 00000000 00:00 0 
b49f4000-b77b4000 rw-p 00000000 00:00 0 
b77b4000-b77b7000 ---p 00000000 00:00 0 
b77b7000-b7808000 rw-p 00000000 00:00 0 
b780d000-b7810000 r--s 0000f000 08:05 1577575    /usr/lib/jvm/java-6-openjdk/jre/lib/ext/pulse-java.jar
b7810000-b7818000 rw-s 00000000 08:05 668594     /tmp/hsperfdata_root/2198
b7818000-b7819000 rw-p 00000000 00:00 0 
b7819000-b781a000 r--p 00000000 00:00 0 
b781a000-b781c000 rw-p 00000000 00:00 0 
bfa6e000-bfa83000 rw-p 00000000 00:00 0          [stack]

VM Arguments:
jvm_args: -Dfile.encoding=UTF-8 
java_command: FileAccess.ChangeStatus
Launcher Type: SUN_STANDARD

Environment Variables:
PATH=/usr/local/sbin:/usr/local/bin:/usr/sbin:/usr/bin:/sbin:/bin:/usr/games
USERNAME=root
LD_LIBRARY_PATH=/usr/lib/jvm/java-6-openjdk/jre/lib/i386/server:/usr/lib/jvm/java-6-openjdk/jre/lib/i386:/usr/lib/jvm/java-6-openjdk/jre/../lib/i386:/usr/lib/jvm/java-6-openjdk/jre/lib/i386/client:/usr/lib/jvm/java-6-openjdk/jre/lib/i386:/usr/lib/jvm/java-6-openjdk/jre/../lib/i386
SHELL=/bin/bash
DISPLAY=:0.0

Signal Handlers:
SIGSEGV: [libjvm.so+0x64a040], sa_mask[0]=0x7ffbfeff, sa_flags=0x10000004
SIGBUS: [libjvm.so+0x64a040], sa_mask[0]=0x7ffbfeff, sa_flags=0x10000004
SIGFPE: [libjvm.so+0x51c0d0], sa_mask[0]=0x7ffbfeff, sa_flags=0x10000004
SIGPIPE: [libjvm.so+0x51c0d0], sa_mask[0]=0x7ffbfeff, sa_flags=0x10000004
SIGXFSZ: [libjvm.so+0x51c0d0], sa_mask[0]=0x7ffbfeff, sa_flags=0x10000004
SIGILL: [libjvm.so+0x51c0d0], sa_mask[0]=0x7ffbfeff, sa_flags=0x10000004
SIGUSR1: SIG_DFL, sa_mask[0]=0x00000000, sa_flags=0x00000000
SIGUSR2: [libjvm.so+0x51b780], sa_mask[0]=0x00000004, sa_flags=0x10000004
SIGHUP: [libjvm.so+0x51e2f0], sa_mask[0]=0x7ffbfeff, sa_flags=0x10000004
SIGINT: SIG_IGN, sa_mask[0]=0x00000000, sa_flags=0x00000000
SIGTERM: [libjvm.so+0x51e2f0], sa_mask[0]=0x7ffbfeff, sa_flags=0x10000004
SIGQUIT: [libjvm.so+0x51e2f0], sa_mask[0]=0x7ffbfeff, sa_flags=0x10000004


---------------  S Y S T E M  ---------------

OS:Ubuntu 10.04 (lucid)
uname:Linux 2.6.32-33-generic #70-Ubuntu SMP Thu Jul 7 21:09:46 UTC 2011 i686
libc:glibc 2.11.1 NPTL 2.11.1 
rlimit: STACK 8192k, CORE 0k, NPROC infinity, NOFILE 1024, AS infinity
load average:0.21 0.32 0.30

/proc/meminfo:
MemTotal:        2836956 kB
MemFree:         1997760 kB
Buffers:           54156 kB
Cached:           395004 kB
SwapCached:            0 kB
Active:           395752 kB
Inactive:         360952 kB
Active(anon):     307940 kB
Inactive(anon):     4952 kB
Active(file):      87812 kB
Inactive(file):   356000 kB
Unevictable:           0 kB
Mlocked:               0 kB
HighTotal:       1973064 kB
HighFree:        1241736 kB
LowTotal:         863892 kB
LowFree:          756024 kB
SwapTotal:       3234808 kB
SwapFree:        3234808 kB
Dirty:               132 kB
Writeback:             0 kB
AnonPages:        307676 kB
Mapped:            85368 kB
Shmem:              5352 kB
Slab:              27196 kB
SReclaimable:      17268 kB
SUnreclaim:         9928 kB
KernelStack:        2312 kB
PageTables:         5368 kB
NFS_Unstable:          0 kB
Bounce:                0 kB
WritebackTmp:          0 kB
CommitLimit:     4653284 kB
Committed_AS:    1009308 kB
VmallocTotal:     122880 kB
VmallocUsed:       72908 kB
VmallocChunk:      41852 kB
HardwareCorrupted:     0 kB
HugePages_Total:       0
HugePages_Free:        0
HugePages_Rsvd:        0
HugePages_Surp:        0
Hugepagesize:       4096 kB
DirectMap4k:       12280 kB
DirectMap4M:      897024 kB


CPU:total 2 (2 cores per cpu, 1 threads per core) family 17 model 3 stepping 1, cmov, cx8, fxsr, mmx, sse, sse2, sse3, mmxext, 3dnow, 3dnowext

Memory: 4k page, physical 2836956k(1997760k free), swap 3234808k(3234808k free)

vm_info: OpenJDK Server VM (19.0-b09) for linux-x86 JRE (1.6.0_20-b20), built on Jan 21 2012 08:10:55 by "buildd" with gcc 4.4.3

time: Fri Mar  9 12:27:05 2012
elapsed time: 0 seconds

