#
# A fatal error has been detected by the Java Runtime Environment:
#
#  SIGSEGV (0xb) at pc=0x00953249, pid=6601, tid=3078445936
#
# JRE version: 6.0_20-b20
# Java VM: OpenJDK Server VM (19.0-b09 mixed mode linux-x86 )
# Derivative: IcedTea6 1.9.10
# Distribution: Ubuntu 10.04.1 LTS, package 6b20-1.9.10-0ubuntu1~10.04.3
# Problematic frame:
# C  [libbytestransfer.so+0x7249]  set_rule+0x1f
#
# If you would like to submit a bug report, please include
# instructions how to reproduce the bug and visit:
#   https://bugs.launchpad.net/ubuntu/+source/openjdk-6/
# The crash happened outside the Java Virtual Machine in native code.
# See problematic frame for where to report the bug.
#

---------------  T H R E A D  ---------------

Current thread (0x084b7000):  JavaThread "main" [_thread_in_native, id=6605, stack(0xb7785000,0xb77d6000)]

siginfo:si_signo=SIGSEGV: si_errno=0, si_code=1 (SEGV_MAPERR), si_addr=0x00000011

Registers:
EAX=0xffffffff, EBX=0x812a2d50, ECX=0x00000000, EDX=0x00000011
ESP=0xb77d4eb8, EBP=0xb77d4ec8, ESI=0x812a2d50, EDI=0x084b7000
EIP=0x00953249, CR2=0x00000011, EFLAGS=0x00010246

Register to memory mapping:

EAX=0xffffffff
0xffffffff is pointing to unknown location

EBX=0x812a2d50
{method} 
 - klass: {other class}

ECX=0x00000000
0x00000000 is pointing to unknown location

EDX=0x00000011
0x00000011 is pointing to unknown location

ESP=0xb77d4eb8
0xb77d4eb8 is pointing into the stack for thread: 0x084b7000
"main" prio=10 tid=0x084b7000 nid=0x19cd runnable [0xb77d5000]
   java.lang.Thread.State: RUNNABLE

EBP=0xb77d4ec8
0xb77d4ec8 is pointing into the stack for thread: 0x084b7000
"main" prio=10 tid=0x084b7000 nid=0x19cd runnable [0xb77d5000]
   java.lang.Thread.State: RUNNABLE

ESI=0x812a2d50
{method} 
 - klass: {other class}

EDI=0x084b7000
"main" prio=10 tid=0x084b7000 nid=0x19cd runnable [0xb77d5000]
   java.lang.Thread.State: RUNNABLE


Top of Stack: (sp=0xb77d4eb8)
0xb77d4eb8:   00000750 812a2d50 812a2d50 00000000
0xb77d4ec8:   b77d4fb8 009532cd b77d4f70 ffffffff
0xb77d4ed8:   b77d4f28 015da60b 80b00010 00000010
0xb77d4ee8:   b77d4f28 002ddff4 80b00010 084b59a0
0xb77d4ef8:   b77d4f18 001f7f9c 084c13d0 0000006f
0xb77d4f08:   084b7490 016b4ff4 00000011 084b59a0
0xb77d4f18:   b77d4f48 014c1728 00000011 084b59a0
0xb77d4f28:   b77d4f48 0132e7de 812a436c 00000010 

Instructions: (pc=0x00953249)
0x00953239:   8b 45 08 8b 00 8b 55 fc 01 d2 8d 14 10 8b 45 0c
0x00953249:   66 89 02 8b 45 08 8b 40 04 8b 55 fc 01 d2 8d 14 

Stack: [0xb7785000,0xb77d6000],  sp=0xb77d4eb8,  free space=319k
Native frames: (J=compiled Java code, j=interpreted, Vv=VM code, C=native code)
C  [libbytestransfer.so+0x7249]  set_rule+0x1f
C  [libbytestransfer.so+0x72cd]  get_hourly_transfer+0x36
C  [libbytestransfer.so+0x771a]  Java_FileAccess_datatransfer_fillData+0x340
j  FileAccess.datatransfer.fillData()V+0
j  FileAccess.datatransfer.main([Ljava/lang/String;)V+72
v  ~StubRoutines::call_stub
V  [libjvm.so+0x387d72]
V  [libjvm.so+0x519369]
V  [libjvm.so+0x386caf]
V  [libjvm.so+0x39214c]
V  [libjvm.so+0x3a11ad]
C  [java+0x321d]  JavaMain+0xd4d
C  [libpthread.so.0+0x596e]

Java frames: (J=compiled Java code, j=interpreted, Vv=VM code)
j  FileAccess.datatransfer.fillData()V+0
j  FileAccess.datatransfer.main([Ljava/lang/String;)V+72
v  ~StubRoutines::call_stub

---------------  P R O C E S S  ---------------

Java Threads: ( => current thread )
  0x80b04800 JavaThread "Low Memory Detector" daemon [_thread_blocked, id=6614, stack(0x8072b000,0x8077c000)]
  0x80b02800 JavaThread "CompilerThread1" daemon [_thread_blocked, id=6613, stack(0x8077c000,0x807fd000)]
  0x80b00800 JavaThread "CompilerThread0" daemon [_thread_blocked, id=6612, stack(0x807fd000,0x8087e000)]
  0x08555400 JavaThread "Signal Dispatcher" daemon [_thread_blocked, id=6611, stack(0x8087e000,0x808cf000)]
  0x08545400 JavaThread "Finalizer" daemon [_thread_blocked, id=6610, stack(0x808cf000,0x80920000)]
  0x08540c00 JavaThread "Reference Handler" daemon [_thread_blocked, id=6609, stack(0x80920000,0x80971000)]
=>0x084b7000 JavaThread "main" [_thread_in_native, id=6605, stack(0xb7785000,0xb77d6000)]

Other Threads:
  0x0853cc00 VMThread [stack: 0x80c46000,0x80cc7000] [id=6608]
  0x80b06800 WatcherThread [stack: 0x806aa000,0x8072b000] [id=6615]

VM state:not at safepoint (normal execution)

VM Mutex/Monitor currently owned by a thread: None

Heap
 PSYoungGen      total 12992K, used 448K [0xa5f70000, 0xa6de0000, 0xb46c0000)
  eden space 11200K, 4% used [0xa5f70000,0xa5fe0068,0xa6a60000)
  from space 1792K, 0% used [0xa6c20000,0xa6c20000,0xa6de0000)
  to   space 1792K, 0% used [0xa6a60000,0xa6a60000,0xa6c20000)
 PSOldGen        total 29568K, used 0K [0x890c0000, 0x8ada0000, 0xa5f70000)
  object space 29568K, 0% used [0x890c0000,0x890c0000,0x8ada0000)
 PSPermGen       total 16384K, used 1936K [0x810c0000, 0x820c0000, 0x890c0000)
  object space 16384K, 11% used [0x810c0000,0x812a43d8,0x820c0000)

Dynamic libraries:
00110000-00116000 r-xp 00000000 08:05 527210     /lib/tls/i686/cmov/libnss_compat-2.11.1.so
00116000-00117000 r--p 00006000 08:05 527210     /lib/tls/i686/cmov/libnss_compat-2.11.1.so
00117000-00118000 rw-p 00007000 08:05 527210     /lib/tls/i686/cmov/libnss_compat-2.11.1.so
0012e000-00152000 r-xp 00000000 08:05 527205     /lib/tls/i686/cmov/libm-2.11.1.so
00152000-00153000 r--p 00023000 08:05 527205     /lib/tls/i686/cmov/libm-2.11.1.so
00153000-00154000 rw-p 00024000 08:05 527205     /lib/tls/i686/cmov/libm-2.11.1.so
00169000-0017c000 r-xp 00000000 08:05 523463     /lib/libz.so.1.2.3.3
0017c000-0017d000 r--p 00012000 08:05 523463     /lib/libz.so.1.2.3.3
0017d000-0017e000 rw-p 00013000 08:05 523463     /lib/libz.so.1.2.3.3
00187000-00188000 r-xp 00000000 00:00 0          [vdso]
00188000-002db000 r-xp 00000000 08:05 527197     /lib/tls/i686/cmov/libc-2.11.1.so
002db000-002dc000 ---p 00153000 08:05 527197     /lib/tls/i686/cmov/libc-2.11.1.so
002dc000-002de000 r--p 00153000 08:05 527197     /lib/tls/i686/cmov/libc-2.11.1.so
002de000-002df000 rw-p 00155000 08:05 527197     /lib/tls/i686/cmov/libc-2.11.1.so
002df000-002e2000 rw-p 00000000 00:00 0 
006e1000-006e8000 r-xp 00000000 08:05 1586228    /usr/lib/jvm/java-6-openjdk/jre/lib/i386/native_threads/libhpi.so
006e8000-006e9000 r--p 00006000 08:05 1586228    /usr/lib/jvm/java-6-openjdk/jre/lib/i386/native_threads/libhpi.so
006e9000-006ea000 rw-p 00007000 08:05 1586228    /usr/lib/jvm/java-6-openjdk/jre/lib/i386/native_threads/libhpi.so
008ba000-008c4000 r-xp 00000000 08:05 527214     /lib/tls/i686/cmov/libnss_files-2.11.1.so
008c4000-008c5000 r--p 00009000 08:05 527214     /lib/tls/i686/cmov/libnss_files-2.11.1.so
008c5000-008c6000 rw-p 0000a000 08:05 527214     /lib/tls/i686/cmov/libnss_files-2.11.1.so
0094c000-00955000 r-xp 00000000 08:05 1592432    /usr/lib/libbytestransfer.so
00955000-00956000 r--p 00008000 08:05 1592432    /usr/lib/libbytestransfer.so
00956000-00957000 rw-p 00009000 08:05 1592432    /usr/lib/libbytestransfer.so
00957000-0096c000 r-xp 00000000 08:05 527223     /lib/tls/i686/cmov/libpthread-2.11.1.so
0096c000-0096d000 r--p 00014000 08:05 527223     /lib/tls/i686/cmov/libpthread-2.11.1.so
0096d000-0096e000 rw-p 00015000 08:05 527223     /lib/tls/i686/cmov/libpthread-2.11.1.so
0096e000-00970000 rw-p 00000000 00:00 0 
009a8000-009b0000 r-xp 00000000 08:05 527218     /lib/tls/i686/cmov/libnss_nis-2.11.1.so
009b0000-009b1000 r--p 00007000 08:05 527218     /lib/tls/i686/cmov/libnss_nis-2.11.1.so
009b1000-009b2000 rw-p 00008000 08:05 527218     /lib/tls/i686/cmov/libnss_nis-2.11.1.so
00a22000-00a46000 r-xp 00000000 08:05 1586209    /usr/lib/jvm/java-6-openjdk/jre/lib/i386/libjava.so
00a46000-00a47000 r--p 00023000 08:05 1586209    /usr/lib/jvm/java-6-openjdk/jre/lib/i386/libjava.so
00a47000-00a49000 rw-p 00024000 08:05 1586209    /usr/lib/jvm/java-6-openjdk/jre/lib/i386/libjava.so
00a4e000-00a69000 r-xp 00000000 08:05 523290     /lib/ld-2.11.1.so
00a69000-00a6a000 r--p 0001a000 08:05 523290     /lib/ld-2.11.1.so
00a6a000-00a6b000 rw-p 0001b000 08:05 523290     /lib/ld-2.11.1.so
00c48000-00c4f000 r-xp 00000000 08:05 527227     /lib/tls/i686/cmov/librt-2.11.1.so
00c4f000-00c50000 r--p 00006000 08:05 527227     /lib/tls/i686/cmov/librt-2.11.1.so
00c50000-00c51000 rw-p 00007000 08:05 527227     /lib/tls/i686/cmov/librt-2.11.1.so
00cef000-00cfb000 r-xp 00000000 08:05 1586225    /usr/lib/jvm/java-6-openjdk/jre/lib/i386/libverify.so
00cfb000-00cfc000 r--p 0000b000 08:05 1586225    /usr/lib/jvm/java-6-openjdk/jre/lib/i386/libverify.so
00cfc000-00cfd000 rw-p 0000c000 08:05 1586225    /usr/lib/jvm/java-6-openjdk/jre/lib/i386/libverify.so
00d5d000-00d64000 r-xp 00000000 08:05 1586226    /usr/lib/jvm/java-6-openjdk/jre/lib/i386/libzip.so
00d64000-00d65000 r--p 00006000 08:05 1586226    /usr/lib/jvm/java-6-openjdk/jre/lib/i386/libzip.so
00d65000-00d66000 rw-p 00007000 08:05 1586226    /usr/lib/jvm/java-6-openjdk/jre/lib/i386/libzip.so
00d84000-00d97000 r-xp 00000000 08:05 527208     /lib/tls/i686/cmov/libnsl-2.11.1.so
00d97000-00d98000 r--p 00012000 08:05 527208     /lib/tls/i686/cmov/libnsl-2.11.1.so
00d98000-00d99000 rw-p 00013000 08:05 527208     /lib/tls/i686/cmov/libnsl-2.11.1.so
00d99000-00d9b000 rw-p 00000000 00:00 0 
00e08000-00e0a000 r-xp 00000000 08:05 527203     /lib/tls/i686/cmov/libdl-2.11.1.so
00e0a000-00e0b000 r--p 00001000 08:05 527203     /lib/tls/i686/cmov/libdl-2.11.1.so
00e0b000-00e0c000 rw-p 00002000 08:05 527203     /lib/tls/i686/cmov/libdl-2.11.1.so
00fa5000-00fa8000 r-xp 00000000 08:05 1586197    /usr/lib/jvm/java-6-openjdk/jre/lib/i386/jli/libjli.so
00fa8000-00fa9000 r--p 00003000 08:05 1586197    /usr/lib/jvm/java-6-openjdk/jre/lib/i386/jli/libjli.so
00fa9000-00faa000 rw-p 00004000 08:05 1586197    /usr/lib/jvm/java-6-openjdk/jre/lib/i386/jli/libjli.so
00faa000-0166f000 r-xp 00000000 08:05 1586230    /usr/lib/jvm/java-6-openjdk/jre/lib/i386/server/libjvm.so
0166f000-01670000 ---p 006c5000 08:05 1586230    /usr/lib/jvm/java-6-openjdk/jre/lib/i386/server/libjvm.so
01670000-016b5000 r--p 006c5000 08:05 1586230    /usr/lib/jvm/java-6-openjdk/jre/lib/i386/server/libjvm.so
016b5000-016c4000 rw-p 0070a000 08:05 1586230    /usr/lib/jvm/java-6-openjdk/jre/lib/i386/server/libjvm.so
016c4000-01ae3000 rw-p 00000000 00:00 0 
08048000-08051000 r-xp 00000000 08:05 1586258    /usr/lib/jvm/java-6-openjdk/jre/bin/java
08051000-08052000 r--p 00008000 08:05 1586258    /usr/lib/jvm/java-6-openjdk/jre/bin/java
08052000-08053000 rw-p 00009000 08:05 1586258    /usr/lib/jvm/java-6-openjdk/jre/bin/java
084b0000-08576000 rw-p 00000000 00:00 0          [heap]
806a1000-806aa000 r--s 00065000 08:05 6219       /usr/share/java/gnome-java-bridge.jar
806aa000-806ab000 ---p 00000000 00:00 0 
806ab000-8072b000 rw-p 00000000 00:00 0 
8072b000-8072e000 ---p 00000000 00:00 0 
8072e000-8077c000 rw-p 00000000 00:00 0 
8077c000-8077f000 ---p 00000000 00:00 0 
8077f000-807fd000 rw-p 00000000 00:00 0 
807fd000-80800000 ---p 00000000 00:00 0 
80800000-8087e000 rw-p 00000000 00:00 0 
8087e000-80881000 ---p 00000000 00:00 0 
80881000-808cf000 rw-p 00000000 00:00 0 
808cf000-808d2000 ---p 00000000 00:00 0 
808d2000-80920000 rw-p 00000000 00:00 0 
80920000-80923000 ---p 00000000 00:00 0 
80923000-80971000 rw-p 00000000 00:00 0 
80971000-80b00000 r--s 038c4000 08:05 1586189    /usr/lib/jvm/java-6-openjdk/jre/lib/rt.jar
80b00000-80b22000 rw-p 00000000 00:00 0 
80b22000-80c00000 ---p 00000000 00:00 0 
80c07000-80c46000 r--p 00000000 08:05 1577945    /usr/lib/locale/en_IN/LC_CTYPE
80c46000-80c47000 ---p 00000000 00:00 0 
80c47000-80cfa000 rw-p 00000000 00:00 0 
80cfa000-80cfb000 ---p 00000000 00:00 0 
80cfb000-80d7b000 rw-p 00000000 00:00 0 
80d7b000-80d7c000 ---p 00000000 00:00 0 
80d7c000-80e04000 rw-p 00000000 00:00 0 
80e04000-80e3c000 rw-p 00000000 00:00 0 
80e3c000-80e4b000 rw-p 00000000 00:00 0 
80e4b000-80f24000 rw-p 00000000 00:00 0 
80f24000-80f2c000 rw-p 00000000 00:00 0 
80f2c000-80f64000 rw-p 00000000 00:00 0 
80f64000-80f73000 rw-p 00000000 00:00 0 
80f73000-8104b000 rw-p 00000000 00:00 0 
8104b000-81053000 rw-p 00000000 00:00 0 
81053000-810bf000 rw-p 00000000 00:00 0 
810bf000-820c0000 rw-p 00000000 00:00 0 
820c0000-890c0000 rw-p 00000000 00:00 0 
890c0000-8ada0000 rw-p 00000000 00:00 0 
8ada0000-a5f70000 rw-p 00000000 00:00 0 
a5f70000-a6de0000 rw-p 00000000 00:00 0 
a6de0000-b46c0000 rw-p 00000000 00:00 0 
b46c2000-b46c5000 r--s 0000f000 08:05 1577575    /usr/lib/jvm/java-6-openjdk/jre/lib/ext/pulse-java.jar
b46c5000-b46ce000 rw-p 00000000 00:00 0 
b46ce000-b4785000 rw-p 00000000 00:00 0 
b4785000-b49c5000 rwxp 00000000 00:00 0 
b49c5000-b7785000 rw-p 00000000 00:00 0 
b7785000-b7788000 ---p 00000000 00:00 0 
b7788000-b77da000 rw-p 00000000 00:00 0 
b77da000-b77dc000 r--s 0001d000 08:05 1577596    /usr/lib/jvm/java-6-openjdk/jre/lib/plugin.jar
b77dc000-b77e1000 r--s 00045000 08:05 1577595    /usr/lib/jvm/java-6-openjdk/jre/lib/netx.jar
b77e1000-b77e9000 rw-s 00000000 08:05 663848     /tmp/hsperfdata_root/6601
b77e9000-b77ea000 rw-p 00000000 00:00 0 
b77ea000-b77eb000 r--p 00000000 00:00 0 
b77eb000-b77ed000 rw-p 00000000 00:00 0 
bfee7000-bfefc000 rw-p 00000000 00:00 0          [stack]

VM Arguments:
jvm_args: -Dfile.encoding=UTF-8 
java_command: FileAccess.datatransfer
Launcher Type: SUN_STANDARD

Environment Variables:
PATH=/usr/local/sbin:/usr/local/bin:/usr/sbin:/usr/bin:/sbin:/bin:/usr/games
USERNAME=root
LD_LIBRARY_PATH=/usr/lib/jvm/java-6-openjdk/jre/lib/i386/server:/usr/lib/jvm/java-6-openjdk/jre/lib/i386:/usr/lib/jvm/java-6-openjdk/jre/../lib/i386:/usr/lib/jvm/java-6-openjdk/jre/lib/i386/client:/usr/lib/jvm/java-6-openjdk/jre/lib/i386:/usr/lib/jvm/java-6-openjdk/jre/../lib/i386
SHELL=/bin/bash
DISPLAY=:0.0

Signal Handlers:
SIGSEGV: [libjvm.so+0x64a040], sa_mask[0]=0x7ffbfeff, sa_flags=0x10000004
SIGBUS: [libjvm.so+0x64a040], sa_mask[0]=0x7ffbfeff, sa_flags=0x10000004
SIGFPE: [libjvm.so+0x51c0d0], sa_mask[0]=0x7ffbfeff, sa_flags=0x10000004
SIGPIPE: [libjvm.so+0x51c0d0], sa_mask[0]=0x7ffbfeff, sa_flags=0x10000004
SIGXFSZ: [libjvm.so+0x51c0d0], sa_mask[0]=0x7ffbfeff, sa_flags=0x10000004
SIGILL: [libjvm.so+0x51c0d0], sa_mask[0]=0x7ffbfeff, sa_flags=0x10000004
SIGUSR1: SIG_DFL, sa_mask[0]=0x00000000, sa_flags=0x00000000
SIGUSR2: [libjvm.so+0x51b780], sa_mask[0]=0x00000004, sa_flags=0x10000004
SIGHUP: [libjvm.so+0x51e2f0], sa_mask[0]=0x7ffbfeff, sa_flags=0x10000004
SIGINT: SIG_IGN, sa_mask[0]=0x00000000, sa_flags=0x00000000
SIGTERM: [libjvm.so+0x51e2f0], sa_mask[0]=0x7ffbfeff, sa_flags=0x10000004
SIGQUIT: [libjvm.so+0x51e2f0], sa_mask[0]=0x7ffbfeff, sa_flags=0x10000004


---------------  S Y S T E M  ---------------

OS:Ubuntu 10.04 (lucid)
uname:Linux 2.6.32-33-generic #70-Ubuntu SMP Thu Jul 7 21:09:46 UTC 2011 i686
libc:glibc 2.11.1 NPTL 2.11.1 
rlimit: STACK 8192k, CORE 0k, NPROC infinity, NOFILE 1024, AS infinity
load average:0.83 0.83 0.78

/proc/meminfo:
MemTotal:        2836956 kB
MemFree:         1102840 kB
Buffers:           87192 kB
Cached:           684624 kB
SwapCached:            0 kB
Active:          1080832 kB
Inactive:         555496 kB
Active(anon):     864932 kB
Inactive(anon):     8060 kB
Active(file):     215900 kB
Inactive(file):   547436 kB
Unevictable:          16 kB
Mlocked:              16 kB
HighTotal:       1973064 kB
HighFree:         392336 kB
LowTotal:         863892 kB
LowFree:          710504 kB
SwapTotal:       3234808 kB
SwapFree:        3234808 kB
Dirty:               264 kB
Writeback:             0 kB
AnonPages:        864524 kB
Mapped:           163156 kB
Shmem:              8484 kB
Slab:              38336 kB
SReclaimable:      26684 kB
SUnreclaim:        11652 kB
KernelStack:        3024 kB
PageTables:         8148 kB
NFS_Unstable:          0 kB
Bounce:                0 kB
WritebackTmp:          0 kB
CommitLimit:     4653284 kB
Committed_AS:    2100616 kB
VmallocTotal:     122880 kB
VmallocUsed:       73204 kB
VmallocChunk:      27796 kB
HardwareCorrupted:     0 kB
HugePages_Total:       0
HugePages_Free:        0
HugePages_Rsvd:        0
HugePages_Surp:        0
Hugepagesize:       4096 kB
DirectMap4k:       12280 kB
DirectMap4M:      897024 kB


CPU:total 2 (2 cores per cpu, 1 threads per core) family 17 model 3 stepping 1, cmov, cx8, fxsr, mmx, sse, sse2, sse3, mmxext, 3dnow, 3dnowext

Memory: 4k page, physical 2836956k(1102840k free), swap 3234808k(3234808k free)

vm_info: OpenJDK Server VM (19.0-b09) for linux-x86 JRE (1.6.0_20-b20), built on Jan 21 2012 08:10:55 by "buildd" with gcc 4.4.3

time: Thu Mar 22 20:22:44 2012
elapsed time: 0 seconds

