#
# A fatal error has been detected by the Java Runtime Environment:
#
#  SIGSEGV (0xb) at pc=0x00e71c9d, pid=3355, tid=3077708656
#
# JRE version: 6.0_20-b20
# Java VM: OpenJDK Server VM (19.0-b09 mixed mode linux-x86 )
# Derivative: IcedTea6 1.9.10
# Distribution: Ubuntu 10.04.1 LTS, package 6b20-1.9.10-0ubuntu1~10.04.3
# Problematic frame:
# C  [libc.so.6+0x4ec9d]  __isoc99_fscanf+0x1d
#
# If you would like to submit a bug report, please include
# instructions how to reproduce the bug and visit:
#   https://bugs.launchpad.net/ubuntu/+source/openjdk-6/
# The crash happened outside the Java Virtual Machine in native code.
# See problematic frame for where to report the bug.
#

---------------  T H R E A D  ---------------

Current thread (0x08c8c000):  JavaThread "main" [_thread_in_native, id=3359, stack(0xb76d1000,0xb7722000)]

siginfo:si_signo=SIGSEGV: si_errno=0, si_code=1 (SEGV_MAPERR), si_addr=0x00000000

Registers:
EAX=0x00000000, EBX=0x00f78ff4, ECX=0x08d44658, EDX=0xb7720c44
ESP=0xb7720bbc, EBP=0xb7720bd8, ESI=0x00000000, EDI=0x08c8c000
EIP=0x00e71c9d, CR2=0x00000000, EFLAGS=0x00010212

Register to memory mapping:

EAX=0x00000000
0x00000000 is pointing to unknown location

EBX=0x00f78ff4
0x00f78ff4: <offset 0x155ff4> in /lib/tls/i686/cmov/libc.so.6 at 0x00e23000

ECX=0x08d44658
0x08d44658 is pointing to unknown location

EDX=0xb7720c44
0xb7720c44 is pointing into the stack for thread: 0x08c8c000
"main" prio=10 tid=0x08c8c000 nid=0xd1f runnable [0xb7720000]
   java.lang.Thread.State: RUNNABLE

ESP=0xb7720bbc
0xb7720bbc is pointing into the stack for thread: 0x08c8c000
"main" prio=10 tid=0x08c8c000 nid=0xd1f runnable [0xb7720000]
   java.lang.Thread.State: RUNNABLE

EBP=0xb7720bd8
0xb7720bd8 is pointing into the stack for thread: 0x08c8c000
"main" prio=10 tid=0x08c8c000 nid=0xd1f runnable [0xb7720000]
   java.lang.Thread.State: RUNNABLE

ESI=0x00000000
0x00000000 is pointing to unknown location

EDI=0x08c8c000
"main" prio=10 tid=0x08c8c000 nid=0xd1f runnable [0xb7720000]
   java.lang.Thread.State: RUNNABLE


Top of Stack: (sp=0xb7720bbc)
0xb7720bbc:   811f3230 b7720bd8 00e7f44c 00140f42
0xb7720bcc:   811f3230 811f3230 08c8c000 b7720d78
0xb7720bdc:   00140835 00000000 00140f7a b7720c44
0xb7720bec:   b7720c3c b7720c40 b7720c38 b7720c48
0xb7720bfc:   00140ef4 08c8c448 08c8c834 b46d3600
0xb7720c0c:   08c8e318 08c8e368 08c8e508 001408d8
0xb7720c1c:   b7720ee8 00000004 ffffffff 0194b3c9
0xb7720c2c:   00000000 00000000 00000000 b7720c78 

Instructions: (pc=0x00e71c9d)
0x00e71c8d:   5d f4 89 7d fc e8 78 7d fc ff 81 c3 5d 73 10 00
0x00e71c9d:   66 83 3e 00 78 34 8b 56 48 65 8b 3d 08 00 00 00 

Stack: [0xb76d1000,0xb7722000],  sp=0xb7720bbc,  free space=318k
Native frames: (J=compiled Java code, j=interpreted, Vv=VM code, C=native code)
C  [libc.so.6+0x4ec9d]  __isoc99_fscanf+0x1d
C  [libpacketlib.so+0x6835]  get_filename+0x2ea
C  [libpacketlib.so+0x37c8]  get_flow_packets+0x26
C  [libpacketlib.so+0x3e9a]  fill_flow_packets+0x61
C  [libpacketlib.so+0x1b60]  Java_FileAccess_GetPacket_fillpackets+0x110
j  FileAccess.GetPacket.fillpackets()V+0
j  FileAccess.GetPacket.main([Ljava/lang/String;)V+149
v  ~StubRoutines::call_stub
V  [libjvm.so+0x387d72]
V  [libjvm.so+0x519369]
V  [libjvm.so+0x386caf]
V  [libjvm.so+0x39214c]
V  [libjvm.so+0x3a11ad]
C  [java+0x321d]  JavaMain+0xd4d
C  [libpthread.so.0+0x596e]

Java frames: (J=compiled Java code, j=interpreted, Vv=VM code)
j  FileAccess.GetPacket.fillpackets()V+0
j  FileAccess.GetPacket.main([Ljava/lang/String;)V+149
v  ~StubRoutines::call_stub

---------------  P R O C E S S  ---------------

Java Threads: ( => current thread )
  0x08d2f400 JavaThread "Low Memory Detector" daemon [_thread_blocked, id=3368, stack(0x806af000,0x80700000)]
  0x08d2d800 JavaThread "CompilerThread1" daemon [_thread_blocked, id=3367, stack(0x805cc000,0x8064d000)]
  0x08d2b800 JavaThread "CompilerThread0" daemon [_thread_blocked, id=3366, stack(0x8084d000,0x808ce000)]
  0x08d2a400 JavaThread "Signal Dispatcher" daemon [_thread_blocked, id=3365, stack(0x808ce000,0x8091f000)]
  0x08d17000 JavaThread "Finalizer" daemon [_thread_blocked, id=3364, stack(0x8095e000,0x809af000)]
  0x08d15800 JavaThread "Reference Handler" daemon [_thread_blocked, id=3363, stack(0x809af000,0x80a00000)]
=>0x08c8c000 JavaThread "main" [_thread_in_native, id=3359, stack(0xb76d1000,0xb7722000)]

Other Threads:
  0x08d11c00 VMThread [stack: 0x80a00000,0x80a81000] [id=3362]
  0x08d31800 WatcherThread [stack: 0x8054b000,0x805cc000] [id=3369]

VM state:not at safepoint (normal execution)

VM Mutex/Monitor currently owned by a thread: None

Heap
 PSYoungGen      total 12992K, used 448K [0xa5ec0000, 0xa6d30000, 0xb4610000)
  eden space 11200K, 4% used [0xa5ec0000,0xa5f30070,0xa69b0000)
  from space 1792K, 0% used [0xa6b70000,0xa6b70000,0xa6d30000)
  to   space 1792K, 0% used [0xa69b0000,0xa69b0000,0xa6b70000)
 PSOldGen        total 29568K, used 0K [0x89010000, 0x8acf0000, 0xa5ec0000)
  object space 29568K, 0% used [0x89010000,0x89010000,0x8acf0000)
 PSPermGen       total 16384K, used 1949K [0x81010000, 0x82010000, 0x89010000)
  object space 16384K, 11% used [0x81010000,0x811f7758,0x82010000)

Dynamic libraries:
00110000-00117000 r-xp 00000000 08:05 527227     /lib/tls/i686/cmov/librt-2.11.1.so
00117000-00118000 r--p 00006000 08:05 527227     /lib/tls/i686/cmov/librt-2.11.1.so
00118000-00119000 rw-p 00007000 08:05 527227     /lib/tls/i686/cmov/librt-2.11.1.so
00119000-0012c000 r-xp 00000000 08:05 527208     /lib/tls/i686/cmov/libnsl-2.11.1.so
0012c000-0012d000 r--p 00012000 08:05 527208     /lib/tls/i686/cmov/libnsl-2.11.1.so
0012d000-0012e000 rw-p 00013000 08:05 527208     /lib/tls/i686/cmov/libnsl-2.11.1.so
0012e000-00130000 rw-p 00000000 00:00 0 
00130000-00138000 r-xp 00000000 08:05 527218     /lib/tls/i686/cmov/libnss_nis-2.11.1.so
00138000-00139000 r--p 00007000 08:05 527218     /lib/tls/i686/cmov/libnss_nis-2.11.1.so
00139000-0013a000 rw-p 00008000 08:05 527218     /lib/tls/i686/cmov/libnss_nis-2.11.1.so
0013a000-00141000 r-xp 00000000 08:05 1589892    /usr/lib/libpacketlib.so
00141000-00142000 r--p 00007000 08:05 1589892    /usr/lib/libpacketlib.so
00142000-00143000 rw-p 00008000 08:05 1589892    /usr/lib/libpacketlib.so
00169000-0016c000 r-xp 00000000 08:05 1586197    /usr/lib/jvm/java-6-openjdk/jre/lib/i386/jli/libjli.so
0016c000-0016d000 r--p 00003000 08:05 1586197    /usr/lib/jvm/java-6-openjdk/jre/lib/i386/jli/libjli.so
0016d000-0016e000 rw-p 00004000 08:05 1586197    /usr/lib/jvm/java-6-openjdk/jre/lib/i386/jli/libjli.so
001b7000-001bd000 r-xp 00000000 08:05 527210     /lib/tls/i686/cmov/libnss_compat-2.11.1.so
001bd000-001be000 r--p 00006000 08:05 527210     /lib/tls/i686/cmov/libnss_compat-2.11.1.so
001be000-001bf000 rw-p 00007000 08:05 527210     /lib/tls/i686/cmov/libnss_compat-2.11.1.so
001dc000-00200000 r-xp 00000000 08:05 1586209    /usr/lib/jvm/java-6-openjdk/jre/lib/i386/libjava.so
00200000-00201000 r--p 00023000 08:05 1586209    /usr/lib/jvm/java-6-openjdk/jre/lib/i386/libjava.so
00201000-00203000 rw-p 00024000 08:05 1586209    /usr/lib/jvm/java-6-openjdk/jre/lib/i386/libjava.so
00293000-0029d000 r-xp 00000000 08:05 527214     /lib/tls/i686/cmov/libnss_files-2.11.1.so
0029d000-0029e000 r--p 00009000 08:05 527214     /lib/tls/i686/cmov/libnss_files-2.11.1.so
0029e000-0029f000 rw-p 0000a000 08:05 527214     /lib/tls/i686/cmov/libnss_files-2.11.1.so
002e6000-002f2000 r-xp 00000000 08:05 1586225    /usr/lib/jvm/java-6-openjdk/jre/lib/i386/libverify.so
002f2000-002f3000 r--p 0000b000 08:05 1586225    /usr/lib/jvm/java-6-openjdk/jre/lib/i386/libverify.so
002f3000-002f4000 rw-p 0000c000 08:05 1586225    /usr/lib/jvm/java-6-openjdk/jre/lib/i386/libverify.so
003e6000-003ed000 r-xp 00000000 08:05 1586228    /usr/lib/jvm/java-6-openjdk/jre/lib/i386/native_threads/libhpi.so
003ed000-003ee000 r--p 00006000 08:05 1586228    /usr/lib/jvm/java-6-openjdk/jre/lib/i386/native_threads/libhpi.so
003ee000-003ef000 rw-p 00007000 08:05 1586228    /usr/lib/jvm/java-6-openjdk/jre/lib/i386/native_threads/libhpi.so
00407000-0040e000 r-xp 00000000 08:05 1586226    /usr/lib/jvm/java-6-openjdk/jre/lib/i386/libzip.so
0040e000-0040f000 r--p 00006000 08:05 1586226    /usr/lib/jvm/java-6-openjdk/jre/lib/i386/libzip.so
0040f000-00410000 rw-p 00007000 08:05 1586226    /usr/lib/jvm/java-6-openjdk/jre/lib/i386/libzip.so
0053e000-00551000 r-xp 00000000 08:05 523463     /lib/libz.so.1.2.3.3
00551000-00552000 r--p 00012000 08:05 523463     /lib/libz.so.1.2.3.3
00552000-00553000 rw-p 00013000 08:05 523463     /lib/libz.so.1.2.3.3
0066d000-00682000 r-xp 00000000 08:05 527223     /lib/tls/i686/cmov/libpthread-2.11.1.so
00682000-00683000 r--p 00014000 08:05 527223     /lib/tls/i686/cmov/libpthread-2.11.1.so
00683000-00684000 rw-p 00015000 08:05 527223     /lib/tls/i686/cmov/libpthread-2.11.1.so
00684000-00686000 rw-p 00000000 00:00 0 
00735000-00737000 r-xp 00000000 08:05 527203     /lib/tls/i686/cmov/libdl-2.11.1.so
00737000-00738000 r--p 00001000 08:05 527203     /lib/tls/i686/cmov/libdl-2.11.1.so
00738000-00739000 rw-p 00002000 08:05 527203     /lib/tls/i686/cmov/libdl-2.11.1.so
00a9e000-00ab9000 r-xp 00000000 08:05 523290     /lib/ld-2.11.1.so
00ab9000-00aba000 r--p 0001a000 08:05 523290     /lib/ld-2.11.1.so
00aba000-00abb000 rw-p 0001b000 08:05 523290     /lib/ld-2.11.1.so
00b4b000-00b4c000 r-xp 00000000 00:00 0          [vdso]
00ceb000-00d0f000 r-xp 00000000 08:05 527205     /lib/tls/i686/cmov/libm-2.11.1.so
00d0f000-00d10000 r--p 00023000 08:05 527205     /lib/tls/i686/cmov/libm-2.11.1.so
00d10000-00d11000 rw-p 00024000 08:05 527205     /lib/tls/i686/cmov/libm-2.11.1.so
00e23000-00f76000 r-xp 00000000 08:05 527197     /lib/tls/i686/cmov/libc-2.11.1.so
00f76000-00f77000 ---p 00153000 08:05 527197     /lib/tls/i686/cmov/libc-2.11.1.so
00f77000-00f79000 r--p 00153000 08:05 527197     /lib/tls/i686/cmov/libc-2.11.1.so
00f79000-00f7a000 rw-p 00155000 08:05 527197     /lib/tls/i686/cmov/libc-2.11.1.so
00f7a000-00f7d000 rw-p 00000000 00:00 0 
00f7d000-01642000 r-xp 00000000 08:05 1586230    /usr/lib/jvm/java-6-openjdk/jre/lib/i386/server/libjvm.so
01642000-01643000 ---p 006c5000 08:05 1586230    /usr/lib/jvm/java-6-openjdk/jre/lib/i386/server/libjvm.so
01643000-01688000 r--p 006c5000 08:05 1586230    /usr/lib/jvm/java-6-openjdk/jre/lib/i386/server/libjvm.so
01688000-01697000 rw-p 0070a000 08:05 1586230    /usr/lib/jvm/java-6-openjdk/jre/lib/i386/server/libjvm.so
01697000-01ab6000 rw-p 00000000 00:00 0 
08048000-08051000 r-xp 00000000 08:05 1586258    /usr/lib/jvm/java-6-openjdk/jre/bin/java
08051000-08052000 r--p 00008000 08:05 1586258    /usr/lib/jvm/java-6-openjdk/jre/bin/java
08052000-08053000 rw-p 00009000 08:05 1586258    /usr/lib/jvm/java-6-openjdk/jre/bin/java
08c85000-08d6c000 rw-p 00000000 00:00 0          [heap]
8054b000-8054c000 ---p 00000000 00:00 0 
8054c000-805cc000 rw-p 00000000 00:00 0 
805cc000-805cf000 ---p 00000000 00:00 0 
805cf000-8064d000 rw-p 00000000 00:00 0 
806af000-806b2000 ---p 00000000 00:00 0 
806b2000-80700000 rw-p 00000000 00:00 0 
80700000-80721000 rw-p 00000000 00:00 0 
80721000-80800000 ---p 00000000 00:00 0 
80844000-8084d000 r--s 00065000 08:05 6219       /usr/share/java/gnome-java-bridge.jar
8084d000-80850000 ---p 00000000 00:00 0 
80850000-808ce000 rw-p 00000000 00:00 0 
808ce000-808d1000 ---p 00000000 00:00 0 
808d1000-8091f000 rw-p 00000000 00:00 0 
8091f000-8095e000 r--p 00000000 08:05 1577945    /usr/lib/locale/en_IN/LC_CTYPE
8095e000-80961000 ---p 00000000 00:00 0 
80961000-809af000 rw-p 00000000 00:00 0 
809af000-809b2000 ---p 00000000 00:00 0 
809b2000-80a00000 rw-p 00000000 00:00 0 
80a00000-80a01000 ---p 00000000 00:00 0 
80a01000-80a81000 rw-p 00000000 00:00 0 
80a81000-80a83000 r--s 0001d000 08:05 1577596    /usr/lib/jvm/java-6-openjdk/jre/lib/plugin.jar
80a83000-80a88000 r--s 00045000 08:05 1577595    /usr/lib/jvm/java-6-openjdk/jre/lib/netx.jar
80a88000-80abb000 rw-p 00000000 00:00 0 
80abb000-80c4a000 r--s 038c4000 08:05 1586189    /usr/lib/jvm/java-6-openjdk/jre/lib/rt.jar
80c4a000-80c4b000 ---p 00000000 00:00 0 
80c4b000-80ccb000 rw-p 00000000 00:00 0 
80ccb000-80ccc000 ---p 00000000 00:00 0 
80ccc000-80d54000 rw-p 00000000 00:00 0 
80d54000-80d8c000 rw-p 00000000 00:00 0 
80d8c000-80d9b000 rw-p 00000000 00:00 0 
80d9b000-80e74000 rw-p 00000000 00:00 0 
80e74000-80e7c000 rw-p 00000000 00:00 0 
80e7c000-80eb4000 rw-p 00000000 00:00 0 
80eb4000-80ec3000 rw-p 00000000 00:00 0 
80ec3000-80f9b000 rw-p 00000000 00:00 0 
80f9b000-80fa3000 rw-p 00000000 00:00 0 
80fa3000-8100f000 rw-p 00000000 00:00 0 
8100f000-82010000 rw-p 00000000 00:00 0 
82010000-89010000 rw-p 00000000 00:00 0 
89010000-8acf0000 rw-p 00000000 00:00 0 
8acf0000-a5ec0000 rw-p 00000000 00:00 0 
a5ec0000-a6d30000 rw-p 00000000 00:00 0 
a6d30000-b4610000 rw-p 00000000 00:00 0 
b4611000-b461a000 rw-p 00000000 00:00 0 
b461a000-b46d1000 rw-p 00000000 00:00 0 
b46d1000-b4911000 rwxp 00000000 00:00 0 
b4911000-b76d1000 rw-p 00000000 00:00 0 
b76d1000-b76d4000 ---p 00000000 00:00 0 
b76d4000-b7725000 rw-p 00000000 00:00 0 
b772a000-b772d000 r--s 0000f000 08:05 1577575    /usr/lib/jvm/java-6-openjdk/jre/lib/ext/pulse-java.jar
b772d000-b7735000 rw-s 00000000 08:05 665576     /tmp/hsperfdata_root/3355
b7735000-b7736000 rw-p 00000000 00:00 0 
b7736000-b7737000 r--p 00000000 00:00 0 
b7737000-b7739000 rw-p 00000000 00:00 0 
bf7ed000-bf802000 rw-p 00000000 00:00 0          [stack]

VM Arguments:
jvm_args: -Dfile.encoding=UTF-8 
java_command: FileAccess.GetPacket
Launcher Type: SUN_STANDARD

Environment Variables:
PATH=/usr/local/sbin:/usr/local/bin:/usr/sbin:/usr/bin:/sbin:/bin:/usr/games
USERNAME=root
LD_LIBRARY_PATH=/usr/lib/jvm/java-6-openjdk/jre/lib/i386/server:/usr/lib/jvm/java-6-openjdk/jre/lib/i386:/usr/lib/jvm/java-6-openjdk/jre/../lib/i386:/usr/lib/jvm/java-6-openjdk/jre/lib/i386/client:/usr/lib/jvm/java-6-openjdk/jre/lib/i386:/usr/lib/jvm/java-6-openjdk/jre/../lib/i386
SHELL=/bin/bash
DISPLAY=:0.0

Signal Handlers:
SIGSEGV: [libjvm.so+0x64a040], sa_mask[0]=0x7ffbfeff, sa_flags=0x10000004
SIGBUS: [libjvm.so+0x64a040], sa_mask[0]=0x7ffbfeff, sa_flags=0x10000004
SIGFPE: [libjvm.so+0x51c0d0], sa_mask[0]=0x7ffbfeff, sa_flags=0x10000004
SIGPIPE: [libjvm.so+0x51c0d0], sa_mask[0]=0x7ffbfeff, sa_flags=0x10000004
SIGXFSZ: [libjvm.so+0x51c0d0], sa_mask[0]=0x7ffbfeff, sa_flags=0x10000004
SIGILL: [libjvm.so+0x51c0d0], sa_mask[0]=0x7ffbfeff, sa_flags=0x10000004
SIGUSR1: SIG_DFL, sa_mask[0]=0x00000000, sa_flags=0x00000000
SIGUSR2: [libjvm.so+0x51b780], sa_mask[0]=0x00000004, sa_flags=0x10000004
SIGHUP: [libjvm.so+0x51e2f0], sa_mask[0]=0x7ffbfeff, sa_flags=0x10000004
SIGINT: SIG_IGN, sa_mask[0]=0x00000000, sa_flags=0x00000000
SIGTERM: [libjvm.so+0x51e2f0], sa_mask[0]=0x7ffbfeff, sa_flags=0x10000004
SIGQUIT: [libjvm.so+0x51e2f0], sa_mask[0]=0x7ffbfeff, sa_flags=0x10000004


---------------  S Y S T E M  ---------------

OS:Ubuntu 10.04 (lucid)
uname:Linux 2.6.32-33-generic #70-Ubuntu SMP Thu Jul 7 21:09:46 UTC 2011 i686
libc:glibc 2.11.1 NPTL 2.11.1 
rlimit: STACK 8192k, CORE 0k, NPROC infinity, NOFILE 1024, AS infinity
load average:0.91 0.91 0.75

/proc/meminfo:
MemTotal:        2836956 kB
MemFree:         1264864 kB
Buffers:           91492 kB
Cached:           781848 kB
SwapCached:            0 kB
Active:           844124 kB
Inactive:         631876 kB
Active(anon):     604236 kB
Inactive(anon):     7072 kB
Active(file):     239888 kB
Inactive(file):   624804 kB
Unevictable:          32 kB
Mlocked:              32 kB
HighTotal:       1973064 kB
HighFree:         556264 kB
LowTotal:         863892 kB
LowFree:          708600 kB
SwapTotal:       3234808 kB
SwapFree:        3234808 kB
Dirty:                48 kB
Writeback:             0 kB
AnonPages:        602768 kB
Mapped:           149688 kB
Shmem:              8628 kB
Slab:              36680 kB
SReclaimable:      25068 kB
SUnreclaim:        11612 kB
KernelStack:        3008 kB
PageTables:         7872 kB
NFS_Unstable:          0 kB
Bounce:                0 kB
WritebackTmp:          0 kB
CommitLimit:     4653284 kB
Committed_AS:    1869056 kB
VmallocTotal:     122880 kB
VmallocUsed:       72996 kB
VmallocChunk:      42364 kB
HardwareCorrupted:     0 kB
HugePages_Total:       0
HugePages_Free:        0
HugePages_Rsvd:        0
HugePages_Surp:        0
Hugepagesize:       4096 kB
DirectMap4k:       12280 kB
DirectMap4M:      897024 kB


CPU:total 2 (2 cores per cpu, 1 threads per core) family 17 model 3 stepping 1, cmov, cx8, fxsr, mmx, sse, sse2, sse3, mmxext, 3dnow, 3dnowext

Memory: 4k page, physical 2836956k(1264864k free), swap 3234808k(3234808k free)

vm_info: OpenJDK Server VM (19.0-b09) for linux-x86 JRE (1.6.0_20-b20), built on Jan 21 2012 08:10:55 by "buildd" with gcc 4.4.3

time: Mon Feb 20 20:27:05 2012
elapsed time: 0 seconds

