#
# A fatal error has been detected by the Java Runtime Environment:
#
#  SIGSEGV (0xb) at pc=0x005a9e1e, pid=2536, tid=3079203696
#
# JRE version: 6.0_20-b20
# Java VM: OpenJDK Server VM (19.0-b09 mixed mode linux-x86 )
# Derivative: IcedTea6 1.9.10
# Distribution: Ubuntu 10.04.1 LTS, package 6b20-1.9.10-0ubuntu1~10.04.3
# Problematic frame:
# C  [libgraph.so+0xe1e]  fillgraphobject+0x2c
#
# If you would like to submit a bug report, please include
# instructions how to reproduce the bug and visit:
#   https://bugs.launchpad.net/ubuntu/+source/openjdk-6/
# The crash happened outside the Java Virtual Machine in native code.
# See problematic frame for where to report the bug.
#

---------------  T H R E A D  ---------------

Current thread (0x096d7000):  JavaThread "main" [_thread_in_native, id=2540, stack(0xb783e000,0xb788f000)]

siginfo:si_signo=SIGSEGV: si_errno=0, si_code=2 (SEGV_ACCERR), si_addr=0x00cb5160

Registers:
EAX=0x00000000, EBX=0x0000008b, ECX=0x00cb5160, EDX=0x00000000
ESP=0xb788de30, EBP=0xb788de78, ESI=0x0000003b, EDI=0xb788dff0
EIP=0x005a9e1e, CR2=0x00cb5160, EFLAGS=0x00010286

Register to memory mapping:

EAX=0x00000000
0x00000000 is pointing to unknown location

EBX=0x0000008b
0x0000008b is pointing to unknown location

ECX=0x00cb5160
0x00cb5160: _IO_printf+0x30 in /lib/tls/i686/cmov/libc.so.6 at 0x00c6e000

EDX=0x00000000
0x00000000 is pointing to unknown location

ESP=0xb788de30
0xb788de30 is pointing into the stack for thread: 0x096d7000
"main" prio=10 tid=0x096d7000 nid=0x9ec runnable [0xb788e000]
   java.lang.Thread.State: RUNNABLE

EBP=0xb788de78
0xb788de78 is pointing into the stack for thread: 0x096d7000
"main" prio=10 tid=0x096d7000 nid=0x9ec runnable [0xb788e000]
   java.lang.Thread.State: RUNNABLE

ESI=0x0000003b
0x0000003b is pointing to unknown location

EDI=0xb788dff0
0xb788dff0 is pointing into the stack for thread: 0x096d7000
"main" prio=10 tid=0x096d7000 nid=0x9ec runnable [0xb788e000]
   java.lang.Thread.State: RUNNABLE


Top of Stack: (sp=0xb788de30)
0xb788de30:   00000007 00dc3ff4 005aa015 b788de4c
0xb788de40:   00000000 00dc3ff4 b788de68 096d7000
0xb788de50:   00000000 b788dff0 b788de78 00000000
0xb788de60:   00000007 00cb5160 00dc44e0 0000008b
0xb788de70:   0000003b b788dff0 b788e008 005a9dd6
0xb788de80:   0975de50 b788def0 096d7118 b788e04c
0xb788de90:   0000003b 00000000 00000009 000000ad
0xb788dea0:   00000063 00000063 01bba4dc 744b0e1d 

Instructions: (pc=0x005a9e1e)
0x005a9e0e:   e4 89 d0 c1 e0 02 01 d0 c1 e0 02 03 45 0c 8b 00
0x005a9e1e:   89 01 83 45 e4 01 83 7d e4 04 7e d7 c7 45 e4 00 

Stack: [0xb783e000,0xb788f000],  sp=0xb788de30,  free space=319k
Native frames: (J=compiled Java code, j=interpreted, Vv=VM code, C=native code)
C  [libgraph.so+0xe1e]  fillgraphobject+0x2c
C  [libgraph.so+0xdd6]  Java_FileAccess_graph_fillips+0x56e
j  FileAccess.graph.fillips()V+0
j  FileAccess.graph.main([Ljava/lang/String;)V+9
v  ~StubRoutines::call_stub
V  [libjvm.so+0x387d72]
V  [libjvm.so+0x519369]
V  [libjvm.so+0x386caf]
V  [libjvm.so+0x39214c]
V  [libjvm.so+0x3a11ad]
C  [java+0x321d]  JavaMain+0xd4d
C  [libpthread.so.0+0x596e]

Java frames: (J=compiled Java code, j=interpreted, Vv=VM code)
j  FileAccess.graph.fillips()V+0
j  FileAccess.graph.main([Ljava/lang/String;)V+9
v  ~StubRoutines::call_stub

---------------  P R O C E S S  ---------------

Java Threads: ( => current thread )
  0x80802c00 JavaThread "Low Memory Detector" daemon [_thread_blocked, id=2549, stack(0x807af000,0x80800000)]
  0x80801000 JavaThread "CompilerThread1" daemon [_thread_blocked, id=2548, stack(0x8092c000,0x809ad000)]
  0x09776800 JavaThread "CompilerThread0" daemon [_thread_blocked, id=2547, stack(0x809ad000,0x80a2e000)]
  0x09775000 JavaThread "Signal Dispatcher" daemon [_thread_blocked, id=2546, stack(0x80a2e000,0x80a7f000)]
  0x09762000 JavaThread "Finalizer" daemon [_thread_blocked, id=2545, stack(0x80abe000,0x80b0f000)]
  0x09760c00 JavaThread "Reference Handler" daemon [_thread_blocked, id=2544, stack(0x80b0f000,0x80b60000)]
=>0x096d7000 JavaThread "main" [_thread_in_native, id=2540, stack(0xb783e000,0xb788f000)]

Other Threads:
  0x0975cc00 VMThread [stack: 0x80b60000,0x80be1000] [id=2543]
  0x80804c00 WatcherThread [stack: 0x8072e000,0x807af000] [id=2550]

VM state:not at safepoint (normal execution)

VM Mutex/Monitor currently owned by a thread: None

Heap
 PSYoungGen      total 12992K, used 448K [0xa6020000, 0xa6e90000, 0xb4770000)
  eden space 11200K, 4% used [0xa6020000,0xa6090068,0xa6b10000)
  from space 1792K, 0% used [0xa6cd0000,0xa6cd0000,0xa6e90000)
  to   space 1792K, 0% used [0xa6b10000,0xa6b10000,0xa6cd0000)
 PSOldGen        total 29568K, used 0K [0x89170000, 0x8ae50000, 0xa6020000)
  object space 29568K, 0% used [0x89170000,0x89170000,0x8ae50000)
 PSPermGen       total 16384K, used 1930K [0x81170000, 0x82170000, 0x89170000)
  object space 16384K, 11% used [0x81170000,0x81352a88,0x82170000)

Dynamic libraries:
00110000-00117000 r-xp 00000000 08:05 527227     /lib/tls/i686/cmov/librt-2.11.1.so
00117000-00118000 r--p 00006000 08:05 527227     /lib/tls/i686/cmov/librt-2.11.1.so
00118000-00119000 rw-p 00007000 08:05 527227     /lib/tls/i686/cmov/librt-2.11.1.so
00119000-0013d000 r-xp 00000000 08:05 1586209    /usr/lib/jvm/java-6-openjdk/jre/lib/i386/libjava.so
0013d000-0013e000 r--p 00023000 08:05 1586209    /usr/lib/jvm/java-6-openjdk/jre/lib/i386/libjava.so
0013e000-00140000 rw-p 00024000 08:05 1586209    /usr/lib/jvm/java-6-openjdk/jre/lib/i386/libjava.so
001c9000-001dc000 r-xp 00000000 08:05 523463     /lib/libz.so.1.2.3.3
001dc000-001dd000 r--p 00012000 08:05 523463     /lib/libz.so.1.2.3.3
001dd000-001de000 rw-p 00013000 08:05 523463     /lib/libz.so.1.2.3.3
0030a000-0030b000 r-xp 00000000 00:00 0          [vdso]
003e4000-003f0000 r-xp 00000000 08:05 1586225    /usr/lib/jvm/java-6-openjdk/jre/lib/i386/libverify.so
003f0000-003f1000 r--p 0000b000 08:05 1586225    /usr/lib/jvm/java-6-openjdk/jre/lib/i386/libverify.so
003f1000-003f2000 rw-p 0000c000 08:05 1586225    /usr/lib/jvm/java-6-openjdk/jre/lib/i386/libverify.so
0045f000-0047a000 r-xp 00000000 08:05 523290     /lib/ld-2.11.1.so
0047a000-0047b000 r--p 0001a000 08:05 523290     /lib/ld-2.11.1.so
0047b000-0047c000 rw-p 0001b000 08:05 523290     /lib/ld-2.11.1.so
00578000-0057b000 r-xp 00000000 08:05 1586197    /usr/lib/jvm/java-6-openjdk/jre/lib/i386/jli/libjli.so
0057b000-0057c000 r--p 00003000 08:05 1586197    /usr/lib/jvm/java-6-openjdk/jre/lib/i386/jli/libjli.so
0057c000-0057d000 rw-p 00004000 08:05 1586197    /usr/lib/jvm/java-6-openjdk/jre/lib/i386/jli/libjli.so
005a9000-005ab000 r-xp 00000000 08:05 1591687    /usr/lib/libgraph.so
005ab000-005ac000 r--p 00001000 08:05 1591687    /usr/lib/libgraph.so
005ac000-005ad000 rw-p 00002000 08:05 1591687    /usr/lib/libgraph.so
006eb000-006f2000 r-xp 00000000 08:05 1586228    /usr/lib/jvm/java-6-openjdk/jre/lib/i386/native_threads/libhpi.so
006f2000-006f3000 r--p 00006000 08:05 1586228    /usr/lib/jvm/java-6-openjdk/jre/lib/i386/native_threads/libhpi.so
006f3000-006f4000 rw-p 00007000 08:05 1586228    /usr/lib/jvm/java-6-openjdk/jre/lib/i386/native_threads/libhpi.so
008f5000-00908000 r-xp 00000000 08:05 527208     /lib/tls/i686/cmov/libnsl-2.11.1.so
00908000-00909000 r--p 00012000 08:05 527208     /lib/tls/i686/cmov/libnsl-2.11.1.so
00909000-0090a000 rw-p 00013000 08:05 527208     /lib/tls/i686/cmov/libnsl-2.11.1.so
0090a000-0090c000 rw-p 00000000 00:00 0 
00960000-00968000 r-xp 00000000 08:05 527218     /lib/tls/i686/cmov/libnss_nis-2.11.1.so
00968000-00969000 r--p 00007000 08:05 527218     /lib/tls/i686/cmov/libnss_nis-2.11.1.so
00969000-0096a000 rw-p 00008000 08:05 527218     /lib/tls/i686/cmov/libnss_nis-2.11.1.so
00bf6000-00c00000 r-xp 00000000 08:05 527214     /lib/tls/i686/cmov/libnss_files-2.11.1.so
00c00000-00c01000 r--p 00009000 08:05 527214     /lib/tls/i686/cmov/libnss_files-2.11.1.so
00c01000-00c02000 rw-p 0000a000 08:05 527214     /lib/tls/i686/cmov/libnss_files-2.11.1.so
00c6e000-00dc1000 r-xp 00000000 08:05 527197     /lib/tls/i686/cmov/libc-2.11.1.so
00dc1000-00dc2000 ---p 00153000 08:05 527197     /lib/tls/i686/cmov/libc-2.11.1.so
00dc2000-00dc4000 r--p 00153000 08:05 527197     /lib/tls/i686/cmov/libc-2.11.1.so
00dc4000-00dc5000 rw-p 00155000 08:05 527197     /lib/tls/i686/cmov/libc-2.11.1.so
00dc5000-00dc8000 rw-p 00000000 00:00 0 
00e38000-00e3a000 r-xp 00000000 08:05 527203     /lib/tls/i686/cmov/libdl-2.11.1.so
00e3a000-00e3b000 r--p 00001000 08:05 527203     /lib/tls/i686/cmov/libdl-2.11.1.so
00e3b000-00e3c000 rw-p 00002000 08:05 527203     /lib/tls/i686/cmov/libdl-2.11.1.so
00e48000-00e4f000 r-xp 00000000 08:05 1586226    /usr/lib/jvm/java-6-openjdk/jre/lib/i386/libzip.so
00e4f000-00e50000 r--p 00006000 08:05 1586226    /usr/lib/jvm/java-6-openjdk/jre/lib/i386/libzip.so
00e50000-00e51000 rw-p 00007000 08:05 1586226    /usr/lib/jvm/java-6-openjdk/jre/lib/i386/libzip.so
00f1f000-00f25000 r-xp 00000000 08:05 527210     /lib/tls/i686/cmov/libnss_compat-2.11.1.so
00f25000-00f26000 r--p 00006000 08:05 527210     /lib/tls/i686/cmov/libnss_compat-2.11.1.so
00f26000-00f27000 rw-p 00007000 08:05 527210     /lib/tls/i686/cmov/libnss_compat-2.11.1.so
00f89000-00fad000 r-xp 00000000 08:05 527205     /lib/tls/i686/cmov/libm-2.11.1.so
00fad000-00fae000 r--p 00023000 08:05 527205     /lib/tls/i686/cmov/libm-2.11.1.so
00fae000-00faf000 rw-p 00024000 08:05 527205     /lib/tls/i686/cmov/libm-2.11.1.so
00fd5000-00fea000 r-xp 00000000 08:05 527223     /lib/tls/i686/cmov/libpthread-2.11.1.so
00fea000-00feb000 r--p 00014000 08:05 527223     /lib/tls/i686/cmov/libpthread-2.11.1.so
00feb000-00fec000 rw-p 00015000 08:05 527223     /lib/tls/i686/cmov/libpthread-2.11.1.so
00fec000-00fee000 rw-p 00000000 00:00 0 
00fee000-016b3000 r-xp 00000000 08:05 1586230    /usr/lib/jvm/java-6-openjdk/jre/lib/i386/server/libjvm.so
016b3000-016b4000 ---p 006c5000 08:05 1586230    /usr/lib/jvm/java-6-openjdk/jre/lib/i386/server/libjvm.so
016b4000-016f9000 r--p 006c5000 08:05 1586230    /usr/lib/jvm/java-6-openjdk/jre/lib/i386/server/libjvm.so
016f9000-01708000 rw-p 0070a000 08:05 1586230    /usr/lib/jvm/java-6-openjdk/jre/lib/i386/server/libjvm.so
01708000-01b27000 rw-p 00000000 00:00 0 
08048000-08051000 r-xp 00000000 08:05 1586258    /usr/lib/jvm/java-6-openjdk/jre/bin/java
08051000-08052000 r--p 00008000 08:05 1586258    /usr/lib/jvm/java-6-openjdk/jre/bin/java
08052000-08053000 rw-p 00009000 08:05 1586258    /usr/lib/jvm/java-6-openjdk/jre/bin/java
096d0000-0977d000 rw-p 00000000 00:00 0          [heap]
8072e000-8072f000 ---p 00000000 00:00 0 
8072f000-807af000 rw-p 00000000 00:00 0 
807af000-807b2000 ---p 00000000 00:00 0 
807b2000-80800000 rw-p 00000000 00:00 0 
80800000-80821000 rw-p 00000000 00:00 0 
80821000-80900000 ---p 00000000 00:00 0 
8092c000-8092f000 ---p 00000000 00:00 0 
8092f000-809ad000 rw-p 00000000 00:00 0 
809ad000-809b0000 ---p 00000000 00:00 0 
809b0000-80a2e000 rw-p 00000000 00:00 0 
80a2e000-80a31000 ---p 00000000 00:00 0 
80a31000-80a7f000 rw-p 00000000 00:00 0 
80a7f000-80abe000 r--p 00000000 08:05 1577945    /usr/lib/locale/en_IN/LC_CTYPE
80abe000-80ac1000 ---p 00000000 00:00 0 
80ac1000-80b0f000 rw-p 00000000 00:00 0 
80b0f000-80b12000 ---p 00000000 00:00 0 
80b12000-80b60000 rw-p 00000000 00:00 0 
80b60000-80b61000 ---p 00000000 00:00 0 
80b61000-80be1000 rw-p 00000000 00:00 0 
80be1000-80be3000 r--s 0001d000 08:05 1577596    /usr/lib/jvm/java-6-openjdk/jre/lib/plugin.jar
80be3000-80be8000 r--s 00045000 08:05 1577595    /usr/lib/jvm/java-6-openjdk/jre/lib/netx.jar
80be8000-80c1b000 rw-p 00000000 00:00 0 
80c1b000-80daa000 r--s 038c4000 08:05 1586189    /usr/lib/jvm/java-6-openjdk/jre/lib/rt.jar
80daa000-80dab000 ---p 00000000 00:00 0 
80dab000-80e2b000 rw-p 00000000 00:00 0 
80e2b000-80e2c000 ---p 00000000 00:00 0 
80e2c000-80eb4000 rw-p 00000000 00:00 0 
80eb4000-80eec000 rw-p 00000000 00:00 0 
80eec000-80efb000 rw-p 00000000 00:00 0 
80efb000-80fd4000 rw-p 00000000 00:00 0 
80fd4000-80fdc000 rw-p 00000000 00:00 0 
80fdc000-81014000 rw-p 00000000 00:00 0 
81014000-81023000 rw-p 00000000 00:00 0 
81023000-810fb000 rw-p 00000000 00:00 0 
810fb000-81103000 rw-p 00000000 00:00 0 
81103000-8116f000 rw-p 00000000 00:00 0 
8116f000-82170000 rw-p 00000000 00:00 0 
82170000-89170000 rw-p 00000000 00:00 0 
89170000-8ae50000 rw-p 00000000 00:00 0 
8ae50000-a6020000 rw-p 00000000 00:00 0 
a6020000-a6e90000 rw-p 00000000 00:00 0 
a6e90000-b4770000 rw-p 00000000 00:00 0 
b4774000-b4775000 rw-p 00000000 00:00 0 
b4775000-b477e000 r--s 00065000 08:05 6219       /usr/share/java/gnome-java-bridge.jar
b477e000-b4787000 rw-p 00000000 00:00 0 
b4787000-b483e000 rw-p 00000000 00:00 0 
b483e000-b4a7e000 rwxp 00000000 00:00 0 
b4a7e000-b783e000 rw-p 00000000 00:00 0 
b783e000-b7841000 ---p 00000000 00:00 0 
b7841000-b7892000 rw-p 00000000 00:00 0 
b7897000-b789a000 r--s 0000f000 08:05 1577575    /usr/lib/jvm/java-6-openjdk/jre/lib/ext/pulse-java.jar
b789a000-b78a2000 rw-s 00000000 08:05 665598     /tmp/hsperfdata_root/2536
b78a2000-b78a3000 rw-p 00000000 00:00 0 
b78a3000-b78a4000 r--p 00000000 00:00 0 
b78a4000-b78a6000 rw-p 00000000 00:00 0 
bfca8000-bfcbd000 rw-p 00000000 00:00 0          [stack]

VM Arguments:
jvm_args: -Dfile.encoding=UTF-8 
java_command: FileAccess.graph
Launcher Type: SUN_STANDARD

Environment Variables:
PATH=/usr/local/sbin:/usr/local/bin:/usr/sbin:/usr/bin:/sbin:/bin:/usr/games
USERNAME=root
LD_LIBRARY_PATH=/usr/lib/jvm/java-6-openjdk/jre/lib/i386/server:/usr/lib/jvm/java-6-openjdk/jre/lib/i386:/usr/lib/jvm/java-6-openjdk/jre/../lib/i386:/usr/lib/jvm/java-6-openjdk/jre/lib/i386/client:/usr/lib/jvm/java-6-openjdk/jre/lib/i386:/usr/lib/jvm/java-6-openjdk/jre/../lib/i386
SHELL=/bin/bash
DISPLAY=:0.0

Signal Handlers:
SIGSEGV: [libjvm.so+0x64a040], sa_mask[0]=0x7ffbfeff, sa_flags=0x10000004
SIGBUS: [libjvm.so+0x64a040], sa_mask[0]=0x7ffbfeff, sa_flags=0x10000004
SIGFPE: [libjvm.so+0x51c0d0], sa_mask[0]=0x7ffbfeff, sa_flags=0x10000004
SIGPIPE: [libjvm.so+0x51c0d0], sa_mask[0]=0x7ffbfeff, sa_flags=0x10000004
SIGXFSZ: [libjvm.so+0x51c0d0], sa_mask[0]=0x7ffbfeff, sa_flags=0x10000004
SIGILL: [libjvm.so+0x51c0d0], sa_mask[0]=0x7ffbfeff, sa_flags=0x10000004
SIGUSR1: SIG_DFL, sa_mask[0]=0x00000000, sa_flags=0x00000000
SIGUSR2: [libjvm.so+0x51b780], sa_mask[0]=0x00000004, sa_flags=0x10000004
SIGHUP: [libjvm.so+0x51e2f0], sa_mask[0]=0x7ffbfeff, sa_flags=0x10000004
SIGINT: SIG_IGN, sa_mask[0]=0x00000000, sa_flags=0x00000000
SIGTERM: [libjvm.so+0x51e2f0], sa_mask[0]=0x7ffbfeff, sa_flags=0x10000004
SIGQUIT: [libjvm.so+0x51e2f0], sa_mask[0]=0x7ffbfeff, sa_flags=0x10000004


---------------  S Y S T E M  ---------------

OS:Ubuntu 10.04 (lucid)
uname:Linux 2.6.32-33-generic #70-Ubuntu SMP Thu Jul 7 21:09:46 UTC 2011 i686
libc:glibc 2.11.1 NPTL 2.11.1 
rlimit: STACK 8192k, CORE 0k, NPROC infinity, NOFILE 1024, AS infinity
load average:0.39 0.47 0.35

/proc/meminfo:
MemTotal:        2836956 kB
MemFree:         1737972 kB
Buffers:           57500 kB
Cached:           499296 kB
SwapCached:            0 kB
Active:           575292 kB
Inactive:         439180 kB
Active(anon):     458072 kB
Inactive(anon):     5340 kB
Active(file):     117220 kB
Inactive(file):   433840 kB
Unevictable:           0 kB
Mlocked:               0 kB
HighTotal:       1973064 kB
HighFree:         986544 kB
LowTotal:         863892 kB
LowFree:          751428 kB
SwapTotal:       3234808 kB
SwapFree:        3234808 kB
Dirty:               164 kB
Writeback:             0 kB
AnonPages:        457688 kB
Mapped:           118564 kB
Shmem:              5740 kB
Slab:              28440 kB
SReclaimable:      18128 kB
SUnreclaim:        10312 kB
KernelStack:        2480 kB
PageTables:         5940 kB
NFS_Unstable:          0 kB
Bounce:                0 kB
WritebackTmp:          0 kB
CommitLimit:     4653284 kB
Committed_AS:    1313060 kB
VmallocTotal:     122880 kB
VmallocUsed:       72908 kB
VmallocChunk:      41852 kB
HardwareCorrupted:     0 kB
HugePages_Total:       0
HugePages_Free:        0
HugePages_Rsvd:        0
HugePages_Surp:        0
Hugepagesize:       4096 kB
DirectMap4k:       12280 kB
DirectMap4M:      897024 kB


CPU:total 2 (2 cores per cpu, 1 threads per core) family 17 model 3 stepping 1, cmov, cx8, fxsr, mmx, sse, sse2, sse3, mmxext, 3dnow, 3dnowext

Memory: 4k page, physical 2836956k(1737972k free), swap 3234808k(3234808k free)

vm_info: OpenJDK Server VM (19.0-b09) for linux-x86 JRE (1.6.0_20-b20), built on Jan 21 2012 08:10:55 by "buildd" with gcc 4.4.3

time: Fri Mar  2 08:20:34 2012
elapsed time: 0 seconds

