#
# A fatal error has been detected by the Java Runtime Environment:
#
#  SIGSEGV (0xb) at pc=0x00bbfbb7, pid=3546, tid=3078294384
#
# JRE version: 6.0_20-b20
# Java VM: OpenJDK Server VM (19.0-b09 mixed mode linux-x86 )
# Derivative: IcedTea6 1.9.10
# Distribution: Ubuntu 10.04.1 LTS, package 6b20-1.9.10-0ubuntu1~10.04.3
# Problematic frame:
# V  [libjvm.so+0x3acbb7]
#
# If you would like to submit a bug report, please include
# instructions how to reproduce the bug and visit:
#   https://bugs.launchpad.net/ubuntu/+source/openjdk-6/
#

---------------  T H R E A D  ---------------

Current thread (0x09ff0000):  JavaThread "main" [_thread_in_vm, id=3550, stack(0xb7760000,0xb77b1000)]

siginfo:si_signo=SIGSEGV: si_errno=0, si_code=1 (SEGV_MAPERR), si_addr=0x00000000

Registers:
EAX=0x00000000, EBX=0x00f1dff4, ECX=0x09ff08cc, EDX=0x09ff0000
ESP=0xb77afeb0, EBP=0xb77afeb8, ESI=0xb77afef0, EDI=0xb77aff0c
EIP=0x00bbfbb7, CR2=0x00000000, EFLAGS=0x00010212

Register to memory mapping:

EAX=0x00000000
0x00000000 is pointing to unknown location

EBX=0x00f1dff4
0x00f1dff4: <offset 0x70aff4> in /usr/lib/jvm/java-6-openjdk/jre/lib/i386/server/libjvm.so at 0x00813000

ECX=0x09ff08cc
0x09ff08cc is pointing to unknown location

EDX=0x09ff0000
"main" prio=10 tid=0x09ff0000 nid=0xdde runnable [0xb77af000]
   java.lang.Thread.State: RUNNABLE

ESP=0xb77afeb0
0xb77afeb0 is pointing into the stack for thread: 0x09ff0000
"main" prio=10 tid=0x09ff0000 nid=0xdde runnable [0xb77af000]
   java.lang.Thread.State: RUNNABLE

EBP=0xb77afeb8
0xb77afeb8 is pointing into the stack for thread: 0x09ff0000
"main" prio=10 tid=0x09ff0000 nid=0xdde runnable [0xb77af000]
   java.lang.Thread.State: RUNNABLE

ESI=0xb77afef0
0xb77afef0 is pointing into the stack for thread: 0x09ff0000
"main" prio=10 tid=0x09ff0000 nid=0xdde runnable [0xb77af000]
   java.lang.Thread.State: RUNNABLE

EDI=0xb77aff0c
0xb77aff0c is pointing into the stack for thread: 0x09ff0000
"main" prio=10 tid=0x09ff0000 nid=0xdde runnable [0xb77af000]
   java.lang.Thread.State: RUNNABLE


Top of Stack: (sp=0xb77afeb0)
0xb77afeb0:   00f1dff4 09ff0000 b77aff48 00bbdc62
0xb77afec0:   b77afef0 09ff0000 00000000 b77aff5c
0xb77afed0:   b77aff0c 09ff0000 00f38c00 00f38c00
0xb77afee0:   09ff0000 b77aff1c b77aff48 b77afef0
0xb77afef0:   b77aff2c 09ff0000 00f38c00 00f38c00
0xb77aff00:   b4762688 00000000 b77b003c 09ff0000
0xb77aff10:   09ff08c8 000004c4 00ea9ac4 0000000e
0xb77aff20:   00000000 09ff08e8 09ff0000 09ff0000 

Instructions: (pc=0x00bbfbb7)
0x00bbfba7:   00 00 00 5b 81 c3 4a e4 35 00 8b 45 10 8b 75 08
0x00bbfbb7:   8b 00 51 8b 50 08 8b 40 0c 66 8b 52 2a 81 e2 ff 

Stack: [0xb7760000,0xb77b1000],  sp=0xb77afeb0,  free space=319k
Native frames: (J=compiled Java code, j=interpreted, Vv=VM code, C=native code)
V  [libjvm.so+0x3acbb7]
V  [libjvm.so+0x3aac62]
C  [libstatus.so+0xfaa]  Java_FileAccess_ChangeStatus_startCapture+0xc6
j  FileAccess.ChangeStatus.startCapture()V+0
j  FileAccess.ChangeStatus.start(Ljava/lang/String;LCore/VirtualMachine;)V+55
j  FileAccess.ChangeStatus.main([Ljava/lang/String;)V+64
v  ~StubRoutines::call_stub
V  [libjvm.so+0x387d72]
V  [libjvm.so+0x519369]
V  [libjvm.so+0x386caf]
V  [libjvm.so+0x39214c]
V  [libjvm.so+0x3a11ad]
C  [java+0x321d]  JavaMain+0xd4d
C  [libpthread.so.0+0x596e]

Java frames: (J=compiled Java code, j=interpreted, Vv=VM code)
j  FileAccess.ChangeStatus.startCapture()V+0
j  FileAccess.ChangeStatus.start(Ljava/lang/String;LCore/VirtualMachine;)V+55
j  FileAccess.ChangeStatus.main([Ljava/lang/String;)V+64
v  ~StubRoutines::call_stub

---------------  P R O C E S S  ---------------

Java Threads: ( => current thread )
  0x0a095000 JavaThread "Low Memory Detector" daemon [_thread_blocked, id=3559, stack(0x8080b000,0x8085c000)]
  0x0a091800 JavaThread "CompilerThread1" daemon [_thread_blocked, id=3558, stack(0x8085c000,0x808dd000)]
  0x0a08f800 JavaThread "CompilerThread0" daemon [_thread_blocked, id=3557, stack(0x808dd000,0x8095e000)]
  0x0a08e400 JavaThread "Signal Dispatcher" daemon [_thread_blocked, id=3556, stack(0x8095e000,0x809af000)]
  0x0a07b400 JavaThread "Finalizer" daemon [_thread_blocked, id=3555, stack(0x809ee000,0x80a3f000)]
  0x0a079c00 JavaThread "Reference Handler" daemon [_thread_blocked, id=3554, stack(0x80a3f000,0x80a90000)]
=>0x09ff0000 JavaThread "main" [_thread_in_vm, id=3550, stack(0xb7760000,0xb77b1000)]

Other Threads:
  0x0a075c00 VMThread [stack: 0x80a90000,0x80b11000] [id=3553]
  0x0a096c00 WatcherThread [stack: 0x8078a000,0x8080b000] [id=3560]

VM state:not at safepoint (normal execution)

VM Mutex/Monitor currently owned by a thread: None

Heap
 PSYoungGen      total 12992K, used 448K [0xa5f50000, 0xa6dc0000, 0xb46a0000)
  eden space 11200K, 4% used [0xa5f50000,0xa5fc0068,0xa6a40000)
  from space 1792K, 0% used [0xa6c00000,0xa6c00000,0xa6dc0000)
  to   space 1792K, 0% used [0xa6a40000,0xa6a40000,0xa6c00000)
 PSOldGen        total 29568K, used 0K [0x890a0000, 0x8ad80000, 0xa5f50000)
  object space 29568K, 0% used [0x890a0000,0x890a0000,0x8ad80000)
 PSPermGen       total 16384K, used 1951K [0x810a0000, 0x820a0000, 0x890a0000)
  object space 16384K, 11% used [0x810a0000,0x81287d70,0x820a0000)

Dynamic libraries:
00110000-00117000 r-xp 00000000 08:05 527227     /lib/tls/i686/cmov/librt-2.11.1.so
00117000-00118000 r--p 00006000 08:05 527227     /lib/tls/i686/cmov/librt-2.11.1.so
00118000-00119000 rw-p 00007000 08:05 527227     /lib/tls/i686/cmov/librt-2.11.1.so
00119000-00125000 r-xp 00000000 08:05 1586225    /usr/lib/jvm/java-6-openjdk/jre/lib/i386/libverify.so
00125000-00126000 r--p 0000b000 08:05 1586225    /usr/lib/jvm/java-6-openjdk/jre/lib/i386/libverify.so
00126000-00127000 rw-p 0000c000 08:05 1586225    /usr/lib/jvm/java-6-openjdk/jre/lib/i386/libverify.so
00127000-0014b000 r-xp 00000000 08:05 1586209    /usr/lib/jvm/java-6-openjdk/jre/lib/i386/libjava.so
0014b000-0014c000 r--p 00023000 08:05 1586209    /usr/lib/jvm/java-6-openjdk/jre/lib/i386/libjava.so
0014c000-0014e000 rw-p 00024000 08:05 1586209    /usr/lib/jvm/java-6-openjdk/jre/lib/i386/libjava.so
0014e000-00161000 r-xp 00000000 08:05 527208     /lib/tls/i686/cmov/libnsl-2.11.1.so
00161000-00162000 r--p 00012000 08:05 527208     /lib/tls/i686/cmov/libnsl-2.11.1.so
00162000-00163000 rw-p 00013000 08:05 527208     /lib/tls/i686/cmov/libnsl-2.11.1.so
00163000-00165000 rw-p 00000000 00:00 0 
00165000-0016b000 r-xp 00000000 08:05 527210     /lib/tls/i686/cmov/libnss_compat-2.11.1.so
0016b000-0016c000 r--p 00006000 08:05 527210     /lib/tls/i686/cmov/libnss_compat-2.11.1.so
0016c000-0016d000 rw-p 00007000 08:05 527210     /lib/tls/i686/cmov/libnss_compat-2.11.1.so
0016d000-00175000 r-xp 00000000 08:05 527218     /lib/tls/i686/cmov/libnss_nis-2.11.1.so
00175000-00176000 r--p 00007000 08:05 527218     /lib/tls/i686/cmov/libnss_nis-2.11.1.so
00176000-00177000 rw-p 00008000 08:05 527218     /lib/tls/i686/cmov/libnss_nis-2.11.1.so
00177000-00181000 r-xp 00000000 08:05 527214     /lib/tls/i686/cmov/libnss_files-2.11.1.so
00181000-00182000 r--p 00009000 08:05 527214     /lib/tls/i686/cmov/libnss_files-2.11.1.so
00182000-00183000 rw-p 0000a000 08:05 527214     /lib/tls/i686/cmov/libnss_files-2.11.1.so
00183000-0018a000 r-xp 00000000 08:05 1586226    /usr/lib/jvm/java-6-openjdk/jre/lib/i386/libzip.so
0018a000-0018b000 r--p 00006000 08:05 1586226    /usr/lib/jvm/java-6-openjdk/jre/lib/i386/libzip.so
0018b000-0018c000 rw-p 00007000 08:05 1586226    /usr/lib/jvm/java-6-openjdk/jre/lib/i386/libzip.so
00208000-0020a000 r-xp 00000000 08:05 1590440    /usr/lib/libstatus.so
0020a000-0020b000 r--p 00001000 08:05 1590440    /usr/lib/libstatus.so
0020b000-0020c000 rw-p 00002000 08:05 1590440    /usr/lib/libstatus.so
00268000-0027d000 r-xp 00000000 08:05 527223     /lib/tls/i686/cmov/libpthread-2.11.1.so
0027d000-0027e000 r--p 00014000 08:05 527223     /lib/tls/i686/cmov/libpthread-2.11.1.so
0027e000-0027f000 rw-p 00015000 08:05 527223     /lib/tls/i686/cmov/libpthread-2.11.1.so
0027f000-00281000 rw-p 00000000 00:00 0 
00281000-003d4000 r-xp 00000000 08:05 527197     /lib/tls/i686/cmov/libc-2.11.1.so
003d4000-003d5000 ---p 00153000 08:05 527197     /lib/tls/i686/cmov/libc-2.11.1.so
003d5000-003d7000 r--p 00153000 08:05 527197     /lib/tls/i686/cmov/libc-2.11.1.so
003d7000-003d8000 rw-p 00155000 08:05 527197     /lib/tls/i686/cmov/libc-2.11.1.so
003d8000-003db000 rw-p 00000000 00:00 0 
00417000-0043b000 r-xp 00000000 08:05 527205     /lib/tls/i686/cmov/libm-2.11.1.so
0043b000-0043c000 r--p 00023000 08:05 527205     /lib/tls/i686/cmov/libm-2.11.1.so
0043c000-0043d000 rw-p 00024000 08:05 527205     /lib/tls/i686/cmov/libm-2.11.1.so
004b4000-004b7000 r-xp 00000000 08:05 1586197    /usr/lib/jvm/java-6-openjdk/jre/lib/i386/jli/libjli.so
004b7000-004b8000 r--p 00003000 08:05 1586197    /usr/lib/jvm/java-6-openjdk/jre/lib/i386/jli/libjli.so
004b8000-004b9000 rw-p 00004000 08:05 1586197    /usr/lib/jvm/java-6-openjdk/jre/lib/i386/jli/libjli.so
0051c000-00537000 r-xp 00000000 08:05 523290     /lib/ld-2.11.1.so
00537000-00538000 r--p 0001a000 08:05 523290     /lib/ld-2.11.1.so
00538000-00539000 rw-p 0001b000 08:05 523290     /lib/ld-2.11.1.so
006f1000-006f2000 r-xp 00000000 00:00 0          [vdso]
0070d000-00714000 r-xp 00000000 08:05 1586228    /usr/lib/jvm/java-6-openjdk/jre/lib/i386/native_threads/libhpi.so
00714000-00715000 r--p 00006000 08:05 1586228    /usr/lib/jvm/java-6-openjdk/jre/lib/i386/native_threads/libhpi.so
00715000-00716000 rw-p 00007000 08:05 1586228    /usr/lib/jvm/java-6-openjdk/jre/lib/i386/native_threads/libhpi.so
00752000-00754000 r-xp 00000000 08:05 527203     /lib/tls/i686/cmov/libdl-2.11.1.so
00754000-00755000 r--p 00001000 08:05 527203     /lib/tls/i686/cmov/libdl-2.11.1.so
00755000-00756000 rw-p 00002000 08:05 527203     /lib/tls/i686/cmov/libdl-2.11.1.so
007fe000-00811000 r-xp 00000000 08:05 523463     /lib/libz.so.1.2.3.3
00811000-00812000 r--p 00012000 08:05 523463     /lib/libz.so.1.2.3.3
00812000-00813000 rw-p 00013000 08:05 523463     /lib/libz.so.1.2.3.3
00813000-00ed8000 r-xp 00000000 08:05 1586230    /usr/lib/jvm/java-6-openjdk/jre/lib/i386/server/libjvm.so
00ed8000-00ed9000 ---p 006c5000 08:05 1586230    /usr/lib/jvm/java-6-openjdk/jre/lib/i386/server/libjvm.so
00ed9000-00f1e000 r--p 006c5000 08:05 1586230    /usr/lib/jvm/java-6-openjdk/jre/lib/i386/server/libjvm.so
00f1e000-00f2d000 rw-p 0070a000 08:05 1586230    /usr/lib/jvm/java-6-openjdk/jre/lib/i386/server/libjvm.so
00f2d000-0134c000 rw-p 00000000 00:00 0 
08048000-08051000 r-xp 00000000 08:05 1586258    /usr/lib/jvm/java-6-openjdk/jre/bin/java
08051000-08052000 r--p 00008000 08:05 1586258    /usr/lib/jvm/java-6-openjdk/jre/bin/java
08052000-08053000 rw-p 00009000 08:05 1586258    /usr/lib/jvm/java-6-openjdk/jre/bin/java
09fe9000-0a0d1000 rw-p 00000000 00:00 0          [heap]
80781000-8078a000 r--s 00065000 08:05 6219       /usr/share/java/gnome-java-bridge.jar
8078a000-8078b000 ---p 00000000 00:00 0 
8078b000-8080b000 rw-p 00000000 00:00 0 
8080b000-8080e000 ---p 00000000 00:00 0 
8080e000-8085c000 rw-p 00000000 00:00 0 
8085c000-8085f000 ---p 00000000 00:00 0 
8085f000-808dd000 rw-p 00000000 00:00 0 
808dd000-808e0000 ---p 00000000 00:00 0 
808e0000-8095e000 rw-p 00000000 00:00 0 
8095e000-80961000 ---p 00000000 00:00 0 
80961000-809af000 rw-p 00000000 00:00 0 
809af000-809ee000 r--p 00000000 08:05 1577945    /usr/lib/locale/en_IN/LC_CTYPE
809ee000-809f1000 ---p 00000000 00:00 0 
809f1000-80a3f000 rw-p 00000000 00:00 0 
80a3f000-80a42000 ---p 00000000 00:00 0 
80a42000-80a90000 rw-p 00000000 00:00 0 
80a90000-80a91000 ---p 00000000 00:00 0 
80a91000-80b11000 rw-p 00000000 00:00 0 
80b11000-80b13000 r--s 0001d000 08:05 1577596    /usr/lib/jvm/java-6-openjdk/jre/lib/plugin.jar
80b13000-80b18000 r--s 00045000 08:05 1577595    /usr/lib/jvm/java-6-openjdk/jre/lib/netx.jar
80b18000-80b4b000 rw-p 00000000 00:00 0 
80b4b000-80cda000 r--s 038c4000 08:05 1586189    /usr/lib/jvm/java-6-openjdk/jre/lib/rt.jar
80cda000-80cdb000 ---p 00000000 00:00 0 
80cdb000-80d5b000 rw-p 00000000 00:00 0 
80d5b000-80d5c000 ---p 00000000 00:00 0 
80d5c000-80de4000 rw-p 00000000 00:00 0 
80de4000-80e1c000 rw-p 00000000 00:00 0 
80e1c000-80e2b000 rw-p 00000000 00:00 0 
80e2b000-80f04000 rw-p 00000000 00:00 0 
80f04000-80f0c000 rw-p 00000000 00:00 0 
80f0c000-80f44000 rw-p 00000000 00:00 0 
80f44000-80f53000 rw-p 00000000 00:00 0 
80f53000-8102b000 rw-p 00000000 00:00 0 
8102b000-81033000 rw-p 00000000 00:00 0 
81033000-8109f000 rw-p 00000000 00:00 0 
8109f000-820a0000 rw-p 00000000 00:00 0 
820a0000-890a0000 rw-p 00000000 00:00 0 
890a0000-8ad80000 rw-p 00000000 00:00 0 
8ad80000-a5f50000 rw-p 00000000 00:00 0 
a5f50000-a6dc0000 rw-p 00000000 00:00 0 
a6dc0000-b46a0000 rw-p 00000000 00:00 0 
b46a0000-b46a9000 rw-p 00000000 00:00 0 
b46a9000-b4760000 rw-p 00000000 00:00 0 
b4760000-b49a0000 rwxp 00000000 00:00 0 
b49a0000-b7760000 rw-p 00000000 00:00 0 
b7760000-b7763000 ---p 00000000 00:00 0 
b7763000-b77b4000 rw-p 00000000 00:00 0 
b77b9000-b77bc000 r--s 0000f000 08:05 1577575    /usr/lib/jvm/java-6-openjdk/jre/lib/ext/pulse-java.jar
b77bc000-b77c4000 rw-s 00000000 08:05 668623     /tmp/hsperfdata_root/3546
b77c4000-b77c5000 rw-p 00000000 00:00 0 
b77c5000-b77c6000 r--p 00000000 00:00 0 
b77c6000-b77c8000 rw-p 00000000 00:00 0 
bfa27000-bfa3c000 rw-p 00000000 00:00 0          [stack]

VM Arguments:
jvm_args: -Dfile.encoding=UTF-8 
java_command: FileAccess.ChangeStatus
Launcher Type: SUN_STANDARD

Environment Variables:
PATH=/usr/local/sbin:/usr/local/bin:/usr/sbin:/usr/bin:/sbin:/bin:/usr/games
USERNAME=root
LD_LIBRARY_PATH=/usr/lib/jvm/java-6-openjdk/jre/lib/i386/server:/usr/lib/jvm/java-6-openjdk/jre/lib/i386:/usr/lib/jvm/java-6-openjdk/jre/../lib/i386:/usr/lib/jvm/java-6-openjdk/jre/lib/i386/client:/usr/lib/jvm/java-6-openjdk/jre/lib/i386:/usr/lib/jvm/java-6-openjdk/jre/../lib/i386
SHELL=/bin/bash
DISPLAY=:0.0

Signal Handlers:
SIGSEGV: [libjvm.so+0x64a040], sa_mask[0]=0x7ffbfeff, sa_flags=0x10000004
SIGBUS: [libjvm.so+0x64a040], sa_mask[0]=0x7ffbfeff, sa_flags=0x10000004
SIGFPE: [libjvm.so+0x51c0d0], sa_mask[0]=0x7ffbfeff, sa_flags=0x10000004
SIGPIPE: [libjvm.so+0x51c0d0], sa_mask[0]=0x7ffbfeff, sa_flags=0x10000004
SIGXFSZ: [libjvm.so+0x51c0d0], sa_mask[0]=0x7ffbfeff, sa_flags=0x10000004
SIGILL: [libjvm.so+0x51c0d0], sa_mask[0]=0x7ffbfeff, sa_flags=0x10000004
SIGUSR1: SIG_DFL, sa_mask[0]=0x00000000, sa_flags=0x00000000
SIGUSR2: [libjvm.so+0x51b780], sa_mask[0]=0x00000004, sa_flags=0x10000004
SIGHUP: [libjvm.so+0x51e2f0], sa_mask[0]=0x7ffbfeff, sa_flags=0x10000004
SIGINT: SIG_IGN, sa_mask[0]=0x00000000, sa_flags=0x00000000
SIGTERM: [libjvm.so+0x51e2f0], sa_mask[0]=0x7ffbfeff, sa_flags=0x10000004
SIGQUIT: [libjvm.so+0x51e2f0], sa_mask[0]=0x7ffbfeff, sa_flags=0x10000004


---------------  S Y S T E M  ---------------

OS:Ubuntu 10.04 (lucid)
uname:Linux 2.6.32-33-generic #70-Ubuntu SMP Thu Jul 7 21:09:46 UTC 2011 i686
libc:glibc 2.11.1 NPTL 2.11.1 
rlimit: STACK 8192k, CORE 0k, NPROC infinity, NOFILE 1024, AS infinity
load average:1.94 1.01 0.72

/proc/meminfo:
MemTotal:        2836956 kB
MemFree:         1064712 kB
Buffers:          112368 kB
Cached:           821148 kB
SwapCached:            0 kB
Active:          1008888 kB
Inactive:         636552 kB
Active(anon):     712344 kB
Inactive(anon):     7024 kB
Active(file):     296544 kB
Inactive(file):   629528 kB
Unevictable:          16 kB
Mlocked:              16 kB
HighTotal:       1973064 kB
HighFree:         408580 kB
LowTotal:         863892 kB
LowFree:          656132 kB
SwapTotal:       3234808 kB
SwapFree:        3234808 kB
Dirty:               260 kB
Writeback:             0 kB
AnonPages:        711976 kB
Mapped:           149500 kB
Shmem:              7448 kB
Slab:              67840 kB
SReclaimable:      56352 kB
SUnreclaim:        11488 kB
KernelStack:        3168 kB
PageTables:         8068 kB
NFS_Unstable:          0 kB
Bounce:                0 kB
WritebackTmp:          0 kB
CommitLimit:     4653284 kB
Committed_AS:    1989956 kB
VmallocTotal:     122880 kB
VmallocUsed:       72908 kB
VmallocChunk:      41852 kB
HardwareCorrupted:     0 kB
HugePages_Total:       0
HugePages_Free:        0
HugePages_Rsvd:        0
HugePages_Surp:        0
Hugepagesize:       4096 kB
DirectMap4k:       12280 kB
DirectMap4M:      897024 kB


CPU:total 2 (2 cores per cpu, 1 threads per core) family 17 model 3 stepping 1, cmov, cx8, fxsr, mmx, sse, sse2, sse3, mmxext, 3dnow, 3dnowext

Memory: 4k page, physical 2836956k(1064712k free), swap 3234808k(3234808k free)

vm_info: OpenJDK Server VM (19.0-b09) for linux-x86 JRE (1.6.0_20-b20), built on Jan 21 2012 08:10:55 by "buildd" with gcc 4.4.3

time: Fri Mar  9 12:07:41 2012
elapsed time: 0 seconds

