#
# A fatal error has been detected by the Java Runtime Environment:
#
#  SIGSEGV (0xb) at pc=0x00110dfe, pid=2573, tid=3077491568
#
# JRE version: 6.0_20-b20
# Java VM: OpenJDK Server VM (19.0-b09 mixed mode linux-x86 )
# Derivative: IcedTea6 1.9.10
# Distribution: Ubuntu 10.04.1 LTS, package 6b20-1.9.10-0ubuntu1~10.04.3
# Problematic frame:
# C  [libgraph.so+0xdfe]  fillgraphobject+0x2c
#
# If you would like to submit a bug report, please include
# instructions how to reproduce the bug and visit:
#   https://bugs.launchpad.net/ubuntu/+source/openjdk-6/
# The crash happened outside the Java Virtual Machine in native code.
# See problematic frame for where to report the bug.
#

---------------  T H R E A D  ---------------

Current thread (0x08dd1000):  JavaThread "main" [_thread_in_native, id=2576, stack(0xb769c000,0xb76ed000)]

siginfo:si_signo=SIGSEGV: si_errno=0, si_code=1 (SEGV_MAPERR), si_addr=0x0000008b

Registers:
EAX=0x00000000, EBX=0x0000008b, ECX=0x0000008b, EDX=0x00000000
ESP=0xb76ebe58, EBP=0xb76ebe78, ESI=0x0000003b, EDI=0xb76ebff0
EIP=0x00110dfe, CR2=0x0000008b, EFLAGS=0x00010286

Register to memory mapping:

EAX=0x00000000
0x00000000 is pointing to unknown location

EBX=0x0000008b
0x0000008b is pointing to unknown location

ECX=0x0000008b
0x0000008b is pointing to unknown location

EDX=0x00000000
0x00000000 is pointing to unknown location

ESP=0xb76ebe58
0xb76ebe58 is pointing into the stack for thread: 0x08dd1000
"main" prio=10 tid=0x08dd1000 nid=0xa10 runnable [0xb76ec000]
   java.lang.Thread.State: RUNNABLE

EBP=0xb76ebe78
0xb76ebe78 is pointing into the stack for thread: 0x08dd1000
"main" prio=10 tid=0x08dd1000 nid=0xa10 runnable [0xb76ec000]
   java.lang.Thread.State: RUNNABLE

ESI=0x0000003b
0x0000003b is pointing to unknown location

EDI=0xb76ebff0
0xb76ebff0 is pointing into the stack for thread: 0x08dd1000
"main" prio=10 tid=0x08dd1000 nid=0xa10 runnable [0xb76ec000]
   java.lang.Thread.State: RUNNABLE


Top of Stack: (sp=0xb76ebe58)
0xb76ebe58:   b76ebe78 08dd1000 00000007 00000000
0xb76ebe68:   006464e0 0000008b 0000003b b76ebff0
0xb76ebe78:   b76ec008 00110db6 08e57e50 b76ebef0
0xb76ebe88:   08dd1118 b76ec04c 0000003b 00000000
0xb76ebe98:   00000009 000000ad 00000063 00000063
0xb76ebea8:   01bba4dc 744b0e1d 00000000 00000000
0xb76ebeb8:   00000000 6011b521 00000000 00000000
0xb76ebec8:   00000000 00000006 00000000 b76ebf60 

Instructions: (pc=0x00110dfe)
0x00110dee:   ec 89 d0 c1 e0 02 01 d0 c1 e0 02 03 45 0c 8b 00
0x00110dfe:   89 01 83 45 ec 01 83 7d ec 04 7e d7 c7 45 ec 00 

Stack: [0xb769c000,0xb76ed000],  sp=0xb76ebe58,  free space=319k
Native frames: (J=compiled Java code, j=interpreted, Vv=VM code, C=native code)
C  [libgraph.so+0xdfe]  fillgraphobject+0x2c
C  [libgraph.so+0xdb6]  Java_FileAccess_graph_fillips+0x56e
j  FileAccess.graph.fillips()V+0
j  FileAccess.graph.main([Ljava/lang/String;)V+9
v  ~StubRoutines::call_stub
V  [libjvm.so+0x387d72]
V  [libjvm.so+0x519369]
V  [libjvm.so+0x386caf]
V  [libjvm.so+0x39214c]
V  [libjvm.so+0x3a11ad]
C  [java+0x321d]  JavaMain+0xd4d
C  [libpthread.so.0+0x596e]

Java frames: (J=compiled Java code, j=interpreted, Vv=VM code)
j  FileAccess.graph.fillips()V+0
j  FileAccess.graph.main([Ljava/lang/String;)V+9
v  ~StubRoutines::call_stub

---------------  P R O C E S S  ---------------

Java Threads: ( => current thread )
  0x08e76000 JavaThread "Low Memory Detector" daemon [_thread_blocked, id=2586, stack(0x8073b000,0x8078c000)]
  0x08e72800 JavaThread "CompilerThread1" daemon [_thread_blocked, id=2585, stack(0x8078c000,0x8080d000)]
  0x08e70800 JavaThread "CompilerThread0" daemon [_thread_blocked, id=2584, stack(0x8080d000,0x8088e000)]
  0x08e6f400 JavaThread "Signal Dispatcher" daemon [_thread_blocked, id=2583, stack(0x8088e000,0x808df000)]
  0x08e5c000 JavaThread "Finalizer" daemon [_thread_blocked, id=2582, stack(0x8091e000,0x8096f000)]
  0x08e5ac00 JavaThread "Reference Handler" daemon [_thread_blocked, id=2581, stack(0x8096f000,0x809c0000)]
=>0x08dd1000 JavaThread "main" [_thread_in_native, id=2576, stack(0xb769c000,0xb76ed000)]

Other Threads:
  0x08e56c00 VMThread [stack: 0x809c0000,0x80a41000] [id=2580]
  0x08e77c00 WatcherThread [stack: 0x806ba000,0x8073b000] [id=2587]

VM state:not at safepoint (normal execution)

VM Mutex/Monitor currently owned by a thread: None

Heap
 PSYoungGen      total 12992K, used 448K [0xa5e80000, 0xa6cf0000, 0xb45d0000)
  eden space 11200K, 4% used [0xa5e80000,0xa5ef0068,0xa6970000)
  from space 1792K, 0% used [0xa6b30000,0xa6b30000,0xa6cf0000)
  to   space 1792K, 0% used [0xa6970000,0xa6970000,0xa6b30000)
 PSOldGen        total 29568K, used 0K [0x88fd0000, 0x8acb0000, 0xa5e80000)
  object space 29568K, 0% used [0x88fd0000,0x88fd0000,0x8acb0000)
 PSPermGen       total 16384K, used 1930K [0x80fd0000, 0x81fd0000, 0x88fd0000)
  object space 16384K, 11% used [0x80fd0000,0x811b2a88,0x81fd0000)

Dynamic libraries:
00110000-00111000 r-xp 00000000 08:05 1591687    /usr/lib/libgraph.so
00111000-00112000 r--p 00000000 08:05 1591687    /usr/lib/libgraph.so
00112000-00113000 rw-p 00001000 08:05 1591687    /usr/lib/libgraph.so
00113000-0011a000 r-xp 00000000 08:05 527227     /lib/tls/i686/cmov/librt-2.11.1.so
0011a000-0011b000 r--p 00006000 08:05 527227     /lib/tls/i686/cmov/librt-2.11.1.so
0011b000-0011c000 rw-p 00007000 08:05 527227     /lib/tls/i686/cmov/librt-2.11.1.so
0011c000-00128000 r-xp 00000000 08:05 1586225    /usr/lib/jvm/java-6-openjdk/jre/lib/i386/libverify.so
00128000-00129000 r--p 0000b000 08:05 1586225    /usr/lib/jvm/java-6-openjdk/jre/lib/i386/libverify.so
00129000-0012a000 rw-p 0000c000 08:05 1586225    /usr/lib/jvm/java-6-openjdk/jre/lib/i386/libverify.so
0012a000-00131000 r-xp 00000000 08:05 1586228    /usr/lib/jvm/java-6-openjdk/jre/lib/i386/native_threads/libhpi.so
00131000-00132000 r--p 00006000 08:05 1586228    /usr/lib/jvm/java-6-openjdk/jre/lib/i386/native_threads/libhpi.so
00132000-00133000 rw-p 00007000 08:05 1586228    /usr/lib/jvm/java-6-openjdk/jre/lib/i386/native_threads/libhpi.so
00133000-00139000 r-xp 00000000 08:05 527210     /lib/tls/i686/cmov/libnss_compat-2.11.1.so
00139000-0013a000 r--p 00006000 08:05 527210     /lib/tls/i686/cmov/libnss_compat-2.11.1.so
0013a000-0013b000 rw-p 00007000 08:05 527210     /lib/tls/i686/cmov/libnss_compat-2.11.1.so
0013b000-00143000 r-xp 00000000 08:05 527218     /lib/tls/i686/cmov/libnss_nis-2.11.1.so
00143000-00144000 r--p 00007000 08:05 527218     /lib/tls/i686/cmov/libnss_nis-2.11.1.so
00144000-00145000 rw-p 00008000 08:05 527218     /lib/tls/i686/cmov/libnss_nis-2.11.1.so
001e6000-001e8000 r-xp 00000000 08:05 527203     /lib/tls/i686/cmov/libdl-2.11.1.so
001e8000-001e9000 r--p 00001000 08:05 527203     /lib/tls/i686/cmov/libdl-2.11.1.so
001e9000-001ea000 rw-p 00002000 08:05 527203     /lib/tls/i686/cmov/libdl-2.11.1.so
00261000-00276000 r-xp 00000000 08:05 527223     /lib/tls/i686/cmov/libpthread-2.11.1.so
00276000-00277000 r--p 00014000 08:05 527223     /lib/tls/i686/cmov/libpthread-2.11.1.so
00277000-00278000 rw-p 00015000 08:05 527223     /lib/tls/i686/cmov/libpthread-2.11.1.so
00278000-0027a000 rw-p 00000000 00:00 0 
002ce000-002d8000 r-xp 00000000 08:05 527214     /lib/tls/i686/cmov/libnss_files-2.11.1.so
002d8000-002d9000 r--p 00009000 08:05 527214     /lib/tls/i686/cmov/libnss_files-2.11.1.so
002d9000-002da000 rw-p 0000a000 08:05 527214     /lib/tls/i686/cmov/libnss_files-2.11.1.so
0037d000-00390000 r-xp 00000000 08:05 523463     /lib/libz.so.1.2.3.3
00390000-00391000 r--p 00012000 08:05 523463     /lib/libz.so.1.2.3.3
00391000-00392000 rw-p 00013000 08:05 523463     /lib/libz.so.1.2.3.3
004eb000-004ee000 r-xp 00000000 08:05 1586197    /usr/lib/jvm/java-6-openjdk/jre/lib/i386/jli/libjli.so
004ee000-004ef000 r--p 00003000 08:05 1586197    /usr/lib/jvm/java-6-openjdk/jre/lib/i386/jli/libjli.so
004ef000-004f0000 rw-p 00004000 08:05 1586197    /usr/lib/jvm/java-6-openjdk/jre/lib/i386/jli/libjli.so
004f0000-00643000 r-xp 00000000 08:05 527197     /lib/tls/i686/cmov/libc-2.11.1.so
00643000-00644000 ---p 00153000 08:05 527197     /lib/tls/i686/cmov/libc-2.11.1.so
00644000-00646000 r--p 00153000 08:05 527197     /lib/tls/i686/cmov/libc-2.11.1.so
00646000-00647000 rw-p 00155000 08:05 527197     /lib/tls/i686/cmov/libc-2.11.1.so
00647000-0064a000 rw-p 00000000 00:00 0 
006a7000-006cb000 r-xp 00000000 08:05 1586209    /usr/lib/jvm/java-6-openjdk/jre/lib/i386/libjava.so
006cb000-006cc000 r--p 00023000 08:05 1586209    /usr/lib/jvm/java-6-openjdk/jre/lib/i386/libjava.so
006cc000-006ce000 rw-p 00024000 08:05 1586209    /usr/lib/jvm/java-6-openjdk/jre/lib/i386/libjava.so
00764000-00777000 r-xp 00000000 08:05 527208     /lib/tls/i686/cmov/libnsl-2.11.1.so
00777000-00778000 r--p 00012000 08:05 527208     /lib/tls/i686/cmov/libnsl-2.11.1.so
00778000-00779000 rw-p 00013000 08:05 527208     /lib/tls/i686/cmov/libnsl-2.11.1.so
00779000-0077b000 rw-p 00000000 00:00 0 
00936000-0093d000 r-xp 00000000 08:05 1586226    /usr/lib/jvm/java-6-openjdk/jre/lib/i386/libzip.so
0093d000-0093e000 r--p 00006000 08:05 1586226    /usr/lib/jvm/java-6-openjdk/jre/lib/i386/libzip.so
0093e000-0093f000 rw-p 00007000 08:05 1586226    /usr/lib/jvm/java-6-openjdk/jre/lib/i386/libzip.so
00b38000-00b39000 r-xp 00000000 00:00 0          [vdso]
00c71000-00c95000 r-xp 00000000 08:05 527205     /lib/tls/i686/cmov/libm-2.11.1.so
00c95000-00c96000 r--p 00023000 08:05 527205     /lib/tls/i686/cmov/libm-2.11.1.so
00c96000-00c97000 rw-p 00024000 08:05 527205     /lib/tls/i686/cmov/libm-2.11.1.so
00d81000-00d9c000 r-xp 00000000 08:05 523290     /lib/ld-2.11.1.so
00d9c000-00d9d000 r--p 0001a000 08:05 523290     /lib/ld-2.11.1.so
00d9d000-00d9e000 rw-p 0001b000 08:05 523290     /lib/ld-2.11.1.so
00d9e000-01463000 r-xp 00000000 08:05 1586230    /usr/lib/jvm/java-6-openjdk/jre/lib/i386/server/libjvm.so
01463000-01464000 ---p 006c5000 08:05 1586230    /usr/lib/jvm/java-6-openjdk/jre/lib/i386/server/libjvm.so
01464000-014a9000 r--p 006c5000 08:05 1586230    /usr/lib/jvm/java-6-openjdk/jre/lib/i386/server/libjvm.so
014a9000-014b8000 rw-p 0070a000 08:05 1586230    /usr/lib/jvm/java-6-openjdk/jre/lib/i386/server/libjvm.so
014b8000-018d7000 rw-p 00000000 00:00 0 
08048000-08051000 r-xp 00000000 08:05 1586258    /usr/lib/jvm/java-6-openjdk/jre/bin/java
08051000-08052000 r--p 00008000 08:05 1586258    /usr/lib/jvm/java-6-openjdk/jre/bin/java
08052000-08053000 rw-p 00009000 08:05 1586258    /usr/lib/jvm/java-6-openjdk/jre/bin/java
08dca000-08eb2000 rw-p 00000000 00:00 0          [heap]
806ba000-806bb000 ---p 00000000 00:00 0 
806bb000-8073b000 rw-p 00000000 00:00 0 
8073b000-8073e000 ---p 00000000 00:00 0 
8073e000-8078c000 rw-p 00000000 00:00 0 
8078c000-8078f000 ---p 00000000 00:00 0 
8078f000-8080d000 rw-p 00000000 00:00 0 
8080d000-80810000 ---p 00000000 00:00 0 
80810000-8088e000 rw-p 00000000 00:00 0 
8088e000-80891000 ---p 00000000 00:00 0 
80891000-808df000 rw-p 00000000 00:00 0 
808df000-8091e000 r--p 00000000 08:05 1577945    /usr/lib/locale/en_IN/LC_CTYPE
8091e000-80921000 ---p 00000000 00:00 0 
80921000-8096f000 rw-p 00000000 00:00 0 
8096f000-80972000 ---p 00000000 00:00 0 
80972000-809c0000 rw-p 00000000 00:00 0 
809c0000-809c1000 ---p 00000000 00:00 0 
809c1000-80a41000 rw-p 00000000 00:00 0 
80a41000-80a43000 r--s 0001d000 08:05 1577596    /usr/lib/jvm/java-6-openjdk/jre/lib/plugin.jar
80a43000-80a48000 r--s 00045000 08:05 1577595    /usr/lib/jvm/java-6-openjdk/jre/lib/netx.jar
80a48000-80a7b000 rw-p 00000000 00:00 0 
80a7b000-80c0a000 r--s 038c4000 08:05 1586189    /usr/lib/jvm/java-6-openjdk/jre/lib/rt.jar
80c0a000-80c0b000 ---p 00000000 00:00 0 
80c0b000-80c8b000 rw-p 00000000 00:00 0 
80c8b000-80c8c000 ---p 00000000 00:00 0 
80c8c000-80d14000 rw-p 00000000 00:00 0 
80d14000-80d4c000 rw-p 00000000 00:00 0 
80d4c000-80d5b000 rw-p 00000000 00:00 0 
80d5b000-80e34000 rw-p 00000000 00:00 0 
80e34000-80e3c000 rw-p 00000000 00:00 0 
80e3c000-80e74000 rw-p 00000000 00:00 0 
80e74000-80e83000 rw-p 00000000 00:00 0 
80e83000-80f5b000 rw-p 00000000 00:00 0 
80f5b000-80f63000 rw-p 00000000 00:00 0 
80f63000-80fcf000 rw-p 00000000 00:00 0 
80fcf000-81fd0000 rw-p 00000000 00:00 0 
81fd0000-88fd0000 rw-p 00000000 00:00 0 
88fd0000-8acb0000 rw-p 00000000 00:00 0 
8acb0000-a5e80000 rw-p 00000000 00:00 0 
a5e80000-a6cf0000 rw-p 00000000 00:00 0 
a6cf0000-b45d0000 rw-p 00000000 00:00 0 
b45d2000-b45d3000 rw-p 00000000 00:00 0 
b45d3000-b45dc000 r--s 00065000 08:05 6219       /usr/share/java/gnome-java-bridge.jar
b45dc000-b45e5000 rw-p 00000000 00:00 0 
b45e5000-b469c000 rw-p 00000000 00:00 0 
b469c000-b48dc000 rwxp 00000000 00:00 0 
b48dc000-b769c000 rw-p 00000000 00:00 0 
b769c000-b769f000 ---p 00000000 00:00 0 
b769f000-b76f0000 rw-p 00000000 00:00 0 
b76f5000-b76f8000 r--s 0000f000 08:05 1577575    /usr/lib/jvm/java-6-openjdk/jre/lib/ext/pulse-java.jar
b76f8000-b7700000 rw-s 00000000 08:05 665598     /tmp/hsperfdata_root/2573
b7700000-b7701000 rw-p 00000000 00:00 0 
b7701000-b7702000 r--p 00000000 00:00 0 
b7702000-b7704000 rw-p 00000000 00:00 0 
bfbe0000-bfbf5000 rw-p 00000000 00:00 0          [stack]

VM Arguments:
jvm_args: -Dfile.encoding=UTF-8 
java_command: FileAccess.graph
Launcher Type: SUN_STANDARD

Environment Variables:
PATH=/usr/local/sbin:/usr/local/bin:/usr/sbin:/usr/bin:/sbin:/bin:/usr/games
USERNAME=root
LD_LIBRARY_PATH=/usr/lib/jvm/java-6-openjdk/jre/lib/i386/server:/usr/lib/jvm/java-6-openjdk/jre/lib/i386:/usr/lib/jvm/java-6-openjdk/jre/../lib/i386:/usr/lib/jvm/java-6-openjdk/jre/lib/i386/client:/usr/lib/jvm/java-6-openjdk/jre/lib/i386:/usr/lib/jvm/java-6-openjdk/jre/../lib/i386
SHELL=/bin/bash
DISPLAY=:0.0

Signal Handlers:
SIGSEGV: [libjvm.so+0x64a040], sa_mask[0]=0x7ffbfeff, sa_flags=0x10000004
SIGBUS: [libjvm.so+0x64a040], sa_mask[0]=0x7ffbfeff, sa_flags=0x10000004
SIGFPE: [libjvm.so+0x51c0d0], sa_mask[0]=0x7ffbfeff, sa_flags=0x10000004
SIGPIPE: [libjvm.so+0x51c0d0], sa_mask[0]=0x7ffbfeff, sa_flags=0x10000004
SIGXFSZ: [libjvm.so+0x51c0d0], sa_mask[0]=0x7ffbfeff, sa_flags=0x10000004
SIGILL: [libjvm.so+0x51c0d0], sa_mask[0]=0x7ffbfeff, sa_flags=0x10000004
SIGUSR1: SIG_DFL, sa_mask[0]=0x00000000, sa_flags=0x00000000
SIGUSR2: [libjvm.so+0x51b780], sa_mask[0]=0x00000004, sa_flags=0x10000004
SIGHUP: [libjvm.so+0x51e2f0], sa_mask[0]=0x7ffbfeff, sa_flags=0x10000004
SIGINT: SIG_IGN, sa_mask[0]=0x00000000, sa_flags=0x00000000
SIGTERM: [libjvm.so+0x51e2f0], sa_mask[0]=0x7ffbfeff, sa_flags=0x10000004
SIGQUIT: [libjvm.so+0x51e2f0], sa_mask[0]=0x7ffbfeff, sa_flags=0x10000004


---------------  S Y S T E M  ---------------

OS:Ubuntu 10.04 (lucid)
uname:Linux 2.6.32-33-generic #70-Ubuntu SMP Thu Jul 7 21:09:46 UTC 2011 i686
libc:glibc 2.11.1 NPTL 2.11.1 
rlimit: STACK 8192k, CORE 0k, NPROC infinity, NOFILE 1024, AS infinity
load average:0.46 0.48 0.36

/proc/meminfo:
MemTotal:        2836956 kB
MemFree:         1737604 kB
Buffers:           57540 kB
Cached:           499272 kB
SwapCached:            0 kB
Active:           575456 kB
Inactive:         439172 kB
Active(anon):     458216 kB
Inactive(anon):     5340 kB
Active(file):     117240 kB
Inactive(file):   433832 kB
Unevictable:           0 kB
Mlocked:               0 kB
HighTotal:       1973064 kB
HighFree:         986296 kB
LowTotal:         863892 kB
LowFree:          751308 kB
SwapTotal:       3234808 kB
SwapFree:        3234808 kB
Dirty:               152 kB
Writeback:             0 kB
AnonPages:        457816 kB
Mapped:           118548 kB
Shmem:              5740 kB
Slab:              28444 kB
SReclaimable:      18076 kB
SUnreclaim:        10368 kB
KernelStack:        2528 kB
PageTables:         5996 kB
NFS_Unstable:          0 kB
Bounce:                0 kB
WritebackTmp:          0 kB
CommitLimit:     4653284 kB
Committed_AS:    1313684 kB
VmallocTotal:     122880 kB
VmallocUsed:       72908 kB
VmallocChunk:      41852 kB
HardwareCorrupted:     0 kB
HugePages_Total:       0
HugePages_Free:        0
HugePages_Rsvd:        0
HugePages_Surp:        0
Hugepagesize:       4096 kB
DirectMap4k:       12280 kB
DirectMap4M:      897024 kB


CPU:total 2 (2 cores per cpu, 1 threads per core) family 17 model 3 stepping 1, cmov, cx8, fxsr, mmx, sse, sse2, sse3, mmxext, 3dnow, 3dnowext

Memory: 4k page, physical 2836956k(1737604k free), swap 3234808k(3234808k free)

vm_info: OpenJDK Server VM (19.0-b09) for linux-x86 JRE (1.6.0_20-b20), built on Jan 21 2012 08:10:55 by "buildd" with gcc 4.4.3

time: Fri Mar  2 08:20:58 2012
elapsed time: 0 seconds

