#
# A fatal error has been detected by the Java Runtime Environment:
#
#  SIGSEGV (0xb) at pc=0x01310390, pid=4805, tid=3077503856
#
# JRE version: 6.0_20-b20
# Java VM: OpenJDK Server VM (19.0-b09 mixed mode linux-x86 )
# Derivative: IcedTea6 1.9.10
# Distribution: Ubuntu 10.04.1 LTS, package 6b20-1.9.10-0ubuntu1~10.04.3
# Problematic frame:
# V  [libjvm.so+0x39b390]
#
# If you would like to submit a bug report, please include
# instructions how to reproduce the bug and visit:
#   https://bugs.launchpad.net/ubuntu/+source/openjdk-6/
#

---------------  T H R E A D  ---------------

Current thread (0x09cc5000):  JavaThread "main" [_thread_in_vm, id=4809, stack(0xb769f000,0xb76f0000)]

siginfo:si_signo=SIGSEGV: si_errno=0, si_code=1 (SEGV_MAPERR), si_addr=0x00000000

Registers:
EAX=0x00000000, EBX=0x0167fff4, ECX=0xb76eee5c, EDX=0x09cc587c
ESP=0xb76eee24, EBP=0xb76eee88, ESI=0x09cc5000, EDI=0x09cc39a0
EIP=0x01310390, CR2=0x00000000, EFLAGS=0x00010217

Register to memory mapping:

EAX=0x00000000
0x00000000 is pointing to unknown location

EBX=0x0167fff4
0x0167fff4: <offset 0x70aff4> in /usr/lib/jvm/java-6-openjdk/jre/lib/i386/server/libjvm.so at 0x00f75000

ECX=0xb76eee5c
0xb76eee5c is pointing into the stack for thread: 0x09cc5000
"main" prio=10 tid=0x09cc5000 nid=0x12c9 runnable [0xb76ee000]
   java.lang.Thread.State: RUNNABLE

EDX=0x09cc587c
0x09cc587c is pointing to unknown location

ESP=0xb76eee24
0xb76eee24 is pointing into the stack for thread: 0x09cc5000
"main" prio=10 tid=0x09cc5000 nid=0x12c9 runnable [0xb76ee000]
   java.lang.Thread.State: RUNNABLE

EBP=0xb76eee88
0xb76eee88 is pointing into the stack for thread: 0x09cc5000
"main" prio=10 tid=0x09cc5000 nid=0x12c9 runnable [0xb76ee000]
   java.lang.Thread.State: RUNNABLE

ESI=0x09cc5000
"main" prio=10 tid=0x09cc5000 nid=0x12c9 runnable [0xb76ee000]
   java.lang.Thread.State: RUNNABLE

EDI=0x09cc39a0
0x09cc39a0 is pointing to unknown location


Top of Stack: (sp=0xb76eee24)
0xb76eee24:   09cc5000 00000ffc 00000ffc b76eee6c
0xb76eee34:   00000000 09cc5490 09cc587c 0000003e
0xb76eee44:   b76eee5c 09cc5488 b76eee94 00000015
0xb76eee54:   09cc58a4 b76eee78 09cc5000 00000000
0xb76eee64:   09cc5000 b76eee88 09cc5000 00000072
0xb76eee74:   00157160 002664e0 811b3448 811b3448
0xb76eee84:   09cc5000 b76eefd8 006433d8 09cc5118
0xb76eee94:   00000000 00000000 006495d8 01471d09 

Instructions: (pc=0x01310390)
0x01310380:   c0 8b 47 08 89 45 b0 8b 45 0c 8b 57 0c 89 55 b4
0x01310390:   8b 10 52 e8 88 fa fe ff 89 04 24 89 45 ac e8 01 

Stack: [0xb769f000,0xb76f0000],  sp=0xb76eee24,  free space=319k
Native frames: (J=compiled Java code, j=interpreted, Vv=VM code, C=native code)
V  [libjvm.so+0x39b390]
C  [libpacketlib.so+0x23d8]  Java_FileAccess_GetPacket_fillpackets+0x1a8
j  FileAccess.GetPacket.fillpackets()V+0
j  FileAccess.GetPacket.main([Ljava/lang/String;)V+176
v  ~StubRoutines::call_stub
V  [libjvm.so+0x387d72]
V  [libjvm.so+0x519369]
V  [libjvm.so+0x386caf]
V  [libjvm.so+0x39214c]
V  [libjvm.so+0x3a11ad]
C  [java+0x321d]  JavaMain+0xd4d
C  [libpthread.so.0+0x596e]

Java frames: (J=compiled Java code, j=interpreted, Vv=VM code)
j  FileAccess.GetPacket.fillpackets()V+0
j  FileAccess.GetPacket.main([Ljava/lang/String;)V+176
v  ~StubRoutines::call_stub

---------------  P R O C E S S  ---------------

Java Threads: ( => current thread )
  0x09d68400 JavaThread "Low Memory Detector" daemon [_thread_blocked, id=4818, stack(0x8062e000,0x8067f000)]
  0x09d66800 JavaThread "CompilerThread1" daemon [_thread_blocked, id=4817, stack(0x8067f000,0x80700000)]
  0x09d64800 JavaThread "CompilerThread0" daemon [_thread_blocked, id=4816, stack(0x8080d000,0x8088e000)]
  0x09d63000 JavaThread "Signal Dispatcher" daemon [_thread_blocked, id=4815, stack(0x8088e000,0x808df000)]
  0x09d50000 JavaThread "Finalizer" daemon [_thread_blocked, id=4814, stack(0x8091e000,0x8096f000)]
  0x09d4ec00 JavaThread "Reference Handler" daemon [_thread_blocked, id=4813, stack(0x8096f000,0x809c0000)]
=>0x09cc5000 JavaThread "main" [_thread_in_vm, id=4809, stack(0xb769f000,0xb76f0000)]

Other Threads:
  0x09d4ac00 VMThread [stack: 0x809c0000,0x80a41000] [id=4812]
  0x09d6a400 WatcherThread [stack: 0x805ad000,0x8062e000] [id=4819]

VM state:not at safepoint (normal execution)

VM Mutex/Monitor currently owned by a thread: None

Heap
 PSYoungGen      total 12992K, used 448K [0xa5e80000, 0xa6cf0000, 0xb45d0000)
  eden space 11200K, 4% used [0xa5e80000,0xa5ef0028,0xa6970000)
  from space 1792K, 0% used [0xa6b30000,0xa6b30000,0xa6cf0000)
  to   space 1792K, 0% used [0xa6970000,0xa6970000,0xa6b30000)
 PSOldGen        total 29568K, used 0K [0x88fd0000, 0x8acb0000, 0xa5e80000)
  object space 29568K, 0% used [0x88fd0000,0x88fd0000,0x8acb0000)
 PSPermGen       total 16384K, used 1942K [0x80fd0000, 0x81fd0000, 0x88fd0000)
  object space 16384K, 11% used [0x80fd0000,0x811b5a00,0x81fd0000)

Dynamic libraries:
00110000-00263000 r-xp 00000000 08:05 527197     /lib/tls/i686/cmov/libc-2.11.1.so
00263000-00264000 ---p 00153000 08:05 527197     /lib/tls/i686/cmov/libc-2.11.1.so
00264000-00266000 r--p 00153000 08:05 527197     /lib/tls/i686/cmov/libc-2.11.1.so
00266000-00267000 rw-p 00155000 08:05 527197     /lib/tls/i686/cmov/libc-2.11.1.so
00267000-0026a000 rw-p 00000000 00:00 0 
0026a000-0027d000 r-xp 00000000 08:05 527208     /lib/tls/i686/cmov/libnsl-2.11.1.so
0027d000-0027e000 r--p 00012000 08:05 527208     /lib/tls/i686/cmov/libnsl-2.11.1.so
0027e000-0027f000 rw-p 00013000 08:05 527208     /lib/tls/i686/cmov/libnsl-2.11.1.so
0027f000-00281000 rw-p 00000000 00:00 0 
00281000-00288000 r-xp 00000000 08:05 1586228    /usr/lib/jvm/java-6-openjdk/jre/lib/i386/native_threads/libhpi.so
00288000-00289000 r--p 00006000 08:05 1586228    /usr/lib/jvm/java-6-openjdk/jre/lib/i386/native_threads/libhpi.so
00289000-0028a000 rw-p 00007000 08:05 1586228    /usr/lib/jvm/java-6-openjdk/jre/lib/i386/native_threads/libhpi.so
003df000-003e6000 r-xp 00000000 08:05 527227     /lib/tls/i686/cmov/librt-2.11.1.so
003e6000-003e7000 r--p 00006000 08:05 527227     /lib/tls/i686/cmov/librt-2.11.1.so
003e7000-003e8000 rw-p 00007000 08:05 527227     /lib/tls/i686/cmov/librt-2.11.1.so
004a5000-004af000 r-xp 00000000 08:05 527214     /lib/tls/i686/cmov/libnss_files-2.11.1.so
004af000-004b0000 r--p 00009000 08:05 527214     /lib/tls/i686/cmov/libnss_files-2.11.1.so
004b0000-004b1000 rw-p 0000a000 08:05 527214     /lib/tls/i686/cmov/libnss_files-2.11.1.so
005d9000-005db000 r-xp 00000000 08:05 527203     /lib/tls/i686/cmov/libdl-2.11.1.so
005db000-005dc000 r--p 00001000 08:05 527203     /lib/tls/i686/cmov/libdl-2.11.1.so
005dc000-005dd000 rw-p 00002000 08:05 527203     /lib/tls/i686/cmov/libdl-2.11.1.so
0060d000-00620000 r-xp 00000000 08:05 523463     /lib/libz.so.1.2.3.3
00620000-00621000 r--p 00012000 08:05 523463     /lib/libz.so.1.2.3.3
00621000-00622000 rw-p 00013000 08:05 523463     /lib/libz.so.1.2.3.3
00641000-0064a000 r-xp 00000000 08:05 1589892    /usr/lib/libpacketlib.so
0064a000-0064b000 r--p 00009000 08:05 1589892    /usr/lib/libpacketlib.so
0064b000-0064c000 rw-p 0000a000 08:05 1589892    /usr/lib/libpacketlib.so
007bc000-007bf000 r-xp 00000000 08:05 1586197    /usr/lib/jvm/java-6-openjdk/jre/lib/i386/jli/libjli.so
007bf000-007c0000 r--p 00003000 08:05 1586197    /usr/lib/jvm/java-6-openjdk/jre/lib/i386/jli/libjli.so
007c0000-007c1000 rw-p 00004000 08:05 1586197    /usr/lib/jvm/java-6-openjdk/jre/lib/i386/jli/libjli.so
00819000-0082e000 r-xp 00000000 08:05 527223     /lib/tls/i686/cmov/libpthread-2.11.1.so
0082e000-0082f000 r--p 00014000 08:05 527223     /lib/tls/i686/cmov/libpthread-2.11.1.so
0082f000-00830000 rw-p 00015000 08:05 527223     /lib/tls/i686/cmov/libpthread-2.11.1.so
00830000-00832000 rw-p 00000000 00:00 0 
008fc000-00920000 r-xp 00000000 08:05 1586209    /usr/lib/jvm/java-6-openjdk/jre/lib/i386/libjava.so
00920000-00921000 r--p 00023000 08:05 1586209    /usr/lib/jvm/java-6-openjdk/jre/lib/i386/libjava.so
00921000-00923000 rw-p 00024000 08:05 1586209    /usr/lib/jvm/java-6-openjdk/jre/lib/i386/libjava.so
00a20000-00a44000 r-xp 00000000 08:05 527205     /lib/tls/i686/cmov/libm-2.11.1.so
00a44000-00a45000 r--p 00023000 08:05 527205     /lib/tls/i686/cmov/libm-2.11.1.so
00a45000-00a46000 rw-p 00024000 08:05 527205     /lib/tls/i686/cmov/libm-2.11.1.so
00a7e000-00a84000 r-xp 00000000 08:05 527210     /lib/tls/i686/cmov/libnss_compat-2.11.1.so
00a84000-00a85000 r--p 00006000 08:05 527210     /lib/tls/i686/cmov/libnss_compat-2.11.1.so
00a85000-00a86000 rw-p 00007000 08:05 527210     /lib/tls/i686/cmov/libnss_compat-2.11.1.so
00ccb000-00cd2000 r-xp 00000000 08:05 1586226    /usr/lib/jvm/java-6-openjdk/jre/lib/i386/libzip.so
00cd2000-00cd3000 r--p 00006000 08:05 1586226    /usr/lib/jvm/java-6-openjdk/jre/lib/i386/libzip.so
00cd3000-00cd4000 rw-p 00007000 08:05 1586226    /usr/lib/jvm/java-6-openjdk/jre/lib/i386/libzip.so
00cea000-00cf2000 r-xp 00000000 08:05 527218     /lib/tls/i686/cmov/libnss_nis-2.11.1.so
00cf2000-00cf3000 r--p 00007000 08:05 527218     /lib/tls/i686/cmov/libnss_nis-2.11.1.so
00cf3000-00cf4000 rw-p 00008000 08:05 527218     /lib/tls/i686/cmov/libnss_nis-2.11.1.so
00df1000-00dfd000 r-xp 00000000 08:05 1586225    /usr/lib/jvm/java-6-openjdk/jre/lib/i386/libverify.so
00dfd000-00dfe000 r--p 0000b000 08:05 1586225    /usr/lib/jvm/java-6-openjdk/jre/lib/i386/libverify.so
00dfe000-00dff000 rw-p 0000c000 08:05 1586225    /usr/lib/jvm/java-6-openjdk/jre/lib/i386/libverify.so
00e8a000-00e8b000 r-xp 00000000 00:00 0          [vdso]
00f58000-00f73000 r-xp 00000000 08:05 523290     /lib/ld-2.11.1.so
00f73000-00f74000 r--p 0001a000 08:05 523290     /lib/ld-2.11.1.so
00f74000-00f75000 rw-p 0001b000 08:05 523290     /lib/ld-2.11.1.so
00f75000-0163a000 r-xp 00000000 08:05 1586230    /usr/lib/jvm/java-6-openjdk/jre/lib/i386/server/libjvm.so
0163a000-0163b000 ---p 006c5000 08:05 1586230    /usr/lib/jvm/java-6-openjdk/jre/lib/i386/server/libjvm.so
0163b000-01680000 r--p 006c5000 08:05 1586230    /usr/lib/jvm/java-6-openjdk/jre/lib/i386/server/libjvm.so
01680000-0168f000 rw-p 0070a000 08:05 1586230    /usr/lib/jvm/java-6-openjdk/jre/lib/i386/server/libjvm.so
0168f000-01aae000 rw-p 00000000 00:00 0 
08048000-08051000 r-xp 00000000 08:05 1586258    /usr/lib/jvm/java-6-openjdk/jre/bin/java
08051000-08052000 r--p 00008000 08:05 1586258    /usr/lib/jvm/java-6-openjdk/jre/bin/java
08052000-08053000 rw-p 00009000 08:05 1586258    /usr/lib/jvm/java-6-openjdk/jre/bin/java
09cbe000-09d8c000 rw-p 00000000 00:00 0          [heap]
805ad000-805ae000 ---p 00000000 00:00 0 
805ae000-8062e000 rw-p 00000000 00:00 0 
8062e000-80631000 ---p 00000000 00:00 0 
80631000-8067f000 rw-p 00000000 00:00 0 
8067f000-80682000 ---p 00000000 00:00 0 
80682000-80700000 rw-p 00000000 00:00 0 
80700000-80721000 rw-p 00000000 00:00 0 
80721000-80800000 ---p 00000000 00:00 0 
8080d000-80810000 ---p 00000000 00:00 0 
80810000-8088e000 rw-p 00000000 00:00 0 
8088e000-80891000 ---p 00000000 00:00 0 
80891000-808df000 rw-p 00000000 00:00 0 
808df000-8091e000 r--p 00000000 08:05 1577945    /usr/lib/locale/en_IN/LC_CTYPE
8091e000-80921000 ---p 00000000 00:00 0 
80921000-8096f000 rw-p 00000000 00:00 0 
8096f000-80972000 ---p 00000000 00:00 0 
80972000-809c0000 rw-p 00000000 00:00 0 
809c0000-809c1000 ---p 00000000 00:00 0 
809c1000-80a41000 rw-p 00000000 00:00 0 
80a41000-80a43000 r--s 0001d000 08:05 1577596    /usr/lib/jvm/java-6-openjdk/jre/lib/plugin.jar
80a43000-80a48000 r--s 00045000 08:05 1577595    /usr/lib/jvm/java-6-openjdk/jre/lib/netx.jar
80a48000-80a7b000 rw-p 00000000 00:00 0 
80a7b000-80c0a000 r--s 038c4000 08:05 1586189    /usr/lib/jvm/java-6-openjdk/jre/lib/rt.jar
80c0a000-80c0b000 ---p 00000000 00:00 0 
80c0b000-80c8b000 rw-p 00000000 00:00 0 
80c8b000-80c8c000 ---p 00000000 00:00 0 
80c8c000-80d14000 rw-p 00000000 00:00 0 
80d14000-80d4c000 rw-p 00000000 00:00 0 
80d4c000-80d5b000 rw-p 00000000 00:00 0 
80d5b000-80e34000 rw-p 00000000 00:00 0 
80e34000-80e3c000 rw-p 00000000 00:00 0 
80e3c000-80e74000 rw-p 00000000 00:00 0 
80e74000-80e83000 rw-p 00000000 00:00 0 
80e83000-80f5b000 rw-p 00000000 00:00 0 
80f5b000-80f63000 rw-p 00000000 00:00 0 
80f63000-80fcf000 rw-p 00000000 00:00 0 
80fcf000-81fd0000 rw-p 00000000 00:00 0 
81fd0000-88fd0000 rw-p 00000000 00:00 0 
88fd0000-8acb0000 rw-p 00000000 00:00 0 
8acb0000-a5e80000 rw-p 00000000 00:00 0 
a5e80000-a6cf0000 rw-p 00000000 00:00 0 
a6cf0000-b45d0000 rw-p 00000000 00:00 0 
b45d5000-b45d6000 rw-p 00000000 00:00 0 
b45d6000-b45df000 r--s 00065000 08:05 6219       /usr/share/java/gnome-java-bridge.jar
b45df000-b45e8000 rw-p 00000000 00:00 0 
b45e8000-b469f000 rw-p 00000000 00:00 0 
b469f000-b48df000 rwxp 00000000 00:00 0 
b48df000-b769f000 rw-p 00000000 00:00 0 
b769f000-b76a2000 ---p 00000000 00:00 0 
b76a2000-b76f3000 rw-p 00000000 00:00 0 
b76f8000-b76fb000 r--s 0000f000 08:05 1577575    /usr/lib/jvm/java-6-openjdk/jre/lib/ext/pulse-java.jar
b76fb000-b7703000 rw-s 00000000 08:05 671472     /tmp/hsperfdata_root/4805
b7703000-b7704000 rw-p 00000000 00:00 0 
b7704000-b7705000 r--p 00000000 00:00 0 
b7705000-b7707000 rw-p 00000000 00:00 0 
bfb28000-bfb3d000 rw-p 00000000 00:00 0          [stack]

VM Arguments:
jvm_args: -Dfile.encoding=UTF-8 
java_command: FileAccess.GetPacket
Launcher Type: SUN_STANDARD

Environment Variables:
PATH=/usr/local/sbin:/usr/local/bin:/usr/sbin:/usr/bin:/sbin:/bin:/usr/games
USERNAME=root
LD_LIBRARY_PATH=/usr/lib/jvm/java-6-openjdk/jre/lib/i386/server:/usr/lib/jvm/java-6-openjdk/jre/lib/i386:/usr/lib/jvm/java-6-openjdk/jre/../lib/i386:/usr/lib/jvm/java-6-openjdk/jre/lib/i386/client:/usr/lib/jvm/java-6-openjdk/jre/lib/i386:/usr/lib/jvm/java-6-openjdk/jre/../lib/i386
SHELL=/bin/bash
DISPLAY=:0.0

Signal Handlers:
SIGSEGV: [libjvm.so+0x64a040], sa_mask[0]=0x7ffbfeff, sa_flags=0x10000004
SIGBUS: [libjvm.so+0x64a040], sa_mask[0]=0x7ffbfeff, sa_flags=0x10000004
SIGFPE: [libjvm.so+0x51c0d0], sa_mask[0]=0x7ffbfeff, sa_flags=0x10000004
SIGPIPE: [libjvm.so+0x51c0d0], sa_mask[0]=0x7ffbfeff, sa_flags=0x10000004
SIGXFSZ: [libjvm.so+0x51c0d0], sa_mask[0]=0x7ffbfeff, sa_flags=0x10000004
SIGILL: [libjvm.so+0x51c0d0], sa_mask[0]=0x7ffbfeff, sa_flags=0x10000004
SIGUSR1: SIG_DFL, sa_mask[0]=0x00000000, sa_flags=0x00000000
SIGUSR2: [libjvm.so+0x51b780], sa_mask[0]=0x00000004, sa_flags=0x10000004
SIGHUP: [libjvm.so+0x51e2f0], sa_mask[0]=0x7ffbfeff, sa_flags=0x10000004
SIGINT: SIG_IGN, sa_mask[0]=0x00000000, sa_flags=0x00000000
SIGTERM: [libjvm.so+0x51e2f0], sa_mask[0]=0x7ffbfeff, sa_flags=0x10000004
SIGQUIT: [libjvm.so+0x51e2f0], sa_mask[0]=0x7ffbfeff, sa_flags=0x10000004


---------------  S Y S T E M  ---------------

OS:Ubuntu 10.04 (lucid)
uname:Linux 2.6.32-33-generic #70-Ubuntu SMP Thu Jul 7 21:09:46 UTC 2011 i686
libc:glibc 2.11.1 NPTL 2.11.1 
rlimit: STACK 8192k, CORE 0k, NPROC infinity, NOFILE 1024, AS infinity
load average:0.57 0.36 0.32

/proc/meminfo:
MemTotal:        2836956 kB
MemFree:         1132088 kB
Buffers:           79736 kB
Cached:           801312 kB
SwapCached:            0 kB
Active:           903964 kB
Inactive:         705868 kB
Active(anon):     729192 kB
Inactive(anon):     7436 kB
Active(file):     174772 kB
Inactive(file):   698432 kB
Unevictable:          16 kB
Mlocked:              16 kB
HighTotal:       1973064 kB
HighFree:         411804 kB
LowTotal:         863892 kB
LowFree:          720284 kB
SwapTotal:       3234808 kB
SwapFree:        3234808 kB
Dirty:               224 kB
Writeback:             0 kB
AnonPages:        728796 kB
Mapped:           148508 kB
Shmem:              7848 kB
Slab:              36432 kB
SReclaimable:      24940 kB
SUnreclaim:        11492 kB
KernelStack:        2768 kB
PageTables:         7856 kB
NFS_Unstable:          0 kB
Bounce:                0 kB
WritebackTmp:          0 kB
CommitLimit:     4653284 kB
Committed_AS:    1937824 kB
VmallocTotal:     122880 kB
VmallocUsed:       72908 kB
VmallocChunk:      42876 kB
HardwareCorrupted:     0 kB
HugePages_Total:       0
HugePages_Free:        0
HugePages_Rsvd:        0
HugePages_Surp:        0
Hugepagesize:       4096 kB
DirectMap4k:       12280 kB
DirectMap4M:      897024 kB


CPU:total 2 (2 cores per cpu, 1 threads per core) family 17 model 3 stepping 1, cmov, cx8, fxsr, mmx, sse, sse2, sse3, mmxext, 3dnow, 3dnowext

Memory: 4k page, physical 2836956k(1132088k free), swap 3234808k(3234808k free)

vm_info: OpenJDK Server VM (19.0-b09) for linux-x86 JRE (1.6.0_20-b20), built on Jan 21 2012 08:10:55 by "buildd" with gcc 4.4.3

time: Sun Mar 25 18:38:44 2012
elapsed time: 0 seconds

