#
# A fatal error has been detected by the Java Runtime Environment:
#
#  SIGSEGV (0xb) at pc=0x00184fc6, pid=4162, tid=3078359920
#
# JRE version: 6.0_20-b20
# Java VM: OpenJDK Server VM (19.0-b09 mixed mode linux-x86 )
# Derivative: IcedTea6 1.9.10
# Distribution: Ubuntu 10.04.1 LTS, package 6b20-1.9.10-0ubuntu1~10.04.3
# Problematic frame:
# C  [libc.so.6+0x74fc6]
#
# If you would like to submit a bug report, please include
# instructions how to reproduce the bug and visit:
#   https://bugs.launchpad.net/ubuntu/+source/openjdk-6/
# The crash happened outside the Java Virtual Machine in native code.
# See problematic frame for where to report the bug.
#

---------------  T H R E A D  ---------------

Current thread (0x0929d000):  JavaThread "main" [_thread_in_native, id=4166, stack(0xb7770000,0xb77c1000)]

siginfo:si_signo=SIGSEGV: si_errno=0, si_code=1 (SEGV_MAPERR), si_addr=0x00000000

Registers:
EAX=0x00000002, EBX=0xb77bfaf8, ECX=0x2ddeff4a, EDX=0xb77bfb8c
ESP=0xb77bfa48, EBP=0xb77bfa88, ESI=0x00000000, EDI=0x00000000
EIP=0x00184fc6, CR2=0x00000000, EFLAGS=0x00010202

Register to memory mapping:

EAX=0x00000002
0x00000002 is pointing to unknown location

EBX=0xb77bfaf8
0xb77bfaf8 is pointing into the stack for thread: 0x0929d000
"main" prio=10 tid=0x0929d000 nid=0x1046 runnable [0xb77bf000]
   java.lang.Thread.State: RUNNABLE

ECX=0x2ddeff4a
0x2ddeff4a is pointing to unknown location

EDX=0xb77bfb8c
0xb77bfb8c is pointing into the stack for thread: 0x0929d000
"main" prio=10 tid=0x0929d000 nid=0x1046 runnable [0xb77bf000]
   java.lang.Thread.State: RUNNABLE

ESP=0xb77bfa48
0xb77bfa48 is pointing into the stack for thread: 0x0929d000
"main" prio=10 tid=0x0929d000 nid=0x1046 runnable [0xb77bf000]
   java.lang.Thread.State: RUNNABLE

EBP=0xb77bfa88
0xb77bfa88 is pointing into the stack for thread: 0x0929d000
"main" prio=10 tid=0x0929d000 nid=0x1046 runnable [0xb77bf000]
   java.lang.Thread.State: RUNNABLE

ESI=0x00000000
0x00000000 is pointing to unknown location

EDI=0x00000000
0x00000000 is pointing to unknown location


Top of Stack: (sp=0xb77bfa48)
0xb77bfa48:   80a04fa4 0069ccad 00000000 00000000
0xb77bfa58:   b77bfd2a 00265ff4 80a00010 00000000
0xb77bfa68:   b77bfa88 80a04f10 b77bfa88 001571db
0xb77bfa78:   81293410 81293410 81293410 0929d000
0xb77bfa88:   b77bfd78 0069dbf1 b77bfaf8 00000000
0xb77bfa98:   b77bfd2a 00000000 0000ffff 00000001
0xb77bfaa8:   006a1d75 b77bfbc8 b77bfad8 0017ac22
0xb77bfab8:   006a1c08 0934ff68 b77bfaf4 b77bfd2a 

Instructions: (pc=0x00184fc6)
0x00184fb6:   00 00 00 74 02 a4 49 50 89 c8 c1 e9 02 83 e0 03
0x00184fc6:   f3 a5 89 c1 f3 a4 58 89 c7 89 d6 8b 44 24 04 c3 

Stack: [0xb7770000,0xb77c1000],  sp=0xb77bfa48,  free space=318k
Native frames: (J=compiled Java code, j=interpreted, Vv=VM code, C=native code)
C  [libc.so.6+0x74fc6]
C  [libpacketlib.so+0x3bf1]  traverse_flow_list+0x331
C  [libpacketlib.so+0x3dbe]  get_flow_packets+0x9c
C  [libpacketlib.so+0x4848]  fill_flow_packets+0x6f
C  [libpacketlib.so+0x20d0]  Java_FileAccess_GetPacket_fillpackets+0x110
j  FileAccess.GetPacket.fillpackets()V+0
j  FileAccess.GetPacket.main([Ljava/lang/String;)V+148
v  ~StubRoutines::call_stub
V  [libjvm.so+0x387d72]
V  [libjvm.so+0x519369]
V  [libjvm.so+0x386caf]
V  [libjvm.so+0x39214c]
V  [libjvm.so+0x3a11ad]
C  [java+0x321d]  JavaMain+0xd4d
C  [libpthread.so.0+0x596e]

Java frames: (J=compiled Java code, j=interpreted, Vv=VM code)
j  FileAccess.GetPacket.fillpackets()V+0
j  FileAccess.GetPacket.main([Ljava/lang/String;)V+148
v  ~StubRoutines::call_stub

---------------  P R O C E S S  ---------------

Java Threads: ( => current thread )
  0x0933d400 JavaThread "Low Memory Detector" daemon [_thread_blocked, id=4175, stack(0x806fa000,0x8074b000)]
  0x80a02800 JavaThread "CompilerThread1" daemon [_thread_blocked, id=4174, stack(0x8074b000,0x807cc000)]
  0x80a00800 JavaThread "CompilerThread0" daemon [_thread_blocked, id=4173, stack(0x807cc000,0x8084d000)]
  0x0933b000 JavaThread "Signal Dispatcher" daemon [_thread_blocked, id=4172, stack(0x8084d000,0x8089e000)]
  0x09328000 JavaThread "Finalizer" daemon [_thread_blocked, id=4171, stack(0x808dd000,0x8092e000)]
  0x09326c00 JavaThread "Reference Handler" daemon [_thread_blocked, id=4170, stack(0x8092e000,0x8097f000)]
=>0x0929d000 JavaThread "main" [_thread_in_native, id=4166, stack(0xb7770000,0xb77c1000)]

Other Threads:
  0x09322c00 VMThread [stack: 0x8097f000,0x80a00000] [id=4169]
  0x0933f400 WatcherThread [stack: 0x80679000,0x806fa000] [id=4176]

VM state:not at safepoint (normal execution)

VM Mutex/Monitor currently owned by a thread: None

Heap
 PSYoungGen      total 12992K, used 448K [0xa5f60000, 0xa6dd0000, 0xb46b0000)
  eden space 11200K, 4% used [0xa5f60000,0xa5fd0028,0xa6a50000)
  from space 1792K, 0% used [0xa6c10000,0xa6c10000,0xa6dd0000)
  to   space 1792K, 0% used [0xa6a50000,0xa6a50000,0xa6c10000)
 PSOldGen        total 29568K, used 0K [0x890b0000, 0x8ad90000, 0xa5f60000)
  object space 29568K, 0% used [0x890b0000,0x890b0000,0x8ad90000)
 PSPermGen       total 16384K, used 1951K [0x810b0000, 0x820b0000, 0x890b0000)
  object space 16384K, 11% used [0x810b0000,0x81297fc8,0x820b0000)

Dynamic libraries:
00110000-00263000 r-xp 00000000 08:05 527197     /lib/tls/i686/cmov/libc-2.11.1.so
00263000-00264000 ---p 00153000 08:05 527197     /lib/tls/i686/cmov/libc-2.11.1.so
00264000-00266000 r--p 00153000 08:05 527197     /lib/tls/i686/cmov/libc-2.11.1.so
00266000-00267000 rw-p 00155000 08:05 527197     /lib/tls/i686/cmov/libc-2.11.1.so
00267000-0026a000 rw-p 00000000 00:00 0 
002b3000-002ba000 r-xp 00000000 08:05 527227     /lib/tls/i686/cmov/librt-2.11.1.so
002ba000-002bb000 r--p 00006000 08:05 527227     /lib/tls/i686/cmov/librt-2.11.1.so
002bb000-002bc000 rw-p 00007000 08:05 527227     /lib/tls/i686/cmov/librt-2.11.1.so
00554000-0055b000 r-xp 00000000 08:05 1586228    /usr/lib/jvm/java-6-openjdk/jre/lib/i386/native_threads/libhpi.so
0055b000-0055c000 r--p 00006000 08:05 1586228    /usr/lib/jvm/java-6-openjdk/jre/lib/i386/native_threads/libhpi.so
0055c000-0055d000 rw-p 00007000 08:05 1586228    /usr/lib/jvm/java-6-openjdk/jre/lib/i386/native_threads/libhpi.so
005cc000-005d4000 r-xp 00000000 08:05 527218     /lib/tls/i686/cmov/libnss_nis-2.11.1.so
005d4000-005d5000 r--p 00007000 08:05 527218     /lib/tls/i686/cmov/libnss_nis-2.11.1.so
005d5000-005d6000 rw-p 00008000 08:05 527218     /lib/tls/i686/cmov/libnss_nis-2.11.1.so
0064a000-0064d000 r-xp 00000000 08:05 1586197    /usr/lib/jvm/java-6-openjdk/jre/lib/i386/jli/libjli.so
0064d000-0064e000 r--p 00003000 08:05 1586197    /usr/lib/jvm/java-6-openjdk/jre/lib/i386/jli/libjli.so
0064e000-0064f000 rw-p 00004000 08:05 1586197    /usr/lib/jvm/java-6-openjdk/jre/lib/i386/jli/libjli.so
0069a000-006a3000 r-xp 00000000 08:05 1589892    /usr/lib/libpacketlib.so
006a3000-006a4000 r--p 00008000 08:05 1589892    /usr/lib/libpacketlib.so
006a4000-006a5000 rw-p 00009000 08:05 1589892    /usr/lib/libpacketlib.so
00732000-00734000 r-xp 00000000 08:05 527203     /lib/tls/i686/cmov/libdl-2.11.1.so
00734000-00735000 r--p 00001000 08:05 527203     /lib/tls/i686/cmov/libdl-2.11.1.so
00735000-00736000 rw-p 00002000 08:05 527203     /lib/tls/i686/cmov/libdl-2.11.1.so
007dd000-00801000 r-xp 00000000 08:05 527205     /lib/tls/i686/cmov/libm-2.11.1.so
00801000-00802000 r--p 00023000 08:05 527205     /lib/tls/i686/cmov/libm-2.11.1.so
00802000-00803000 rw-p 00024000 08:05 527205     /lib/tls/i686/cmov/libm-2.11.1.so
00875000-00888000 r-xp 00000000 08:05 527208     /lib/tls/i686/cmov/libnsl-2.11.1.so
00888000-00889000 r--p 00012000 08:05 527208     /lib/tls/i686/cmov/libnsl-2.11.1.so
00889000-0088a000 rw-p 00013000 08:05 527208     /lib/tls/i686/cmov/libnsl-2.11.1.so
0088a000-0088c000 rw-p 00000000 00:00 0 
00896000-0089c000 r-xp 00000000 08:05 527210     /lib/tls/i686/cmov/libnss_compat-2.11.1.so
0089c000-0089d000 r--p 00006000 08:05 527210     /lib/tls/i686/cmov/libnss_compat-2.11.1.so
0089d000-0089e000 rw-p 00007000 08:05 527210     /lib/tls/i686/cmov/libnss_compat-2.11.1.so
008ba000-008bb000 r-xp 00000000 00:00 0          [vdso]
00913000-00928000 r-xp 00000000 08:05 527223     /lib/tls/i686/cmov/libpthread-2.11.1.so
00928000-00929000 r--p 00014000 08:05 527223     /lib/tls/i686/cmov/libpthread-2.11.1.so
00929000-0092a000 rw-p 00015000 08:05 527223     /lib/tls/i686/cmov/libpthread-2.11.1.so
0092a000-0092c000 rw-p 00000000 00:00 0 
009f7000-00a01000 r-xp 00000000 08:05 527214     /lib/tls/i686/cmov/libnss_files-2.11.1.so
00a01000-00a02000 r--p 00009000 08:05 527214     /lib/tls/i686/cmov/libnss_files-2.11.1.so
00a02000-00a03000 rw-p 0000a000 08:05 527214     /lib/tls/i686/cmov/libnss_files-2.11.1.so
00ac2000-00ace000 r-xp 00000000 08:05 1586225    /usr/lib/jvm/java-6-openjdk/jre/lib/i386/libverify.so
00ace000-00acf000 r--p 0000b000 08:05 1586225    /usr/lib/jvm/java-6-openjdk/jre/lib/i386/libverify.so
00acf000-00ad0000 rw-p 0000c000 08:05 1586225    /usr/lib/jvm/java-6-openjdk/jre/lib/i386/libverify.so
00af9000-00b00000 r-xp 00000000 08:05 1586226    /usr/lib/jvm/java-6-openjdk/jre/lib/i386/libzip.so
00b00000-00b01000 r--p 00006000 08:05 1586226    /usr/lib/jvm/java-6-openjdk/jre/lib/i386/libzip.so
00b01000-00b02000 rw-p 00007000 08:05 1586226    /usr/lib/jvm/java-6-openjdk/jre/lib/i386/libzip.so
00b27000-00b3a000 r-xp 00000000 08:05 523463     /lib/libz.so.1.2.3.3
00b3a000-00b3b000 r--p 00012000 08:05 523463     /lib/libz.so.1.2.3.3
00b3b000-00b3c000 rw-p 00013000 08:05 523463     /lib/libz.so.1.2.3.3
00bd9000-00bfd000 r-xp 00000000 08:05 1586209    /usr/lib/jvm/java-6-openjdk/jre/lib/i386/libjava.so
00bfd000-00bfe000 r--p 00023000 08:05 1586209    /usr/lib/jvm/java-6-openjdk/jre/lib/i386/libjava.so
00bfe000-00c00000 rw-p 00024000 08:05 1586209    /usr/lib/jvm/java-6-openjdk/jre/lib/i386/libjava.so
00d86000-00da1000 r-xp 00000000 08:05 523290     /lib/ld-2.11.1.so
00da1000-00da2000 r--p 0001a000 08:05 523290     /lib/ld-2.11.1.so
00da2000-00da3000 rw-p 0001b000 08:05 523290     /lib/ld-2.11.1.so
00da3000-01468000 r-xp 00000000 08:05 1586230    /usr/lib/jvm/java-6-openjdk/jre/lib/i386/server/libjvm.so
01468000-01469000 ---p 006c5000 08:05 1586230    /usr/lib/jvm/java-6-openjdk/jre/lib/i386/server/libjvm.so
01469000-014ae000 r--p 006c5000 08:05 1586230    /usr/lib/jvm/java-6-openjdk/jre/lib/i386/server/libjvm.so
014ae000-014bd000 rw-p 0070a000 08:05 1586230    /usr/lib/jvm/java-6-openjdk/jre/lib/i386/server/libjvm.so
014bd000-018dc000 rw-p 00000000 00:00 0 
08048000-08051000 r-xp 00000000 08:05 1586258    /usr/lib/jvm/java-6-openjdk/jre/bin/java
08051000-08052000 r--p 00008000 08:05 1586258    /usr/lib/jvm/java-6-openjdk/jre/bin/java
08052000-08053000 rw-p 00009000 08:05 1586258    /usr/lib/jvm/java-6-openjdk/jre/bin/java
09296000-09369000 rw-p 00000000 00:00 0          [heap]
805f8000-80679000 rw-p 00000000 00:00 0 
80679000-8067a000 ---p 00000000 00:00 0 
8067a000-806fa000 rw-p 00000000 00:00 0 
806fa000-806fd000 ---p 00000000 00:00 0 
806fd000-8074b000 rw-p 00000000 00:00 0 
8074b000-8074e000 ---p 00000000 00:00 0 
8074e000-807cc000 rw-p 00000000 00:00 0 
807cc000-807cf000 ---p 00000000 00:00 0 
807cf000-8084d000 rw-p 00000000 00:00 0 
8084d000-80850000 ---p 00000000 00:00 0 
80850000-8089e000 rw-p 00000000 00:00 0 
8089e000-808dd000 r--p 00000000 08:05 1577945    /usr/lib/locale/en_IN/LC_CTYPE
808dd000-808e0000 ---p 00000000 00:00 0 
808e0000-8092e000 rw-p 00000000 00:00 0 
8092e000-80931000 ---p 00000000 00:00 0 
80931000-8097f000 rw-p 00000000 00:00 0 
8097f000-80980000 ---p 00000000 00:00 0 
80980000-80a00000 rw-p 00000000 00:00 0 
80a00000-80a21000 rw-p 00000000 00:00 0 
80a21000-80b00000 ---p 00000000 00:00 0 
80b18000-80b21000 r--s 00065000 08:05 6219       /usr/share/java/gnome-java-bridge.jar
80b21000-80b23000 r--s 0001d000 08:05 1577596    /usr/lib/jvm/java-6-openjdk/jre/lib/plugin.jar
80b23000-80b28000 r--s 00045000 08:05 1577595    /usr/lib/jvm/java-6-openjdk/jre/lib/netx.jar
80b28000-80b5b000 rw-p 00000000 00:00 0 
80b5b000-80cea000 r--s 038c4000 08:05 1586189    /usr/lib/jvm/java-6-openjdk/jre/lib/rt.jar
80cea000-80ceb000 ---p 00000000 00:00 0 
80ceb000-80d6b000 rw-p 00000000 00:00 0 
80d6b000-80d6c000 ---p 00000000 00:00 0 
80d6c000-80df4000 rw-p 00000000 00:00 0 
80df4000-80e2c000 rw-p 00000000 00:00 0 
80e2c000-80e3b000 rw-p 00000000 00:00 0 
80e3b000-80f14000 rw-p 00000000 00:00 0 
80f14000-80f1c000 rw-p 00000000 00:00 0 
80f1c000-80f54000 rw-p 00000000 00:00 0 
80f54000-80f63000 rw-p 00000000 00:00 0 
80f63000-8103b000 rw-p 00000000 00:00 0 
8103b000-81043000 rw-p 00000000 00:00 0 
81043000-810af000 rw-p 00000000 00:00 0 
810af000-820b0000 rw-p 00000000 00:00 0 
820b0000-890b0000 rw-p 00000000 00:00 0 
890b0000-8ad90000 rw-p 00000000 00:00 0 
8ad90000-a5f60000 rw-p 00000000 00:00 0 
a5f60000-a6dd0000 rw-p 00000000 00:00 0 
a6dd0000-b46b0000 rw-p 00000000 00:00 0 
b46b0000-b46b9000 rw-p 00000000 00:00 0 
b46b9000-b4770000 rw-p 00000000 00:00 0 
b4770000-b49b0000 rwxp 00000000 00:00 0 
b49b0000-b7770000 rw-p 00000000 00:00 0 
b7770000-b7773000 ---p 00000000 00:00 0 
b7773000-b77c4000 rw-p 00000000 00:00 0 
b77c7000-b77c8000 rw-p 00000000 00:00 0 
b77c9000-b77cc000 r--s 0000f000 08:05 1577575    /usr/lib/jvm/java-6-openjdk/jre/lib/ext/pulse-java.jar
b77cc000-b77d4000 rw-s 00000000 08:05 668670     /tmp/hsperfdata_root/4162
b77d4000-b77d5000 rw-p 00000000 00:00 0 
b77d5000-b77d6000 r--p 00000000 00:00 0 
b77d6000-b77d8000 rw-p 00000000 00:00 0 
bfdd2000-bfde7000 rw-p 00000000 00:00 0          [stack]

VM Arguments:
jvm_args: -Dfile.encoding=UTF-8 
java_command: FileAccess.GetPacket
Launcher Type: SUN_STANDARD

Environment Variables:
PATH=/usr/local/sbin:/usr/local/bin:/usr/sbin:/usr/bin:/sbin:/bin:/usr/games
USERNAME=root
LD_LIBRARY_PATH=/usr/lib/jvm/java-6-openjdk/jre/lib/i386/server:/usr/lib/jvm/java-6-openjdk/jre/lib/i386:/usr/lib/jvm/java-6-openjdk/jre/../lib/i386:/usr/lib/jvm/java-6-openjdk/jre/lib/i386/client:/usr/lib/jvm/java-6-openjdk/jre/lib/i386:/usr/lib/jvm/java-6-openjdk/jre/../lib/i386
SHELL=/bin/bash
DISPLAY=:0.0

Signal Handlers:
SIGSEGV: [libjvm.so+0x64a040], sa_mask[0]=0x7ffbfeff, sa_flags=0x10000004
SIGBUS: [libjvm.so+0x64a040], sa_mask[0]=0x7ffbfeff, sa_flags=0x10000004
SIGFPE: [libjvm.so+0x51c0d0], sa_mask[0]=0x7ffbfeff, sa_flags=0x10000004
SIGPIPE: [libjvm.so+0x51c0d0], sa_mask[0]=0x7ffbfeff, sa_flags=0x10000004
SIGXFSZ: [libjvm.so+0x51c0d0], sa_mask[0]=0x7ffbfeff, sa_flags=0x10000004
SIGILL: [libjvm.so+0x51c0d0], sa_mask[0]=0x7ffbfeff, sa_flags=0x10000004
SIGUSR1: SIG_DFL, sa_mask[0]=0x00000000, sa_flags=0x00000000
SIGUSR2: [libjvm.so+0x51b780], sa_mask[0]=0x00000004, sa_flags=0x10000004
SIGHUP: [libjvm.so+0x51e2f0], sa_mask[0]=0x7ffbfeff, sa_flags=0x10000004
SIGINT: SIG_IGN, sa_mask[0]=0x00000000, sa_flags=0x00000000
SIGTERM: [libjvm.so+0x51e2f0], sa_mask[0]=0x7ffbfeff, sa_flags=0x10000004
SIGQUIT: [libjvm.so+0x51e2f0], sa_mask[0]=0x7ffbfeff, sa_flags=0x10000004


---------------  S Y S T E M  ---------------

OS:Ubuntu 10.04 (lucid)
uname:Linux 2.6.32-33-generic #70-Ubuntu SMP Thu Jul 7 21:09:46 UTC 2011 i686
libc:glibc 2.11.1 NPTL 2.11.1 
rlimit: STACK 8192k, CORE 0k, NPROC infinity, NOFILE 1024, AS infinity
load average:0.30 0.34 0.39

/proc/meminfo:
MemTotal:        2836956 kB
MemFree:         1140280 kB
Buffers:           76952 kB
Cached:           798432 kB
SwapCached:            0 kB
Active:           898088 kB
Inactive:         703128 kB
Active(anon):     726240 kB
Inactive(anon):     7436 kB
Active(file):     171848 kB
Inactive(file):   695692 kB
Unevictable:          16 kB
Mlocked:              16 kB
HighTotal:       1973064 kB
HighFree:         417136 kB
LowTotal:         863892 kB
LowFree:          723144 kB
SwapTotal:       3234808 kB
SwapFree:        3234808 kB
Dirty:               228 kB
Writeback:             0 kB
AnonPages:        725760 kB
Mapped:           148688 kB
Shmem:              7848 kB
Slab:              36300 kB
SReclaimable:      24816 kB
SUnreclaim:        11484 kB
KernelStack:        2848 kB
PageTables:         8032 kB
NFS_Unstable:          0 kB
Bounce:                0 kB
WritebackTmp:          0 kB
CommitLimit:     4653284 kB
Committed_AS:    1934476 kB
VmallocTotal:     122880 kB
VmallocUsed:       72908 kB
VmallocChunk:      42876 kB
HardwareCorrupted:     0 kB
HugePages_Total:       0
HugePages_Free:        0
HugePages_Rsvd:        0
HugePages_Surp:        0
Hugepagesize:       4096 kB
DirectMap4k:       12280 kB
DirectMap4M:      897024 kB


CPU:total 2 (2 cores per cpu, 1 threads per core) family 17 model 3 stepping 1, cmov, cx8, fxsr, mmx, sse, sse2, sse3, mmxext, 3dnow, 3dnowext

Memory: 4k page, physical 2836956k(1140280k free), swap 3234808k(3234808k free)

vm_info: OpenJDK Server VM (19.0-b09) for linux-x86 JRE (1.6.0_20-b20), built on Jan 21 2012 08:10:55 by "buildd" with gcc 4.4.3

time: Sun Mar 25 17:51:12 2012
elapsed time: 0 seconds

