#
# A fatal error has been detected by the Java Runtime Environment:
#
#  SIGSEGV (0xb) at pc=0x00d35fc6, pid=4839, tid=3078220656
#
# JRE version: 6.0_20-b20
# Java VM: OpenJDK Server VM (19.0-b09 mixed mode linux-x86 )
# Derivative: IcedTea6 1.9.10
# Distribution: Ubuntu 10.04.1 LTS, package 6b20-1.9.10-0ubuntu1~10.04.3
# Problematic frame:
# C  [libc.so.6+0x74fc6]
#
# If you would like to submit a bug report, please include
# instructions how to reproduce the bug and visit:
#   https://bugs.launchpad.net/ubuntu/+source/openjdk-6/
# The crash happened outside the Java Virtual Machine in native code.
# See problematic frame for where to report the bug.
#

---------------  T H R E A D  ---------------

Current thread (0x09b27000):  JavaThread "main" [_thread_in_native, id=4843, stack(0xb774e000,0xb779f000)]

siginfo:si_signo=SIGSEGV: si_errno=0, si_code=1 (SEGV_MAPERR), si_addr=0x00000000

Registers:
EAX=0x00000002, EBX=0xb779daf8, ECX=0x2dde774a, EDX=0xb779db8c
ESP=0xb779da48, EBP=0xb779da88, ESI=0x00000000, EDI=0x00000000
EIP=0x00d35fc6, CR2=0x00000000, EFLAGS=0x00010202

Register to memory mapping:

EAX=0x00000002
0x00000002 is pointing to unknown location

EBX=0xb779daf8
0xb779daf8 is pointing into the stack for thread: 0x09b27000
"main" prio=10 tid=0x09b27000 nid=0x12eb runnable [0xb779d000]
   java.lang.Thread.State: RUNNABLE

ECX=0x2dde774a
0x2dde774a is pointing to unknown location

EDX=0xb779db8c
0xb779db8c is pointing into the stack for thread: 0x09b27000
"main" prio=10 tid=0x09b27000 nid=0x12eb runnable [0xb779d000]
   java.lang.Thread.State: RUNNABLE

ESP=0xb779da48
0xb779da48 is pointing into the stack for thread: 0x09b27000
"main" prio=10 tid=0x09b27000 nid=0x12eb runnable [0xb779d000]
   java.lang.Thread.State: RUNNABLE

EBP=0xb779da88
0xb779da88 is pointing into the stack for thread: 0x09b27000
"main" prio=10 tid=0x09b27000 nid=0x12eb runnable [0xb779d000]
   java.lang.Thread.State: RUNNABLE

ESI=0x00000000
0x00000000 is pointing to unknown location

EDI=0x00000000
0x00000000 is pointing to unknown location


Top of Stack: (sp=0xb779da48)
0xb779da48:   8060ccb4 0036e011 00000000 00000000
0xb779da58:   b779dd2a 00e16ff4 80600010 00000000
0xb779da68:   b779da88 8060cc20 b779da88 00d081db
0xb779da78:   81263448 81263448 81263448 09b27000
0xb779da88:   b779dd78 0036ef83 b779daf8 00000000
0xb779da98:   b779dd2a 00000000 0000ffff 00000001
0xb779daa8:   00373791 b779dbc8 b779dad8 00d2bc22
0xb779dab8:   80601b08 8060a310 b779daf4 b779dd2a 

Instructions: (pc=0x00d35fc6)
0x00d35fb6:   00 00 00 74 02 a4 49 50 89 c8 c1 e9 02 83 e0 03
0x00d35fc6:   f3 a5 89 c1 f3 a4 58 89 c7 89 d6 8b 44 24 04 c3 

Stack: [0xb774e000,0xb779f000],  sp=0xb779da48,  free space=318k
Native frames: (J=compiled Java code, j=interpreted, Vv=VM code, C=native code)
C  [libc.so.6+0x74fc6]
C  [libpacketlib.so+0x3f83]  traverse_flow_list+0x35f
C  [libpacketlib.so+0x4162]  get_flow_packets+0x9c
C  [libpacketlib.so+0x4bec]  fill_flow_packets+0x6f
C  [libpacketlib.so+0x2435]  Java_FileAccess_GetPacket_fillpackets+0x205
j  FileAccess.GetPacket.fillpackets()V+0
j  FileAccess.GetPacket.main([Ljava/lang/String;)V+154
v  ~StubRoutines::call_stub
V  [libjvm.so+0x387d72]
V  [libjvm.so+0x519369]
V  [libjvm.so+0x386caf]
V  [libjvm.so+0x39214c]
V  [libjvm.so+0x3a11ad]
C  [java+0x321d]  JavaMain+0xd4d
C  [libpthread.so.0+0x596e]

Java frames: (J=compiled Java code, j=interpreted, Vv=VM code)
j  FileAccess.GetPacket.fillpackets()V+0
j  FileAccess.GetPacket.main([Ljava/lang/String;)V+154
v  ~StubRoutines::call_stub

---------------  P R O C E S S  ---------------

Java Threads: ( => current thread )
  0x09bcc000 JavaThread "Low Memory Detector" daemon [_thread_blocked, id=4852, stack(0x807eb000,0x8083c000)]
  0x09bc8800 JavaThread "CompilerThread1" daemon [_thread_blocked, id=4851, stack(0x8083c000,0x808bd000)]
  0x09bc6800 JavaThread "CompilerThread0" daemon [_thread_blocked, id=4850, stack(0x808bd000,0x8093e000)]
  0x09bc5000 JavaThread "Signal Dispatcher" daemon [_thread_blocked, id=4849, stack(0x8093e000,0x8098f000)]
  0x09bb2000 JavaThread "Finalizer" daemon [_thread_blocked, id=4848, stack(0x809ce000,0x80a1f000)]
  0x09bb0c00 JavaThread "Reference Handler" daemon [_thread_blocked, id=4847, stack(0x80a1f000,0x80a70000)]
=>0x09b27000 JavaThread "main" [_thread_in_native, id=4843, stack(0xb774e000,0xb779f000)]

Other Threads:
  0x09bacc00 VMThread [stack: 0x80a70000,0x80af1000] [id=4846]
  0x09bcdc00 WatcherThread [stack: 0x8076a000,0x807eb000] [id=4853]

VM state:not at safepoint (normal execution)

VM Mutex/Monitor currently owned by a thread: None

Heap
 PSYoungGen      total 12992K, used 448K [0xa5f30000, 0xa6da0000, 0xb4680000)
  eden space 11200K, 4% used [0xa5f30000,0xa5fa0028,0xa6a20000)
  from space 1792K, 0% used [0xa6be0000,0xa6be0000,0xa6da0000)
  to   space 1792K, 0% used [0xa6a20000,0xa6a20000,0xa6be0000)
 PSOldGen        total 29568K, used 0K [0x89080000, 0x8ad60000, 0xa5f30000)
  object space 29568K, 0% used [0x89080000,0x89080000,0x8ad60000)
 PSPermGen       total 16384K, used 1952K [0x81080000, 0x82080000, 0x89080000)
  object space 16384K, 11% used [0x81080000,0x81268058,0x82080000)

Dynamic libraries:
00110000-00116000 r-xp 00000000 08:05 527210     /lib/tls/i686/cmov/libnss_compat-2.11.1.so
00116000-00117000 r--p 00006000 08:05 527210     /lib/tls/i686/cmov/libnss_compat-2.11.1.so
00117000-00118000 rw-p 00007000 08:05 527210     /lib/tls/i686/cmov/libnss_compat-2.11.1.so
00200000-00213000 r-xp 00000000 08:05 523463     /lib/libz.so.1.2.3.3
00213000-00214000 r--p 00012000 08:05 523463     /lib/libz.so.1.2.3.3
00214000-00215000 rw-p 00013000 08:05 523463     /lib/libz.so.1.2.3.3
00288000-002ac000 r-xp 00000000 08:05 527205     /lib/tls/i686/cmov/libm-2.11.1.so
002ac000-002ad000 r--p 00023000 08:05 527205     /lib/tls/i686/cmov/libm-2.11.1.so
002ad000-002ae000 rw-p 00024000 08:05 527205     /lib/tls/i686/cmov/libm-2.11.1.so
0036b000-00374000 r-xp 00000000 08:05 1589892    /usr/lib/libpacketlib.so
00374000-00375000 r--p 00009000 08:05 1589892    /usr/lib/libpacketlib.so
00375000-00376000 rw-p 0000a000 08:05 1589892    /usr/lib/libpacketlib.so
00410000-00417000 r-xp 00000000 08:05 1586226    /usr/lib/jvm/java-6-openjdk/jre/lib/i386/libzip.so
00417000-00418000 r--p 00006000 08:05 1586226    /usr/lib/jvm/java-6-openjdk/jre/lib/i386/libzip.so
00418000-00419000 rw-p 00007000 08:05 1586226    /usr/lib/jvm/java-6-openjdk/jre/lib/i386/libzip.so
00442000-00449000 r-xp 00000000 08:05 527227     /lib/tls/i686/cmov/librt-2.11.1.so
00449000-0044a000 r--p 00006000 08:05 527227     /lib/tls/i686/cmov/librt-2.11.1.so
0044a000-0044b000 rw-p 00007000 08:05 527227     /lib/tls/i686/cmov/librt-2.11.1.so
005d1000-005d4000 r-xp 00000000 08:05 1586197    /usr/lib/jvm/java-6-openjdk/jre/lib/i386/jli/libjli.so
005d4000-005d5000 r--p 00003000 08:05 1586197    /usr/lib/jvm/java-6-openjdk/jre/lib/i386/jli/libjli.so
005d5000-005d6000 rw-p 00004000 08:05 1586197    /usr/lib/jvm/java-6-openjdk/jre/lib/i386/jli/libjli.so
0060d000-00620000 r-xp 00000000 08:05 527208     /lib/tls/i686/cmov/libnsl-2.11.1.so
00620000-00621000 r--p 00012000 08:05 527208     /lib/tls/i686/cmov/libnsl-2.11.1.so
00621000-00622000 rw-p 00013000 08:05 527208     /lib/tls/i686/cmov/libnsl-2.11.1.so
00622000-00624000 rw-p 00000000 00:00 0 
00726000-00730000 r-xp 00000000 08:05 527214     /lib/tls/i686/cmov/libnss_files-2.11.1.so
00730000-00731000 r--p 00009000 08:05 527214     /lib/tls/i686/cmov/libnss_files-2.11.1.so
00731000-00732000 rw-p 0000a000 08:05 527214     /lib/tls/i686/cmov/libnss_files-2.11.1.so
0077a000-0078f000 r-xp 00000000 08:05 527223     /lib/tls/i686/cmov/libpthread-2.11.1.so
0078f000-00790000 r--p 00014000 08:05 527223     /lib/tls/i686/cmov/libpthread-2.11.1.so
00790000-00791000 rw-p 00015000 08:05 527223     /lib/tls/i686/cmov/libpthread-2.11.1.so
00791000-00793000 rw-p 00000000 00:00 0 
007f0000-00814000 r-xp 00000000 08:05 1586209    /usr/lib/jvm/java-6-openjdk/jre/lib/i386/libjava.so
00814000-00815000 r--p 00023000 08:05 1586209    /usr/lib/jvm/java-6-openjdk/jre/lib/i386/libjava.so
00815000-00817000 rw-p 00024000 08:05 1586209    /usr/lib/jvm/java-6-openjdk/jre/lib/i386/libjava.so
0081f000-00826000 r-xp 00000000 08:05 1586228    /usr/lib/jvm/java-6-openjdk/jre/lib/i386/native_threads/libhpi.so
00826000-00827000 r--p 00006000 08:05 1586228    /usr/lib/jvm/java-6-openjdk/jre/lib/i386/native_threads/libhpi.so
00827000-00828000 rw-p 00007000 08:05 1586228    /usr/lib/jvm/java-6-openjdk/jre/lib/i386/native_threads/libhpi.so
0089d000-0089e000 r-xp 00000000 00:00 0          [vdso]
008e8000-008f0000 r-xp 00000000 08:05 527218     /lib/tls/i686/cmov/libnss_nis-2.11.1.so
008f0000-008f1000 r--p 00007000 08:05 527218     /lib/tls/i686/cmov/libnss_nis-2.11.1.so
008f1000-008f2000 rw-p 00008000 08:05 527218     /lib/tls/i686/cmov/libnss_nis-2.11.1.so
008f8000-008fa000 r-xp 00000000 08:05 527203     /lib/tls/i686/cmov/libdl-2.11.1.so
008fa000-008fb000 r--p 00001000 08:05 527203     /lib/tls/i686/cmov/libdl-2.11.1.so
008fb000-008fc000 rw-p 00002000 08:05 527203     /lib/tls/i686/cmov/libdl-2.11.1.so
00a45000-00a51000 r-xp 00000000 08:05 1586225    /usr/lib/jvm/java-6-openjdk/jre/lib/i386/libverify.so
00a51000-00a52000 r--p 0000b000 08:05 1586225    /usr/lib/jvm/java-6-openjdk/jre/lib/i386/libverify.so
00a52000-00a53000 rw-p 0000c000 08:05 1586225    /usr/lib/jvm/java-6-openjdk/jre/lib/i386/libverify.so
00a8a000-00aa5000 r-xp 00000000 08:05 523290     /lib/ld-2.11.1.so
00aa5000-00aa6000 r--p 0001a000 08:05 523290     /lib/ld-2.11.1.so
00aa6000-00aa7000 rw-p 0001b000 08:05 523290     /lib/ld-2.11.1.so
00cc1000-00e14000 r-xp 00000000 08:05 527197     /lib/tls/i686/cmov/libc-2.11.1.so
00e14000-00e15000 ---p 00153000 08:05 527197     /lib/tls/i686/cmov/libc-2.11.1.so
00e15000-00e17000 r--p 00153000 08:05 527197     /lib/tls/i686/cmov/libc-2.11.1.so
00e17000-00e18000 rw-p 00155000 08:05 527197     /lib/tls/i686/cmov/libc-2.11.1.so
00e18000-00e1b000 rw-p 00000000 00:00 0 
00e1b000-014e0000 r-xp 00000000 08:05 1586230    /usr/lib/jvm/java-6-openjdk/jre/lib/i386/server/libjvm.so
014e0000-014e1000 ---p 006c5000 08:05 1586230    /usr/lib/jvm/java-6-openjdk/jre/lib/i386/server/libjvm.so
014e1000-01526000 r--p 006c5000 08:05 1586230    /usr/lib/jvm/java-6-openjdk/jre/lib/i386/server/libjvm.so
01526000-01535000 rw-p 0070a000 08:05 1586230    /usr/lib/jvm/java-6-openjdk/jre/lib/i386/server/libjvm.so
01535000-01954000 rw-p 00000000 00:00 0 
08048000-08051000 r-xp 00000000 08:05 1586258    /usr/lib/jvm/java-6-openjdk/jre/bin/java
08051000-08052000 r--p 00008000 08:05 1586258    /usr/lib/jvm/java-6-openjdk/jre/bin/java
08052000-08053000 rw-p 00009000 08:05 1586258    /usr/lib/jvm/java-6-openjdk/jre/bin/java
09b20000-09bee000 rw-p 00000000 00:00 0          [heap]
8057f000-80600000 rw-p 00000000 00:00 0 
80600000-80621000 rw-p 00000000 00:00 0 
80621000-80700000 ---p 00000000 00:00 0 
8076a000-8076b000 ---p 00000000 00:00 0 
8076b000-807eb000 rw-p 00000000 00:00 0 
807eb000-807ee000 ---p 00000000 00:00 0 
807ee000-8083c000 rw-p 00000000 00:00 0 
8083c000-8083f000 ---p 00000000 00:00 0 
8083f000-808bd000 rw-p 00000000 00:00 0 
808bd000-808c0000 ---p 00000000 00:00 0 
808c0000-8093e000 rw-p 00000000 00:00 0 
8093e000-80941000 ---p 00000000 00:00 0 
80941000-8098f000 rw-p 00000000 00:00 0 
8098f000-809ce000 r--p 00000000 08:05 1577945    /usr/lib/locale/en_IN/LC_CTYPE
809ce000-809d1000 ---p 00000000 00:00 0 
809d1000-80a1f000 rw-p 00000000 00:00 0 
80a1f000-80a22000 ---p 00000000 00:00 0 
80a22000-80a70000 rw-p 00000000 00:00 0 
80a70000-80a71000 ---p 00000000 00:00 0 
80a71000-80af1000 rw-p 00000000 00:00 0 
80af1000-80af3000 r--s 0001d000 08:05 1577596    /usr/lib/jvm/java-6-openjdk/jre/lib/plugin.jar
80af3000-80af8000 r--s 00045000 08:05 1577595    /usr/lib/jvm/java-6-openjdk/jre/lib/netx.jar
80af8000-80b2b000 rw-p 00000000 00:00 0 
80b2b000-80cba000 r--s 038c4000 08:05 1586189    /usr/lib/jvm/java-6-openjdk/jre/lib/rt.jar
80cba000-80cbb000 ---p 00000000 00:00 0 
80cbb000-80d3b000 rw-p 00000000 00:00 0 
80d3b000-80d3c000 ---p 00000000 00:00 0 
80d3c000-80dc4000 rw-p 00000000 00:00 0 
80dc4000-80dfc000 rw-p 00000000 00:00 0 
80dfc000-80e0b000 rw-p 00000000 00:00 0 
80e0b000-80ee4000 rw-p 00000000 00:00 0 
80ee4000-80eec000 rw-p 00000000 00:00 0 
80eec000-80f24000 rw-p 00000000 00:00 0 
80f24000-80f33000 rw-p 00000000 00:00 0 
80f33000-8100b000 rw-p 00000000 00:00 0 
8100b000-81013000 rw-p 00000000 00:00 0 
81013000-8107f000 rw-p 00000000 00:00 0 
8107f000-82080000 rw-p 00000000 00:00 0 
82080000-89080000 rw-p 00000000 00:00 0 
89080000-8ad60000 rw-p 00000000 00:00 0 
8ad60000-a5f30000 rw-p 00000000 00:00 0 
a5f30000-a6da0000 rw-p 00000000 00:00 0 
a6da0000-b4680000 rw-p 00000000 00:00 0 
b4684000-b4685000 rw-p 00000000 00:00 0 
b4685000-b468e000 r--s 00065000 08:05 6219       /usr/share/java/gnome-java-bridge.jar
b468e000-b4697000 rw-p 00000000 00:00 0 
b4697000-b474e000 rw-p 00000000 00:00 0 
b474e000-b498e000 rwxp 00000000 00:00 0 
b498e000-b774e000 rw-p 00000000 00:00 0 
b774e000-b7751000 ---p 00000000 00:00 0 
b7751000-b77a2000 rw-p 00000000 00:00 0 
b77a7000-b77aa000 r--s 0000f000 08:05 1577575    /usr/lib/jvm/java-6-openjdk/jre/lib/ext/pulse-java.jar
b77aa000-b77b2000 rw-s 00000000 08:05 671472     /tmp/hsperfdata_root/4839
b77b2000-b77b3000 rw-p 00000000 00:00 0 
b77b3000-b77b4000 r--p 00000000 00:00 0 
b77b4000-b77b6000 rw-p 00000000 00:00 0 
bfcc4000-bfcd9000 rw-p 00000000 00:00 0          [stack]

VM Arguments:
jvm_args: -Dfile.encoding=UTF-8 
java_command: FileAccess.GetPacket
Launcher Type: SUN_STANDARD

Environment Variables:
PATH=/usr/local/sbin:/usr/local/bin:/usr/sbin:/usr/bin:/sbin:/bin:/usr/games
USERNAME=root
LD_LIBRARY_PATH=/usr/lib/jvm/java-6-openjdk/jre/lib/i386/server:/usr/lib/jvm/java-6-openjdk/jre/lib/i386:/usr/lib/jvm/java-6-openjdk/jre/../lib/i386:/usr/lib/jvm/java-6-openjdk/jre/lib/i386/client:/usr/lib/jvm/java-6-openjdk/jre/lib/i386:/usr/lib/jvm/java-6-openjdk/jre/../lib/i386
SHELL=/bin/bash
DISPLAY=:0.0

Signal Handlers:
SIGSEGV: [libjvm.so+0x64a040], sa_mask[0]=0x7ffbfeff, sa_flags=0x10000004
SIGBUS: [libjvm.so+0x64a040], sa_mask[0]=0x7ffbfeff, sa_flags=0x10000004
SIGFPE: [libjvm.so+0x51c0d0], sa_mask[0]=0x7ffbfeff, sa_flags=0x10000004
SIGPIPE: [libjvm.so+0x51c0d0], sa_mask[0]=0x7ffbfeff, sa_flags=0x10000004
SIGXFSZ: [libjvm.so+0x51c0d0], sa_mask[0]=0x7ffbfeff, sa_flags=0x10000004
SIGILL: [libjvm.so+0x51c0d0], sa_mask[0]=0x7ffbfeff, sa_flags=0x10000004
SIGUSR1: SIG_DFL, sa_mask[0]=0x00000000, sa_flags=0x00000000
SIGUSR2: [libjvm.so+0x51b780], sa_mask[0]=0x00000004, sa_flags=0x10000004
SIGHUP: [libjvm.so+0x51e2f0], sa_mask[0]=0x7ffbfeff, sa_flags=0x10000004
SIGINT: SIG_IGN, sa_mask[0]=0x00000000, sa_flags=0x00000000
SIGTERM: [libjvm.so+0x51e2f0], sa_mask[0]=0x7ffbfeff, sa_flags=0x10000004
SIGQUIT: [libjvm.so+0x51e2f0], sa_mask[0]=0x7ffbfeff, sa_flags=0x10000004


---------------  S Y S T E M  ---------------

OS:Ubuntu 10.04 (lucid)
uname:Linux 2.6.32-33-generic #70-Ubuntu SMP Thu Jul 7 21:09:46 UTC 2011 i686
libc:glibc 2.11.1 NPTL 2.11.1 
rlimit: STACK 8192k, CORE 0k, NPROC infinity, NOFILE 1024, AS infinity
load average:0.66 0.45 0.35

/proc/meminfo:
MemTotal:        2836956 kB
MemFree:         1129716 kB
Buffers:           80764 kB
Cached:           801624 kB
SwapCached:            0 kB
Active:           904528 kB
Inactive:         707072 kB
Active(anon):     729620 kB
Inactive(anon):     7440 kB
Active(file):     174908 kB
Inactive(file):   699632 kB
Unevictable:          16 kB
Mlocked:              16 kB
HighTotal:       1973064 kB
HighFree:         410688 kB
LowTotal:         863892 kB
LowFree:          719028 kB
SwapTotal:       3234808 kB
SwapFree:        3234808 kB
Dirty:               196 kB
Writeback:             0 kB
AnonPages:        729224 kB
Mapped:           148696 kB
Shmem:              7852 kB
Slab:              36496 kB
SReclaimable:      25008 kB
SUnreclaim:        11488 kB
KernelStack:        2920 kB
PageTables:         7980 kB
NFS_Unstable:          0 kB
Bounce:                0 kB
WritebackTmp:          0 kB
CommitLimit:     4653284 kB
Committed_AS:    1938984 kB
VmallocTotal:     122880 kB
VmallocUsed:       72908 kB
VmallocChunk:      42876 kB
HardwareCorrupted:     0 kB
HugePages_Total:       0
HugePages_Free:        0
HugePages_Rsvd:        0
HugePages_Surp:        0
Hugepagesize:       4096 kB
DirectMap4k:       12280 kB
DirectMap4M:      897024 kB


CPU:total 2 (2 cores per cpu, 1 threads per core) family 17 model 3 stepping 1, cmov, cx8, fxsr, mmx, sse, sse2, sse3, mmxext, 3dnow, 3dnowext

Memory: 4k page, physical 2836956k(1129716k free), swap 3234808k(3234808k free)

vm_info: OpenJDK Server VM (19.0-b09) for linux-x86 JRE (1.6.0_20-b20), built on Jan 21 2012 08:10:55 by "buildd" with gcc 4.4.3

time: Sun Mar 25 18:41:00 2012
elapsed time: 0 seconds

