#
# A fatal error has been detected by the Java Runtime Environment:
#
#  SIGSEGV (0xb) at pc=0x01322390, pid=4637, tid=3079015280
#
# JRE version: 6.0_20-b20
# Java VM: OpenJDK Server VM (19.0-b09 mixed mode linux-x86 )
# Derivative: IcedTea6 1.9.10
# Distribution: Ubuntu 10.04.1 LTS, package 6b20-1.9.10-0ubuntu1~10.04.3
# Problematic frame:
# V  [libjvm.so+0x39b390]
#
# If you would like to submit a bug report, please include
# instructions how to reproduce the bug and visit:
#   https://bugs.launchpad.net/ubuntu/+source/openjdk-6/
#

---------------  T H R E A D  ---------------

Current thread (0x09ed2000):  JavaThread "main" [_thread_in_vm, id=4639, stack(0xb7810000,0xb7861000)]

siginfo:si_signo=SIGSEGV: si_errno=0, si_code=1 (SEGV_MAPERR), si_addr=0x00000000

Registers:
EAX=0x00000000, EBX=0x01691ff4, ECX=0xb785fe5c, EDX=0x09ed287c
ESP=0xb785fe24, EBP=0xb785fe88, ESI=0x09ed2000, EDI=0x09ed09a0
EIP=0x01322390, CR2=0x00000000, EFLAGS=0x00010217

Register to memory mapping:

EAX=0x00000000
0x00000000 is pointing to unknown location

EBX=0x01691ff4
0x01691ff4: <offset 0x70aff4> in /usr/lib/jvm/java-6-openjdk/jre/lib/i386/server/libjvm.so at 0x00f87000

ECX=0xb785fe5c
0xb785fe5c is pointing into the stack for thread: 0x09ed2000
"main" prio=10 tid=0x09ed2000 nid=0x121f runnable [0xb785f000]
   java.lang.Thread.State: RUNNABLE

EDX=0x09ed287c
0x09ed287c is pointing to unknown location

ESP=0xb785fe24
0xb785fe24 is pointing into the stack for thread: 0x09ed2000
"main" prio=10 tid=0x09ed2000 nid=0x121f runnable [0xb785f000]
   java.lang.Thread.State: RUNNABLE

EBP=0xb785fe88
0xb785fe88 is pointing into the stack for thread: 0x09ed2000
"main" prio=10 tid=0x09ed2000 nid=0x121f runnable [0xb785f000]
   java.lang.Thread.State: RUNNABLE

ESI=0x09ed2000
"main" prio=10 tid=0x09ed2000 nid=0x121f runnable [0xb785f000]
   java.lang.Thread.State: RUNNABLE

EDI=0x09ed09a0
0x09ed09a0 is pointing to unknown location


Top of Stack: (sp=0xb785fe24)
0xb785fe24:   09ed2000 00000ffc 00000ffc b785fe6c
0xb785fe34:   00000000 09ed2490 09ed287c 0000003c
0xb785fe44:   b785fe5c 09ed2488 b785fe5c 00000015
0xb785fe54:   09ed28a4 09ed2000 09ed2000 00000000
0xb785fe64:   09ed2000 523beb0a 09ed2000 00000072
0xb785fe74:   00000000 09f58e38 81333410 81333410
0xb785fe84:   09ed2000 b785ffd8 00d33376 09ed2118
0xb785fe94:   00000000 00000000 00d39561 01483d09 

Instructions: (pc=0x01322390)
0x01322380:   c0 8b 47 08 89 45 b0 8b 45 0c 8b 57 0c 89 55 b4
0x01322390:   8b 10 52 e8 88 fa fe ff 89 04 24 89 45 ac e8 01 

Stack: [0xb7810000,0xb7861000],  sp=0xb785fe24,  free space=319k
Native frames: (J=compiled Java code, j=interpreted, Vv=VM code, C=native code)
V  [libjvm.so+0x39b390]
C  [libpacketlib.so+0x2376]  Java_FileAccess_GetPacket_fillpackets+0x176
j  FileAccess.GetPacket.fillpackets()V+0
j  FileAccess.GetPacket.main([Ljava/lang/String;)V+148
v  ~StubRoutines::call_stub
V  [libjvm.so+0x387d72]
V  [libjvm.so+0x519369]
V  [libjvm.so+0x386caf]
V  [libjvm.so+0x39214c]
V  [libjvm.so+0x3a11ad]
C  [java+0x321d]  JavaMain+0xd4d
C  [libpthread.so.0+0x596e]

Java frames: (J=compiled Java code, j=interpreted, Vv=VM code)
j  FileAccess.GetPacket.fillpackets()V+0
j  FileAccess.GetPacket.main([Ljava/lang/String;)V+148
v  ~StubRoutines::call_stub

---------------  P R O C E S S  ---------------

Java Threads: ( => current thread )
  0x09f77000 JavaThread "Low Memory Detector" daemon [_thread_blocked, id=4650, stack(0x807ba000,0x8080b000)]
  0x09f73800 JavaThread "CompilerThread1" daemon [_thread_blocked, id=4649, stack(0x8080b000,0x8088c000)]
  0x09f71800 JavaThread "CompilerThread0" daemon [_thread_blocked, id=4648, stack(0x8088c000,0x8090d000)]
  0x09f70400 JavaThread "Signal Dispatcher" daemon [_thread_blocked, id=4647, stack(0x8090d000,0x8095e000)]
  0x09f5d000 JavaThread "Finalizer" daemon [_thread_blocked, id=4646, stack(0x8095e000,0x809af000)]
  0x09f5b800 JavaThread "Reference Handler" daemon [_thread_blocked, id=4645, stack(0x809af000,0x80a00000)]
=>0x09ed2000 JavaThread "main" [_thread_in_vm, id=4639, stack(0xb7810000,0xb7861000)]

Other Threads:
  0x09f57c00 VMThread [stack: 0x80b40000,0x80bc1000] [id=4644]
  0x09f78c00 WatcherThread [stack: 0x80739000,0x807ba000] [id=4651]

VM state:not at safepoint (normal execution)

VM Mutex/Monitor currently owned by a thread: None

Heap
 PSYoungGen      total 12992K, used 448K [0xa6000000, 0xa6e70000, 0xb4750000)
  eden space 11200K, 4% used [0xa6000000,0xa6070028,0xa6af0000)
  from space 1792K, 0% used [0xa6cb0000,0xa6cb0000,0xa6e70000)
  to   space 1792K, 0% used [0xa6af0000,0xa6af0000,0xa6cb0000)
 PSOldGen        total 29568K, used 0K [0x89150000, 0x8ae30000, 0xa6000000)
  object space 29568K, 0% used [0x89150000,0x89150000,0x8ae30000)
 PSPermGen       total 16384K, used 1942K [0x81150000, 0x82150000, 0x89150000)
  object space 16384K, 11% used [0x81150000,0x81335958,0x82150000)

Dynamic libraries:
00110000-0011c000 r-xp 00000000 08:05 1586225    /usr/lib/jvm/java-6-openjdk/jre/lib/i386/libverify.so
0011c000-0011d000 r--p 0000b000 08:05 1586225    /usr/lib/jvm/java-6-openjdk/jre/lib/i386/libverify.so
0011d000-0011e000 rw-p 0000c000 08:05 1586225    /usr/lib/jvm/java-6-openjdk/jre/lib/i386/libverify.so
001d4000-001e7000 r-xp 00000000 08:05 523463     /lib/libz.so.1.2.3.3
001e7000-001e8000 r--p 00012000 08:05 523463     /lib/libz.so.1.2.3.3
001e8000-001e9000 rw-p 00013000 08:05 523463     /lib/libz.so.1.2.3.3
001e9000-0033c000 r-xp 00000000 08:05 527197     /lib/tls/i686/cmov/libc-2.11.1.so
0033c000-0033d000 ---p 00153000 08:05 527197     /lib/tls/i686/cmov/libc-2.11.1.so
0033d000-0033f000 r--p 00153000 08:05 527197     /lib/tls/i686/cmov/libc-2.11.1.so
0033f000-00340000 rw-p 00155000 08:05 527197     /lib/tls/i686/cmov/libc-2.11.1.so
00340000-00343000 rw-p 00000000 00:00 0 
00467000-0047c000 r-xp 00000000 08:05 527223     /lib/tls/i686/cmov/libpthread-2.11.1.so
0047c000-0047d000 r--p 00014000 08:05 527223     /lib/tls/i686/cmov/libpthread-2.11.1.so
0047d000-0047e000 rw-p 00015000 08:05 527223     /lib/tls/i686/cmov/libpthread-2.11.1.so
0047e000-00480000 rw-p 00000000 00:00 0 
006ab000-006cf000 r-xp 00000000 08:05 1586209    /usr/lib/jvm/java-6-openjdk/jre/lib/i386/libjava.so
006cf000-006d0000 r--p 00023000 08:05 1586209    /usr/lib/jvm/java-6-openjdk/jre/lib/i386/libjava.so
006d0000-006d2000 rw-p 00024000 08:05 1586209    /usr/lib/jvm/java-6-openjdk/jre/lib/i386/libjava.so
00728000-00732000 r-xp 00000000 08:05 527214     /lib/tls/i686/cmov/libnss_files-2.11.1.so
00732000-00733000 r--p 00009000 08:05 527214     /lib/tls/i686/cmov/libnss_files-2.11.1.so
00733000-00734000 rw-p 0000a000 08:05 527214     /lib/tls/i686/cmov/libnss_files-2.11.1.so
007ef000-0080a000 r-xp 00000000 08:05 523290     /lib/ld-2.11.1.so
0080a000-0080b000 r--p 0001a000 08:05 523290     /lib/ld-2.11.1.so
0080b000-0080c000 rw-p 0001b000 08:05 523290     /lib/ld-2.11.1.so
008f8000-0091c000 r-xp 00000000 08:05 527205     /lib/tls/i686/cmov/libm-2.11.1.so
0091c000-0091d000 r--p 00023000 08:05 527205     /lib/tls/i686/cmov/libm-2.11.1.so
0091d000-0091e000 rw-p 00024000 08:05 527205     /lib/tls/i686/cmov/libm-2.11.1.so
00941000-00949000 r-xp 00000000 08:05 527218     /lib/tls/i686/cmov/libnss_nis-2.11.1.so
00949000-0094a000 r--p 00007000 08:05 527218     /lib/tls/i686/cmov/libnss_nis-2.11.1.so
0094a000-0094b000 rw-p 00008000 08:05 527218     /lib/tls/i686/cmov/libnss_nis-2.11.1.so
009af000-009b2000 r-xp 00000000 08:05 1586197    /usr/lib/jvm/java-6-openjdk/jre/lib/i386/jli/libjli.so
009b2000-009b3000 r--p 00003000 08:05 1586197    /usr/lib/jvm/java-6-openjdk/jre/lib/i386/jli/libjli.so
009b3000-009b4000 rw-p 00004000 08:05 1586197    /usr/lib/jvm/java-6-openjdk/jre/lib/i386/jli/libjli.so
009be000-009c5000 r-xp 00000000 08:05 1586226    /usr/lib/jvm/java-6-openjdk/jre/lib/i386/libzip.so
009c5000-009c6000 r--p 00006000 08:05 1586226    /usr/lib/jvm/java-6-openjdk/jre/lib/i386/libzip.so
009c6000-009c7000 rw-p 00007000 08:05 1586226    /usr/lib/jvm/java-6-openjdk/jre/lib/i386/libzip.so
009d7000-009de000 r-xp 00000000 08:05 1586228    /usr/lib/jvm/java-6-openjdk/jre/lib/i386/native_threads/libhpi.so
009de000-009df000 r--p 00006000 08:05 1586228    /usr/lib/jvm/java-6-openjdk/jre/lib/i386/native_threads/libhpi.so
009df000-009e0000 rw-p 00007000 08:05 1586228    /usr/lib/jvm/java-6-openjdk/jre/lib/i386/native_threads/libhpi.so
009f7000-00a0a000 r-xp 00000000 08:05 527208     /lib/tls/i686/cmov/libnsl-2.11.1.so
00a0a000-00a0b000 r--p 00012000 08:05 527208     /lib/tls/i686/cmov/libnsl-2.11.1.so
00a0b000-00a0c000 rw-p 00013000 08:05 527208     /lib/tls/i686/cmov/libnsl-2.11.1.so
00a0c000-00a0e000 rw-p 00000000 00:00 0 
00bd6000-00bd7000 r-xp 00000000 00:00 0          [vdso]
00c8d000-00c94000 r-xp 00000000 08:05 527227     /lib/tls/i686/cmov/librt-2.11.1.so
00c94000-00c95000 r--p 00006000 08:05 527227     /lib/tls/i686/cmov/librt-2.11.1.so
00c95000-00c96000 rw-p 00007000 08:05 527227     /lib/tls/i686/cmov/librt-2.11.1.so
00d31000-00d3a000 r-xp 00000000 08:05 1589892    /usr/lib/libpacketlib.so
00d3a000-00d3b000 r--p 00009000 08:05 1589892    /usr/lib/libpacketlib.so
00d3b000-00d3c000 rw-p 0000a000 08:05 1589892    /usr/lib/libpacketlib.so
00d41000-00d47000 r-xp 00000000 08:05 527210     /lib/tls/i686/cmov/libnss_compat-2.11.1.so
00d47000-00d48000 r--p 00006000 08:05 527210     /lib/tls/i686/cmov/libnss_compat-2.11.1.so
00d48000-00d49000 rw-p 00007000 08:05 527210     /lib/tls/i686/cmov/libnss_compat-2.11.1.so
00f83000-00f85000 r-xp 00000000 08:05 527203     /lib/tls/i686/cmov/libdl-2.11.1.so
00f85000-00f86000 r--p 00001000 08:05 527203     /lib/tls/i686/cmov/libdl-2.11.1.so
00f86000-00f87000 rw-p 00002000 08:05 527203     /lib/tls/i686/cmov/libdl-2.11.1.so
00f87000-0164c000 r-xp 00000000 08:05 1586230    /usr/lib/jvm/java-6-openjdk/jre/lib/i386/server/libjvm.so
0164c000-0164d000 ---p 006c5000 08:05 1586230    /usr/lib/jvm/java-6-openjdk/jre/lib/i386/server/libjvm.so
0164d000-01692000 r--p 006c5000 08:05 1586230    /usr/lib/jvm/java-6-openjdk/jre/lib/i386/server/libjvm.so
01692000-016a1000 rw-p 0070a000 08:05 1586230    /usr/lib/jvm/java-6-openjdk/jre/lib/i386/server/libjvm.so
016a1000-01ac0000 rw-p 00000000 00:00 0 
08048000-08051000 r-xp 00000000 08:05 1586258    /usr/lib/jvm/java-6-openjdk/jre/bin/java
08051000-08052000 r--p 00008000 08:05 1586258    /usr/lib/jvm/java-6-openjdk/jre/bin/java
08052000-08053000 rw-p 00009000 08:05 1586258    /usr/lib/jvm/java-6-openjdk/jre/bin/java
09ecb000-09fb3000 rw-p 00000000 00:00 0          [heap]
80730000-80739000 r--s 00065000 08:05 6219       /usr/share/java/gnome-java-bridge.jar
80739000-8073a000 ---p 00000000 00:00 0 
8073a000-807ba000 rw-p 00000000 00:00 0 
807ba000-807bd000 ---p 00000000 00:00 0 
807bd000-8080b000 rw-p 00000000 00:00 0 
8080b000-8080e000 ---p 00000000 00:00 0 
8080e000-8088c000 rw-p 00000000 00:00 0 
8088c000-8088f000 ---p 00000000 00:00 0 
8088f000-8090d000 rw-p 00000000 00:00 0 
8090d000-80910000 ---p 00000000 00:00 0 
80910000-8095e000 rw-p 00000000 00:00 0 
8095e000-80961000 ---p 00000000 00:00 0 
80961000-809af000 rw-p 00000000 00:00 0 
809af000-809b2000 ---p 00000000 00:00 0 
809b2000-80a00000 rw-p 00000000 00:00 0 
80a00000-80a21000 rw-p 00000000 00:00 0 
80a21000-80b00000 ---p 00000000 00:00 0 
80b01000-80b40000 r--p 00000000 08:05 1577945    /usr/lib/locale/en_IN/LC_CTYPE
80b40000-80b41000 ---p 00000000 00:00 0 
80b41000-80bc1000 rw-p 00000000 00:00 0 
80bc1000-80bc3000 r--s 0001d000 08:05 1577596    /usr/lib/jvm/java-6-openjdk/jre/lib/plugin.jar
80bc3000-80bc8000 r--s 00045000 08:05 1577595    /usr/lib/jvm/java-6-openjdk/jre/lib/netx.jar
80bc8000-80bfb000 rw-p 00000000 00:00 0 
80bfb000-80d8a000 r--s 038c4000 08:05 1586189    /usr/lib/jvm/java-6-openjdk/jre/lib/rt.jar
80d8a000-80d8b000 ---p 00000000 00:00 0 
80d8b000-80e0b000 rw-p 00000000 00:00 0 
80e0b000-80e0c000 ---p 00000000 00:00 0 
80e0c000-80e94000 rw-p 00000000 00:00 0 
80e94000-80ecc000 rw-p 00000000 00:00 0 
80ecc000-80edb000 rw-p 00000000 00:00 0 
80edb000-80fb4000 rw-p 00000000 00:00 0 
80fb4000-80fbc000 rw-p 00000000 00:00 0 
80fbc000-80ff4000 rw-p 00000000 00:00 0 
80ff4000-81003000 rw-p 00000000 00:00 0 
81003000-810db000 rw-p 00000000 00:00 0 
810db000-810e3000 rw-p 00000000 00:00 0 
810e3000-8114f000 rw-p 00000000 00:00 0 
8114f000-82150000 rw-p 00000000 00:00 0 
82150000-89150000 rw-p 00000000 00:00 0 
89150000-8ae30000 rw-p 00000000 00:00 0 
8ae30000-a6000000 rw-p 00000000 00:00 0 
a6000000-a6e70000 rw-p 00000000 00:00 0 
a6e70000-b4750000 rw-p 00000000 00:00 0 
b4750000-b4759000 rw-p 00000000 00:00 0 
b4759000-b4810000 rw-p 00000000 00:00 0 
b4810000-b4a50000 rwxp 00000000 00:00 0 
b4a50000-b7810000 rw-p 00000000 00:00 0 
b7810000-b7813000 ---p 00000000 00:00 0 
b7813000-b7864000 rw-p 00000000 00:00 0 
b7868000-b7869000 rw-p 00000000 00:00 0 
b7869000-b786c000 r--s 0000f000 08:05 1577575    /usr/lib/jvm/java-6-openjdk/jre/lib/ext/pulse-java.jar
b786c000-b7874000 rw-s 00000000 08:05 671472     /tmp/hsperfdata_root/4637
b7874000-b7875000 rw-p 00000000 00:00 0 
b7875000-b7876000 r--p 00000000 00:00 0 
b7876000-b7878000 rw-p 00000000 00:00 0 
bfb5f000-bfb74000 rw-p 00000000 00:00 0          [stack]

VM Arguments:
jvm_args: -Dfile.encoding=UTF-8 
java_command: FileAccess.GetPacket
Launcher Type: SUN_STANDARD

Environment Variables:
PATH=/usr/local/sbin:/usr/local/bin:/usr/sbin:/usr/bin:/sbin:/bin:/usr/games
USERNAME=root
LD_LIBRARY_PATH=/usr/lib/jvm/java-6-openjdk/jre/lib/i386/server:/usr/lib/jvm/java-6-openjdk/jre/lib/i386:/usr/lib/jvm/java-6-openjdk/jre/../lib/i386:/usr/lib/jvm/java-6-openjdk/jre/lib/i386/client:/usr/lib/jvm/java-6-openjdk/jre/lib/i386:/usr/lib/jvm/java-6-openjdk/jre/../lib/i386
SHELL=/bin/bash
DISPLAY=:0.0

Signal Handlers:
SIGSEGV: [libjvm.so+0x64a040], sa_mask[0]=0x7ffbfeff, sa_flags=0x10000004
SIGBUS: [libjvm.so+0x64a040], sa_mask[0]=0x7ffbfeff, sa_flags=0x10000004
SIGFPE: [libjvm.so+0x51c0d0], sa_mask[0]=0x7ffbfeff, sa_flags=0x10000004
SIGPIPE: [libjvm.so+0x51c0d0], sa_mask[0]=0x7ffbfeff, sa_flags=0x10000004
SIGXFSZ: [libjvm.so+0x51c0d0], sa_mask[0]=0x7ffbfeff, sa_flags=0x10000004
SIGILL: [libjvm.so+0x51c0d0], sa_mask[0]=0x7ffbfeff, sa_flags=0x10000004
SIGUSR1: SIG_DFL, sa_mask[0]=0x00000000, sa_flags=0x00000000
SIGUSR2: [libjvm.so+0x51b780], sa_mask[0]=0x00000004, sa_flags=0x10000004
SIGHUP: [libjvm.so+0x51e2f0], sa_mask[0]=0x7ffbfeff, sa_flags=0x10000004
SIGINT: SIG_IGN, sa_mask[0]=0x00000000, sa_flags=0x00000000
SIGTERM: [libjvm.so+0x51e2f0], sa_mask[0]=0x7ffbfeff, sa_flags=0x10000004
SIGQUIT: [libjvm.so+0x51e2f0], sa_mask[0]=0x7ffbfeff, sa_flags=0x10000004


---------------  S Y S T E M  ---------------

OS:Ubuntu 10.04 (lucid)
uname:Linux 2.6.32-33-generic #70-Ubuntu SMP Thu Jul 7 21:09:46 UTC 2011 i686
libc:glibc 2.11.1 NPTL 2.11.1 
rlimit: STACK 8192k, CORE 0k, NPROC infinity, NOFILE 1024, AS infinity
load average:0.36 0.39 0.35

/proc/meminfo:
MemTotal:        2836956 kB
MemFree:         1132824 kB
Buffers:           78896 kB
Cached:           800416 kB
SwapCached:            0 kB
Active:           904056 kB
Inactive:         704528 kB
Active(anon):     729680 kB
Inactive(anon):     7436 kB
Active(file):     174376 kB
Inactive(file):   697092 kB
Unevictable:          16 kB
Mlocked:              16 kB
HighTotal:       1973064 kB
HighFree:         411804 kB
LowTotal:         863892 kB
LowFree:          721020 kB
SwapTotal:       3234808 kB
SwapFree:        3234808 kB
Dirty:               276 kB
Writeback:             0 kB
AnonPages:        729284 kB
Mapped:           148632 kB
Shmem:              7848 kB
Slab:              36384 kB
SReclaimable:      24900 kB
SUnreclaim:        11484 kB
KernelStack:        2784 kB
PageTables:         7896 kB
NFS_Unstable:          0 kB
Bounce:                0 kB
WritebackTmp:          0 kB
CommitLimit:     4653284 kB
Committed_AS:    1939100 kB
VmallocTotal:     122880 kB
VmallocUsed:       72908 kB
VmallocChunk:      42876 kB
HardwareCorrupted:     0 kB
HugePages_Total:       0
HugePages_Free:        0
HugePages_Rsvd:        0
HugePages_Surp:        0
Hugepagesize:       4096 kB
DirectMap4k:       12280 kB
DirectMap4M:      897024 kB


CPU:total 2 (2 cores per cpu, 1 threads per core) family 17 model 3 stepping 1, cmov, cx8, fxsr, mmx, sse, sse2, sse3, mmxext, 3dnow, 3dnowext

Memory: 4k page, physical 2836956k(1132824k free), swap 3234808k(3234808k free)

vm_info: OpenJDK Server VM (19.0-b09) for linux-x86 JRE (1.6.0_20-b20), built on Jan 21 2012 08:10:55 by "buildd" with gcc 4.4.3

time: Sun Mar 25 18:28:54 2012
elapsed time: 0 seconds

