#
# A fatal error has been detected by the Java Runtime Environment:
#
#  SIGSEGV (0xb) at pc=0x00c226c9, pid=10355, tid=3077823344
#
# JRE version: 6.0_20-b20
# Java VM: OpenJDK Server VM (19.0-b09 mixed mode linux-x86 )
# Derivative: IcedTea6 1.9.10
# Distribution: Ubuntu 10.04.1 LTS, package 6b20-1.9.10-0ubuntu1~10.04.3
# Problematic frame:
# C  [libvminfo.so+0x6c9]  read_vm_info+0x69
#
# If you would like to submit a bug report, please include
# instructions how to reproduce the bug and visit:
#   https://bugs.launchpad.net/ubuntu/+source/openjdk-6/
# The crash happened outside the Java Virtual Machine in native code.
# See problematic frame for where to report the bug.
#

---------------  T H R E A D  ---------------

Current thread (0x09e3e000):  JavaThread "main" [_thread_in_native, id=10359, stack(0xb76ed000,0xb773e000)]

siginfo:si_signo=SIGSEGV: si_errno=0, si_code=1 (SEGV_MAPERR), si_addr=0x000000a0

Registers:
EAX=0x00000000, EBX=0x812029a0, ECX=0x80b2ac98, EDX=0x80b2ae10
ESP=0xb773cf80, EBP=0xb773cfc8, ESI=0x812029a0, EDI=0x09e3e000
EIP=0x00c226c9, CR2=0x000000a0, EFLAGS=0x00010282

Register to memory mapping:

EAX=0x00000000
0x00000000 is pointing to unknown location

EBX=0x812029a0
{method} 
 - klass: {other class}

ECX=0x80b2ac98
0x80b2ac98 is pointing to unknown location

EDX=0x80b2ae10
0x80b2ae10 is pointing to unknown location

ESP=0xb773cf80
0xb773cf80 is pointing into the stack for thread: 0x09e3e000
"main" prio=10 tid=0x09e3e000 nid=0x2877 runnable [0xb773d000]
   java.lang.Thread.State: RUNNABLE

EBP=0xb773cfc8
0xb773cfc8 is pointing into the stack for thread: 0x09e3e000
"main" prio=10 tid=0x09e3e000 nid=0x2877 runnable [0xb773d000]
   java.lang.Thread.State: RUNNABLE

ESI=0x812029a0
{method} 
 - klass: {other class}

EDI=0x09e3e000
"main" prio=10 tid=0x09e3e000 nid=0x2877 runnable [0xb773d000]
   java.lang.Thread.State: RUNNABLE


Top of Stack: (sp=0xb773cf80)
0xb773cf80:   80b2ae10 000000a4 00000001 80b2ac00
0xb773cf90:   012c382e b46ef688 b773cfb8 00460ff4
0xb773cfa0:   812029a0 09e3e000 b773cfc8 80b2ac00
0xb773cfb0:   00000000 80b2ad68 80b2ae10 00c22978
0xb773cfc0:   812029a0 812029a0 b773d008 00c22808
0xb773cfd0:   00c22978 b773d04c b46ff2f4 09e3e000
0xb773cfe0:   00000000 b773d070 b773d04c b773d04c
0xb773cff0:   812029a0 812029a0 09e3e000 b773d03c 

Instructions: (pc=0x00c226c9)
0x00c226b9:   45 e8 8b 45 e8 89 45 ec eb 18 8b 45 e8 8b 55 f0
0x00c226c9:   89 90 a0 00 00 00 8b 45 e8 8b 80 a0 00 00 00 89 

Stack: [0xb76ed000,0xb773e000],  sp=0xb773cf80,  free space=319k
Native frames: (J=compiled Java code, j=interpreted, Vv=VM code, C=native code)
C  [libvminfo.so+0x6c9]  read_vm_info+0x69
C  [libvminfo.so+0x808]  Java_FileAccess_VMInfo_fillInfo+0x18
j  FileAccess.VMInfo.fillInfo()V+0
j  FileAccess.VMInfo.main([Ljava/lang/String;)V+9
v  ~StubRoutines::call_stub
V  [libjvm.so+0x387d72]
V  [libjvm.so+0x519369]
V  [libjvm.so+0x386caf]
V  [libjvm.so+0x39214c]
V  [libjvm.so+0x3a11ad]
C  [java+0x321d]  JavaMain+0xd4d
C  [libpthread.so.0+0x596e]

Java frames: (J=compiled Java code, j=interpreted, Vv=VM code)
j  FileAccess.VMInfo.fillInfo()V+0
j  FileAccess.VMInfo.main([Ljava/lang/String;)V+9
v  ~StubRoutines::call_stub

---------------  P R O C E S S  ---------------

Java Threads: ( => current thread )
  0x80b15c00 JavaThread "Low Memory Detector" daemon [_thread_blocked, id=10368, stack(0x8066b000,0x806bc000)]
  0x80b13c00 JavaThread "CompilerThread1" daemon [_thread_blocked, id=10367, stack(0x806bc000,0x8073d000)]
  0x80b11c00 JavaThread "CompilerThread0" daemon [_thread_blocked, id=10366, stack(0x8073d000,0x807be000)]
  0x80b10400 JavaThread "Signal Dispatcher" daemon [_thread_blocked, id=10365, stack(0x807be000,0x8080f000)]
  0x80b00800 JavaThread "Finalizer" daemon [_thread_blocked, id=10364, stack(0x8084e000,0x8089f000)]
  0x09ec7c00 JavaThread "Reference Handler" daemon [_thread_blocked, id=10363, stack(0x8089f000,0x808f0000)]
=>0x09e3e000 JavaThread "main" [_thread_in_native, id=10359, stack(0xb76ed000,0xb773e000)]

Other Threads:
  0x09ec3c00 VMThread [stack: 0x808f0000,0x80971000] [id=10362]
  0x80b17c00 WatcherThread [stack: 0x805ea000,0x8066b000] [id=10369]

VM state:not at safepoint (normal execution)

VM Mutex/Monitor currently owned by a thread: None

Heap
 PSYoungGen      total 12992K, used 448K [0xa5ed0000, 0xa6d40000, 0xb4620000)
  eden space 11200K, 4% used [0xa5ed0000,0xa5f40060,0xa69c0000)
  from space 1792K, 0% used [0xa6b80000,0xa6b80000,0xa6d40000)
  to   space 1792K, 0% used [0xa69c0000,0xa69c0000,0xa6b80000)
 PSOldGen        total 29568K, used 0K [0x89020000, 0x8ad00000, 0xa5ed0000)
  object space 29568K, 0% used [0x89020000,0x89020000,0x8ad00000)
 PSPermGen       total 16384K, used 1932K [0x81020000, 0x82020000, 0x89020000)
  object space 16384K, 11% used [0x81020000,0x81203018,0x82020000)

Dynamic libraries:
00110000-00134000 r-xp 00000000 08:05 527205     /lib/tls/i686/cmov/libm-2.11.1.so
00134000-00135000 r--p 00023000 08:05 527205     /lib/tls/i686/cmov/libm-2.11.1.so
00135000-00136000 rw-p 00024000 08:05 527205     /lib/tls/i686/cmov/libm-2.11.1.so
00136000-0015a000 r-xp 00000000 08:05 1586209    /usr/lib/jvm/java-6-openjdk/jre/lib/i386/libjava.so
0015a000-0015b000 r--p 00023000 08:05 1586209    /usr/lib/jvm/java-6-openjdk/jre/lib/i386/libjava.so
0015b000-0015d000 rw-p 00024000 08:05 1586209    /usr/lib/jvm/java-6-openjdk/jre/lib/i386/libjava.so
0015d000-00164000 r-xp 00000000 08:05 1586228    /usr/lib/jvm/java-6-openjdk/jre/lib/i386/native_threads/libhpi.so
00164000-00165000 r--p 00006000 08:05 1586228    /usr/lib/jvm/java-6-openjdk/jre/lib/i386/native_threads/libhpi.so
00165000-00166000 rw-p 00007000 08:05 1586228    /usr/lib/jvm/java-6-openjdk/jre/lib/i386/native_threads/libhpi.so
00166000-0016c000 r-xp 00000000 08:05 527210     /lib/tls/i686/cmov/libnss_compat-2.11.1.so
0016c000-0016d000 r--p 00006000 08:05 527210     /lib/tls/i686/cmov/libnss_compat-2.11.1.so
0016d000-0016e000 rw-p 00007000 08:05 527210     /lib/tls/i686/cmov/libnss_compat-2.11.1.so
0016e000-00175000 r-xp 00000000 08:05 1586226    /usr/lib/jvm/java-6-openjdk/jre/lib/i386/libzip.so
00175000-00176000 r--p 00006000 08:05 1586226    /usr/lib/jvm/java-6-openjdk/jre/lib/i386/libzip.so
00176000-00177000 rw-p 00007000 08:05 1586226    /usr/lib/jvm/java-6-openjdk/jre/lib/i386/libzip.so
0018b000-0018c000 r-xp 00000000 00:00 0          [vdso]
002c2000-002dd000 r-xp 00000000 08:05 523290     /lib/ld-2.11.1.so
002dd000-002de000 r--p 0001a000 08:05 523290     /lib/ld-2.11.1.so
002de000-002df000 rw-p 0001b000 08:05 523290     /lib/ld-2.11.1.so
00307000-00309000 r-xp 00000000 08:05 527203     /lib/tls/i686/cmov/libdl-2.11.1.so
00309000-0030a000 r--p 00001000 08:05 527203     /lib/tls/i686/cmov/libdl-2.11.1.so
0030a000-0030b000 rw-p 00002000 08:05 527203     /lib/tls/i686/cmov/libdl-2.11.1.so
0030b000-0045e000 r-xp 00000000 08:05 527197     /lib/tls/i686/cmov/libc-2.11.1.so
0045e000-0045f000 ---p 00153000 08:05 527197     /lib/tls/i686/cmov/libc-2.11.1.so
0045f000-00461000 r--p 00153000 08:05 527197     /lib/tls/i686/cmov/libc-2.11.1.so
00461000-00462000 rw-p 00155000 08:05 527197     /lib/tls/i686/cmov/libc-2.11.1.so
00462000-00465000 rw-p 00000000 00:00 0 
007b5000-007bc000 r-xp 00000000 08:05 527227     /lib/tls/i686/cmov/librt-2.11.1.so
007bc000-007bd000 r--p 00006000 08:05 527227     /lib/tls/i686/cmov/librt-2.11.1.so
007bd000-007be000 rw-p 00007000 08:05 527227     /lib/tls/i686/cmov/librt-2.11.1.so
008e1000-008f4000 r-xp 00000000 08:05 523463     /lib/libz.so.1.2.3.3
008f4000-008f5000 r--p 00012000 08:05 523463     /lib/libz.so.1.2.3.3
008f5000-008f6000 rw-p 00013000 08:05 523463     /lib/libz.so.1.2.3.3
00b2a000-00b3d000 r-xp 00000000 08:05 527208     /lib/tls/i686/cmov/libnsl-2.11.1.so
00b3d000-00b3e000 r--p 00012000 08:05 527208     /lib/tls/i686/cmov/libnsl-2.11.1.so
00b3e000-00b3f000 rw-p 00013000 08:05 527208     /lib/tls/i686/cmov/libnsl-2.11.1.so
00b3f000-00b41000 rw-p 00000000 00:00 0 
00c22000-00c23000 r-xp 00000000 08:05 1592433    /usr/lib/libvminfo.so
00c23000-00c24000 r--p 00000000 08:05 1592433    /usr/lib/libvminfo.so
00c24000-00c25000 rw-p 00001000 08:05 1592433    /usr/lib/libvminfo.so
00c30000-00c3a000 r-xp 00000000 08:05 527214     /lib/tls/i686/cmov/libnss_files-2.11.1.so
00c3a000-00c3b000 r--p 00009000 08:05 527214     /lib/tls/i686/cmov/libnss_files-2.11.1.so
00c3b000-00c3c000 rw-p 0000a000 08:05 527214     /lib/tls/i686/cmov/libnss_files-2.11.1.so
00c6e000-00c71000 r-xp 00000000 08:05 1586197    /usr/lib/jvm/java-6-openjdk/jre/lib/i386/jli/libjli.so
00c71000-00c72000 r--p 00003000 08:05 1586197    /usr/lib/jvm/java-6-openjdk/jre/lib/i386/jli/libjli.so
00c72000-00c73000 rw-p 00004000 08:05 1586197    /usr/lib/jvm/java-6-openjdk/jre/lib/i386/jli/libjli.so
00e36000-00e42000 r-xp 00000000 08:05 1586225    /usr/lib/jvm/java-6-openjdk/jre/lib/i386/libverify.so
00e42000-00e43000 r--p 0000b000 08:05 1586225    /usr/lib/jvm/java-6-openjdk/jre/lib/i386/libverify.so
00e43000-00e44000 rw-p 0000c000 08:05 1586225    /usr/lib/jvm/java-6-openjdk/jre/lib/i386/libverify.so
00e8a000-00e92000 r-xp 00000000 08:05 527218     /lib/tls/i686/cmov/libnss_nis-2.11.1.so
00e92000-00e93000 r--p 00007000 08:05 527218     /lib/tls/i686/cmov/libnss_nis-2.11.1.so
00e93000-00e94000 rw-p 00008000 08:05 527218     /lib/tls/i686/cmov/libnss_nis-2.11.1.so
00f26000-00f3b000 r-xp 00000000 08:05 527223     /lib/tls/i686/cmov/libpthread-2.11.1.so
00f3b000-00f3c000 r--p 00014000 08:05 527223     /lib/tls/i686/cmov/libpthread-2.11.1.so
00f3c000-00f3d000 rw-p 00015000 08:05 527223     /lib/tls/i686/cmov/libpthread-2.11.1.so
00f3d000-00f3f000 rw-p 00000000 00:00 0 
00f3f000-01604000 r-xp 00000000 08:05 1586230    /usr/lib/jvm/java-6-openjdk/jre/lib/i386/server/libjvm.so
01604000-01605000 ---p 006c5000 08:05 1586230    /usr/lib/jvm/java-6-openjdk/jre/lib/i386/server/libjvm.so
01605000-0164a000 r--p 006c5000 08:05 1586230    /usr/lib/jvm/java-6-openjdk/jre/lib/i386/server/libjvm.so
0164a000-01659000 rw-p 0070a000 08:05 1586230    /usr/lib/jvm/java-6-openjdk/jre/lib/i386/server/libjvm.so
01659000-01a78000 rw-p 00000000 00:00 0 
08048000-08051000 r-xp 00000000 08:05 1586258    /usr/lib/jvm/java-6-openjdk/jre/bin/java
08051000-08052000 r--p 00008000 08:05 1586258    /usr/lib/jvm/java-6-openjdk/jre/bin/java
08052000-08053000 rw-p 00009000 08:05 1586258    /usr/lib/jvm/java-6-openjdk/jre/bin/java
09e37000-09ee4000 rw-p 00000000 00:00 0          [heap]
805ea000-805eb000 ---p 00000000 00:00 0 
805eb000-8066b000 rw-p 00000000 00:00 0 
8066b000-8066e000 ---p 00000000 00:00 0 
8066e000-806bc000 rw-p 00000000 00:00 0 
806bc000-806bf000 ---p 00000000 00:00 0 
806bf000-8073d000 rw-p 00000000 00:00 0 
8073d000-80740000 ---p 00000000 00:00 0 
80740000-807be000 rw-p 00000000 00:00 0 
807be000-807c1000 ---p 00000000 00:00 0 
807c1000-8080f000 rw-p 00000000 00:00 0 
8080f000-8084e000 r--p 00000000 08:05 1577945    /usr/lib/locale/en_IN/LC_CTYPE
8084e000-80851000 ---p 00000000 00:00 0 
80851000-8089f000 rw-p 00000000 00:00 0 
8089f000-808a2000 ---p 00000000 00:00 0 
808a2000-808f0000 rw-p 00000000 00:00 0 
808f0000-808f1000 ---p 00000000 00:00 0 
808f1000-80971000 rw-p 00000000 00:00 0 
80971000-80b00000 r--s 038c4000 08:05 1586189    /usr/lib/jvm/java-6-openjdk/jre/lib/rt.jar
80b00000-80b33000 rw-p 00000000 00:00 0 
80b33000-80c00000 ---p 00000000 00:00 0 
80c27000-80c5a000 rw-p 00000000 00:00 0 
80c5a000-80c5b000 ---p 00000000 00:00 0 
80c5b000-80cdb000 rw-p 00000000 00:00 0 
80cdb000-80cdc000 ---p 00000000 00:00 0 
80cdc000-80d64000 rw-p 00000000 00:00 0 
80d64000-80d9c000 rw-p 00000000 00:00 0 
80d9c000-80dab000 rw-p 00000000 00:00 0 
80dab000-80e84000 rw-p 00000000 00:00 0 
80e84000-80e8c000 rw-p 00000000 00:00 0 
80e8c000-80ec4000 rw-p 00000000 00:00 0 
80ec4000-80ed3000 rw-p 00000000 00:00 0 
80ed3000-80fab000 rw-p 00000000 00:00 0 
80fab000-80fb3000 rw-p 00000000 00:00 0 
80fb3000-8101f000 rw-p 00000000 00:00 0 
8101f000-82020000 rw-p 00000000 00:00 0 
82020000-89020000 rw-p 00000000 00:00 0 
89020000-8ad00000 rw-p 00000000 00:00 0 
8ad00000-a5ed0000 rw-p 00000000 00:00 0 
a5ed0000-a6d40000 rw-p 00000000 00:00 0 
a6d40000-b4620000 rw-p 00000000 00:00 0 
b4620000-b4621000 rw-p 00000000 00:00 0 
b4621000-b462a000 r--s 00065000 08:05 6219       /usr/share/java/gnome-java-bridge.jar
b462a000-b462d000 r--s 0000f000 08:05 1577575    /usr/lib/jvm/java-6-openjdk/jre/lib/ext/pulse-java.jar
b462d000-b4636000 rw-p 00000000 00:00 0 
b4636000-b46ed000 rw-p 00000000 00:00 0 
b46ed000-b492d000 rwxp 00000000 00:00 0 
b492d000-b76ed000 rw-p 00000000 00:00 0 
b76ed000-b76f0000 ---p 00000000 00:00 0 
b76f0000-b7742000 rw-p 00000000 00:00 0 
b7742000-b7744000 r--s 0001d000 08:05 1577596    /usr/lib/jvm/java-6-openjdk/jre/lib/plugin.jar
b7744000-b7749000 r--s 00045000 08:05 1577595    /usr/lib/jvm/java-6-openjdk/jre/lib/netx.jar
b7749000-b7751000 rw-s 00000000 08:05 663800     /tmp/hsperfdata_root/10355
b7751000-b7752000 rw-p 00000000 00:00 0 
b7752000-b7753000 r--p 00000000 00:00 0 
b7753000-b7755000 rw-p 00000000 00:00 0 
bf8fe000-bf913000 rw-p 00000000 00:00 0          [stack]

VM Arguments:
jvm_args: -Dfile.encoding=UTF-8 
java_command: FileAccess.VMInfo
Launcher Type: SUN_STANDARD

Environment Variables:
PATH=/usr/local/sbin:/usr/local/bin:/usr/sbin:/usr/bin:/sbin:/bin:/usr/games
USERNAME=root
LD_LIBRARY_PATH=/usr/lib/jvm/java-6-openjdk/jre/lib/i386/server:/usr/lib/jvm/java-6-openjdk/jre/lib/i386:/usr/lib/jvm/java-6-openjdk/jre/../lib/i386:/usr/lib/jvm/java-6-openjdk/jre/lib/i386/client:/usr/lib/jvm/java-6-openjdk/jre/lib/i386:/usr/lib/jvm/java-6-openjdk/jre/../lib/i386
SHELL=/bin/bash
DISPLAY=:0.0

Signal Handlers:
SIGSEGV: [libjvm.so+0x64a040], sa_mask[0]=0x7ffbfeff, sa_flags=0x10000004
SIGBUS: [libjvm.so+0x64a040], sa_mask[0]=0x7ffbfeff, sa_flags=0x10000004
SIGFPE: [libjvm.so+0x51c0d0], sa_mask[0]=0x7ffbfeff, sa_flags=0x10000004
SIGPIPE: [libjvm.so+0x51c0d0], sa_mask[0]=0x7ffbfeff, sa_flags=0x10000004
SIGXFSZ: [libjvm.so+0x51c0d0], sa_mask[0]=0x7ffbfeff, sa_flags=0x10000004
SIGILL: [libjvm.so+0x51c0d0], sa_mask[0]=0x7ffbfeff, sa_flags=0x10000004
SIGUSR1: SIG_DFL, sa_mask[0]=0x00000000, sa_flags=0x00000000
SIGUSR2: [libjvm.so+0x51b780], sa_mask[0]=0x00000004, sa_flags=0x10000004
SIGHUP: [libjvm.so+0x51e2f0], sa_mask[0]=0x7ffbfeff, sa_flags=0x10000004
SIGINT: SIG_IGN, sa_mask[0]=0x00000000, sa_flags=0x00000000
SIGTERM: [libjvm.so+0x51e2f0], sa_mask[0]=0x7ffbfeff, sa_flags=0x10000004
SIGQUIT: [libjvm.so+0x51e2f0], sa_mask[0]=0x7ffbfeff, sa_flags=0x10000004


---------------  S Y S T E M  ---------------

OS:Ubuntu 10.04 (lucid)
uname:Linux 2.6.32-33-generic #70-Ubuntu SMP Thu Jul 7 21:09:46 UTC 2011 i686
libc:glibc 2.11.1 NPTL 2.11.1 
rlimit: STACK 8192k, CORE 0k, NPROC infinity, NOFILE 1024, AS infinity
load average:0.98 0.89 0.81

/proc/meminfo:
MemTotal:        2836956 kB
MemFree:         1570420 kB
Buffers:           53256 kB
Cached:           411720 kB
SwapCached:       108152 kB
Active:           355720 kB
Inactive:         816588 kB
Active(anon):     137936 kB
Inactive(anon):   577068 kB
Active(file):     217784 kB
Inactive(file):   239520 kB
Unevictable:           0 kB
Mlocked:               0 kB
HighTotal:       1973064 kB
HighFree:         812452 kB
LowTotal:         863892 kB
LowFree:          757968 kB
SwapTotal:       3234808 kB
SwapFree:        3059080 kB
Dirty:                88 kB
Writeback:             0 kB
AnonPages:        631724 kB
Mapped:           120424 kB
Shmem:              7672 kB
Slab:              25348 kB
SReclaimable:      13748 kB
SUnreclaim:        11600 kB
KernelStack:        2896 kB
PageTables:         7200 kB
NFS_Unstable:          0 kB
Bounce:                0 kB
WritebackTmp:          0 kB
CommitLimit:     4653284 kB
Committed_AS:    1808160 kB
VmallocTotal:     122880 kB
VmallocUsed:       73304 kB
VmallocChunk:      27796 kB
HardwareCorrupted:     0 kB
HugePages_Total:       0
HugePages_Free:        0
HugePages_Rsvd:        0
HugePages_Surp:        0
Hugepagesize:       4096 kB
DirectMap4k:       12280 kB
DirectMap4M:      897024 kB


CPU:total 2 (2 cores per cpu, 1 threads per core) family 17 model 3 stepping 1, cmov, cx8, fxsr, mmx, sse, sse2, sse3, mmxext, 3dnow, 3dnowext

Memory: 4k page, physical 2836956k(1570420k free), swap 3234808k(3059080k free)

vm_info: OpenJDK Server VM (19.0-b09) for linux-x86 JRE (1.6.0_20-b20), built on Jan 21 2012 08:10:55 by "buildd" with gcc 4.4.3

time: Fri Mar 23 01:04:44 2012
elapsed time: 0 seconds

