#
# A fatal error has been detected by the Java Runtime Environment:
#
#  SIGSEGV (0xb) at pc=0x0130b0ba, pid=2529, tid=3078056816
#
# JRE version: 6.0_20-b20
# Java VM: OpenJDK Server VM (19.0-b09 mixed mode linux-x86 )
# Derivative: IcedTea6 1.9.10
# Distribution: Ubuntu 10.04.1 LTS, package 6b20-1.9.10-0ubuntu1~10.04.2
# Problematic frame:
# V  [libjvm.so+0x39b0ba]
#
# If you would like to submit a bug report, please include
# instructions how to reproduce the bug and visit:
#   https://bugs.launchpad.net/ubuntu/+source/openjdk-6/
#

---------------  T H R E A D  ---------------

Current thread (0x099a8000):  JavaThread "main" [_thread_in_vm, id=2532, stack(0xb7726000,0xb7777000)]

siginfo:si_signo=SIGSEGV: si_errno=0, si_code=1 (SEGV_MAPERR), si_addr=0x00000000

Registers:
EAX=0x00000000, EBX=0x0167aff4, ECX=0x099a87ec, EDX=0x099a8000
ESP=0xb7775f04, EBP=0xb7775f58, ESI=0x099a8000, EDI=0x00000ffc
EIP=0x0130b0ba, CR2=0x00000000, EFLAGS=0x00210286

Register to memory mapping:

EAX=0x00000000
0x00000000 is pointing to unknown location

EBX=0x0167aff4
0x0167aff4: <offset 0x70aff4> in /usr/lib/jvm/java-6-openjdk/jre/lib/i386/server/libjvm.so at 0x00f70000

ECX=0x099a87ec
0x099a87ec is pointing to unknown location

EDX=0x099a8000
"main" prio=10 tid=0x099a8000 nid=0x9e4 runnable [0xb7776000]
   java.lang.Thread.State: RUNNABLE

ESP=0xb7775f04
0xb7775f04 is pointing into the stack for thread: 0x099a8000
"main" prio=10 tid=0x099a8000 nid=0x9e4 runnable [0xb7776000]
   java.lang.Thread.State: RUNNABLE

EBP=0xb7775f58
0xb7775f58 is pointing into the stack for thread: 0x099a8000
"main" prio=10 tid=0x099a8000 nid=0x9e4 runnable [0xb7776000]
   java.lang.Thread.State: RUNNABLE

ESI=0x099a8000
"main" prio=10 tid=0x099a8000 nid=0x9e4 runnable [0xb7776000]
   java.lang.Thread.State: RUNNABLE

EDI=0x00000ffc
0x00000ffc is pointing to unknown location


Top of Stack: (sp=0xb7775f04)
0xb7775f04:   099a8000 01695c00 01695c00 00281ff4
0xb7775f14:   0018830c 00281ff4 b7775f28 00000000
0xb7775f24:   09a61e10 099a8000 099a87e8 00000088
0xb7775f34:   0162286c 00281ff4 099a8000 b7775f58
0xb7775f44:   0018844c 00ee7bcb 81242848 81242848
0xb7775f54:   099a8000 b7776008 00ee76fa 099a8118
0xb7775f64:   0000000a 00000000 01500386 0146d18e
0xb7775f74:   0000015c 00000000 00000005 099a87e8 

Instructions: (pc=0x0130b0ba)
0x0130b0aa:   52 89 75 e4 52 56 50 e8 7a 17 01 00 58 8b 45 10
0x0130b0ba:   8b 38 57 e8 1e d7 fe ff 89 c7 83 c4 10 b8 08 00 

Stack: [0xb7726000,0xb7777000],  sp=0xb7775f04,  free space=319k
Native frames: (J=compiled Java code, j=interpreted, Vv=VM code, C=native code)
V  [libjvm.so+0x39b0ba]
C  [libflowrecord.so+0x6fa]  Java_FileAccess_ReadFlow_readflow+0x8a
j  FileAccess.ReadFlow.readflow()V+0
j  FileAccess.ReadFlow.main([Ljava/lang/String;)V+9
v  ~StubRoutines::call_stub
V  [libjvm.so+0x387d72]
V  [libjvm.so+0x519369]
V  [libjvm.so+0x386caf]
V  [libjvm.so+0x39214c]
V  [libjvm.so+0x3a11ad]
C  [java+0x321d]  JavaMain+0xd4d
C  [libpthread.so.0+0x596e]

Java frames: (J=compiled Java code, j=interpreted, Vv=VM code)
j  FileAccess.ReadFlow.readflow()V+0
j  FileAccess.ReadFlow.main([Ljava/lang/String;)V+9
v  ~StubRoutines::call_stub

---------------  P R O C E S S  ---------------

Java Threads: ( => current thread )
  0x09a4d000 JavaThread "Low Memory Detector" daemon [_thread_blocked, id=2542, stack(0x807cb000,0x8081c000)]
  0x09a49800 JavaThread "CompilerThread1" daemon [_thread_blocked, id=2541, stack(0x8081c000,0x8089d000)]
  0x09a47800 JavaThread "CompilerThread0" daemon [_thread_blocked, id=2540, stack(0x8089d000,0x8091e000)]
  0x09a46000 JavaThread "Signal Dispatcher" daemon [_thread_blocked, id=2539, stack(0x8091e000,0x8096f000)]
  0x09a33000 JavaThread "Finalizer" daemon [_thread_blocked, id=2538, stack(0x809ae000,0x809ff000)]
  0x09a31800 JavaThread "Reference Handler" daemon [_thread_blocked, id=2537, stack(0x809ff000,0x80a50000)]
=>0x099a8000 JavaThread "main" [_thread_in_vm, id=2532, stack(0xb7726000,0xb7777000)]

Other Threads:
  0x09a2dc00 VMThread [stack: 0x80a50000,0x80ad1000] [id=2536]
  0x09a4ec00 WatcherThread [stack: 0x8074a000,0x807cb000] [id=2543]

VM state:not at safepoint (normal execution)

VM Mutex/Monitor currently owned by a thread: None

Heap
 PSYoungGen      total 12992K, used 448K [0xa5f10000, 0xa6d80000, 0xb4660000)
  eden space 11200K, 4% used [0xa5f10000,0xa5f80070,0xa6a00000)
  from space 1792K, 0% used [0xa6bc0000,0xa6bc0000,0xa6d80000)
  to   space 1792K, 0% used [0xa6a00000,0xa6a00000,0xa6bc0000)
 PSOldGen        total 29568K, used 0K [0x89060000, 0x8ad40000, 0xa5f10000)
  object space 29568K, 0% used [0x89060000,0x89060000,0x8ad40000)
 PSPermGen       total 16384K, used 1934K [0x81060000, 0x82060000, 0x89060000)
  object space 16384K, 11% used [0x81060000,0x81243a10,0x82060000)

Dynamic libraries:
0012b000-0012c000 r-xp 00000000 00:00 0          [vdso]
0012c000-0027f000 r-xp 00000000 08:06 1311374    /lib/tls/i686/cmov/libc-2.11.1.so
0027f000-00280000 ---p 00153000 08:06 1311374    /lib/tls/i686/cmov/libc-2.11.1.so
00280000-00282000 r--p 00153000 08:06 1311374    /lib/tls/i686/cmov/libc-2.11.1.so
00282000-00283000 rw-p 00155000 08:06 1311374    /lib/tls/i686/cmov/libc-2.11.1.so
00283000-00286000 rw-p 00000000 00:00 0 
0028b000-002a0000 r-xp 00000000 08:06 1311400    /lib/tls/i686/cmov/libpthread-2.11.1.so
002a0000-002a1000 r--p 00014000 08:06 1311400    /lib/tls/i686/cmov/libpthread-2.11.1.so
002a1000-002a2000 rw-p 00015000 08:06 1311400    /lib/tls/i686/cmov/libpthread-2.11.1.so
002a2000-002a4000 rw-p 00000000 00:00 0 
002a4000-002c8000 r-xp 00000000 08:06 1064657    /usr/lib/jvm/java-6-openjdk/jre/lib/i386/libjava.so
002c8000-002c9000 r--p 00023000 08:06 1064657    /usr/lib/jvm/java-6-openjdk/jre/lib/i386/libjava.so
002c9000-002cb000 rw-p 00024000 08:06 1064657    /usr/lib/jvm/java-6-openjdk/jre/lib/i386/libjava.so
00470000-0047c000 r-xp 00000000 08:06 1064685    /usr/lib/jvm/java-6-openjdk/jre/lib/i386/libverify.so
0047c000-0047d000 r--p 0000b000 08:06 1064685    /usr/lib/jvm/java-6-openjdk/jre/lib/i386/libverify.so
0047d000-0047e000 rw-p 0000c000 08:06 1064685    /usr/lib/jvm/java-6-openjdk/jre/lib/i386/libverify.so
0051d000-00530000 r-xp 00000000 08:06 1311385    /lib/tls/i686/cmov/libnsl-2.11.1.so
00530000-00531000 r--p 00012000 08:06 1311385    /lib/tls/i686/cmov/libnsl-2.11.1.so
00531000-00532000 rw-p 00013000 08:06 1311385    /lib/tls/i686/cmov/libnsl-2.11.1.so
00532000-00534000 rw-p 00000000 00:00 0 
00539000-00554000 r-xp 00000000 08:06 1179673    /lib/ld-2.11.1.so
00554000-00555000 r--p 0001a000 08:06 1179673    /lib/ld-2.11.1.so
00555000-00556000 rw-p 0001b000 08:06 1179673    /lib/ld-2.11.1.so
007b0000-007b7000 r-xp 00000000 08:06 1064662    /usr/lib/jvm/java-6-openjdk/jre/lib/i386/libzip.so
007b7000-007b8000 r--p 00006000 08:06 1064662    /usr/lib/jvm/java-6-openjdk/jre/lib/i386/libzip.so
007b8000-007b9000 rw-p 00007000 08:06 1064662    /usr/lib/jvm/java-6-openjdk/jre/lib/i386/libzip.so
007bd000-007c5000 r-xp 00000000 08:06 1311395    /lib/tls/i686/cmov/libnss_nis-2.11.1.so
007c5000-007c6000 r--p 00007000 08:06 1311395    /lib/tls/i686/cmov/libnss_nis-2.11.1.so
007c6000-007c7000 rw-p 00008000 08:06 1311395    /lib/tls/i686/cmov/libnss_nis-2.11.1.so
009f3000-009f6000 r-xp 00000000 08:06 1064666    /usr/lib/jvm/java-6-openjdk/jre/lib/i386/jli/libjli.so
009f6000-009f7000 r--p 00003000 08:06 1064666    /usr/lib/jvm/java-6-openjdk/jre/lib/i386/jli/libjli.so
009f7000-009f8000 rw-p 00004000 08:06 1064666    /usr/lib/jvm/java-6-openjdk/jre/lib/i386/jli/libjli.so
00b31000-00b44000 r-xp 00000000 08:06 1179846    /lib/libz.so.1.2.3.3
00b44000-00b45000 r--p 00012000 08:06 1179846    /lib/libz.so.1.2.3.3
00b45000-00b46000 rw-p 00013000 08:06 1179846    /lib/libz.so.1.2.3.3
00bfa000-00c00000 r-xp 00000000 08:06 1311387    /lib/tls/i686/cmov/libnss_compat-2.11.1.so
00c00000-00c01000 r--p 00006000 08:06 1311387    /lib/tls/i686/cmov/libnss_compat-2.11.1.so
00c01000-00c02000 rw-p 00007000 08:06 1311387    /lib/tls/i686/cmov/libnss_compat-2.11.1.so
00c7a000-00c84000 r-xp 00000000 08:06 1311391    /lib/tls/i686/cmov/libnss_files-2.11.1.so
00c84000-00c85000 r--p 00009000 08:06 1311391    /lib/tls/i686/cmov/libnss_files-2.11.1.so
00c85000-00c86000 rw-p 0000a000 08:06 1311391    /lib/tls/i686/cmov/libnss_files-2.11.1.so
00cbd000-00ce1000 r-xp 00000000 08:06 1311382    /lib/tls/i686/cmov/libm-2.11.1.so
00ce1000-00ce2000 r--p 00023000 08:06 1311382    /lib/tls/i686/cmov/libm-2.11.1.so
00ce2000-00ce3000 rw-p 00024000 08:06 1311382    /lib/tls/i686/cmov/libm-2.11.1.so
00db5000-00dbc000 r-xp 00000000 08:06 1311404    /lib/tls/i686/cmov/librt-2.11.1.so
00dbc000-00dbd000 r--p 00006000 08:06 1311404    /lib/tls/i686/cmov/librt-2.11.1.so
00dbd000-00dbe000 rw-p 00007000 08:06 1311404    /lib/tls/i686/cmov/librt-2.11.1.so
00ed5000-00edc000 r-xp 00000000 08:06 1064678    /usr/lib/jvm/java-6-openjdk/jre/lib/i386/native_threads/libhpi.so
00edc000-00edd000 r--p 00006000 08:06 1064678    /usr/lib/jvm/java-6-openjdk/jre/lib/i386/native_threads/libhpi.so
00edd000-00ede000 rw-p 00007000 08:06 1064678    /usr/lib/jvm/java-6-openjdk/jre/lib/i386/native_threads/libhpi.so
00ee7000-00ee8000 r-xp 00000000 08:06 1069394    /usr/lib/libflowrecord.so
00ee8000-00ee9000 r--p 00000000 08:06 1069394    /usr/lib/libflowrecord.so
00ee9000-00eea000 rw-p 00001000 08:06 1069394    /usr/lib/libflowrecord.so
00f6c000-00f6e000 r-xp 00000000 08:06 1311380    /lib/tls/i686/cmov/libdl-2.11.1.so
00f6e000-00f6f000 r--p 00001000 08:06 1311380    /lib/tls/i686/cmov/libdl-2.11.1.so
00f6f000-00f70000 rw-p 00002000 08:06 1311380    /lib/tls/i686/cmov/libdl-2.11.1.so
00f70000-01635000 r-xp 00000000 08:06 1064676    /usr/lib/jvm/java-6-openjdk/jre/lib/i386/server/libjvm.so
01635000-01636000 ---p 006c5000 08:06 1064676    /usr/lib/jvm/java-6-openjdk/jre/lib/i386/server/libjvm.so
01636000-0167b000 r--p 006c5000 08:06 1064676    /usr/lib/jvm/java-6-openjdk/jre/lib/i386/server/libjvm.so
0167b000-0168a000 rw-p 0070a000 08:06 1064676    /usr/lib/jvm/java-6-openjdk/jre/lib/i386/server/libjvm.so
0168a000-01aa9000 rw-p 00000000 00:00 0 
08048000-08051000 r-xp 00000000 08:06 1064626    /usr/lib/jvm/java-6-openjdk/jre/bin/java
08051000-08052000 r--p 00008000 08:06 1064626    /usr/lib/jvm/java-6-openjdk/jre/bin/java
08052000-08053000 rw-p 00009000 08:06 1064626    /usr/lib/jvm/java-6-openjdk/jre/bin/java
099a1000-09ab1000 rw-p 00000000 00:00 0          [heap]
806f0000-806f2000 r--s 0000b000 08:06 407447     /home/varun/apache-tomcat-7.0.14/lib/tomcat-i18n-ja.jar
806f2000-806f7000 r--s 00039000 08:06 407446     /home/varun/apache-tomcat-7.0.14/lib/catalina-tribes.jar
806f7000-806f9000 r--s 0000c000 08:06 407452     /home/varun/apache-tomcat-7.0.14/lib/catalina-ant.jar
806f9000-806fc000 r--s 0001b000 08:06 407461     /home/varun/apache-tomcat-7.0.14/lib/jasper-el.jar
806fc000-806ff000 r--s 0000e000 08:06 407449     /home/varun/apache-tomcat-7.0.14/lib/tomcat-i18n-es.jar
806ff000-80703000 r--s 00035000 08:06 407457     /home/varun/apache-tomcat-7.0.14/lib/tomcat-dbcp.jar
80703000-8070f000 r--s 000a8000 08:06 407451     /home/varun/apache-tomcat-7.0.14/lib/tomcat-coyote.jar
8070f000-80710000 r--s 00004000 08:06 407456     /home/varun/apache-tomcat-7.0.14/lib/tomcat-util.jar
80710000-80711000 r--s 00003000 08:06 407445     /home/varun/apache-tomcat-7.0.14/lib/annotations-api.jar
80711000-80714000 r--s 0001d000 08:06 407455     /home/varun/apache-tomcat-7.0.14/lib/catalina-ha.jar
80714000-80725000 r--s 0014b000 08:06 407463     /home/varun/apache-tomcat-7.0.14/lib/catalina.jar
80725000-8072d000 r--s 00085000 08:06 407466     /home/varun/apache-tomcat-7.0.14/lib/jasper.jar
8072d000-8073b000 r--s 00185000 08:06 407460     /home/varun/apache-tomcat-7.0.14/lib/ecj-3.6.2.jar
8073b000-8073e000 r--s 00028000 08:06 407454     /home/varun/apache-tomcat-7.0.14/lib/servlet-api.jar
8073e000-80741000 r--s 0000a000 08:06 407448     /home/varun/apache-tomcat-7.0.14/lib/tomcat-i18n-fr.jar
80741000-8074a000 r--s 00065000 08:06 1460237    /usr/share/java/gnome-java-bridge.jar
8074a000-8074b000 ---p 00000000 00:00 0 
8074b000-807cb000 rw-p 00000000 00:00 0 
807cb000-807ce000 ---p 00000000 00:00 0 
807ce000-8081c000 rw-p 00000000 00:00 0 
8081c000-8081f000 ---p 00000000 00:00 0 
8081f000-8089d000 rw-p 00000000 00:00 0 
8089d000-808a0000 ---p 00000000 00:00 0 
808a0000-8091e000 rw-p 00000000 00:00 0 
8091e000-80921000 ---p 00000000 00:00 0 
80921000-8096f000 rw-p 00000000 00:00 0 
8096f000-809ae000 r--p 00000000 08:06 1056342    /usr/lib/locale/en_IN/LC_CTYPE
809ae000-809b1000 ---p 00000000 00:00 0 
809b1000-809ff000 rw-p 00000000 00:00 0 
809ff000-80a02000 ---p 00000000 00:00 0 
80a02000-80a50000 rw-p 00000000 00:00 0 
80a50000-80a51000 ---p 00000000 00:00 0 
80a51000-80ad1000 rw-p 00000000 00:00 0 
80ad1000-80ad3000 r--s 0001d000 08:06 1056709    /usr/lib/jvm/java-6-openjdk/jre/lib/plugin.jar
80ad3000-80ad8000 r--s 00045000 08:06 1056713    /usr/lib/jvm/java-6-openjdk/jre/lib/netx.jar
80ad8000-80b0b000 rw-p 00000000 00:00 0 
80b0b000-80c9a000 r--s 038c4000 08:06 1064698    /usr/lib/jvm/java-6-openjdk/jre/lib/rt.jar
80c9a000-80c9b000 ---p 00000000 00:00 0 
80c9b000-80d1b000 rw-p 00000000 00:00 0 
80d1b000-80d1c000 ---p 00000000 00:00 0 
80d1c000-80da4000 rw-p 00000000 00:00 0 
80da4000-80ddc000 rw-p 00000000 00:00 0 
80ddc000-80deb000 rw-p 00000000 00:00 0 
80deb000-80ec4000 rw-p 00000000 00:00 0 
80ec4000-80ecc000 rw-p 00000000 00:00 0 
80ecc000-80f04000 rw-p 00000000 00:00 0 
80f04000-80f13000 rw-p 00000000 00:00 0 
80f13000-80feb000 rw-p 00000000 00:00 0 
80feb000-80ff3000 rw-p 00000000 00:00 0 
80ff3000-8105f000 rw-p 00000000 00:00 0 
8105f000-82060000 rw-p 00000000 00:00 0 
82060000-89060000 rw-p 00000000 00:00 0 
89060000-8ad40000 rw-p 00000000 00:00 0 
8ad40000-a5f10000 rw-p 00000000 00:00 0 
a5f10000-a6d80000 rw-p 00000000 00:00 0 
a6d80000-b4660000 rw-p 00000000 00:00 0 
b4660000-b4663000 r--s 00013000 08:06 407465     /home/varun/apache-tomcat-7.0.14/lib/jsp-api.jar
b4663000-b4664000 r--s 00001000 08:06 407459     /home/varun/apache-tomcat-7.0.14/lib/tomcat-api.jar
b4664000-b4666000 r--s 00009000 08:06 407467     /home/varun/apache-tomcat-7.0.14/lib/el-api.jar
b4666000-b466f000 rw-p 00000000 00:00 0 
b466f000-b4726000 rw-p 00000000 00:00 0 
b4726000-b4966000 rwxp 00000000 00:00 0 
b4966000-b7726000 rw-p 00000000 00:00 0 
b7726000-b7729000 ---p 00000000 00:00 0 
b7729000-b777a000 rw-p 00000000 00:00 0 
b777b000-b777e000 r--s 0000f000 08:06 1056737    /usr/lib/jvm/java-6-openjdk/jre/lib/ext/pulse-java.jar
b777e000-b7786000 rw-s 00000000 08:06 786640     /tmp/hsperfdata_varun/2529
b7786000-b7787000 rw-p 00000000 00:00 0 
b7787000-b7788000 r--p 00000000 00:00 0 
b7788000-b778a000 rw-p 00000000 00:00 0 
bf95f000-bf974000 rw-p 00000000 00:00 0          [stack]

VM Arguments:
jvm_args: -Dfile.encoding=UTF-8 
java_command: FileAccess.ReadFlow
Launcher Type: SUN_STANDARD

Environment Variables:
PATH=/usr/local/sbin:/usr/local/bin:/usr/sbin:/usr/bin:/sbin:/bin:/usr/games
USERNAME=varun
LD_LIBRARY_PATH=/usr/lib/jvm/java-6-openjdk/jre/lib/i386/server:/usr/lib/jvm/java-6-openjdk/jre/lib/i386:/usr/lib/jvm/java-6-openjdk/jre/../lib/i386:/usr/lib/jvm/java-6-openjdk/jre/lib/i386/client:/usr/lib/jvm/java-6-openjdk/jre/lib/i386:/usr/lib/jvm/java-6-openjdk/jre/../lib/i386
SHELL=/bin/bash
DISPLAY=:0.0

Signal Handlers:
SIGSEGV: [libjvm.so+0x64a040], sa_mask[0]=0x7ffbfeff, sa_flags=0x10000004
SIGBUS: [libjvm.so+0x64a040], sa_mask[0]=0x7ffbfeff, sa_flags=0x10000004
SIGFPE: [libjvm.so+0x51c0d0], sa_mask[0]=0x7ffbfeff, sa_flags=0x10000004
SIGPIPE: [libjvm.so+0x51c0d0], sa_mask[0]=0x7ffbfeff, sa_flags=0x10000004
SIGXFSZ: [libjvm.so+0x51c0d0], sa_mask[0]=0x7ffbfeff, sa_flags=0x10000004
SIGILL: [libjvm.so+0x51c0d0], sa_mask[0]=0x7ffbfeff, sa_flags=0x10000004
SIGUSR1: SIG_DFL, sa_mask[0]=0x00000000, sa_flags=0x00000000
SIGUSR2: [libjvm.so+0x51b780], sa_mask[0]=0x00000004, sa_flags=0x10000004
SIGHUP: [libjvm.so+0x51e2f0], sa_mask[0]=0x7ffbfeff, sa_flags=0x10000004
SIGINT: SIG_IGN, sa_mask[0]=0x00000000, sa_flags=0x00000000
SIGTERM: [libjvm.so+0x51e2f0], sa_mask[0]=0x7ffbfeff, sa_flags=0x10000004
SIGQUIT: [libjvm.so+0x51e2f0], sa_mask[0]=0x7ffbfeff, sa_flags=0x10000004


---------------  S Y S T E M  ---------------

OS:Ubuntu 10.04 (lucid)
uname:Linux 2.6.32-33-generic #70-Ubuntu SMP Thu Jul 7 21:09:46 UTC 2011 i686
libc:glibc 2.11.1 NPTL 2.11.1 
rlimit: STACK 8192k, CORE 0k, NPROC infinity, NOFILE 1024, AS infinity
load average:0.36 0.43 0.36

/proc/meminfo:
MemTotal:        2836956 kB
MemFree:         1713424 kB
Buffers:           81348 kB
Cached:           547912 kB
SwapCached:            0 kB
Active:           571020 kB
Inactive:         461736 kB
Active(anon):     403896 kB
Inactive(anon):     5184 kB
Active(file):     167124 kB
Inactive(file):   456552 kB
Unevictable:          16 kB
Mlocked:              16 kB
HighTotal:       1973064 kB
HighFree:         992992 kB
LowTotal:         863892 kB
LowFree:          720432 kB
SwapTotal:       2833400 kB
SwapFree:        2833400 kB
Dirty:               112 kB
Writeback:             0 kB
AnonPages:        403640 kB
Mapped:            79160 kB
Shmem:              5588 kB
Slab:              35352 kB
SReclaimable:      25060 kB
SUnreclaim:        10292 kB
KernelStack:        2496 kB
PageTables:         5372 kB
NFS_Unstable:          0 kB
Bounce:                0 kB
WritebackTmp:          0 kB
CommitLimit:     4251876 kB
Committed_AS:     977916 kB
VmallocTotal:     122880 kB
VmallocUsed:       72756 kB
VmallocChunk:      42364 kB
HardwareCorrupted:     0 kB
HugePages_Total:       0
HugePages_Free:        0
HugePages_Rsvd:        0
HugePages_Surp:        0
Hugepagesize:       4096 kB
DirectMap4k:       12280 kB
DirectMap4M:      897024 kB


CPU:total 2 (2 cores per cpu, 1 threads per core) family 17 model 3 stepping 1, cmov, cx8, fxsr, mmx, sse, sse2, sse3, mmxext, 3dnow, 3dnowext

Memory: 4k page, physical 2836956k(1713424k free), swap 2833400k(2833400k free)

vm_info: OpenJDK Server VM (19.0-b09) for linux-x86 JRE (1.6.0_20-b20), built on Nov  8 2011 17:27:25 by "buildd" with gcc 4.4.3

time: Mon Jan 16 17:52:24 2012
elapsed time: 0 seconds

