#
# A fatal error has been detected by the Java Runtime Environment:
#
#  SIGSEGV (0xb) at pc=0x00724fc6, pid=4993, tid=3079035760
#
# JRE version: 6.0_20-b20
# Java VM: OpenJDK Server VM (19.0-b09 mixed mode linux-x86 )
# Derivative: IcedTea6 1.9.10
# Distribution: Ubuntu 10.04.1 LTS, package 6b20-1.9.10-0ubuntu1~10.04.3
# Problematic frame:
# C  [libc.so.6+0x74fc6]
#
# If you would like to submit a bug report, please include
# instructions how to reproduce the bug and visit:
#   https://bugs.launchpad.net/ubuntu/+source/openjdk-6/
# The crash happened outside the Java Virtual Machine in native code.
# See problematic frame for where to report the bug.
#

---------------  T H R E A D  ---------------

Current thread (0x083bc000):  JavaThread "main" [_thread_in_native, id=4997, stack(0xb7815000,0xb7866000)]

siginfo:si_signo=SIGSEGV: si_errno=0, si_code=1 (SEGV_MAPERR), si_addr=0x00000000

Registers:
EAX=0x00000002, EBX=0xb7864af8, ECX=0x2de1934a, EDX=0xb7864b8c
ESP=0xb7864a48, EBP=0xb7864a88, ESI=0x00000000, EDI=0x00000000
EIP=0x00724fc6, CR2=0x00000000, EFLAGS=0x00010202

Register to memory mapping:

EAX=0x00000002
0x00000002 is pointing to unknown location

EBX=0xb7864af8
0xb7864af8 is pointing into the stack for thread: 0x083bc000
"main" prio=10 tid=0x083bc000 nid=0x1385 runnable [0xb7864000]
   java.lang.Thread.State: RUNNABLE

ECX=0x2de1934a
0x2de1934a is pointing to unknown location

EDX=0xb7864b8c
0xb7864b8c is pointing into the stack for thread: 0x083bc000
"main" prio=10 tid=0x083bc000 nid=0x1385 runnable [0xb7864000]
   java.lang.Thread.State: RUNNABLE

ESP=0xb7864a48
0xb7864a48 is pointing into the stack for thread: 0x083bc000
"main" prio=10 tid=0x083bc000 nid=0x1385 runnable [0xb7864000]
   java.lang.Thread.State: RUNNABLE

EBP=0xb7864a88
0xb7864a88 is pointing into the stack for thread: 0x083bc000
"main" prio=10 tid=0x083bc000 nid=0x1385 runnable [0xb7864000]
   java.lang.Thread.State: RUNNABLE

ESI=0x00000000
0x00000000 is pointing to unknown location

EDI=0x00000000
0x00000000 is pointing to unknown location


Top of Stack: (sp=0xb7864a48)
0xb7864a48:   8091c174 0024f011 00000000 00000000
0xb7864a58:   b7864d2a 00805ff4 80900010 00000000
0xb7864a68:   b7864a88 8091c0e0 b7864a88 006f71db
0xb7864a78:   81333448 81333448 81333448 083bc000
0xb7864a88:   b7864d78 0024ffa1 b7864af8 00000000
0xb7864a98:   b7864d2a 00000000 0000ffff 00000001
0xb7864aa8:   002547a1 b7864bc8 b7864ad8 0071ac22
0xb7864ab8:   80910f50 80916fc8 b7864af4 b7864d2a 

Instructions: (pc=0x00724fc6)
0x00724fb6:   00 00 00 74 02 a4 49 50 89 c8 c1 e9 02 83 e0 03
0x00724fc6:   f3 a5 89 c1 f3 a4 58 89 c7 89 d6 8b 44 24 04 c3 

Stack: [0xb7815000,0xb7866000],  sp=0xb7864a48,  free space=318k
Native frames: (J=compiled Java code, j=interpreted, Vv=VM code, C=native code)
C  [libc.so.6+0x74fc6]
C  [libpacketlib.so+0x3fa1]  traverse_flow_list+0x37d
C  [libpacketlib.so+0x4180]  get_flow_packets+0x9c
C  [libpacketlib.so+0x4c0a]  fill_flow_packets+0x6f
C  [libpacketlib.so+0x2435]  Java_FileAccess_GetPacket_fillpackets+0x205
j  FileAccess.GetPacket.fillpackets()V+0
j  FileAccess.GetPacket.main([Ljava/lang/String;)V+154
v  ~StubRoutines::call_stub
V  [libjvm.so+0x387d72]
V  [libjvm.so+0x519369]
V  [libjvm.so+0x386caf]
V  [libjvm.so+0x39214c]
V  [libjvm.so+0x3a11ad]
C  [java+0x321d]  JavaMain+0xd4d
C  [libpthread.so.0+0x596e]

Java frames: (J=compiled Java code, j=interpreted, Vv=VM code)
j  FileAccess.GetPacket.fillpackets()V+0
j  FileAccess.GetPacket.main([Ljava/lang/String;)V+154
v  ~StubRoutines::call_stub

---------------  P R O C E S S  ---------------

Java Threads: ( => current thread )
  0x80904800 JavaThread "Low Memory Detector" daemon [_thread_blocked, id=5006, stack(0x807ad000,0x807fe000)]
  0x80902800 JavaThread "CompilerThread1" daemon [_thread_blocked, id=5005, stack(0x807fe000,0x8087f000)]
  0x80900800 JavaThread "CompilerThread0" daemon [_thread_blocked, id=5004, stack(0x8087f000,0x80900000)]
  0x0845a000 JavaThread "Signal Dispatcher" daemon [_thread_blocked, id=5003, stack(0x80a0e000,0x80a5f000)]
  0x0844a400 JavaThread "Finalizer" daemon [_thread_blocked, id=5002, stack(0x80a9e000,0x80aef000)]
  0x08445c00 JavaThread "Reference Handler" daemon [_thread_blocked, id=5001, stack(0x80aef000,0x80b40000)]
=>0x083bc000 JavaThread "main" [_thread_in_native, id=4997, stack(0xb7815000,0xb7866000)]

Other Threads:
  0x08441c00 VMThread [stack: 0x80b40000,0x80bc1000] [id=5000]
  0x80906800 WatcherThread [stack: 0x8072c000,0x807ad000] [id=5007]

VM state:not at safepoint (normal execution)

VM Mutex/Monitor currently owned by a thread: None

Heap
 PSYoungGen      total 12992K, used 448K [0xa6000000, 0xa6e70000, 0xb4750000)
  eden space 11200K, 4% used [0xa6000000,0xa6070028,0xa6af0000)
  from space 1792K, 0% used [0xa6cb0000,0xa6cb0000,0xa6e70000)
  to   space 1792K, 0% used [0xa6af0000,0xa6af0000,0xa6cb0000)
 PSOldGen        total 29568K, used 0K [0x89150000, 0x8ae30000, 0xa6000000)
  object space 29568K, 0% used [0x89150000,0x89150000,0x8ae30000)
 PSPermGen       total 16384K, used 1952K [0x81150000, 0x82150000, 0x89150000)
  object space 16384K, 11% used [0x81150000,0x81338058,0x82150000)

Dynamic libraries:
00110000-00123000 r-xp 00000000 08:05 527208     /lib/tls/i686/cmov/libnsl-2.11.1.so
00123000-00124000 r--p 00012000 08:05 527208     /lib/tls/i686/cmov/libnsl-2.11.1.so
00124000-00125000 rw-p 00013000 08:05 527208     /lib/tls/i686/cmov/libnsl-2.11.1.so
00125000-00127000 rw-p 00000000 00:00 0 
00222000-0022e000 r-xp 00000000 08:05 1586225    /usr/lib/jvm/java-6-openjdk/jre/lib/i386/libverify.so
0022e000-0022f000 r--p 0000b000 08:05 1586225    /usr/lib/jvm/java-6-openjdk/jre/lib/i386/libverify.so
0022f000-00230000 rw-p 0000c000 08:05 1586225    /usr/lib/jvm/java-6-openjdk/jre/lib/i386/libverify.so
00246000-00247000 r-xp 00000000 00:00 0          [vdso]
0024c000-00255000 r-xp 00000000 08:05 1589892    /usr/lib/libpacketlib.so
00255000-00256000 r--p 00009000 08:05 1589892    /usr/lib/libpacketlib.so
00256000-00257000 rw-p 0000a000 08:05 1589892    /usr/lib/libpacketlib.so
002af000-002d3000 r-xp 00000000 08:05 1586209    /usr/lib/jvm/java-6-openjdk/jre/lib/i386/libjava.so
002d3000-002d4000 r--p 00023000 08:05 1586209    /usr/lib/jvm/java-6-openjdk/jre/lib/i386/libjava.so
002d4000-002d6000 rw-p 00024000 08:05 1586209    /usr/lib/jvm/java-6-openjdk/jre/lib/i386/libjava.so
0031e000-00326000 r-xp 00000000 08:05 527218     /lib/tls/i686/cmov/libnss_nis-2.11.1.so
00326000-00327000 r--p 00007000 08:05 527218     /lib/tls/i686/cmov/libnss_nis-2.11.1.so
00327000-00328000 rw-p 00008000 08:05 527218     /lib/tls/i686/cmov/libnss_nis-2.11.1.so
00427000-0044b000 r-xp 00000000 08:05 527205     /lib/tls/i686/cmov/libm-2.11.1.so
0044b000-0044c000 r--p 00023000 08:05 527205     /lib/tls/i686/cmov/libm-2.11.1.so
0044c000-0044d000 rw-p 00024000 08:05 527205     /lib/tls/i686/cmov/libm-2.11.1.so
00494000-00497000 r-xp 00000000 08:05 1586197    /usr/lib/jvm/java-6-openjdk/jre/lib/i386/jli/libjli.so
00497000-00498000 r--p 00003000 08:05 1586197    /usr/lib/jvm/java-6-openjdk/jre/lib/i386/jli/libjli.so
00498000-00499000 rw-p 00004000 08:05 1586197    /usr/lib/jvm/java-6-openjdk/jre/lib/i386/jli/libjli.so
00502000-00509000 r-xp 00000000 08:05 527227     /lib/tls/i686/cmov/librt-2.11.1.so
00509000-0050a000 r--p 00006000 08:05 527227     /lib/tls/i686/cmov/librt-2.11.1.so
0050a000-0050b000 rw-p 00007000 08:05 527227     /lib/tls/i686/cmov/librt-2.11.1.so
00676000-0068b000 r-xp 00000000 08:05 527223     /lib/tls/i686/cmov/libpthread-2.11.1.so
0068b000-0068c000 r--p 00014000 08:05 527223     /lib/tls/i686/cmov/libpthread-2.11.1.so
0068c000-0068d000 rw-p 00015000 08:05 527223     /lib/tls/i686/cmov/libpthread-2.11.1.so
0068d000-0068f000 rw-p 00000000 00:00 0 
006b0000-00803000 r-xp 00000000 08:05 527197     /lib/tls/i686/cmov/libc-2.11.1.so
00803000-00804000 ---p 00153000 08:05 527197     /lib/tls/i686/cmov/libc-2.11.1.so
00804000-00806000 r--p 00153000 08:05 527197     /lib/tls/i686/cmov/libc-2.11.1.so
00806000-00807000 rw-p 00155000 08:05 527197     /lib/tls/i686/cmov/libc-2.11.1.so
00807000-0080a000 rw-p 00000000 00:00 0 
0088f000-00895000 r-xp 00000000 08:05 527210     /lib/tls/i686/cmov/libnss_compat-2.11.1.so
00895000-00896000 r--p 00006000 08:05 527210     /lib/tls/i686/cmov/libnss_compat-2.11.1.so
00896000-00897000 rw-p 00007000 08:05 527210     /lib/tls/i686/cmov/libnss_compat-2.11.1.so
008f5000-00908000 r-xp 00000000 08:05 523463     /lib/libz.so.1.2.3.3
00908000-00909000 r--p 00012000 08:05 523463     /lib/libz.so.1.2.3.3
00909000-0090a000 rw-p 00013000 08:05 523463     /lib/libz.so.1.2.3.3
00aab000-00ab2000 r-xp 00000000 08:05 1586226    /usr/lib/jvm/java-6-openjdk/jre/lib/i386/libzip.so
00ab2000-00ab3000 r--p 00006000 08:05 1586226    /usr/lib/jvm/java-6-openjdk/jre/lib/i386/libzip.so
00ab3000-00ab4000 rw-p 00007000 08:05 1586226    /usr/lib/jvm/java-6-openjdk/jre/lib/i386/libzip.so
00b15000-00b17000 r-xp 00000000 08:05 527203     /lib/tls/i686/cmov/libdl-2.11.1.so
00b17000-00b18000 r--p 00001000 08:05 527203     /lib/tls/i686/cmov/libdl-2.11.1.so
00b18000-00b19000 rw-p 00002000 08:05 527203     /lib/tls/i686/cmov/libdl-2.11.1.so
00c03000-00c0a000 r-xp 00000000 08:05 1586228    /usr/lib/jvm/java-6-openjdk/jre/lib/i386/native_threads/libhpi.so
00c0a000-00c0b000 r--p 00006000 08:05 1586228    /usr/lib/jvm/java-6-openjdk/jre/lib/i386/native_threads/libhpi.so
00c0b000-00c0c000 rw-p 00007000 08:05 1586228    /usr/lib/jvm/java-6-openjdk/jre/lib/i386/native_threads/libhpi.so
00e21000-00e2b000 r-xp 00000000 08:05 527214     /lib/tls/i686/cmov/libnss_files-2.11.1.so
00e2b000-00e2c000 r--p 00009000 08:05 527214     /lib/tls/i686/cmov/libnss_files-2.11.1.so
00e2c000-00e2d000 rw-p 0000a000 08:05 527214     /lib/tls/i686/cmov/libnss_files-2.11.1.so
00ea4000-00ebf000 r-xp 00000000 08:05 523290     /lib/ld-2.11.1.so
00ebf000-00ec0000 r--p 0001a000 08:05 523290     /lib/ld-2.11.1.so
00ec0000-00ec1000 rw-p 0001b000 08:05 523290     /lib/ld-2.11.1.so
00ec1000-01586000 r-xp 00000000 08:05 1586230    /usr/lib/jvm/java-6-openjdk/jre/lib/i386/server/libjvm.so
01586000-01587000 ---p 006c5000 08:05 1586230    /usr/lib/jvm/java-6-openjdk/jre/lib/i386/server/libjvm.so
01587000-015cc000 r--p 006c5000 08:05 1586230    /usr/lib/jvm/java-6-openjdk/jre/lib/i386/server/libjvm.so
015cc000-015db000 rw-p 0070a000 08:05 1586230    /usr/lib/jvm/java-6-openjdk/jre/lib/i386/server/libjvm.so
015db000-019fa000 rw-p 00000000 00:00 0 
08048000-08051000 r-xp 00000000 08:05 1586258    /usr/lib/jvm/java-6-openjdk/jre/bin/java
08051000-08052000 r--p 00008000 08:05 1586258    /usr/lib/jvm/java-6-openjdk/jre/bin/java
08052000-08053000 rw-p 00009000 08:05 1586258    /usr/lib/jvm/java-6-openjdk/jre/bin/java
083b5000-08462000 rw-p 00000000 00:00 0          [heap]
806ab000-8072c000 rw-p 00000000 00:00 0 
8072c000-8072d000 ---p 00000000 00:00 0 
8072d000-807ad000 rw-p 00000000 00:00 0 
807ad000-807b0000 ---p 00000000 00:00 0 
807b0000-807fe000 rw-p 00000000 00:00 0 
807fe000-80801000 ---p 00000000 00:00 0 
80801000-8087f000 rw-p 00000000 00:00 0 
8087f000-80882000 ---p 00000000 00:00 0 
80882000-80900000 rw-p 00000000 00:00 0 
80900000-80922000 rw-p 00000000 00:00 0 
80922000-80a00000 ---p 00000000 00:00 0 
80a05000-80a0e000 r--s 00065000 08:05 6219       /usr/share/java/gnome-java-bridge.jar
80a0e000-80a11000 ---p 00000000 00:00 0 
80a11000-80a5f000 rw-p 00000000 00:00 0 
80a5f000-80a9e000 r--p 00000000 08:05 1577945    /usr/lib/locale/en_IN/LC_CTYPE
80a9e000-80aa1000 ---p 00000000 00:00 0 
80aa1000-80aef000 rw-p 00000000 00:00 0 
80aef000-80af2000 ---p 00000000 00:00 0 
80af2000-80b40000 rw-p 00000000 00:00 0 
80b40000-80b41000 ---p 00000000 00:00 0 
80b41000-80bc1000 rw-p 00000000 00:00 0 
80bc1000-80bc3000 r--s 0001d000 08:05 1577596    /usr/lib/jvm/java-6-openjdk/jre/lib/plugin.jar
80bc3000-80bc8000 r--s 00045000 08:05 1577595    /usr/lib/jvm/java-6-openjdk/jre/lib/netx.jar
80bc8000-80bfb000 rw-p 00000000 00:00 0 
80bfb000-80d8a000 r--s 038c4000 08:05 1586189    /usr/lib/jvm/java-6-openjdk/jre/lib/rt.jar
80d8a000-80d8b000 ---p 00000000 00:00 0 
80d8b000-80e0b000 rw-p 00000000 00:00 0 
80e0b000-80e0c000 ---p 00000000 00:00 0 
80e0c000-80e94000 rw-p 00000000 00:00 0 
80e94000-80ecc000 rw-p 00000000 00:00 0 
80ecc000-80edb000 rw-p 00000000 00:00 0 
80edb000-80fb4000 rw-p 00000000 00:00 0 
80fb4000-80fbc000 rw-p 00000000 00:00 0 
80fbc000-80ff4000 rw-p 00000000 00:00 0 
80ff4000-81003000 rw-p 00000000 00:00 0 
81003000-810db000 rw-p 00000000 00:00 0 
810db000-810e3000 rw-p 00000000 00:00 0 
810e3000-8114f000 rw-p 00000000 00:00 0 
8114f000-82150000 rw-p 00000000 00:00 0 
82150000-89150000 rw-p 00000000 00:00 0 
89150000-8ae30000 rw-p 00000000 00:00 0 
8ae30000-a6000000 rw-p 00000000 00:00 0 
a6000000-a6e70000 rw-p 00000000 00:00 0 
a6e70000-b4750000 rw-p 00000000 00:00 0 
b4755000-b475e000 rw-p 00000000 00:00 0 
b475e000-b4815000 rw-p 00000000 00:00 0 
b4815000-b4a55000 rwxp 00000000 00:00 0 
b4a55000-b7815000 rw-p 00000000 00:00 0 
b7815000-b7818000 ---p 00000000 00:00 0 
b7818000-b7869000 rw-p 00000000 00:00 0 
b786d000-b786e000 rw-p 00000000 00:00 0 
b786e000-b7871000 r--s 0000f000 08:05 1577575    /usr/lib/jvm/java-6-openjdk/jre/lib/ext/pulse-java.jar
b7871000-b7879000 rw-s 00000000 08:05 671475     /tmp/hsperfdata_root/4993
b7879000-b787a000 rw-p 00000000 00:00 0 
b787a000-b787b000 r--p 00000000 00:00 0 
b787b000-b787d000 rw-p 00000000 00:00 0 
bffe6000-bfffb000 rw-p 00000000 00:00 0          [stack]

VM Arguments:
jvm_args: -Dfile.encoding=UTF-8 
java_command: FileAccess.GetPacket
Launcher Type: SUN_STANDARD

Environment Variables:
PATH=/usr/local/sbin:/usr/local/bin:/usr/sbin:/usr/bin:/sbin:/bin:/usr/games
USERNAME=root
LD_LIBRARY_PATH=/usr/lib/jvm/java-6-openjdk/jre/lib/i386/server:/usr/lib/jvm/java-6-openjdk/jre/lib/i386:/usr/lib/jvm/java-6-openjdk/jre/../lib/i386:/usr/lib/jvm/java-6-openjdk/jre/lib/i386/client:/usr/lib/jvm/java-6-openjdk/jre/lib/i386:/usr/lib/jvm/java-6-openjdk/jre/../lib/i386
SHELL=/bin/bash
DISPLAY=:0.0

Signal Handlers:
SIGSEGV: [libjvm.so+0x64a040], sa_mask[0]=0x7ffbfeff, sa_flags=0x10000004
SIGBUS: [libjvm.so+0x64a040], sa_mask[0]=0x7ffbfeff, sa_flags=0x10000004
SIGFPE: [libjvm.so+0x51c0d0], sa_mask[0]=0x7ffbfeff, sa_flags=0x10000004
SIGPIPE: [libjvm.so+0x51c0d0], sa_mask[0]=0x7ffbfeff, sa_flags=0x10000004
SIGXFSZ: [libjvm.so+0x51c0d0], sa_mask[0]=0x7ffbfeff, sa_flags=0x10000004
SIGILL: [libjvm.so+0x51c0d0], sa_mask[0]=0x7ffbfeff, sa_flags=0x10000004
SIGUSR1: SIG_DFL, sa_mask[0]=0x00000000, sa_flags=0x00000000
SIGUSR2: [libjvm.so+0x51b780], sa_mask[0]=0x00000004, sa_flags=0x10000004
SIGHUP: [libjvm.so+0x51e2f0], sa_mask[0]=0x7ffbfeff, sa_flags=0x10000004
SIGINT: SIG_IGN, sa_mask[0]=0x00000000, sa_flags=0x00000000
SIGTERM: [libjvm.so+0x51e2f0], sa_mask[0]=0x7ffbfeff, sa_flags=0x10000004
SIGQUIT: [libjvm.so+0x51e2f0], sa_mask[0]=0x7ffbfeff, sa_flags=0x10000004


---------------  S Y S T E M  ---------------

OS:Ubuntu 10.04 (lucid)
uname:Linux 2.6.32-33-generic #70-Ubuntu SMP Thu Jul 7 21:09:46 UTC 2011 i686
libc:glibc 2.11.1 NPTL 2.11.1 
rlimit: STACK 8192k, CORE 0k, NPROC infinity, NOFILE 1024, AS infinity
load average:0.74 0.54 0.40

/proc/meminfo:
MemTotal:        2836956 kB
MemFree:         1129184 kB
Buffers:           80972 kB
Cached:           801664 kB
SwapCached:            0 kB
Active:           904952 kB
Inactive:         707268 kB
Active(anon):     729992 kB
Inactive(anon):     7440 kB
Active(file):     174960 kB
Inactive(file):   699828 kB
Unevictable:          16 kB
Mlocked:              16 kB
HighTotal:       1973064 kB
HighFree:         410192 kB
LowTotal:         863892 kB
LowFree:          718992 kB
SwapTotal:       3234808 kB
SwapFree:        3234808 kB
Dirty:               204 kB
Writeback:             0 kB
AnonPages:        729596 kB
Mapped:           148696 kB
Shmem:              7852 kB
Slab:              36584 kB
SReclaimable:      25100 kB
SUnreclaim:        11484 kB
KernelStack:        2904 kB
PageTables:         7980 kB
NFS_Unstable:          0 kB
Bounce:                0 kB
WritebackTmp:          0 kB
CommitLimit:     4653284 kB
Committed_AS:    1947284 kB
VmallocTotal:     122880 kB
VmallocUsed:       72908 kB
VmallocChunk:      42876 kB
HardwareCorrupted:     0 kB
HugePages_Total:       0
HugePages_Free:        0
HugePages_Rsvd:        0
HugePages_Surp:        0
Hugepagesize:       4096 kB
DirectMap4k:       12280 kB
DirectMap4M:      897024 kB


CPU:total 2 (2 cores per cpu, 1 threads per core) family 17 model 3 stepping 1, cmov, cx8, fxsr, mmx, sse, sse2, sse3, mmxext, 3dnow, 3dnowext

Memory: 4k page, physical 2836956k(1129184k free), swap 3234808k(3234808k free)

vm_info: OpenJDK Server VM (19.0-b09) for linux-x86 JRE (1.6.0_20-b20), built on Jan 21 2012 08:10:55 by "buildd" with gcc 4.4.3

time: Sun Mar 25 18:44:45 2012
elapsed time: 0 seconds

