#
# A fatal error has been detected by the Java Runtime Environment:
#
#  SIGSEGV (0xb) at pc=0xb4899388, pid=3459, tid=3079502704
#
# JRE version: 6.0_20-b20
# Java VM: OpenJDK Server VM (19.0-b09 mixed mode linux-x86 )
# Derivative: IcedTea6 1.9.10
# Distribution: Ubuntu 10.04.1 LTS, package 6b20-1.9.10-0ubuntu1~10.04.3
# Problematic frame:
# j  java.lang.AbstractStringBuilder.append(Ljava/lang/String;)Ljava/lang/AbstractStringBuilder;+8
#
# If you would like to submit a bug report, please include
# instructions how to reproduce the bug and visit:
#   https://bugs.launchpad.net/ubuntu/+source/openjdk-6/
#

---------------  T H R E A D  ---------------

Current thread (0x08176000):  JavaThread "main" [_thread_in_Java, id=3463, stack(0xb7887000,0xb78d8000)]

siginfo:si_signo=SIGSEGV: si_errno=0, si_code=1 (SEGV_MAPERR), si_addr=0x31666976

Registers:
EAX=0x04000000, EBX=0x811cad60, ECX=0x31666976, EDX=0x3c800001
ESP=0xb78d6c94, EBP=0xb78d6cbc, ESI=0x8121f168, EDI=0xb78d6cd0
EIP=0xb4899388, CR2=0x31666976, EFLAGS=0x00010206

Register to memory mapping:

EAX=0x04000000
0x04000000 is pointing to unknown location

EBX=0x811cad60
{method} 
 - klass: {other class}

ECX=0x31666976
0x31666976 is pointing to unknown location

EDX=0x3c800001
0x3c800001 is pointing to unknown location

ESP=0xb78d6c94
0xb78d6c94 is pointing into the stack for thread: 0x08176000
"main" prio=10 tid=0x08176000 nid=0xd87 runnable [0x00000000]
   java.lang.Thread.State: RUNNABLE

EBP=0xb78d6cbc
0xb78d6cbc is pointing into the stack for thread: 0x08176000
"main" prio=10 tid=0x08176000 nid=0xd87 runnable [0x00000000]
   java.lang.Thread.State: RUNNABLE

ESI=0x8121f168
{constMethod} 
 - klass: {other class}
 - method:       0x8121f1e0 {method} 'append' '(Ljava/lang/String;)Ljava/lang/AbstractStringBuilder;' in 'java/lang/AbstractStringBuilder'
 - exceptions:   0x811c1188
bci_from(0x8121f168) = 8; print_codes():

EDI=0xb78d6cd0
0xb78d6cd0 is pointing into the stack for thread: 0x08176000
"main" prio=10 tid=0x08176000 nid=0xd87 runnable [0x00000000]
   java.lang.Thread.State: RUNNABLE


Top of Stack: (sp=0xb78d6c94)
0xb78d6c94:   b488a005 31666976 b78d6c9c 8121f168
0xb78d6ca4:   b78d6cd0 8129ab50 00000000 8121f1e0
0xb78d6cb4:   00000000 b78d6ccc b78d6cf4 b488a047
0xb78d6cc4:   00000000 00000000 31666976 a60b5128
0xb78d6cd4:   b78d6cd4 81222f52 b78d6d00 8129af18
0xb78d6ce4:   00000000 81222f78 b78d6ccc b78d6cfc
0xb78d6cf4:   b78d6d28 b488a047 31666976 a60b5128
0xb78d6d04:   a607bec0 b78d6d08 813a3f5c b78d6d34 

Instructions: (pc=0xb4899388)
0xb4899378:   75 e4 8b c2 81 e0 00 00 00 04 0f 84 25 00 00 00
0xb4899388:   3b 01 8b 45 f0 85 c0 0f 84 0e 00 00 00 83 40 04 

Stack: [0xb7887000,0xb78d8000],  sp=0xb78d6c94,  free space=319k
Native frames: (J=compiled Java code, j=interpreted, Vv=VM code, C=native code)
j  java.lang.AbstractStringBuilder.append(Ljava/lang/String;)Ljava/lang/AbstractStringBuilder;+8
j  java.lang.StringBuilder.append(Ljava/lang/String;)Ljava/lang/StringBuilder;+2
j  Core.VirtualMachine.addVif(Ljava/lang/String;)V+44
v  ~StubRoutines::call_stub
V  [libjvm.so+0x387d72]
V  [libjvm.so+0x519369]
V  [libjvm.so+0x386caf]
V  [libjvm.so+0x392859]
V  [libjvm.so+0x3aac7f]
C  [libvminfo.so+0xa31]  Java_FileAccess_VMInfo_fillInfo+0x31f
j  FileAccess.VMInfo.fillInfo()V+0
j  FileAccess.VMInfo.main([Ljava/lang/String;)V+9
v  ~StubRoutines::call_stub
V  [libjvm.so+0x387d72]
V  [libjvm.so+0x519369]
V  [libjvm.so+0x386caf]
V  [libjvm.so+0x39214c]
V  [libjvm.so+0x3a11ad]
C  [java+0x321d]  JavaMain+0xd4d
C  [libpthread.so.0+0x596e]


---------------  P R O C E S S  ---------------

Java Threads: ( => current thread )
  0x0821b000 JavaThread "Low Memory Detector" daemon [_thread_blocked, id=3472, stack(0x8092b000,0x8097c000)]
  0x08217800 JavaThread "CompilerThread1" daemon [_thread_blocked, id=3471, stack(0x8097c000,0x809fd000)]
  0x08215800 JavaThread "CompilerThread0" daemon [_thread_blocked, id=3470, stack(0x809fd000,0x80a7e000)]
  0x08214400 JavaThread "Signal Dispatcher" daemon [_thread_blocked, id=3469, stack(0x80a7e000,0x80acf000)]
  0x08201000 JavaThread "Finalizer" daemon [_thread_blocked, id=3468, stack(0x80b0e000,0x80b5f000)]
  0x081ffc00 JavaThread "Reference Handler" daemon [_thread_blocked, id=3467, stack(0x80b5f000,0x80bb0000)]
=>0x08176000 JavaThread "main" [_thread_in_Java, id=3463, stack(0xb7887000,0xb78d8000)]

Other Threads:
  0x081fbc00 VMThread [stack: 0x80bb0000,0x80c31000] [id=3466]
  0x0821cc00 WatcherThread [stack: 0x808aa000,0x8092b000] [id=3473]

VM state:not at safepoint (normal execution)

VM Mutex/Monitor currently owned by a thread: None

Heap
 PSYoungGen      total 12992K, used 448K [0xa6070000, 0xa6ee0000, 0xb47c0000)
  eden space 11200K, 4% used [0xa6070000,0xa60e0060,0xa6b60000)
  from space 1792K, 0% used [0xa6d20000,0xa6d20000,0xa6ee0000)
  to   space 1792K, 0% used [0xa6b60000,0xa6b60000,0xa6d20000)
 PSOldGen        total 29568K, used 0K [0x891c0000, 0x8aea0000, 0xa6070000)
  object space 29568K, 0% used [0x891c0000,0x891c0000,0x8aea0000)
 PSPermGen       total 16384K, used 1944K [0x811c0000, 0x821c0000, 0x891c0000)
  object space 16384K, 11% used [0x811c0000,0x813a6188,0x821c0000)

Dynamic libraries:
00110000-00116000 r-xp 00000000 08:05 527210     /lib/tls/i686/cmov/libnss_compat-2.11.1.so
00116000-00117000 r--p 00006000 08:05 527210     /lib/tls/i686/cmov/libnss_compat-2.11.1.so
00117000-00118000 rw-p 00007000 08:05 527210     /lib/tls/i686/cmov/libnss_compat-2.11.1.so
00132000-0013a000 r-xp 00000000 08:05 527218     /lib/tls/i686/cmov/libnss_nis-2.11.1.so
0013a000-0013b000 r--p 00007000 08:05 527218     /lib/tls/i686/cmov/libnss_nis-2.11.1.so
0013b000-0013c000 rw-p 00008000 08:05 527218     /lib/tls/i686/cmov/libnss_nis-2.11.1.so
0013f000-00154000 r-xp 00000000 08:05 527223     /lib/tls/i686/cmov/libpthread-2.11.1.so
00154000-00155000 r--p 00014000 08:05 527223     /lib/tls/i686/cmov/libpthread-2.11.1.so
00155000-00156000 rw-p 00015000 08:05 527223     /lib/tls/i686/cmov/libpthread-2.11.1.so
00156000-00158000 rw-p 00000000 00:00 0 
00182000-00184000 r-xp 00000000 08:05 527203     /lib/tls/i686/cmov/libdl-2.11.1.so
00184000-00185000 r--p 00001000 08:05 527203     /lib/tls/i686/cmov/libdl-2.11.1.so
00185000-00186000 rw-p 00002000 08:05 527203     /lib/tls/i686/cmov/libdl-2.11.1.so
00186000-002d9000 r-xp 00000000 08:05 527197     /lib/tls/i686/cmov/libc-2.11.1.so
002d9000-002da000 ---p 00153000 08:05 527197     /lib/tls/i686/cmov/libc-2.11.1.so
002da000-002dc000 r--p 00153000 08:05 527197     /lib/tls/i686/cmov/libc-2.11.1.so
002dc000-002dd000 rw-p 00155000 08:05 527197     /lib/tls/i686/cmov/libc-2.11.1.so
002dd000-002e0000 rw-p 00000000 00:00 0 
00366000-0036d000 r-xp 00000000 08:05 1586226    /usr/lib/jvm/java-6-openjdk/jre/lib/i386/libzip.so
0036d000-0036e000 r--p 00006000 08:05 1586226    /usr/lib/jvm/java-6-openjdk/jre/lib/i386/libzip.so
0036e000-0036f000 rw-p 00007000 08:05 1586226    /usr/lib/jvm/java-6-openjdk/jre/lib/i386/libzip.so
003f8000-0041c000 r-xp 00000000 08:05 1586209    /usr/lib/jvm/java-6-openjdk/jre/lib/i386/libjava.so
0041c000-0041d000 r--p 00023000 08:05 1586209    /usr/lib/jvm/java-6-openjdk/jre/lib/i386/libjava.so
0041d000-0041f000 rw-p 00024000 08:05 1586209    /usr/lib/jvm/java-6-openjdk/jre/lib/i386/libjava.so
004e8000-004f2000 r-xp 00000000 08:05 527214     /lib/tls/i686/cmov/libnss_files-2.11.1.so
004f2000-004f3000 r--p 00009000 08:05 527214     /lib/tls/i686/cmov/libnss_files-2.11.1.so
004f3000-004f4000 rw-p 0000a000 08:05 527214     /lib/tls/i686/cmov/libnss_files-2.11.1.so
00581000-0058d000 r-xp 00000000 08:05 1586225    /usr/lib/jvm/java-6-openjdk/jre/lib/i386/libverify.so
0058d000-0058e000 r--p 0000b000 08:05 1586225    /usr/lib/jvm/java-6-openjdk/jre/lib/i386/libverify.so
0058e000-0058f000 rw-p 0000c000 08:05 1586225    /usr/lib/jvm/java-6-openjdk/jre/lib/i386/libverify.so
0058f000-005aa000 r-xp 00000000 08:05 523290     /lib/ld-2.11.1.so
005aa000-005ab000 r--p 0001a000 08:05 523290     /lib/ld-2.11.1.so
005ab000-005ac000 rw-p 0001b000 08:05 523290     /lib/ld-2.11.1.so
006de000-00702000 r-xp 00000000 08:05 527205     /lib/tls/i686/cmov/libm-2.11.1.so
00702000-00703000 r--p 00023000 08:05 527205     /lib/tls/i686/cmov/libm-2.11.1.so
00703000-00704000 rw-p 00024000 08:05 527205     /lib/tls/i686/cmov/libm-2.11.1.so
009a9000-009aa000 r-xp 00000000 08:05 1592433    /usr/lib/libvminfo.so
009aa000-009ab000 r--p 00000000 08:05 1592433    /usr/lib/libvminfo.so
009ab000-009ac000 rw-p 00001000 08:05 1592433    /usr/lib/libvminfo.so
009b7000-009ca000 r-xp 00000000 08:05 527208     /lib/tls/i686/cmov/libnsl-2.11.1.so
009ca000-009cb000 r--p 00012000 08:05 527208     /lib/tls/i686/cmov/libnsl-2.11.1.so
009cb000-009cc000 rw-p 00013000 08:05 527208     /lib/tls/i686/cmov/libnsl-2.11.1.so
009cc000-009ce000 rw-p 00000000 00:00 0 
00b64000-00b77000 r-xp 00000000 08:05 523463     /lib/libz.so.1.2.3.3
00b77000-00b78000 r--p 00012000 08:05 523463     /lib/libz.so.1.2.3.3
00b78000-00b79000 rw-p 00013000 08:05 523463     /lib/libz.so.1.2.3.3
00bf1000-00bf2000 r-xp 00000000 00:00 0          [vdso]
00df6000-00dfd000 r-xp 00000000 08:05 1586228    /usr/lib/jvm/java-6-openjdk/jre/lib/i386/native_threads/libhpi.so
00dfd000-00dfe000 r--p 00006000 08:05 1586228    /usr/lib/jvm/java-6-openjdk/jre/lib/i386/native_threads/libhpi.so
00dfe000-00dff000 rw-p 00007000 08:05 1586228    /usr/lib/jvm/java-6-openjdk/jre/lib/i386/native_threads/libhpi.so
00f36000-00f3d000 r-xp 00000000 08:05 527227     /lib/tls/i686/cmov/librt-2.11.1.so
00f3d000-00f3e000 r--p 00006000 08:05 527227     /lib/tls/i686/cmov/librt-2.11.1.so
00f3e000-00f3f000 rw-p 00007000 08:05 527227     /lib/tls/i686/cmov/librt-2.11.1.so
00f84000-00f87000 r-xp 00000000 08:05 1586197    /usr/lib/jvm/java-6-openjdk/jre/lib/i386/jli/libjli.so
00f87000-00f88000 r--p 00003000 08:05 1586197    /usr/lib/jvm/java-6-openjdk/jre/lib/i386/jli/libjli.so
00f88000-00f89000 rw-p 00004000 08:05 1586197    /usr/lib/jvm/java-6-openjdk/jre/lib/i386/jli/libjli.so
00f89000-0164e000 r-xp 00000000 08:05 1586230    /usr/lib/jvm/java-6-openjdk/jre/lib/i386/server/libjvm.so
0164e000-0164f000 ---p 006c5000 08:05 1586230    /usr/lib/jvm/java-6-openjdk/jre/lib/i386/server/libjvm.so
0164f000-01694000 r--p 006c5000 08:05 1586230    /usr/lib/jvm/java-6-openjdk/jre/lib/i386/server/libjvm.so
01694000-016a3000 rw-p 0070a000 08:05 1586230    /usr/lib/jvm/java-6-openjdk/jre/lib/i386/server/libjvm.so
016a3000-01ac2000 rw-p 00000000 00:00 0 
08048000-08051000 r-xp 00000000 08:05 1586258    /usr/lib/jvm/java-6-openjdk/jre/bin/java
08051000-08052000 r--p 00008000 08:05 1586258    /usr/lib/jvm/java-6-openjdk/jre/bin/java
08052000-08053000 rw-p 00009000 08:05 1586258    /usr/lib/jvm/java-6-openjdk/jre/bin/java
0816f000-08257000 rw-p 00000000 00:00 0          [heap]
808a1000-808aa000 r--s 00065000 08:05 6219       /usr/share/java/gnome-java-bridge.jar
808aa000-808ab000 ---p 00000000 00:00 0 
808ab000-8092b000 rw-p 00000000 00:00 0 
8092b000-8092e000 ---p 00000000 00:00 0 
8092e000-8097c000 rw-p 00000000 00:00 0 
8097c000-8097f000 ---p 00000000 00:00 0 
8097f000-809fd000 rw-p 00000000 00:00 0 
809fd000-80a00000 ---p 00000000 00:00 0 
80a00000-80a7e000 rw-p 00000000 00:00 0 
80a7e000-80a81000 ---p 00000000 00:00 0 
80a81000-80acf000 rw-p 00000000 00:00 0 
80acf000-80b0e000 r--p 00000000 08:05 1577945    /usr/lib/locale/en_IN/LC_CTYPE
80b0e000-80b11000 ---p 00000000 00:00 0 
80b11000-80b5f000 rw-p 00000000 00:00 0 
80b5f000-80b62000 ---p 00000000 00:00 0 
80b62000-80bb0000 rw-p 00000000 00:00 0 
80bb0000-80bb1000 ---p 00000000 00:00 0 
80bb1000-80c31000 rw-p 00000000 00:00 0 
80c31000-80c33000 r--s 0001d000 08:05 1577596    /usr/lib/jvm/java-6-openjdk/jre/lib/plugin.jar
80c33000-80c38000 r--s 00045000 08:05 1577595    /usr/lib/jvm/java-6-openjdk/jre/lib/netx.jar
80c38000-80c6b000 rw-p 00000000 00:00 0 
80c6b000-80dfa000 r--s 038c4000 08:05 1586189    /usr/lib/jvm/java-6-openjdk/jre/lib/rt.jar
80dfa000-80dfb000 ---p 00000000 00:00 0 
80dfb000-80e7b000 rw-p 00000000 00:00 0 
80e7b000-80e7c000 ---p 00000000 00:00 0 
80e7c000-80f04000 rw-p 00000000 00:00 0 
80f04000-80f3c000 rw-p 00000000 00:00 0 
80f3c000-80f4b000 rw-p 00000000 00:00 0 
80f4b000-81024000 rw-p 00000000 00:00 0 
81024000-8102c000 rw-p 00000000 00:00 0 
8102c000-81064000 rw-p 00000000 00:00 0 
81064000-81073000 rw-p 00000000 00:00 0 
81073000-8114b000 rw-p 00000000 00:00 0 
8114b000-81153000 rw-p 00000000 00:00 0 
81153000-811bf000 rw-p 00000000 00:00 0 
811bf000-821c0000 rw-p 00000000 00:00 0 
821c0000-891c0000 rw-p 00000000 00:00 0 
891c0000-8aea0000 rw-p 00000000 00:00 0 
8aea0000-a6070000 rw-p 00000000 00:00 0 
a6070000-a6ee0000 rw-p 00000000 00:00 0 
a6ee0000-b47c0000 rw-p 00000000 00:00 0 
b47c7000-b47d0000 rw-p 00000000 00:00 0 
b47d0000-b4887000 rw-p 00000000 00:00 0 
b4887000-b4ac7000 rwxp 00000000 00:00 0 
b4ac7000-b7887000 rw-p 00000000 00:00 0 
b7887000-b788a000 ---p 00000000 00:00 0 
b788a000-b78db000 rw-p 00000000 00:00 0 
b78de000-b78e0000 rw-p 00000000 00:00 0 
b78e0000-b78e3000 r--s 0000f000 08:05 1577575    /usr/lib/jvm/java-6-openjdk/jre/lib/ext/pulse-java.jar
b78e3000-b78eb000 rw-s 00000000 08:05 663941     /tmp/hsperfdata_root/3459
b78eb000-b78ec000 rw-p 00000000 00:00 0 
b78ec000-b78ed000 r--p 00000000 00:00 0 
b78ed000-b78ef000 rw-p 00000000 00:00 0 
bf8c0000-bf8d5000 rw-p 00000000 00:00 0          [stack]

VM Arguments:
jvm_args: -Dfile.encoding=UTF-8 
java_command: FileAccess.VMInfo
Launcher Type: SUN_STANDARD

Environment Variables:
PATH=/usr/local/sbin:/usr/local/bin:/usr/sbin:/usr/bin:/sbin:/bin:/usr/games
USERNAME=root
LD_LIBRARY_PATH=/usr/lib/jvm/java-6-openjdk/jre/lib/i386/server:/usr/lib/jvm/java-6-openjdk/jre/lib/i386:/usr/lib/jvm/java-6-openjdk/jre/../lib/i386:/usr/lib/jvm/java-6-openjdk/jre/lib/i386/client:/usr/lib/jvm/java-6-openjdk/jre/lib/i386:/usr/lib/jvm/java-6-openjdk/jre/../lib/i386
SHELL=/bin/bash
DISPLAY=:0.0

Signal Handlers:
SIGSEGV: [libjvm.so+0x64a040], sa_mask[0]=0x7ffbfeff, sa_flags=0x10000004
SIGBUS: [libjvm.so+0x64a040], sa_mask[0]=0x7ffbfeff, sa_flags=0x10000004
SIGFPE: [libjvm.so+0x51c0d0], sa_mask[0]=0x7ffbfeff, sa_flags=0x10000004
SIGPIPE: [libjvm.so+0x51c0d0], sa_mask[0]=0x7ffbfeff, sa_flags=0x10000004
SIGXFSZ: [libjvm.so+0x51c0d0], sa_mask[0]=0x7ffbfeff, sa_flags=0x10000004
SIGILL: [libjvm.so+0x51c0d0], sa_mask[0]=0x7ffbfeff, sa_flags=0x10000004
SIGUSR1: SIG_DFL, sa_mask[0]=0x00000000, sa_flags=0x00000000
SIGUSR2: [libjvm.so+0x51b780], sa_mask[0]=0x00000004, sa_flags=0x10000004
SIGHUP: [libjvm.so+0x51e2f0], sa_mask[0]=0x7ffbfeff, sa_flags=0x10000004
SIGINT: SIG_IGN, sa_mask[0]=0x00000000, sa_flags=0x00000000
SIGTERM: [libjvm.so+0x51e2f0], sa_mask[0]=0x7ffbfeff, sa_flags=0x10000004
SIGQUIT: [libjvm.so+0x51e2f0], sa_mask[0]=0x7ffbfeff, sa_flags=0x10000004


---------------  S Y S T E M  ---------------

OS:Ubuntu 10.04 (lucid)
uname:Linux 2.6.32-33-generic #70-Ubuntu SMP Thu Jul 7 21:09:46 UTC 2011 i686
libc:glibc 2.11.1 NPTL 2.11.1 
rlimit: STACK 8192k, CORE 0k, NPROC infinity, NOFILE 1024, AS infinity
load average:0.44 0.64 0.62

/proc/meminfo:
MemTotal:        2836956 kB
MemFree:         1269040 kB
Buffers:           71112 kB
Cached:           702116 kB
SwapCached:            0 kB
Active:           862008 kB
Inactive:         613232 kB
Active(anon):     702412 kB
Inactive(anon):     6628 kB
Active(file):     159596 kB
Inactive(file):   606604 kB
Unevictable:          16 kB
Mlocked:              16 kB
HighTotal:       1973064 kB
HighFree:         537540 kB
LowTotal:         863892 kB
LowFree:          731500 kB
SwapTotal:       3234808 kB
SwapFree:        3234808 kB
Dirty:               188 kB
Writeback:             0 kB
AnonPages:        702040 kB
Mapped:           145312 kB
Shmem:              7032 kB
Slab:              33968 kB
SReclaimable:      22704 kB
SUnreclaim:        11264 kB
KernelStack:        3096 kB
PageTables:         8012 kB
NFS_Unstable:          0 kB
Bounce:                0 kB
WritebackTmp:          0 kB
CommitLimit:     4653284 kB
Committed_AS:    1940304 kB
VmallocTotal:     122880 kB
VmallocUsed:       72908 kB
VmallocChunk:      42364 kB
HardwareCorrupted:     0 kB
HugePages_Total:       0
HugePages_Free:        0
HugePages_Rsvd:        0
HugePages_Surp:        0
Hugepagesize:       4096 kB
DirectMap4k:       12280 kB
DirectMap4M:      897024 kB


CPU:total 2 (2 cores per cpu, 1 threads per core) family 17 model 3 stepping 1, cmov, cx8, fxsr, mmx, sse, sse2, sse3, mmxext, 3dnow, 3dnowext

Memory: 4k page, physical 2836956k(1269040k free), swap 3234808k(3234808k free)

vm_info: OpenJDK Server VM (19.0-b09) for linux-x86 JRE (1.6.0_20-b20), built on Jan 21 2012 08:10:55 by "buildd" with gcc 4.4.3

time: Fri Mar 23 14:52:31 2012
elapsed time: 0 seconds

