#
# A fatal error has been detected by the Java Runtime Environment:
#
#  SIGSEGV (0xb) at pc=0x00eb2c9d, pid=3428, tid=3079437168
#
# JRE version: 6.0_20-b20
# Java VM: OpenJDK Server VM (19.0-b09 mixed mode linux-x86 )
# Derivative: IcedTea6 1.9.10
# Distribution: Ubuntu 10.04.1 LTS, package 6b20-1.9.10-0ubuntu1~10.04.3
# Problematic frame:
# C  [libc.so.6+0x4ec9d]  __isoc99_fscanf+0x1d
#
# If you would like to submit a bug report, please include
# instructions how to reproduce the bug and visit:
#   https://bugs.launchpad.net/ubuntu/+source/openjdk-6/
# The crash happened outside the Java Virtual Machine in native code.
# See problematic frame for where to report the bug.
#

---------------  T H R E A D  ---------------

Current thread (0x087c2000):  JavaThread "main" [_thread_in_native, id=3432, stack(0xb7877000,0xb78c8000)]

siginfo:si_signo=SIGSEGV: si_errno=0, si_code=1 (SEGV_MAPERR), si_addr=0x00000000

Registers:
EAX=0x00000000, EBX=0x00fb9ff4, ECX=0x0887bff0, EDX=0xb78c6c44
ESP=0xb78c6bbc, EBP=0xb78c6bd8, ESI=0x00000000, EDI=0x087c2000
EIP=0x00eb2c9d, CR2=0x00000000, EFLAGS=0x00010212

Register to memory mapping:

EAX=0x00000000
0x00000000 is pointing to unknown location

EBX=0x00fb9ff4
0x00fb9ff4: <offset 0x155ff4> in /lib/tls/i686/cmov/libc.so.6 at 0x00e64000

ECX=0x0887bff0
0x0887bff0 is pointing to unknown location

EDX=0xb78c6c44
0xb78c6c44 is pointing into the stack for thread: 0x087c2000
"main" prio=10 tid=0x087c2000 nid=0xd68 runnable [0xb78c6000]
   java.lang.Thread.State: RUNNABLE

ESP=0xb78c6bbc
0xb78c6bbc is pointing into the stack for thread: 0x087c2000
"main" prio=10 tid=0x087c2000 nid=0xd68 runnable [0xb78c6000]
   java.lang.Thread.State: RUNNABLE

EBP=0xb78c6bd8
0xb78c6bd8 is pointing into the stack for thread: 0x087c2000
"main" prio=10 tid=0x087c2000 nid=0xd68 runnable [0xb78c6000]
   java.lang.Thread.State: RUNNABLE

ESI=0x00000000
0x00000000 is pointing to unknown location

EDI=0x087c2000
"main" prio=10 tid=0x087c2000 nid=0xd68 runnable [0xb78c6000]
   java.lang.Thread.State: RUNNABLE


Top of Stack: (sp=0xb78c6bbc)
0xb78c6bbc:   81393230 b78c6bd8 00ec044c 004acf42
0xb78c6bcc:   81393230 81393230 087c2000 b78c6d78
0xb78c6bdc:   004ac839 00000000 004acf7a b78c6c44
0xb78c6bec:   b78c6c3c b78c6c40 b78c6c38 b78c6c48
0xb78c6bfc:   004acef4 087c2448 087c2834 b4879600
0xb78c6c0c:   087c4318 087c4368 087c4508 004ac8d8
0xb78c6c1c:   b78c6ee8 00000004 ffffffff 018439f6
0xb78c6c2c:   00000000 00000000 00000000 b78c6c78 

Instructions: (pc=0x00eb2c9d)
0x00eb2c8d:   5d f4 89 7d fc e8 78 7d fc ff 81 c3 5d 73 10 00
0x00eb2c9d:   66 83 3e 00 78 34 8b 56 48 65 8b 3d 08 00 00 00 

Stack: [0xb7877000,0xb78c8000],  sp=0xb78c6bbc,  free space=318k
Native frames: (J=compiled Java code, j=interpreted, Vv=VM code, C=native code)
C  [libc.so.6+0x4ec9d]  __isoc99_fscanf+0x1d
C  [libpacketlib.so+0x6839]  get_filename+0x2ea
C  [libpacketlib.so+0x37c8]  get_flow_packets+0x26
C  [libpacketlib.so+0x3e9a]  fill_flow_packets+0x61
C  [libpacketlib.so+0x1b60]  Java_FileAccess_GetPacket_fillpackets+0x110
j  FileAccess.GetPacket.fillpackets()V+0
j  FileAccess.GetPacket.main([Ljava/lang/String;)V+149
v  ~StubRoutines::call_stub
V  [libjvm.so+0x387d72]
V  [libjvm.so+0x519369]
V  [libjvm.so+0x386caf]
V  [libjvm.so+0x39214c]
V  [libjvm.so+0x3a11ad]
C  [java+0x321d]  JavaMain+0xd4d
C  [libpthread.so.0+0x596e]

Java frames: (J=compiled Java code, j=interpreted, Vv=VM code)
j  FileAccess.GetPacket.fillpackets()V+0
j  FileAccess.GetPacket.main([Ljava/lang/String;)V+149
v  ~StubRoutines::call_stub

---------------  P R O C E S S  ---------------

Java Threads: ( => current thread )
  0x08867000 JavaThread "Low Memory Detector" daemon [_thread_blocked, id=3441, stack(0x8091b000,0x8096c000)]
  0x08863800 JavaThread "CompilerThread1" daemon [_thread_blocked, id=3440, stack(0x8096c000,0x809ed000)]
  0x08861800 JavaThread "CompilerThread0" daemon [_thread_blocked, id=3439, stack(0x809ed000,0x80a6e000)]
  0x08860400 JavaThread "Signal Dispatcher" daemon [_thread_blocked, id=3438, stack(0x80a6e000,0x80abf000)]
  0x0884d000 JavaThread "Finalizer" daemon [_thread_blocked, id=3437, stack(0x80afe000,0x80b4f000)]
  0x0884b800 JavaThread "Reference Handler" daemon [_thread_blocked, id=3436, stack(0x80b4f000,0x80ba0000)]
=>0x087c2000 JavaThread "main" [_thread_in_native, id=3432, stack(0xb7877000,0xb78c8000)]

Other Threads:
  0x08847c00 VMThread [stack: 0x80ba0000,0x80c21000] [id=3435]
  0x08868c00 WatcherThread [stack: 0x8089a000,0x8091b000] [id=3442]

VM state:not at safepoint (normal execution)

VM Mutex/Monitor currently owned by a thread: None

Heap
 PSYoungGen      total 12992K, used 448K [0xa6060000, 0xa6ed0000, 0xb47b0000)
  eden space 11200K, 4% used [0xa6060000,0xa60d0070,0xa6b50000)
  from space 1792K, 0% used [0xa6d10000,0xa6d10000,0xa6ed0000)
  to   space 1792K, 0% used [0xa6b50000,0xa6b50000,0xa6d10000)
 PSOldGen        total 29568K, used 0K [0x891b0000, 0x8ae90000, 0xa6060000)
  object space 29568K, 0% used [0x891b0000,0x891b0000,0x8ae90000)
 PSPermGen       total 16384K, used 1949K [0x811b0000, 0x821b0000, 0x891b0000)
  object space 16384K, 11% used [0x811b0000,0x81397758,0x821b0000)

Dynamic libraries:
001ce000-001e9000 r-xp 00000000 08:05 523290     /lib/ld-2.11.1.so
001e9000-001ea000 r--p 0001a000 08:05 523290     /lib/ld-2.11.1.so
001ea000-001eb000 rw-p 0001b000 08:05 523290     /lib/ld-2.11.1.so
0029a000-002ad000 r-xp 00000000 08:05 523463     /lib/libz.so.1.2.3.3
002ad000-002ae000 r--p 00012000 08:05 523463     /lib/libz.so.1.2.3.3
002ae000-002af000 rw-p 00013000 08:05 523463     /lib/libz.so.1.2.3.3
002bd000-002e1000 r-xp 00000000 08:05 1586209    /usr/lib/jvm/java-6-openjdk/jre/lib/i386/libjava.so
002e1000-002e2000 r--p 00023000 08:05 1586209    /usr/lib/jvm/java-6-openjdk/jre/lib/i386/libjava.so
002e2000-002e4000 rw-p 00024000 08:05 1586209    /usr/lib/jvm/java-6-openjdk/jre/lib/i386/libjava.so
004a6000-004ad000 r-xp 00000000 08:05 1589892    /usr/lib/libpacketlib.so
004ad000-004ae000 r--p 00007000 08:05 1589892    /usr/lib/libpacketlib.so
004ae000-004af000 rw-p 00008000 08:05 1589892    /usr/lib/libpacketlib.so
0058c000-00592000 r-xp 00000000 08:05 527210     /lib/tls/i686/cmov/libnss_compat-2.11.1.so
00592000-00593000 r--p 00006000 08:05 527210     /lib/tls/i686/cmov/libnss_compat-2.11.1.so
00593000-00594000 rw-p 00007000 08:05 527210     /lib/tls/i686/cmov/libnss_compat-2.11.1.so
0061f000-0062b000 r-xp 00000000 08:05 1586225    /usr/lib/jvm/java-6-openjdk/jre/lib/i386/libverify.so
0062b000-0062c000 r--p 0000b000 08:05 1586225    /usr/lib/jvm/java-6-openjdk/jre/lib/i386/libverify.so
0062c000-0062d000 rw-p 0000c000 08:05 1586225    /usr/lib/jvm/java-6-openjdk/jre/lib/i386/libverify.so
00666000-0066d000 r-xp 00000000 08:05 1586226    /usr/lib/jvm/java-6-openjdk/jre/lib/i386/libzip.so
0066d000-0066e000 r--p 00006000 08:05 1586226    /usr/lib/jvm/java-6-openjdk/jre/lib/i386/libzip.so
0066e000-0066f000 rw-p 00007000 08:05 1586226    /usr/lib/jvm/java-6-openjdk/jre/lib/i386/libzip.so
00750000-00765000 r-xp 00000000 08:05 527223     /lib/tls/i686/cmov/libpthread-2.11.1.so
00765000-00766000 r--p 00014000 08:05 527223     /lib/tls/i686/cmov/libpthread-2.11.1.so
00766000-00767000 rw-p 00015000 08:05 527223     /lib/tls/i686/cmov/libpthread-2.11.1.so
00767000-00769000 rw-p 00000000 00:00 0 
008ef000-00913000 r-xp 00000000 08:05 527205     /lib/tls/i686/cmov/libm-2.11.1.so
00913000-00914000 r--p 00023000 08:05 527205     /lib/tls/i686/cmov/libm-2.11.1.so
00914000-00915000 rw-p 00024000 08:05 527205     /lib/tls/i686/cmov/libm-2.11.1.so
00915000-0091c000 r-xp 00000000 08:05 1586228    /usr/lib/jvm/java-6-openjdk/jre/lib/i386/native_threads/libhpi.so
0091c000-0091d000 r--p 00006000 08:05 1586228    /usr/lib/jvm/java-6-openjdk/jre/lib/i386/native_threads/libhpi.so
0091d000-0091e000 rw-p 00007000 08:05 1586228    /usr/lib/jvm/java-6-openjdk/jre/lib/i386/native_threads/libhpi.so
00952000-00953000 r-xp 00000000 00:00 0          [vdso]
00973000-0097d000 r-xp 00000000 08:05 527214     /lib/tls/i686/cmov/libnss_files-2.11.1.so
0097d000-0097e000 r--p 00009000 08:05 527214     /lib/tls/i686/cmov/libnss_files-2.11.1.so
0097e000-0097f000 rw-p 0000a000 08:05 527214     /lib/tls/i686/cmov/libnss_files-2.11.1.so
009f5000-009f7000 r-xp 00000000 08:05 527203     /lib/tls/i686/cmov/libdl-2.11.1.so
009f7000-009f8000 r--p 00001000 08:05 527203     /lib/tls/i686/cmov/libdl-2.11.1.so
009f8000-009f9000 rw-p 00002000 08:05 527203     /lib/tls/i686/cmov/libdl-2.11.1.so
00a94000-00a97000 r-xp 00000000 08:05 1586197    /usr/lib/jvm/java-6-openjdk/jre/lib/i386/jli/libjli.so
00a97000-00a98000 r--p 00003000 08:05 1586197    /usr/lib/jvm/java-6-openjdk/jre/lib/i386/jli/libjli.so
00a98000-00a99000 rw-p 00004000 08:05 1586197    /usr/lib/jvm/java-6-openjdk/jre/lib/i386/jli/libjli.so
00b80000-00b87000 r-xp 00000000 08:05 527227     /lib/tls/i686/cmov/librt-2.11.1.so
00b87000-00b88000 r--p 00006000 08:05 527227     /lib/tls/i686/cmov/librt-2.11.1.so
00b88000-00b89000 rw-p 00007000 08:05 527227     /lib/tls/i686/cmov/librt-2.11.1.so
00c6d000-00c75000 r-xp 00000000 08:05 527218     /lib/tls/i686/cmov/libnss_nis-2.11.1.so
00c75000-00c76000 r--p 00007000 08:05 527218     /lib/tls/i686/cmov/libnss_nis-2.11.1.so
00c76000-00c77000 rw-p 00008000 08:05 527218     /lib/tls/i686/cmov/libnss_nis-2.11.1.so
00d90000-00da3000 r-xp 00000000 08:05 527208     /lib/tls/i686/cmov/libnsl-2.11.1.so
00da3000-00da4000 r--p 00012000 08:05 527208     /lib/tls/i686/cmov/libnsl-2.11.1.so
00da4000-00da5000 rw-p 00013000 08:05 527208     /lib/tls/i686/cmov/libnsl-2.11.1.so
00da5000-00da7000 rw-p 00000000 00:00 0 
00e64000-00fb7000 r-xp 00000000 08:05 527197     /lib/tls/i686/cmov/libc-2.11.1.so
00fb7000-00fb8000 ---p 00153000 08:05 527197     /lib/tls/i686/cmov/libc-2.11.1.so
00fb8000-00fba000 r--p 00153000 08:05 527197     /lib/tls/i686/cmov/libc-2.11.1.so
00fba000-00fbb000 rw-p 00155000 08:05 527197     /lib/tls/i686/cmov/libc-2.11.1.so
00fbb000-00fbe000 rw-p 00000000 00:00 0 
00fbe000-01683000 r-xp 00000000 08:05 1586230    /usr/lib/jvm/java-6-openjdk/jre/lib/i386/server/libjvm.so
01683000-01684000 ---p 006c5000 08:05 1586230    /usr/lib/jvm/java-6-openjdk/jre/lib/i386/server/libjvm.so
01684000-016c9000 r--p 006c5000 08:05 1586230    /usr/lib/jvm/java-6-openjdk/jre/lib/i386/server/libjvm.so
016c9000-016d8000 rw-p 0070a000 08:05 1586230    /usr/lib/jvm/java-6-openjdk/jre/lib/i386/server/libjvm.so
016d8000-01af7000 rw-p 00000000 00:00 0 
08048000-08051000 r-xp 00000000 08:05 1586258    /usr/lib/jvm/java-6-openjdk/jre/bin/java
08051000-08052000 r--p 00008000 08:05 1586258    /usr/lib/jvm/java-6-openjdk/jre/bin/java
08052000-08053000 rw-p 00009000 08:05 1586258    /usr/lib/jvm/java-6-openjdk/jre/bin/java
087bb000-088a3000 rw-p 00000000 00:00 0          [heap]
80891000-8089a000 r--s 00065000 08:05 6219       /usr/share/java/gnome-java-bridge.jar
8089a000-8089b000 ---p 00000000 00:00 0 
8089b000-8091b000 rw-p 00000000 00:00 0 
8091b000-8091e000 ---p 00000000 00:00 0 
8091e000-8096c000 rw-p 00000000 00:00 0 
8096c000-8096f000 ---p 00000000 00:00 0 
8096f000-809ed000 rw-p 00000000 00:00 0 
809ed000-809f0000 ---p 00000000 00:00 0 
809f0000-80a6e000 rw-p 00000000 00:00 0 
80a6e000-80a71000 ---p 00000000 00:00 0 
80a71000-80abf000 rw-p 00000000 00:00 0 
80abf000-80afe000 r--p 00000000 08:05 1577945    /usr/lib/locale/en_IN/LC_CTYPE
80afe000-80b01000 ---p 00000000 00:00 0 
80b01000-80b4f000 rw-p 00000000 00:00 0 
80b4f000-80b52000 ---p 00000000 00:00 0 
80b52000-80ba0000 rw-p 00000000 00:00 0 
80ba0000-80ba1000 ---p 00000000 00:00 0 
80ba1000-80c21000 rw-p 00000000 00:00 0 
80c21000-80c23000 r--s 0001d000 08:05 1577596    /usr/lib/jvm/java-6-openjdk/jre/lib/plugin.jar
80c23000-80c28000 r--s 00045000 08:05 1577595    /usr/lib/jvm/java-6-openjdk/jre/lib/netx.jar
80c28000-80c5b000 rw-p 00000000 00:00 0 
80c5b000-80dea000 r--s 038c4000 08:05 1586189    /usr/lib/jvm/java-6-openjdk/jre/lib/rt.jar
80dea000-80deb000 ---p 00000000 00:00 0 
80deb000-80e6b000 rw-p 00000000 00:00 0 
80e6b000-80e6c000 ---p 00000000 00:00 0 
80e6c000-80ef4000 rw-p 00000000 00:00 0 
80ef4000-80f2c000 rw-p 00000000 00:00 0 
80f2c000-80f3b000 rw-p 00000000 00:00 0 
80f3b000-81014000 rw-p 00000000 00:00 0 
81014000-8101c000 rw-p 00000000 00:00 0 
8101c000-81054000 rw-p 00000000 00:00 0 
81054000-81063000 rw-p 00000000 00:00 0 
81063000-8113b000 rw-p 00000000 00:00 0 
8113b000-81143000 rw-p 00000000 00:00 0 
81143000-811af000 rw-p 00000000 00:00 0 
811af000-821b0000 rw-p 00000000 00:00 0 
821b0000-891b0000 rw-p 00000000 00:00 0 
891b0000-8ae90000 rw-p 00000000 00:00 0 
8ae90000-a6060000 rw-p 00000000 00:00 0 
a6060000-a6ed0000 rw-p 00000000 00:00 0 
a6ed0000-b47b0000 rw-p 00000000 00:00 0 
b47b7000-b47c0000 rw-p 00000000 00:00 0 
b47c0000-b4877000 rw-p 00000000 00:00 0 
b4877000-b4ab7000 rwxp 00000000 00:00 0 
b4ab7000-b7877000 rw-p 00000000 00:00 0 
b7877000-b787a000 ---p 00000000 00:00 0 
b787a000-b78cb000 rw-p 00000000 00:00 0 
b78d0000-b78d3000 r--s 0000f000 08:05 1577575    /usr/lib/jvm/java-6-openjdk/jre/lib/ext/pulse-java.jar
b78d3000-b78db000 rw-s 00000000 08:05 668775     /tmp/hsperfdata_root/3428
b78db000-b78dc000 rw-p 00000000 00:00 0 
b78dc000-b78dd000 r--p 00000000 00:00 0 
b78dd000-b78df000 rw-p 00000000 00:00 0 
bf84c000-bf861000 rw-p 00000000 00:00 0          [stack]

VM Arguments:
jvm_args: -Dfile.encoding=UTF-8 
java_command: FileAccess.GetPacket
Launcher Type: SUN_STANDARD

Environment Variables:
PATH=/usr/local/sbin:/usr/local/bin:/usr/sbin:/usr/bin:/sbin:/bin:/usr/games
USERNAME=root
LD_LIBRARY_PATH=/usr/lib/jvm/java-6-openjdk/jre/lib/i386/server:/usr/lib/jvm/java-6-openjdk/jre/lib/i386:/usr/lib/jvm/java-6-openjdk/jre/../lib/i386:/usr/lib/jvm/java-6-openjdk/jre/lib/i386/client:/usr/lib/jvm/java-6-openjdk/jre/lib/i386:/usr/lib/jvm/java-6-openjdk/jre/../lib/i386
SHELL=/bin/bash
DISPLAY=:0.0

Signal Handlers:
SIGSEGV: [libjvm.so+0x64a040], sa_mask[0]=0x7ffbfeff, sa_flags=0x10000004
SIGBUS: [libjvm.so+0x64a040], sa_mask[0]=0x7ffbfeff, sa_flags=0x10000004
SIGFPE: [libjvm.so+0x51c0d0], sa_mask[0]=0x7ffbfeff, sa_flags=0x10000004
SIGPIPE: [libjvm.so+0x51c0d0], sa_mask[0]=0x7ffbfeff, sa_flags=0x10000004
SIGXFSZ: [libjvm.so+0x51c0d0], sa_mask[0]=0x7ffbfeff, sa_flags=0x10000004
SIGILL: [libjvm.so+0x51c0d0], sa_mask[0]=0x7ffbfeff, sa_flags=0x10000004
SIGUSR1: SIG_DFL, sa_mask[0]=0x00000000, sa_flags=0x00000000
SIGUSR2: [libjvm.so+0x51b780], sa_mask[0]=0x00000004, sa_flags=0x10000004
SIGHUP: [libjvm.so+0x51e2f0], sa_mask[0]=0x7ffbfeff, sa_flags=0x10000004
SIGINT: SIG_IGN, sa_mask[0]=0x00000000, sa_flags=0x00000000
SIGTERM: [libjvm.so+0x51e2f0], sa_mask[0]=0x7ffbfeff, sa_flags=0x10000004
SIGQUIT: [libjvm.so+0x51e2f0], sa_mask[0]=0x7ffbfeff, sa_flags=0x10000004


---------------  S Y S T E M  ---------------

OS:Ubuntu 10.04 (lucid)
uname:Linux 2.6.32-33-generic #70-Ubuntu SMP Thu Jul 7 21:09:46 UTC 2011 i686
libc:glibc 2.11.1 NPTL 2.11.1 
rlimit: STACK 8192k, CORE 0k, NPROC infinity, NOFILE 1024, AS infinity
load average:0.34 0.35 0.47

/proc/meminfo:
MemTotal:        2836956 kB
MemFree:         1259860 kB
Buffers:           88456 kB
Cached:           782044 kB
SwapCached:            0 kB
Active:           850272 kB
Inactive:         631040 kB
Active(anon):     612384 kB
Inactive(anon):     7140 kB
Active(file):     237888 kB
Inactive(file):   623900 kB
Unevictable:          32 kB
Mlocked:              32 kB
HighTotal:       1973064 kB
HighFree:         548080 kB
LowTotal:         863892 kB
LowFree:          711780 kB
SwapTotal:       3234808 kB
SwapFree:        3234808 kB
Dirty:               208 kB
Writeback:             0 kB
AnonPages:        610844 kB
Mapped:           149792 kB
Shmem:              8712 kB
Slab:              36192 kB
SReclaimable:      24556 kB
SUnreclaim:        11636 kB
KernelStack:        2952 kB
PageTables:         7856 kB
NFS_Unstable:          0 kB
Bounce:                0 kB
WritebackTmp:          0 kB
CommitLimit:     4653284 kB
Committed_AS:    1889516 kB
VmallocTotal:     122880 kB
VmallocUsed:       72996 kB
VmallocChunk:      42364 kB
HardwareCorrupted:     0 kB
HugePages_Total:       0
HugePages_Free:        0
HugePages_Rsvd:        0
HugePages_Surp:        0
Hugepagesize:       4096 kB
DirectMap4k:       12280 kB
DirectMap4M:      897024 kB


CPU:total 2 (2 cores per cpu, 1 threads per core) family 17 model 3 stepping 1, cmov, cx8, fxsr, mmx, sse, sse2, sse3, mmxext, 3dnow, 3dnowext

Memory: 4k page, physical 2836956k(1259860k free), swap 3234808k(3234808k free)

vm_info: OpenJDK Server VM (19.0-b09) for linux-x86 JRE (1.6.0_20-b20), built on Jan 21 2012 08:10:55 by "buildd" with gcc 4.4.3

time: Mon Feb 20 20:42:31 2012
elapsed time: 0 seconds

