#
# A fatal error has been detected by the Java Runtime Environment:
#
#  SIGSEGV (0xb) at pc=0x00f87390, pid=4679, tid=3078593392
#
# JRE version: 6.0_20-b20
# Java VM: OpenJDK Server VM (19.0-b09 mixed mode linux-x86 )
# Derivative: IcedTea6 1.9.10
# Distribution: Ubuntu 10.04.1 LTS, package 6b20-1.9.10-0ubuntu1~10.04.3
# Problematic frame:
# V  [libjvm.so+0x39b390]
#
# If you would like to submit a bug report, please include
# instructions how to reproduce the bug and visit:
#   https://bugs.launchpad.net/ubuntu/+source/openjdk-6/
#

---------------  T H R E A D  ---------------

Current thread (0x0933d000):  JavaThread "main" [_thread_in_vm, id=4682, stack(0xb77a9000,0xb77fa000)]

siginfo:si_signo=SIGSEGV: si_errno=0, si_code=1 (SEGV_MAPERR), si_addr=0x00000000

Registers:
EAX=0x00000000, EBX=0x012f6ff4, ECX=0xb77f8e5c, EDX=0x0933d87c
ESP=0xb77f8e24, EBP=0xb77f8e88, ESI=0x0933d000, EDI=0x0933b9a0
EIP=0x00f87390, CR2=0x00000000, EFLAGS=0x00010213

Register to memory mapping:

EAX=0x00000000
0x00000000 is pointing to unknown location

EBX=0x012f6ff4
0x012f6ff4: <offset 0x70aff4> in /usr/lib/jvm/java-6-openjdk/jre/lib/i386/server/libjvm.so at 0x00bec000

ECX=0xb77f8e5c
0xb77f8e5c is pointing into the stack for thread: 0x0933d000
"main" prio=10 tid=0x0933d000 nid=0x124a runnable [0xb77f8000]
   java.lang.Thread.State: RUNNABLE

EDX=0x0933d87c
0x0933d87c is pointing to unknown location

ESP=0xb77f8e24
0xb77f8e24 is pointing into the stack for thread: 0x0933d000
"main" prio=10 tid=0x0933d000 nid=0x124a runnable [0xb77f8000]
   java.lang.Thread.State: RUNNABLE

EBP=0xb77f8e88
0xb77f8e88 is pointing into the stack for thread: 0x0933d000
"main" prio=10 tid=0x0933d000 nid=0x124a runnable [0xb77f8000]
   java.lang.Thread.State: RUNNABLE

ESI=0x0933d000
"main" prio=10 tid=0x0933d000 nid=0x124a runnable [0xb77f8000]
   java.lang.Thread.State: RUNNABLE

EDI=0x0933b9a0
0x0933b9a0 is pointing to unknown location


Top of Stack: (sp=0xb77f8e24)
0xb77f8e24:   0933d000 00000ffc 00000ffc b77f8e6c
0xb77f8e34:   00000000 0933d490 0933d87c 0000003c
0xb77f8e44:   b77f8e5c 0933d488 b77f8e5c 00000015
0xb77f8e54:   0933d8a4 0933d000 0933d000 00000000
0xb77f8e64:   0933d000 523beb0a 0933d000 00000072
0xb77f8e74:   0041b160 0052a4e0 812c3410 812c3410
0xb77f8e84:   0933d000 b77f8fd8 00176393 0933d118
0xb77f8e94:   00000000 00000000 0017c598 010e8d09 

Instructions: (pc=0x00f87390)
0x00f87380:   c0 8b 47 08 89 45 b0 8b 45 0c 8b 57 0c 89 55 b4
0x00f87390:   8b 10 52 e8 88 fa fe ff 89 04 24 89 45 ac e8 01 

Stack: [0xb77a9000,0xb77fa000],  sp=0xb77f8e24,  free space=319k
Native frames: (J=compiled Java code, j=interpreted, Vv=VM code, C=native code)
V  [libjvm.so+0x39b390]
C  [libpacketlib.so+0x2393]  Java_FileAccess_GetPacket_fillpackets+0x183
j  FileAccess.GetPacket.fillpackets()V+0
j  FileAccess.GetPacket.main([Ljava/lang/String;)V+148
v  ~StubRoutines::call_stub
V  [libjvm.so+0x387d72]
V  [libjvm.so+0x519369]
V  [libjvm.so+0x386caf]
V  [libjvm.so+0x39214c]
V  [libjvm.so+0x3a11ad]
C  [java+0x321d]  JavaMain+0xd4d
C  [libpthread.so.0+0x596e]

Java frames: (J=compiled Java code, j=interpreted, Vv=VM code)
j  FileAccess.GetPacket.fillpackets()V+0
j  FileAccess.GetPacket.main([Ljava/lang/String;)V+148
v  ~StubRoutines::call_stub

---------------  P R O C E S S  ---------------

Java Threads: ( => current thread )
  0x093e0800 JavaThread "Low Memory Detector" daemon [_thread_blocked, id=4692, stack(0x8072e000,0x8077f000)]
  0x093dec00 JavaThread "CompilerThread1" daemon [_thread_blocked, id=4691, stack(0x8077f000,0x80800000)]
  0x093dc800 JavaThread "CompilerThread0" daemon [_thread_blocked, id=4690, stack(0x8091d000,0x8099e000)]
  0x093db000 JavaThread "Signal Dispatcher" daemon [_thread_blocked, id=4689, stack(0x8099e000,0x809ef000)]
  0x093c8000 JavaThread "Finalizer" daemon [_thread_blocked, id=4688, stack(0x80a2e000,0x80a7f000)]
  0x093c6c00 JavaThread "Reference Handler" daemon [_thread_blocked, id=4687, stack(0x80a7f000,0x80ad0000)]
=>0x0933d000 JavaThread "main" [_thread_in_vm, id=4682, stack(0xb77a9000,0xb77fa000)]

Other Threads:
  0x093c2c00 VMThread [stack: 0x80ad0000,0x80b51000] [id=4686]
  0x093e2800 WatcherThread [stack: 0x806ad000,0x8072e000] [id=4693]

VM state:not at safepoint (normal execution)

VM Mutex/Monitor currently owned by a thread: None

Heap
 PSYoungGen      total 12992K, used 448K [0xa5f90000, 0xa6e00000, 0xb46e0000)
  eden space 11200K, 4% used [0xa5f90000,0xa6000028,0xa6a80000)
  from space 1792K, 0% used [0xa6c40000,0xa6c40000,0xa6e00000)
  to   space 1792K, 0% used [0xa6a80000,0xa6a80000,0xa6c40000)
 PSOldGen        total 29568K, used 0K [0x890e0000, 0x8adc0000, 0xa5f90000)
  object space 29568K, 0% used [0x890e0000,0x890e0000,0x8adc0000)
 PSPermGen       total 16384K, used 1942K [0x810e0000, 0x820e0000, 0x890e0000)
  object space 16384K, 11% used [0x810e0000,0x812c5958,0x820e0000)

Dynamic libraries:
00110000-00123000 r-xp 00000000 08:05 523463     /lib/libz.so.1.2.3.3
00123000-00124000 r--p 00012000 08:05 523463     /lib/libz.so.1.2.3.3
00124000-00125000 rw-p 00013000 08:05 523463     /lib/libz.so.1.2.3.3
00125000-00149000 r-xp 00000000 08:05 527205     /lib/tls/i686/cmov/libm-2.11.1.so
00149000-0014a000 r--p 00023000 08:05 527205     /lib/tls/i686/cmov/libm-2.11.1.so
0014a000-0014b000 rw-p 00024000 08:05 527205     /lib/tls/i686/cmov/libm-2.11.1.so
0014b000-00152000 r-xp 00000000 08:05 527227     /lib/tls/i686/cmov/librt-2.11.1.so
00152000-00153000 r--p 00006000 08:05 527227     /lib/tls/i686/cmov/librt-2.11.1.so
00153000-00154000 rw-p 00007000 08:05 527227     /lib/tls/i686/cmov/librt-2.11.1.so
00154000-00167000 r-xp 00000000 08:05 527208     /lib/tls/i686/cmov/libnsl-2.11.1.so
00167000-00168000 r--p 00012000 08:05 527208     /lib/tls/i686/cmov/libnsl-2.11.1.so
00168000-00169000 rw-p 00013000 08:05 527208     /lib/tls/i686/cmov/libnsl-2.11.1.so
00169000-0016b000 rw-p 00000000 00:00 0 
0016b000-00172000 r-xp 00000000 08:05 1586228    /usr/lib/jvm/java-6-openjdk/jre/lib/i386/native_threads/libhpi.so
00172000-00173000 r--p 00006000 08:05 1586228    /usr/lib/jvm/java-6-openjdk/jre/lib/i386/native_threads/libhpi.so
00173000-00174000 rw-p 00007000 08:05 1586228    /usr/lib/jvm/java-6-openjdk/jre/lib/i386/native_threads/libhpi.so
00174000-0017d000 r-xp 00000000 08:05 1589892    /usr/lib/libpacketlib.so
0017d000-0017e000 r--p 00009000 08:05 1589892    /usr/lib/libpacketlib.so
0017e000-0017f000 rw-p 0000a000 08:05 1589892    /usr/lib/libpacketlib.so
00354000-0035e000 r-xp 00000000 08:05 527214     /lib/tls/i686/cmov/libnss_files-2.11.1.so
0035e000-0035f000 r--p 00009000 08:05 527214     /lib/tls/i686/cmov/libnss_files-2.11.1.so
0035f000-00360000 rw-p 0000a000 08:05 527214     /lib/tls/i686/cmov/libnss_files-2.11.1.so
0038a000-00390000 r-xp 00000000 08:05 527210     /lib/tls/i686/cmov/libnss_compat-2.11.1.so
00390000-00391000 r--p 00006000 08:05 527210     /lib/tls/i686/cmov/libnss_compat-2.11.1.so
00391000-00392000 rw-p 00007000 08:05 527210     /lib/tls/i686/cmov/libnss_compat-2.11.1.so
003d4000-00527000 r-xp 00000000 08:05 527197     /lib/tls/i686/cmov/libc-2.11.1.so
00527000-00528000 ---p 00153000 08:05 527197     /lib/tls/i686/cmov/libc-2.11.1.so
00528000-0052a000 r--p 00153000 08:05 527197     /lib/tls/i686/cmov/libc-2.11.1.so
0052a000-0052b000 rw-p 00155000 08:05 527197     /lib/tls/i686/cmov/libc-2.11.1.so
0052b000-0052e000 rw-p 00000000 00:00 0 
005eb000-005ec000 r-xp 00000000 00:00 0          [vdso]
0060b000-00612000 r-xp 00000000 08:05 1586226    /usr/lib/jvm/java-6-openjdk/jre/lib/i386/libzip.so
00612000-00613000 r--p 00006000 08:05 1586226    /usr/lib/jvm/java-6-openjdk/jre/lib/i386/libzip.so
00613000-00614000 rw-p 00007000 08:05 1586226    /usr/lib/jvm/java-6-openjdk/jre/lib/i386/libzip.so
00698000-006a4000 r-xp 00000000 08:05 1586225    /usr/lib/jvm/java-6-openjdk/jre/lib/i386/libverify.so
006a4000-006a5000 r--p 0000b000 08:05 1586225    /usr/lib/jvm/java-6-openjdk/jre/lib/i386/libverify.so
006a5000-006a6000 rw-p 0000c000 08:05 1586225    /usr/lib/jvm/java-6-openjdk/jre/lib/i386/libverify.so
00719000-0072e000 r-xp 00000000 08:05 527223     /lib/tls/i686/cmov/libpthread-2.11.1.so
0072e000-0072f000 r--p 00014000 08:05 527223     /lib/tls/i686/cmov/libpthread-2.11.1.so
0072f000-00730000 rw-p 00015000 08:05 527223     /lib/tls/i686/cmov/libpthread-2.11.1.so
00730000-00732000 rw-p 00000000 00:00 0 
00827000-0084b000 r-xp 00000000 08:05 1586209    /usr/lib/jvm/java-6-openjdk/jre/lib/i386/libjava.so
0084b000-0084c000 r--p 00023000 08:05 1586209    /usr/lib/jvm/java-6-openjdk/jre/lib/i386/libjava.so
0084c000-0084e000 rw-p 00024000 08:05 1586209    /usr/lib/jvm/java-6-openjdk/jre/lib/i386/libjava.so
009c6000-009e1000 r-xp 00000000 08:05 523290     /lib/ld-2.11.1.so
009e1000-009e2000 r--p 0001a000 08:05 523290     /lib/ld-2.11.1.so
009e2000-009e3000 rw-p 0001b000 08:05 523290     /lib/ld-2.11.1.so
00b24000-00b2c000 r-xp 00000000 08:05 527218     /lib/tls/i686/cmov/libnss_nis-2.11.1.so
00b2c000-00b2d000 r--p 00007000 08:05 527218     /lib/tls/i686/cmov/libnss_nis-2.11.1.so
00b2d000-00b2e000 rw-p 00008000 08:05 527218     /lib/tls/i686/cmov/libnss_nis-2.11.1.so
00b52000-00b55000 r-xp 00000000 08:05 1586197    /usr/lib/jvm/java-6-openjdk/jre/lib/i386/jli/libjli.so
00b55000-00b56000 r--p 00003000 08:05 1586197    /usr/lib/jvm/java-6-openjdk/jre/lib/i386/jli/libjli.so
00b56000-00b57000 rw-p 00004000 08:05 1586197    /usr/lib/jvm/java-6-openjdk/jre/lib/i386/jli/libjli.so
00be8000-00bea000 r-xp 00000000 08:05 527203     /lib/tls/i686/cmov/libdl-2.11.1.so
00bea000-00beb000 r--p 00001000 08:05 527203     /lib/tls/i686/cmov/libdl-2.11.1.so
00beb000-00bec000 rw-p 00002000 08:05 527203     /lib/tls/i686/cmov/libdl-2.11.1.so
00bec000-012b1000 r-xp 00000000 08:05 1586230    /usr/lib/jvm/java-6-openjdk/jre/lib/i386/server/libjvm.so
012b1000-012b2000 ---p 006c5000 08:05 1586230    /usr/lib/jvm/java-6-openjdk/jre/lib/i386/server/libjvm.so
012b2000-012f7000 r--p 006c5000 08:05 1586230    /usr/lib/jvm/java-6-openjdk/jre/lib/i386/server/libjvm.so
012f7000-01306000 rw-p 0070a000 08:05 1586230    /usr/lib/jvm/java-6-openjdk/jre/lib/i386/server/libjvm.so
01306000-01725000 rw-p 00000000 00:00 0 
08048000-08051000 r-xp 00000000 08:05 1586258    /usr/lib/jvm/java-6-openjdk/jre/bin/java
08051000-08052000 r--p 00008000 08:05 1586258    /usr/lib/jvm/java-6-openjdk/jre/bin/java
08052000-08053000 rw-p 00009000 08:05 1586258    /usr/lib/jvm/java-6-openjdk/jre/bin/java
09336000-09404000 rw-p 00000000 00:00 0          [heap]
806ad000-806ae000 ---p 00000000 00:00 0 
806ae000-8072e000 rw-p 00000000 00:00 0 
8072e000-80731000 ---p 00000000 00:00 0 
80731000-8077f000 rw-p 00000000 00:00 0 
8077f000-80782000 ---p 00000000 00:00 0 
80782000-80800000 rw-p 00000000 00:00 0 
80800000-80821000 rw-p 00000000 00:00 0 
80821000-80900000 ---p 00000000 00:00 0 
8091d000-80920000 ---p 00000000 00:00 0 
80920000-8099e000 rw-p 00000000 00:00 0 
8099e000-809a1000 ---p 00000000 00:00 0 
809a1000-809ef000 rw-p 00000000 00:00 0 
809ef000-80a2e000 r--p 00000000 08:05 1577945    /usr/lib/locale/en_IN/LC_CTYPE
80a2e000-80a31000 ---p 00000000 00:00 0 
80a31000-80a7f000 rw-p 00000000 00:00 0 
80a7f000-80a82000 ---p 00000000 00:00 0 
80a82000-80ad0000 rw-p 00000000 00:00 0 
80ad0000-80ad1000 ---p 00000000 00:00 0 
80ad1000-80b51000 rw-p 00000000 00:00 0 
80b51000-80b53000 r--s 0001d000 08:05 1577596    /usr/lib/jvm/java-6-openjdk/jre/lib/plugin.jar
80b53000-80b58000 r--s 00045000 08:05 1577595    /usr/lib/jvm/java-6-openjdk/jre/lib/netx.jar
80b58000-80b8b000 rw-p 00000000 00:00 0 
80b8b000-80d1a000 r--s 038c4000 08:05 1586189    /usr/lib/jvm/java-6-openjdk/jre/lib/rt.jar
80d1a000-80d1b000 ---p 00000000 00:00 0 
80d1b000-80d9b000 rw-p 00000000 00:00 0 
80d9b000-80d9c000 ---p 00000000 00:00 0 
80d9c000-80e24000 rw-p 00000000 00:00 0 
80e24000-80e5c000 rw-p 00000000 00:00 0 
80e5c000-80e6b000 rw-p 00000000 00:00 0 
80e6b000-80f44000 rw-p 00000000 00:00 0 
80f44000-80f4c000 rw-p 00000000 00:00 0 
80f4c000-80f84000 rw-p 00000000 00:00 0 
80f84000-80f93000 rw-p 00000000 00:00 0 
80f93000-8106b000 rw-p 00000000 00:00 0 
8106b000-81073000 rw-p 00000000 00:00 0 
81073000-810df000 rw-p 00000000 00:00 0 
810df000-820e0000 rw-p 00000000 00:00 0 
820e0000-890e0000 rw-p 00000000 00:00 0 
890e0000-8adc0000 rw-p 00000000 00:00 0 
8adc0000-a5f90000 rw-p 00000000 00:00 0 
a5f90000-a6e00000 rw-p 00000000 00:00 0 
a6e00000-b46e0000 rw-p 00000000 00:00 0 
b46e0000-b46e9000 r--s 00065000 08:05 6219       /usr/share/java/gnome-java-bridge.jar
b46e9000-b46f2000 rw-p 00000000 00:00 0 
b46f2000-b47a9000 rw-p 00000000 00:00 0 
b47a9000-b49e9000 rwxp 00000000 00:00 0 
b49e9000-b77a9000 rw-p 00000000 00:00 0 
b77a9000-b77ac000 ---p 00000000 00:00 0 
b77ac000-b77fd000 rw-p 00000000 00:00 0 
b7801000-b7802000 rw-p 00000000 00:00 0 
b7802000-b7805000 r--s 0000f000 08:05 1577575    /usr/lib/jvm/java-6-openjdk/jre/lib/ext/pulse-java.jar
b7805000-b780d000 rw-s 00000000 08:05 671472     /tmp/hsperfdata_root/4679
b780d000-b780e000 rw-p 00000000 00:00 0 
b780e000-b780f000 r--p 00000000 00:00 0 
b780f000-b7811000 rw-p 00000000 00:00 0 
bfb9b000-bfbb0000 rw-p 00000000 00:00 0          [stack]

VM Arguments:
jvm_args: -Dfile.encoding=UTF-8 
java_command: FileAccess.GetPacket
Launcher Type: SUN_STANDARD

Environment Variables:
PATH=/usr/local/sbin:/usr/local/bin:/usr/sbin:/usr/bin:/sbin:/bin:/usr/games
USERNAME=root
LD_LIBRARY_PATH=/usr/lib/jvm/java-6-openjdk/jre/lib/i386/server:/usr/lib/jvm/java-6-openjdk/jre/lib/i386:/usr/lib/jvm/java-6-openjdk/jre/../lib/i386:/usr/lib/jvm/java-6-openjdk/jre/lib/i386/client:/usr/lib/jvm/java-6-openjdk/jre/lib/i386:/usr/lib/jvm/java-6-openjdk/jre/../lib/i386
SHELL=/bin/bash
DISPLAY=:0.0

Signal Handlers:
SIGSEGV: [libjvm.so+0x64a040], sa_mask[0]=0x7ffbfeff, sa_flags=0x10000004
SIGBUS: [libjvm.so+0x64a040], sa_mask[0]=0x7ffbfeff, sa_flags=0x10000004
SIGFPE: [libjvm.so+0x51c0d0], sa_mask[0]=0x7ffbfeff, sa_flags=0x10000004
SIGPIPE: [libjvm.so+0x51c0d0], sa_mask[0]=0x7ffbfeff, sa_flags=0x10000004
SIGXFSZ: [libjvm.so+0x51c0d0], sa_mask[0]=0x7ffbfeff, sa_flags=0x10000004
SIGILL: [libjvm.so+0x51c0d0], sa_mask[0]=0x7ffbfeff, sa_flags=0x10000004
SIGUSR1: SIG_DFL, sa_mask[0]=0x00000000, sa_flags=0x00000000
SIGUSR2: [libjvm.so+0x51b780], sa_mask[0]=0x00000004, sa_flags=0x10000004
SIGHUP: [libjvm.so+0x51e2f0], sa_mask[0]=0x7ffbfeff, sa_flags=0x10000004
SIGINT: SIG_IGN, sa_mask[0]=0x00000000, sa_flags=0x00000000
SIGTERM: [libjvm.so+0x51e2f0], sa_mask[0]=0x7ffbfeff, sa_flags=0x10000004
SIGQUIT: [libjvm.so+0x51e2f0], sa_mask[0]=0x7ffbfeff, sa_flags=0x10000004


---------------  S Y S T E M  ---------------

OS:Ubuntu 10.04 (lucid)
uname:Linux 2.6.32-33-generic #70-Ubuntu SMP Thu Jul 7 21:09:46 UTC 2011 i686
libc:glibc 2.11.1 NPTL 2.11.1 
rlimit: STACK 8192k, CORE 0k, NPROC infinity, NOFILE 1024, AS infinity
load average:0.35 0.39 0.35

/proc/meminfo:
MemTotal:        2836956 kB
MemFree:         1134492 kB
Buffers:           78992 kB
Cached:           801128 kB
SwapCached:            0 kB
Active:           902216 kB
Inactive:         705012 kB
Active(anon):     727516 kB
Inactive(anon):     7436 kB
Active(file):     174700 kB
Inactive(file):   697576 kB
Unevictable:          16 kB
Mlocked:              16 kB
HighTotal:       1973064 kB
HighFree:         413540 kB
LowTotal:         863892 kB
LowFree:          720952 kB
SwapTotal:       3234808 kB
SwapFree:        3234808 kB
Dirty:               144 kB
Writeback:             0 kB
AnonPages:        727120 kB
Mapped:           148632 kB
Shmem:              7848 kB
Slab:              36404 kB
SReclaimable:      24920 kB
SUnreclaim:        11484 kB
KernelStack:        2776 kB
PageTables:         7856 kB
NFS_Unstable:          0 kB
Bounce:                0 kB
WritebackTmp:          0 kB
CommitLimit:     4653284 kB
Committed_AS:    1937292 kB
VmallocTotal:     122880 kB
VmallocUsed:       72908 kB
VmallocChunk:      42876 kB
HardwareCorrupted:     0 kB
HugePages_Total:       0
HugePages_Free:        0
HugePages_Rsvd:        0
HugePages_Surp:        0
Hugepagesize:       4096 kB
DirectMap4k:       12280 kB
DirectMap4M:      897024 kB


CPU:total 2 (2 cores per cpu, 1 threads per core) family 17 model 3 stepping 1, cmov, cx8, fxsr, mmx, sse, sse2, sse3, mmxext, 3dnow, 3dnowext

Memory: 4k page, physical 2836956k(1134492k free), swap 3234808k(3234808k free)

vm_info: OpenJDK Server VM (19.0-b09) for linux-x86 JRE (1.6.0_20-b20), built on Jan 21 2012 08:10:55 by "buildd" with gcc 4.4.3

time: Sun Mar 25 18:30:49 2012
elapsed time: 0 seconds

