#
# A fatal error has been detected by the Java Runtime Environment:
#
#  SIGSEGV (0xb) at pc=0x00697fc6, pid=3515, tid=3077512048
#
# JRE version: 6.0_20-b20
# Java VM: OpenJDK Server VM (19.0-b09 mixed mode linux-x86 )
# Derivative: IcedTea6 1.9.10
# Distribution: Ubuntu 10.04.1 LTS, package 6b20-1.9.10-0ubuntu1~10.04.3
# Problematic frame:
# C  [libc.so.6+0x74fc6]
#
# If you would like to submit a bug report, please include
# instructions how to reproduce the bug and visit:
#   https://bugs.launchpad.net/ubuntu/+source/openjdk-6/
# The crash happened outside the Java Virtual Machine in native code.
# See problematic frame for where to report the bug.
#

---------------  T H R E A D  ---------------

Current thread (0x08821000):  JavaThread "main" [_thread_in_native, id=3519, stack(0xb76a1000,0xb76f2000)]

siginfo:si_signo=SIGSEGV: si_errno=0, si_code=1 (SEGV_MAPERR), si_addr=0x00000000

Registers:
EAX=0x00000002, EBX=0xb76f0af8, ECX=0x2ddbc34a, EDX=0xb76f0b8c
ESP=0xb76f0a48, EBP=0xb76f0a88, ESI=0x00000000, EDI=0x00000000
EIP=0x00697fc6, CR2=0x00000000, EFLAGS=0x00010202

Register to memory mapping:

EAX=0x00000002
0x00000002 is pointing to unknown location

EBX=0xb76f0af8
0xb76f0af8 is pointing into the stack for thread: 0x08821000
"main" prio=10 tid=0x08821000 nid=0xdbf runnable [0xb76f0000]
   java.lang.Thread.State: RUNNABLE

ECX=0x2ddbc34a
0x2ddbc34a is pointing to unknown location

EDX=0xb76f0b8c
0xb76f0b8c is pointing into the stack for thread: 0x08821000
"main" prio=10 tid=0x08821000 nid=0xdbf runnable [0xb76f0000]
   java.lang.Thread.State: RUNNABLE

ESP=0xb76f0a48
0xb76f0a48 is pointing into the stack for thread: 0x08821000
"main" prio=10 tid=0x08821000 nid=0xdbf runnable [0xb76f0000]
   java.lang.Thread.State: RUNNABLE

EBP=0xb76f0a88
0xb76f0a88 is pointing into the stack for thread: 0x08821000
"main" prio=10 tid=0x08821000 nid=0xdbf runnable [0xb76f0000]
   java.lang.Thread.State: RUNNABLE

ESI=0x00000000
0x00000000 is pointing to unknown location

EDI=0x00000000
0x00000000 is pointing to unknown location


Top of Stack: (sp=0xb76f0a48)
0xb76f0a48:   805004fc 001376b8 00000000 00000000
0xb76f0a58:   b76f0d2a 00778ff4 80500010 00000000
0xb76f0a68:   b76f0a88 80500468 b76f0a88 0066a1db
0xb76f0a78:   811c3230 811c3230 811c3230 08821000
0xb76f0a88:   b76f0d78 001385f2 b76f0af8 00000000
0xb76f0a98:   b76f0d2a 00000000 0000746b 00000009
0xb76f0aa8:   0013ba0d b76f0bc8 b76f0ad8 0068dc22
0xb76f0ab8:   0013b8a8 088d8740 b76f0af4 b76f0d2a 

Instructions: (pc=0x00697fc6)
0x00697fb6:   00 00 00 74 02 a4 49 50 89 c8 c1 e9 02 83 e0 03
0x00697fc6:   f3 a5 89 c1 f3 a4 58 89 c7 89 d6 8b 44 24 04 c3 

Stack: [0xb76a1000,0xb76f2000],  sp=0xb76f0a48,  free space=318k
Native frames: (J=compiled Java code, j=interpreted, Vv=VM code, C=native code)
C  [libc.so.6+0x74fc6]
C  [libpacketlib.so+0x35f2]  traverse_flow_list+0x327
C  [libpacketlib.so+0x37b8]  get_flow_packets+0x95
C  [libpacketlib.so+0x3e2f]  fill_flow_packets+0x61
C  [libpacketlib.so+0x1b50]  Java_FileAccess_GetPacket_fillpackets+0x110
j  FileAccess.GetPacket.fillpackets()V+0
j  FileAccess.GetPacket.main([Ljava/lang/String;)V+148
v  ~StubRoutines::call_stub
V  [libjvm.so+0x387d72]
V  [libjvm.so+0x519369]
V  [libjvm.so+0x386caf]
V  [libjvm.so+0x39214c]
V  [libjvm.so+0x3a11ad]
C  [java+0x321d]  JavaMain+0xd4d
C  [libpthread.so.0+0x596e]

Java frames: (J=compiled Java code, j=interpreted, Vv=VM code)
j  FileAccess.GetPacket.fillpackets()V+0
j  FileAccess.GetPacket.main([Ljava/lang/String;)V+148
v  ~StubRoutines::call_stub

---------------  P R O C E S S  ---------------

Java Threads: ( => current thread )
  0x088c6000 JavaThread "Low Memory Detector" daemon [_thread_blocked, id=3528, stack(0x8074b000,0x8079c000)]
  0x088c2800 JavaThread "CompilerThread1" daemon [_thread_blocked, id=3527, stack(0x8079c000,0x8081d000)]
  0x088c0800 JavaThread "CompilerThread0" daemon [_thread_blocked, id=3526, stack(0x8081d000,0x8089e000)]
  0x088bf400 JavaThread "Signal Dispatcher" daemon [_thread_blocked, id=3525, stack(0x8089e000,0x808ef000)]
  0x088ac400 JavaThread "Finalizer" daemon [_thread_blocked, id=3524, stack(0x8092e000,0x8097f000)]
  0x088aac00 JavaThread "Reference Handler" daemon [_thread_blocked, id=3523, stack(0x8097f000,0x809d0000)]
=>0x08821000 JavaThread "main" [_thread_in_native, id=3519, stack(0xb76a1000,0xb76f2000)]

Other Threads:
  0x088a6c00 VMThread [stack: 0x809d0000,0x80a51000] [id=3522]
  0x088c7c00 WatcherThread [stack: 0x806ca000,0x8074b000] [id=3529]

VM state:not at safepoint (normal execution)

VM Mutex/Monitor currently owned by a thread: None

Heap
 PSYoungGen      total 12992K, used 448K [0xa5e90000, 0xa6d00000, 0xb45e0000)
  eden space 11200K, 4% used [0xa5e90000,0xa5f00068,0xa6980000)
  from space 1792K, 0% used [0xa6b40000,0xa6b40000,0xa6d00000)
  to   space 1792K, 0% used [0xa6980000,0xa6980000,0xa6b40000)
 PSOldGen        total 29568K, used 0K [0x88fe0000, 0x8acc0000, 0xa5e90000)
  object space 29568K, 0% used [0x88fe0000,0x88fe0000,0x8acc0000)
 PSPermGen       total 16384K, used 1949K [0x80fe0000, 0x81fe0000, 0x88fe0000)
  object space 16384K, 11% used [0x80fe0000,0x811c7758,0x81fe0000)

Dynamic libraries:
00110000-0011c000 r-xp 00000000 08:05 1586225    /usr/lib/jvm/java-6-openjdk/jre/lib/i386/libverify.so
0011c000-0011d000 r--p 0000b000 08:05 1586225    /usr/lib/jvm/java-6-openjdk/jre/lib/i386/libverify.so
0011d000-0011e000 rw-p 0000c000 08:05 1586225    /usr/lib/jvm/java-6-openjdk/jre/lib/i386/libverify.so
0011e000-00131000 r-xp 00000000 08:05 527208     /lib/tls/i686/cmov/libnsl-2.11.1.so
00131000-00132000 r--p 00012000 08:05 527208     /lib/tls/i686/cmov/libnsl-2.11.1.so
00132000-00133000 rw-p 00013000 08:05 527208     /lib/tls/i686/cmov/libnsl-2.11.1.so
00133000-00135000 rw-p 00000000 00:00 0 
00135000-0013c000 r-xp 00000000 08:05 1589892    /usr/lib/libpacketlib.so
0013c000-0013d000 r--p 00007000 08:05 1589892    /usr/lib/libpacketlib.so
0013d000-0013e000 rw-p 00008000 08:05 1589892    /usr/lib/libpacketlib.so
001a2000-001a9000 r-xp 00000000 08:05 527227     /lib/tls/i686/cmov/librt-2.11.1.so
001a9000-001aa000 r--p 00006000 08:05 527227     /lib/tls/i686/cmov/librt-2.11.1.so
001aa000-001ab000 rw-p 00007000 08:05 527227     /lib/tls/i686/cmov/librt-2.11.1.so
001e3000-001fe000 r-xp 00000000 08:05 523290     /lib/ld-2.11.1.so
001fe000-001ff000 r--p 0001a000 08:05 523290     /lib/ld-2.11.1.so
001ff000-00200000 rw-p 0001b000 08:05 523290     /lib/ld-2.11.1.so
0021e000-00221000 r-xp 00000000 08:05 1586197    /usr/lib/jvm/java-6-openjdk/jre/lib/i386/jli/libjli.so
00221000-00222000 r--p 00003000 08:05 1586197    /usr/lib/jvm/java-6-openjdk/jre/lib/i386/jli/libjli.so
00222000-00223000 rw-p 00004000 08:05 1586197    /usr/lib/jvm/java-6-openjdk/jre/lib/i386/jli/libjli.so
00288000-002ac000 r-xp 00000000 08:05 527205     /lib/tls/i686/cmov/libm-2.11.1.so
002ac000-002ad000 r--p 00023000 08:05 527205     /lib/tls/i686/cmov/libm-2.11.1.so
002ad000-002ae000 rw-p 00024000 08:05 527205     /lib/tls/i686/cmov/libm-2.11.1.so
00444000-0044b000 r-xp 00000000 08:05 1586228    /usr/lib/jvm/java-6-openjdk/jre/lib/i386/native_threads/libhpi.so
0044b000-0044c000 r--p 00006000 08:05 1586228    /usr/lib/jvm/java-6-openjdk/jre/lib/i386/native_threads/libhpi.so
0044c000-0044d000 rw-p 00007000 08:05 1586228    /usr/lib/jvm/java-6-openjdk/jre/lib/i386/native_threads/libhpi.so
00529000-00531000 r-xp 00000000 08:05 527218     /lib/tls/i686/cmov/libnss_nis-2.11.1.so
00531000-00532000 r--p 00007000 08:05 527218     /lib/tls/i686/cmov/libnss_nis-2.11.1.so
00532000-00533000 rw-p 00008000 08:05 527218     /lib/tls/i686/cmov/libnss_nis-2.11.1.so
00623000-00776000 r-xp 00000000 08:05 527197     /lib/tls/i686/cmov/libc-2.11.1.so
00776000-00777000 ---p 00153000 08:05 527197     /lib/tls/i686/cmov/libc-2.11.1.so
00777000-00779000 r--p 00153000 08:05 527197     /lib/tls/i686/cmov/libc-2.11.1.so
00779000-0077a000 rw-p 00155000 08:05 527197     /lib/tls/i686/cmov/libc-2.11.1.so
0077a000-0077d000 rw-p 00000000 00:00 0 
00886000-0088c000 r-xp 00000000 08:05 527210     /lib/tls/i686/cmov/libnss_compat-2.11.1.so
0088c000-0088d000 r--p 00006000 08:05 527210     /lib/tls/i686/cmov/libnss_compat-2.11.1.so
0088d000-0088e000 rw-p 00007000 08:05 527210     /lib/tls/i686/cmov/libnss_compat-2.11.1.so
008fd000-00921000 r-xp 00000000 08:05 1586209    /usr/lib/jvm/java-6-openjdk/jre/lib/i386/libjava.so
00921000-00922000 r--p 00023000 08:05 1586209    /usr/lib/jvm/java-6-openjdk/jre/lib/i386/libjava.so
00922000-00924000 rw-p 00024000 08:05 1586209    /usr/lib/jvm/java-6-openjdk/jre/lib/i386/libjava.so
00a57000-00a61000 r-xp 00000000 08:05 527214     /lib/tls/i686/cmov/libnss_files-2.11.1.so
00a61000-00a62000 r--p 00009000 08:05 527214     /lib/tls/i686/cmov/libnss_files-2.11.1.so
00a62000-00a63000 rw-p 0000a000 08:05 527214     /lib/tls/i686/cmov/libnss_files-2.11.1.so
00adf000-00ae6000 r-xp 00000000 08:05 1586226    /usr/lib/jvm/java-6-openjdk/jre/lib/i386/libzip.so
00ae6000-00ae7000 r--p 00006000 08:05 1586226    /usr/lib/jvm/java-6-openjdk/jre/lib/i386/libzip.so
00ae7000-00ae8000 rw-p 00007000 08:05 1586226    /usr/lib/jvm/java-6-openjdk/jre/lib/i386/libzip.so
00b84000-00b86000 r-xp 00000000 08:05 527203     /lib/tls/i686/cmov/libdl-2.11.1.so
00b86000-00b87000 r--p 00001000 08:05 527203     /lib/tls/i686/cmov/libdl-2.11.1.so
00b87000-00b88000 rw-p 00002000 08:05 527203     /lib/tls/i686/cmov/libdl-2.11.1.so
00cab000-00cc0000 r-xp 00000000 08:05 527223     /lib/tls/i686/cmov/libpthread-2.11.1.so
00cc0000-00cc1000 r--p 00014000 08:05 527223     /lib/tls/i686/cmov/libpthread-2.11.1.so
00cc1000-00cc2000 rw-p 00015000 08:05 527223     /lib/tls/i686/cmov/libpthread-2.11.1.so
00cc2000-00cc4000 rw-p 00000000 00:00 0 
00cd5000-00ce8000 r-xp 00000000 08:05 523463     /lib/libz.so.1.2.3.3
00ce8000-00ce9000 r--p 00012000 08:05 523463     /lib/libz.so.1.2.3.3
00ce9000-00cea000 rw-p 00013000 08:05 523463     /lib/libz.so.1.2.3.3
00de2000-00de3000 r-xp 00000000 00:00 0          [vdso]
00de3000-014a8000 r-xp 00000000 08:05 1586230    /usr/lib/jvm/java-6-openjdk/jre/lib/i386/server/libjvm.so
014a8000-014a9000 ---p 006c5000 08:05 1586230    /usr/lib/jvm/java-6-openjdk/jre/lib/i386/server/libjvm.so
014a9000-014ee000 r--p 006c5000 08:05 1586230    /usr/lib/jvm/java-6-openjdk/jre/lib/i386/server/libjvm.so
014ee000-014fd000 rw-p 0070a000 08:05 1586230    /usr/lib/jvm/java-6-openjdk/jre/lib/i386/server/libjvm.so
014fd000-0191c000 rw-p 00000000 00:00 0 
08048000-08051000 r-xp 00000000 08:05 1586258    /usr/lib/jvm/java-6-openjdk/jre/bin/java
08051000-08052000 r--p 00008000 08:05 1586258    /usr/lib/jvm/java-6-openjdk/jre/bin/java
08052000-08053000 rw-p 00009000 08:05 1586258    /usr/lib/jvm/java-6-openjdk/jre/bin/java
0881a000-08902000 rw-p 00000000 00:00 0          [heap]
80500000-80521000 rw-p 00000000 00:00 0 
80521000-80600000 ---p 00000000 00:00 0 
80640000-806c1000 rw-p 00000000 00:00 0 
806c1000-806ca000 r--s 00065000 08:05 6219       /usr/share/java/gnome-java-bridge.jar
806ca000-806cb000 ---p 00000000 00:00 0 
806cb000-8074b000 rw-p 00000000 00:00 0 
8074b000-8074e000 ---p 00000000 00:00 0 
8074e000-8079c000 rw-p 00000000 00:00 0 
8079c000-8079f000 ---p 00000000 00:00 0 
8079f000-8081d000 rw-p 00000000 00:00 0 
8081d000-80820000 ---p 00000000 00:00 0 
80820000-8089e000 rw-p 00000000 00:00 0 
8089e000-808a1000 ---p 00000000 00:00 0 
808a1000-808ef000 rw-p 00000000 00:00 0 
808ef000-8092e000 r--p 00000000 08:05 1577945    /usr/lib/locale/en_IN/LC_CTYPE
8092e000-80931000 ---p 00000000 00:00 0 
80931000-8097f000 rw-p 00000000 00:00 0 
8097f000-80982000 ---p 00000000 00:00 0 
80982000-809d0000 rw-p 00000000 00:00 0 
809d0000-809d1000 ---p 00000000 00:00 0 
809d1000-80a51000 rw-p 00000000 00:00 0 
80a51000-80a53000 r--s 0001d000 08:05 1577596    /usr/lib/jvm/java-6-openjdk/jre/lib/plugin.jar
80a53000-80a58000 r--s 00045000 08:05 1577595    /usr/lib/jvm/java-6-openjdk/jre/lib/netx.jar
80a58000-80a8b000 rw-p 00000000 00:00 0 
80a8b000-80c1a000 r--s 038c4000 08:05 1586189    /usr/lib/jvm/java-6-openjdk/jre/lib/rt.jar
80c1a000-80c1b000 ---p 00000000 00:00 0 
80c1b000-80c9b000 rw-p 00000000 00:00 0 
80c9b000-80c9c000 ---p 00000000 00:00 0 
80c9c000-80d24000 rw-p 00000000 00:00 0 
80d24000-80d5c000 rw-p 00000000 00:00 0 
80d5c000-80d6b000 rw-p 00000000 00:00 0 
80d6b000-80e44000 rw-p 00000000 00:00 0 
80e44000-80e4c000 rw-p 00000000 00:00 0 
80e4c000-80e84000 rw-p 00000000 00:00 0 
80e84000-80e93000 rw-p 00000000 00:00 0 
80e93000-80f6b000 rw-p 00000000 00:00 0 
80f6b000-80f73000 rw-p 00000000 00:00 0 
80f73000-80fdf000 rw-p 00000000 00:00 0 
80fdf000-81fe0000 rw-p 00000000 00:00 0 
81fe0000-88fe0000 rw-p 00000000 00:00 0 
88fe0000-8acc0000 rw-p 00000000 00:00 0 
8acc0000-a5e90000 rw-p 00000000 00:00 0 
a5e90000-a6d00000 rw-p 00000000 00:00 0 
a6d00000-b45e0000 rw-p 00000000 00:00 0 
b45e1000-b45ea000 rw-p 00000000 00:00 0 
b45ea000-b46a1000 rw-p 00000000 00:00 0 
b46a1000-b48e1000 rwxp 00000000 00:00 0 
b48e1000-b76a1000 rw-p 00000000 00:00 0 
b76a1000-b76a4000 ---p 00000000 00:00 0 
b76a4000-b76f5000 rw-p 00000000 00:00 0 
b76f8000-b76f9000 rw-p 00000000 00:00 0 
b76fa000-b76fd000 r--s 0000f000 08:05 1577575    /usr/lib/jvm/java-6-openjdk/jre/lib/ext/pulse-java.jar
b76fd000-b7705000 rw-s 00000000 08:05 654458     /tmp/hsperfdata_varun/3515
b7705000-b7706000 rw-p 00000000 00:00 0 
b7706000-b7707000 r--p 00000000 00:00 0 
b7707000-b7709000 rw-p 00000000 00:00 0 
bf81f000-bf834000 rw-p 00000000 00:00 0          [stack]

VM Arguments:
jvm_args: -Dfile.encoding=UTF-8 
java_command: FileAccess.GetPacket
Launcher Type: SUN_STANDARD

Environment Variables:
PATH=/usr/local/sbin:/usr/local/bin:/usr/sbin:/usr/bin:/sbin:/bin:/usr/games
USERNAME=varun
LD_LIBRARY_PATH=/usr/lib/jvm/java-6-openjdk/jre/lib/i386/server:/usr/lib/jvm/java-6-openjdk/jre/lib/i386:/usr/lib/jvm/java-6-openjdk/jre/../lib/i386:/usr/lib/jvm/java-6-openjdk/jre/lib/i386/client:/usr/lib/jvm/java-6-openjdk/jre/lib/i386:/usr/lib/jvm/java-6-openjdk/jre/../lib/i386
SHELL=/bin/bash
DISPLAY=:0.0

Signal Handlers:
SIGSEGV: [libjvm.so+0x64a040], sa_mask[0]=0x7ffbfeff, sa_flags=0x10000004
SIGBUS: [libjvm.so+0x64a040], sa_mask[0]=0x7ffbfeff, sa_flags=0x10000004
SIGFPE: [libjvm.so+0x51c0d0], sa_mask[0]=0x7ffbfeff, sa_flags=0x10000004
SIGPIPE: [libjvm.so+0x51c0d0], sa_mask[0]=0x7ffbfeff, sa_flags=0x10000004
SIGXFSZ: [libjvm.so+0x51c0d0], sa_mask[0]=0x7ffbfeff, sa_flags=0x10000004
SIGILL: [libjvm.so+0x51c0d0], sa_mask[0]=0x7ffbfeff, sa_flags=0x10000004
SIGUSR1: SIG_DFL, sa_mask[0]=0x00000000, sa_flags=0x00000000
SIGUSR2: [libjvm.so+0x51b780], sa_mask[0]=0x00000004, sa_flags=0x10000004
SIGHUP: [libjvm.so+0x51e2f0], sa_mask[0]=0x7ffbfeff, sa_flags=0x10000004
SIGINT: SIG_IGN, sa_mask[0]=0x00000000, sa_flags=0x00000000
SIGTERM: [libjvm.so+0x51e2f0], sa_mask[0]=0x7ffbfeff, sa_flags=0x10000004
SIGQUIT: [libjvm.so+0x51e2f0], sa_mask[0]=0x7ffbfeff, sa_flags=0x10000004


---------------  S Y S T E M  ---------------

OS:Ubuntu 10.04 (lucid)
uname:Linux 2.6.32-33-generic #70-Ubuntu SMP Thu Jul 7 21:09:46 UTC 2011 i686
libc:glibc 2.11.1 NPTL 2.11.1 
rlimit: STACK 8192k, CORE 0k, NPROC infinity, NOFILE 1024, AS infinity
load average:3.22 3.31 2.85

/proc/meminfo:
MemTotal:        2836956 kB
MemFree:         1275940 kB
Buffers:           33496 kB
Cached:           724296 kB
SwapCached:       111792 kB
Active:           463928 kB
Inactive:         986928 kB
Active(anon):     391040 kB
Inactive(anon):   316532 kB
Active(file):      72888 kB
Inactive(file):   670396 kB
Unevictable:          16 kB
Mlocked:              16 kB
HighTotal:       1973064 kB
HighFree:         508928 kB
LowTotal:         863892 kB
LowFree:          767012 kB
SwapTotal:       3234808 kB
SwapFree:        3038496 kB
Dirty:               372 kB
Writeback:             0 kB
AnonPages:        623204 kB
Mapped:           174424 kB
Shmem:             14444 kB
Slab:              30792 kB
SReclaimable:      18952 kB
SUnreclaim:        11840 kB
KernelStack:        3304 kB
PageTables:         8980 kB
NFS_Unstable:          0 kB
Bounce:                0 kB
WritebackTmp:          0 kB
CommitLimit:     4653284 kB
Committed_AS:    2238124 kB
VmallocTotal:     122880 kB
VmallocUsed:       72920 kB
VmallocChunk:      42876 kB
HardwareCorrupted:     0 kB
HugePages_Total:       0
HugePages_Free:        0
HugePages_Rsvd:        0
HugePages_Surp:        0
Hugepagesize:       4096 kB
DirectMap4k:       12280 kB
DirectMap4M:      897024 kB


CPU:total 2 (2 cores per cpu, 1 threads per core) family 17 model 3 stepping 1, cmov, cx8, fxsr, mmx, sse, sse2, sse3, mmxext, 3dnow, 3dnowext

Memory: 4k page, physical 2836956k(1275940k free), swap 3234808k(3038496k free)

vm_info: OpenJDK Server VM (19.0-b09) for linux-x86 JRE (1.6.0_20-b20), built on Jan 21 2012 08:10:55 by "buildd" with gcc 4.4.3

time: Wed Feb 29 19:18:28 2012
elapsed time: 0 seconds

