#
# A fatal error has been detected by the Java Runtime Environment:
#
#  SIGSEGV (0xb) at pc=0x00cf9fc6, pid=3674, tid=3078015856
#
# JRE version: 6.0_20-b20
# Java VM: OpenJDK Server VM (19.0-b09 mixed mode linux-x86 )
# Derivative: IcedTea6 1.9.10
# Distribution: Ubuntu 10.04.1 LTS, package 6b20-1.9.10-0ubuntu1~10.04.3
# Problematic frame:
# C  [libc.so.6+0x74fc6]
#
# If you would like to submit a bug report, please include
# instructions how to reproduce the bug and visit:
#   https://bugs.launchpad.net/ubuntu/+source/openjdk-6/
# The crash happened outside the Java Virtual Machine in native code.
# See problematic frame for where to report the bug.
#

---------------  T H R E A D  ---------------

Current thread (0x08d54000):  JavaThread "main" [_thread_in_native, id=3678, stack(0xb771c000,0xb776d000)]

siginfo:si_signo=SIGSEGV: si_errno=0, si_code=1 (SEGV_MAPERR), si_addr=0x00000000

Registers:
EAX=0x00000002, EBX=0xb776baf8, ECX=0x2dddaf4a, EDX=0xb776bb8c
ESP=0xb776ba48, EBP=0xb776ba88, ESI=0x00000000, EDI=0x00000000
EIP=0x00cf9fc6, CR2=0x00000000, EFLAGS=0x00010202

Register to memory mapping:

EAX=0x00000002
0x00000002 is pointing to unknown location

EBX=0xb776baf8
0xb776baf8 is pointing into the stack for thread: 0x08d54000
"main" prio=10 tid=0x08d54000 nid=0xe5e runnable [0xb776b000]
   java.lang.Thread.State: RUNNABLE

ECX=0x2dddaf4a
0x2dddaf4a is pointing to unknown location

EDX=0xb776bb8c
0xb776bb8c is pointing into the stack for thread: 0x08d54000
"main" prio=10 tid=0x08d54000 nid=0xe5e runnable [0xb776b000]
   java.lang.Thread.State: RUNNABLE

ESP=0xb776ba48
0xb776ba48 is pointing into the stack for thread: 0x08d54000
"main" prio=10 tid=0x08d54000 nid=0xe5e runnable [0xb776b000]
   java.lang.Thread.State: RUNNABLE

EBP=0xb776ba88
0xb776ba88 is pointing into the stack for thread: 0x08d54000
"main" prio=10 tid=0x08d54000 nid=0xe5e runnable [0xb776b000]
   java.lang.Thread.State: RUNNABLE

ESI=0x00000000
0x00000000 is pointing to unknown location

EDI=0x00000000
0x00000000 is pointing to unknown location


Top of Stack: (sp=0xb776ba48)
0xb776ba48:   805004fc 009b9cad 00000000 00000000
0xb776ba58:   b776bd2a 00ddaff4 80500010 00000000
0xb776ba68:   b776ba88 80500468 b776ba88 00ccc1db
0xb776ba78:   81233410 81233410 81233410 08d54000
0xb776ba88:   b776bd78 009babf1 b776baf8 00000000
0xb776ba98:   b776bd2a 00000000 0000ffff 00000001
0xb776baa8:   009bed75 b776bbc8 b776bad8 00cefc22
0xb776bab8:   009bec08 08e0b6f0 b776baf4 b776bd2a 

Instructions: (pc=0x00cf9fc6)
0x00cf9fb6:   00 00 00 74 02 a4 49 50 89 c8 c1 e9 02 83 e0 03
0x00cf9fc6:   f3 a5 89 c1 f3 a4 58 89 c7 89 d6 8b 44 24 04 c3 

Stack: [0xb771c000,0xb776d000],  sp=0xb776ba48,  free space=318k
Native frames: (J=compiled Java code, j=interpreted, Vv=VM code, C=native code)
C  [libc.so.6+0x74fc6]
C  [libpacketlib.so+0x3bf1]  traverse_flow_list+0x331
C  [libpacketlib.so+0x3dbe]  get_flow_packets+0x9c
C  [libpacketlib.so+0x4848]  fill_flow_packets+0x6f
C  [libpacketlib.so+0x20d0]  Java_FileAccess_GetPacket_fillpackets+0x110
j  FileAccess.GetPacket.fillpackets()V+0
j  FileAccess.GetPacket.main([Ljava/lang/String;)V+148
v  ~StubRoutines::call_stub
V  [libjvm.so+0x387d72]
V  [libjvm.so+0x519369]
V  [libjvm.so+0x386caf]
V  [libjvm.so+0x39214c]
V  [libjvm.so+0x3a11ad]
C  [java+0x321d]  JavaMain+0xd4d
C  [libpthread.so.0+0x596e]

Java frames: (J=compiled Java code, j=interpreted, Vv=VM code)
j  FileAccess.GetPacket.fillpackets()V+0
j  FileAccess.GetPacket.main([Ljava/lang/String;)V+148
v  ~StubRoutines::call_stub

---------------  P R O C E S S  ---------------

Java Threads: ( => current thread )
  0x08df9000 JavaThread "Low Memory Detector" daemon [_thread_blocked, id=3687, stack(0x807bb000,0x8080c000)]
  0x08df5800 JavaThread "CompilerThread1" daemon [_thread_blocked, id=3686, stack(0x8080c000,0x8088d000)]
  0x08df3800 JavaThread "CompilerThread0" daemon [_thread_blocked, id=3685, stack(0x8088d000,0x8090e000)]
  0x08df2400 JavaThread "Signal Dispatcher" daemon [_thread_blocked, id=3684, stack(0x8090e000,0x8095f000)]
  0x08ddf000 JavaThread "Finalizer" daemon [_thread_blocked, id=3683, stack(0x8099e000,0x809ef000)]
  0x08dddc00 JavaThread "Reference Handler" daemon [_thread_blocked, id=3682, stack(0x809ef000,0x80a40000)]
=>0x08d54000 JavaThread "main" [_thread_in_native, id=3678, stack(0xb771c000,0xb776d000)]

Other Threads:
  0x08dd9c00 VMThread [stack: 0x80a40000,0x80ac1000] [id=3681]
  0x08dfac00 WatcherThread [stack: 0x8073a000,0x807bb000] [id=3688]

VM state:not at safepoint (normal execution)

VM Mutex/Monitor currently owned by a thread: None

Heap
 PSYoungGen      total 12992K, used 448K [0xa5f00000, 0xa6d70000, 0xb4650000)
  eden space 11200K, 4% used [0xa5f00000,0xa5f70028,0xa69f0000)
  from space 1792K, 0% used [0xa6bb0000,0xa6bb0000,0xa6d70000)
  to   space 1792K, 0% used [0xa69f0000,0xa69f0000,0xa6bb0000)
 PSOldGen        total 29568K, used 0K [0x89050000, 0x8ad30000, 0xa5f00000)
  object space 29568K, 0% used [0x89050000,0x89050000,0x8ad30000)
 PSPermGen       total 16384K, used 1951K [0x81050000, 0x82050000, 0x89050000)
  object space 16384K, 11% used [0x81050000,0x81237fc8,0x82050000)

Dynamic libraries:
00110000-0011c000 r-xp 00000000 08:05 1586225    /usr/lib/jvm/java-6-openjdk/jre/lib/i386/libverify.so
0011c000-0011d000 r--p 0000b000 08:05 1586225    /usr/lib/jvm/java-6-openjdk/jre/lib/i386/libverify.so
0011d000-0011e000 rw-p 0000c000 08:05 1586225    /usr/lib/jvm/java-6-openjdk/jre/lib/i386/libverify.so
0011e000-00128000 r-xp 00000000 08:05 527214     /lib/tls/i686/cmov/libnss_files-2.11.1.so
00128000-00129000 r--p 00009000 08:05 527214     /lib/tls/i686/cmov/libnss_files-2.11.1.so
00129000-0012a000 rw-p 0000a000 08:05 527214     /lib/tls/i686/cmov/libnss_files-2.11.1.so
002e0000-00304000 r-xp 00000000 08:05 1586209    /usr/lib/jvm/java-6-openjdk/jre/lib/i386/libjava.so
00304000-00305000 r--p 00023000 08:05 1586209    /usr/lib/jvm/java-6-openjdk/jre/lib/i386/libjava.so
00305000-00307000 rw-p 00024000 08:05 1586209    /usr/lib/jvm/java-6-openjdk/jre/lib/i386/libjava.so
0034d000-00360000 r-xp 00000000 08:05 523463     /lib/libz.so.1.2.3.3
00360000-00361000 r--p 00012000 08:05 523463     /lib/libz.so.1.2.3.3
00361000-00362000 rw-p 00013000 08:05 523463     /lib/libz.so.1.2.3.3
00392000-00393000 r-xp 00000000 00:00 0          [vdso]
00431000-00455000 r-xp 00000000 08:05 527205     /lib/tls/i686/cmov/libm-2.11.1.so
00455000-00456000 r--p 00023000 08:05 527205     /lib/tls/i686/cmov/libm-2.11.1.so
00456000-00457000 rw-p 00024000 08:05 527205     /lib/tls/i686/cmov/libm-2.11.1.so
005b3000-005c8000 r-xp 00000000 08:05 527223     /lib/tls/i686/cmov/libpthread-2.11.1.so
005c8000-005c9000 r--p 00014000 08:05 527223     /lib/tls/i686/cmov/libpthread-2.11.1.so
005c9000-005ca000 rw-p 00015000 08:05 527223     /lib/tls/i686/cmov/libpthread-2.11.1.so
005ca000-005cc000 rw-p 00000000 00:00 0 
005d5000-005dc000 r-xp 00000000 08:05 1586228    /usr/lib/jvm/java-6-openjdk/jre/lib/i386/native_threads/libhpi.so
005dc000-005dd000 r--p 00006000 08:05 1586228    /usr/lib/jvm/java-6-openjdk/jre/lib/i386/native_threads/libhpi.so
005dd000-005de000 rw-p 00007000 08:05 1586228    /usr/lib/jvm/java-6-openjdk/jre/lib/i386/native_threads/libhpi.so
005fa000-00602000 r-xp 00000000 08:05 527218     /lib/tls/i686/cmov/libnss_nis-2.11.1.so
00602000-00603000 r--p 00007000 08:05 527218     /lib/tls/i686/cmov/libnss_nis-2.11.1.so
00603000-00604000 rw-p 00008000 08:05 527218     /lib/tls/i686/cmov/libnss_nis-2.11.1.so
00648000-0064f000 r-xp 00000000 08:05 1586226    /usr/lib/jvm/java-6-openjdk/jre/lib/i386/libzip.so
0064f000-00650000 r--p 00006000 08:05 1586226    /usr/lib/jvm/java-6-openjdk/jre/lib/i386/libzip.so
00650000-00651000 rw-p 00007000 08:05 1586226    /usr/lib/jvm/java-6-openjdk/jre/lib/i386/libzip.so
00774000-00776000 r-xp 00000000 08:05 527203     /lib/tls/i686/cmov/libdl-2.11.1.so
00776000-00777000 r--p 00001000 08:05 527203     /lib/tls/i686/cmov/libdl-2.11.1.so
00777000-00778000 rw-p 00002000 08:05 527203     /lib/tls/i686/cmov/libdl-2.11.1.so
00937000-00952000 r-xp 00000000 08:05 523290     /lib/ld-2.11.1.so
00952000-00953000 r--p 0001a000 08:05 523290     /lib/ld-2.11.1.so
00953000-00954000 rw-p 0001b000 08:05 523290     /lib/ld-2.11.1.so
009b7000-009c0000 r-xp 00000000 08:05 1589892    /usr/lib/libpacketlib.so
009c0000-009c1000 r--p 00008000 08:05 1589892    /usr/lib/libpacketlib.so
009c1000-009c2000 rw-p 00009000 08:05 1589892    /usr/lib/libpacketlib.so
00a93000-00aa6000 r-xp 00000000 08:05 527208     /lib/tls/i686/cmov/libnsl-2.11.1.so
00aa6000-00aa7000 r--p 00012000 08:05 527208     /lib/tls/i686/cmov/libnsl-2.11.1.so
00aa7000-00aa8000 rw-p 00013000 08:05 527208     /lib/tls/i686/cmov/libnsl-2.11.1.so
00aa8000-00aaa000 rw-p 00000000 00:00 0 
00c10000-00c16000 r-xp 00000000 08:05 527210     /lib/tls/i686/cmov/libnss_compat-2.11.1.so
00c16000-00c17000 r--p 00006000 08:05 527210     /lib/tls/i686/cmov/libnss_compat-2.11.1.so
00c17000-00c18000 rw-p 00007000 08:05 527210     /lib/tls/i686/cmov/libnss_compat-2.11.1.so
00c85000-00dd8000 r-xp 00000000 08:05 527197     /lib/tls/i686/cmov/libc-2.11.1.so
00dd8000-00dd9000 ---p 00153000 08:05 527197     /lib/tls/i686/cmov/libc-2.11.1.so
00dd9000-00ddb000 r--p 00153000 08:05 527197     /lib/tls/i686/cmov/libc-2.11.1.so
00ddb000-00ddc000 rw-p 00155000 08:05 527197     /lib/tls/i686/cmov/libc-2.11.1.so
00ddc000-00ddf000 rw-p 00000000 00:00 0 
00def000-00df6000 r-xp 00000000 08:05 527227     /lib/tls/i686/cmov/librt-2.11.1.so
00df6000-00df7000 r--p 00006000 08:05 527227     /lib/tls/i686/cmov/librt-2.11.1.so
00df7000-00df8000 rw-p 00007000 08:05 527227     /lib/tls/i686/cmov/librt-2.11.1.so
00f41000-00f44000 r-xp 00000000 08:05 1586197    /usr/lib/jvm/java-6-openjdk/jre/lib/i386/jli/libjli.so
00f44000-00f45000 r--p 00003000 08:05 1586197    /usr/lib/jvm/java-6-openjdk/jre/lib/i386/jli/libjli.so
00f45000-00f46000 rw-p 00004000 08:05 1586197    /usr/lib/jvm/java-6-openjdk/jre/lib/i386/jli/libjli.so
00f46000-0160b000 r-xp 00000000 08:05 1586230    /usr/lib/jvm/java-6-openjdk/jre/lib/i386/server/libjvm.so
0160b000-0160c000 ---p 006c5000 08:05 1586230    /usr/lib/jvm/java-6-openjdk/jre/lib/i386/server/libjvm.so
0160c000-01651000 r--p 006c5000 08:05 1586230    /usr/lib/jvm/java-6-openjdk/jre/lib/i386/server/libjvm.so
01651000-01660000 rw-p 0070a000 08:05 1586230    /usr/lib/jvm/java-6-openjdk/jre/lib/i386/server/libjvm.so
01660000-01a7f000 rw-p 00000000 00:00 0 
08048000-08051000 r-xp 00000000 08:05 1586258    /usr/lib/jvm/java-6-openjdk/jre/bin/java
08051000-08052000 r--p 00008000 08:05 1586258    /usr/lib/jvm/java-6-openjdk/jre/bin/java
08052000-08053000 rw-p 00009000 08:05 1586258    /usr/lib/jvm/java-6-openjdk/jre/bin/java
08d4d000-08e35000 rw-p 00000000 00:00 0          [heap]
80500000-80521000 rw-p 00000000 00:00 0 
80521000-80600000 ---p 00000000 00:00 0 
806b9000-8073a000 rw-p 00000000 00:00 0 
8073a000-8073b000 ---p 00000000 00:00 0 
8073b000-807bb000 rw-p 00000000 00:00 0 
807bb000-807be000 ---p 00000000 00:00 0 
807be000-8080c000 rw-p 00000000 00:00 0 
8080c000-8080f000 ---p 00000000 00:00 0 
8080f000-8088d000 rw-p 00000000 00:00 0 
8088d000-80890000 ---p 00000000 00:00 0 
80890000-8090e000 rw-p 00000000 00:00 0 
8090e000-80911000 ---p 00000000 00:00 0 
80911000-8095f000 rw-p 00000000 00:00 0 
8095f000-8099e000 r--p 00000000 08:05 1577945    /usr/lib/locale/en_IN/LC_CTYPE
8099e000-809a1000 ---p 00000000 00:00 0 
809a1000-809ef000 rw-p 00000000 00:00 0 
809ef000-809f2000 ---p 00000000 00:00 0 
809f2000-80a40000 rw-p 00000000 00:00 0 
80a40000-80a41000 ---p 00000000 00:00 0 
80a41000-80ac1000 rw-p 00000000 00:00 0 
80ac1000-80ac3000 r--s 0001d000 08:05 1577596    /usr/lib/jvm/java-6-openjdk/jre/lib/plugin.jar
80ac3000-80ac8000 r--s 00045000 08:05 1577595    /usr/lib/jvm/java-6-openjdk/jre/lib/netx.jar
80ac8000-80afb000 rw-p 00000000 00:00 0 
80afb000-80c8a000 r--s 038c4000 08:05 1586189    /usr/lib/jvm/java-6-openjdk/jre/lib/rt.jar
80c8a000-80c8b000 ---p 00000000 00:00 0 
80c8b000-80d0b000 rw-p 00000000 00:00 0 
80d0b000-80d0c000 ---p 00000000 00:00 0 
80d0c000-80d94000 rw-p 00000000 00:00 0 
80d94000-80dcc000 rw-p 00000000 00:00 0 
80dcc000-80ddb000 rw-p 00000000 00:00 0 
80ddb000-80eb4000 rw-p 00000000 00:00 0 
80eb4000-80ebc000 rw-p 00000000 00:00 0 
80ebc000-80ef4000 rw-p 00000000 00:00 0 
80ef4000-80f03000 rw-p 00000000 00:00 0 
80f03000-80fdb000 rw-p 00000000 00:00 0 
80fdb000-80fe3000 rw-p 00000000 00:00 0 
80fe3000-8104f000 rw-p 00000000 00:00 0 
8104f000-82050000 rw-p 00000000 00:00 0 
82050000-89050000 rw-p 00000000 00:00 0 
89050000-8ad30000 rw-p 00000000 00:00 0 
8ad30000-a5f00000 rw-p 00000000 00:00 0 
a5f00000-a6d70000 rw-p 00000000 00:00 0 
a6d70000-b4650000 rw-p 00000000 00:00 0 
b4651000-b4652000 rw-p 00000000 00:00 0 
b4653000-b465c000 r--s 00065000 08:05 6219       /usr/share/java/gnome-java-bridge.jar
b465c000-b4665000 rw-p 00000000 00:00 0 
b4665000-b471c000 rw-p 00000000 00:00 0 
b471c000-b495c000 rwxp 00000000 00:00 0 
b495c000-b771c000 rw-p 00000000 00:00 0 
b771c000-b771f000 ---p 00000000 00:00 0 
b771f000-b7770000 rw-p 00000000 00:00 0 
b7775000-b7778000 r--s 0000f000 08:05 1577575    /usr/lib/jvm/java-6-openjdk/jre/lib/ext/pulse-java.jar
b7778000-b7780000 rw-s 00000000 08:05 668968     /tmp/hsperfdata_root/3674
b7780000-b7781000 rw-p 00000000 00:00 0 
b7781000-b7782000 r--p 00000000 00:00 0 
b7782000-b7784000 rw-p 00000000 00:00 0 
bff38000-bff4d000 rw-p 00000000 00:00 0          [stack]

VM Arguments:
jvm_args: -Dfile.encoding=UTF-8 
java_command: FileAccess.GetPacket
Launcher Type: SUN_STANDARD

Environment Variables:
PATH=/usr/local/sbin:/usr/local/bin:/usr/sbin:/usr/bin:/sbin:/bin:/usr/games
USERNAME=root
LD_LIBRARY_PATH=/usr/lib/jvm/java-6-openjdk/jre/lib/i386/server:/usr/lib/jvm/java-6-openjdk/jre/lib/i386:/usr/lib/jvm/java-6-openjdk/jre/../lib/i386:/usr/lib/jvm/java-6-openjdk/jre/lib/i386/client:/usr/lib/jvm/java-6-openjdk/jre/lib/i386:/usr/lib/jvm/java-6-openjdk/jre/../lib/i386
SHELL=/bin/bash
DISPLAY=:0.0

Signal Handlers:
SIGSEGV: [libjvm.so+0x64a040], sa_mask[0]=0x7ffbfeff, sa_flags=0x10000004
SIGBUS: [libjvm.so+0x64a040], sa_mask[0]=0x7ffbfeff, sa_flags=0x10000004
SIGFPE: [libjvm.so+0x51c0d0], sa_mask[0]=0x7ffbfeff, sa_flags=0x10000004
SIGPIPE: [libjvm.so+0x51c0d0], sa_mask[0]=0x7ffbfeff, sa_flags=0x10000004
SIGXFSZ: [libjvm.so+0x51c0d0], sa_mask[0]=0x7ffbfeff, sa_flags=0x10000004
SIGILL: [libjvm.so+0x51c0d0], sa_mask[0]=0x7ffbfeff, sa_flags=0x10000004
SIGUSR1: SIG_DFL, sa_mask[0]=0x00000000, sa_flags=0x00000000
SIGUSR2: [libjvm.so+0x51b780], sa_mask[0]=0x00000004, sa_flags=0x10000004
SIGHUP: [libjvm.so+0x51e2f0], sa_mask[0]=0x7ffbfeff, sa_flags=0x10000004
SIGINT: SIG_IGN, sa_mask[0]=0x00000000, sa_flags=0x00000000
SIGTERM: [libjvm.so+0x51e2f0], sa_mask[0]=0x7ffbfeff, sa_flags=0x10000004
SIGQUIT: [libjvm.so+0x51e2f0], sa_mask[0]=0x7ffbfeff, sa_flags=0x10000004


---------------  S Y S T E M  ---------------

OS:Ubuntu 10.04 (lucid)
uname:Linux 2.6.32-33-generic #70-Ubuntu SMP Thu Jul 7 21:09:46 UTC 2011 i686
libc:glibc 2.11.1 NPTL 2.11.1 
rlimit: STACK 8192k, CORE 0k, NPROC infinity, NOFILE 1024, AS infinity
load average:0.66 0.46 0.46

/proc/meminfo:
MemTotal:        2836956 kB
MemFree:         1198748 kB
Buffers:           75456 kB
Cached:           744300 kB
SwapCached:            0 kB
Active:           892816 kB
Inactive:         650312 kB
Active(anon):     723780 kB
Inactive(anon):     7296 kB
Active(file):     169036 kB
Inactive(file):   643016 kB
Unevictable:          16 kB
Mlocked:              16 kB
HighTotal:       1973064 kB
HighFree:         473680 kB
LowTotal:         863892 kB
LowFree:          725068 kB
SwapTotal:       3234808 kB
SwapFree:        3234808 kB
Dirty:                68 kB
Writeback:             0 kB
AnonPages:        723384 kB
Mapped:           148400 kB
Shmem:              7708 kB
Slab:              35916 kB
SReclaimable:      24440 kB
SUnreclaim:        11476 kB
KernelStack:        2752 kB
PageTables:         7996 kB
NFS_Unstable:          0 kB
Bounce:                0 kB
WritebackTmp:          0 kB
CommitLimit:     4653284 kB
Committed_AS:    1934420 kB
VmallocTotal:     122880 kB
VmallocUsed:       72908 kB
VmallocChunk:      42876 kB
HardwareCorrupted:     0 kB
HugePages_Total:       0
HugePages_Free:        0
HugePages_Rsvd:        0
HugePages_Surp:        0
Hugepagesize:       4096 kB
DirectMap4k:       12280 kB
DirectMap4M:      897024 kB


CPU:total 2 (2 cores per cpu, 1 threads per core) family 17 model 3 stepping 1, cmov, cx8, fxsr, mmx, sse, sse2, sse3, mmxext, 3dnow, 3dnowext

Memory: 4k page, physical 2836956k(1198748k free), swap 3234808k(3234808k free)

vm_info: OpenJDK Server VM (19.0-b09) for linux-x86 JRE (1.6.0_20-b20), built on Jan 21 2012 08:10:55 by "buildd" with gcc 4.4.3

time: Sun Mar 25 17:24:23 2012
elapsed time: 0 seconds

