#
# A fatal error has been detected by the Java Runtime Environment:
#
#  SIGSEGV (0xb) at pc=0x0027a2a9, pid=7025, tid=3079342960
#
# JRE version: 6.0_20-b20
# Java VM: OpenJDK Server VM (19.0-b09 mixed mode linux-x86 )
# Derivative: IcedTea6 1.9.10
# Distribution: Ubuntu 10.04.1 LTS, package 6b20-1.9.10-0ubuntu1~10.04.3
# Problematic frame:
# C  [libbytestransfer.so+0x72a9]  set_rule+0x1f
#
# If you would like to submit a bug report, please include
# instructions how to reproduce the bug and visit:
#   https://bugs.launchpad.net/ubuntu/+source/openjdk-6/
# The crash happened outside the Java Virtual Machine in native code.
# See problematic frame for where to report the bug.
#

---------------  T H R E A D  ---------------

Current thread (0x08ccb000):  JavaThread "main" [_thread_in_native, id=7029, stack(0xb7860000,0xb78b1000)]

siginfo:si_signo=SIGSEGV: si_errno=0, si_code=1 (SEGV_MAPERR), si_addr=0x00000011

Registers:
EAX=0xffffffff, EBX=0x81382d50, ECX=0x00000000, EDX=0x00000011
ESP=0xb78afee8, EBP=0xb78afef8, ESI=0x81382d50, EDI=0x08ccb000
EIP=0x0027a2a9, CR2=0x00000011, EFLAGS=0x00010246

Register to memory mapping:

EAX=0xffffffff
0xffffffff is pointing to unknown location

EBX=0x81382d50
{method} 
 - klass: {other class}

ECX=0x00000000
0x00000000 is pointing to unknown location

EDX=0x00000011
0x00000011 is pointing to unknown location

ESP=0xb78afee8
0xb78afee8 is pointing into the stack for thread: 0x08ccb000
"main" prio=10 tid=0x08ccb000 nid=0x1b75 runnable [0xb78b0000]
   java.lang.Thread.State: RUNNABLE

EBP=0xb78afef8
0xb78afef8 is pointing into the stack for thread: 0x08ccb000
"main" prio=10 tid=0x08ccb000 nid=0x1b75 runnable [0xb78b0000]
   java.lang.Thread.State: RUNNABLE

ESI=0x81382d50
{method} 
 - klass: {other class}

EDI=0x08ccb000
"main" prio=10 tid=0x08ccb000 nid=0x1b75 runnable [0xb78b0000]
   java.lang.Thread.State: RUNNABLE


Top of Stack: (sp=0xb78afee8)
0xb78afee8:   00001e20 81382d50 81382d50 00000000
0xb78afef8:   b78affb8 0027a34a b78aff20 ffffffff
0xb78aff08:   002664e0 00000000 00000000 08cc99a0
0xb78aff18:   80814e48 8080eee8 00000011 08cc99a0
0xb78aff28:   b78aff48 00feb7de 8138436c 00000010
0xb78aff38:   81384360 01371ff4 80817688 08cc99a0
0xb78aff48:   b78affb8 01002425 b78aff9c 08ccb490
0xb78aff58:   80800010 80800010 b78aff9c 00000000 

Instructions: (pc=0x0027a2a9)
0x0027a299:   8b 45 08 8b 00 8b 55 fc 01 d2 8d 14 10 8b 45 0c
0x0027a2a9:   66 89 02 8b 45 08 8b 40 04 8b 55 fc 01 d2 8d 14 

Stack: [0xb7860000,0xb78b1000],  sp=0xb78afee8,  free space=319k
Native frames: (J=compiled Java code, j=interpreted, Vv=VM code, C=native code)
C  [libbytestransfer.so+0x72a9]  set_rule+0x1f
C  [libbytestransfer.so+0x734a]  get_hourly_transfer+0x53
C  [libbytestransfer.so+0x77b7]  Java_FileAccess_datatransfer_fillData+0x3dd
j  FileAccess.datatransfer.fillData()V+0
j  FileAccess.datatransfer.main([Ljava/lang/String;)V+72
v  ~StubRoutines::call_stub
V  [libjvm.so+0x387d72]
V  [libjvm.so+0x519369]
V  [libjvm.so+0x386caf]
V  [libjvm.so+0x39214c]
V  [libjvm.so+0x3a11ad]
C  [java+0x321d]  JavaMain+0xd4d
C  [libpthread.so.0+0x596e]

Java frames: (J=compiled Java code, j=interpreted, Vv=VM code)
j  FileAccess.datatransfer.fillData()V+0
j  FileAccess.datatransfer.main([Ljava/lang/String;)V+72
v  ~StubRoutines::call_stub

---------------  P R O C E S S  ---------------

Java Threads: ( => current thread )
  0x80802400 JavaThread "Low Memory Detector" daemon [_thread_blocked, id=7038, stack(0x8090b000,0x8095c000)]
  0x80800800 JavaThread "CompilerThread1" daemon [_thread_blocked, id=7037, stack(0x8095c000,0x809dd000)]
  0x08d6a800 JavaThread "CompilerThread0" daemon [_thread_blocked, id=7036, stack(0x809dd000,0x80a5e000)]
  0x08d69400 JavaThread "Signal Dispatcher" daemon [_thread_blocked, id=7035, stack(0x80a5e000,0x80aaf000)]
  0x08d59400 JavaThread "Finalizer" daemon [_thread_blocked, id=7034, stack(0x80aee000,0x80b3f000)]
  0x08d54c00 JavaThread "Reference Handler" daemon [_thread_blocked, id=7033, stack(0x80b3f000,0x80b90000)]
=>0x08ccb000 JavaThread "main" [_thread_in_native, id=7029, stack(0xb7860000,0xb78b1000)]

Other Threads:
  0x08d50c00 VMThread [stack: 0x80b90000,0x80c11000] [id=7032]
  0x80804800 WatcherThread [stack: 0x8077f000,0x80800000] [id=7039]

VM state:not at safepoint (normal execution)

VM Mutex/Monitor currently owned by a thread: None

Heap
 PSYoungGen      total 12992K, used 448K [0xa6050000, 0xa6ec0000, 0xb47a0000)
  eden space 11200K, 4% used [0xa6050000,0xa60c0068,0xa6b40000)
  from space 1792K, 0% used [0xa6d00000,0xa6d00000,0xa6ec0000)
  to   space 1792K, 0% used [0xa6b40000,0xa6b40000,0xa6d00000)
 PSOldGen        total 29568K, used 0K [0x891a0000, 0x8ae80000, 0xa6050000)
  object space 29568K, 0% used [0x891a0000,0x891a0000,0x8ae80000)
 PSPermGen       total 16384K, used 1936K [0x811a0000, 0x821a0000, 0x891a0000)
  object space 16384K, 11% used [0x811a0000,0x813843d8,0x821a0000)

Dynamic libraries:
00110000-00263000 r-xp 00000000 08:05 527197     /lib/tls/i686/cmov/libc-2.11.1.so
00263000-00264000 ---p 00153000 08:05 527197     /lib/tls/i686/cmov/libc-2.11.1.so
00264000-00266000 r--p 00153000 08:05 527197     /lib/tls/i686/cmov/libc-2.11.1.so
00266000-00267000 rw-p 00155000 08:05 527197     /lib/tls/i686/cmov/libc-2.11.1.so
00267000-0026a000 rw-p 00000000 00:00 0 
0026a000-00271000 r-xp 00000000 08:05 1586226    /usr/lib/jvm/java-6-openjdk/jre/lib/i386/libzip.so
00271000-00272000 r--p 00006000 08:05 1586226    /usr/lib/jvm/java-6-openjdk/jre/lib/i386/libzip.so
00272000-00273000 rw-p 00007000 08:05 1586226    /usr/lib/jvm/java-6-openjdk/jre/lib/i386/libzip.so
00273000-0027c000 r-xp 00000000 08:05 1592432    /usr/lib/libbytestransfer.so
0027c000-0027d000 r--p 00008000 08:05 1592432    /usr/lib/libbytestransfer.so
0027d000-0027e000 rw-p 00009000 08:05 1592432    /usr/lib/libbytestransfer.so
003ba000-003c2000 r-xp 00000000 08:05 527218     /lib/tls/i686/cmov/libnss_nis-2.11.1.so
003c2000-003c3000 r--p 00007000 08:05 527218     /lib/tls/i686/cmov/libnss_nis-2.11.1.so
003c3000-003c4000 rw-p 00008000 08:05 527218     /lib/tls/i686/cmov/libnss_nis-2.11.1.so
00415000-0042a000 r-xp 00000000 08:05 527223     /lib/tls/i686/cmov/libpthread-2.11.1.so
0042a000-0042b000 r--p 00014000 08:05 527223     /lib/tls/i686/cmov/libpthread-2.11.1.so
0042b000-0042c000 rw-p 00015000 08:05 527223     /lib/tls/i686/cmov/libpthread-2.11.1.so
0042c000-0042e000 rw-p 00000000 00:00 0 
00440000-00464000 r-xp 00000000 08:05 1586209    /usr/lib/jvm/java-6-openjdk/jre/lib/i386/libjava.so
00464000-00465000 r--p 00023000 08:05 1586209    /usr/lib/jvm/java-6-openjdk/jre/lib/i386/libjava.so
00465000-00467000 rw-p 00024000 08:05 1586209    /usr/lib/jvm/java-6-openjdk/jre/lib/i386/libjava.so
005c0000-005c7000 r-xp 00000000 08:05 1586228    /usr/lib/jvm/java-6-openjdk/jre/lib/i386/native_threads/libhpi.so
005c7000-005c8000 r--p 00006000 08:05 1586228    /usr/lib/jvm/java-6-openjdk/jre/lib/i386/native_threads/libhpi.so
005c8000-005c9000 rw-p 00007000 08:05 1586228    /usr/lib/jvm/java-6-openjdk/jre/lib/i386/native_threads/libhpi.so
005d8000-005e2000 r-xp 00000000 08:05 527214     /lib/tls/i686/cmov/libnss_files-2.11.1.so
005e2000-005e3000 r--p 00009000 08:05 527214     /lib/tls/i686/cmov/libnss_files-2.11.1.so
005e3000-005e4000 rw-p 0000a000 08:05 527214     /lib/tls/i686/cmov/libnss_files-2.11.1.so
005e9000-0060d000 r-xp 00000000 08:05 527205     /lib/tls/i686/cmov/libm-2.11.1.so
0060d000-0060e000 r--p 00023000 08:05 527205     /lib/tls/i686/cmov/libm-2.11.1.so
0060e000-0060f000 rw-p 00024000 08:05 527205     /lib/tls/i686/cmov/libm-2.11.1.so
006e1000-006fc000 r-xp 00000000 08:05 523290     /lib/ld-2.11.1.so
006fc000-006fd000 r--p 0001a000 08:05 523290     /lib/ld-2.11.1.so
006fd000-006fe000 rw-p 0001b000 08:05 523290     /lib/ld-2.11.1.so
0070f000-00715000 r-xp 00000000 08:05 527210     /lib/tls/i686/cmov/libnss_compat-2.11.1.so
00715000-00716000 r--p 00006000 08:05 527210     /lib/tls/i686/cmov/libnss_compat-2.11.1.so
00716000-00717000 rw-p 00007000 08:05 527210     /lib/tls/i686/cmov/libnss_compat-2.11.1.so
0073c000-0073f000 r-xp 00000000 08:05 1586197    /usr/lib/jvm/java-6-openjdk/jre/lib/i386/jli/libjli.so
0073f000-00740000 r--p 00003000 08:05 1586197    /usr/lib/jvm/java-6-openjdk/jre/lib/i386/jli/libjli.so
00740000-00741000 rw-p 00004000 08:05 1586197    /usr/lib/jvm/java-6-openjdk/jre/lib/i386/jli/libjli.so
00786000-0078d000 r-xp 00000000 08:05 527227     /lib/tls/i686/cmov/librt-2.11.1.so
0078d000-0078e000 r--p 00006000 08:05 527227     /lib/tls/i686/cmov/librt-2.11.1.so
0078e000-0078f000 rw-p 00007000 08:05 527227     /lib/tls/i686/cmov/librt-2.11.1.so
00a41000-00a42000 r-xp 00000000 00:00 0          [vdso]
00a9a000-00aad000 r-xp 00000000 08:05 527208     /lib/tls/i686/cmov/libnsl-2.11.1.so
00aad000-00aae000 r--p 00012000 08:05 527208     /lib/tls/i686/cmov/libnsl-2.11.1.so
00aae000-00aaf000 rw-p 00013000 08:05 527208     /lib/tls/i686/cmov/libnsl-2.11.1.so
00aaf000-00ab1000 rw-p 00000000 00:00 0 
00b88000-00b8a000 r-xp 00000000 08:05 527203     /lib/tls/i686/cmov/libdl-2.11.1.so
00b8a000-00b8b000 r--p 00001000 08:05 527203     /lib/tls/i686/cmov/libdl-2.11.1.so
00b8b000-00b8c000 rw-p 00002000 08:05 527203     /lib/tls/i686/cmov/libdl-2.11.1.so
00b99000-00ba5000 r-xp 00000000 08:05 1586225    /usr/lib/jvm/java-6-openjdk/jre/lib/i386/libverify.so
00ba5000-00ba6000 r--p 0000b000 08:05 1586225    /usr/lib/jvm/java-6-openjdk/jre/lib/i386/libverify.so
00ba6000-00ba7000 rw-p 0000c000 08:05 1586225    /usr/lib/jvm/java-6-openjdk/jre/lib/i386/libverify.so
00c52000-00c65000 r-xp 00000000 08:05 523463     /lib/libz.so.1.2.3.3
00c65000-00c66000 r--p 00012000 08:05 523463     /lib/libz.so.1.2.3.3
00c66000-00c67000 rw-p 00013000 08:05 523463     /lib/libz.so.1.2.3.3
00c67000-0132c000 r-xp 00000000 08:05 1586230    /usr/lib/jvm/java-6-openjdk/jre/lib/i386/server/libjvm.so
0132c000-0132d000 ---p 006c5000 08:05 1586230    /usr/lib/jvm/java-6-openjdk/jre/lib/i386/server/libjvm.so
0132d000-01372000 r--p 006c5000 08:05 1586230    /usr/lib/jvm/java-6-openjdk/jre/lib/i386/server/libjvm.so
01372000-01381000 rw-p 0070a000 08:05 1586230    /usr/lib/jvm/java-6-openjdk/jre/lib/i386/server/libjvm.so
01381000-017a0000 rw-p 00000000 00:00 0 
08048000-08051000 r-xp 00000000 08:05 1586258    /usr/lib/jvm/java-6-openjdk/jre/bin/java
08051000-08052000 r--p 00008000 08:05 1586258    /usr/lib/jvm/java-6-openjdk/jre/bin/java
08052000-08053000 rw-p 00009000 08:05 1586258    /usr/lib/jvm/java-6-openjdk/jre/bin/java
08cc4000-08d8a000 rw-p 00000000 00:00 0          [heap]
8077f000-80780000 ---p 00000000 00:00 0 
80780000-80800000 rw-p 00000000 00:00 0 
80800000-80821000 rw-p 00000000 00:00 0 
80821000-80900000 ---p 00000000 00:00 0 
80902000-8090b000 r--s 00065000 08:05 6219       /usr/share/java/gnome-java-bridge.jar
8090b000-8090e000 ---p 00000000 00:00 0 
8090e000-8095c000 rw-p 00000000 00:00 0 
8095c000-8095f000 ---p 00000000 00:00 0 
8095f000-809dd000 rw-p 00000000 00:00 0 
809dd000-809e0000 ---p 00000000 00:00 0 
809e0000-80a5e000 rw-p 00000000 00:00 0 
80a5e000-80a61000 ---p 00000000 00:00 0 
80a61000-80aaf000 rw-p 00000000 00:00 0 
80aaf000-80aee000 r--p 00000000 08:05 1577945    /usr/lib/locale/en_IN/LC_CTYPE
80aee000-80af1000 ---p 00000000 00:00 0 
80af1000-80b3f000 rw-p 00000000 00:00 0 
80b3f000-80b42000 ---p 00000000 00:00 0 
80b42000-80b90000 rw-p 00000000 00:00 0 
80b90000-80b91000 ---p 00000000 00:00 0 
80b91000-80c11000 rw-p 00000000 00:00 0 
80c11000-80c13000 r--s 0001d000 08:05 1577596    /usr/lib/jvm/java-6-openjdk/jre/lib/plugin.jar
80c13000-80c18000 r--s 00045000 08:05 1577595    /usr/lib/jvm/java-6-openjdk/jre/lib/netx.jar
80c18000-80c4b000 rw-p 00000000 00:00 0 
80c4b000-80dda000 r--s 038c4000 08:05 1586189    /usr/lib/jvm/java-6-openjdk/jre/lib/rt.jar
80dda000-80ddb000 ---p 00000000 00:00 0 
80ddb000-80e5b000 rw-p 00000000 00:00 0 
80e5b000-80e5c000 ---p 00000000 00:00 0 
80e5c000-80ee4000 rw-p 00000000 00:00 0 
80ee4000-80f1c000 rw-p 00000000 00:00 0 
80f1c000-80f2b000 rw-p 00000000 00:00 0 
80f2b000-81004000 rw-p 00000000 00:00 0 
81004000-8100c000 rw-p 00000000 00:00 0 
8100c000-81044000 rw-p 00000000 00:00 0 
81044000-81053000 rw-p 00000000 00:00 0 
81053000-8112b000 rw-p 00000000 00:00 0 
8112b000-81133000 rw-p 00000000 00:00 0 
81133000-8119f000 rw-p 00000000 00:00 0 
8119f000-821a0000 rw-p 00000000 00:00 0 
821a0000-891a0000 rw-p 00000000 00:00 0 
891a0000-8ae80000 rw-p 00000000 00:00 0 
8ae80000-a6050000 rw-p 00000000 00:00 0 
a6050000-a6ec0000 rw-p 00000000 00:00 0 
a6ec0000-b47a0000 rw-p 00000000 00:00 0 
b47a0000-b47a9000 rw-p 00000000 00:00 0 
b47a9000-b4860000 rw-p 00000000 00:00 0 
b4860000-b4aa0000 rwxp 00000000 00:00 0 
b4aa0000-b7860000 rw-p 00000000 00:00 0 
b7860000-b7863000 ---p 00000000 00:00 0 
b7863000-b78b4000 rw-p 00000000 00:00 0 
b78b8000-b78b9000 rw-p 00000000 00:00 0 
b78b9000-b78bc000 r--s 0000f000 08:05 1577575    /usr/lib/jvm/java-6-openjdk/jre/lib/ext/pulse-java.jar
b78bc000-b78c4000 rw-s 00000000 08:05 663862     /tmp/hsperfdata_root/7025
b78c4000-b78c5000 rw-p 00000000 00:00 0 
b78c5000-b78c6000 r--p 00000000 00:00 0 
b78c6000-b78c8000 rw-p 00000000 00:00 0 
bfc70000-bfc85000 rw-p 00000000 00:00 0          [stack]

VM Arguments:
jvm_args: -Dfile.encoding=UTF-8 
java_command: FileAccess.datatransfer
Launcher Type: SUN_STANDARD

Environment Variables:
PATH=/usr/local/sbin:/usr/local/bin:/usr/sbin:/usr/bin:/sbin:/bin:/usr/games
USERNAME=root
LD_LIBRARY_PATH=/usr/lib/jvm/java-6-openjdk/jre/lib/i386/server:/usr/lib/jvm/java-6-openjdk/jre/lib/i386:/usr/lib/jvm/java-6-openjdk/jre/../lib/i386:/usr/lib/jvm/java-6-openjdk/jre/lib/i386/client:/usr/lib/jvm/java-6-openjdk/jre/lib/i386:/usr/lib/jvm/java-6-openjdk/jre/../lib/i386
SHELL=/bin/bash
DISPLAY=:0.0

Signal Handlers:
SIGSEGV: [libjvm.so+0x64a040], sa_mask[0]=0x7ffbfeff, sa_flags=0x10000004
SIGBUS: [libjvm.so+0x64a040], sa_mask[0]=0x7ffbfeff, sa_flags=0x10000004
SIGFPE: [libjvm.so+0x51c0d0], sa_mask[0]=0x7ffbfeff, sa_flags=0x10000004
SIGPIPE: [libjvm.so+0x51c0d0], sa_mask[0]=0x7ffbfeff, sa_flags=0x10000004
SIGXFSZ: [libjvm.so+0x51c0d0], sa_mask[0]=0x7ffbfeff, sa_flags=0x10000004
SIGILL: [libjvm.so+0x51c0d0], sa_mask[0]=0x7ffbfeff, sa_flags=0x10000004
SIGUSR1: SIG_DFL, sa_mask[0]=0x00000000, sa_flags=0x00000000
SIGUSR2: [libjvm.so+0x51b780], sa_mask[0]=0x00000004, sa_flags=0x10000004
SIGHUP: [libjvm.so+0x51e2f0], sa_mask[0]=0x7ffbfeff, sa_flags=0x10000004
SIGINT: SIG_IGN, sa_mask[0]=0x00000000, sa_flags=0x00000000
SIGTERM: [libjvm.so+0x51e2f0], sa_mask[0]=0x7ffbfeff, sa_flags=0x10000004
SIGQUIT: [libjvm.so+0x51e2f0], sa_mask[0]=0x7ffbfeff, sa_flags=0x10000004


---------------  S Y S T E M  ---------------

OS:Ubuntu 10.04 (lucid)
uname:Linux 2.6.32-33-generic #70-Ubuntu SMP Thu Jul 7 21:09:46 UTC 2011 i686
libc:glibc 2.11.1 NPTL 2.11.1 
rlimit: STACK 8192k, CORE 0k, NPROC infinity, NOFILE 1024, AS infinity
load average:1.17 0.91 0.77

/proc/meminfo:
MemTotal:        2836956 kB
MemFree:         1098420 kB
Buffers:           88316 kB
Cached:           686472 kB
SwapCached:            0 kB
Active:          1083168 kB
Inactive:         557544 kB
Active(anon):     866344 kB
Inactive(anon):     8060 kB
Active(file):     216824 kB
Inactive(file):   549484 kB
Unevictable:          16 kB
Mlocked:              16 kB
HighTotal:       1973064 kB
HighFree:         389112 kB
LowTotal:         863892 kB
LowFree:          709308 kB
SwapTotal:       3234808 kB
SwapFree:        3234808 kB
Dirty:               168 kB
Writeback:             0 kB
AnonPages:        865936 kB
Mapped:           163176 kB
Shmem:              8484 kB
Slab:              38400 kB
SReclaimable:      26708 kB
SUnreclaim:        11692 kB
KernelStack:        3032 kB
PageTables:         8268 kB
NFS_Unstable:          0 kB
Bounce:                0 kB
WritebackTmp:          0 kB
CommitLimit:     4653284 kB
Committed_AS:    2101704 kB
VmallocTotal:     122880 kB
VmallocUsed:       73204 kB
VmallocChunk:      27796 kB
HardwareCorrupted:     0 kB
HugePages_Total:       0
HugePages_Free:        0
HugePages_Rsvd:        0
HugePages_Surp:        0
Hugepagesize:       4096 kB
DirectMap4k:       12280 kB
DirectMap4M:      897024 kB


CPU:total 2 (2 cores per cpu, 1 threads per core) family 17 model 3 stepping 1, cmov, cx8, fxsr, mmx, sse, sse2, sse3, mmxext, 3dnow, 3dnowext

Memory: 4k page, physical 2836956k(1098420k free), swap 3234808k(3234808k free)

vm_info: OpenJDK Server VM (19.0-b09) for linux-x86 JRE (1.6.0_20-b20), built on Jan 21 2012 08:10:55 by "buildd" with gcc 4.4.3

time: Thu Mar 22 20:51:45 2012
elapsed time: 0 seconds

