#
# A fatal error has been detected by the Java Runtime Environment:
#
#  SIGSEGV (0xb) at pc=0x0120d390, pid=4375, tid=3078970224
#
# JRE version: 6.0_20-b20
# Java VM: OpenJDK Server VM (19.0-b09 mixed mode linux-x86 )
# Derivative: IcedTea6 1.9.10
# Distribution: Ubuntu 10.04.1 LTS, package 6b20-1.9.10-0ubuntu1~10.04.3
# Problematic frame:
# V  [libjvm.so+0x39b390]
#
# If you would like to submit a bug report, please include
# instructions how to reproduce the bug and visit:
#   https://bugs.launchpad.net/ubuntu/+source/openjdk-6/
#

---------------  T H R E A D  ---------------

Current thread (0x0893d000):  JavaThread "main" [_thread_in_vm, id=4378, stack(0xb7805000,0xb7856000)]

siginfo:si_signo=SIGSEGV: si_errno=0, si_code=1 (SEGV_MAPERR), si_addr=0x00000000

Registers:
EAX=0x00000000, EBX=0x0157cff4, ECX=0xb7854e5c, EDX=0x0893d87c
ESP=0xb7854e24, EBP=0xb7854e88, ESI=0x0893d000, EDI=0x0893b9a0
EIP=0x0120d390, CR2=0x00000000, EFLAGS=0x00010213

Register to memory mapping:

EAX=0x00000000
0x00000000 is pointing to unknown location

EBX=0x0157cff4
0x0157cff4: <offset 0x70aff4> in /usr/lib/jvm/java-6-openjdk/jre/lib/i386/server/libjvm.so at 0x00e72000

ECX=0xb7854e5c
0xb7854e5c is pointing into the stack for thread: 0x0893d000
"main" prio=10 tid=0x0893d000 nid=0x111a runnable [0xb7854000]
   java.lang.Thread.State: RUNNABLE

EDX=0x0893d87c
0x0893d87c is pointing to unknown location

ESP=0xb7854e24
0xb7854e24 is pointing into the stack for thread: 0x0893d000
"main" prio=10 tid=0x0893d000 nid=0x111a runnable [0xb7854000]
   java.lang.Thread.State: RUNNABLE

EBP=0xb7854e88
0xb7854e88 is pointing into the stack for thread: 0x0893d000
"main" prio=10 tid=0x0893d000 nid=0x111a runnable [0xb7854000]
   java.lang.Thread.State: RUNNABLE

ESI=0x0893d000
"main" prio=10 tid=0x0893d000 nid=0x111a runnable [0xb7854000]
   java.lang.Thread.State: RUNNABLE

EDI=0x0893b9a0
0x0893b9a0 is pointing to unknown location


Top of Stack: (sp=0xb7854e24)
0xb7854e24:   0893d000 00000ffc 00000ffc b7854e6c
0xb7854e34:   00000000 0893d490 0893d87c 0000003c
0xb7854e44:   b7854e5c 0893d488 b7854e5c 00000015
0xb7854e54:   0893d8a4 0893d000 0893d000 00000000
0xb7854e64:   0893d000 523beb0a 0893d000 00000072
0xb7854e74:   00000000 089c3e50 81323410 81323410
0xb7854e84:   0893d000 b7854fd8 00c8e349 0893d118
0xb7854e94:   00000000 00000000 00c94518 0136ed09 

Instructions: (pc=0x0120d390)
0x0120d380:   c0 8b 47 08 89 45 b0 8b 45 0c 8b 57 0c 89 55 b4
0x0120d390:   8b 10 52 e8 88 fa fe ff 89 04 24 89 45 ac e8 01 

Stack: [0xb7805000,0xb7856000],  sp=0xb7854e24,  free space=319k
Native frames: (J=compiled Java code, j=interpreted, Vv=VM code, C=native code)
V  [libjvm.so+0x39b390]
C  [libpacketlib.so+0x2349]  Java_FileAccess_GetPacket_fillpackets+0x169
j  FileAccess.GetPacket.fillpackets()V+0
j  FileAccess.GetPacket.main([Ljava/lang/String;)V+148
v  ~StubRoutines::call_stub
V  [libjvm.so+0x387d72]
V  [libjvm.so+0x519369]
V  [libjvm.so+0x386caf]
V  [libjvm.so+0x39214c]
V  [libjvm.so+0x3a11ad]
C  [java+0x321d]  JavaMain+0xd4d
C  [libpthread.so.0+0x596e]

Java frames: (J=compiled Java code, j=interpreted, Vv=VM code)
j  FileAccess.GetPacket.fillpackets()V+0
j  FileAccess.GetPacket.main([Ljava/lang/String;)V+148
v  ~StubRoutines::call_stub

---------------  P R O C E S S  ---------------

Java Threads: ( => current thread )
  0x089e2000 JavaThread "Low Memory Detector" daemon [_thread_blocked, id=4388, stack(0x808ab000,0x808fc000)]
  0x089de800 JavaThread "CompilerThread1" daemon [_thread_blocked, id=4387, stack(0x808fc000,0x8097d000)]
  0x089dc800 JavaThread "CompilerThread0" daemon [_thread_blocked, id=4386, stack(0x8097d000,0x809fe000)]
  0x089db400 JavaThread "Signal Dispatcher" daemon [_thread_blocked, id=4385, stack(0x809fe000,0x80a4f000)]
  0x089c8000 JavaThread "Finalizer" daemon [_thread_blocked, id=4384, stack(0x80a8e000,0x80adf000)]
  0x089c6c00 JavaThread "Reference Handler" daemon [_thread_blocked, id=4383, stack(0x80adf000,0x80b30000)]
=>0x0893d000 JavaThread "main" [_thread_in_vm, id=4378, stack(0xb7805000,0xb7856000)]

Other Threads:
  0x089c2c00 VMThread [stack: 0x80b30000,0x80bb1000] [id=4382]
  0x089e3c00 WatcherThread [stack: 0x8082a000,0x808ab000] [id=4389]

VM state:not at safepoint (normal execution)

VM Mutex/Monitor currently owned by a thread: None

Heap
 PSYoungGen      total 12992K, used 448K [0xa5ff0000, 0xa6e60000, 0xb4740000)
  eden space 11200K, 4% used [0xa5ff0000,0xa6060028,0xa6ae0000)
  from space 1792K, 0% used [0xa6ca0000,0xa6ca0000,0xa6e60000)
  to   space 1792K, 0% used [0xa6ae0000,0xa6ae0000,0xa6ca0000)
 PSOldGen        total 29568K, used 0K [0x89140000, 0x8ae20000, 0xa5ff0000)
  object space 29568K, 0% used [0x89140000,0x89140000,0x8ae20000)
 PSPermGen       total 16384K, used 1942K [0x81140000, 0x82140000, 0x89140000)
  object space 16384K, 11% used [0x81140000,0x81325958,0x82140000)

Dynamic libraries:
00110000-00263000 r-xp 00000000 08:05 527197     /lib/tls/i686/cmov/libc-2.11.1.so
00263000-00264000 ---p 00153000 08:05 527197     /lib/tls/i686/cmov/libc-2.11.1.so
00264000-00266000 r--p 00153000 08:05 527197     /lib/tls/i686/cmov/libc-2.11.1.so
00266000-00267000 rw-p 00155000 08:05 527197     /lib/tls/i686/cmov/libc-2.11.1.so
00267000-0026a000 rw-p 00000000 00:00 0 
0026a000-00271000 r-xp 00000000 08:05 1586228    /usr/lib/jvm/java-6-openjdk/jre/lib/i386/native_threads/libhpi.so
00271000-00272000 r--p 00006000 08:05 1586228    /usr/lib/jvm/java-6-openjdk/jre/lib/i386/native_threads/libhpi.so
00272000-00273000 rw-p 00007000 08:05 1586228    /usr/lib/jvm/java-6-openjdk/jre/lib/i386/native_threads/libhpi.so
00273000-0027d000 r-xp 00000000 08:05 527214     /lib/tls/i686/cmov/libnss_files-2.11.1.so
0027d000-0027e000 r--p 00009000 08:05 527214     /lib/tls/i686/cmov/libnss_files-2.11.1.so
0027e000-0027f000 rw-p 0000a000 08:05 527214     /lib/tls/i686/cmov/libnss_files-2.11.1.so
0027f000-00286000 r-xp 00000000 08:05 1586226    /usr/lib/jvm/java-6-openjdk/jre/lib/i386/libzip.so
00286000-00287000 r--p 00006000 08:05 1586226    /usr/lib/jvm/java-6-openjdk/jre/lib/i386/libzip.so
00287000-00288000 rw-p 00007000 08:05 1586226    /usr/lib/jvm/java-6-openjdk/jre/lib/i386/libzip.so
0028a000-0029d000 r-xp 00000000 08:05 523463     /lib/libz.so.1.2.3.3
0029d000-0029e000 r--p 00012000 08:05 523463     /lib/libz.so.1.2.3.3
0029e000-0029f000 rw-p 00013000 08:05 523463     /lib/libz.so.1.2.3.3
0029f000-002c3000 r-xp 00000000 08:05 527205     /lib/tls/i686/cmov/libm-2.11.1.so
002c3000-002c4000 r--p 00023000 08:05 527205     /lib/tls/i686/cmov/libm-2.11.1.so
002c4000-002c5000 rw-p 00024000 08:05 527205     /lib/tls/i686/cmov/libm-2.11.1.so
002c5000-002e9000 r-xp 00000000 08:05 1586209    /usr/lib/jvm/java-6-openjdk/jre/lib/i386/libjava.so
002e9000-002ea000 r--p 00023000 08:05 1586209    /usr/lib/jvm/java-6-openjdk/jre/lib/i386/libjava.so
002ea000-002ec000 rw-p 00024000 08:05 1586209    /usr/lib/jvm/java-6-openjdk/jre/lib/i386/libjava.so
00396000-003a2000 r-xp 00000000 08:05 1586225    /usr/lib/jvm/java-6-openjdk/jre/lib/i386/libverify.so
003a2000-003a3000 r--p 0000b000 08:05 1586225    /usr/lib/jvm/java-6-openjdk/jre/lib/i386/libverify.so
003a3000-003a4000 rw-p 0000c000 08:05 1586225    /usr/lib/jvm/java-6-openjdk/jre/lib/i386/libverify.so
005b7000-005ca000 r-xp 00000000 08:05 527208     /lib/tls/i686/cmov/libnsl-2.11.1.so
005ca000-005cb000 r--p 00012000 08:05 527208     /lib/tls/i686/cmov/libnsl-2.11.1.so
005cb000-005cc000 rw-p 00013000 08:05 527208     /lib/tls/i686/cmov/libnsl-2.11.1.so
005cc000-005ce000 rw-p 00000000 00:00 0 
00602000-0061d000 r-xp 00000000 08:05 523290     /lib/ld-2.11.1.so
0061d000-0061e000 r--p 0001a000 08:05 523290     /lib/ld-2.11.1.so
0061e000-0061f000 rw-p 0001b000 08:05 523290     /lib/ld-2.11.1.so
007fd000-00803000 r-xp 00000000 08:05 527210     /lib/tls/i686/cmov/libnss_compat-2.11.1.so
00803000-00804000 r--p 00006000 08:05 527210     /lib/tls/i686/cmov/libnss_compat-2.11.1.so
00804000-00805000 rw-p 00007000 08:05 527210     /lib/tls/i686/cmov/libnss_compat-2.11.1.so
00af8000-00b0d000 r-xp 00000000 08:05 527223     /lib/tls/i686/cmov/libpthread-2.11.1.so
00b0d000-00b0e000 r--p 00014000 08:05 527223     /lib/tls/i686/cmov/libpthread-2.11.1.so
00b0e000-00b0f000 rw-p 00015000 08:05 527223     /lib/tls/i686/cmov/libpthread-2.11.1.so
00b0f000-00b11000 rw-p 00000000 00:00 0 
00b1b000-00b1e000 r-xp 00000000 08:05 1586197    /usr/lib/jvm/java-6-openjdk/jre/lib/i386/jli/libjli.so
00b1e000-00b1f000 r--p 00003000 08:05 1586197    /usr/lib/jvm/java-6-openjdk/jre/lib/i386/jli/libjli.so
00b1f000-00b20000 rw-p 00004000 08:05 1586197    /usr/lib/jvm/java-6-openjdk/jre/lib/i386/jli/libjli.so
00b62000-00b69000 r-xp 00000000 08:05 527227     /lib/tls/i686/cmov/librt-2.11.1.so
00b69000-00b6a000 r--p 00006000 08:05 527227     /lib/tls/i686/cmov/librt-2.11.1.so
00b6a000-00b6b000 rw-p 00007000 08:05 527227     /lib/tls/i686/cmov/librt-2.11.1.so
00bc1000-00bc3000 r-xp 00000000 08:05 527203     /lib/tls/i686/cmov/libdl-2.11.1.so
00bc3000-00bc4000 r--p 00001000 08:05 527203     /lib/tls/i686/cmov/libdl-2.11.1.so
00bc4000-00bc5000 rw-p 00002000 08:05 527203     /lib/tls/i686/cmov/libdl-2.11.1.so
00c8c000-00c95000 r-xp 00000000 08:05 1589892    /usr/lib/libpacketlib.so
00c95000-00c96000 r--p 00008000 08:05 1589892    /usr/lib/libpacketlib.so
00c96000-00c97000 rw-p 00009000 08:05 1589892    /usr/lib/libpacketlib.so
00e0a000-00e12000 r-xp 00000000 08:05 527218     /lib/tls/i686/cmov/libnss_nis-2.11.1.so
00e12000-00e13000 r--p 00007000 08:05 527218     /lib/tls/i686/cmov/libnss_nis-2.11.1.so
00e13000-00e14000 rw-p 00008000 08:05 527218     /lib/tls/i686/cmov/libnss_nis-2.11.1.so
00e71000-00e72000 r-xp 00000000 00:00 0          [vdso]
00e72000-01537000 r-xp 00000000 08:05 1586230    /usr/lib/jvm/java-6-openjdk/jre/lib/i386/server/libjvm.so
01537000-01538000 ---p 006c5000 08:05 1586230    /usr/lib/jvm/java-6-openjdk/jre/lib/i386/server/libjvm.so
01538000-0157d000 r--p 006c5000 08:05 1586230    /usr/lib/jvm/java-6-openjdk/jre/lib/i386/server/libjvm.so
0157d000-0158c000 rw-p 0070a000 08:05 1586230    /usr/lib/jvm/java-6-openjdk/jre/lib/i386/server/libjvm.so
0158c000-019ab000 rw-p 00000000 00:00 0 
08048000-08051000 r-xp 00000000 08:05 1586258    /usr/lib/jvm/java-6-openjdk/jre/bin/java
08051000-08052000 r--p 00008000 08:05 1586258    /usr/lib/jvm/java-6-openjdk/jre/bin/java
08052000-08053000 rw-p 00009000 08:05 1586258    /usr/lib/jvm/java-6-openjdk/jre/bin/java
08936000-08a1e000 rw-p 00000000 00:00 0          [heap]
80821000-8082a000 r--s 00065000 08:05 6219       /usr/share/java/gnome-java-bridge.jar
8082a000-8082b000 ---p 00000000 00:00 0 
8082b000-808ab000 rw-p 00000000 00:00 0 
808ab000-808ae000 ---p 00000000 00:00 0 
808ae000-808fc000 rw-p 00000000 00:00 0 
808fc000-808ff000 ---p 00000000 00:00 0 
808ff000-8097d000 rw-p 00000000 00:00 0 
8097d000-80980000 ---p 00000000 00:00 0 
80980000-809fe000 rw-p 00000000 00:00 0 
809fe000-80a01000 ---p 00000000 00:00 0 
80a01000-80a4f000 rw-p 00000000 00:00 0 
80a4f000-80a8e000 r--p 00000000 08:05 1577945    /usr/lib/locale/en_IN/LC_CTYPE
80a8e000-80a91000 ---p 00000000 00:00 0 
80a91000-80adf000 rw-p 00000000 00:00 0 
80adf000-80ae2000 ---p 00000000 00:00 0 
80ae2000-80b30000 rw-p 00000000 00:00 0 
80b30000-80b31000 ---p 00000000 00:00 0 
80b31000-80bb1000 rw-p 00000000 00:00 0 
80bb1000-80bb3000 r--s 0001d000 08:05 1577596    /usr/lib/jvm/java-6-openjdk/jre/lib/plugin.jar
80bb3000-80bb8000 r--s 00045000 08:05 1577595    /usr/lib/jvm/java-6-openjdk/jre/lib/netx.jar
80bb8000-80beb000 rw-p 00000000 00:00 0 
80beb000-80d7a000 r--s 038c4000 08:05 1586189    /usr/lib/jvm/java-6-openjdk/jre/lib/rt.jar
80d7a000-80d7b000 ---p 00000000 00:00 0 
80d7b000-80dfb000 rw-p 00000000 00:00 0 
80dfb000-80dfc000 ---p 00000000 00:00 0 
80dfc000-80e84000 rw-p 00000000 00:00 0 
80e84000-80ebc000 rw-p 00000000 00:00 0 
80ebc000-80ecb000 rw-p 00000000 00:00 0 
80ecb000-80fa4000 rw-p 00000000 00:00 0 
80fa4000-80fac000 rw-p 00000000 00:00 0 
80fac000-80fe4000 rw-p 00000000 00:00 0 
80fe4000-80ff3000 rw-p 00000000 00:00 0 
80ff3000-810cb000 rw-p 00000000 00:00 0 
810cb000-810d3000 rw-p 00000000 00:00 0 
810d3000-8113f000 rw-p 00000000 00:00 0 
8113f000-82140000 rw-p 00000000 00:00 0 
82140000-89140000 rw-p 00000000 00:00 0 
89140000-8ae20000 rw-p 00000000 00:00 0 
8ae20000-a5ff0000 rw-p 00000000 00:00 0 
a5ff0000-a6e60000 rw-p 00000000 00:00 0 
a6e60000-b4740000 rw-p 00000000 00:00 0 
b4745000-b474e000 rw-p 00000000 00:00 0 
b474e000-b4805000 rw-p 00000000 00:00 0 
b4805000-b4a45000 rwxp 00000000 00:00 0 
b4a45000-b7805000 rw-p 00000000 00:00 0 
b7805000-b7808000 ---p 00000000 00:00 0 
b7808000-b7859000 rw-p 00000000 00:00 0 
b785e000-b7861000 r--s 0000f000 08:05 1577575    /usr/lib/jvm/java-6-openjdk/jre/lib/ext/pulse-java.jar
b7861000-b7869000 rw-s 00000000 08:05 670647     /tmp/hsperfdata_root/4375
b7869000-b786a000 rw-p 00000000 00:00 0 
b786a000-b786b000 r--p 00000000 00:00 0 
b786b000-b786d000 rw-p 00000000 00:00 0 
bfd53000-bfd68000 rw-p 00000000 00:00 0          [stack]

VM Arguments:
jvm_args: -Dfile.encoding=UTF-8 
java_command: FileAccess.GetPacket
Launcher Type: SUN_STANDARD

Environment Variables:
PATH=/usr/local/sbin:/usr/local/bin:/usr/sbin:/usr/bin:/sbin:/bin:/usr/games
USERNAME=root
LD_LIBRARY_PATH=/usr/lib/jvm/java-6-openjdk/jre/lib/i386/server:/usr/lib/jvm/java-6-openjdk/jre/lib/i386:/usr/lib/jvm/java-6-openjdk/jre/../lib/i386:/usr/lib/jvm/java-6-openjdk/jre/lib/i386/client:/usr/lib/jvm/java-6-openjdk/jre/lib/i386:/usr/lib/jvm/java-6-openjdk/jre/../lib/i386
SHELL=/bin/bash
DISPLAY=:0.0

Signal Handlers:
SIGSEGV: [libjvm.so+0x64a040], sa_mask[0]=0x7ffbfeff, sa_flags=0x10000004
SIGBUS: [libjvm.so+0x64a040], sa_mask[0]=0x7ffbfeff, sa_flags=0x10000004
SIGFPE: [libjvm.so+0x51c0d0], sa_mask[0]=0x7ffbfeff, sa_flags=0x10000004
SIGPIPE: [libjvm.so+0x51c0d0], sa_mask[0]=0x7ffbfeff, sa_flags=0x10000004
SIGXFSZ: [libjvm.so+0x51c0d0], sa_mask[0]=0x7ffbfeff, sa_flags=0x10000004
SIGILL: [libjvm.so+0x51c0d0], sa_mask[0]=0x7ffbfeff, sa_flags=0x10000004
SIGUSR1: SIG_DFL, sa_mask[0]=0x00000000, sa_flags=0x00000000
SIGUSR2: [libjvm.so+0x51b780], sa_mask[0]=0x00000004, sa_flags=0x10000004
SIGHUP: [libjvm.so+0x51e2f0], sa_mask[0]=0x7ffbfeff, sa_flags=0x10000004
SIGINT: SIG_IGN, sa_mask[0]=0x00000000, sa_flags=0x00000000
SIGTERM: [libjvm.so+0x51e2f0], sa_mask[0]=0x7ffbfeff, sa_flags=0x10000004
SIGQUIT: [libjvm.so+0x51e2f0], sa_mask[0]=0x7ffbfeff, sa_flags=0x10000004


---------------  S Y S T E M  ---------------

OS:Ubuntu 10.04 (lucid)
uname:Linux 2.6.32-33-generic #70-Ubuntu SMP Thu Jul 7 21:09:46 UTC 2011 i686
libc:glibc 2.11.1 NPTL 2.11.1 
rlimit: STACK 8192k, CORE 0k, NPROC infinity, NOFILE 1024, AS infinity
load average:0.48 0.48 0.41

/proc/meminfo:
MemTotal:        2836956 kB
MemFree:         1136008 kB
Buffers:           77576 kB
Cached:           800284 kB
SwapCached:            0 kB
Active:           900680 kB
Inactive:         704820 kB
Active(anon):     728048 kB
Inactive(anon):     7436 kB
Active(file):     172632 kB
Inactive(file):   697384 kB
Unevictable:          16 kB
Mlocked:              16 kB
HighTotal:       1973064 kB
HighFree:         413788 kB
LowTotal:         863892 kB
LowFree:          722220 kB
SwapTotal:       3234808 kB
SwapFree:        3234808 kB
Dirty:               248 kB
Writeback:             0 kB
AnonPages:        727652 kB
Mapped:           148632 kB
Shmem:              7848 kB
Slab:              36320 kB
SReclaimable:      24832 kB
SUnreclaim:        11488 kB
KernelStack:        2808 kB
PageTables:         7888 kB
NFS_Unstable:          0 kB
Bounce:                0 kB
WritebackTmp:          0 kB
CommitLimit:     4653284 kB
Committed_AS:    1936500 kB
VmallocTotal:     122880 kB
VmallocUsed:       72908 kB
VmallocChunk:      42876 kB
HardwareCorrupted:     0 kB
HugePages_Total:       0
HugePages_Free:        0
HugePages_Rsvd:        0
HugePages_Surp:        0
Hugepagesize:       4096 kB
DirectMap4k:       12280 kB
DirectMap4M:      897024 kB


CPU:total 2 (2 cores per cpu, 1 threads per core) family 17 model 3 stepping 1, cmov, cx8, fxsr, mmx, sse, sse2, sse3, mmxext, 3dnow, 3dnowext

Memory: 4k page, physical 2836956k(1136008k free), swap 3234808k(3234808k free)

vm_info: OpenJDK Server VM (19.0-b09) for linux-x86 JRE (1.6.0_20-b20), built on Jan 21 2012 08:10:55 by "buildd" with gcc 4.4.3

time: Sun Mar 25 18:03:37 2012
elapsed time: 0 seconds

