#
# A fatal error has been detected by the Java Runtime Environment:
#
#  SIGSEGV (0xb) at pc=0x001fbfc6, pid=2146, tid=3078744944
#
# JRE version: 6.0_20-b20
# Java VM: OpenJDK Server VM (19.0-b09 mixed mode linux-x86 )
# Derivative: IcedTea6 1.9.10
# Distribution: Ubuntu 10.04.1 LTS, package 6b20-1.9.10-0ubuntu1~10.04.3
# Problematic frame:
# C  [libc.so.6+0x74fc6]
#
# If you would like to submit a bug report, please include
# instructions how to reproduce the bug and visit:
#   https://bugs.launchpad.net/ubuntu/+source/openjdk-6/
#

---------------  T H R E A D  ---------------

Current thread (0x094f0000):  JavaThread "main" [_thread_in_vm, id=2149, stack(0xb77ce000,0xb781f000)]

siginfo:si_signo=SIGSEGV: si_errno=0, si_code=1 (SEGV_MAPERR), si_addr=0x00000000

Registers:
EAX=0x00000000, EBX=0x0166eff4, ECX=0x00000005, EDX=0xb781de08
ESP=0xb781ddc8, EBP=0xb781de38, ESI=0x00000000, EDI=0xa5ff0844
EIP=0x001fbfc6, CR2=0x00000000, EFLAGS=0x00010246

Register to memory mapping:

EAX=0x00000000
0x00000000 is pointing to unknown location

EBX=0x0166eff4
0x0166eff4: <offset 0x70aff4> in /usr/lib/jvm/java-6-openjdk/jre/lib/i386/server/libjvm.so at 0x00f64000

ECX=0x00000005
0x00000005 is pointing to unknown location

EDX=0xb781de08
0xb781de08 is pointing into the stack for thread: 0x094f0000
"main" prio=10 tid=0x094f0000 nid=0x865 runnable [0xb781e000]
   java.lang.Thread.State: RUNNABLE

ESP=0xb781ddc8
0xb781ddc8 is pointing into the stack for thread: 0x094f0000
"main" prio=10 tid=0x094f0000 nid=0x865 runnable [0xb781e000]
   java.lang.Thread.State: RUNNABLE

EBP=0xb781de38
0xb781de38 is pointing into the stack for thread: 0x094f0000
"main" prio=10 tid=0x094f0000 nid=0x865 runnable [0xb781e000]
   java.lang.Thread.State: RUNNABLE

ESI=0x00000000
0x00000000 is pointing to unknown location

EDI=0xa5ff0844

[error occurred during error reporting (printing registers, top of stack, instructions near pc), id 0xe0000000]

Stack: [0xb77ce000,0xb781f000],  sp=0xb781ddc8,  free space=319k
Native frames: (J=compiled Java code, j=interpreted, Vv=VM code, C=native code)
C  [libc.so.6+0x74fc6]
C  [libgraph.so+0xe8f]  fillgraphobject+0x9d
C  [libgraph.so+0xdd6]  Java_FileAccess_graph_fillips+0x56e
j  FileAccess.graph.fillips()V+0
j  FileAccess.graph.main([Ljava/lang/String;)V+9
v  ~StubRoutines::call_stub
V  [libjvm.so+0x387d72]
V  [libjvm.so+0x519369]
V  [libjvm.so+0x386caf]
V  [libjvm.so+0x39214c]
V  [libjvm.so+0x3a11ad]
C  [java+0x321d]  JavaMain+0xd4d
C  [libpthread.so.0+0x596e]

Java frames: (J=compiled Java code, j=interpreted, Vv=VM code)
j  FileAccess.graph.fillips()V+0
j  FileAccess.graph.main([Ljava/lang/String;)V+9
v  ~StubRoutines::call_stub

---------------  P R O C E S S  ---------------

Java Threads: ( => current thread )
  0x80c02000 JavaThread "Low Memory Detector" daemon [_thread_blocked, id=2159, stack(0x8076b000,0x807bc000)]
  0x09592400 JavaThread "CompilerThread1" daemon [_thread_blocked, id=2158, stack(0x807bc000,0x8083d000)]
  0x0958f800 JavaThread "CompilerThread0" daemon [_thread_blocked, id=2157, stack(0x8083d000,0x808be000)]
  0x0958e400 JavaThread "Signal Dispatcher" daemon [_thread_blocked, id=2156, stack(0x808be000,0x8090f000)]
  0x0957b000 JavaThread "Finalizer" daemon [_thread_blocked, id=2155, stack(0x8094e000,0x8099f000)]
  0x09579c00 JavaThread "Reference Handler" daemon [_thread_blocked, id=2154, stack(0x8099f000,0x809f0000)]
=>0x094f0000 JavaThread "main" [_thread_in_vm, id=2149, stack(0xb77ce000,0xb781f000)]

Other Threads:
  0x09575c00 VMThread [stack: 0x809f0000,0x80a71000] [id=2153]
  0x80c03c00 WatcherThread [stack: 0x806ea000,0x8076b000] [id=2160]

VM state:not at safepoint (normal execution)

VM Mutex/Monitor currently owned by a thread: None

Heap
 PSYoungGen      total 12992K, used 448K [0xa5fb0000, 0xa6e20000, 0xb4700000)
  eden space 11200K, 4% used [0xa5fb0000,0xa6020068,0xa6aa0000)
  from space 1792K, 0% used [0xa6c60000,0xa6c60000,0xa6e20000)
  to   space 1792K, 0% used [0xa6aa0000,0xa6aa0000,0xa6c60000)
 PSOldGen        total 29568K, used 0K [0x89100000, 0x8ade0000, 0xa5fb0000)
  object space 29568K, 0% used [0x89100000,0x89100000,0x8ade0000)
 PSPermGen       total 16384K, used 1930K [0x81100000, 0x82100000, 0x89100000)
  object space 16384K, 11% used [0x81100000,0x812e2a38,0x82100000)

Dynamic libraries:
00110000-0011a000 r-xp 00000000 08:05 527214     /lib/tls/i686/cmov/libnss_files-2.11.1.so
0011a000-0011b000 r--p 00009000 08:05 527214     /lib/tls/i686/cmov/libnss_files-2.11.1.so
0011b000-0011c000 rw-p 0000a000 08:05 527214     /lib/tls/i686/cmov/libnss_files-2.11.1.so
0016a000-00185000 r-xp 00000000 08:05 523290     /lib/ld-2.11.1.so
00185000-00186000 r--p 0001a000 08:05 523290     /lib/ld-2.11.1.so
00186000-00187000 rw-p 0001b000 08:05 523290     /lib/ld-2.11.1.so
00187000-002da000 r-xp 00000000 08:05 527197     /lib/tls/i686/cmov/libc-2.11.1.so
002da000-002db000 ---p 00153000 08:05 527197     /lib/tls/i686/cmov/libc-2.11.1.so
002db000-002dd000 r--p 00153000 08:05 527197     /lib/tls/i686/cmov/libc-2.11.1.so
002dd000-002de000 rw-p 00155000 08:05 527197     /lib/tls/i686/cmov/libc-2.11.1.so
002de000-002e1000 rw-p 00000000 00:00 0 
0031f000-00320000 r-xp 00000000 00:00 0          [vdso]
00352000-0035a000 r-xp 00000000 08:05 527218     /lib/tls/i686/cmov/libnss_nis-2.11.1.so
0035a000-0035b000 r--p 00007000 08:05 527218     /lib/tls/i686/cmov/libnss_nis-2.11.1.so
0035b000-0035c000 rw-p 00008000 08:05 527218     /lib/tls/i686/cmov/libnss_nis-2.11.1.so
004f6000-004f8000 r-xp 00000000 08:05 1591687    /usr/lib/libgraph.so
004f8000-004f9000 r--p 00001000 08:05 1591687    /usr/lib/libgraph.so
004f9000-004fa000 rw-p 00002000 08:05 1591687    /usr/lib/libgraph.so
0059e000-005a5000 r-xp 00000000 08:05 527227     /lib/tls/i686/cmov/librt-2.11.1.so
005a5000-005a6000 r--p 00006000 08:05 527227     /lib/tls/i686/cmov/librt-2.11.1.so
005a6000-005a7000 rw-p 00007000 08:05 527227     /lib/tls/i686/cmov/librt-2.11.1.so
006c0000-006e4000 r-xp 00000000 08:05 527205     /lib/tls/i686/cmov/libm-2.11.1.so
006e4000-006e5000 r--p 00023000 08:05 527205     /lib/tls/i686/cmov/libm-2.11.1.so
006e5000-006e6000 rw-p 00024000 08:05 527205     /lib/tls/i686/cmov/libm-2.11.1.so
0077e000-0078a000 r-xp 00000000 08:05 1586225    /usr/lib/jvm/java-6-openjdk/jre/lib/i386/libverify.so
0078a000-0078b000 r--p 0000b000 08:05 1586225    /usr/lib/jvm/java-6-openjdk/jre/lib/i386/libverify.so
0078b000-0078c000 rw-p 0000c000 08:05 1586225    /usr/lib/jvm/java-6-openjdk/jre/lib/i386/libverify.so
0079b000-007a1000 r-xp 00000000 08:05 527210     /lib/tls/i686/cmov/libnss_compat-2.11.1.so
007a1000-007a2000 r--p 00006000 08:05 527210     /lib/tls/i686/cmov/libnss_compat-2.11.1.so
007a2000-007a3000 rw-p 00007000 08:05 527210     /lib/tls/i686/cmov/libnss_compat-2.11.1.so
0090e000-00921000 r-xp 00000000 08:05 527208     /lib/tls/i686/cmov/libnsl-2.11.1.so
00921000-00922000 r--p 00012000 08:05 527208     /lib/tls/i686/cmov/libnsl-2.11.1.so
00922000-00923000 rw-p 00013000 08:05 527208     /lib/tls/i686/cmov/libnsl-2.11.1.so
00923000-00925000 rw-p 00000000 00:00 0 
00949000-00950000 r-xp 00000000 08:05 1586226    /usr/lib/jvm/java-6-openjdk/jre/lib/i386/libzip.so
00950000-00951000 r--p 00006000 08:05 1586226    /usr/lib/jvm/java-6-openjdk/jre/lib/i386/libzip.so
00951000-00952000 rw-p 00007000 08:05 1586226    /usr/lib/jvm/java-6-openjdk/jre/lib/i386/libzip.so
00b17000-00b2c000 r-xp 00000000 08:05 527223     /lib/tls/i686/cmov/libpthread-2.11.1.so
00b2c000-00b2d000 r--p 00014000 08:05 527223     /lib/tls/i686/cmov/libpthread-2.11.1.so
00b2d000-00b2e000 rw-p 00015000 08:05 527223     /lib/tls/i686/cmov/libpthread-2.11.1.so
00b2e000-00b30000 rw-p 00000000 00:00 0 
00bf1000-00bf3000 r-xp 00000000 08:05 527203     /lib/tls/i686/cmov/libdl-2.11.1.so
00bf3000-00bf4000 r--p 00001000 08:05 527203     /lib/tls/i686/cmov/libdl-2.11.1.so
00bf4000-00bf5000 rw-p 00002000 08:05 527203     /lib/tls/i686/cmov/libdl-2.11.1.so
00c35000-00c48000 r-xp 00000000 08:05 523463     /lib/libz.so.1.2.3.3
00c48000-00c49000 r--p 00012000 08:05 523463     /lib/libz.so.1.2.3.3
00c49000-00c4a000 rw-p 00013000 08:05 523463     /lib/libz.so.1.2.3.3
00e90000-00e97000 r-xp 00000000 08:05 1586228    /usr/lib/jvm/java-6-openjdk/jre/lib/i386/native_threads/libhpi.so
00e97000-00e98000 r--p 00006000 08:05 1586228    /usr/lib/jvm/java-6-openjdk/jre/lib/i386/native_threads/libhpi.so
00e98000-00e99000 rw-p 00007000 08:05 1586228    /usr/lib/jvm/java-6-openjdk/jre/lib/i386/native_threads/libhpi.so
00ea7000-00ecb000 r-xp 00000000 08:05 1586209    /usr/lib/jvm/java-6-openjdk/jre/lib/i386/libjava.so
00ecb000-00ecc000 r--p 00023000 08:05 1586209    /usr/lib/jvm/java-6-openjdk/jre/lib/i386/libjava.so
00ecc000-00ece000 rw-p 00024000 08:05 1586209    /usr/lib/jvm/java-6-openjdk/jre/lib/i386/libjava.so
00f5f000-00f62000 r-xp 00000000 08:05 1586197    /usr/lib/jvm/java-6-openjdk/jre/lib/i386/jli/libjli.so
00f62000-00f63000 r--p 00003000 08:05 1586197    /usr/lib/jvm/java-6-openjdk/jre/lib/i386/jli/libjli.so
00f63000-00f64000 rw-p 00004000 08:05 1586197    /usr/lib/jvm/java-6-openjdk/jre/lib/i386/jli/libjli.so
00f64000-01629000 r-xp 00000000 08:05 1586230    /usr/lib/jvm/java-6-openjdk/jre/lib/i386/server/libjvm.so
01629000-0162a000 ---p 006c5000 08:05 1586230    /usr/lib/jvm/java-6-openjdk/jre/lib/i386/server/libjvm.so
0162a000-0166f000 r--p 006c5000 08:05 1586230    /usr/lib/jvm/java-6-openjdk/jre/lib/i386/server/libjvm.so
0166f000-0167e000 rw-p 0070a000 08:05 1586230    /usr/lib/jvm/java-6-openjdk/jre/lib/i386/server/libjvm.so
0167e000-01a9d000 rw-p 00000000 00:00 0 
08048000-08051000 r-xp 00000000 08:05 1586258    /usr/lib/jvm/java-6-openjdk/jre/bin/java
08051000-08052000 r--p 00008000 08:05 1586258    /usr/lib/jvm/java-6-openjdk/jre/bin/java
08052000-08053000 rw-p 00009000 08:05 1586258    /usr/lib/jvm/java-6-openjdk/jre/bin/java
094e9000-095af000 rw-p 00000000 00:00 0          [heap]
806ea000-806eb000 ---p 00000000 00:00 0 
806eb000-8076b000 rw-p 00000000 00:00 0 
8076b000-8076e000 ---p 00000000 00:00 0 
8076e000-807bc000 rw-p 00000000 00:00 0 
807bc000-807bf000 ---p 00000000 00:00 0 
807bf000-8083d000 rw-p 00000000 00:00 0 
8083d000-80840000 ---p 00000000 00:00 0 
80840000-808be000 rw-p 00000000 00:00 0 
808be000-808c1000 ---p 00000000 00:00 0 
808c1000-8090f000 rw-p 00000000 00:00 0 
8090f000-8094e000 r--p 00000000 08:05 1577945    /usr/lib/locale/en_IN/LC_CTYPE
8094e000-80951000 ---p 00000000 00:00 0 
80951000-8099f000 rw-p 00000000 00:00 0 
8099f000-809a2000 ---p 00000000 00:00 0 
809a2000-809f0000 rw-p 00000000 00:00 0 
809f0000-809f1000 ---p 00000000 00:00 0 
809f1000-80a71000 rw-p 00000000 00:00 0 
80a71000-80c00000 r--s 038c4000 08:05 1586189    /usr/lib/jvm/java-6-openjdk/jre/lib/rt.jar
80c00000-80c21000 rw-p 00000000 00:00 0 
80c21000-80d00000 ---p 00000000 00:00 0 
80d07000-80d3a000 rw-p 00000000 00:00 0 
80d3a000-80d3b000 ---p 00000000 00:00 0 
80d3b000-80dbb000 rw-p 00000000 00:00 0 
80dbb000-80dbc000 ---p 00000000 00:00 0 
80dbc000-80e44000 rw-p 00000000 00:00 0 
80e44000-80e7c000 rw-p 00000000 00:00 0 
80e7c000-80e8b000 rw-p 00000000 00:00 0 
80e8b000-80f64000 rw-p 00000000 00:00 0 
80f64000-80f6c000 rw-p 00000000 00:00 0 
80f6c000-80fa4000 rw-p 00000000 00:00 0 
80fa4000-80fb3000 rw-p 00000000 00:00 0 
80fb3000-8108b000 rw-p 00000000 00:00 0 
8108b000-81093000 rw-p 00000000 00:00 0 
81093000-810ff000 rw-p 00000000 00:00 0 
810ff000-82100000 rw-p 00000000 00:00 0 
82100000-89100000 rw-p 00000000 00:00 0 
89100000-8ade0000 rw-p 00000000 00:00 0 
8ade0000-a5fb0000 rw-p 00000000 00:00 0 
a5fb0000-a6e20000 rw-p 00000000 00:00 0 
a6e20000-b4700000 rw-p 00000000 00:00 0 
b4702000-b470b000 r--s 00065000 08:05 6219       /usr/share/java/gnome-java-bridge.jar
b470b000-b470e000 r--s 0000f000 08:05 1577575    /usr/lib/jvm/java-6-openjdk/jre/lib/ext/pulse-java.jar
b470e000-b4717000 rw-p 00000000 00:00 0 
b4717000-b47ce000 rw-p 00000000 00:00 0 
b47ce000-b4a0e000 rwxp 00000000 00:00 0 
b4a0e000-b77ce000 rw-p 00000000 00:00 0 
b77ce000-b77d1000 ---p 00000000 00:00 0 
b77d1000-b7823000 rw-p 00000000 00:00 0 
b7823000-b7825000 r--s 0001d000 08:05 1577596    /usr/lib/jvm/java-6-openjdk/jre/lib/plugin.jar
b7825000-b782a000 r--s 00045000 08:05 1577595    /usr/lib/jvm/java-6-openjdk/jre/lib/netx.jar
b782a000-b7832000 rw-s 00000000 08:05 665549     /tmp/hsperfdata_root/2146
b7832000-b7833000 rw-p 00000000 00:00 0 
b7833000-b7834000 r--p 00000000 00:00 0 
b7834000-b7836000 rw-p 00000000 00:00 0 
bfb81000-bfb96000 rw-p 00000000 00:00 0          [stack]

VM Arguments:
jvm_args: -Dfile.encoding=UTF-8 
java_command: FileAccess.graph
Launcher Type: SUN_STANDARD

Environment Variables:
PATH=/usr/local/sbin:/usr/local/bin:/usr/sbin:/usr/bin:/sbin:/bin:/usr/games
USERNAME=root
LD_LIBRARY_PATH=/usr/lib/jvm/java-6-openjdk/jre/lib/i386/server:/usr/lib/jvm/java-6-openjdk/jre/lib/i386:/usr/lib/jvm/java-6-openjdk/jre/../lib/i386:/usr/lib/jvm/java-6-openjdk/jre/lib/i386/client:/usr/lib/jvm/java-6-openjdk/jre/lib/i386:/usr/lib/jvm/java-6-openjdk/jre/../lib/i386
SHELL=/bin/bash
DISPLAY=:0.0

Signal Handlers:
SIGSEGV: [libjvm.so+0x64a040], sa_mask[0]=0x7ffbfeff, sa_flags=0x10000004
SIGBUS: [libjvm.so+0x64a040], sa_mask[0]=0x7ffbfeff, sa_flags=0x10000004
SIGFPE: [libjvm.so+0x51c0d0], sa_mask[0]=0x7ffbfeff, sa_flags=0x10000004
SIGPIPE: [libjvm.so+0x51c0d0], sa_mask[0]=0x7ffbfeff, sa_flags=0x10000004
SIGXFSZ: [libjvm.so+0x51c0d0], sa_mask[0]=0x7ffbfeff, sa_flags=0x10000004
SIGILL: [libjvm.so+0x51c0d0], sa_mask[0]=0x7ffbfeff, sa_flags=0x10000004
SIGUSR1: SIG_DFL, sa_mask[0]=0x00000000, sa_flags=0x00000000
SIGUSR2: [libjvm.so+0x51b780], sa_mask[0]=0x00000004, sa_flags=0x10000004
SIGHUP: [libjvm.so+0x51e2f0], sa_mask[0]=0x7ffbfeff, sa_flags=0x10000004
SIGINT: SIG_IGN, sa_mask[0]=0x00000000, sa_flags=0x00000000
SIGTERM: [libjvm.so+0x51e2f0], sa_mask[0]=0x7ffbfeff, sa_flags=0x10000004
SIGQUIT: [libjvm.so+0x51e2f0], sa_mask[0]=0x7ffbfeff, sa_flags=0x10000004


---------------  S Y S T E M  ---------------

OS:Ubuntu 10.04 (lucid)
uname:Linux 2.6.32-33-generic #70-Ubuntu SMP Thu Jul 7 21:09:46 UTC 2011 i686
libc:glibc 2.11.1 NPTL 2.11.1 
rlimit: STACK 8192k, CORE 0k, NPROC infinity, NOFILE 1024, AS infinity
load average:0.40 0.35 0.27

/proc/meminfo:
MemTotal:        2836956 kB
MemFree:         1952596 kB
Buffers:           53220 kB
Cached:           434456 kB
SwapCached:            0 kB
Active:           398980 kB
Inactive:         402524 kB
Active(anon):     314232 kB
Inactive(anon):     5240 kB
Active(file):      84748 kB
Inactive(file):   397284 kB
Unevictable:           0 kB
Mlocked:               0 kB
HighTotal:       1973064 kB
HighFree:        1195608 kB
LowTotal:         863892 kB
LowFree:          756988 kB
SwapTotal:       3234808 kB
SwapFree:        3234808 kB
Dirty:                36 kB
Writeback:             0 kB
AnonPages:        313892 kB
Mapped:           101136 kB
Shmem:              5640 kB
Slab:              27284 kB
SReclaimable:      17220 kB
SUnreclaim:        10064 kB
KernelStack:        2288 kB
PageTables:         5384 kB
NFS_Unstable:          0 kB
Bounce:                0 kB
WritebackTmp:          0 kB
CommitLimit:     4653284 kB
Committed_AS:    1024400 kB
VmallocTotal:     122880 kB
VmallocUsed:       72908 kB
VmallocChunk:      41852 kB
HardwareCorrupted:     0 kB
HugePages_Total:       0
HugePages_Free:        0
HugePages_Rsvd:        0
HugePages_Surp:        0
Hugepagesize:       4096 kB
DirectMap4k:       12280 kB
DirectMap4M:      897024 kB


CPU:total 2 (2 cores per cpu, 1 threads per core) family 17 model 3 stepping 1, cmov, cx8, fxsr, mmx, sse, sse2, sse3, mmxext, 3dnow, 3dnowext

Memory: 4k page, physical 2836956k(1952596k free), swap 3234808k(3234808k free)

vm_info: OpenJDK Server VM (19.0-b09) for linux-x86 JRE (1.6.0_20-b20), built on Jan 21 2012 08:10:55 by "buildd" with gcc 4.4.3

time: Fri Mar  2 07:50:08 2012
elapsed time: 0 seconds

