#
# A fatal error has been detected by the Java Runtime Environment:
#
#  SIGSEGV (0xb) at pc=0x01627259, pid=10260, tid=3079347056
#
# JRE version: 6.0_20-b20
# Java VM: OpenJDK Server VM (19.0-b09 mixed mode linux-x86 )
# Derivative: IcedTea6 1.9.10
# Distribution: Ubuntu 10.04.1 LTS, package 6b20-1.9.10-0ubuntu1~10.04.3
# Problematic frame:
# V  [libjvm.so+0x630259]
#
# If you would like to submit a bug report, please include
# instructions how to reproduce the bug and visit:
#   https://bugs.launchpad.net/ubuntu/+source/openjdk-6/
#

---------------  T H R E A D  ---------------

Current thread (0x0933d000):  JavaThread "main" [_thread_in_vm, id=10264, stack(0xb7861000,0xb78b2000)]

siginfo:si_signo=SIGSEGV: si_errno=0, si_code=1 (SEGV_MAPERR), si_addr=0x00000008

Registers:
EAX=0x00000000, EBX=0x01701ff4, ECX=0x00000008, EDX=0x00000008
ESP=0xb78b0ef4, EBP=0xb78b0ef8, ESI=0xb78b0f5c, EDI=0x00000008
EIP=0x01627259, CR2=0x00000008, EFLAGS=0x00010246

Register to memory mapping:

EAX=0x00000000
0x00000000 is pointing to unknown location

EBX=0x01701ff4
0x01701ff4: <offset 0x70aff4> in /usr/lib/jvm/java-6-openjdk/jre/lib/i386/server/libjvm.so at 0x00ff7000

ECX=0x00000008
0x00000008 is pointing to unknown location

EDX=0x00000008
0x00000008 is pointing to unknown location

ESP=0xb78b0ef4
0xb78b0ef4 is pointing into the stack for thread: 0x0933d000
"main" prio=10 tid=0x0933d000 nid=0x2818 runnable [0xb78b1000]
   java.lang.Thread.State: RUNNABLE

EBP=0xb78b0ef8
0xb78b0ef8 is pointing into the stack for thread: 0x0933d000
"main" prio=10 tid=0x0933d000 nid=0x2818 runnable [0xb78b1000]
   java.lang.Thread.State: RUNNABLE

ESI=0xb78b0f5c
0xb78b0f5c is pointing into the stack for thread: 0x0933d000
"main" prio=10 tid=0x0933d000 nid=0x2818 runnable [0xb78b1000]
   java.lang.Thread.State: RUNNABLE

EDI=0x00000008
0x00000008 is pointing to unknown location


Top of Stack: (sp=0xb78b0ef4)
0xb78b0ef4:   b78b0f5c b78b0f38 01384758 00000008
0xb78b0f04:   81383550 811a4b48 0138473e 093473c8
0xb78b0f14:   0000006f 00110975 00000012 523beb0a
0xb78b0f24:   00000000 01667ec8 01701ff4 0933d000
0xb78b0f34:   01718f90 b78b0f68 013847f5 b78b0f5c
0xb78b0f44:   00000008 0933d000 01394b84 b78b0fac
0xb78b0f54:   0933d000 01701ff4 013847da 01701ff4
0xb78b0f64:   0933d000 b78b0fc8 01392732 00000008 

Instructions: (pc=0x01627259)
0x01627249:   5f 5d c3 8d 74 26 00 55 31 c0 89 e5 56 8b 4d 08
0x01627259:   8a 11 84 d2 74 1c 90 81 e2 c0 00 00 00 83 c2 80 

Stack: [0xb7861000,0xb78b2000],  sp=0xb78b0ef4,  free space=319k
Native frames: (J=compiled Java code, j=interpreted, Vv=VM code, C=native code)
V  [libjvm.so+0x630259]
V  [libjvm.so+0x38d758]
V  [libjvm.so+0x38d7f5]
V  [libjvm.so+0x39b732]
C  [libvminfo.so+0x898]  Java_FileAccess_VMInfo_fillInfo+0xc7
j  FileAccess.VMInfo.fillInfo()V+0
j  FileAccess.VMInfo.main([Ljava/lang/String;)V+9
v  ~StubRoutines::call_stub
V  [libjvm.so+0x387d72]
V  [libjvm.so+0x519369]
V  [libjvm.so+0x386caf]
V  [libjvm.so+0x39214c]
V  [libjvm.so+0x3a11ad]
C  [java+0x321d]  JavaMain+0xd4d
C  [libpthread.so.0+0x596e]

Java frames: (J=compiled Java code, j=interpreted, Vv=VM code)
j  FileAccess.VMInfo.fillInfo()V+0
j  FileAccess.VMInfo.main([Ljava/lang/String;)V+9
v  ~StubRoutines::call_stub

---------------  P R O C E S S  ---------------

Java Threads: ( => current thread )
  0x80c15c00 JavaThread "Low Memory Detector" daemon [_thread_blocked, id=10273, stack(0x807ec000,0x8083d000)]
  0x80c13c00 JavaThread "CompilerThread1" daemon [_thread_blocked, id=10272, stack(0x8083d000,0x808be000)]
  0x80c11c00 JavaThread "CompilerThread0" daemon [_thread_blocked, id=10271, stack(0x808be000,0x8093f000)]
  0x80c10400 JavaThread "Signal Dispatcher" daemon [_thread_blocked, id=10270, stack(0x8093f000,0x80990000)]
  0x80c00800 JavaThread "Finalizer" daemon [_thread_blocked, id=10269, stack(0x809cf000,0x80a20000)]
  0x093c6c00 JavaThread "Reference Handler" daemon [_thread_blocked, id=10268, stack(0x80a20000,0x80a71000)]
=>0x0933d000 JavaThread "main" [_thread_in_vm, id=10264, stack(0xb7861000,0xb78b2000)]

Other Threads:
  0x093c2c00 VMThread [stack: 0x80d26000,0x80da7000] [id=10267]
  0x80c17c00 WatcherThread [stack: 0x8076b000,0x807ec000] [id=10274]

VM state:not at safepoint (normal execution)

VM Mutex/Monitor currently owned by a thread: None

Heap
 PSYoungGen      total 12992K, used 448K [0xa6050000, 0xa6ec0000, 0xb47a0000)
  eden space 11200K, 4% used [0xa6050000,0xa60c0060,0xa6b40000)
  from space 1792K, 0% used [0xa6d00000,0xa6d00000,0xa6ec0000)
  to   space 1792K, 0% used [0xa6b40000,0xa6b40000,0xa6d00000)
 PSOldGen        total 29568K, used 0K [0x891a0000, 0x8ae80000, 0xa6050000)
  object space 29568K, 0% used [0x891a0000,0x891a0000,0x8ae80000)
 PSPermGen       total 16384K, used 1939K [0x811a0000, 0x821a0000, 0x891a0000)
  object space 16384K, 11% used [0x811a0000,0x81384ef0,0x821a0000)

Dynamic libraries:
00110000-00111000 r-xp 00000000 08:05 1592433    /usr/lib/libvminfo.so
00111000-00112000 r--p 00000000 08:05 1592433    /usr/lib/libvminfo.so
00112000-00113000 rw-p 00001000 08:05 1592433    /usr/lib/libvminfo.so
0020a000-0021d000 r-xp 00000000 08:05 523463     /lib/libz.so.1.2.3.3
0021d000-0021e000 r--p 00012000 08:05 523463     /lib/libz.so.1.2.3.3
0021e000-0021f000 rw-p 00013000 08:05 523463     /lib/libz.so.1.2.3.3
003d1000-003d9000 r-xp 00000000 08:05 527218     /lib/tls/i686/cmov/libnss_nis-2.11.1.so
003d9000-003da000 r--p 00007000 08:05 527218     /lib/tls/i686/cmov/libnss_nis-2.11.1.so
003da000-003db000 rw-p 00008000 08:05 527218     /lib/tls/i686/cmov/libnss_nis-2.11.1.so
0046d000-00482000 r-xp 00000000 08:05 527223     /lib/tls/i686/cmov/libpthread-2.11.1.so
00482000-00483000 r--p 00014000 08:05 527223     /lib/tls/i686/cmov/libpthread-2.11.1.so
00483000-00484000 rw-p 00015000 08:05 527223     /lib/tls/i686/cmov/libpthread-2.11.1.so
00484000-00486000 rw-p 00000000 00:00 0 
0067e000-006a2000 r-xp 00000000 08:05 527205     /lib/tls/i686/cmov/libm-2.11.1.so
006a2000-006a3000 r--p 00023000 08:05 527205     /lib/tls/i686/cmov/libm-2.11.1.so
006a3000-006a4000 rw-p 00024000 08:05 527205     /lib/tls/i686/cmov/libm-2.11.1.so
00769000-0077c000 r-xp 00000000 08:05 527208     /lib/tls/i686/cmov/libnsl-2.11.1.so
0077c000-0077d000 r--p 00012000 08:05 527208     /lib/tls/i686/cmov/libnsl-2.11.1.so
0077d000-0077e000 rw-p 00013000 08:05 527208     /lib/tls/i686/cmov/libnsl-2.11.1.so
0077e000-00780000 rw-p 00000000 00:00 0 
007ca000-007d4000 r-xp 00000000 08:05 527214     /lib/tls/i686/cmov/libnss_files-2.11.1.so
007d4000-007d5000 r--p 00009000 08:05 527214     /lib/tls/i686/cmov/libnss_files-2.11.1.so
007d5000-007d6000 rw-p 0000a000 08:05 527214     /lib/tls/i686/cmov/libnss_files-2.11.1.so
008fb000-00902000 r-xp 00000000 08:05 1586226    /usr/lib/jvm/java-6-openjdk/jre/lib/i386/libzip.so
00902000-00903000 r--p 00006000 08:05 1586226    /usr/lib/jvm/java-6-openjdk/jre/lib/i386/libzip.so
00903000-00904000 rw-p 00007000 08:05 1586226    /usr/lib/jvm/java-6-openjdk/jre/lib/i386/libzip.so
00a1b000-00a1e000 r-xp 00000000 08:05 1586197    /usr/lib/jvm/java-6-openjdk/jre/lib/i386/jli/libjli.so
00a1e000-00a1f000 r--p 00003000 08:05 1586197    /usr/lib/jvm/java-6-openjdk/jre/lib/i386/jli/libjli.so
00a1f000-00a20000 rw-p 00004000 08:05 1586197    /usr/lib/jvm/java-6-openjdk/jre/lib/i386/jli/libjli.so
00a9c000-00a9e000 r-xp 00000000 08:05 527203     /lib/tls/i686/cmov/libdl-2.11.1.so
00a9e000-00a9f000 r--p 00001000 08:05 527203     /lib/tls/i686/cmov/libdl-2.11.1.so
00a9f000-00aa0000 rw-p 00002000 08:05 527203     /lib/tls/i686/cmov/libdl-2.11.1.so
00bbf000-00bc5000 r-xp 00000000 08:05 527210     /lib/tls/i686/cmov/libnss_compat-2.11.1.so
00bc5000-00bc6000 r--p 00006000 08:05 527210     /lib/tls/i686/cmov/libnss_compat-2.11.1.so
00bc6000-00bc7000 rw-p 00007000 08:05 527210     /lib/tls/i686/cmov/libnss_compat-2.11.1.so
00bef000-00bfb000 r-xp 00000000 08:05 1586225    /usr/lib/jvm/java-6-openjdk/jre/lib/i386/libverify.so
00bfb000-00bfc000 r--p 0000b000 08:05 1586225    /usr/lib/jvm/java-6-openjdk/jre/lib/i386/libverify.so
00bfc000-00bfd000 rw-p 0000c000 08:05 1586225    /usr/lib/jvm/java-6-openjdk/jre/lib/i386/libverify.so
00c7f000-00c80000 r-xp 00000000 00:00 0          [vdso]
00ccb000-00cef000 r-xp 00000000 08:05 1586209    /usr/lib/jvm/java-6-openjdk/jre/lib/i386/libjava.so
00cef000-00cf0000 r--p 00023000 08:05 1586209    /usr/lib/jvm/java-6-openjdk/jre/lib/i386/libjava.so
00cf0000-00cf2000 rw-p 00024000 08:05 1586209    /usr/lib/jvm/java-6-openjdk/jre/lib/i386/libjava.so
00cf8000-00e4b000 r-xp 00000000 08:05 527197     /lib/tls/i686/cmov/libc-2.11.1.so
00e4b000-00e4c000 ---p 00153000 08:05 527197     /lib/tls/i686/cmov/libc-2.11.1.so
00e4c000-00e4e000 r--p 00153000 08:05 527197     /lib/tls/i686/cmov/libc-2.11.1.so
00e4e000-00e4f000 rw-p 00155000 08:05 527197     /lib/tls/i686/cmov/libc-2.11.1.so
00e4f000-00e52000 rw-p 00000000 00:00 0 
00e70000-00e77000 r-xp 00000000 08:05 527227     /lib/tls/i686/cmov/librt-2.11.1.so
00e77000-00e78000 r--p 00006000 08:05 527227     /lib/tls/i686/cmov/librt-2.11.1.so
00e78000-00e79000 rw-p 00007000 08:05 527227     /lib/tls/i686/cmov/librt-2.11.1.so
00f37000-00f3e000 r-xp 00000000 08:05 1586228    /usr/lib/jvm/java-6-openjdk/jre/lib/i386/native_threads/libhpi.so
00f3e000-00f3f000 r--p 00006000 08:05 1586228    /usr/lib/jvm/java-6-openjdk/jre/lib/i386/native_threads/libhpi.so
00f3f000-00f40000 rw-p 00007000 08:05 1586228    /usr/lib/jvm/java-6-openjdk/jre/lib/i386/native_threads/libhpi.so
00fda000-00ff5000 r-xp 00000000 08:05 523290     /lib/ld-2.11.1.so
00ff5000-00ff6000 r--p 0001a000 08:05 523290     /lib/ld-2.11.1.so
00ff6000-00ff7000 rw-p 0001b000 08:05 523290     /lib/ld-2.11.1.so
00ff7000-016bc000 r-xp 00000000 08:05 1586230    /usr/lib/jvm/java-6-openjdk/jre/lib/i386/server/libjvm.so
016bc000-016bd000 ---p 006c5000 08:05 1586230    /usr/lib/jvm/java-6-openjdk/jre/lib/i386/server/libjvm.so
016bd000-01702000 r--p 006c5000 08:05 1586230    /usr/lib/jvm/java-6-openjdk/jre/lib/i386/server/libjvm.so
01702000-01711000 rw-p 0070a000 08:05 1586230    /usr/lib/jvm/java-6-openjdk/jre/lib/i386/server/libjvm.so
01711000-01b30000 rw-p 00000000 00:00 0 
08048000-08051000 r-xp 00000000 08:05 1586258    /usr/lib/jvm/java-6-openjdk/jre/bin/java
08051000-08052000 r--p 00008000 08:05 1586258    /usr/lib/jvm/java-6-openjdk/jre/bin/java
08052000-08053000 rw-p 00009000 08:05 1586258    /usr/lib/jvm/java-6-openjdk/jre/bin/java
09336000-093e3000 rw-p 00000000 00:00 0          [heap]
8076b000-8076c000 ---p 00000000 00:00 0 
8076c000-807ec000 rw-p 00000000 00:00 0 
807ec000-807ef000 ---p 00000000 00:00 0 
807ef000-8083d000 rw-p 00000000 00:00 0 
8083d000-80840000 ---p 00000000 00:00 0 
80840000-808be000 rw-p 00000000 00:00 0 
808be000-808c1000 ---p 00000000 00:00 0 
808c1000-8093f000 rw-p 00000000 00:00 0 
8093f000-80942000 ---p 00000000 00:00 0 
80942000-80990000 rw-p 00000000 00:00 0 
80990000-809cf000 r--p 00000000 08:05 1577945    /usr/lib/locale/en_IN/LC_CTYPE
809cf000-809d2000 ---p 00000000 00:00 0 
809d2000-80a20000 rw-p 00000000 00:00 0 
80a20000-80a23000 ---p 00000000 00:00 0 
80a23000-80a71000 rw-p 00000000 00:00 0 
80a71000-80c00000 r--s 038c4000 08:05 1586189    /usr/lib/jvm/java-6-openjdk/jre/lib/rt.jar
80c00000-80c33000 rw-p 00000000 00:00 0 
80c33000-80d00000 ---p 00000000 00:00 0 
80d1a000-80d23000 r--s 00065000 08:05 6219       /usr/share/java/gnome-java-bridge.jar
80d23000-80d26000 r--s 0000f000 08:05 1577575    /usr/lib/jvm/java-6-openjdk/jre/lib/ext/pulse-java.jar
80d26000-80d27000 ---p 00000000 00:00 0 
80d27000-80dda000 rw-p 00000000 00:00 0 
80dda000-80ddb000 ---p 00000000 00:00 0 
80ddb000-80e5b000 rw-p 00000000 00:00 0 
80e5b000-80e5c000 ---p 00000000 00:00 0 
80e5c000-80ee4000 rw-p 00000000 00:00 0 
80ee4000-80f1c000 rw-p 00000000 00:00 0 
80f1c000-80f2b000 rw-p 00000000 00:00 0 
80f2b000-81004000 rw-p 00000000 00:00 0 
81004000-8100c000 rw-p 00000000 00:00 0 
8100c000-81044000 rw-p 00000000 00:00 0 
81044000-81053000 rw-p 00000000 00:00 0 
81053000-8112b000 rw-p 00000000 00:00 0 
8112b000-81133000 rw-p 00000000 00:00 0 
81133000-8119f000 rw-p 00000000 00:00 0 
8119f000-821a0000 rw-p 00000000 00:00 0 
821a0000-891a0000 rw-p 00000000 00:00 0 
891a0000-8ae80000 rw-p 00000000 00:00 0 
8ae80000-a6050000 rw-p 00000000 00:00 0 
a6050000-a6ec0000 rw-p 00000000 00:00 0 
a6ec0000-b47a0000 rw-p 00000000 00:00 0 
b47a0000-b47aa000 rw-p 00000000 00:00 0 
b47aa000-b4861000 rw-p 00000000 00:00 0 
b4861000-b4aa1000 rwxp 00000000 00:00 0 
b4aa1000-b7861000 rw-p 00000000 00:00 0 
b7861000-b7864000 ---p 00000000 00:00 0 
b7864000-b78b6000 rw-p 00000000 00:00 0 
b78b6000-b78b8000 r--s 0001d000 08:05 1577596    /usr/lib/jvm/java-6-openjdk/jre/lib/plugin.jar
b78b8000-b78bd000 r--s 00045000 08:05 1577595    /usr/lib/jvm/java-6-openjdk/jre/lib/netx.jar
b78bd000-b78c5000 rw-s 00000000 08:05 663897     /tmp/hsperfdata_root/10260
b78c5000-b78c6000 rw-p 00000000 00:00 0 
b78c6000-b78c7000 r--p 00000000 00:00 0 
b78c7000-b78c9000 rw-p 00000000 00:00 0 
bfb94000-bfba9000 rw-p 00000000 00:00 0          [stack]

VM Arguments:
jvm_args: -Dfile.encoding=UTF-8 
java_command: FileAccess.VMInfo
Launcher Type: SUN_STANDARD

Environment Variables:
PATH=/usr/local/sbin:/usr/local/bin:/usr/sbin:/usr/bin:/sbin:/bin:/usr/games
USERNAME=root
LD_LIBRARY_PATH=/usr/lib/jvm/java-6-openjdk/jre/lib/i386/server:/usr/lib/jvm/java-6-openjdk/jre/lib/i386:/usr/lib/jvm/java-6-openjdk/jre/../lib/i386:/usr/lib/jvm/java-6-openjdk/jre/lib/i386/client:/usr/lib/jvm/java-6-openjdk/jre/lib/i386:/usr/lib/jvm/java-6-openjdk/jre/../lib/i386
SHELL=/bin/bash
DISPLAY=:0.0

Signal Handlers:
SIGSEGV: [libjvm.so+0x64a040], sa_mask[0]=0x7ffbfeff, sa_flags=0x10000004
SIGBUS: [libjvm.so+0x64a040], sa_mask[0]=0x7ffbfeff, sa_flags=0x10000004
SIGFPE: [libjvm.so+0x51c0d0], sa_mask[0]=0x7ffbfeff, sa_flags=0x10000004
SIGPIPE: [libjvm.so+0x51c0d0], sa_mask[0]=0x7ffbfeff, sa_flags=0x10000004
SIGXFSZ: [libjvm.so+0x51c0d0], sa_mask[0]=0x7ffbfeff, sa_flags=0x10000004
SIGILL: [libjvm.so+0x51c0d0], sa_mask[0]=0x7ffbfeff, sa_flags=0x10000004
SIGUSR1: SIG_DFL, sa_mask[0]=0x00000000, sa_flags=0x00000000
SIGUSR2: [libjvm.so+0x51b780], sa_mask[0]=0x00000004, sa_flags=0x10000004
SIGHUP: [libjvm.so+0x51e2f0], sa_mask[0]=0x7ffbfeff, sa_flags=0x10000004
SIGINT: SIG_IGN, sa_mask[0]=0x00000000, sa_flags=0x00000000
SIGTERM: [libjvm.so+0x51e2f0], sa_mask[0]=0x7ffbfeff, sa_flags=0x10000004
SIGQUIT: [libjvm.so+0x51e2f0], sa_mask[0]=0x7ffbfeff, sa_flags=0x10000004


---------------  S Y S T E M  ---------------

OS:Ubuntu 10.04 (lucid)
uname:Linux 2.6.32-33-generic #70-Ubuntu SMP Thu Jul 7 21:09:46 UTC 2011 i686
libc:glibc 2.11.1 NPTL 2.11.1 
rlimit: STACK 8192k, CORE 0k, NPROC infinity, NOFILE 1024, AS infinity
load average:1.05 0.81 0.77

/proc/meminfo:
MemTotal:        2836956 kB
MemFree:         1574248 kB
Buffers:           53088 kB
Cached:           408800 kB
SwapCached:       108156 kB
Active:           354544 kB
Inactive:         813828 kB
Active(anon):     137204 kB
Inactive(anon):   577424 kB
Active(file):     217340 kB
Inactive(file):   236404 kB
Unevictable:           0 kB
Mlocked:               0 kB
HighTotal:       1973064 kB
HighFree:         816048 kB
LowTotal:         863892 kB
LowFree:          758200 kB
SwapTotal:       3234808 kB
SwapFree:        3059076 kB
Dirty:               272 kB
Writeback:             0 kB
AnonPages:        631052 kB
Mapped:           120704 kB
Shmem:              8080 kB
Slab:              25296 kB
SReclaimable:      13700 kB
SUnreclaim:        11596 kB
KernelStack:        2904 kB
PageTables:         7132 kB
NFS_Unstable:          0 kB
Bounce:                0 kB
WritebackTmp:          0 kB
CommitLimit:     4653284 kB
Committed_AS:    1807992 kB
VmallocTotal:     122880 kB
VmallocUsed:       73304 kB
VmallocChunk:      27796 kB
HardwareCorrupted:     0 kB
HugePages_Total:       0
HugePages_Free:        0
HugePages_Rsvd:        0
HugePages_Surp:        0
Hugepagesize:       4096 kB
DirectMap4k:       12280 kB
DirectMap4M:      897024 kB


CPU:total 2 (2 cores per cpu, 1 threads per core) family 17 model 3 stepping 1, cmov, cx8, fxsr, mmx, sse, sse2, sse3, mmxext, 3dnow, 3dnowext

Memory: 4k page, physical 2836956k(1574248k free), swap 3234808k(3059076k free)

vm_info: OpenJDK Server VM (19.0-b09) for linux-x86 JRE (1.6.0_20-b20), built on Jan 21 2012 08:10:55 by "buildd" with gcc 4.4.3

time: Fri Mar 23 01:02:27 2012
elapsed time: 0 seconds

