#
# A fatal error has been detected by the Java Runtime Environment:
#
#  SIGSEGV (0xb) at pc=0x00184fc6, pid=3638, tid=3077921648
#
# JRE version: 6.0_20-b20
# Java VM: OpenJDK Server VM (19.0-b09 mixed mode linux-x86 )
# Derivative: IcedTea6 1.9.10
# Distribution: Ubuntu 10.04.1 LTS, package 6b20-1.9.10-0ubuntu1~10.04.3
# Problematic frame:
# C  [libc.so.6+0x74fc6]
#
# If you would like to submit a bug report, please include
# instructions how to reproduce the bug and visit:
#   https://bugs.launchpad.net/ubuntu/+source/openjdk-6/
# The crash happened outside the Java Virtual Machine in native code.
# See problematic frame for where to report the bug.
#

---------------  T H R E A D  ---------------

Current thread (0x094a4000):  JavaThread "main" [_thread_in_native, id=3642, stack(0xb7705000,0xb7756000)]

siginfo:si_signo=SIGSEGV: si_errno=0, si_code=1 (SEGV_MAPERR), si_addr=0x00000000

Registers:
EAX=0x00000002, EBX=0xb7754af8, ECX=0x2ddd534a, EDX=0xb7754b8c
ESP=0xb7754a48, EBP=0xb7754a88, ESI=0x00000000, EDI=0x00000000
EIP=0x00184fc6, CR2=0x00000000, EFLAGS=0x00010202

Register to memory mapping:

EAX=0x00000002
0x00000002 is pointing to unknown location

EBX=0xb7754af8
0xb7754af8 is pointing into the stack for thread: 0x094a4000
"main" prio=10 tid=0x094a4000 nid=0xe3a runnable [0xb7754000]
   java.lang.Thread.State: RUNNABLE

ECX=0x2ddd534a
0x2ddd534a is pointing to unknown location

EDX=0xb7754b8c
0xb7754b8c is pointing into the stack for thread: 0x094a4000
"main" prio=10 tid=0x094a4000 nid=0xe3a runnable [0xb7754000]
   java.lang.Thread.State: RUNNABLE

ESP=0xb7754a48
0xb7754a48 is pointing into the stack for thread: 0x094a4000
"main" prio=10 tid=0x094a4000 nid=0xe3a runnable [0xb7754000]
   java.lang.Thread.State: RUNNABLE

EBP=0xb7754a88
0xb7754a88 is pointing into the stack for thread: 0x094a4000
"main" prio=10 tid=0x094a4000 nid=0xe3a runnable [0xb7754000]
   java.lang.Thread.State: RUNNABLE

ESI=0x00000000
0x00000000 is pointing to unknown location

EDI=0x00000000
0x00000000 is pointing to unknown location


Top of Stack: (sp=0xb7754a48)
0xb7754a48:   8071c534 00782cad 00000000 00000000
0xb7754a58:   b7754d2a 00265ff4 80700010 00000000
0xb7754a68:   b7754a88 8071c4a0 b7754a88 001571db
0xb7754a78:   81223410 81223410 81223410 094a4000
0xb7754a88:   b7754d78 00783bf1 b7754af8 00000000
0xb7754a98:   b7754d2a 00000000 0000ffff 00000001
0xb7754aa8:   00787d75 b7754bc8 b7754ad8 0017ac22
0xb7754ab8:   00787c08 807173d0 b7754af4 b7754d2a 

Instructions: (pc=0x00184fc6)
0x00184fb6:   00 00 00 74 02 a4 49 50 89 c8 c1 e9 02 83 e0 03
0x00184fc6:   f3 a5 89 c1 f3 a4 58 89 c7 89 d6 8b 44 24 04 c3 

Stack: [0xb7705000,0xb7756000],  sp=0xb7754a48,  free space=318k
Native frames: (J=compiled Java code, j=interpreted, Vv=VM code, C=native code)
C  [libc.so.6+0x74fc6]
C  [libpacketlib.so+0x3bf1]  traverse_flow_list+0x331
C  [libpacketlib.so+0x3dbe]  get_flow_packets+0x9c
C  [libpacketlib.so+0x4848]  fill_flow_packets+0x6f
C  [libpacketlib.so+0x20d0]  Java_FileAccess_GetPacket_fillpackets+0x110
j  FileAccess.GetPacket.fillpackets()V+0
j  FileAccess.GetPacket.main([Ljava/lang/String;)V+148
v  ~StubRoutines::call_stub
V  [libjvm.so+0x387d72]
V  [libjvm.so+0x519369]
V  [libjvm.so+0x386caf]
V  [libjvm.so+0x39214c]
V  [libjvm.so+0x3a11ad]
C  [java+0x321d]  JavaMain+0xd4d
C  [libpthread.so.0+0x596e]

Java frames: (J=compiled Java code, j=interpreted, Vv=VM code)
j  FileAccess.GetPacket.fillpackets()V+0
j  FileAccess.GetPacket.main([Ljava/lang/String;)V+148
v  ~StubRoutines::call_stub

---------------  P R O C E S S  ---------------

Java Threads: ( => current thread )
  0x80704800 JavaThread "Low Memory Detector" daemon [_thread_blocked, id=3651, stack(0x8082c000,0x8087d000)]
  0x80702800 JavaThread "CompilerThread1" daemon [_thread_blocked, id=3650, stack(0x8067f000,0x80700000)]
  0x80700800 JavaThread "CompilerThread0" daemon [_thread_blocked, id=3649, stack(0x8087d000,0x808fe000)]
  0x09542400 JavaThread "Signal Dispatcher" daemon [_thread_blocked, id=3648, stack(0x808fe000,0x8094f000)]
  0x0952f000 JavaThread "Finalizer" daemon [_thread_blocked, id=3647, stack(0x8098e000,0x809df000)]
  0x0952dc00 JavaThread "Reference Handler" daemon [_thread_blocked, id=3646, stack(0x809df000,0x80a30000)]
=>0x094a4000 JavaThread "main" [_thread_in_native, id=3642, stack(0xb7705000,0xb7756000)]

Other Threads:
  0x09529c00 VMThread [stack: 0x80a30000,0x80ab1000] [id=3645]
  0x80706800 WatcherThread [stack: 0x805fe000,0x8067f000] [id=3652]

VM state:not at safepoint (normal execution)

VM Mutex/Monitor currently owned by a thread: None

Heap
 PSYoungGen      total 12992K, used 448K [0xa5ef0000, 0xa6d60000, 0xb4640000)
  eden space 11200K, 4% used [0xa5ef0000,0xa5f60028,0xa69e0000)
  from space 1792K, 0% used [0xa6ba0000,0xa6ba0000,0xa6d60000)
  to   space 1792K, 0% used [0xa69e0000,0xa69e0000,0xa6ba0000)
 PSOldGen        total 29568K, used 0K [0x89040000, 0x8ad20000, 0xa5ef0000)
  object space 29568K, 0% used [0x89040000,0x89040000,0x8ad20000)
 PSPermGen       total 16384K, used 1951K [0x81040000, 0x82040000, 0x89040000)
  object space 16384K, 11% used [0x81040000,0x81227fc8,0x82040000)

Dynamic libraries:
00110000-00263000 r-xp 00000000 08:05 527197     /lib/tls/i686/cmov/libc-2.11.1.so
00263000-00264000 ---p 00153000 08:05 527197     /lib/tls/i686/cmov/libc-2.11.1.so
00264000-00266000 r--p 00153000 08:05 527197     /lib/tls/i686/cmov/libc-2.11.1.so
00266000-00267000 rw-p 00155000 08:05 527197     /lib/tls/i686/cmov/libc-2.11.1.so
00267000-0026a000 rw-p 00000000 00:00 0 
0026a000-00272000 r-xp 00000000 08:05 527218     /lib/tls/i686/cmov/libnss_nis-2.11.1.so
00272000-00273000 r--p 00007000 08:05 527218     /lib/tls/i686/cmov/libnss_nis-2.11.1.so
00273000-00274000 rw-p 00008000 08:05 527218     /lib/tls/i686/cmov/libnss_nis-2.11.1.so
002c7000-002ce000 r-xp 00000000 08:05 1586226    /usr/lib/jvm/java-6-openjdk/jre/lib/i386/libzip.so
002ce000-002cf000 r--p 00006000 08:05 1586226    /usr/lib/jvm/java-6-openjdk/jre/lib/i386/libzip.so
002cf000-002d0000 rw-p 00007000 08:05 1586226    /usr/lib/jvm/java-6-openjdk/jre/lib/i386/libzip.so
00366000-00372000 r-xp 00000000 08:05 1586225    /usr/lib/jvm/java-6-openjdk/jre/lib/i386/libverify.so
00372000-00373000 r--p 0000b000 08:05 1586225    /usr/lib/jvm/java-6-openjdk/jre/lib/i386/libverify.so
00373000-00374000 rw-p 0000c000 08:05 1586225    /usr/lib/jvm/java-6-openjdk/jre/lib/i386/libverify.so
004e1000-004e8000 r-xp 00000000 08:05 527227     /lib/tls/i686/cmov/librt-2.11.1.so
004e8000-004e9000 r--p 00006000 08:05 527227     /lib/tls/i686/cmov/librt-2.11.1.so
004e9000-004ea000 rw-p 00007000 08:05 527227     /lib/tls/i686/cmov/librt-2.11.1.so
00557000-0057b000 r-xp 00000000 08:05 527205     /lib/tls/i686/cmov/libm-2.11.1.so
0057b000-0057c000 r--p 00023000 08:05 527205     /lib/tls/i686/cmov/libm-2.11.1.so
0057c000-0057d000 rw-p 00024000 08:05 527205     /lib/tls/i686/cmov/libm-2.11.1.so
006e6000-006f0000 r-xp 00000000 08:05 527214     /lib/tls/i686/cmov/libnss_files-2.11.1.so
006f0000-006f1000 r--p 00009000 08:05 527214     /lib/tls/i686/cmov/libnss_files-2.11.1.so
006f1000-006f2000 rw-p 0000a000 08:05 527214     /lib/tls/i686/cmov/libnss_files-2.11.1.so
0075e000-0075f000 r-xp 00000000 00:00 0          [vdso]
00780000-00789000 r-xp 00000000 08:05 1589892    /usr/lib/libpacketlib.so
00789000-0078a000 r--p 00008000 08:05 1589892    /usr/lib/libpacketlib.so
0078a000-0078b000 rw-p 00009000 08:05 1589892    /usr/lib/libpacketlib.so
007ec000-00807000 r-xp 00000000 08:05 523290     /lib/ld-2.11.1.so
00807000-00808000 r--p 0001a000 08:05 523290     /lib/ld-2.11.1.so
00808000-00809000 rw-p 0001b000 08:05 523290     /lib/ld-2.11.1.so
00900000-00913000 r-xp 00000000 08:05 527208     /lib/tls/i686/cmov/libnsl-2.11.1.so
00913000-00914000 r--p 00012000 08:05 527208     /lib/tls/i686/cmov/libnsl-2.11.1.so
00914000-00915000 rw-p 00013000 08:05 527208     /lib/tls/i686/cmov/libnsl-2.11.1.so
00915000-00917000 rw-p 00000000 00:00 0 
009a4000-009a6000 r-xp 00000000 08:05 527203     /lib/tls/i686/cmov/libdl-2.11.1.so
009a6000-009a7000 r--p 00001000 08:05 527203     /lib/tls/i686/cmov/libdl-2.11.1.so
009a7000-009a8000 rw-p 00002000 08:05 527203     /lib/tls/i686/cmov/libdl-2.11.1.so
009b4000-009d8000 r-xp 00000000 08:05 1586209    /usr/lib/jvm/java-6-openjdk/jre/lib/i386/libjava.so
009d8000-009d9000 r--p 00023000 08:05 1586209    /usr/lib/jvm/java-6-openjdk/jre/lib/i386/libjava.so
009d9000-009db000 rw-p 00024000 08:05 1586209    /usr/lib/jvm/java-6-openjdk/jre/lib/i386/libjava.so
00c17000-00c2c000 r-xp 00000000 08:05 527223     /lib/tls/i686/cmov/libpthread-2.11.1.so
00c2c000-00c2d000 r--p 00014000 08:05 527223     /lib/tls/i686/cmov/libpthread-2.11.1.so
00c2d000-00c2e000 rw-p 00015000 08:05 527223     /lib/tls/i686/cmov/libpthread-2.11.1.so
00c2e000-00c30000 rw-p 00000000 00:00 0 
00c41000-00c47000 r-xp 00000000 08:05 527210     /lib/tls/i686/cmov/libnss_compat-2.11.1.so
00c47000-00c48000 r--p 00006000 08:05 527210     /lib/tls/i686/cmov/libnss_compat-2.11.1.so
00c48000-00c49000 rw-p 00007000 08:05 527210     /lib/tls/i686/cmov/libnss_compat-2.11.1.so
00cd3000-00cda000 r-xp 00000000 08:05 1586228    /usr/lib/jvm/java-6-openjdk/jre/lib/i386/native_threads/libhpi.so
00cda000-00cdb000 r--p 00006000 08:05 1586228    /usr/lib/jvm/java-6-openjdk/jre/lib/i386/native_threads/libhpi.so
00cdb000-00cdc000 rw-p 00007000 08:05 1586228    /usr/lib/jvm/java-6-openjdk/jre/lib/i386/native_threads/libhpi.so
00cde000-00cf1000 r-xp 00000000 08:05 523463     /lib/libz.so.1.2.3.3
00cf1000-00cf2000 r--p 00012000 08:05 523463     /lib/libz.so.1.2.3.3
00cf2000-00cf3000 rw-p 00013000 08:05 523463     /lib/libz.so.1.2.3.3
00e31000-00e34000 r-xp 00000000 08:05 1586197    /usr/lib/jvm/java-6-openjdk/jre/lib/i386/jli/libjli.so
00e34000-00e35000 r--p 00003000 08:05 1586197    /usr/lib/jvm/java-6-openjdk/jre/lib/i386/jli/libjli.so
00e35000-00e36000 rw-p 00004000 08:05 1586197    /usr/lib/jvm/java-6-openjdk/jre/lib/i386/jli/libjli.so
00e36000-014fb000 r-xp 00000000 08:05 1586230    /usr/lib/jvm/java-6-openjdk/jre/lib/i386/server/libjvm.so
014fb000-014fc000 ---p 006c5000 08:05 1586230    /usr/lib/jvm/java-6-openjdk/jre/lib/i386/server/libjvm.so
014fc000-01541000 r--p 006c5000 08:05 1586230    /usr/lib/jvm/java-6-openjdk/jre/lib/i386/server/libjvm.so
01541000-01550000 rw-p 0070a000 08:05 1586230    /usr/lib/jvm/java-6-openjdk/jre/lib/i386/server/libjvm.so
01550000-0196f000 rw-p 00000000 00:00 0 
08048000-08051000 r-xp 00000000 08:05 1586258    /usr/lib/jvm/java-6-openjdk/jre/bin/java
08051000-08052000 r--p 00008000 08:05 1586258    /usr/lib/jvm/java-6-openjdk/jre/bin/java
08052000-08053000 rw-p 00009000 08:05 1586258    /usr/lib/jvm/java-6-openjdk/jre/bin/java
0949d000-09563000 rw-p 00000000 00:00 0          [heap]
8057d000-805fe000 rw-p 00000000 00:00 0 
805fe000-805ff000 ---p 00000000 00:00 0 
805ff000-8067f000 rw-p 00000000 00:00 0 
8067f000-80682000 ---p 00000000 00:00 0 
80682000-80700000 rw-p 00000000 00:00 0 
80700000-80722000 rw-p 00000000 00:00 0 
80722000-80800000 ---p 00000000 00:00 0 
80823000-8082c000 r--s 00065000 08:05 6219       /usr/share/java/gnome-java-bridge.jar
8082c000-8082f000 ---p 00000000 00:00 0 
8082f000-8087d000 rw-p 00000000 00:00 0 
8087d000-80880000 ---p 00000000 00:00 0 
80880000-808fe000 rw-p 00000000 00:00 0 
808fe000-80901000 ---p 00000000 00:00 0 
80901000-8094f000 rw-p 00000000 00:00 0 
8094f000-8098e000 r--p 00000000 08:05 1577945    /usr/lib/locale/en_IN/LC_CTYPE
8098e000-80991000 ---p 00000000 00:00 0 
80991000-809df000 rw-p 00000000 00:00 0 
809df000-809e2000 ---p 00000000 00:00 0 
809e2000-80a30000 rw-p 00000000 00:00 0 
80a30000-80a31000 ---p 00000000 00:00 0 
80a31000-80ab1000 rw-p 00000000 00:00 0 
80ab1000-80ab3000 r--s 0001d000 08:05 1577596    /usr/lib/jvm/java-6-openjdk/jre/lib/plugin.jar
80ab3000-80ab8000 r--s 00045000 08:05 1577595    /usr/lib/jvm/java-6-openjdk/jre/lib/netx.jar
80ab8000-80aeb000 rw-p 00000000 00:00 0 
80aeb000-80c7a000 r--s 038c4000 08:05 1586189    /usr/lib/jvm/java-6-openjdk/jre/lib/rt.jar
80c7a000-80c7b000 ---p 00000000 00:00 0 
80c7b000-80cfb000 rw-p 00000000 00:00 0 
80cfb000-80cfc000 ---p 00000000 00:00 0 
80cfc000-80d84000 rw-p 00000000 00:00 0 
80d84000-80dbc000 rw-p 00000000 00:00 0 
80dbc000-80dcb000 rw-p 00000000 00:00 0 
80dcb000-80ea4000 rw-p 00000000 00:00 0 
80ea4000-80eac000 rw-p 00000000 00:00 0 
80eac000-80ee4000 rw-p 00000000 00:00 0 
80ee4000-80ef3000 rw-p 00000000 00:00 0 
80ef3000-80fcb000 rw-p 00000000 00:00 0 
80fcb000-80fd3000 rw-p 00000000 00:00 0 
80fd3000-8103f000 rw-p 00000000 00:00 0 
8103f000-82040000 rw-p 00000000 00:00 0 
82040000-89040000 rw-p 00000000 00:00 0 
89040000-8ad20000 rw-p 00000000 00:00 0 
8ad20000-a5ef0000 rw-p 00000000 00:00 0 
a5ef0000-a6d60000 rw-p 00000000 00:00 0 
a6d60000-b4640000 rw-p 00000000 00:00 0 
b4645000-b464e000 rw-p 00000000 00:00 0 
b464e000-b4705000 rw-p 00000000 00:00 0 
b4705000-b4945000 rwxp 00000000 00:00 0 
b4945000-b7705000 rw-p 00000000 00:00 0 
b7705000-b7708000 ---p 00000000 00:00 0 
b7708000-b7759000 rw-p 00000000 00:00 0 
b775c000-b775d000 rw-p 00000000 00:00 0 
b775e000-b7761000 r--s 0000f000 08:05 1577575    /usr/lib/jvm/java-6-openjdk/jre/lib/ext/pulse-java.jar
b7761000-b7769000 rw-s 00000000 08:05 670656     /tmp/hsperfdata_root/3638
b7769000-b776a000 rw-p 00000000 00:00 0 
b776a000-b776b000 r--p 00000000 00:00 0 
b776b000-b776d000 rw-p 00000000 00:00 0 
bfa91000-bfaa6000 rw-p 00000000 00:00 0          [stack]

VM Arguments:
jvm_args: -Dfile.encoding=UTF-8 
java_command: FileAccess.GetPacket
Launcher Type: SUN_STANDARD

Environment Variables:
PATH=/usr/local/sbin:/usr/local/bin:/usr/sbin:/usr/bin:/sbin:/bin:/usr/games
USERNAME=root
LD_LIBRARY_PATH=/usr/lib/jvm/java-6-openjdk/jre/lib/i386/server:/usr/lib/jvm/java-6-openjdk/jre/lib/i386:/usr/lib/jvm/java-6-openjdk/jre/../lib/i386:/usr/lib/jvm/java-6-openjdk/jre/lib/i386/client:/usr/lib/jvm/java-6-openjdk/jre/lib/i386:/usr/lib/jvm/java-6-openjdk/jre/../lib/i386
SHELL=/bin/bash
DISPLAY=:0.0

Signal Handlers:
SIGSEGV: [libjvm.so+0x64a040], sa_mask[0]=0x7ffbfeff, sa_flags=0x10000004
SIGBUS: [libjvm.so+0x64a040], sa_mask[0]=0x7ffbfeff, sa_flags=0x10000004
SIGFPE: [libjvm.so+0x51c0d0], sa_mask[0]=0x7ffbfeff, sa_flags=0x10000004
SIGPIPE: [libjvm.so+0x51c0d0], sa_mask[0]=0x7ffbfeff, sa_flags=0x10000004
SIGXFSZ: [libjvm.so+0x51c0d0], sa_mask[0]=0x7ffbfeff, sa_flags=0x10000004
SIGILL: [libjvm.so+0x51c0d0], sa_mask[0]=0x7ffbfeff, sa_flags=0x10000004
SIGUSR1: SIG_DFL, sa_mask[0]=0x00000000, sa_flags=0x00000000
SIGUSR2: [libjvm.so+0x51b780], sa_mask[0]=0x00000004, sa_flags=0x10000004
SIGHUP: [libjvm.so+0x51e2f0], sa_mask[0]=0x7ffbfeff, sa_flags=0x10000004
SIGINT: SIG_IGN, sa_mask[0]=0x00000000, sa_flags=0x00000000
SIGTERM: [libjvm.so+0x51e2f0], sa_mask[0]=0x7ffbfeff, sa_flags=0x10000004
SIGQUIT: [libjvm.so+0x51e2f0], sa_mask[0]=0x7ffbfeff, sa_flags=0x10000004


---------------  S Y S T E M  ---------------

OS:Ubuntu 10.04 (lucid)
uname:Linux 2.6.32-33-generic #70-Ubuntu SMP Thu Jul 7 21:09:46 UTC 2011 i686
libc:glibc 2.11.1 NPTL 2.11.1 
rlimit: STACK 8192k, CORE 0k, NPROC infinity, NOFILE 1024, AS infinity
load average:0.25 0.43 0.46

/proc/meminfo:
MemTotal:        2836956 kB
MemFree:         1198896 kB
Buffers:           75324 kB
Cached:           744308 kB
SwapCached:            0 kB
Active:           892676 kB
Inactive:         650196 kB
Active(anon):     723648 kB
Inactive(anon):     7296 kB
Active(file):     169028 kB
Inactive(file):   642900 kB
Unevictable:          16 kB
Mlocked:              16 kB
HighTotal:       1973064 kB
HighFree:         473804 kB
LowTotal:         863892 kB
LowFree:          725092 kB
SwapTotal:       3234808 kB
SwapFree:        3234808 kB
Dirty:                60 kB
Writeback:             0 kB
AnonPages:        723292 kB
Mapped:           148508 kB
Shmem:              7708 kB
Slab:              35976 kB
SReclaimable:      24496 kB
SUnreclaim:        11480 kB
KernelStack:        2816 kB
PageTables:         7932 kB
NFS_Unstable:          0 kB
Bounce:                0 kB
WritebackTmp:          0 kB
CommitLimit:     4653284 kB
Committed_AS:    1934120 kB
VmallocTotal:     122880 kB
VmallocUsed:       72908 kB
VmallocChunk:      42876 kB
HardwareCorrupted:     0 kB
HugePages_Total:       0
HugePages_Free:        0
HugePages_Rsvd:        0
HugePages_Surp:        0
Hugepagesize:       4096 kB
DirectMap4k:       12280 kB
DirectMap4M:      897024 kB


CPU:total 2 (2 cores per cpu, 1 threads per core) family 17 model 3 stepping 1, cmov, cx8, fxsr, mmx, sse, sse2, sse3, mmxext, 3dnow, 3dnowext

Memory: 4k page, physical 2836956k(1198896k free), swap 3234808k(3234808k free)

vm_info: OpenJDK Server VM (19.0-b09) for linux-x86 JRE (1.6.0_20-b20), built on Jan 21 2012 08:10:55 by "buildd" with gcc 4.4.3

time: Sun Mar 25 17:21:12 2012
elapsed time: 0 seconds

