#
# A fatal error has been detected by the Java Runtime Environment:
#
#  SIGSEGV (0xb) at pc=0x0060490c, pid=3791, tid=3078654832
#
# JRE version: 6.0_20-b20
# Java VM: OpenJDK Server VM (19.0-b09 mixed mode linux-x86 )
# Derivative: IcedTea6 1.9.10
# Distribution: Ubuntu 10.04.1 LTS, package 6b20-1.9.10-0ubuntu1~10.04.2
# Problematic frame:
# C  [libc.so.6+0x5c90c]  fread+0x2c
#
# If you would like to submit a bug report, please include
# instructions how to reproduce the bug and visit:
#   https://bugs.launchpad.net/ubuntu/+source/openjdk-6/
# The crash happened outside the Java Virtual Machine in native code.
# See problematic frame for where to report the bug.
#

---------------  T H R E A D  ---------------

Current thread (0x08860400):  JavaThread "main" [_thread_in_native, id=3794, stack(0xb77b8000,0xb7809000)]

siginfo:si_signo=SIGSEGV: si_errno=0, si_code=1 (SEGV_MAPERR), si_addr=0x00000000

Registers:
EAX=0xb780798c, EBX=0x006fdff4, ECX=0x0891a150, EDX=0x006ff3f0
ESP=0xb780792c, EBP=0xb7807948, ESI=0x00000670, EDI=0x00000000
EIP=0x0060490c, CR2=0x00000000, EFLAGS=0x00010202

Register to memory mapping:

EAX=0xb780798c
0xb780798c is pointing into the stack for thread: 0x08860400
"main" prio=10 tid=0x08860400 nid=0xed2 runnable [0xb7808000]
   java.lang.Thread.State: RUNNABLE

EBX=0x006fdff4
0x006fdff4: <offset 0x155ff4> in /lib/tls/i686/cmov/libc.so.6 at 0x005a8000

ECX=0x0891a150
0x0891a150 is pointing to unknown location

EDX=0x006ff3f0
0x006ff3f0: <offset 0x1573f0> in /lib/tls/i686/cmov/libc.so.6 at 0x005a8000

ESP=0xb780792c
0xb780792c is pointing into the stack for thread: 0x08860400
"main" prio=10 tid=0x08860400 nid=0xed2 runnable [0xb7808000]
   java.lang.Thread.State: RUNNABLE

EBP=0xb7807948
0xb7807948 is pointing into the stack for thread: 0x08860400
"main" prio=10 tid=0x08860400 nid=0xed2 runnable [0xb7808000]
   java.lang.Thread.State: RUNNABLE

ESI=0x00000670
0x00000670 is pointing to unknown location

EDI=0x00000000
0x00000000 is pointing to unknown location


Top of Stack: (sp=0xb780792c)
0xb780792c:   812d2888 b7807948 0060444c 0016969b
0xb780793c:   812d2888 812d2888 08860400 b7808008
0xb780794c:   0016961a b780798c 00000670 00000001
0xb780795c:   00000000 810fb648 a5fe1758 b780804c
0xb780796c:   08860518 b7807d90 00000000 00000000
0xb780797c:   0885ebf8 00169254 006ac75d 00c3aff4
0xb780798c:   b7807aec 08859ef8 b78079a4 006acc3a
0xb780799c:   00000000 00000002 b78079b4 00c38db8 

Instructions: (pc=0x0060490c)
0x006048fc:   0f 00 89 7d fc 8b 7d 14 85 f6 0f 84 a4 00 00 00
0x0060490c:   66 83 3f 00 78 39 8b 57 48 65 a1 08 00 00 00 89 

Stack: [0xb77b8000,0xb7809000],  sp=0xb780792c,  free space=318k
Native frames: (J=compiled Java code, j=interpreted, Vv=VM code, C=native code)
C  [libc.so.6+0x5c90c]  fread+0x2c
C  [libpacketlib.so+0x61a]  Java_Core_func_fillpackets+0x6a
j  Core.func.fillpackets()V+0
j  Core.func.main([Ljava/lang/String;)V+9
v  ~StubRoutines::call_stub
V  [libjvm.so+0x387d72]
V  [libjvm.so+0x519369]
V  [libjvm.so+0x386caf]
V  [libjvm.so+0x39214c]
V  [libjvm.so+0x3a11ad]
C  [java+0x321d]  JavaMain+0xd4d
C  [libpthread.so.0+0x596e]

Java frames: (J=compiled Java code, j=interpreted, Vv=VM code)
j  Core.func.fillpackets()V+0
j  Core.func.main([Ljava/lang/String;)V+9
v  ~StubRoutines::call_stub

---------------  P R O C E S S  ---------------

Java Threads: ( => current thread )
  0x08905000 JavaThread "Low Memory Detector" daemon [_thread_blocked, id=3804, stack(0x8085b000,0x808ac000)]
  0x08901c00 JavaThread "CompilerThread1" daemon [_thread_blocked, id=3803, stack(0x808ac000,0x8092d000)]
  0x088ffc00 JavaThread "CompilerThread0" daemon [_thread_blocked, id=3802, stack(0x8092d000,0x809ae000)]
  0x088fe400 JavaThread "Signal Dispatcher" daemon [_thread_blocked, id=3801, stack(0x809ae000,0x809ff000)]
  0x088eb400 JavaThread "Finalizer" daemon [_thread_blocked, id=3800, stack(0x80a3e000,0x80a8f000)]
  0x088e9c00 JavaThread "Reference Handler" daemon [_thread_blocked, id=3799, stack(0x80a8f000,0x80ae0000)]
=>0x08860400 JavaThread "main" [_thread_in_native, id=3794, stack(0xb77b8000,0xb7809000)]

Other Threads:
  0x088e5c00 VMThread [stack: 0x80ae0000,0x80b61000] [id=3798]
  0x08906c00 WatcherThread [stack: 0x807da000,0x8085b000] [id=3805]

VM state:not at safepoint (normal execution)

VM Mutex/Monitor currently owned by a thread: None

Heap
 PSYoungGen      total 12992K, used 448K [0xa5fa0000, 0xa6e10000, 0xb46f0000)
  eden space 11200K, 4% used [0xa5fa0000,0xa6010040,0xa6a90000)
  from space 1792K, 0% used [0xa6c50000,0xa6c50000,0xa6e10000)
  to   space 1792K, 0% used [0xa6a90000,0xa6a90000,0xa6c50000)
 PSOldGen        total 29568K, used 0K [0x890f0000, 0x8add0000, 0xa5fa0000)
  object space 29568K, 0% used [0x890f0000,0x890f0000,0x8add0000)
 PSPermGen       total 16384K, used 1931K [0x810f0000, 0x820f0000, 0x890f0000)
  object space 16384K, 11% used [0x810f0000,0x812d2d90,0x820f0000)

Dynamic libraries:
00110000-00134000 r-xp 00000000 08:06 1311382    /lib/tls/i686/cmov/libm-2.11.1.so
00134000-00135000 r--p 00023000 08:06 1311382    /lib/tls/i686/cmov/libm-2.11.1.so
00135000-00136000 rw-p 00024000 08:06 1311382    /lib/tls/i686/cmov/libm-2.11.1.so
00136000-0015a000 r-xp 00000000 08:06 1064657    /usr/lib/jvm/java-6-openjdk/jre/lib/i386/libjava.so
0015a000-0015b000 r--p 00023000 08:06 1064657    /usr/lib/jvm/java-6-openjdk/jre/lib/i386/libjava.so
0015b000-0015d000 rw-p 00024000 08:06 1064657    /usr/lib/jvm/java-6-openjdk/jre/lib/i386/libjava.so
0015d000-00167000 r-xp 00000000 08:06 1311391    /lib/tls/i686/cmov/libnss_files-2.11.1.so
00167000-00168000 r--p 00009000 08:06 1311391    /lib/tls/i686/cmov/libnss_files-2.11.1.so
00168000-00169000 rw-p 0000a000 08:06 1311391    /lib/tls/i686/cmov/libnss_files-2.11.1.so
00169000-0016a000 r-xp 00000000 08:06 1069378    /usr/lib/libpacketlib.so
0016a000-0016b000 r--p 00000000 08:06 1069378    /usr/lib/libpacketlib.so
0016b000-0016c000 rw-p 00001000 08:06 1069378    /usr/lib/libpacketlib.so
001d3000-001ee000 r-xp 00000000 08:06 1179673    /lib/ld-2.11.1.so
001ee000-001ef000 r--p 0001a000 08:06 1179673    /lib/ld-2.11.1.so
001ef000-001f0000 rw-p 0001b000 08:06 1179673    /lib/ld-2.11.1.so
00257000-0025d000 r-xp 00000000 08:06 1311387    /lib/tls/i686/cmov/libnss_compat-2.11.1.so
0025d000-0025e000 r--p 00006000 08:06 1311387    /lib/tls/i686/cmov/libnss_compat-2.11.1.so
0025e000-0025f000 rw-p 00007000 08:06 1311387    /lib/tls/i686/cmov/libnss_compat-2.11.1.so
0030b000-0030e000 r-xp 00000000 08:06 1064666    /usr/lib/jvm/java-6-openjdk/jre/lib/i386/jli/libjli.so
0030e000-0030f000 r--p 00003000 08:06 1064666    /usr/lib/jvm/java-6-openjdk/jre/lib/i386/jli/libjli.so
0030f000-00310000 rw-p 00004000 08:06 1064666    /usr/lib/jvm/java-6-openjdk/jre/lib/i386/jli/libjli.so
00499000-004a0000 r-xp 00000000 08:06 1311404    /lib/tls/i686/cmov/librt-2.11.1.so
004a0000-004a1000 r--p 00006000 08:06 1311404    /lib/tls/i686/cmov/librt-2.11.1.so
004a1000-004a2000 rw-p 00007000 08:06 1311404    /lib/tls/i686/cmov/librt-2.11.1.so
005a8000-006fb000 r-xp 00000000 08:06 1311374    /lib/tls/i686/cmov/libc-2.11.1.so
006fb000-006fc000 ---p 00153000 08:06 1311374    /lib/tls/i686/cmov/libc-2.11.1.so
006fc000-006fe000 r--p 00153000 08:06 1311374    /lib/tls/i686/cmov/libc-2.11.1.so
006fe000-006ff000 rw-p 00155000 08:06 1311374    /lib/tls/i686/cmov/libc-2.11.1.so
006ff000-00702000 rw-p 00000000 00:00 0 
00883000-00896000 r-xp 00000000 08:06 1311385    /lib/tls/i686/cmov/libnsl-2.11.1.so
00896000-00897000 r--p 00012000 08:06 1311385    /lib/tls/i686/cmov/libnsl-2.11.1.so
00897000-00898000 rw-p 00013000 08:06 1311385    /lib/tls/i686/cmov/libnsl-2.11.1.so
00898000-0089a000 rw-p 00000000 00:00 0 
00924000-00939000 r-xp 00000000 08:06 1311400    /lib/tls/i686/cmov/libpthread-2.11.1.so
00939000-0093a000 r--p 00014000 08:06 1311400    /lib/tls/i686/cmov/libpthread-2.11.1.so
0093a000-0093b000 rw-p 00015000 08:06 1311400    /lib/tls/i686/cmov/libpthread-2.11.1.so
0093b000-0093d000 rw-p 00000000 00:00 0 
0094f000-00956000 r-xp 00000000 08:06 1064678    /usr/lib/jvm/java-6-openjdk/jre/lib/i386/native_threads/libhpi.so
00956000-00957000 r--p 00006000 08:06 1064678    /usr/lib/jvm/java-6-openjdk/jre/lib/i386/native_threads/libhpi.so
00957000-00958000 rw-p 00007000 08:06 1064678    /usr/lib/jvm/java-6-openjdk/jre/lib/i386/native_threads/libhpi.so
0095c000-00963000 r-xp 00000000 08:06 1064662    /usr/lib/jvm/java-6-openjdk/jre/lib/i386/libzip.so
00963000-00964000 r--p 00006000 08:06 1064662    /usr/lib/jvm/java-6-openjdk/jre/lib/i386/libzip.so
00964000-00965000 rw-p 00007000 08:06 1064662    /usr/lib/jvm/java-6-openjdk/jre/lib/i386/libzip.so
0096f000-00970000 r-xp 00000000 00:00 0          [vdso]
00a26000-00a32000 r-xp 00000000 08:06 1064685    /usr/lib/jvm/java-6-openjdk/jre/lib/i386/libverify.so
00a32000-00a33000 r--p 0000b000 08:06 1064685    /usr/lib/jvm/java-6-openjdk/jre/lib/i386/libverify.so
00a33000-00a34000 rw-p 0000c000 08:06 1064685    /usr/lib/jvm/java-6-openjdk/jre/lib/i386/libverify.so
00aa0000-00ab3000 r-xp 00000000 08:06 1179846    /lib/libz.so.1.2.3.3
00ab3000-00ab4000 r--p 00012000 08:06 1179846    /lib/libz.so.1.2.3.3
00ab4000-00ab5000 rw-p 00013000 08:06 1179846    /lib/libz.so.1.2.3.3
00bf6000-00bfe000 r-xp 00000000 08:06 1311395    /lib/tls/i686/cmov/libnss_nis-2.11.1.so
00bfe000-00bff000 r--p 00007000 08:06 1311395    /lib/tls/i686/cmov/libnss_nis-2.11.1.so
00bff000-00c00000 rw-p 00008000 08:06 1311395    /lib/tls/i686/cmov/libnss_nis-2.11.1.so
00c38000-00c3a000 r-xp 00000000 08:06 1311380    /lib/tls/i686/cmov/libdl-2.11.1.so
00c3a000-00c3b000 r--p 00001000 08:06 1311380    /lib/tls/i686/cmov/libdl-2.11.1.so
00c3b000-00c3c000 rw-p 00002000 08:06 1311380    /lib/tls/i686/cmov/libdl-2.11.1.so
00c3c000-01301000 r-xp 00000000 08:06 1064676    /usr/lib/jvm/java-6-openjdk/jre/lib/i386/server/libjvm.so
01301000-01302000 ---p 006c5000 08:06 1064676    /usr/lib/jvm/java-6-openjdk/jre/lib/i386/server/libjvm.so
01302000-01347000 r--p 006c5000 08:06 1064676    /usr/lib/jvm/java-6-openjdk/jre/lib/i386/server/libjvm.so
01347000-01356000 rw-p 0070a000 08:06 1064676    /usr/lib/jvm/java-6-openjdk/jre/lib/i386/server/libjvm.so
01356000-01775000 rw-p 00000000 00:00 0 
08048000-08051000 r-xp 00000000 08:06 1064626    /usr/lib/jvm/java-6-openjdk/jre/bin/java
08051000-08052000 r--p 00008000 08:06 1064626    /usr/lib/jvm/java-6-openjdk/jre/bin/java
08052000-08053000 rw-p 00009000 08:06 1064626    /usr/lib/jvm/java-6-openjdk/jre/bin/java
08859000-08941000 rw-p 00000000 00:00 0          [heap]
807d1000-807da000 r--s 00065000 08:06 1460237    /usr/share/java/gnome-java-bridge.jar
807da000-807db000 ---p 00000000 00:00 0 
807db000-8085b000 rw-p 00000000 00:00 0 
8085b000-8085e000 ---p 00000000 00:00 0 
8085e000-808ac000 rw-p 00000000 00:00 0 
808ac000-808af000 ---p 00000000 00:00 0 
808af000-8092d000 rw-p 00000000 00:00 0 
8092d000-80930000 ---p 00000000 00:00 0 
80930000-809ae000 rw-p 00000000 00:00 0 
809ae000-809b1000 ---p 00000000 00:00 0 
809b1000-809ff000 rw-p 00000000 00:00 0 
809ff000-80a3e000 r--p 00000000 08:06 1056342    /usr/lib/locale/en_IN/LC_CTYPE
80a3e000-80a41000 ---p 00000000 00:00 0 
80a41000-80a8f000 rw-p 00000000 00:00 0 
80a8f000-80a92000 ---p 00000000 00:00 0 
80a92000-80ae0000 rw-p 00000000 00:00 0 
80ae0000-80ae1000 ---p 00000000 00:00 0 
80ae1000-80b61000 rw-p 00000000 00:00 0 
80b61000-80b63000 r--s 0001d000 08:06 1056709    /usr/lib/jvm/java-6-openjdk/jre/lib/plugin.jar
80b63000-80b68000 r--s 00045000 08:06 1056713    /usr/lib/jvm/java-6-openjdk/jre/lib/netx.jar
80b68000-80b9b000 rw-p 00000000 00:00 0 
80b9b000-80d2a000 r--s 038c4000 08:06 1064698    /usr/lib/jvm/java-6-openjdk/jre/lib/rt.jar
80d2a000-80d2b000 ---p 00000000 00:00 0 
80d2b000-80dab000 rw-p 00000000 00:00 0 
80dab000-80dac000 ---p 00000000 00:00 0 
80dac000-80e34000 rw-p 00000000 00:00 0 
80e34000-80e6c000 rw-p 00000000 00:00 0 
80e6c000-80e7b000 rw-p 00000000 00:00 0 
80e7b000-80f54000 rw-p 00000000 00:00 0 
80f54000-80f5c000 rw-p 00000000 00:00 0 
80f5c000-80f94000 rw-p 00000000 00:00 0 
80f94000-80fa3000 rw-p 00000000 00:00 0 
80fa3000-8107b000 rw-p 00000000 00:00 0 
8107b000-81083000 rw-p 00000000 00:00 0 
81083000-810ef000 rw-p 00000000 00:00 0 
810ef000-820f0000 rw-p 00000000 00:00 0 
820f0000-890f0000 rw-p 00000000 00:00 0 
890f0000-8add0000 rw-p 00000000 00:00 0 
8add0000-a5fa0000 rw-p 00000000 00:00 0 
a5fa0000-a6e10000 rw-p 00000000 00:00 0 
a6e10000-b46f0000 rw-p 00000000 00:00 0 
b46f8000-b4701000 rw-p 00000000 00:00 0 
b4701000-b47b8000 rw-p 00000000 00:00 0 
b47b8000-b49f8000 rwxp 00000000 00:00 0 
b49f8000-b77b8000 rw-p 00000000 00:00 0 
b77b8000-b77bb000 ---p 00000000 00:00 0 
b77bb000-b780c000 rw-p 00000000 00:00 0 
b780d000-b7810000 r--s 0000f000 08:06 1056737    /usr/lib/jvm/java-6-openjdk/jre/lib/ext/pulse-java.jar
b7810000-b7818000 rw-s 00000000 08:06 786856     /tmp/hsperfdata_varun/3791
b7818000-b7819000 rw-p 00000000 00:00 0 
b7819000-b781a000 r--p 00000000 00:00 0 
b781a000-b781c000 rw-p 00000000 00:00 0 
bfcf1000-bfd06000 rw-p 00000000 00:00 0          [stack]

VM Arguments:
jvm_args: -Dfile.encoding=UTF-8 
java_command: Core.func
Launcher Type: SUN_STANDARD

Environment Variables:
PATH=/usr/local/sbin:/usr/local/bin:/usr/sbin:/usr/bin:/sbin:/bin:/usr/games
USERNAME=varun
LD_LIBRARY_PATH=/usr/lib/jvm/java-6-openjdk/jre/lib/i386/server:/usr/lib/jvm/java-6-openjdk/jre/lib/i386:/usr/lib/jvm/java-6-openjdk/jre/../lib/i386:/usr/lib/jvm/java-6-openjdk/jre/lib/i386/client:/usr/lib/jvm/java-6-openjdk/jre/lib/i386:/usr/lib/jvm/java-6-openjdk/jre/../lib/i386
SHELL=/bin/bash
DISPLAY=:0.0

Signal Handlers:
SIGSEGV: [libjvm.so+0x64a040], sa_mask[0]=0x7ffbfeff, sa_flags=0x10000004
SIGBUS: [libjvm.so+0x64a040], sa_mask[0]=0x7ffbfeff, sa_flags=0x10000004
SIGFPE: [libjvm.so+0x51c0d0], sa_mask[0]=0x7ffbfeff, sa_flags=0x10000004
SIGPIPE: [libjvm.so+0x51c0d0], sa_mask[0]=0x7ffbfeff, sa_flags=0x10000004
SIGXFSZ: [libjvm.so+0x51c0d0], sa_mask[0]=0x7ffbfeff, sa_flags=0x10000004
SIGILL: [libjvm.so+0x51c0d0], sa_mask[0]=0x7ffbfeff, sa_flags=0x10000004
SIGUSR1: SIG_DFL, sa_mask[0]=0x00000000, sa_flags=0x00000000
SIGUSR2: [libjvm.so+0x51b780], sa_mask[0]=0x00000004, sa_flags=0x10000004
SIGHUP: [libjvm.so+0x51e2f0], sa_mask[0]=0x7ffbfeff, sa_flags=0x10000004
SIGINT: SIG_IGN, sa_mask[0]=0x00000000, sa_flags=0x00000000
SIGTERM: [libjvm.so+0x51e2f0], sa_mask[0]=0x7ffbfeff, sa_flags=0x10000004
SIGQUIT: [libjvm.so+0x51e2f0], sa_mask[0]=0x7ffbfeff, sa_flags=0x10000004


---------------  S Y S T E M  ---------------

OS:Ubuntu 10.04 (lucid)
uname:Linux 2.6.32-33-generic #70-Ubuntu SMP Thu Jul 7 21:09:46 UTC 2011 i686
libc:glibc 2.11.1 NPTL 2.11.1 
rlimit: STACK 8192k, CORE 0k, NPROC infinity, NOFILE 1024, AS infinity
load average:0.41 0.40 0.40

/proc/meminfo:
MemTotal:        2836956 kB
MemFree:         1364288 kB
Buffers:          104828 kB
Cached:           713528 kB
SwapCached:            0 kB
Active:           797808 kB
Inactive:         564780 kB
Active(anon):     544640 kB
Inactive(anon):     7336 kB
Active(file):     253168 kB
Inactive(file):   557444 kB
Unevictable:          32 kB
Mlocked:              32 kB
HighTotal:       1973064 kB
HighFree:         685596 kB
LowTotal:         863892 kB
LowFree:          678692 kB
SwapTotal:       2833400 kB
SwapFree:        2833400 kB
Dirty:                96 kB
Writeback:             0 kB
AnonPages:        544260 kB
Mapped:           108308 kB
Shmem:              7748 kB
Slab:              53684 kB
SReclaimable:      42568 kB
SUnreclaim:        11116 kB
KernelStack:        2328 kB
PageTables:         6456 kB
NFS_Unstable:          0 kB
Bounce:                0 kB
WritebackTmp:          0 kB
CommitLimit:     4251876 kB
Committed_AS:    1280892 kB
VmallocTotal:     122880 kB
VmallocUsed:       72820 kB
VmallocChunk:      42876 kB
HardwareCorrupted:     0 kB
HugePages_Total:       0
HugePages_Free:        0
HugePages_Rsvd:        0
HugePages_Surp:        0
Hugepagesize:       4096 kB
DirectMap4k:       12280 kB
DirectMap4M:      897024 kB


CPU:total 2 (2 cores per cpu, 1 threads per core) family 17 model 3 stepping 1, cmov, cx8, fxsr, mmx, sse, sse2, sse3, mmxext, 3dnow, 3dnowext

Memory: 4k page, physical 2836956k(1364288k free), swap 2833400k(2833400k free)

vm_info: OpenJDK Server VM (19.0-b09) for linux-x86 JRE (1.6.0_20-b20), built on Nov  8 2011 17:27:25 by "buildd" with gcc 4.4.3

time: Sat Jan 14 15:50:01 2012
elapsed time: 0 seconds

