#
# A fatal error has been detected by the Java Runtime Environment:
#
#  SIGSEGV (0xb) at pc=0x009f3e91, pid=2904, tid=3077962608
#
# JRE version: 6.0_20-b20
# Java VM: OpenJDK Server VM (19.0-b09 mixed mode linux-x86 )
# Derivative: IcedTea6 1.9.10
# Distribution: Ubuntu 10.04.1 LTS, package 6b20-1.9.10-0ubuntu1~10.04.3
# Problematic frame:
# C  [libc.so.6+0x6fe91]  cfree+0x31
#
# If you would like to submit a bug report, please include
# instructions how to reproduce the bug and visit:
#   https://bugs.launchpad.net/ubuntu/+source/openjdk-6/
#

---------------  T H R E A D  ---------------

Current thread is native thread

siginfo:si_signo=SIGSEGV: si_errno=0, si_code=1 (SEGV_MAPERR), si_addr=0xfffffffb

Registers:
EAX=0x00000000, EBX=0x00ad9ff4, ECX=0xffffffff, EDX=0xfffffff7
ESP=0xb775f248, EBP=0xb775f258, ESI=0x09cac000, EDI=0x09cac000
EIP=0x009f3e91, CR2=0xfffffffb, EFLAGS=0x00010282

Register to memory mapping:

EAX=0x00000000
0x00000000 is pointing to unknown location

EBX=0x00ad9ff4
0x00ad9ff4: <offset 0x155ff4> in /lib/tls/i686/cmov/libc.so.6 at 0x00984000

ECX=0xffffffff
0xffffffff is pointing to unknown location

EDX=0xfffffff7
0xfffffff7 is pointing to unknown location

ESP=0xb775f248
0xb775f248 is pointing to unknown location

EBP=0xb775f258
0xb775f258 is pointing to unknown location

ESI=0x09cac000
0x09cac000 is pointing to unknown location

EDI=0x09cac000
0x09cac000 is pointing to unknown location


Top of Stack: (sp=0xb775f248)
0xb775f248:   b775f268 00c8ee61 01416ff4 09cac000
0xb775f258:   b775f278 012236bc ffffffff 01224d56
0xb775f268:   b775f288 01320232 00000000 01416ff4
0xb775f278:   b775f298 00e3569c ffffffff 09cac000
0xb775f288:   b775f2b8 01316c8a 00000000 01416ff4
0xb775f298:   b775f2b8 01316274 ffffffff 09cac000
0xb775f2a8:   09cac000 0131623c 00000000 01416ff4
0xb775f2b8:   b775f2f8 01318bd0 09cac000 0142df90 

Instructions: (pc=0x009f3e91)
0x009f3e81:   00 85 c0 0f 85 a0 00 00 00 85 d2 74 53 83 ea 08
0x009f3e91:   8b 42 04 a8 02 75 58 a8 04 8d b3 cc 13 00 00 74 

Stack: [0xb770f000,0xb7760000],  sp=0xb775f248,  free space=320k
Native frames: (J=compiled Java code, j=interpreted, Vv=VM code, C=native code)
C  [libc.so.6+0x6fe91]  cfree+0x31
V  [libjvm.so+0x5176bc]
V  [libjvm.so+0x12969c]
V  [libjvm.so+0x60a274]
V  [libjvm.so+0x60cbd0]
V  [libjvm.so+0x391709]
C  [java+0x3235]  JavaMain+0xd65
C  [libpthread.so.0+0x596e]


---------------  P R O C E S S  ---------------

VM state:not at safepoint (normal execution)

VM Mutex/Monitor currently owned by a thread: None

Heap
 PSYoungGen      total 12992K, used 448K [0xa5ef0000, 0xa6d60000, 0xb4640000)
  eden space 11200K, 4% used [0xa5ef0000,0xa5f60068,0xa69e0000)
  from space 1792K, 0% used [0xa6ba0000,0xa6ba0000,0xa6d60000)
  to   space 1792K, 0% used [0xa69e0000,0xa69e0000,0xa6ba0000)
 PSOldGen        total 29568K, used 0K [0x89040000, 0x8ad20000, 0xa5ef0000)
  object space 29568K, 0% used [0x89040000,0x89040000,0x8ad20000)
 PSPermGen       total 16384K, used 1930K [0x81040000, 0x82040000, 0x89040000)
  object space 16384K, 11% used [0x81040000,0x81222a38,0x82040000)

Dynamic libraries:
00110000-0011c000 r-xp 00000000 08:05 1586225    /usr/lib/jvm/java-6-openjdk/jre/lib/i386/libverify.so
0011c000-0011d000 r--p 0000b000 08:05 1586225    /usr/lib/jvm/java-6-openjdk/jre/lib/i386/libverify.so
0011d000-0011e000 rw-p 0000c000 08:05 1586225    /usr/lib/jvm/java-6-openjdk/jre/lib/i386/libverify.so
0012a000-0012d000 r-xp 00000000 08:05 1586197    /usr/lib/jvm/java-6-openjdk/jre/lib/i386/jli/libjli.so
0012d000-0012e000 r--p 00003000 08:05 1586197    /usr/lib/jvm/java-6-openjdk/jre/lib/i386/jli/libjli.so
0012e000-0012f000 rw-p 00004000 08:05 1586197    /usr/lib/jvm/java-6-openjdk/jre/lib/i386/jli/libjli.so
0012f000-00142000 r-xp 00000000 08:05 527208     /lib/tls/i686/cmov/libnsl-2.11.1.so
00142000-00143000 r--p 00012000 08:05 527208     /lib/tls/i686/cmov/libnsl-2.11.1.so
00143000-00144000 rw-p 00013000 08:05 527208     /lib/tls/i686/cmov/libnsl-2.11.1.so
00144000-00146000 rw-p 00000000 00:00 0 
001b3000-001d7000 r-xp 00000000 08:05 527205     /lib/tls/i686/cmov/libm-2.11.1.so
001d7000-001d8000 r--p 00023000 08:05 527205     /lib/tls/i686/cmov/libm-2.11.1.so
001d8000-001d9000 rw-p 00024000 08:05 527205     /lib/tls/i686/cmov/libm-2.11.1.so
00205000-00206000 r-xp 00000000 08:05 1591687    /usr/lib/libgraph.so
00206000-00207000 r--p 00000000 08:05 1591687    /usr/lib/libgraph.so
00207000-00208000 rw-p 00001000 08:05 1591687    /usr/lib/libgraph.so
0025c000-00263000 r-xp 00000000 08:05 527227     /lib/tls/i686/cmov/librt-2.11.1.so
00263000-00264000 r--p 00006000 08:05 527227     /lib/tls/i686/cmov/librt-2.11.1.so
00264000-00265000 rw-p 00007000 08:05 527227     /lib/tls/i686/cmov/librt-2.11.1.so
002e8000-002f2000 r-xp 00000000 08:05 527214     /lib/tls/i686/cmov/libnss_files-2.11.1.so
002f2000-002f3000 r--p 00009000 08:05 527214     /lib/tls/i686/cmov/libnss_files-2.11.1.so
002f3000-002f4000 rw-p 0000a000 08:05 527214     /lib/tls/i686/cmov/libnss_files-2.11.1.so
004be000-004c4000 r-xp 00000000 08:05 527210     /lib/tls/i686/cmov/libnss_compat-2.11.1.so
004c4000-004c5000 r--p 00006000 08:05 527210     /lib/tls/i686/cmov/libnss_compat-2.11.1.so
004c5000-004c6000 rw-p 00007000 08:05 527210     /lib/tls/i686/cmov/libnss_compat-2.11.1.so
00727000-00728000 r-xp 00000000 00:00 0          [vdso]
00760000-00768000 r-xp 00000000 08:05 527218     /lib/tls/i686/cmov/libnss_nis-2.11.1.so
00768000-00769000 r--p 00007000 08:05 527218     /lib/tls/i686/cmov/libnss_nis-2.11.1.so
00769000-0076a000 rw-p 00008000 08:05 527218     /lib/tls/i686/cmov/libnss_nis-2.11.1.so
007c5000-007cc000 r-xp 00000000 08:05 1586228    /usr/lib/jvm/java-6-openjdk/jre/lib/i386/native_threads/libhpi.so
007cc000-007cd000 r--p 00006000 08:05 1586228    /usr/lib/jvm/java-6-openjdk/jre/lib/i386/native_threads/libhpi.so
007cd000-007ce000 rw-p 00007000 08:05 1586228    /usr/lib/jvm/java-6-openjdk/jre/lib/i386/native_threads/libhpi.so
00887000-0088e000 r-xp 00000000 08:05 1586226    /usr/lib/jvm/java-6-openjdk/jre/lib/i386/libzip.so
0088e000-0088f000 r--p 00006000 08:05 1586226    /usr/lib/jvm/java-6-openjdk/jre/lib/i386/libzip.so
0088f000-00890000 rw-p 00007000 08:05 1586226    /usr/lib/jvm/java-6-openjdk/jre/lib/i386/libzip.so
008ce000-008e9000 r-xp 00000000 08:05 523290     /lib/ld-2.11.1.so
008e9000-008ea000 r--p 0001a000 08:05 523290     /lib/ld-2.11.1.so
008ea000-008eb000 rw-p 0001b000 08:05 523290     /lib/ld-2.11.1.so
00984000-00ad7000 r-xp 00000000 08:05 527197     /lib/tls/i686/cmov/libc-2.11.1.so
00ad7000-00ad8000 ---p 00153000 08:05 527197     /lib/tls/i686/cmov/libc-2.11.1.so
00ad8000-00ada000 r--p 00153000 08:05 527197     /lib/tls/i686/cmov/libc-2.11.1.so
00ada000-00adb000 rw-p 00155000 08:05 527197     /lib/tls/i686/cmov/libc-2.11.1.so
00adb000-00ade000 rw-p 00000000 00:00 0 
00b56000-00b69000 r-xp 00000000 08:05 523463     /lib/libz.so.1.2.3.3
00b69000-00b6a000 r--p 00012000 08:05 523463     /lib/libz.so.1.2.3.3
00b6a000-00b6b000 rw-p 00013000 08:05 523463     /lib/libz.so.1.2.3.3
00c84000-00c99000 r-xp 00000000 08:05 527223     /lib/tls/i686/cmov/libpthread-2.11.1.so
00c99000-00c9a000 r--p 00014000 08:05 527223     /lib/tls/i686/cmov/libpthread-2.11.1.so
00c9a000-00c9b000 rw-p 00015000 08:05 527223     /lib/tls/i686/cmov/libpthread-2.11.1.so
00c9b000-00c9d000 rw-p 00000000 00:00 0 
00cca000-00cee000 r-xp 00000000 08:05 1586209    /usr/lib/jvm/java-6-openjdk/jre/lib/i386/libjava.so
00cee000-00cef000 r--p 00023000 08:05 1586209    /usr/lib/jvm/java-6-openjdk/jre/lib/i386/libjava.so
00cef000-00cf1000 rw-p 00024000 08:05 1586209    /usr/lib/jvm/java-6-openjdk/jre/lib/i386/libjava.so
00d08000-00d0a000 r-xp 00000000 08:05 527203     /lib/tls/i686/cmov/libdl-2.11.1.so
00d0a000-00d0b000 r--p 00001000 08:05 527203     /lib/tls/i686/cmov/libdl-2.11.1.so
00d0b000-00d0c000 rw-p 00002000 08:05 527203     /lib/tls/i686/cmov/libdl-2.11.1.so
00d0c000-013d1000 r-xp 00000000 08:05 1586230    /usr/lib/jvm/java-6-openjdk/jre/lib/i386/server/libjvm.so
013d1000-013d2000 ---p 006c5000 08:05 1586230    /usr/lib/jvm/java-6-openjdk/jre/lib/i386/server/libjvm.so
013d2000-01417000 r--p 006c5000 08:05 1586230    /usr/lib/jvm/java-6-openjdk/jre/lib/i386/server/libjvm.so
01417000-01426000 rw-p 0070a000 08:05 1586230    /usr/lib/jvm/java-6-openjdk/jre/lib/i386/server/libjvm.so
01426000-01845000 rw-p 00000000 00:00 0 
08048000-08051000 r-xp 00000000 08:05 1586258    /usr/lib/jvm/java-6-openjdk/jre/bin/java
08051000-08052000 r--p 00008000 08:05 1586258    /usr/lib/jvm/java-6-openjdk/jre/bin/java
08052000-08053000 rw-p 00009000 08:05 1586258    /usr/lib/jvm/java-6-openjdk/jre/bin/java
09ca5000-09d52000 rw-p 00000000 00:00 0          [heap]
80629000-8062a000 ---p 00000000 00:00 0 
8062a000-806aa000 rw-p 00000000 00:00 0 
806aa000-806ad000 ---p 00000000 00:00 0 
806ad000-806fb000 rw-p 00000000 00:00 0 
806fb000-806fe000 ---p 00000000 00:00 0 
806fe000-8077c000 rw-p 00000000 00:00 0 
8077c000-8077f000 ---p 00000000 00:00 0 
8077f000-807fd000 rw-p 00000000 00:00 0 
807fd000-80800000 ---p 00000000 00:00 0 
80800000-8084e000 rw-p 00000000 00:00 0 
8084e000-80851000 ---p 00000000 00:00 0 
80851000-8089f000 rw-p 00000000 00:00 0 
8089f000-808a2000 ---p 00000000 00:00 0 
808a2000-808f0000 rw-p 00000000 00:00 0 
808f0000-808f1000 ---p 00000000 00:00 0 
808f1000-80971000 rw-p 00000000 00:00 0 
80971000-80b00000 r--s 038c4000 08:05 1586189    /usr/lib/jvm/java-6-openjdk/jre/lib/rt.jar
80b00000-80b33000 rw-p 00000000 00:00 0 
80b33000-80c00000 ---p 00000000 00:00 0 
80c08000-80c47000 r--p 00000000 08:05 1577945    /usr/lib/locale/en_IN/LC_CTYPE
80c47000-80c7a000 rw-p 00000000 00:00 0 
80c7a000-80c7b000 ---p 00000000 00:00 0 
80c7b000-80cfb000 rw-p 00000000 00:00 0 
80cfb000-80cfc000 ---p 00000000 00:00 0 
80cfc000-80d84000 rw-p 00000000 00:00 0 
80d84000-80dbc000 rw-p 00000000 00:00 0 
80dbc000-80dcb000 rw-p 00000000 00:00 0 
80dcb000-80ea4000 rw-p 00000000 00:00 0 
80ea4000-80eac000 rw-p 00000000 00:00 0 
80eac000-80ee4000 rw-p 00000000 00:00 0 
80ee4000-80ef3000 rw-p 00000000 00:00 0 
80ef3000-80fcb000 rw-p 00000000 00:00 0 
80fcb000-80fd3000 rw-p 00000000 00:00 0 
80fd3000-8103f000 rw-p 00000000 00:00 0 
8103f000-82040000 rw-p 00000000 00:00 0 
82040000-89040000 rw-p 00000000 00:00 0 
89040000-8ad20000 rw-p 00000000 00:00 0 
8ad20000-a5ef0000 rw-p 00000000 00:00 0 
a5ef0000-a6d60000 rw-p 00000000 00:00 0 
a6d60000-b4640000 rw-p 00000000 00:00 0 
b4643000-b464c000 r--s 00065000 08:05 6219       /usr/share/java/gnome-java-bridge.jar
b464c000-b464f000 r--s 0000f000 08:05 1577575    /usr/lib/jvm/java-6-openjdk/jre/lib/ext/pulse-java.jar
b464f000-b4658000 rw-p 00000000 00:00 0 
b4658000-b470f000 rw-p 00000000 00:00 0 
b470f000-b494f000 rwxp 00000000 00:00 0 
b494f000-b770f000 rw-p 00000000 00:00 0 
b770f000-b7712000 ---p 00000000 00:00 0 
b7712000-b7764000 rw-p 00000000 00:00 0 
b7764000-b7766000 r--s 0001d000 08:05 1577596    /usr/lib/jvm/java-6-openjdk/jre/lib/plugin.jar
b7766000-b776b000 r--s 00045000 08:05 1577595    /usr/lib/jvm/java-6-openjdk/jre/lib/netx.jar
b776b000-b7773000 rw-s 00000000 08:05 665389     /tmp/hsperfdata_root/2904
b7773000-b7774000 rw-p 00000000 00:00 0 
b7774000-b7775000 r--p 00000000 00:00 0 
b7775000-b7777000 rw-p 00000000 00:00 0 
bfaf6000-bfb0b000 rw-p 00000000 00:00 0          [stack]

VM Arguments:
jvm_args: -Dfile.encoding=UTF-8 
java_command: FileAccess.graph
Launcher Type: SUN_STANDARD

Environment Variables:
PATH=/usr/local/sbin:/usr/local/bin:/usr/sbin:/usr/bin:/sbin:/bin:/usr/games
USERNAME=root
LD_LIBRARY_PATH=/usr/lib/jvm/java-6-openjdk/jre/lib/i386/server:/usr/lib/jvm/java-6-openjdk/jre/lib/i386:/usr/lib/jvm/java-6-openjdk/jre/../lib/i386:/usr/lib/jvm/java-6-openjdk/jre/lib/i386/client:/usr/lib/jvm/java-6-openjdk/jre/lib/i386:/usr/lib/jvm/java-6-openjdk/jre/../lib/i386
SHELL=/bin/bash
DISPLAY=:0.0

Signal Handlers:
SIGSEGV: [libjvm.so+0x64a040], sa_mask[0]=0x7ffbfeff, sa_flags=0x10000004
SIGBUS: [libjvm.so+0x64a040], sa_mask[0]=0x7ffbfeff, sa_flags=0x10000004
SIGFPE: [libjvm.so+0x51c0d0], sa_mask[0]=0x7ffbfeff, sa_flags=0x10000004
SIGPIPE: [libjvm.so+0x51c0d0], sa_mask[0]=0x7ffbfeff, sa_flags=0x10000004
SIGXFSZ: [libjvm.so+0x51c0d0], sa_mask[0]=0x7ffbfeff, sa_flags=0x10000004
SIGILL: [libjvm.so+0x51c0d0], sa_mask[0]=0x7ffbfeff, sa_flags=0x10000004
SIGUSR1: SIG_DFL, sa_mask[0]=0x00000000, sa_flags=0x00000000
SIGUSR2: [libjvm.so+0x51b780], sa_mask[0]=0x00000004, sa_flags=0x10000004
SIGHUP: [libjvm.so+0x51e2f0], sa_mask[0]=0x7ffbfeff, sa_flags=0x10000004
SIGINT: SIG_IGN, sa_mask[0]=0x00000000, sa_flags=0x00000000
SIGTERM: [libjvm.so+0x51e2f0], sa_mask[0]=0x7ffbfeff, sa_flags=0x10000004
SIGQUIT: [libjvm.so+0x51e2f0], sa_mask[0]=0x7ffbfeff, sa_flags=0x10000004


---------------  S Y S T E M  ---------------

OS:Ubuntu 10.04 (lucid)
uname:Linux 2.6.32-33-generic #70-Ubuntu SMP Thu Jul 7 21:09:46 UTC 2011 i686
libc:glibc 2.11.1 NPTL 2.11.1 
rlimit: STACK 8192k, CORE 0k, NPROC infinity, NOFILE 1024, AS infinity
load average:0.64 0.61 0.56

/proc/meminfo:
MemTotal:        2836956 kB
MemFree:         1303484 kB
Buffers:          338152 kB
Cached:           730380 kB
SwapCached:            0 kB
Active:           511788 kB
Inactive:         929712 kB
Active(anon):     373384 kB
Inactive(anon):     5340 kB
Active(file):     138404 kB
Inactive(file):   924372 kB
Unevictable:           0 kB
Mlocked:               0 kB
HighTotal:       1973064 kB
HighFree:         839232 kB
LowTotal:         863892 kB
LowFree:          464252 kB
SwapTotal:       3234808 kB
SwapFree:        3234808 kB
Dirty:               176 kB
Writeback:             0 kB
AnonPages:        373020 kB
Mapped:           101116 kB
Shmem:              5760 kB
Slab:              34864 kB
SReclaimable:      23408 kB
SUnreclaim:        11456 kB
KernelStack:        2512 kB
PageTables:         6276 kB
NFS_Unstable:          0 kB
Bounce:                0 kB
WritebackTmp:          0 kB
CommitLimit:     4653284 kB
Committed_AS:    1245960 kB
VmallocTotal:     122880 kB
VmallocUsed:       72908 kB
VmallocChunk:      42364 kB
HardwareCorrupted:     0 kB
HugePages_Total:       0
HugePages_Free:        0
HugePages_Rsvd:        0
HugePages_Surp:        0
Hugepagesize:       4096 kB
DirectMap4k:       12280 kB
DirectMap4M:      897024 kB


CPU:total 2 (2 cores per cpu, 1 threads per core) family 17 model 3 stepping 1, cmov, cx8, fxsr, mmx, sse, sse2, sse3, mmxext, 3dnow, 3dnowext

Memory: 4k page, physical 2836956k(1303484k free), swap 3234808k(3234808k free)

vm_info: OpenJDK Server VM (19.0-b09) for linux-x86 JRE (1.6.0_20-b20), built on Jan 21 2012 08:10:55 by "buildd" with gcc 4.4.3

time: Fri Mar  2 00:13:30 2012
elapsed time: 0 seconds

