#
# A fatal error has been detected by the Java Runtime Environment:
#
#  SIGSEGV (0xb) at pc=0x0017fe91, pid=2946, tid=3078572912
#
# JRE version: 6.0_20-b20
# Java VM: OpenJDK Server VM (19.0-b09 mixed mode linux-x86 )
# Derivative: IcedTea6 1.9.10
# Distribution: Ubuntu 10.04.1 LTS, package 6b20-1.9.10-0ubuntu1~10.04.3
# Problematic frame:
# C  [libc.so.6+0x6fe91]  cfree+0x31
#
# If you would like to submit a bug report, please include
# instructions how to reproduce the bug and visit:
#   https://bugs.launchpad.net/ubuntu/+source/openjdk-6/
#

---------------  T H R E A D  ---------------

Current thread is native thread

siginfo:si_signo=SIGSEGV: si_errno=0, si_code=1 (SEGV_MAPERR), si_addr=0xfffffffb

Registers:
EAX=0x00000000, EBX=0x00265ff4, ECX=0xffffffff, EDX=0xfffffff7
ESP=0xb77f4248, EBP=0xb77f4258, ESI=0x08ad0000, EDI=0x08ad0000
EIP=0x0017fe91, CR2=0xfffffffb, EFLAGS=0x00010282

Register to memory mapping:

EAX=0x00000000
0x00000000 is pointing to unknown location

EBX=0x00265ff4
0x00265ff4: <offset 0x155ff4> in /lib/tls/i686/cmov/libc.so.6 at 0x00110000

ECX=0xffffffff
0xffffffff is pointing to unknown location

EDX=0xfffffff7
0xfffffff7 is pointing to unknown location

ESP=0xb77f4248
0xb77f4248 is pointing to unknown location

EBP=0xb77f4258
0xb77f4258 is pointing to unknown location

ESI=0x08ad0000
0x08ad0000 is pointing to unknown location

EDI=0x08ad0000
0x08ad0000 is pointing to unknown location


Top of Stack: (sp=0xb77f4248)
0xb77f4248:   b77f4268 00a9ae61 016d0ff4 08ad0000
0xb77f4258:   b77f4278 014dd6bc ffffffff 014ded56
0xb77f4268:   b77f4288 015da232 00000000 016d0ff4
0xb77f4278:   b77f4298 010ef69c ffffffff 08ad0000
0xb77f4288:   b77f42b8 015d0c8a 00000000 016d0ff4
0xb77f4298:   b77f42b8 015d0274 ffffffff 08ad0000
0xb77f42a8:   08ad0000 015d023c 00000000 016d0ff4
0xb77f42b8:   b77f42f8 015d2bd0 08ad0000 016e7f90 

Instructions: (pc=0x0017fe91)
0x0017fe81:   00 85 c0 0f 85 a0 00 00 00 85 d2 74 53 83 ea 08
0x0017fe91:   8b 42 04 a8 02 75 58 a8 04 8d b3 cc 13 00 00 74 

Stack: [0xb77a4000,0xb77f5000],  sp=0xb77f4248,  free space=320k
Native frames: (J=compiled Java code, j=interpreted, Vv=VM code, C=native code)
C  [libc.so.6+0x6fe91]  cfree+0x31
V  [libjvm.so+0x5176bc]
V  [libjvm.so+0x12969c]
V  [libjvm.so+0x60a274]
V  [libjvm.so+0x60cbd0]
V  [libjvm.so+0x391709]
C  [java+0x3235]  JavaMain+0xd65
C  [libpthread.so.0+0x596e]


---------------  P R O C E S S  ---------------

VM state:not at safepoint (normal execution)

VM Mutex/Monitor currently owned by a thread: None

Heap
 PSYoungGen      total 12992K, used 448K [0xa5f90000, 0xa6e00000, 0xb46e0000)
  eden space 11200K, 4% used [0xa5f90000,0xa6000068,0xa6a80000)
  from space 1792K, 0% used [0xa6c40000,0xa6c40000,0xa6e00000)
  to   space 1792K, 0% used [0xa6a80000,0xa6a80000,0xa6c40000)
 PSOldGen        total 29568K, used 0K [0x890e0000, 0x8adc0000, 0xa5f90000)
  object space 29568K, 0% used [0x890e0000,0x890e0000,0x8adc0000)
 PSPermGen       total 16384K, used 1930K [0x810e0000, 0x820e0000, 0x890e0000)
  object space 16384K, 11% used [0x810e0000,0x812c2a38,0x820e0000)

Dynamic libraries:
00110000-00263000 r-xp 00000000 08:05 527197     /lib/tls/i686/cmov/libc-2.11.1.so
00263000-00264000 ---p 00153000 08:05 527197     /lib/tls/i686/cmov/libc-2.11.1.so
00264000-00266000 r--p 00153000 08:05 527197     /lib/tls/i686/cmov/libc-2.11.1.so
00266000-00267000 rw-p 00155000 08:05 527197     /lib/tls/i686/cmov/libc-2.11.1.so
00267000-0026a000 rw-p 00000000 00:00 0 
0026a000-00271000 r-xp 00000000 08:05 1586228    /usr/lib/jvm/java-6-openjdk/jre/lib/i386/native_threads/libhpi.so
00271000-00272000 r--p 00006000 08:05 1586228    /usr/lib/jvm/java-6-openjdk/jre/lib/i386/native_threads/libhpi.so
00272000-00273000 rw-p 00007000 08:05 1586228    /usr/lib/jvm/java-6-openjdk/jre/lib/i386/native_threads/libhpi.so
0039c000-003af000 r-xp 00000000 08:05 527208     /lib/tls/i686/cmov/libnsl-2.11.1.so
003af000-003b0000 r--p 00012000 08:05 527208     /lib/tls/i686/cmov/libnsl-2.11.1.so
003b0000-003b1000 rw-p 00013000 08:05 527208     /lib/tls/i686/cmov/libnsl-2.11.1.so
003b1000-003b3000 rw-p 00000000 00:00 0 
00578000-0057f000 r-xp 00000000 08:05 527227     /lib/tls/i686/cmov/librt-2.11.1.so
0057f000-00580000 r--p 00006000 08:05 527227     /lib/tls/i686/cmov/librt-2.11.1.so
00580000-00581000 rw-p 00007000 08:05 527227     /lib/tls/i686/cmov/librt-2.11.1.so
005aa000-005ab000 r-xp 00000000 08:05 1591687    /usr/lib/libgraph.so
005ab000-005ac000 r--p 00000000 08:05 1591687    /usr/lib/libgraph.so
005ac000-005ad000 rw-p 00001000 08:05 1591687    /usr/lib/libgraph.so
00630000-00636000 r-xp 00000000 08:05 527210     /lib/tls/i686/cmov/libnss_compat-2.11.1.so
00636000-00637000 r--p 00006000 08:05 527210     /lib/tls/i686/cmov/libnss_compat-2.11.1.so
00637000-00638000 rw-p 00007000 08:05 527210     /lib/tls/i686/cmov/libnss_compat-2.11.1.so
0066a000-0066b000 r-xp 00000000 00:00 0          [vdso]
0090b000-00917000 r-xp 00000000 08:05 1586225    /usr/lib/jvm/java-6-openjdk/jre/lib/i386/libverify.so
00917000-00918000 r--p 0000b000 08:05 1586225    /usr/lib/jvm/java-6-openjdk/jre/lib/i386/libverify.so
00918000-00919000 rw-p 0000c000 08:05 1586225    /usr/lib/jvm/java-6-openjdk/jre/lib/i386/libverify.so
0094b000-0094d000 r-xp 00000000 08:05 527203     /lib/tls/i686/cmov/libdl-2.11.1.so
0094d000-0094e000 r--p 00001000 08:05 527203     /lib/tls/i686/cmov/libdl-2.11.1.so
0094e000-0094f000 rw-p 00002000 08:05 527203     /lib/tls/i686/cmov/libdl-2.11.1.so
00a90000-00aa5000 r-xp 00000000 08:05 527223     /lib/tls/i686/cmov/libpthread-2.11.1.so
00aa5000-00aa6000 r--p 00014000 08:05 527223     /lib/tls/i686/cmov/libpthread-2.11.1.so
00aa6000-00aa7000 rw-p 00015000 08:05 527223     /lib/tls/i686/cmov/libpthread-2.11.1.so
00aa7000-00aa9000 rw-p 00000000 00:00 0 
00ac9000-00aed000 r-xp 00000000 08:05 527205     /lib/tls/i686/cmov/libm-2.11.1.so
00aed000-00aee000 r--p 00023000 08:05 527205     /lib/tls/i686/cmov/libm-2.11.1.so
00aee000-00aef000 rw-p 00024000 08:05 527205     /lib/tls/i686/cmov/libm-2.11.1.so
00d11000-00d19000 r-xp 00000000 08:05 527218     /lib/tls/i686/cmov/libnss_nis-2.11.1.so
00d19000-00d1a000 r--p 00007000 08:05 527218     /lib/tls/i686/cmov/libnss_nis-2.11.1.so
00d1a000-00d1b000 rw-p 00008000 08:05 527218     /lib/tls/i686/cmov/libnss_nis-2.11.1.so
00d4d000-00d71000 r-xp 00000000 08:05 1586209    /usr/lib/jvm/java-6-openjdk/jre/lib/i386/libjava.so
00d71000-00d72000 r--p 00023000 08:05 1586209    /usr/lib/jvm/java-6-openjdk/jre/lib/i386/libjava.so
00d72000-00d74000 rw-p 00024000 08:05 1586209    /usr/lib/jvm/java-6-openjdk/jre/lib/i386/libjava.so
00e0f000-00e19000 r-xp 00000000 08:05 527214     /lib/tls/i686/cmov/libnss_files-2.11.1.so
00e19000-00e1a000 r--p 00009000 08:05 527214     /lib/tls/i686/cmov/libnss_files-2.11.1.so
00e1a000-00e1b000 rw-p 0000a000 08:05 527214     /lib/tls/i686/cmov/libnss_files-2.11.1.so
00eba000-00ecd000 r-xp 00000000 08:05 523463     /lib/libz.so.1.2.3.3
00ecd000-00ece000 r--p 00012000 08:05 523463     /lib/libz.so.1.2.3.3
00ece000-00ecf000 rw-p 00013000 08:05 523463     /lib/libz.so.1.2.3.3
00ef7000-00f12000 r-xp 00000000 08:05 523290     /lib/ld-2.11.1.so
00f12000-00f13000 r--p 0001a000 08:05 523290     /lib/ld-2.11.1.so
00f13000-00f14000 rw-p 0001b000 08:05 523290     /lib/ld-2.11.1.so
00f73000-00f7a000 r-xp 00000000 08:05 1586226    /usr/lib/jvm/java-6-openjdk/jre/lib/i386/libzip.so
00f7a000-00f7b000 r--p 00006000 08:05 1586226    /usr/lib/jvm/java-6-openjdk/jre/lib/i386/libzip.so
00f7b000-00f7c000 rw-p 00007000 08:05 1586226    /usr/lib/jvm/java-6-openjdk/jre/lib/i386/libzip.so
00fc1000-00fc4000 r-xp 00000000 08:05 1586197    /usr/lib/jvm/java-6-openjdk/jre/lib/i386/jli/libjli.so
00fc4000-00fc5000 r--p 00003000 08:05 1586197    /usr/lib/jvm/java-6-openjdk/jre/lib/i386/jli/libjli.so
00fc5000-00fc6000 rw-p 00004000 08:05 1586197    /usr/lib/jvm/java-6-openjdk/jre/lib/i386/jli/libjli.so
00fc6000-0168b000 r-xp 00000000 08:05 1586230    /usr/lib/jvm/java-6-openjdk/jre/lib/i386/server/libjvm.so
0168b000-0168c000 ---p 006c5000 08:05 1586230    /usr/lib/jvm/java-6-openjdk/jre/lib/i386/server/libjvm.so
0168c000-016d1000 r--p 006c5000 08:05 1586230    /usr/lib/jvm/java-6-openjdk/jre/lib/i386/server/libjvm.so
016d1000-016e0000 rw-p 0070a000 08:05 1586230    /usr/lib/jvm/java-6-openjdk/jre/lib/i386/server/libjvm.so
016e0000-01aff000 rw-p 00000000 00:00 0 
08048000-08051000 r-xp 00000000 08:05 1586258    /usr/lib/jvm/java-6-openjdk/jre/bin/java
08051000-08052000 r--p 00008000 08:05 1586258    /usr/lib/jvm/java-6-openjdk/jre/bin/java
08052000-08053000 rw-p 00009000 08:05 1586258    /usr/lib/jvm/java-6-openjdk/jre/bin/java
08ac9000-08b97000 rw-p 00000000 00:00 0          [heap]
80600000-80621000 rw-p 00000000 00:00 0 
80621000-80700000 ---p 00000000 00:00 0 
807c1000-807ca000 r--s 00065000 08:05 6219       /usr/share/java/gnome-java-bridge.jar
807ca000-807cb000 ---p 00000000 00:00 0 
807cb000-8084b000 rw-p 00000000 00:00 0 
8084b000-8084e000 ---p 00000000 00:00 0 
8084e000-8089c000 rw-p 00000000 00:00 0 
8089c000-8089f000 ---p 00000000 00:00 0 
8089f000-8091d000 rw-p 00000000 00:00 0 
8091d000-80920000 ---p 00000000 00:00 0 
80920000-8099e000 rw-p 00000000 00:00 0 
8099e000-809a1000 ---p 00000000 00:00 0 
809a1000-809ef000 rw-p 00000000 00:00 0 
809ef000-80a2e000 r--p 00000000 08:05 1577945    /usr/lib/locale/en_IN/LC_CTYPE
80a2e000-80a31000 ---p 00000000 00:00 0 
80a31000-80a7f000 rw-p 00000000 00:00 0 
80a7f000-80a82000 ---p 00000000 00:00 0 
80a82000-80ad0000 rw-p 00000000 00:00 0 
80ad0000-80ad1000 ---p 00000000 00:00 0 
80ad1000-80b51000 rw-p 00000000 00:00 0 
80b51000-80b53000 r--s 0001d000 08:05 1577596    /usr/lib/jvm/java-6-openjdk/jre/lib/plugin.jar
80b53000-80b58000 r--s 00045000 08:05 1577595    /usr/lib/jvm/java-6-openjdk/jre/lib/netx.jar
80b58000-80b8b000 rw-p 00000000 00:00 0 
80b8b000-80d1a000 r--s 038c4000 08:05 1586189    /usr/lib/jvm/java-6-openjdk/jre/lib/rt.jar
80d1a000-80d1b000 ---p 00000000 00:00 0 
80d1b000-80d9b000 rw-p 00000000 00:00 0 
80d9b000-80d9c000 ---p 00000000 00:00 0 
80d9c000-80e24000 rw-p 00000000 00:00 0 
80e24000-80e5c000 rw-p 00000000 00:00 0 
80e5c000-80e6b000 rw-p 00000000 00:00 0 
80e6b000-80f44000 rw-p 00000000 00:00 0 
80f44000-80f4c000 rw-p 00000000 00:00 0 
80f4c000-80f84000 rw-p 00000000 00:00 0 
80f84000-80f93000 rw-p 00000000 00:00 0 
80f93000-8106b000 rw-p 00000000 00:00 0 
8106b000-81073000 rw-p 00000000 00:00 0 
81073000-810df000 rw-p 00000000 00:00 0 
810df000-820e0000 rw-p 00000000 00:00 0 
820e0000-890e0000 rw-p 00000000 00:00 0 
890e0000-8adc0000 rw-p 00000000 00:00 0 
8adc0000-a5f90000 rw-p 00000000 00:00 0 
a5f90000-a6e00000 rw-p 00000000 00:00 0 
a6e00000-b46e0000 rw-p 00000000 00:00 0 
b46e4000-b46ed000 rw-p 00000000 00:00 0 
b46ed000-b47a4000 rw-p 00000000 00:00 0 
b47a4000-b49e4000 rwxp 00000000 00:00 0 
b49e4000-b77a4000 rw-p 00000000 00:00 0 
b77a4000-b77a7000 ---p 00000000 00:00 0 
b77a7000-b77f8000 rw-p 00000000 00:00 0 
b77fc000-b77fd000 rw-p 00000000 00:00 0 
b77fd000-b7800000 r--s 0000f000 08:05 1577575    /usr/lib/jvm/java-6-openjdk/jre/lib/ext/pulse-java.jar
b7800000-b7808000 rw-s 00000000 08:05 665389     /tmp/hsperfdata_root/2946
b7808000-b7809000 rw-p 00000000 00:00 0 
b7809000-b780a000 r--p 00000000 00:00 0 
b780a000-b780c000 rw-p 00000000 00:00 0 
bf813000-bf828000 rw-p 00000000 00:00 0          [stack]

VM Arguments:
jvm_args: -Dfile.encoding=UTF-8 
java_command: FileAccess.graph
Launcher Type: SUN_STANDARD

Environment Variables:
PATH=/usr/local/sbin:/usr/local/bin:/usr/sbin:/usr/bin:/sbin:/bin:/usr/games
USERNAME=root
LD_LIBRARY_PATH=/usr/lib/jvm/java-6-openjdk/jre/lib/i386/server:/usr/lib/jvm/java-6-openjdk/jre/lib/i386:/usr/lib/jvm/java-6-openjdk/jre/../lib/i386:/usr/lib/jvm/java-6-openjdk/jre/lib/i386/client:/usr/lib/jvm/java-6-openjdk/jre/lib/i386:/usr/lib/jvm/java-6-openjdk/jre/../lib/i386
SHELL=/bin/bash
DISPLAY=:0.0

Signal Handlers:
SIGSEGV: [libjvm.so+0x64a040], sa_mask[0]=0x7ffbfeff, sa_flags=0x10000004
SIGBUS: [libjvm.so+0x64a040], sa_mask[0]=0x7ffbfeff, sa_flags=0x10000004
SIGFPE: [libjvm.so+0x51c0d0], sa_mask[0]=0x7ffbfeff, sa_flags=0x10000004
SIGPIPE: [libjvm.so+0x51c0d0], sa_mask[0]=0x7ffbfeff, sa_flags=0x10000004
SIGXFSZ: [libjvm.so+0x51c0d0], sa_mask[0]=0x7ffbfeff, sa_flags=0x10000004
SIGILL: [libjvm.so+0x51c0d0], sa_mask[0]=0x7ffbfeff, sa_flags=0x10000004
SIGUSR1: SIG_DFL, sa_mask[0]=0x00000000, sa_flags=0x00000000
SIGUSR2: [libjvm.so+0x51b780], sa_mask[0]=0x00000004, sa_flags=0x10000004
SIGHUP: [libjvm.so+0x51e2f0], sa_mask[0]=0x7ffbfeff, sa_flags=0x10000004
SIGINT: SIG_IGN, sa_mask[0]=0x00000000, sa_flags=0x00000000
SIGTERM: [libjvm.so+0x51e2f0], sa_mask[0]=0x7ffbfeff, sa_flags=0x10000004
SIGQUIT: [libjvm.so+0x51e2f0], sa_mask[0]=0x7ffbfeff, sa_flags=0x10000004


---------------  S Y S T E M  ---------------

OS:Ubuntu 10.04 (lucid)
uname:Linux 2.6.32-33-generic #70-Ubuntu SMP Thu Jul 7 21:09:46 UTC 2011 i686
libc:glibc 2.11.1 NPTL 2.11.1 
rlimit: STACK 8192k, CORE 0k, NPROC infinity, NOFILE 1024, AS infinity
load average:0.30 0.49 0.52

/proc/meminfo:
MemTotal:        2836956 kB
MemFree:         1297796 kB
Buffers:          338400 kB
Cached:           730396 kB
SwapCached:            0 kB
Active:           517168 kB
Inactive:         929952 kB
Active(anon):     378740 kB
Inactive(anon):     5352 kB
Active(file):     138428 kB
Inactive(file):   924600 kB
Unevictable:           0 kB
Mlocked:               0 kB
HighTotal:       1973064 kB
HighFree:         833776 kB
LowTotal:         863892 kB
LowFree:          464020 kB
SwapTotal:       3234808 kB
SwapFree:        3234808 kB
Dirty:                76 kB
Writeback:             0 kB
AnonPages:        378340 kB
Mapped:           101112 kB
Shmem:              5772 kB
Slab:              34840 kB
SReclaimable:      23396 kB
SUnreclaim:        11444 kB
KernelStack:        2448 kB
PageTables:         6216 kB
NFS_Unstable:          0 kB
Bounce:                0 kB
WritebackTmp:          0 kB
CommitLimit:     4653284 kB
Committed_AS:    1243156 kB
VmallocTotal:     122880 kB
VmallocUsed:       72908 kB
VmallocChunk:      42364 kB
HardwareCorrupted:     0 kB
HugePages_Total:       0
HugePages_Free:        0
HugePages_Rsvd:        0
HugePages_Surp:        0
Hugepagesize:       4096 kB
DirectMap4k:       12280 kB
DirectMap4M:      897024 kB


CPU:total 2 (2 cores per cpu, 1 threads per core) family 17 model 3 stepping 1, cmov, cx8, fxsr, mmx, sse, sse2, sse3, mmxext, 3dnow, 3dnowext

Memory: 4k page, physical 2836956k(1297796k free), swap 3234808k(3234808k free)

vm_info: OpenJDK Server VM (19.0-b09) for linux-x86 JRE (1.6.0_20-b20), built on Jan 21 2012 08:10:55 by "buildd" with gcc 4.4.3

time: Fri Mar  2 00:16:05 2012
elapsed time: 0 seconds

