#
# A fatal error has been detected by the Java Runtime Environment:
#
#  SIGSEGV (0xb) at pc=0xb47acf62, pid=2854, tid=3078556528
#
# JRE version: 6.0_20-b20
# Java VM: OpenJDK Server VM (19.0-b09 mixed mode linux-x86 )
# Derivative: IcedTea6 1.9.10
# Distribution: Ubuntu 10.04.1 LTS, package 6b20-1.9.10-0ubuntu1~10.04.3
# Problematic frame:
# j  java.util.ArrayList.add(Ljava/lang/Object;)Z+7
#
# If you would like to submit a bug report, please include
# instructions how to reproduce the bug and visit:
#   https://bugs.launchpad.net/ubuntu/+source/openjdk-6/
#

---------------  T H R E A D  ---------------

Current thread (0x09241000):  JavaThread "main" [_thread_in_Java, id=2858, stack(0xb77a0000,0xb77f1000)]

siginfo:si_signo=SIGSEGV: si_errno=0, si_code=1 (SEGV_MAPERR), si_addr=0x3166697a

Registers:
EAX=0x31666976, EBX=0x00000000, ECX=0x00000000, EDX=0xa5fd4b20
ESP=0xb77efcbc, EBP=0xb77efce8, ESI=0x8121ab52, EDI=0xb77efcf4
EIP=0xb47acf62, CR2=0x3166697a, EFLAGS=0x00010202

Register to memory mapping:

EAX=0x31666976
0x31666976 is pointing to unknown location

EBX=0x00000000
0x00000000 is pointing to unknown location

ECX=0x00000000
0x00000000 is pointing to unknown location

EDX=0xa5fd4b20

[error occurred during error reporting (printing registers, top of stack, instructions near pc), id 0xe0000000]

Stack: [0xb77a0000,0xb77f1000],  sp=0xb77efcbc,  free space=319k
Native frames: (J=compiled Java code, j=interpreted, Vv=VM code, C=native code)
j  java.util.ArrayList.add(Ljava/lang/Object;)Z+7
j  Core.VirtualMachine.addVif(Ljava/lang/String;)V+5
v  ~StubRoutines::call_stub
V  [libjvm.so+0x387d72]
V  [libjvm.so+0x519369]
V  [libjvm.so+0x386caf]
V  [libjvm.so+0x392859]
V  [libjvm.so+0x3aac7f]
C  [libvminfo.so+0xa31]  Java_FileAccess_VMInfo_fillInfo+0x31f
j  FileAccess.VMInfo.fillInfo()V+0
j  FileAccess.VMInfo.main([Ljava/lang/String;)V+9
v  ~StubRoutines::call_stub
V  [libjvm.so+0x387d72]
V  [libjvm.so+0x519369]
V  [libjvm.so+0x386caf]
V  [libjvm.so+0x39214c]
V  [libjvm.so+0x3a11ad]
C  [java+0x321d]  JavaMain+0xd4d
C  [libpthread.so.0+0x596e]


---------------  P R O C E S S  ---------------

Java Threads: ( => current thread )
  0x092e6000 JavaThread "Low Memory Detector" daemon [_thread_blocked, id=2867, stack(0x8084b000,0x8089c000)]
  0x092e3000 JavaThread "CompilerThread1" daemon [_thread_blocked, id=2866, stack(0x8089c000,0x8091d000)]
  0x092e0800 JavaThread "CompilerThread0" daemon [_thread_blocked, id=2865, stack(0x8091d000,0x8099e000)]
  0x092df000 JavaThread "Signal Dispatcher" daemon [_thread_blocked, id=2864, stack(0x8099e000,0x809ef000)]
  0x092cc000 JavaThread "Finalizer" daemon [_thread_blocked, id=2863, stack(0x80a2e000,0x80a7f000)]
  0x092ca800 JavaThread "Reference Handler" daemon [_thread_blocked, id=2862, stack(0x80a7f000,0x80ad0000)]
=>0x09241000 JavaThread "main" [_thread_in_Java, id=2858, stack(0xb77a0000,0xb77f1000)]

Other Threads:
  0x092c6c00 VMThread [stack: 0x80ad0000,0x80b51000] [id=2861]
  0x092e7c00 WatcherThread [stack: 0x807ca000,0x8084b000] [id=2868]

VM state:not at safepoint (normal execution)

VM Mutex/Monitor currently owned by a thread: None

Heap
 PSYoungGen      total 12992K, used 448K [0xa5f90000, 0xa6e00000, 0xb46e0000)
  eden space 11200K, 4% used [0xa5f90000,0xa6000060,0xa6a80000)
  from space 1792K, 0% used [0xa6c40000,0xa6c40000,0xa6e00000)
  to   space 1792K, 0% used [0xa6a80000,0xa6a80000,0xa6c40000)
 PSOldGen        total 29568K, used 0K [0x890e0000, 0x8adc0000, 0xa5f90000)
  object space 29568K, 0% used [0x890e0000,0x890e0000,0x8adc0000)
 PSPermGen       total 16384K, used 1941K [0x810e0000, 0x820e0000, 0x890e0000)
  object space 16384K, 11% used [0x810e0000,0x812c5490,0x820e0000)

Dynamic libraries:
0019a000-001a1000 r-xp 00000000 08:05 1586226    /usr/lib/jvm/java-6-openjdk/jre/lib/i386/libzip.so
001a1000-001a2000 r--p 00006000 08:05 1586226    /usr/lib/jvm/java-6-openjdk/jre/lib/i386/libzip.so
001a2000-001a3000 rw-p 00007000 08:05 1586226    /usr/lib/jvm/java-6-openjdk/jre/lib/i386/libzip.so
001a8000-001a9000 r-xp 00000000 00:00 0          [vdso]
001a9000-002fc000 r-xp 00000000 08:05 527197     /lib/tls/i686/cmov/libc-2.11.1.so
002fc000-002fd000 ---p 00153000 08:05 527197     /lib/tls/i686/cmov/libc-2.11.1.so
002fd000-002ff000 r--p 00153000 08:05 527197     /lib/tls/i686/cmov/libc-2.11.1.so
002ff000-00300000 rw-p 00155000 08:05 527197     /lib/tls/i686/cmov/libc-2.11.1.so
00300000-00303000 rw-p 00000000 00:00 0 
003b1000-003b3000 r-xp 00000000 08:05 527203     /lib/tls/i686/cmov/libdl-2.11.1.so
003b3000-003b4000 r--p 00001000 08:05 527203     /lib/tls/i686/cmov/libdl-2.11.1.so
003b4000-003b5000 rw-p 00002000 08:05 527203     /lib/tls/i686/cmov/libdl-2.11.1.so
00553000-00566000 r-xp 00000000 08:05 527208     /lib/tls/i686/cmov/libnsl-2.11.1.so
00566000-00567000 r--p 00012000 08:05 527208     /lib/tls/i686/cmov/libnsl-2.11.1.so
00567000-00568000 rw-p 00013000 08:05 527208     /lib/tls/i686/cmov/libnsl-2.11.1.so
00568000-0056a000 rw-p 00000000 00:00 0 
005d6000-005fa000 r-xp 00000000 08:05 527205     /lib/tls/i686/cmov/libm-2.11.1.so
005fa000-005fb000 r--p 00023000 08:05 527205     /lib/tls/i686/cmov/libm-2.11.1.so
005fb000-005fc000 rw-p 00024000 08:05 527205     /lib/tls/i686/cmov/libm-2.11.1.so
006c4000-006d9000 r-xp 00000000 08:05 527223     /lib/tls/i686/cmov/libpthread-2.11.1.so
006d9000-006da000 r--p 00014000 08:05 527223     /lib/tls/i686/cmov/libpthread-2.11.1.so
006da000-006db000 rw-p 00015000 08:05 527223     /lib/tls/i686/cmov/libpthread-2.11.1.so
006db000-006dd000 rw-p 00000000 00:00 0 
0074b000-00757000 r-xp 00000000 08:05 1586225    /usr/lib/jvm/java-6-openjdk/jre/lib/i386/libverify.so
00757000-00758000 r--p 0000b000 08:05 1586225    /usr/lib/jvm/java-6-openjdk/jre/lib/i386/libverify.so
00758000-00759000 rw-p 0000c000 08:05 1586225    /usr/lib/jvm/java-6-openjdk/jre/lib/i386/libverify.so
008d2000-008d9000 r-xp 00000000 08:05 1586228    /usr/lib/jvm/java-6-openjdk/jre/lib/i386/native_threads/libhpi.so
008d9000-008da000 r--p 00006000 08:05 1586228    /usr/lib/jvm/java-6-openjdk/jre/lib/i386/native_threads/libhpi.so
008da000-008db000 rw-p 00007000 08:05 1586228    /usr/lib/jvm/java-6-openjdk/jre/lib/i386/native_threads/libhpi.so
009c7000-009ce000 r-xp 00000000 08:05 527227     /lib/tls/i686/cmov/librt-2.11.1.so
009ce000-009cf000 r--p 00006000 08:05 527227     /lib/tls/i686/cmov/librt-2.11.1.so
009cf000-009d0000 rw-p 00007000 08:05 527227     /lib/tls/i686/cmov/librt-2.11.1.so
00a3f000-00a45000 r-xp 00000000 08:05 527210     /lib/tls/i686/cmov/libnss_compat-2.11.1.so
00a45000-00a46000 r--p 00006000 08:05 527210     /lib/tls/i686/cmov/libnss_compat-2.11.1.so
00a46000-00a47000 rw-p 00007000 08:05 527210     /lib/tls/i686/cmov/libnss_compat-2.11.1.so
00a78000-00a8b000 r-xp 00000000 08:05 523463     /lib/libz.so.1.2.3.3
00a8b000-00a8c000 r--p 00012000 08:05 523463     /lib/libz.so.1.2.3.3
00a8c000-00a8d000 rw-p 00013000 08:05 523463     /lib/libz.so.1.2.3.3
00af0000-00afa000 r-xp 00000000 08:05 527214     /lib/tls/i686/cmov/libnss_files-2.11.1.so
00afa000-00afb000 r--p 00009000 08:05 527214     /lib/tls/i686/cmov/libnss_files-2.11.1.so
00afb000-00afc000 rw-p 0000a000 08:05 527214     /lib/tls/i686/cmov/libnss_files-2.11.1.so
00b63000-00b6b000 r-xp 00000000 08:05 527218     /lib/tls/i686/cmov/libnss_nis-2.11.1.so
00b6b000-00b6c000 r--p 00007000 08:05 527218     /lib/tls/i686/cmov/libnss_nis-2.11.1.so
00b6c000-00b6d000 rw-p 00008000 08:05 527218     /lib/tls/i686/cmov/libnss_nis-2.11.1.so
00b93000-00b94000 r-xp 00000000 08:05 1592433    /usr/lib/libvminfo.so
00b94000-00b95000 r--p 00000000 08:05 1592433    /usr/lib/libvminfo.so
00b95000-00b96000 rw-p 00001000 08:05 1592433    /usr/lib/libvminfo.so
00c44000-00c47000 r-xp 00000000 08:05 1586197    /usr/lib/jvm/java-6-openjdk/jre/lib/i386/jli/libjli.so
00c47000-00c48000 r--p 00003000 08:05 1586197    /usr/lib/jvm/java-6-openjdk/jre/lib/i386/jli/libjli.so
00c48000-00c49000 rw-p 00004000 08:05 1586197    /usr/lib/jvm/java-6-openjdk/jre/lib/i386/jli/libjli.so
00c51000-00c75000 r-xp 00000000 08:05 1586209    /usr/lib/jvm/java-6-openjdk/jre/lib/i386/libjava.so
00c75000-00c76000 r--p 00023000 08:05 1586209    /usr/lib/jvm/java-6-openjdk/jre/lib/i386/libjava.so
00c76000-00c78000 rw-p 00024000 08:05 1586209    /usr/lib/jvm/java-6-openjdk/jre/lib/i386/libjava.so
00eb0000-00ecb000 r-xp 00000000 08:05 523290     /lib/ld-2.11.1.so
00ecb000-00ecc000 r--p 0001a000 08:05 523290     /lib/ld-2.11.1.so
00ecc000-00ecd000 rw-p 0001b000 08:05 523290     /lib/ld-2.11.1.so
00ecd000-01592000 r-xp 00000000 08:05 1586230    /usr/lib/jvm/java-6-openjdk/jre/lib/i386/server/libjvm.so
01592000-01593000 ---p 006c5000 08:05 1586230    /usr/lib/jvm/java-6-openjdk/jre/lib/i386/server/libjvm.so
01593000-015d8000 r--p 006c5000 08:05 1586230    /usr/lib/jvm/java-6-openjdk/jre/lib/i386/server/libjvm.so
015d8000-015e7000 rw-p 0070a000 08:05 1586230    /usr/lib/jvm/java-6-openjdk/jre/lib/i386/server/libjvm.so
015e7000-01a06000 rw-p 00000000 00:00 0 
08048000-08051000 r-xp 00000000 08:05 1586258    /usr/lib/jvm/java-6-openjdk/jre/bin/java
08051000-08052000 r--p 00008000 08:05 1586258    /usr/lib/jvm/java-6-openjdk/jre/bin/java
08052000-08053000 rw-p 00009000 08:05 1586258    /usr/lib/jvm/java-6-openjdk/jre/bin/java
0923a000-09308000 rw-p 00000000 00:00 0          [heap]
807c1000-807ca000 r--s 00065000 08:05 6219       /usr/share/java/gnome-java-bridge.jar
807ca000-807cb000 ---p 00000000 00:00 0 
807cb000-8084b000 rw-p 00000000 00:00 0 
8084b000-8084e000 ---p 00000000 00:00 0 
8084e000-8089c000 rw-p 00000000 00:00 0 
8089c000-8089f000 ---p 00000000 00:00 0 
8089f000-8091d000 rw-p 00000000 00:00 0 
8091d000-80920000 ---p 00000000 00:00 0 
80920000-8099e000 rw-p 00000000 00:00 0 
8099e000-809a1000 ---p 00000000 00:00 0 
809a1000-809ef000 rw-p 00000000 00:00 0 
809ef000-80a2e000 r--p 00000000 08:05 1577945    /usr/lib/locale/en_IN/LC_CTYPE
80a2e000-80a31000 ---p 00000000 00:00 0 
80a31000-80a7f000 rw-p 00000000 00:00 0 
80a7f000-80a82000 ---p 00000000 00:00 0 
80a82000-80ad0000 rw-p 00000000 00:00 0 
80ad0000-80ad1000 ---p 00000000 00:00 0 
80ad1000-80b51000 rw-p 00000000 00:00 0 
80b51000-80b53000 r--s 0001d000 08:05 1577596    /usr/lib/jvm/java-6-openjdk/jre/lib/plugin.jar
80b53000-80b58000 r--s 00045000 08:05 1577595    /usr/lib/jvm/java-6-openjdk/jre/lib/netx.jar
80b58000-80b8b000 rw-p 00000000 00:00 0 
80b8b000-80d1a000 r--s 038c4000 08:05 1586189    /usr/lib/jvm/java-6-openjdk/jre/lib/rt.jar
80d1a000-80d1b000 ---p 00000000 00:00 0 
80d1b000-80d9b000 rw-p 00000000 00:00 0 
80d9b000-80d9c000 ---p 00000000 00:00 0 
80d9c000-80e24000 rw-p 00000000 00:00 0 
80e24000-80e5c000 rw-p 00000000 00:00 0 
80e5c000-80e6b000 rw-p 00000000 00:00 0 
80e6b000-80f44000 rw-p 00000000 00:00 0 
80f44000-80f4c000 rw-p 00000000 00:00 0 
80f4c000-80f84000 rw-p 00000000 00:00 0 
80f84000-80f93000 rw-p 00000000 00:00 0 
80f93000-8106b000 rw-p 00000000 00:00 0 
8106b000-81073000 rw-p 00000000 00:00 0 
81073000-810df000 rw-p 00000000 00:00 0 
810df000-820e0000 rw-p 00000000 00:00 0 
820e0000-890e0000 rw-p 00000000 00:00 0 
890e0000-8adc0000 rw-p 00000000 00:00 0 
8adc0000-a5f90000 rw-p 00000000 00:00 0 
a5f90000-a6e00000 rw-p 00000000 00:00 0 
a6e00000-b46e0000 rw-p 00000000 00:00 0 
b46e0000-b46e9000 rw-p 00000000 00:00 0 
b46e9000-b47a0000 rw-p 00000000 00:00 0 
b47a0000-b49e0000 rwxp 00000000 00:00 0 
b49e0000-b77a0000 rw-p 00000000 00:00 0 
b77a0000-b77a3000 ---p 00000000 00:00 0 
b77a3000-b77f4000 rw-p 00000000 00:00 0 
b77f7000-b77f9000 rw-p 00000000 00:00 0 
b77f9000-b77fc000 r--s 0000f000 08:05 1577575    /usr/lib/jvm/java-6-openjdk/jre/lib/ext/pulse-java.jar
b77fc000-b7804000 rw-s 00000000 08:05 663831     /tmp/hsperfdata_root/2854
b7804000-b7805000 rw-p 00000000 00:00 0 
b7805000-b7806000 r--p 00000000 00:00 0 
b7806000-b7808000 rw-p 00000000 00:00 0 
bfd36000-bfd4b000 rw-p 00000000 00:00 0          [stack]

VM Arguments:
jvm_args: -Dfile.encoding=UTF-8 
java_command: FileAccess.VMInfo
Launcher Type: SUN_STANDARD

Environment Variables:
PATH=/usr/local/sbin:/usr/local/bin:/usr/sbin:/usr/bin:/sbin:/bin:/usr/games
USERNAME=root
LD_LIBRARY_PATH=/usr/lib/jvm/java-6-openjdk/jre/lib/i386/server:/usr/lib/jvm/java-6-openjdk/jre/lib/i386:/usr/lib/jvm/java-6-openjdk/jre/../lib/i386:/usr/lib/jvm/java-6-openjdk/jre/lib/i386/client:/usr/lib/jvm/java-6-openjdk/jre/lib/i386:/usr/lib/jvm/java-6-openjdk/jre/../lib/i386
SHELL=/bin/bash
DISPLAY=:0.0

Signal Handlers:
SIGSEGV: [libjvm.so+0x64a040], sa_mask[0]=0x7ffbfeff, sa_flags=0x10000004
SIGBUS: [libjvm.so+0x64a040], sa_mask[0]=0x7ffbfeff, sa_flags=0x10000004
SIGFPE: [libjvm.so+0x51c0d0], sa_mask[0]=0x7ffbfeff, sa_flags=0x10000004
SIGPIPE: [libjvm.so+0x51c0d0], sa_mask[0]=0x7ffbfeff, sa_flags=0x10000004
SIGXFSZ: [libjvm.so+0x51c0d0], sa_mask[0]=0x7ffbfeff, sa_flags=0x10000004
SIGILL: [libjvm.so+0x51c0d0], sa_mask[0]=0x7ffbfeff, sa_flags=0x10000004
SIGUSR1: SIG_DFL, sa_mask[0]=0x00000000, sa_flags=0x00000000
SIGUSR2: [libjvm.so+0x51b780], sa_mask[0]=0x00000004, sa_flags=0x10000004
SIGHUP: [libjvm.so+0x51e2f0], sa_mask[0]=0x7ffbfeff, sa_flags=0x10000004
SIGINT: SIG_IGN, sa_mask[0]=0x00000000, sa_flags=0x00000000
SIGTERM: [libjvm.so+0x51e2f0], sa_mask[0]=0x7ffbfeff, sa_flags=0x10000004
SIGQUIT: [libjvm.so+0x51e2f0], sa_mask[0]=0x7ffbfeff, sa_flags=0x10000004


---------------  S Y S T E M  ---------------

OS:Ubuntu 10.04 (lucid)
uname:Linux 2.6.32-33-generic #70-Ubuntu SMP Thu Jul 7 21:09:46 UTC 2011 i686
libc:glibc 2.11.1 NPTL 2.11.1 
rlimit: STACK 8192k, CORE 0k, NPROC infinity, NOFILE 1024, AS infinity
load average:0.42 0.60 0.64

/proc/meminfo:
MemTotal:        2836956 kB
MemFree:         1286036 kB
Buffers:           67232 kB
Cached:           700708 kB
SwapCached:            0 kB
Active:           846888 kB
Inactive:         611760 kB
Active(anon):     691108 kB
Inactive(anon):     6532 kB
Active(file):     155780 kB
Inactive(file):   605228 kB
Unevictable:          16 kB
Mlocked:              16 kB
HighTotal:       1973064 kB
HighFree:         550312 kB
LowTotal:         863892 kB
LowFree:          735724 kB
SwapTotal:       3234808 kB
SwapFree:        3234808 kB
Dirty:               168 kB
Writeback:             0 kB
AnonPages:        690720 kB
Mapped:           144816 kB
Shmem:              6936 kB
Slab:              33632 kB
SReclaimable:      22384 kB
SUnreclaim:        11248 kB
KernelStack:        3032 kB
PageTables:         7900 kB
NFS_Unstable:          0 kB
Bounce:                0 kB
WritebackTmp:          0 kB
CommitLimit:     4653284 kB
Committed_AS:    1942216 kB
VmallocTotal:     122880 kB
VmallocUsed:       72908 kB
VmallocChunk:      42364 kB
HardwareCorrupted:     0 kB
HugePages_Total:       0
HugePages_Free:        0
HugePages_Rsvd:        0
HugePages_Surp:        0
Hugepagesize:       4096 kB
DirectMap4k:       12280 kB
DirectMap4M:      897024 kB


CPU:total 2 (2 cores per cpu, 1 threads per core) family 17 model 3 stepping 1, cmov, cx8, fxsr, mmx, sse, sse2, sse3, mmxext, 3dnow, 3dnowext

Memory: 4k page, physical 2836956k(1286036k free), swap 3234808k(3234808k free)

vm_info: OpenJDK Server VM (19.0-b09) for linux-x86 JRE (1.6.0_20-b20), built on Jan 21 2012 08:10:55 by "buildd" with gcc 4.4.3

time: Fri Mar 23 14:08:26 2012
elapsed time: 0 seconds

