#
# A fatal error has been detected by the Java Runtime Environment:
#
#  SIGSEGV (0xb) at pc=0x01293777, pid=2913, tid=3079416688
#
# JRE version: 6.0_20-b20
# Java VM: OpenJDK Server VM (19.0-b09 mixed mode linux-x86 )
# Derivative: IcedTea6 1.9.10
# Distribution: Ubuntu 10.04.1 LTS, package 6b20-1.9.10-0ubuntu1~10.04.3
# Problematic frame:
# V  [libjvm.so+0x392777]
#
# If you would like to submit a bug report, please include
# instructions how to reproduce the bug and visit:
#   https://bugs.launchpad.net/ubuntu/+source/openjdk-6/
#

---------------  T H R E A D  ---------------

Current thread (0x09580000):  JavaThread "main" [_thread_in_vm, id=2917, stack(0xb7872000,0xb78c3000)]

siginfo:si_signo=SIGSEGV: si_errno=0, si_code=1 (SEGV_MAPERR), si_addr=0x00000000

Registers:
EAX=0x012ada00, EBX=0x0160bff4, ECX=0x09580894, EDX=0xb78c1f70
ESP=0xb78c1e70, EBP=0xb78c1f38, ESI=0x00000000, EDI=0x0957e998
EIP=0x01293777, CR2=0x00000000, EFLAGS=0x00010203

Register to memory mapping:

EAX=0x012ada00
0x012ada00: <offset 0x3aca00> in /usr/lib/jvm/java-6-openjdk/jre/lib/i386/server/libjvm.so at 0x00f01000

EBX=0x0160bff4
0x0160bff4: <offset 0x70aff4> in /usr/lib/jvm/java-6-openjdk/jre/lib/i386/server/libjvm.so at 0x00f01000

ECX=0x09580894
0x09580894 is pointing to unknown location

EDX=0xb78c1f70
0xb78c1f70 is pointing into the stack for thread: 0x09580000
"main" prio=10 tid=0x09580000 nid=0xb65 runnable [0xb78c2000]
   java.lang.Thread.State: RUNNABLE

ESP=0xb78c1e70
0xb78c1e70 is pointing into the stack for thread: 0x09580000
"main" prio=10 tid=0x09580000 nid=0xb65 runnable [0xb78c2000]
   java.lang.Thread.State: RUNNABLE

EBP=0xb78c1f38
0xb78c1f38 is pointing into the stack for thread: 0x09580000
"main" prio=10 tid=0x09580000 nid=0xb65 runnable [0xb78c2000]
   java.lang.Thread.State: RUNNABLE

ESI=0x00000000
0x00000000 is pointing to unknown location

EDI=0x0957e998
0x0957e998 is pointing to unknown location


Top of Stack: (sp=0xb78c1e70)
0xb78c1e70:   00610080 00000000 81393e48 00000006
0xb78c1e80:   00000000 00000000 09580118 09580488
0xb78c1e90:   09580874 012ada00 b78c1eb8 b78c1eb8
0xb78c1ea0:   b78c1f9c 09580480 09580894 012add27
0xb78c1eb0:   095808a0 0958089c 0957e9e0 09580894
0xb78c1ec0:   81395130 813938c0 811b4478 09580898
0xb78c1ed0:   814c3d18 095a8ddc b78c1f08 016001f4
0xb78c1ee0:   09580000 00115b7a b78c1ebc b78c1edd 

Instructions: (pc=0x01293777)
0x01293767:   55 14 89 45 b8 8b 02 8b 40 50 89 85 5c ff ff ff
0x01293777:   8b 06 52 8b 50 08 8b 40 0c 66 8b 52 2a 81 e2 ff 

Stack: [0xb7872000,0xb78c3000],  sp=0xb78c1e70,  free space=319k
Native frames: (J=compiled Java code, j=interpreted, Vv=VM code, C=native code)
V  [libjvm.so+0x392777]
V  [libjvm.so+0x3aac7f]
C  [libvminfo.so+0xa10]  Java_FileAccess_VMInfo_fillInfo+0x2fe
j  FileAccess.VMInfo.fillInfo()V+0
j  FileAccess.VMInfo.main([Ljava/lang/String;)V+9
v  ~StubRoutines::call_stub
V  [libjvm.so+0x387d72]
V  [libjvm.so+0x519369]
V  [libjvm.so+0x386caf]
V  [libjvm.so+0x39214c]
V  [libjvm.so+0x3a11ad]
C  [java+0x321d]  JavaMain+0xd4d
C  [libpthread.so.0+0x596e]

Java frames: (J=compiled Java code, j=interpreted, Vv=VM code)
j  FileAccess.VMInfo.fillInfo()V+0
j  FileAccess.VMInfo.main([Ljava/lang/String;)V+9
v  ~StubRoutines::call_stub

---------------  P R O C E S S  ---------------

Java Threads: ( => current thread )
  0x09623800 JavaThread "Low Memory Detector" daemon [_thread_blocked, id=2926, stack(0x8099c000,0x809ed000)]
  0x09621800 JavaThread "CompilerThread1" daemon [_thread_blocked, id=2925, stack(0x8076c000,0x807ed000)]
  0x0961f800 JavaThread "CompilerThread0" daemon [_thread_blocked, id=2924, stack(0x809ed000,0x80a6e000)]
  0x0961e400 JavaThread "Signal Dispatcher" daemon [_thread_blocked, id=2923, stack(0x80a6e000,0x80abf000)]
  0x0960e400 JavaThread "Finalizer" daemon [_thread_blocked, id=2922, stack(0x80afe000,0x80b4f000)]
  0x09609c00 JavaThread "Reference Handler" daemon [_thread_blocked, id=2921, stack(0x80b4f000,0x80ba0000)]
=>0x09580000 JavaThread "main" [_thread_in_vm, id=2917, stack(0xb7872000,0xb78c3000)]

Other Threads:
  0x09605c00 VMThread [stack: 0x80ba0000,0x80c21000] [id=2920]
  0x09625800 WatcherThread [stack: 0x8091b000,0x8099c000] [id=2927]

VM state:not at safepoint (normal execution)

VM Mutex/Monitor currently owned by a thread: None

Heap
 PSYoungGen      total 12992K, used 448K [0xa6060000, 0xa6ed0000, 0xb47b0000)
  eden space 11200K, 4% used [0xa6060000,0xa60d0060,0xa6b50000)
  from space 1792K, 0% used [0xa6d10000,0xa6d10000,0xa6ed0000)
  to   space 1792K, 0% used [0xa6b50000,0xa6b50000,0xa6d10000)
 PSOldGen        total 29568K, used 0K [0x891b0000, 0x8ae90000, 0xa6060000)
  object space 29568K, 0% used [0x891b0000,0x891b0000,0x8ae90000)
 PSPermGen       total 16384K, used 1941K [0x811b0000, 0x821b0000, 0x891b0000)
  object space 16384K, 11% used [0x811b0000,0x81395490,0x821b0000)

Dynamic libraries:
00110000-00113000 r-xp 00000000 08:05 1586197    /usr/lib/jvm/java-6-openjdk/jre/lib/i386/jli/libjli.so
00113000-00114000 r--p 00003000 08:05 1586197    /usr/lib/jvm/java-6-openjdk/jre/lib/i386/jli/libjli.so
00114000-00115000 rw-p 00004000 08:05 1586197    /usr/lib/jvm/java-6-openjdk/jre/lib/i386/jli/libjli.so
00115000-00116000 r-xp 00000000 08:05 1592433    /usr/lib/libvminfo.so
00116000-00117000 r--p 00000000 08:05 1592433    /usr/lib/libvminfo.so
00117000-00118000 rw-p 00001000 08:05 1592433    /usr/lib/libvminfo.so
001d9000-001e1000 r-xp 00000000 08:05 527218     /lib/tls/i686/cmov/libnss_nis-2.11.1.so
001e1000-001e2000 r--p 00007000 08:05 527218     /lib/tls/i686/cmov/libnss_nis-2.11.1.so
001e2000-001e3000 rw-p 00008000 08:05 527218     /lib/tls/i686/cmov/libnss_nis-2.11.1.so
00359000-0037d000 r-xp 00000000 08:05 1586209    /usr/lib/jvm/java-6-openjdk/jre/lib/i386/libjava.so
0037d000-0037e000 r--p 00023000 08:05 1586209    /usr/lib/jvm/java-6-openjdk/jre/lib/i386/libjava.so
0037e000-00380000 rw-p 00024000 08:05 1586209    /usr/lib/jvm/java-6-openjdk/jre/lib/i386/libjava.so
003c7000-003c8000 r-xp 00000000 00:00 0          [vdso]
00446000-0044d000 r-xp 00000000 08:05 1586228    /usr/lib/jvm/java-6-openjdk/jre/lib/i386/native_threads/libhpi.so
0044d000-0044e000 r--p 00006000 08:05 1586228    /usr/lib/jvm/java-6-openjdk/jre/lib/i386/native_threads/libhpi.so
0044e000-0044f000 rw-p 00007000 08:05 1586228    /usr/lib/jvm/java-6-openjdk/jre/lib/i386/native_threads/libhpi.so
00482000-00489000 r-xp 00000000 08:05 1586226    /usr/lib/jvm/java-6-openjdk/jre/lib/i386/libzip.so
00489000-0048a000 r--p 00006000 08:05 1586226    /usr/lib/jvm/java-6-openjdk/jre/lib/i386/libzip.so
0048a000-0048b000 rw-p 00007000 08:05 1586226    /usr/lib/jvm/java-6-openjdk/jre/lib/i386/libzip.so
0053b000-0068e000 r-xp 00000000 08:05 527197     /lib/tls/i686/cmov/libc-2.11.1.so
0068e000-0068f000 ---p 00153000 08:05 527197     /lib/tls/i686/cmov/libc-2.11.1.so
0068f000-00691000 r--p 00153000 08:05 527197     /lib/tls/i686/cmov/libc-2.11.1.so
00691000-00692000 rw-p 00155000 08:05 527197     /lib/tls/i686/cmov/libc-2.11.1.so
00692000-00695000 rw-p 00000000 00:00 0 
007f9000-007fb000 r-xp 00000000 08:05 527203     /lib/tls/i686/cmov/libdl-2.11.1.so
007fb000-007fc000 r--p 00001000 08:05 527203     /lib/tls/i686/cmov/libdl-2.11.1.so
007fc000-007fd000 rw-p 00002000 08:05 527203     /lib/tls/i686/cmov/libdl-2.11.1.so
007ff000-00823000 r-xp 00000000 08:05 527205     /lib/tls/i686/cmov/libm-2.11.1.so
00823000-00824000 r--p 00023000 08:05 527205     /lib/tls/i686/cmov/libm-2.11.1.so
00824000-00825000 rw-p 00024000 08:05 527205     /lib/tls/i686/cmov/libm-2.11.1.so
00833000-0083a000 r-xp 00000000 08:05 527227     /lib/tls/i686/cmov/librt-2.11.1.so
0083a000-0083b000 r--p 00006000 08:05 527227     /lib/tls/i686/cmov/librt-2.11.1.so
0083b000-0083c000 rw-p 00007000 08:05 527227     /lib/tls/i686/cmov/librt-2.11.1.so
008b1000-008b7000 r-xp 00000000 08:05 527210     /lib/tls/i686/cmov/libnss_compat-2.11.1.so
008b7000-008b8000 r--p 00006000 08:05 527210     /lib/tls/i686/cmov/libnss_compat-2.11.1.so
008b8000-008b9000 rw-p 00007000 08:05 527210     /lib/tls/i686/cmov/libnss_compat-2.11.1.so
009b0000-009c5000 r-xp 00000000 08:05 527223     /lib/tls/i686/cmov/libpthread-2.11.1.so
009c5000-009c6000 r--p 00014000 08:05 527223     /lib/tls/i686/cmov/libpthread-2.11.1.so
009c6000-009c7000 rw-p 00015000 08:05 527223     /lib/tls/i686/cmov/libpthread-2.11.1.so
009c7000-009c9000 rw-p 00000000 00:00 0 
00af0000-00afc000 r-xp 00000000 08:05 1586225    /usr/lib/jvm/java-6-openjdk/jre/lib/i386/libverify.so
00afc000-00afd000 r--p 0000b000 08:05 1586225    /usr/lib/jvm/java-6-openjdk/jre/lib/i386/libverify.so
00afd000-00afe000 rw-p 0000c000 08:05 1586225    /usr/lib/jvm/java-6-openjdk/jre/lib/i386/libverify.so
00c3a000-00c4d000 r-xp 00000000 08:05 527208     /lib/tls/i686/cmov/libnsl-2.11.1.so
00c4d000-00c4e000 r--p 00012000 08:05 527208     /lib/tls/i686/cmov/libnsl-2.11.1.so
00c4e000-00c4f000 rw-p 00013000 08:05 527208     /lib/tls/i686/cmov/libnsl-2.11.1.so
00c4f000-00c51000 rw-p 00000000 00:00 0 
00d09000-00d13000 r-xp 00000000 08:05 527214     /lib/tls/i686/cmov/libnss_files-2.11.1.so
00d13000-00d14000 r--p 00009000 08:05 527214     /lib/tls/i686/cmov/libnss_files-2.11.1.so
00d14000-00d15000 rw-p 0000a000 08:05 527214     /lib/tls/i686/cmov/libnss_files-2.11.1.so
00d44000-00d57000 r-xp 00000000 08:05 523463     /lib/libz.so.1.2.3.3
00d57000-00d58000 r--p 00012000 08:05 523463     /lib/libz.so.1.2.3.3
00d58000-00d59000 rw-p 00013000 08:05 523463     /lib/libz.so.1.2.3.3
00ee4000-00eff000 r-xp 00000000 08:05 523290     /lib/ld-2.11.1.so
00eff000-00f00000 r--p 0001a000 08:05 523290     /lib/ld-2.11.1.so
00f00000-00f01000 rw-p 0001b000 08:05 523290     /lib/ld-2.11.1.so
00f01000-015c6000 r-xp 00000000 08:05 1586230    /usr/lib/jvm/java-6-openjdk/jre/lib/i386/server/libjvm.so
015c6000-015c7000 ---p 006c5000 08:05 1586230    /usr/lib/jvm/java-6-openjdk/jre/lib/i386/server/libjvm.so
015c7000-0160c000 r--p 006c5000 08:05 1586230    /usr/lib/jvm/java-6-openjdk/jre/lib/i386/server/libjvm.so
0160c000-0161b000 rw-p 0070a000 08:05 1586230    /usr/lib/jvm/java-6-openjdk/jre/lib/i386/server/libjvm.so
0161b000-01a3a000 rw-p 00000000 00:00 0 
08048000-08051000 r-xp 00000000 08:05 1586258    /usr/lib/jvm/java-6-openjdk/jre/bin/java
08051000-08052000 r--p 00008000 08:05 1586258    /usr/lib/jvm/java-6-openjdk/jre/bin/java
08052000-08053000 rw-p 00009000 08:05 1586258    /usr/lib/jvm/java-6-openjdk/jre/bin/java
09579000-09660000 rw-p 00000000 00:00 0          [heap]
8076c000-8076f000 ---p 00000000 00:00 0 
8076f000-807ed000 rw-p 00000000 00:00 0 
80800000-80821000 rw-p 00000000 00:00 0 
80821000-80900000 ---p 00000000 00:00 0 
80912000-8091b000 r--s 00065000 08:05 6219       /usr/share/java/gnome-java-bridge.jar
8091b000-8091c000 ---p 00000000 00:00 0 
8091c000-8099c000 rw-p 00000000 00:00 0 
8099c000-8099f000 ---p 00000000 00:00 0 
8099f000-809ed000 rw-p 00000000 00:00 0 
809ed000-809f0000 ---p 00000000 00:00 0 
809f0000-80a6e000 rw-p 00000000 00:00 0 
80a6e000-80a71000 ---p 00000000 00:00 0 
80a71000-80abf000 rw-p 00000000 00:00 0 
80abf000-80afe000 r--p 00000000 08:05 1577945    /usr/lib/locale/en_IN/LC_CTYPE
80afe000-80b01000 ---p 00000000 00:00 0 
80b01000-80b4f000 rw-p 00000000 00:00 0 
80b4f000-80b52000 ---p 00000000 00:00 0 
80b52000-80ba0000 rw-p 00000000 00:00 0 
80ba0000-80ba1000 ---p 00000000 00:00 0 
80ba1000-80c21000 rw-p 00000000 00:00 0 
80c21000-80c23000 r--s 0001d000 08:05 1577596    /usr/lib/jvm/java-6-openjdk/jre/lib/plugin.jar
80c23000-80c28000 r--s 00045000 08:05 1577595    /usr/lib/jvm/java-6-openjdk/jre/lib/netx.jar
80c28000-80c5b000 rw-p 00000000 00:00 0 
80c5b000-80dea000 r--s 038c4000 08:05 1586189    /usr/lib/jvm/java-6-openjdk/jre/lib/rt.jar
80dea000-80deb000 ---p 00000000 00:00 0 
80deb000-80e6b000 rw-p 00000000 00:00 0 
80e6b000-80e6c000 ---p 00000000 00:00 0 
80e6c000-80ef4000 rw-p 00000000 00:00 0 
80ef4000-80f2c000 rw-p 00000000 00:00 0 
80f2c000-80f3b000 rw-p 00000000 00:00 0 
80f3b000-81014000 rw-p 00000000 00:00 0 
81014000-8101c000 rw-p 00000000 00:00 0 
8101c000-81054000 rw-p 00000000 00:00 0 
81054000-81063000 rw-p 00000000 00:00 0 
81063000-8113b000 rw-p 00000000 00:00 0 
8113b000-81143000 rw-p 00000000 00:00 0 
81143000-811af000 rw-p 00000000 00:00 0 
811af000-821b0000 rw-p 00000000 00:00 0 
821b0000-891b0000 rw-p 00000000 00:00 0 
891b0000-8ae90000 rw-p 00000000 00:00 0 
8ae90000-a6060000 rw-p 00000000 00:00 0 
a6060000-a6ed0000 rw-p 00000000 00:00 0 
a6ed0000-b47b0000 rw-p 00000000 00:00 0 
b47b2000-b47bb000 rw-p 00000000 00:00 0 
b47bb000-b4872000 rw-p 00000000 00:00 0 
b4872000-b4ab2000 rwxp 00000000 00:00 0 
b4ab2000-b7872000 rw-p 00000000 00:00 0 
b7872000-b7875000 ---p 00000000 00:00 0 
b7875000-b78c6000 rw-p 00000000 00:00 0 
b78c9000-b78cb000 rw-p 00000000 00:00 0 
b78cb000-b78ce000 r--s 0000f000 08:05 1577575    /usr/lib/jvm/java-6-openjdk/jre/lib/ext/pulse-java.jar
b78ce000-b78d6000 rw-s 00000000 08:05 663867     /tmp/hsperfdata_root/2913
b78d6000-b78d7000 rw-p 00000000 00:00 0 
b78d7000-b78d8000 r--p 00000000 00:00 0 
b78d8000-b78da000 rw-p 00000000 00:00 0 
bf9e6000-bf9fb000 rw-p 00000000 00:00 0          [stack]

VM Arguments:
jvm_args: -Dfile.encoding=UTF-8 
java_command: FileAccess.VMInfo
Launcher Type: SUN_STANDARD

Environment Variables:
PATH=/usr/local/sbin:/usr/local/bin:/usr/sbin:/usr/bin:/sbin:/bin:/usr/games
USERNAME=root
LD_LIBRARY_PATH=/usr/lib/jvm/java-6-openjdk/jre/lib/i386/server:/usr/lib/jvm/java-6-openjdk/jre/lib/i386:/usr/lib/jvm/java-6-openjdk/jre/../lib/i386:/usr/lib/jvm/java-6-openjdk/jre/lib/i386/client:/usr/lib/jvm/java-6-openjdk/jre/lib/i386:/usr/lib/jvm/java-6-openjdk/jre/../lib/i386
SHELL=/bin/bash
DISPLAY=:0.0

Signal Handlers:
SIGSEGV: [libjvm.so+0x64a040], sa_mask[0]=0x7ffbfeff, sa_flags=0x10000004
SIGBUS: [libjvm.so+0x64a040], sa_mask[0]=0x7ffbfeff, sa_flags=0x10000004
SIGFPE: [libjvm.so+0x51c0d0], sa_mask[0]=0x7ffbfeff, sa_flags=0x10000004
SIGPIPE: [libjvm.so+0x51c0d0], sa_mask[0]=0x7ffbfeff, sa_flags=0x10000004
SIGXFSZ: [libjvm.so+0x51c0d0], sa_mask[0]=0x7ffbfeff, sa_flags=0x10000004
SIGILL: [libjvm.so+0x51c0d0], sa_mask[0]=0x7ffbfeff, sa_flags=0x10000004
SIGUSR1: SIG_DFL, sa_mask[0]=0x00000000, sa_flags=0x00000000
SIGUSR2: [libjvm.so+0x51b780], sa_mask[0]=0x00000004, sa_flags=0x10000004
SIGHUP: [libjvm.so+0x51e2f0], sa_mask[0]=0x7ffbfeff, sa_flags=0x10000004
SIGINT: SIG_IGN, sa_mask[0]=0x00000000, sa_flags=0x00000000
SIGTERM: [libjvm.so+0x51e2f0], sa_mask[0]=0x7ffbfeff, sa_flags=0x10000004
SIGQUIT: [libjvm.so+0x51e2f0], sa_mask[0]=0x7ffbfeff, sa_flags=0x10000004


---------------  S Y S T E M  ---------------

OS:Ubuntu 10.04 (lucid)
uname:Linux 2.6.32-33-generic #70-Ubuntu SMP Thu Jul 7 21:09:46 UTC 2011 i686
libc:glibc 2.11.1 NPTL 2.11.1 
rlimit: STACK 8192k, CORE 0k, NPROC infinity, NOFILE 1024, AS infinity
load average:0.59 0.57 0.62

/proc/meminfo:
MemTotal:        2836956 kB
MemFree:         1282596 kB
Buffers:           67336 kB
Cached:           701520 kB
SwapCached:            0 kB
Active:           850316 kB
Inactive:         611904 kB
Active(anon):     693764 kB
Inactive(anon):     6544 kB
Active(file):     156552 kB
Inactive(file):   605360 kB
Unevictable:          16 kB
Mlocked:              16 kB
HighTotal:       1973064 kB
HighFree:         546964 kB
LowTotal:         863892 kB
LowFree:          735632 kB
SwapTotal:       3234808 kB
SwapFree:        3234808 kB
Dirty:               180 kB
Writeback:             0 kB
AnonPages:        693376 kB
Mapped:           144824 kB
Shmem:              6948 kB
Slab:              33628 kB
SReclaimable:      22384 kB
SUnreclaim:        11244 kB
KernelStack:        3008 kB
PageTables:         7900 kB
NFS_Unstable:          0 kB
Bounce:                0 kB
WritebackTmp:          0 kB
CommitLimit:     4653284 kB
Committed_AS:    1942408 kB
VmallocTotal:     122880 kB
VmallocUsed:       72908 kB
VmallocChunk:      42364 kB
HardwareCorrupted:     0 kB
HugePages_Total:       0
HugePages_Free:        0
HugePages_Rsvd:        0
HugePages_Surp:        0
Hugepagesize:       4096 kB
DirectMap4k:       12280 kB
DirectMap4M:      897024 kB


CPU:total 2 (2 cores per cpu, 1 threads per core) family 17 model 3 stepping 1, cmov, cx8, fxsr, mmx, sse, sse2, sse3, mmxext, 3dnow, 3dnowext

Memory: 4k page, physical 2836956k(1282596k free), swap 3234808k(3234808k free)

vm_info: OpenJDK Server VM (19.0-b09) for linux-x86 JRE (1.6.0_20-b20), built on Jan 21 2012 08:10:55 by "buildd" with gcc 4.4.3

time: Fri Mar 23 14:10:29 2012
elapsed time: 0 seconds

