#
# A fatal error has been detected by the Java Runtime Environment:
#
#  SIGSEGV (0xb) at pc=0x011a3c1b, pid=3118, tid=3077901168
#
# JRE version: 6.0_20-b20
# Java VM: OpenJDK Server VM (19.0-b09 mixed mode linux-x86 )
# Derivative: IcedTea6 1.9.10
# Distribution: Ubuntu 10.04.1 LTS, package 6b20-1.9.10-0ubuntu1~10.04.2
# Problematic frame:
# V  [libjvm.so+0x392c1b]
#
# If you would like to submit a bug report, please include
# instructions how to reproduce the bug and visit:
#   https://bugs.launchpad.net/ubuntu/+source/openjdk-6/
#

---------------  T H R E A D  ---------------

Current thread (0x0965e400):  JavaThread "main" [_thread_in_vm, id=3122, stack(0xb7700000,0xb7751000)]

siginfo:si_signo=SIGSEGV: si_errno=0, si_code=1 (SEGV_MAPERR), si_addr=0x00000000

Registers:
EAX=0x00000000, EBX=0x0151bff4, ECX=0x0965eaac, EDX=0x0965e400
ESP=0xb774f884, EBP=0xb774f8b8, ESI=0x0965e400, EDI=0xb774f8ec
EIP=0x011a3c1b, CR2=0x00000000, EFLAGS=0x00210286

Register to memory mapping:

EAX=0x00000000
0x00000000 is pointing to unknown location

EBX=0x0151bff4
0x0151bff4: <offset 0x70aff4> in /usr/lib/jvm/java-6-openjdk/jre/lib/i386/server/libjvm.so at 0x00e11000

ECX=0x0965eaac
0x0965eaac is pointing to unknown location

EDX=0x0965e400
"main" prio=10 tid=0x0965e400 nid=0xc32 runnable [0xb7750000]
   java.lang.Thread.State: RUNNABLE

ESP=0xb774f884
0xb774f884 is pointing into the stack for thread: 0x0965e400
"main" prio=10 tid=0x0965e400 nid=0xc32 runnable [0xb7750000]
   java.lang.Thread.State: RUNNABLE

EBP=0xb774f8b8
0xb774f8b8 is pointing into the stack for thread: 0x0965e400
"main" prio=10 tid=0x0965e400 nid=0xc32 runnable [0xb7750000]
   java.lang.Thread.State: RUNNABLE

ESI=0x0965e400
"main" prio=10 tid=0x0965e400 nid=0xc32 runnable [0xb7750000]
   java.lang.Thread.State: RUNNABLE

EDI=0xb774f8ec
0xb774f8ec is pointing into the stack for thread: 0x0965e400
"main" prio=10 tid=0x0965e400 nid=0xc32 runnable [0xb7750000]
   java.lang.Thread.State: RUNNABLE


Top of Stack: (sp=0xb774f884)
0xb774f884:   00000000 b774f918 0151bff4 0965e400
0xb774f894:   b774f8ec b774f8b8 011bd862 b774f8ec
0xb774f8a4:   0965e400 0151bff4 0151bff4 0965e400
0xb774f8b4:   b774f8ec b774f918 011b685d b774f8ec
0xb774f8c4:   0965e400 00000ffc 00000ffc 00000014
0xb774f8d4:   00000000 00000008 0965e400 00000000
0xb774f8e4:   0965eab4 0965e400 0965e400 0965eaa8
0xb774f8f4:   00000088 014c386c 0965e400 b774f98c 

Instructions: (pc=0x011a3c1b)
0x011a3c0b:   27 00 00 00 00 55 89 e5 57 56 53 83 ec 28 89 d6
0x011a3c1b:   8b 10 e8 00 00 00 00 5b 81 c3 d2 83 37 00 52 e8 

Stack: [0xb7700000,0xb7751000],  sp=0xb774f884,  free space=318k
Native frames: (J=compiled Java code, j=interpreted, Vv=VM code, C=native code)
V  [libjvm.so+0x392c1b]
V  [libjvm.so+0x3a585d]
C  [libpacketlib.so+0xb3b]  Java_Core_func_fillpackets+0x42b
j  Core.func.fillpackets()V+0
j  Core.func.main([Ljava/lang/String;)V+9
v  ~StubRoutines::call_stub
V  [libjvm.so+0x387d72]
V  [libjvm.so+0x519369]
V  [libjvm.so+0x386caf]
V  [libjvm.so+0x39214c]
V  [libjvm.so+0x3a11ad]
C  [java+0x321d]  JavaMain+0xd4d
C  [libpthread.so.0+0x596e]

Java frames: (J=compiled Java code, j=interpreted, Vv=VM code)
j  Core.func.fillpackets()V+0
j  Core.func.main([Ljava/lang/String;)V+9
v  ~StubRoutines::call_stub

---------------  P R O C E S S  ---------------

Java Threads: ( => current thread )
  0x09702000 JavaThread "Low Memory Detector" daemon [_thread_blocked, id=3131, stack(0x807ab000,0x807fc000)]
  0x09700400 JavaThread "CompilerThread1" daemon [_thread_blocked, id=3130, stack(0x807fc000,0x8087d000)]
  0x096fdc00 JavaThread "CompilerThread0" daemon [_thread_blocked, id=3129, stack(0x8087d000,0x808fe000)]
  0x096fc400 JavaThread "Signal Dispatcher" daemon [_thread_blocked, id=3128, stack(0x808fe000,0x8094f000)]
  0x096e9400 JavaThread "Finalizer" daemon [_thread_blocked, id=3127, stack(0x8098e000,0x809df000)]
  0x096e7c00 JavaThread "Reference Handler" daemon [_thread_blocked, id=3126, stack(0x809df000,0x80a30000)]
=>0x0965e400 JavaThread "main" [_thread_in_vm, id=3122, stack(0xb7700000,0xb7751000)]

Other Threads:
  0x096e3c00 VMThread [stack: 0x80a30000,0x80ab1000] [id=3125]
  0x09704400 WatcherThread [stack: 0x8072a000,0x807ab000] [id=3132]

VM state:not at safepoint (normal execution)

VM Mutex/Monitor currently owned by a thread: None

Heap
 PSYoungGen      total 12992K, used 448K [0xa5ef0000, 0xa6d60000, 0xb4640000)
  eden space 11200K, 4% used [0xa5ef0000,0xa5f60040,0xa69e0000)
  from space 1792K, 0% used [0xa6ba0000,0xa6ba0000,0xa6d60000)
  to   space 1792K, 0% used [0xa69e0000,0xa69e0000,0xa6ba0000)
 PSOldGen        total 29568K, used 0K [0x89040000, 0x8ad20000, 0xa5ef0000)
  object space 29568K, 0% used [0x89040000,0x89040000,0x8ad20000)
 PSPermGen       total 16384K, used 1936K [0x81040000, 0x82040000, 0x89040000)
  object space 16384K, 11% used [0x81040000,0x812243b0,0x82040000)

Dynamic libraries:
00110000-00117000 r-xp 00000000 08:06 1311404    /lib/tls/i686/cmov/librt-2.11.1.so
00117000-00118000 r--p 00006000 08:06 1311404    /lib/tls/i686/cmov/librt-2.11.1.so
00118000-00119000 rw-p 00007000 08:06 1311404    /lib/tls/i686/cmov/librt-2.11.1.so
00119000-0013d000 r-xp 00000000 08:06 1064657    /usr/lib/jvm/java-6-openjdk/jre/lib/i386/libjava.so
0013d000-0013e000 r--p 00023000 08:06 1064657    /usr/lib/jvm/java-6-openjdk/jre/lib/i386/libjava.so
0013e000-00140000 rw-p 00024000 08:06 1064657    /usr/lib/jvm/java-6-openjdk/jre/lib/i386/libjava.so
00140000-00146000 r-xp 00000000 08:06 1311387    /lib/tls/i686/cmov/libnss_compat-2.11.1.so
00146000-00147000 r--p 00006000 08:06 1311387    /lib/tls/i686/cmov/libnss_compat-2.11.1.so
00147000-00148000 rw-p 00007000 08:06 1311387    /lib/tls/i686/cmov/libnss_compat-2.11.1.so
001c5000-001c7000 r-xp 00000000 08:06 1069378    /usr/lib/libpacketlib.so
001c7000-001c8000 r--p 00001000 08:06 1069378    /usr/lib/libpacketlib.so
001c8000-001c9000 rw-p 00002000 08:06 1069378    /usr/lib/libpacketlib.so
001de000-001f9000 r-xp 00000000 08:06 1179673    /lib/ld-2.11.1.so
001f9000-001fa000 r--p 0001a000 08:06 1179673    /lib/ld-2.11.1.so
001fa000-001fb000 rw-p 0001b000 08:06 1179673    /lib/ld-2.11.1.so
001fb000-0034e000 r-xp 00000000 08:06 1311374    /lib/tls/i686/cmov/libc-2.11.1.so
0034e000-0034f000 ---p 00153000 08:06 1311374    /lib/tls/i686/cmov/libc-2.11.1.so
0034f000-00351000 r--p 00153000 08:06 1311374    /lib/tls/i686/cmov/libc-2.11.1.so
00351000-00352000 rw-p 00155000 08:06 1311374    /lib/tls/i686/cmov/libc-2.11.1.so
00352000-00355000 rw-p 00000000 00:00 0 
004b9000-004c1000 r-xp 00000000 08:06 1311395    /lib/tls/i686/cmov/libnss_nis-2.11.1.so
004c1000-004c2000 r--p 00007000 08:06 1311395    /lib/tls/i686/cmov/libnss_nis-2.11.1.so
004c2000-004c3000 rw-p 00008000 08:06 1311395    /lib/tls/i686/cmov/libnss_nis-2.11.1.so
0050e000-00523000 r-xp 00000000 08:06 1311400    /lib/tls/i686/cmov/libpthread-2.11.1.so
00523000-00524000 r--p 00014000 08:06 1311400    /lib/tls/i686/cmov/libpthread-2.11.1.so
00524000-00525000 rw-p 00015000 08:06 1311400    /lib/tls/i686/cmov/libpthread-2.11.1.so
00525000-00527000 rw-p 00000000 00:00 0 
006b0000-006b3000 r-xp 00000000 08:06 1064666    /usr/lib/jvm/java-6-openjdk/jre/lib/i386/jli/libjli.so
006b3000-006b4000 r--p 00003000 08:06 1064666    /usr/lib/jvm/java-6-openjdk/jre/lib/i386/jli/libjli.so
006b4000-006b5000 rw-p 00004000 08:06 1064666    /usr/lib/jvm/java-6-openjdk/jre/lib/i386/jli/libjli.so
006c4000-006d7000 r-xp 00000000 08:06 1311385    /lib/tls/i686/cmov/libnsl-2.11.1.so
006d7000-006d8000 r--p 00012000 08:06 1311385    /lib/tls/i686/cmov/libnsl-2.11.1.so
006d8000-006d9000 rw-p 00013000 08:06 1311385    /lib/tls/i686/cmov/libnsl-2.11.1.so
006d9000-006db000 rw-p 00000000 00:00 0 
0071a000-0071b000 r-xp 00000000 00:00 0          [vdso]
0088a000-0088c000 r-xp 00000000 08:06 1311380    /lib/tls/i686/cmov/libdl-2.11.1.so
0088c000-0088d000 r--p 00001000 08:06 1311380    /lib/tls/i686/cmov/libdl-2.11.1.so
0088d000-0088e000 rw-p 00002000 08:06 1311380    /lib/tls/i686/cmov/libdl-2.11.1.so
0091a000-0093e000 r-xp 00000000 08:06 1311382    /lib/tls/i686/cmov/libm-2.11.1.so
0093e000-0093f000 r--p 00023000 08:06 1311382    /lib/tls/i686/cmov/libm-2.11.1.so
0093f000-00940000 rw-p 00024000 08:06 1311382    /lib/tls/i686/cmov/libm-2.11.1.so
00a8f000-00a9b000 r-xp 00000000 08:06 1064685    /usr/lib/jvm/java-6-openjdk/jre/lib/i386/libverify.so
00a9b000-00a9c000 r--p 0000b000 08:06 1064685    /usr/lib/jvm/java-6-openjdk/jre/lib/i386/libverify.so
00a9c000-00a9d000 rw-p 0000c000 08:06 1064685    /usr/lib/jvm/java-6-openjdk/jre/lib/i386/libverify.so
00b54000-00b5e000 r-xp 00000000 08:06 1311391    /lib/tls/i686/cmov/libnss_files-2.11.1.so
00b5e000-00b5f000 r--p 00009000 08:06 1311391    /lib/tls/i686/cmov/libnss_files-2.11.1.so
00b5f000-00b60000 rw-p 0000a000 08:06 1311391    /lib/tls/i686/cmov/libnss_files-2.11.1.so
00c62000-00c69000 r-xp 00000000 08:06 1064662    /usr/lib/jvm/java-6-openjdk/jre/lib/i386/libzip.so
00c69000-00c6a000 r--p 00006000 08:06 1064662    /usr/lib/jvm/java-6-openjdk/jre/lib/i386/libzip.so
00c6a000-00c6b000 rw-p 00007000 08:06 1064662    /usr/lib/jvm/java-6-openjdk/jre/lib/i386/libzip.so
00d85000-00d8c000 r-xp 00000000 08:06 1064678    /usr/lib/jvm/java-6-openjdk/jre/lib/i386/native_threads/libhpi.so
00d8c000-00d8d000 r--p 00006000 08:06 1064678    /usr/lib/jvm/java-6-openjdk/jre/lib/i386/native_threads/libhpi.so
00d8d000-00d8e000 rw-p 00007000 08:06 1064678    /usr/lib/jvm/java-6-openjdk/jre/lib/i386/native_threads/libhpi.so
00dfc000-00e0f000 r-xp 00000000 08:06 1179846    /lib/libz.so.1.2.3.3
00e0f000-00e10000 r--p 00012000 08:06 1179846    /lib/libz.so.1.2.3.3
00e10000-00e11000 rw-p 00013000 08:06 1179846    /lib/libz.so.1.2.3.3
00e11000-014d6000 r-xp 00000000 08:06 1064676    /usr/lib/jvm/java-6-openjdk/jre/lib/i386/server/libjvm.so
014d6000-014d7000 ---p 006c5000 08:06 1064676    /usr/lib/jvm/java-6-openjdk/jre/lib/i386/server/libjvm.so
014d7000-0151c000 r--p 006c5000 08:06 1064676    /usr/lib/jvm/java-6-openjdk/jre/lib/i386/server/libjvm.so
0151c000-0152b000 rw-p 0070a000 08:06 1064676    /usr/lib/jvm/java-6-openjdk/jre/lib/i386/server/libjvm.so
0152b000-0194a000 rw-p 00000000 00:00 0 
08048000-08051000 r-xp 00000000 08:06 1064626    /usr/lib/jvm/java-6-openjdk/jre/bin/java
08051000-08052000 r--p 00008000 08:06 1064626    /usr/lib/jvm/java-6-openjdk/jre/bin/java
08052000-08053000 rw-p 00009000 08:06 1064626    /usr/lib/jvm/java-6-openjdk/jre/bin/java
09657000-0975e000 rw-p 00000000 00:00 0          [heap]
805c9000-805cb000 r--s 0000b000 08:06 145377     /home/varun/Documents/apache-tomcat-7.0.23/lib/tomcat-i18n-ja.jar
805cb000-805cf000 r--s 0003a000 08:06 145364     /home/varun/Documents/apache-tomcat-7.0.23/lib/catalina-tribes.jar
805cf000-805d1000 r--s 0000c000 08:06 145362     /home/varun/Documents/apache-tomcat-7.0.23/lib/catalina-ant.jar
805d1000-805d3000 r--s 0001c000 08:06 145368     /home/varun/Documents/apache-tomcat-7.0.23/lib/jasper-el.jar
805d3000-805df000 r--s 000aa000 08:06 145373     /home/varun/Documents/apache-tomcat-7.0.23/lib/tomcat-coyote.jar
805df000-805ee000 r--s 00193000 08:06 145366     /home/varun/Documents/apache-tomcat-7.0.23/lib/ecj-3.7.jar
805ee000-80600000 r--s 0015a000 08:06 145365     /home/varun/Documents/apache-tomcat-7.0.23/lib/catalina.jar
80600000-80621000 rw-p 00000000 00:00 0 
80621000-80700000 ---p 00000000 00:00 0 
80700000-80702000 r--s 00011000 08:06 145375     /home/varun/Documents/apache-tomcat-7.0.23/lib/tomcat-i18n-es.jar
80702000-80705000 r--s 0001a000 08:06 145378     /home/varun/Documents/apache-tomcat-7.0.23/lib/tomcat-jdbc.jar
80705000-80709000 r--s 00036000 08:06 145374     /home/varun/Documents/apache-tomcat-7.0.23/lib/tomcat-dbcp.jar
80709000-8070a000 r--s 00005000 08:06 145379     /home/varun/Documents/apache-tomcat-7.0.23/lib/tomcat-util.jar
8070a000-8070b000 r--s 00003000 08:06 145361     /home/varun/Documents/apache-tomcat-7.0.23/lib/annotations-api.jar
8070b000-8070d000 r--s 0001e000 08:06 145363     /home/varun/Documents/apache-tomcat-7.0.23/lib/catalina-ha.jar
8070d000-80715000 r--s 00089000 08:06 145369     /home/varun/Documents/apache-tomcat-7.0.23/lib/jasper.jar
80715000-80719000 r--s 00028000 08:06 145371     /home/varun/Documents/apache-tomcat-7.0.23/lib/servlet-api.jar
80719000-8071b000 r--s 0000a000 08:06 145376     /home/varun/Documents/apache-tomcat-7.0.23/lib/tomcat-i18n-fr.jar
8071b000-8071e000 r--s 00013000 08:06 145370     /home/varun/Documents/apache-tomcat-7.0.23/lib/jsp-api.jar
8071e000-8071f000 r--s 00001000 08:06 145372     /home/varun/Documents/apache-tomcat-7.0.23/lib/tomcat-api.jar
8071f000-80721000 r--s 00009000 08:06 145367     /home/varun/Documents/apache-tomcat-7.0.23/lib/el-api.jar
80721000-8072a000 r--s 00065000 08:06 1460237    /usr/share/java/gnome-java-bridge.jar
8072a000-8072b000 ---p 00000000 00:00 0 
8072b000-807ab000 rw-p 00000000 00:00 0 
807ab000-807ae000 ---p 00000000 00:00 0 
807ae000-807fc000 rw-p 00000000 00:00 0 
807fc000-807ff000 ---p 00000000 00:00 0 
807ff000-8087d000 rw-p 00000000 00:00 0 
8087d000-80880000 ---p 00000000 00:00 0 
80880000-808fe000 rw-p 00000000 00:00 0 
808fe000-80901000 ---p 00000000 00:00 0 
80901000-8094f000 rw-p 00000000 00:00 0 
8094f000-8098e000 r--p 00000000 08:06 1056342    /usr/lib/locale/en_IN/LC_CTYPE
8098e000-80991000 ---p 00000000 00:00 0 
80991000-809df000 rw-p 00000000 00:00 0 
809df000-809e2000 ---p 00000000 00:00 0 
809e2000-80a30000 rw-p 00000000 00:00 0 
80a30000-80a31000 ---p 00000000 00:00 0 
80a31000-80ab1000 rw-p 00000000 00:00 0 
80ab1000-80ab3000 r--s 0001d000 08:06 1056709    /usr/lib/jvm/java-6-openjdk/jre/lib/plugin.jar
80ab3000-80ab8000 r--s 00045000 08:06 1056713    /usr/lib/jvm/java-6-openjdk/jre/lib/netx.jar
80ab8000-80aeb000 rw-p 00000000 00:00 0 
80aeb000-80c7a000 r--s 038c4000 08:06 1064698    /usr/lib/jvm/java-6-openjdk/jre/lib/rt.jar
80c7a000-80c7b000 ---p 00000000 00:00 0 
80c7b000-80cfb000 rw-p 00000000 00:00 0 
80cfb000-80cfc000 ---p 00000000 00:00 0 
80cfc000-80d84000 rw-p 00000000 00:00 0 
80d84000-80dbc000 rw-p 00000000 00:00 0 
80dbc000-80dcb000 rw-p 00000000 00:00 0 
80dcb000-80ea4000 rw-p 00000000 00:00 0 
80ea4000-80eac000 rw-p 00000000 00:00 0 
80eac000-80ee4000 rw-p 00000000 00:00 0 
80ee4000-80ef3000 rw-p 00000000 00:00 0 
80ef3000-80fcb000 rw-p 00000000 00:00 0 
80fcb000-80fd3000 rw-p 00000000 00:00 0 
80fd3000-8103f000 rw-p 00000000 00:00 0 
8103f000-82040000 rw-p 00000000 00:00 0 
82040000-89040000 rw-p 00000000 00:00 0 
89040000-8ad20000 rw-p 00000000 00:00 0 
8ad20000-a5ef0000 rw-p 00000000 00:00 0 
a5ef0000-a6d60000 rw-p 00000000 00:00 0 
a6d60000-b4640000 rw-p 00000000 00:00 0 
b4640000-b4649000 rw-p 00000000 00:00 0 
b4649000-b4700000 rw-p 00000000 00:00 0 
b4700000-b4940000 rwxp 00000000 00:00 0 
b4940000-b7700000 rw-p 00000000 00:00 0 
b7700000-b7703000 ---p 00000000 00:00 0 
b7703000-b7755000 rw-p 00000000 00:00 0 
b7755000-b7758000 r--s 0000f000 08:06 1056737    /usr/lib/jvm/java-6-openjdk/jre/lib/ext/pulse-java.jar
b7758000-b7760000 rw-s 00000000 08:06 786876     /tmp/hsperfdata_varun/3118
b7760000-b7761000 rw-p 00000000 00:00 0 
b7761000-b7762000 r--p 00000000 00:00 0 
b7762000-b7764000 rw-p 00000000 00:00 0 
bfb59000-bfb6e000 rw-p 00000000 00:00 0          [stack]

VM Arguments:
jvm_args: -Dfile.encoding=UTF-8 
java_command: Core.func
Launcher Type: SUN_STANDARD

Environment Variables:
PATH=/usr/local/sbin:/usr/local/bin:/usr/sbin:/usr/bin:/sbin:/bin:/usr/games
USERNAME=varun
LD_LIBRARY_PATH=/usr/lib/jvm/java-6-openjdk/jre/lib/i386/server:/usr/lib/jvm/java-6-openjdk/jre/lib/i386:/usr/lib/jvm/java-6-openjdk/jre/../lib/i386:/usr/lib/jvm/java-6-openjdk/jre/lib/i386/client:/usr/lib/jvm/java-6-openjdk/jre/lib/i386:/usr/lib/jvm/java-6-openjdk/jre/../lib/i386
SHELL=/bin/bash
DISPLAY=:0.0

Signal Handlers:
SIGSEGV: [libjvm.so+0x64a040], sa_mask[0]=0x7ffbfeff, sa_flags=0x10000004
SIGBUS: [libjvm.so+0x64a040], sa_mask[0]=0x7ffbfeff, sa_flags=0x10000004
SIGFPE: [libjvm.so+0x51c0d0], sa_mask[0]=0x7ffbfeff, sa_flags=0x10000004
SIGPIPE: [libjvm.so+0x51c0d0], sa_mask[0]=0x7ffbfeff, sa_flags=0x10000004
SIGXFSZ: [libjvm.so+0x51c0d0], sa_mask[0]=0x7ffbfeff, sa_flags=0x10000004
SIGILL: [libjvm.so+0x51c0d0], sa_mask[0]=0x7ffbfeff, sa_flags=0x10000004
SIGUSR1: SIG_DFL, sa_mask[0]=0x00000000, sa_flags=0x00000000
SIGUSR2: [libjvm.so+0x51b780], sa_mask[0]=0x00000004, sa_flags=0x10000004
SIGHUP: [libjvm.so+0x51e2f0], sa_mask[0]=0x7ffbfeff, sa_flags=0x10000004
SIGINT: SIG_IGN, sa_mask[0]=0x00000000, sa_flags=0x00000000
SIGTERM: [libjvm.so+0x51e2f0], sa_mask[0]=0x7ffbfeff, sa_flags=0x10000004
SIGQUIT: [libjvm.so+0x51e2f0], sa_mask[0]=0x7ffbfeff, sa_flags=0x10000004


---------------  S Y S T E M  ---------------

OS:Ubuntu 10.04 (lucid)
uname:Linux 2.6.32-33-generic #70-Ubuntu SMP Thu Jul 7 21:09:46 UTC 2011 i686
libc:glibc 2.11.1 NPTL 2.11.1 
rlimit: STACK 8192k, CORE 0k, NPROC infinity, NOFILE 1024, AS infinity
load average:1.27 1.38 1.12

/proc/meminfo:
MemTotal:        2836956 kB
MemFree:         1476160 kB
Buffers:          147696 kB
Cached:           542132 kB
SwapCached:            0 kB
Active:           682656 kB
Inactive:         551376 kB
Active(anon):     544688 kB
Inactive(anon):     9344 kB
Active(file):     137968 kB
Inactive(file):   542032 kB
Unevictable:          32 kB
Mlocked:              32 kB
HighTotal:       1973064 kB
HighFree:         857088 kB
LowTotal:         863892 kB
LowFree:          619072 kB
SwapTotal:       2833400 kB
SwapFree:        2833400 kB
Dirty:               700 kB
Writeback:             0 kB
AnonPages:        544308 kB
Mapped:           110928 kB
Shmem:              9828 kB
Slab:              70624 kB
SReclaimable:      59612 kB
SUnreclaim:        11012 kB
KernelStack:        2440 kB
PageTables:         6264 kB
NFS_Unstable:          0 kB
Bounce:                0 kB
WritebackTmp:          0 kB
CommitLimit:     4251876 kB
Committed_AS:    1312340 kB
VmallocTotal:     122880 kB
VmallocUsed:       72712 kB
VmallocChunk:      41852 kB
HardwareCorrupted:     0 kB
HugePages_Total:       0
HugePages_Free:        0
HugePages_Rsvd:        0
HugePages_Surp:        0
Hugepagesize:       4096 kB
DirectMap4k:       12280 kB
DirectMap4M:      897024 kB


CPU:total 2 (2 cores per cpu, 1 threads per core) family 17 model 3 stepping 1, cmov, cx8, fxsr, mmx, sse, sse2, sse3, mmxext, 3dnow, 3dnowext

Memory: 4k page, physical 2836956k(1476160k free), swap 2833400k(2833400k free)

vm_info: OpenJDK Server VM (19.0-b09) for linux-x86 JRE (1.6.0_20-b20), built on Nov  8 2011 17:27:25 by "buildd" with gcc 4.4.3

time: Sat Jan 14 18:46:04 2012
elapsed time: 0 seconds

