#
# A fatal error has been detected by the Java Runtime Environment:
#
#  SIGSEGV (0xb) at pc=0x013880ba, pid=2624, tid=3077929840
#
# JRE version: 6.0_20-b20
# Java VM: OpenJDK Server VM (19.0-b09 mixed mode linux-x86 )
# Derivative: IcedTea6 1.9.10
# Distribution: Ubuntu 10.04.1 LTS, package 6b20-1.9.10-0ubuntu1~10.04.2
# Problematic frame:
# V  [libjvm.so+0x39b0ba]
#
# If you would like to submit a bug report, please include
# instructions how to reproduce the bug and visit:
#   https://bugs.launchpad.net/ubuntu/+source/openjdk-6/
#

---------------  T H R E A D  ---------------

Current thread (0x08465000):  JavaThread "main" [_thread_in_vm, id=2627, stack(0xb7707000,0xb7758000)]

siginfo:si_signo=SIGSEGV: si_errno=0, si_code=1 (SEGV_MAPERR), si_addr=0x00000000

Registers:
EAX=0x00000000, EBX=0x016f7ff4, ECX=0x084657ec, EDX=0x08465000
ESP=0xb7756f04, EBP=0xb7756f58, ESI=0x08465000, EDI=0x00000ffc
EIP=0x013880ba, CR2=0x00000000, EFLAGS=0x00210286

Register to memory mapping:

EAX=0x00000000
0x00000000 is pointing to unknown location

EBX=0x016f7ff4
0x016f7ff4: <offset 0x70aff4> in /usr/lib/jvm/java-6-openjdk/jre/lib/i386/server/libjvm.so at 0x00fed000

ECX=0x084657ec
0x084657ec is pointing to unknown location

EDX=0x08465000
"main" prio=10 tid=0x08465000 nid=0xa43 runnable [0xb7757000]
   java.lang.Thread.State: RUNNABLE

ESP=0xb7756f04
0xb7756f04 is pointing into the stack for thread: 0x08465000
"main" prio=10 tid=0x08465000 nid=0xa43 runnable [0xb7757000]
   java.lang.Thread.State: RUNNABLE

EBP=0xb7756f58
0xb7756f58 is pointing into the stack for thread: 0x08465000
"main" prio=10 tid=0x08465000 nid=0xa43 runnable [0xb7757000]
   java.lang.Thread.State: RUNNABLE

ESI=0x08465000
"main" prio=10 tid=0x08465000 nid=0xa43 runnable [0xb7757000]
   java.lang.Thread.State: RUNNABLE

EDI=0x00000ffc
0x00000ffc is pointing to unknown location


Top of Stack: (sp=0xb7756f04)
0xb7756f04:   08465000 01712c00 01712c00 00338ff4
0xb7756f14:   0023f30c 00338ff4 b7756f28 00000000
0xb7756f24:   0851ee08 08465000 084657e8 00000088
0xb7756f34:   0169f86c 00338ff4 08465000 b7756f58
0xb7756f44:   0023f44c 006c9bcb 81222650 81222650
0xb7756f54:   08465000 b7757008 006c96fa 08465118
0xb7756f64:   0000000a 00000000 0157d386 014ea18e
0xb7756f74:   0000015c 00000000 00000005 084657e8 

Instructions: (pc=0x013880ba)
0x013880aa:   52 89 75 e4 52 56 50 e8 7a 17 01 00 58 8b 45 10
0x013880ba:   8b 38 57 e8 1e d7 fe ff 89 c7 83 c4 10 b8 08 00 

Stack: [0xb7707000,0xb7758000],  sp=0xb7756f04,  free space=319k
Native frames: (J=compiled Java code, j=interpreted, Vv=VM code, C=native code)
V  [libjvm.so+0x39b0ba]
C  [libflowrecord.so+0x6fa]  Java_FileAccess_ReadFlow_readflow+0x8a
j  FileAccess.ReadFlow.readflow()V+0
j  FileAccess.ReadFlow.main([Ljava/lang/String;)V+9
v  ~StubRoutines::call_stub
V  [libjvm.so+0x387d72]
V  [libjvm.so+0x519369]
V  [libjvm.so+0x386caf]
V  [libjvm.so+0x39214c]
V  [libjvm.so+0x3a11ad]
C  [java+0x321d]  JavaMain+0xd4d
C  [libpthread.so.0+0x596e]

Java frames: (J=compiled Java code, j=interpreted, Vv=VM code)
j  FileAccess.ReadFlow.readflow()V+0
j  FileAccess.ReadFlow.main([Ljava/lang/String;)V+9
v  ~StubRoutines::call_stub

---------------  P R O C E S S  ---------------

Java Threads: ( => current thread )
  0x0850a000 JavaThread "Low Memory Detector" daemon [_thread_blocked, id=2637, stack(0x807ab000,0x807fc000)]
  0x08506800 JavaThread "CompilerThread1" daemon [_thread_blocked, id=2636, stack(0x807fc000,0x8087d000)]
  0x08504800 JavaThread "CompilerThread0" daemon [_thread_blocked, id=2635, stack(0x8087d000,0x808fe000)]
  0x08503000 JavaThread "Signal Dispatcher" daemon [_thread_blocked, id=2634, stack(0x808fe000,0x8094f000)]
  0x084f0000 JavaThread "Finalizer" daemon [_thread_blocked, id=2633, stack(0x8098e000,0x809df000)]
  0x084ee800 JavaThread "Reference Handler" daemon [_thread_blocked, id=2632, stack(0x809df000,0x80a30000)]
=>0x08465000 JavaThread "main" [_thread_in_vm, id=2627, stack(0xb7707000,0xb7758000)]

Other Threads:
  0x084eac00 VMThread [stack: 0x80a30000,0x80ab1000] [id=2631]
  0x0850bc00 WatcherThread [stack: 0x8072a000,0x807ab000] [id=2638]

VM state:not at safepoint (normal execution)

VM Mutex/Monitor currently owned by a thread: None

Heap
 PSYoungGen      total 12992K, used 448K [0xa5ef0000, 0xa6d60000, 0xb4640000)
  eden space 11200K, 4% used [0xa5ef0000,0xa5f60070,0xa69e0000)
  from space 1792K, 0% used [0xa6ba0000,0xa6ba0000,0xa6d60000)
  to   space 1792K, 0% used [0xa69e0000,0xa69e0000,0xa6ba0000)
 PSOldGen        total 29568K, used 0K [0x89040000, 0x8ad20000, 0xa5ef0000)
  object space 29568K, 0% used [0x89040000,0x89040000,0x8ad20000)
 PSPermGen       total 16384K, used 1933K [0x81040000, 0x82040000, 0x89040000)
  object space 16384K, 11% used [0x81040000,0x81223658,0x82040000)

Dynamic libraries:
00110000-00134000 r-xp 00000000 08:06 1311382    /lib/tls/i686/cmov/libm-2.11.1.so
00134000-00135000 r--p 00023000 08:06 1311382    /lib/tls/i686/cmov/libm-2.11.1.so
00135000-00136000 rw-p 00024000 08:06 1311382    /lib/tls/i686/cmov/libm-2.11.1.so
0017f000-00186000 r-xp 00000000 08:06 1064662    /usr/lib/jvm/java-6-openjdk/jre/lib/i386/libzip.so
00186000-00187000 r--p 00006000 08:06 1064662    /usr/lib/jvm/java-6-openjdk/jre/lib/i386/libzip.so
00187000-00188000 rw-p 00007000 08:06 1064662    /usr/lib/jvm/java-6-openjdk/jre/lib/i386/libzip.so
001a3000-001ad000 r-xp 00000000 08:06 1311391    /lib/tls/i686/cmov/libnss_files-2.11.1.so
001ad000-001ae000 r--p 00009000 08:06 1311391    /lib/tls/i686/cmov/libnss_files-2.11.1.so
001ae000-001af000 rw-p 0000a000 08:06 1311391    /lib/tls/i686/cmov/libnss_files-2.11.1.so
001df000-001e1000 r-xp 00000000 08:06 1311380    /lib/tls/i686/cmov/libdl-2.11.1.so
001e1000-001e2000 r--p 00001000 08:06 1311380    /lib/tls/i686/cmov/libdl-2.11.1.so
001e2000-001e3000 rw-p 00002000 08:06 1311380    /lib/tls/i686/cmov/libdl-2.11.1.so
001e3000-00336000 r-xp 00000000 08:06 1311374    /lib/tls/i686/cmov/libc-2.11.1.so
00336000-00337000 ---p 00153000 08:06 1311374    /lib/tls/i686/cmov/libc-2.11.1.so
00337000-00339000 r--p 00153000 08:06 1311374    /lib/tls/i686/cmov/libc-2.11.1.so
00339000-0033a000 rw-p 00155000 08:06 1311374    /lib/tls/i686/cmov/libc-2.11.1.so
0033a000-0033d000 rw-p 00000000 00:00 0 
00352000-00376000 r-xp 00000000 08:06 1064657    /usr/lib/jvm/java-6-openjdk/jre/lib/i386/libjava.so
00376000-00377000 r--p 00023000 08:06 1064657    /usr/lib/jvm/java-6-openjdk/jre/lib/i386/libjava.so
00377000-00379000 rw-p 00024000 08:06 1064657    /usr/lib/jvm/java-6-openjdk/jre/lib/i386/libjava.so
004c5000-004d8000 r-xp 00000000 08:06 1179846    /lib/libz.so.1.2.3.3
004d8000-004d9000 r--p 00012000 08:06 1179846    /lib/libz.so.1.2.3.3
004d9000-004da000 rw-p 00013000 08:06 1179846    /lib/libz.so.1.2.3.3
006c9000-006ca000 r-xp 00000000 08:06 1069394    /usr/lib/libflowrecord.so
006ca000-006cb000 r--p 00000000 08:06 1069394    /usr/lib/libflowrecord.so
006cb000-006cc000 rw-p 00001000 08:06 1069394    /usr/lib/libflowrecord.so
00a07000-00a0e000 r-xp 00000000 08:06 1064678    /usr/lib/jvm/java-6-openjdk/jre/lib/i386/native_threads/libhpi.so
00a0e000-00a0f000 r--p 00006000 08:06 1064678    /usr/lib/jvm/java-6-openjdk/jre/lib/i386/native_threads/libhpi.so
00a0f000-00a10000 rw-p 00007000 08:06 1064678    /usr/lib/jvm/java-6-openjdk/jre/lib/i386/native_threads/libhpi.so
00a24000-00a25000 r-xp 00000000 00:00 0          [vdso]
00a6b000-00a86000 r-xp 00000000 08:06 1179673    /lib/ld-2.11.1.so
00a86000-00a87000 r--p 0001a000 08:06 1179673    /lib/ld-2.11.1.so
00a87000-00a88000 rw-p 0001b000 08:06 1179673    /lib/ld-2.11.1.so
00ad1000-00ad9000 r-xp 00000000 08:06 1311395    /lib/tls/i686/cmov/libnss_nis-2.11.1.so
00ad9000-00ada000 r--p 00007000 08:06 1311395    /lib/tls/i686/cmov/libnss_nis-2.11.1.so
00ada000-00adb000 rw-p 00008000 08:06 1311395    /lib/tls/i686/cmov/libnss_nis-2.11.1.so
00ba8000-00baf000 r-xp 00000000 08:06 1311404    /lib/tls/i686/cmov/librt-2.11.1.so
00baf000-00bb0000 r--p 00006000 08:06 1311404    /lib/tls/i686/cmov/librt-2.11.1.so
00bb0000-00bb1000 rw-p 00007000 08:06 1311404    /lib/tls/i686/cmov/librt-2.11.1.so
00ccb000-00cce000 r-xp 00000000 08:06 1064666    /usr/lib/jvm/java-6-openjdk/jre/lib/i386/jli/libjli.so
00cce000-00ccf000 r--p 00003000 08:06 1064666    /usr/lib/jvm/java-6-openjdk/jre/lib/i386/jli/libjli.so
00ccf000-00cd0000 rw-p 00004000 08:06 1064666    /usr/lib/jvm/java-6-openjdk/jre/lib/i386/jli/libjli.so
00d5e000-00d64000 r-xp 00000000 08:06 1311387    /lib/tls/i686/cmov/libnss_compat-2.11.1.so
00d64000-00d65000 r--p 00006000 08:06 1311387    /lib/tls/i686/cmov/libnss_compat-2.11.1.so
00d65000-00d66000 rw-p 00007000 08:06 1311387    /lib/tls/i686/cmov/libnss_compat-2.11.1.so
00ef2000-00f05000 r-xp 00000000 08:06 1311385    /lib/tls/i686/cmov/libnsl-2.11.1.so
00f05000-00f06000 r--p 00012000 08:06 1311385    /lib/tls/i686/cmov/libnsl-2.11.1.so
00f06000-00f07000 rw-p 00013000 08:06 1311385    /lib/tls/i686/cmov/libnsl-2.11.1.so
00f07000-00f09000 rw-p 00000000 00:00 0 
00f51000-00f5d000 r-xp 00000000 08:06 1064685    /usr/lib/jvm/java-6-openjdk/jre/lib/i386/libverify.so
00f5d000-00f5e000 r--p 0000b000 08:06 1064685    /usr/lib/jvm/java-6-openjdk/jre/lib/i386/libverify.so
00f5e000-00f5f000 rw-p 0000c000 08:06 1064685    /usr/lib/jvm/java-6-openjdk/jre/lib/i386/libverify.so
00fd4000-00fe9000 r-xp 00000000 08:06 1311400    /lib/tls/i686/cmov/libpthread-2.11.1.so
00fe9000-00fea000 r--p 00014000 08:06 1311400    /lib/tls/i686/cmov/libpthread-2.11.1.so
00fea000-00feb000 rw-p 00015000 08:06 1311400    /lib/tls/i686/cmov/libpthread-2.11.1.so
00feb000-00fed000 rw-p 00000000 00:00 0 
00fed000-016b2000 r-xp 00000000 08:06 1064676    /usr/lib/jvm/java-6-openjdk/jre/lib/i386/server/libjvm.so
016b2000-016b3000 ---p 006c5000 08:06 1064676    /usr/lib/jvm/java-6-openjdk/jre/lib/i386/server/libjvm.so
016b3000-016f8000 r--p 006c5000 08:06 1064676    /usr/lib/jvm/java-6-openjdk/jre/lib/i386/server/libjvm.so
016f8000-01707000 rw-p 0070a000 08:06 1064676    /usr/lib/jvm/java-6-openjdk/jre/lib/i386/server/libjvm.so
01707000-01b26000 rw-p 00000000 00:00 0 
08048000-08051000 r-xp 00000000 08:06 1064626    /usr/lib/jvm/java-6-openjdk/jre/bin/java
08051000-08052000 r--p 00008000 08:06 1064626    /usr/lib/jvm/java-6-openjdk/jre/bin/java
08052000-08053000 rw-p 00009000 08:06 1064626    /usr/lib/jvm/java-6-openjdk/jre/bin/java
0845e000-0856e000 rw-p 00000000 00:00 0          [heap]
806d0000-806d2000 r--s 0000b000 08:06 407447     /home/varun/apache-tomcat-7.0.14/lib/tomcat-i18n-ja.jar
806d2000-806d7000 r--s 00039000 08:06 407446     /home/varun/apache-tomcat-7.0.14/lib/catalina-tribes.jar
806d7000-806d9000 r--s 0000c000 08:06 407452     /home/varun/apache-tomcat-7.0.14/lib/catalina-ant.jar
806d9000-806dc000 r--s 0001b000 08:06 407461     /home/varun/apache-tomcat-7.0.14/lib/jasper-el.jar
806dc000-806df000 r--s 0000e000 08:06 407449     /home/varun/apache-tomcat-7.0.14/lib/tomcat-i18n-es.jar
806df000-806e3000 r--s 00035000 08:06 407457     /home/varun/apache-tomcat-7.0.14/lib/tomcat-dbcp.jar
806e3000-806ef000 r--s 000a8000 08:06 407451     /home/varun/apache-tomcat-7.0.14/lib/tomcat-coyote.jar
806ef000-806f0000 r--s 00004000 08:06 407456     /home/varun/apache-tomcat-7.0.14/lib/tomcat-util.jar
806f0000-806f1000 r--s 00003000 08:06 407445     /home/varun/apache-tomcat-7.0.14/lib/annotations-api.jar
806f1000-806f4000 r--s 0001d000 08:06 407455     /home/varun/apache-tomcat-7.0.14/lib/catalina-ha.jar
806f4000-80705000 r--s 0014b000 08:06 407463     /home/varun/apache-tomcat-7.0.14/lib/catalina.jar
80705000-8070d000 r--s 00085000 08:06 407466     /home/varun/apache-tomcat-7.0.14/lib/jasper.jar
8070d000-8071b000 r--s 00185000 08:06 407460     /home/varun/apache-tomcat-7.0.14/lib/ecj-3.6.2.jar
8071b000-8071e000 r--s 00028000 08:06 407454     /home/varun/apache-tomcat-7.0.14/lib/servlet-api.jar
8071e000-80721000 r--s 0000a000 08:06 407448     /home/varun/apache-tomcat-7.0.14/lib/tomcat-i18n-fr.jar
80721000-8072a000 r--s 00065000 08:06 1460237    /usr/share/java/gnome-java-bridge.jar
8072a000-8072b000 ---p 00000000 00:00 0 
8072b000-807ab000 rw-p 00000000 00:00 0 
807ab000-807ae000 ---p 00000000 00:00 0 
807ae000-807fc000 rw-p 00000000 00:00 0 
807fc000-807ff000 ---p 00000000 00:00 0 
807ff000-8087d000 rw-p 00000000 00:00 0 
8087d000-80880000 ---p 00000000 00:00 0 
80880000-808fe000 rw-p 00000000 00:00 0 
808fe000-80901000 ---p 00000000 00:00 0 
80901000-8094f000 rw-p 00000000 00:00 0 
8094f000-8098e000 r--p 00000000 08:06 1056342    /usr/lib/locale/en_IN/LC_CTYPE
8098e000-80991000 ---p 00000000 00:00 0 
80991000-809df000 rw-p 00000000 00:00 0 
809df000-809e2000 ---p 00000000 00:00 0 
809e2000-80a30000 rw-p 00000000 00:00 0 
80a30000-80a31000 ---p 00000000 00:00 0 
80a31000-80ab1000 rw-p 00000000 00:00 0 
80ab1000-80ab3000 r--s 0001d000 08:06 1056709    /usr/lib/jvm/java-6-openjdk/jre/lib/plugin.jar
80ab3000-80ab8000 r--s 00045000 08:06 1056713    /usr/lib/jvm/java-6-openjdk/jre/lib/netx.jar
80ab8000-80aeb000 rw-p 00000000 00:00 0 
80aeb000-80c7a000 r--s 038c4000 08:06 1064698    /usr/lib/jvm/java-6-openjdk/jre/lib/rt.jar
80c7a000-80c7b000 ---p 00000000 00:00 0 
80c7b000-80cfb000 rw-p 00000000 00:00 0 
80cfb000-80cfc000 ---p 00000000 00:00 0 
80cfc000-80d84000 rw-p 00000000 00:00 0 
80d84000-80dbc000 rw-p 00000000 00:00 0 
80dbc000-80dcb000 rw-p 00000000 00:00 0 
80dcb000-80ea4000 rw-p 00000000 00:00 0 
80ea4000-80eac000 rw-p 00000000 00:00 0 
80eac000-80ee4000 rw-p 00000000 00:00 0 
80ee4000-80ef3000 rw-p 00000000 00:00 0 
80ef3000-80fcb000 rw-p 00000000 00:00 0 
80fcb000-80fd3000 rw-p 00000000 00:00 0 
80fd3000-8103f000 rw-p 00000000 00:00 0 
8103f000-82040000 rw-p 00000000 00:00 0 
82040000-89040000 rw-p 00000000 00:00 0 
89040000-8ad20000 rw-p 00000000 00:00 0 
8ad20000-a5ef0000 rw-p 00000000 00:00 0 
a5ef0000-a6d60000 rw-p 00000000 00:00 0 
a6d60000-b4640000 rw-p 00000000 00:00 0 
b4641000-b4644000 r--s 00013000 08:06 407465     /home/varun/apache-tomcat-7.0.14/lib/jsp-api.jar
b4644000-b4645000 r--s 00001000 08:06 407459     /home/varun/apache-tomcat-7.0.14/lib/tomcat-api.jar
b4645000-b4647000 r--s 00009000 08:06 407467     /home/varun/apache-tomcat-7.0.14/lib/el-api.jar
b4647000-b4650000 rw-p 00000000 00:00 0 
b4650000-b4707000 rw-p 00000000 00:00 0 
b4707000-b4947000 rwxp 00000000 00:00 0 
b4947000-b7707000 rw-p 00000000 00:00 0 
b7707000-b770a000 ---p 00000000 00:00 0 
b770a000-b775b000 rw-p 00000000 00:00 0 
b775c000-b775f000 r--s 0000f000 08:06 1056737    /usr/lib/jvm/java-6-openjdk/jre/lib/ext/pulse-java.jar
b775f000-b7767000 rw-s 00000000 08:06 786640     /tmp/hsperfdata_varun/2624
b7767000-b7768000 rw-p 00000000 00:00 0 
b7768000-b7769000 r--p 00000000 00:00 0 
b7769000-b776b000 rw-p 00000000 00:00 0 
bf858000-bf86d000 rw-p 00000000 00:00 0          [stack]

VM Arguments:
jvm_args: -Dfile.encoding=UTF-8 
java_command: FileAccess.ReadFlow
Launcher Type: SUN_STANDARD

Environment Variables:
PATH=/usr/local/sbin:/usr/local/bin:/usr/sbin:/usr/bin:/sbin:/bin:/usr/games
USERNAME=varun
LD_LIBRARY_PATH=/usr/lib/jvm/java-6-openjdk/jre/lib/i386/server:/usr/lib/jvm/java-6-openjdk/jre/lib/i386:/usr/lib/jvm/java-6-openjdk/jre/../lib/i386:/usr/lib/jvm/java-6-openjdk/jre/lib/i386/client:/usr/lib/jvm/java-6-openjdk/jre/lib/i386:/usr/lib/jvm/java-6-openjdk/jre/../lib/i386
SHELL=/bin/bash
DISPLAY=:0.0

Signal Handlers:
SIGSEGV: [libjvm.so+0x64a040], sa_mask[0]=0x7ffbfeff, sa_flags=0x10000004
SIGBUS: [libjvm.so+0x64a040], sa_mask[0]=0x7ffbfeff, sa_flags=0x10000004
SIGFPE: [libjvm.so+0x51c0d0], sa_mask[0]=0x7ffbfeff, sa_flags=0x10000004
SIGPIPE: [libjvm.so+0x51c0d0], sa_mask[0]=0x7ffbfeff, sa_flags=0x10000004
SIGXFSZ: [libjvm.so+0x51c0d0], sa_mask[0]=0x7ffbfeff, sa_flags=0x10000004
SIGILL: [libjvm.so+0x51c0d0], sa_mask[0]=0x7ffbfeff, sa_flags=0x10000004
SIGUSR1: SIG_DFL, sa_mask[0]=0x00000000, sa_flags=0x00000000
SIGUSR2: [libjvm.so+0x51b780], sa_mask[0]=0x00000004, sa_flags=0x10000004
SIGHUP: [libjvm.so+0x51e2f0], sa_mask[0]=0x7ffbfeff, sa_flags=0x10000004
SIGINT: SIG_IGN, sa_mask[0]=0x00000000, sa_flags=0x00000000
SIGTERM: [libjvm.so+0x51e2f0], sa_mask[0]=0x7ffbfeff, sa_flags=0x10000004
SIGQUIT: [libjvm.so+0x51e2f0], sa_mask[0]=0x7ffbfeff, sa_flags=0x10000004


---------------  S Y S T E M  ---------------

OS:Ubuntu 10.04 (lucid)
uname:Linux 2.6.32-33-generic #70-Ubuntu SMP Thu Jul 7 21:09:46 UTC 2011 i686
libc:glibc 2.11.1 NPTL 2.11.1 
rlimit: STACK 8192k, CORE 0k, NPROC infinity, NOFILE 1024, AS infinity
load average:0.44 0.41 0.37

/proc/meminfo:
MemTotal:        2836956 kB
MemFree:         1709936 kB
Buffers:           81756 kB
Cached:           548280 kB
SwapCached:            0 kB
Active:           579280 kB
Inactive:         456748 kB
Active(anon):     406396 kB
Inactive(anon):     5168 kB
Active(file):     172884 kB
Inactive(file):   451580 kB
Unevictable:          16 kB
Mlocked:              16 kB
HighTotal:       1973064 kB
HighFree:         989768 kB
LowTotal:         863892 kB
LowFree:          720168 kB
SwapTotal:       2833400 kB
SwapFree:        2833400 kB
Dirty:               148 kB
Writeback:             0 kB
AnonPages:        406020 kB
Mapped:            79196 kB
Shmem:              5572 kB
Slab:              35304 kB
SReclaimable:      25008 kB
SUnreclaim:        10296 kB
KernelStack:        2488 kB
PageTables:         5376 kB
NFS_Unstable:          0 kB
Bounce:                0 kB
WritebackTmp:          0 kB
CommitLimit:     4251876 kB
Committed_AS:     981332 kB
VmallocTotal:     122880 kB
VmallocUsed:       72756 kB
VmallocChunk:      42364 kB
HardwareCorrupted:     0 kB
HugePages_Total:       0
HugePages_Free:        0
HugePages_Rsvd:        0
HugePages_Surp:        0
Hugepagesize:       4096 kB
DirectMap4k:       12280 kB
DirectMap4M:      897024 kB


CPU:total 2 (2 cores per cpu, 1 threads per core) family 17 model 3 stepping 1, cmov, cx8, fxsr, mmx, sse, sse2, sse3, mmxext, 3dnow, 3dnowext

Memory: 4k page, physical 2836956k(1709936k free), swap 2833400k(2833400k free)

vm_info: OpenJDK Server VM (19.0-b09) for linux-x86 JRE (1.6.0_20-b20), built on Nov  8 2011 17:27:25 by "buildd" with gcc 4.4.3

time: Mon Jan 16 17:56:02 2012
elapsed time: 0 seconds

