#
# A fatal error has been detected by the Java Runtime Environment:
#
#  SIGSEGV (0xb) at pc=0x01233ed2, pid=6362, tid=3078490992
#
# JRE version: 6.0_20-b20
# Java VM: OpenJDK Server VM (19.0-b09 mixed mode linux-x86 )
# Derivative: IcedTea6 1.9.10
# Distribution: Ubuntu 10.04.1 LTS, package 6b20-1.9.10-0ubuntu1~10.04.3
# Problematic frame:
# V  [libjvm.so+0x39eed2]
#
# If you would like to submit a bug report, please include
# instructions how to reproduce the bug and visit:
#   https://bugs.launchpad.net/ubuntu/+source/openjdk-6/
#

---------------  T H R E A D  ---------------

Current thread (0x08a1e000):  JavaThread "main" [_thread_in_vm, id=6365, stack(0xb7790000,0xb77e1000)]

siginfo:si_signo=SIGSEGV: si_errno=0, si_code=1 (SEGV_MAPERR), si_addr=0x00000004

Registers:
EAX=0x00000000, EBX=0x0159fff4, ECX=0xb77f4000, EDX=0x015b627d
ESP=0xb77dff60, EBP=0xb77dffa8, ESI=0x08a1e000, EDI=0xb77e004c
EIP=0x01233ed2, CR2=0x00000004, EFLAGS=0x00010246

Register to memory mapping:

EAX=0x00000000
0x00000000 is pointing to unknown location

EBX=0x0159fff4
0x0159fff4: <offset 0x70aff4> in /usr/lib/jvm/java-6-openjdk/jre/lib/i386/server/libjvm.so at 0x00e95000

ECX=0xb77f4000
0xb77f4000 is pointing to unknown location

EDX=0x015b627d
0x015b627d: <offset 0x72127d> in /usr/lib/jvm/java-6-openjdk/jre/lib/i386/server/libjvm.so at 0x00e95000

ESP=0xb77dff60
0xb77dff60 is pointing into the stack for thread: 0x08a1e000
"main" prio=10 tid=0x08a1e000 nid=0x18dd runnable [0xb77e0000]
   java.lang.Thread.State: RUNNABLE

EBP=0xb77dffa8
0xb77dffa8 is pointing into the stack for thread: 0x08a1e000
"main" prio=10 tid=0x08a1e000 nid=0x18dd runnable [0xb77e0000]
   java.lang.Thread.State: RUNNABLE

ESI=0x08a1e000
"main" prio=10 tid=0x08a1e000 nid=0x18dd runnable [0xb77e0000]
   java.lang.Thread.State: RUNNABLE

EDI=0xb77e004c
0xb77e004c is pointing into the stack for thread: 0x08a1e000
"main" prio=10 tid=0x08a1e000 nid=0x18dd runnable [0xb77e0000]
   java.lang.Thread.State: RUNNABLE


Top of Stack: (sp=0xb77dff60)
0xb77dff60:   0000001e 00000000 b77dff7c 08a1e000
0xb77dff70:   00000000 08a1e8a4 08a1e000 00000000
0xb77dff80:   00000000 08a1e000 08a1e000 08a1e000
0xb77dff90:   0121982e 00615160 007244e0 812b2d50
0xb77dffa0:   812b2d50 08a1e000 b77e0008 00d5f7bc
0xb77dffb0:   08a1e118 b77e004c 00000022 08aa4e54
0xb77dffc0:   b77e004c b4792688 00000000 b77e0070
0xb77dffd0:   08a1e898 b77e004c 00000022 08aa4e4c 

Instructions: (pc=0x01233ed2)
0x01233ec2:   00 06 00 00 00 8b 93 58 d5 ff ff 8b 07 80 3a 00
0x01233ed2:   8b 48 04 0f 85 25 01 00 00 8b 55 14 31 ff 85 d2 

Stack: [0xb7790000,0xb77e1000],  sp=0xb77dff60,  free space=319k
Native frames: (J=compiled Java code, j=interpreted, Vv=VM code, C=native code)
V  [libjvm.so+0x39eed2]
C  [libbytestransfer.so+0x77bc]  Java_FileAccess_datatransfer_fillData+0x3d2
j  FileAccess.datatransfer.fillData()V+0
j  0xb4792ee1

Java frames: (J=compiled Java code, j=interpreted, Vv=VM code)
j  FileAccess.datatransfer.fillData()V+0
j  0xb4792ee1

[error occurred during error reporting (printing Java stack), id 0xb]


---------------  P R O C E S S  ---------------

Java Threads: ( => current thread )
  0x80804800 JavaThread "Low Memory Detector" daemon [_thread_blocked, id=6375, stack(0x8072e000,0x8077f000)]
  0x80802800 JavaThread "CompilerThread1" daemon [_thread_blocked, id=6374, stack(0x8077f000,0x80800000)]
  0x80800800 JavaThread "CompilerThread0" daemon [_thread_blocked, id=6373, stack(0x8090d000,0x8098e000)]
  0x08abc400 JavaThread "Signal Dispatcher" daemon [_thread_blocked, id=6372, stack(0x8098e000,0x809df000)]
  0x08aa9000 JavaThread "Finalizer" daemon [_thread_blocked, id=6371, stack(0x80a1e000,0x80a6f000)]
  0x08aa7c00 JavaThread "Reference Handler" daemon [_thread_blocked, id=6370, stack(0x80a6f000,0x80ac0000)]
=>0x08a1e000 JavaThread "main" [_thread_in_vm, id=6365, stack(0xb7790000,0xb77e1000)]

Other Threads:
  0x08aa3c00 VMThread [stack: 0x80ac0000,0x80b41000] [id=6369]
  0x80806400 WatcherThread [stack: 0x806ad000,0x8072e000] [id=6376]

VM state:not at safepoint (normal execution)

VM Mutex/Monitor currently owned by a thread: None

Heap
 PSYoungGen      total 12992K, used 448K [0xa5f80000, 0xa6df0000, 0xb46d0000)
  eden space 11200K, 4% used [0xa5f80000,0xa5ff0068,0xa6a70000)
  from space 1792K, 0% used [0xa6c30000,0xa6c30000,0xa6df0000)
  to   space 1792K, 0% used [0xa6a70000,0xa6a70000,0xa6c30000)
 PSOldGen        total 29568K, used 0K [0x890d0000, 0x8adb0000, 0xa5f80000)
  object space 29568K, 0% used [0x890d0000,0x890d0000,0x8adb0000)
 PSPermGen       total 16384K, used 1936K [0x810d0000, 0x820d0000, 0x890d0000)
  object space 16384K, 11% used [0x810d0000,0x812b43d8,0x820d0000)

Dynamic libraries:
00110000-00134000 r-xp 00000000 08:05 1586209    /usr/lib/jvm/java-6-openjdk/jre/lib/i386/libjava.so
00134000-00135000 r--p 00023000 08:05 1586209    /usr/lib/jvm/java-6-openjdk/jre/lib/i386/libjava.so
00135000-00137000 rw-p 00024000 08:05 1586209    /usr/lib/jvm/java-6-openjdk/jre/lib/i386/libjava.so
00219000-00220000 r-xp 00000000 08:05 1586228    /usr/lib/jvm/java-6-openjdk/jre/lib/i386/native_threads/libhpi.so
00220000-00221000 r--p 00006000 08:05 1586228    /usr/lib/jvm/java-6-openjdk/jre/lib/i386/native_threads/libhpi.so
00221000-00222000 rw-p 00007000 08:05 1586228    /usr/lib/jvm/java-6-openjdk/jre/lib/i386/native_threads/libhpi.so
002d5000-002f9000 r-xp 00000000 08:05 527205     /lib/tls/i686/cmov/libm-2.11.1.so
002f9000-002fa000 r--p 00023000 08:05 527205     /lib/tls/i686/cmov/libm-2.11.1.so
002fa000-002fb000 rw-p 00024000 08:05 527205     /lib/tls/i686/cmov/libm-2.11.1.so
00354000-00357000 r-xp 00000000 08:05 1586197    /usr/lib/jvm/java-6-openjdk/jre/lib/i386/jli/libjli.so
00357000-00358000 r--p 00003000 08:05 1586197    /usr/lib/jvm/java-6-openjdk/jre/lib/i386/jli/libjli.so
00358000-00359000 rw-p 00004000 08:05 1586197    /usr/lib/jvm/java-6-openjdk/jre/lib/i386/jli/libjli.so
003c0000-003d5000 r-xp 00000000 08:05 527223     /lib/tls/i686/cmov/libpthread-2.11.1.so
003d5000-003d6000 r--p 00014000 08:05 527223     /lib/tls/i686/cmov/libpthread-2.11.1.so
003d6000-003d7000 rw-p 00015000 08:05 527223     /lib/tls/i686/cmov/libpthread-2.11.1.so
003d7000-003d9000 rw-p 00000000 00:00 0 
003dd000-003f0000 r-xp 00000000 08:05 527208     /lib/tls/i686/cmov/libnsl-2.11.1.so
003f0000-003f1000 r--p 00012000 08:05 527208     /lib/tls/i686/cmov/libnsl-2.11.1.so
003f1000-003f2000 rw-p 00013000 08:05 527208     /lib/tls/i686/cmov/libnsl-2.11.1.so
003f2000-003f4000 rw-p 00000000 00:00 0 
0048a000-0049d000 r-xp 00000000 08:05 523463     /lib/libz.so.1.2.3.3
0049d000-0049e000 r--p 00012000 08:05 523463     /lib/libz.so.1.2.3.3
0049e000-0049f000 rw-p 00013000 08:05 523463     /lib/libz.so.1.2.3.3
00515000-00516000 r-xp 00000000 00:00 0          [vdso]
0051f000-00527000 r-xp 00000000 08:05 527218     /lib/tls/i686/cmov/libnss_nis-2.11.1.so
00527000-00528000 r--p 00007000 08:05 527218     /lib/tls/i686/cmov/libnss_nis-2.11.1.so
00528000-00529000 rw-p 00008000 08:05 527218     /lib/tls/i686/cmov/libnss_nis-2.11.1.so
005ce000-00721000 r-xp 00000000 08:05 527197     /lib/tls/i686/cmov/libc-2.11.1.so
00721000-00722000 ---p 00153000 08:05 527197     /lib/tls/i686/cmov/libc-2.11.1.so
00722000-00724000 r--p 00153000 08:05 527197     /lib/tls/i686/cmov/libc-2.11.1.so
00724000-00725000 rw-p 00155000 08:05 527197     /lib/tls/i686/cmov/libc-2.11.1.so
00725000-00728000 rw-p 00000000 00:00 0 
007b9000-007c0000 r-xp 00000000 08:05 1586226    /usr/lib/jvm/java-6-openjdk/jre/lib/i386/libzip.so
007c0000-007c1000 r--p 00006000 08:05 1586226    /usr/lib/jvm/java-6-openjdk/jre/lib/i386/libzip.so
007c1000-007c2000 rw-p 00007000 08:05 1586226    /usr/lib/jvm/java-6-openjdk/jre/lib/i386/libzip.so
0089a000-008a1000 r-xp 00000000 08:05 527227     /lib/tls/i686/cmov/librt-2.11.1.so
008a1000-008a2000 r--p 00006000 08:05 527227     /lib/tls/i686/cmov/librt-2.11.1.so
008a2000-008a3000 rw-p 00007000 08:05 527227     /lib/tls/i686/cmov/librt-2.11.1.so
008e0000-008e2000 r-xp 00000000 08:05 527203     /lib/tls/i686/cmov/libdl-2.11.1.so
008e2000-008e3000 r--p 00001000 08:05 527203     /lib/tls/i686/cmov/libdl-2.11.1.so
008e3000-008e4000 rw-p 00002000 08:05 527203     /lib/tls/i686/cmov/libdl-2.11.1.so
00947000-0094d000 r-xp 00000000 08:05 527210     /lib/tls/i686/cmov/libnss_compat-2.11.1.so
0094d000-0094e000 r--p 00006000 08:05 527210     /lib/tls/i686/cmov/libnss_compat-2.11.1.so
0094e000-0094f000 rw-p 00007000 08:05 527210     /lib/tls/i686/cmov/libnss_compat-2.11.1.so
00aa2000-00aac000 r-xp 00000000 08:05 527214     /lib/tls/i686/cmov/libnss_files-2.11.1.so
00aac000-00aad000 r--p 00009000 08:05 527214     /lib/tls/i686/cmov/libnss_files-2.11.1.so
00aad000-00aae000 rw-p 0000a000 08:05 527214     /lib/tls/i686/cmov/libnss_files-2.11.1.so
00c49000-00c55000 r-xp 00000000 08:05 1586225    /usr/lib/jvm/java-6-openjdk/jre/lib/i386/libverify.so
00c55000-00c56000 r--p 0000b000 08:05 1586225    /usr/lib/jvm/java-6-openjdk/jre/lib/i386/libverify.so
00c56000-00c57000 rw-p 0000c000 08:05 1586225    /usr/lib/jvm/java-6-openjdk/jre/lib/i386/libverify.so
00d58000-00d61000 r-xp 00000000 08:05 1592432    /usr/lib/libbytestransfer.so
00d61000-00d62000 r--p 00008000 08:05 1592432    /usr/lib/libbytestransfer.so
00d62000-00d63000 rw-p 00009000 08:05 1592432    /usr/lib/libbytestransfer.so
00e78000-00e93000 r-xp 00000000 08:05 523290     /lib/ld-2.11.1.so
00e93000-00e94000 r--p 0001a000 08:05 523290     /lib/ld-2.11.1.so
00e94000-00e95000 rw-p 0001b000 08:05 523290     /lib/ld-2.11.1.so
00e95000-0155a000 r-xp 00000000 08:05 1586230    /usr/lib/jvm/java-6-openjdk/jre/lib/i386/server/libjvm.so
0155a000-0155b000 ---p 006c5000 08:05 1586230    /usr/lib/jvm/java-6-openjdk/jre/lib/i386/server/libjvm.so
0155b000-015a0000 r--p 006c5000 08:05 1586230    /usr/lib/jvm/java-6-openjdk/jre/lib/i386/server/libjvm.so
015a0000-015af000 rw-p 0070a000 08:05 1586230    /usr/lib/jvm/java-6-openjdk/jre/lib/i386/server/libjvm.so
015af000-019ce000 rw-p 00000000 00:00 0 
08048000-08051000 r-xp 00000000 08:05 1586258    /usr/lib/jvm/java-6-openjdk/jre/bin/java
08051000-08052000 r--p 00008000 08:05 1586258    /usr/lib/jvm/java-6-openjdk/jre/bin/java
08052000-08053000 rw-p 00009000 08:05 1586258    /usr/lib/jvm/java-6-openjdk/jre/bin/java
08a17000-08add000 rw-p 00000000 00:00 0          [heap]
806ad000-806ae000 ---p 00000000 00:00 0 
806ae000-8072e000 rw-p 00000000 00:00 0 
8072e000-80731000 ---p 00000000 00:00 0 
80731000-8077f000 rw-p 00000000 00:00 0 
8077f000-80782000 ---p 00000000 00:00 0 
80782000-80800000 rw-p 00000000 00:00 0 
80800000-80822000 rw-p 00000000 00:00 0 
80822000-80900000 ---p 00000000 00:00 0 
80904000-8090d000 r--s 00065000 08:05 6219       /usr/share/java/gnome-java-bridge.jar
8090d000-80910000 ---p 00000000 00:00 0 
80910000-8098e000 rw-p 00000000 00:00 0 
8098e000-80991000 ---p 00000000 00:00 0 
80991000-809df000 rw-p 00000000 00:00 0 
809df000-80a1e000 r--p 00000000 08:05 1577945    /usr/lib/locale/en_IN/LC_CTYPE
80a1e000-80a21000 ---p 00000000 00:00 0 
80a21000-80a6f000 rw-p 00000000 00:00 0 
80a6f000-80a72000 ---p 00000000 00:00 0 
80a72000-80ac0000 rw-p 00000000 00:00 0 
80ac0000-80ac1000 ---p 00000000 00:00 0 
80ac1000-80b41000 rw-p 00000000 00:00 0 
80b41000-80b43000 r--s 0001d000 08:05 1577596    /usr/lib/jvm/java-6-openjdk/jre/lib/plugin.jar
80b43000-80b48000 r--s 00045000 08:05 1577595    /usr/lib/jvm/java-6-openjdk/jre/lib/netx.jar
80b48000-80b7b000 rw-p 00000000 00:00 0 
80b7b000-80d0a000 r--s 038c4000 08:05 1586189    /usr/lib/jvm/java-6-openjdk/jre/lib/rt.jar
80d0a000-80d0b000 ---p 00000000 00:00 0 
80d0b000-80d8b000 rw-p 00000000 00:00 0 
80d8b000-80d8c000 ---p 00000000 00:00 0 
80d8c000-80e14000 rw-p 00000000 00:00 0 
80e14000-80e4c000 rw-p 00000000 00:00 0 
80e4c000-80e5b000 rw-p 00000000 00:00 0 
80e5b000-80f34000 rw-p 00000000 00:00 0 
80f34000-80f3c000 rw-p 00000000 00:00 0 
80f3c000-80f74000 rw-p 00000000 00:00 0 
80f74000-80f83000 rw-p 00000000 00:00 0 
80f83000-8105b000 rw-p 00000000 00:00 0 
8105b000-81063000 rw-p 00000000 00:00 0 
81063000-810cf000 rw-p 00000000 00:00 0 
810cf000-820d0000 rw-p 00000000 00:00 0 
820d0000-890d0000 rw-p 00000000 00:00 0 
890d0000-8adb0000 rw-p 00000000 00:00 0 
8adb0000-a5f80000 rw-p 00000000 00:00 0 
a5f80000-a6df0000 rw-p 00000000 00:00 0 
a6df0000-b46d0000 rw-p 00000000 00:00 0 
b46d0000-b46d9000 rw-p 00000000 00:00 0 
b46d9000-b4790000 rw-p 00000000 00:00 0 
b4790000-b49d0000 rwxp 00000000 00:00 0 
b49d0000-b7790000 rw-p 00000000 00:00 0 
b7790000-b7793000 ---p 00000000 00:00 0 
b7793000-b77e4000 rw-p 00000000 00:00 0 
b77e8000-b77e9000 rw-p 00000000 00:00 0 
b77e9000-b77ec000 r--s 0000f000 08:05 1577575    /usr/lib/jvm/java-6-openjdk/jre/lib/ext/pulse-java.jar
b77ec000-b77f4000 rw-s 00000000 08:05 663733     /tmp/hsperfdata_root/6362
b77f4000-b77f5000 rw-p 00000000 00:00 0 
b77f5000-b77f6000 r--p 00000000 00:00 0 
b77f6000-b77f8000 rw-p 00000000 00:00 0 
bfdb8000-bfdcd000 rw-p 00000000 00:00 0          [stack]

VM Arguments:
jvm_args: -Dfile.encoding=UTF-8 
java_command: FileAccess.datatransfer
Launcher Type: SUN_STANDARD

Environment Variables:
PATH=/usr/local/sbin:/usr/local/bin:/usr/sbin:/usr/bin:/sbin:/bin:/usr/games
USERNAME=root
LD_LIBRARY_PATH=/usr/lib/jvm/java-6-openjdk/jre/lib/i386/server:/usr/lib/jvm/java-6-openjdk/jre/lib/i386:/usr/lib/jvm/java-6-openjdk/jre/../lib/i386:/usr/lib/jvm/java-6-openjdk/jre/lib/i386/client:/usr/lib/jvm/java-6-openjdk/jre/lib/i386:/usr/lib/jvm/java-6-openjdk/jre/../lib/i386
SHELL=/bin/bash
DISPLAY=:0.0

Signal Handlers:
SIGSEGV: [libjvm.so+0x64a040], sa_mask[0]=0x7ffbfeff, sa_flags=0x10000004
SIGBUS: [libjvm.so+0x64a040], sa_mask[0]=0x7ffbfeff, sa_flags=0x10000004
SIGFPE: [libjvm.so+0x51c0d0], sa_mask[0]=0x7ffbfeff, sa_flags=0x10000004
SIGPIPE: [libjvm.so+0x51c0d0], sa_mask[0]=0x7ffbfeff, sa_flags=0x10000004
SIGXFSZ: [libjvm.so+0x51c0d0], sa_mask[0]=0x7ffbfeff, sa_flags=0x10000004
SIGILL: [libjvm.so+0x51c0d0], sa_mask[0]=0x7ffbfeff, sa_flags=0x10000004
SIGUSR1: SIG_DFL, sa_mask[0]=0x00000000, sa_flags=0x00000000
SIGUSR2: [libjvm.so+0x51b780], sa_mask[0]=0x00000004, sa_flags=0x10000004
SIGHUP: [libjvm.so+0x51e2f0], sa_mask[0]=0x7ffbfeff, sa_flags=0x10000004
SIGINT: SIG_IGN, sa_mask[0]=0x00000000, sa_flags=0x00000000
SIGTERM: [libjvm.so+0x51e2f0], sa_mask[0]=0x7ffbfeff, sa_flags=0x10000004
SIGQUIT: [libjvm.so+0x51e2f0], sa_mask[0]=0x7ffbfeff, sa_flags=0x10000004


---------------  S Y S T E M  ---------------

OS:Ubuntu 10.04 (lucid)
uname:Linux 2.6.32-33-generic #70-Ubuntu SMP Thu Jul 7 21:09:46 UTC 2011 i686
libc:glibc 2.11.1 NPTL 2.11.1 
rlimit: STACK 8192k, CORE 0k, NPROC infinity, NOFILE 1024, AS infinity
load average:0.63 0.78 0.75

/proc/meminfo:
MemTotal:        2836956 kB
MemFree:         1103188 kB
Buffers:           86968 kB
Cached:           684536 kB
SwapCached:            0 kB
Active:          1080128 kB
Inactive:         555276 kB
Active(anon):     864320 kB
Inactive(anon):     8056 kB
Active(file):     215808 kB
Inactive(file):   547220 kB
Unevictable:          16 kB
Mlocked:              16 kB
HighTotal:       1973064 kB
HighFree:         392460 kB
LowTotal:         863892 kB
LowFree:          710728 kB
SwapTotal:       3234808 kB
SwapFree:        3234808 kB
Dirty:               272 kB
Writeback:             0 kB
AnonPages:        863912 kB
Mapped:           163152 kB
Shmem:              8480 kB
Slab:              38308 kB
SReclaimable:      26660 kB
SUnreclaim:        11648 kB
KernelStack:        3032 kB
PageTables:         8140 kB
NFS_Unstable:          0 kB
Bounce:                0 kB
WritebackTmp:          0 kB
CommitLimit:     4653284 kB
Committed_AS:    2100224 kB
VmallocTotal:     122880 kB
VmallocUsed:       73204 kB
VmallocChunk:      27796 kB
HardwareCorrupted:     0 kB
HugePages_Total:       0
HugePages_Free:        0
HugePages_Rsvd:        0
HugePages_Surp:        0
Hugepagesize:       4096 kB
DirectMap4k:       12280 kB
DirectMap4M:      897024 kB


CPU:total 2 (2 cores per cpu, 1 threads per core) family 17 model 3 stepping 1, cmov, cx8, fxsr, mmx, sse, sse2, sse3, mmxext, 3dnow, 3dnowext

Memory: 4k page, physical 2836956k(1103188k free), swap 3234808k(3234808k free)

vm_info: OpenJDK Server VM (19.0-b09) for linux-x86 JRE (1.6.0_20-b20), built on Jan 21 2012 08:10:55 by "buildd" with gcc 4.4.3

time: Thu Mar 22 20:19:30 2012
elapsed time: 0 seconds

