#
# A fatal error has been detected by the Java Runtime Environment:
#
#  SIGSEGV (0xb) at pc=0x002f1ef7, pid=5585, tid=3079182016
#
# JRE version: 6.0_20-b20
# Java VM: OpenJDK Server VM (19.0-b09 mixed mode linux-x86 )
# Derivative: IcedTea6 1.9.10
# Distribution: Ubuntu 10.04.1 LTS, package 6b20-1.9.10-0ubuntu1~10.04.3
# Problematic frame:
# 
[error occurred during error reporting (printing problematic frame), id 0xb]

# If you would like to submit a bug report, please include
# instructions how to reproduce the bug and visit:
#   https://bugs.launchpad.net/ubuntu/+source/openjdk-6/
#

---------------  T H R E A D  ---------------

Current thread is native thread

siginfo:si_signo=SIGSEGV: si_errno=0, si_code=1 (SEGV_MAPERR), si_addr=0x0000ae20

Registers:
EAX=0x002f7b8c, EBX=0x002f9ff4, ECX=0x002f9f30, EDX=0xbfcef920
ESP=0xbfcef8e0, EBP=0xbfcef8f8, ESI=0x00000011, EDI=0x08369cb0
EIP=0x002f1ef7, CR2=0x0000ae20, EFLAGS=0x00010282

Register to memory mapping:

EAX=0x002f7b8c

[error occurred during error reporting (printing registers, top of stack, instructions near pc), id 0xb]

Stack: [0xbfca2000,0xbfcf2000],  sp=0xbfcef8e0,  free space=310k
Native frames: (J=compiled Java code, j=interpreted, Vv=VM code, C=native code)

[error occurred during error reporting (printing native stack), id 0xb]


---------------  P R O C E S S  ---------------

VM state:at safepoint (shutting down)

VM Mutex/Monitor currently owned by a thread:  ([mutex/lock_event])
[0x082ade60] Threads_lock - owner thread: 0x08335c00

Heap
 PSYoungGen      total 10496K, used 1693K [0xa6020000, 0xa73d0000, 0xb4770000)
  eden space 10432K, 16% used [0xa6020000,0xa61c3770,0xa6a50000)
  from space 64K, 25% used [0xa6a90000,0xa6a94000,0xa6aa0000)
  to   space 4864K, 0% used [0xa6f10000,0xa6f10000,0xa73d0000)
 PSOldGen        total 29568K, used 4972K [0x89170000, 0x8ae50000, 0xa6020000)
  object space 29568K, 16% used [0x89170000,0x8964b320,0x8ae50000)
 PSPermGen       total 16384K, used 2096K [0x81170000, 0x82170000, 0x89170000)
  object space 16384K, 12% used [0x81170000,0x8137c0d0,0x82170000)

Dynamic libraries:
00110000-00116000 r-xp 00000000 08:05 527210     /lib/tls/i686/cmov/libnss_compat-2.11.1.so
00116000-00117000 r--p 00006000 08:05 527210     /lib/tls/i686/cmov/libnss_compat-2.11.1.so
00117000-00118000 rw-p 00007000 08:05 527210     /lib/tls/i686/cmov/libnss_compat-2.11.1.so
00128000-00143000 r-xp 00000000 08:05 523290     /lib/ld-2.11.1.so
00143000-00144000 r--p 0001a000 08:05 523290     /lib/ld-2.11.1.so
00144000-00145000 rw-p 0001b000 08:05 523290     /lib/ld-2.11.1.so
00145000-00169000 r-xp 00000000 08:05 527205     /lib/tls/i686/cmov/libm-2.11.1.so
00169000-0016a000 r--p 00023000 08:05 527205     /lib/tls/i686/cmov/libm-2.11.1.so
0016a000-0016b000 rw-p 00024000 08:05 527205     /lib/tls/i686/cmov/libm-2.11.1.so
001d3000-001da000 r-xp 00000000 08:05 527227     /lib/tls/i686/cmov/librt-2.11.1.so
001da000-001db000 r--p 00006000 08:05 527227     /lib/tls/i686/cmov/librt-2.11.1.so
001db000-001dc000 rw-p 00007000 08:05 527227     /lib/tls/i686/cmov/librt-2.11.1.so
001ee000-00201000 r-xp 00000000 08:05 527208     /lib/tls/i686/cmov/libnsl-2.11.1.so
00201000-00202000 r--p 00012000 08:05 527208     /lib/tls/i686/cmov/libnsl-2.11.1.so
00202000-00203000 rw-p 00013000 08:05 527208     /lib/tls/i686/cmov/libnsl-2.11.1.so
00203000-00205000 rw-p 00000000 00:00 0 
00259000-00260000 r-xp 00000000 08:05 1586226    /usr/lib/jvm/java-6-openjdk/jre/lib/i386/libzip.so
00260000-00261000 r--p 00006000 08:05 1586226    /usr/lib/jvm/java-6-openjdk/jre/lib/i386/libzip.so
00261000-00262000 rw-p 00007000 08:05 1586226    /usr/lib/jvm/java-6-openjdk/jre/lib/i386/libzip.so
002af000-002b9000 r-xp 00000000 08:05 527214     /lib/tls/i686/cmov/libnss_files-2.11.1.so
002b9000-002ba000 r--p 00009000 08:05 527214     /lib/tls/i686/cmov/libnss_files-2.11.1.so
002ba000-002bb000 rw-p 0000a000 08:05 527214     /lib/tls/i686/cmov/libnss_files-2.11.1.so
002f0000-002f9000 r-xp 00000000 08:05 1589892    /usr/lib/libpacketlib.so
002f9000-002fa000 r--p 00008000 08:05 1589892    /usr/lib/libpacketlib.so
002fa000-002fb000 rw-p 00009000 08:05 1589892    /usr/lib/libpacketlib.so
00434000-00449000 r-xp 00000000 08:05 527223     /lib/tls/i686/cmov/libpthread-2.11.1.so
00449000-0044a000 r--p 00014000 08:05 527223     /lib/tls/i686/cmov/libpthread-2.11.1.so
0044a000-0044b000 rw-p 00015000 08:05 527223     /lib/tls/i686/cmov/libpthread-2.11.1.so
0044b000-0044d000 rw-p 00000000 00:00 0 
004eb000-0063e000 r-xp 00000000 08:05 527197     /lib/tls/i686/cmov/libc-2.11.1.so
0063e000-0063f000 ---p 00153000 08:05 527197     /lib/tls/i686/cmov/libc-2.11.1.so
0063f000-00641000 r--p 00153000 08:05 527197     /lib/tls/i686/cmov/libc-2.11.1.so
00641000-00642000 rw-p 00155000 08:05 527197     /lib/tls/i686/cmov/libc-2.11.1.so
00642000-00645000 rw-p 00000000 00:00 0 
006e5000-006e8000 r-xp 00000000 08:05 1586197    /usr/lib/jvm/java-6-openjdk/jre/lib/i386/jli/libjli.so
006e8000-006e9000 r--p 00003000 08:05 1586197    /usr/lib/jvm/java-6-openjdk/jre/lib/i386/jli/libjli.so
006e9000-006ea000 rw-p 00004000 08:05 1586197    /usr/lib/jvm/java-6-openjdk/jre/lib/i386/jli/libjli.so
0070e000-00732000 r-xp 00000000 08:05 1586209    /usr/lib/jvm/java-6-openjdk/jre/lib/i386/libjava.so
00732000-00733000 r--p 00023000 08:05 1586209    /usr/lib/jvm/java-6-openjdk/jre/lib/i386/libjava.so
00733000-00735000 rw-p 00024000 08:05 1586209    /usr/lib/jvm/java-6-openjdk/jre/lib/i386/libjava.so
007a5000-007ac000 r-xp 00000000 08:05 1586228    /usr/lib/jvm/java-6-openjdk/jre/lib/i386/native_threads/libhpi.so
007ac000-007ad000 r--p 00006000 08:05 1586228    /usr/lib/jvm/java-6-openjdk/jre/lib/i386/native_threads/libhpi.so
007ad000-007ae000 rw-p 00007000 08:05 1586228    /usr/lib/jvm/java-6-openjdk/jre/lib/i386/native_threads/libhpi.so
008db000-008ee000 r-xp 00000000 08:05 523463     /lib/libz.so.1.2.3.3
008ee000-008ef000 r--p 00012000 08:05 523463     /lib/libz.so.1.2.3.3
008ef000-008f0000 rw-p 00013000 08:05 523463     /lib/libz.so.1.2.3.3
0098d000-0098e000 r-xp 00000000 00:00 0          [vdso]
009b7000-009c3000 r-xp 00000000 08:05 1586225    /usr/lib/jvm/java-6-openjdk/jre/lib/i386/libverify.so
009c3000-009c4000 r--p 0000b000 08:05 1586225    /usr/lib/jvm/java-6-openjdk/jre/lib/i386/libverify.so
009c4000-009c5000 rw-p 0000c000 08:05 1586225    /usr/lib/jvm/java-6-openjdk/jre/lib/i386/libverify.so
00bbd000-00bc5000 r-xp 00000000 08:05 527218     /lib/tls/i686/cmov/libnss_nis-2.11.1.so
00bc5000-00bc6000 r--p 00007000 08:05 527218     /lib/tls/i686/cmov/libnss_nis-2.11.1.so
00bc6000-00bc7000 rw-p 00008000 08:05 527218     /lib/tls/i686/cmov/libnss_nis-2.11.1.so
00cff000-00d01000 r-xp 00000000 08:05 527203     /lib/tls/i686/cmov/libdl-2.11.1.so
00d01000-00d02000 r--p 00001000 08:05 527203     /lib/tls/i686/cmov/libdl-2.11.1.so
00d02000-00d03000 rw-p 00002000 08:05 527203     /lib/tls/i686/cmov/libdl-2.11.1.so
00d03000-013c8000 r-xp 00000000 08:05 1586230    /usr/lib/jvm/java-6-openjdk/jre/lib/i386/server/libjvm.so
013c8000-013c9000 ---p 006c5000 08:05 1586230    /usr/lib/jvm/java-6-openjdk/jre/lib/i386/server/libjvm.so
013c9000-0140e000 r--p 006c5000 08:05 1586230    /usr/lib/jvm/java-6-openjdk/jre/lib/i386/server/libjvm.so
0140e000-0141d000 rw-p 0070a000 08:05 1586230    /usr/lib/jvm/java-6-openjdk/jre/lib/i386/server/libjvm.so
0141d000-0183c000 rw-p 00000000 00:00 0 
08048000-08051000 r-xp 00000000 08:05 1586258    /usr/lib/jvm/java-6-openjdk/jre/bin/java
08051000-08052000 r--p 00008000 08:05 1586258    /usr/lib/jvm/java-6-openjdk/jre/bin/java
08052000-08053000 rw-p 00009000 08:05 1586258    /usr/lib/jvm/java-6-openjdk/jre/bin/java
082a9000-08b20000 rw-p 00000000 00:00 0          [heap]
807d0000-80851000 rw-p 00000000 00:00 0 
80851000-8085a000 r--s 00065000 08:05 6219       /usr/share/java/gnome-java-bridge.jar
8085a000-8085b000 ---p 00000000 00:00 0 
8085b000-808db000 rw-p 00000000 00:00 0 
808db000-808de000 ---p 00000000 00:00 0 
808de000-8092c000 rw-p 00000000 00:00 0 
8092c000-8092f000 ---p 00000000 00:00 0 
8092f000-809ad000 rw-p 00000000 00:00 0 
809ad000-809b0000 ---p 00000000 00:00 0 
809b0000-80a2e000 rw-p 00000000 00:00 0 
80a2e000-80a31000 ---p 00000000 00:00 0 
80a31000-80a7f000 rw-p 00000000 00:00 0 
80a7f000-80abe000 r--p 00000000 08:05 1577945    /usr/lib/locale/en_IN/LC_CTYPE
80abe000-80ac1000 ---p 00000000 00:00 0 
80ac1000-80b0f000 rw-p 00000000 00:00 0 
80b0f000-80b12000 ---p 00000000 00:00 0 
80b12000-80b60000 rw-p 00000000 00:00 0 
80b60000-80b61000 ---p 00000000 00:00 0 
80b61000-80be1000 rw-p 00000000 00:00 0 
80be1000-80be3000 r--s 0001d000 08:05 1577596    /usr/lib/jvm/java-6-openjdk/jre/lib/plugin.jar
80be3000-80be8000 r--s 00045000 08:05 1577595    /usr/lib/jvm/java-6-openjdk/jre/lib/netx.jar
80be8000-80c1b000 rw-p 00000000 00:00 0 
80c1b000-80daa000 r--s 038c4000 08:05 1586189    /usr/lib/jvm/java-6-openjdk/jre/lib/rt.jar
80daa000-80dab000 ---p 00000000 00:00 0 
80dab000-80e2b000 rw-p 00000000 00:00 0 
80e2b000-80e2c000 ---p 00000000 00:00 0 
80e2c000-80eb4000 rw-p 00000000 00:00 0 
80eb4000-80eec000 rw-p 00000000 00:00 0 
80eec000-80efb000 rw-p 00000000 00:00 0 
80efb000-80fd4000 rw-p 00000000 00:00 0 
80fd4000-80fdc000 rw-p 00000000 00:00 0 
80fdc000-81014000 rw-p 00000000 00:00 0 
81014000-81023000 rw-p 00000000 00:00 0 
81023000-810fb000 rw-p 00000000 00:00 0 
810fb000-81106000 rw-p 00000000 00:00 0 
81106000-8116f000 rw-p 00000000 00:00 0 
8116f000-82170000 rw-p 00000000 00:00 0 
82170000-89170000 rw-p 00000000 00:00 0 
89170000-8ae50000 rw-p 00000000 00:00 0 
8ae50000-a6020000 rw-p 00000000 00:00 0 
a6020000-a73d0000 rw-p 00000000 00:00 0 
a73d0000-a7450000 ---p 00000000 00:00 0 
a7450000-b4770000 rw-p 00000000 00:00 0 
b4778000-b4781000 rw-p 00000000 00:00 0 
b4781000-b4838000 rw-p 00000000 00:00 0 
b4838000-b4a78000 rwxp 00000000 00:00 0 
b4a78000-b7838000 rw-p 00000000 00:00 0 
b7838000-b783b000 ---p 00000000 00:00 0 
b783b000-b788c000 rw-p 00000000 00:00 0 
b788f000-b7890000 rw-p 00000000 00:00 0 
b7891000-b7894000 r--s 0000f000 08:05 1577575    /usr/lib/jvm/java-6-openjdk/jre/lib/ext/pulse-java.jar
b7894000-b789c000 rw-s 00000000 08:05 666888     /tmp/hsperfdata_root/5585 (deleted)
b789c000-b789d000 rw-p 00000000 00:00 0 
b789d000-b789e000 ---p 00000000 00:00 0 
b789e000-b78a0000 rw-p 00000000 00:00 0 
bfcdd000-bfcf2000 rw-p 00000000 00:00 0          [stack]

VM Arguments:
jvm_args: -Dfile.encoding=UTF-8 
java_command: FileAccess.GetPacket
Launcher Type: SUN_STANDARD

Environment Variables:
PATH=/usr/local/sbin:/usr/local/bin:/usr/sbin:/usr/bin:/sbin:/bin:/usr/games
USERNAME=root
LD_LIBRARY_PATH=/usr/lib/jvm/java-6-openjdk/jre/lib/i386/server:/usr/lib/jvm/java-6-openjdk/jre/lib/i386:/usr/lib/jvm/java-6-openjdk/jre/../lib/i386:/usr/lib/jvm/java-6-openjdk/jre/lib/i386/client:/usr/lib/jvm/java-6-openjdk/jre/lib/i386:/usr/lib/jvm/java-6-openjdk/jre/../lib/i386
SHELL=/bin/bash
DISPLAY=:0.0

Signal Handlers:
SIGSEGV: [libjvm.so+0x64a040], sa_mask[0]=0x7ffbfeff, sa_flags=0x10000004
SIGBUS: [libjvm.so+0x64a040], sa_mask[0]=0x7ffbfeff, sa_flags=0x10000004
SIGFPE: [libjvm.so+0x51c0d0], sa_mask[0]=0x7ffbfeff, sa_flags=0x10000004
SIGPIPE: [libjvm.so+0x51c0d0], sa_mask[0]=0x7ffbfeff, sa_flags=0x10000004
SIGXFSZ: [libjvm.so+0x51c0d0], sa_mask[0]=0x7ffbfeff, sa_flags=0x10000004
SIGILL: [libjvm.so+0x51c0d0], sa_mask[0]=0x7ffbfeff, sa_flags=0x10000004
SIGUSR1: SIG_DFL, sa_mask[0]=0x00000000, sa_flags=0x00000000
SIGUSR2: [libjvm.so+0x51b780], sa_mask[0]=0x00000004, sa_flags=0x10000004
SIGHUP: [libjvm.so+0x51e2f0], sa_mask[0]=0x7ffbfeff, sa_flags=0x10000004
SIGINT: SIG_IGN, sa_mask[0]=0x00000000, sa_flags=0x00000000
SIGTERM: [libjvm.so+0x51e2f0], sa_mask[0]=0x7ffbfeff, sa_flags=0x10000004
SIGQUIT: [libjvm.so+0x51e2f0], sa_mask[0]=0x7ffbfeff, sa_flags=0x10000004


---------------  S Y S T E M  ---------------

OS:Ubuntu 10.04 (lucid)
uname:Linux 2.6.32-33-generic #70-Ubuntu SMP Thu Jul 7 21:09:46 UTC 2011 i686
libc:glibc 2.11.1 NPTL 2.11.1 
rlimit: STACK 8192k, CORE 0k, NPROC infinity, NOFILE 1024, AS infinity
load average:4.92 3.35 2.89

/proc/meminfo:
MemTotal:        2836956 kB
MemFree:         1238040 kB
Buffers:           41084 kB
Cached:           436568 kB
SwapCached:        72780 kB
Active:           894100 kB
Inactive:         603320 kB
Active(anon):     748400 kB
Inactive(anon):   278204 kB
Active(file):     145700 kB
Inactive(file):   325116 kB
Unevictable:           0 kB
Mlocked:               0 kB
HighTotal:       1973064 kB
HighFree:         476524 kB
LowTotal:         863892 kB
LowFree:          761516 kB
SwapTotal:       3234808 kB
SwapFree:        3114320 kB
Dirty:              2820 kB
Writeback:             0 kB
AnonPages:        975852 kB
Mapped:           123188 kB
Shmem:              6828 kB
Slab:              32708 kB
SReclaimable:      21556 kB
SUnreclaim:        11152 kB
KernelStack:        3016 kB
PageTables:         7576 kB
NFS_Unstable:          0 kB
Bounce:                0 kB
WritebackTmp:          0 kB
CommitLimit:     4653284 kB
Committed_AS:    2194132 kB
VmallocTotal:     122880 kB
VmallocUsed:       73240 kB
VmallocChunk:      42876 kB
HardwareCorrupted:     0 kB
HugePages_Total:       0
HugePages_Free:        0
HugePages_Rsvd:        0
HugePages_Surp:        0
Hugepagesize:       4096 kB
DirectMap4k:       12280 kB
DirectMap4M:      897024 kB


CPU:total 2 (2 cores per cpu, 1 threads per core) family 17 model 3 stepping 1, cmov, cx8, fxsr, mmx, sse, sse2, sse3, mmxext, 3dnow, 3dnowext

Memory: 4k page, physical 2836956k(1238040k free), swap 3234808k(3114320k free)

vm_info: OpenJDK Server VM (19.0-b09) for linux-x86 JRE (1.6.0_20-b20), built on Jan 21 2012 08:10:55 by "buildd" with gcc 4.4.3

time: Thu Mar 22 16:23:12 2012
elapsed time: 273 seconds

