#
# A fatal error has been detected by the Java Runtime Environment:
#
#  SIGSEGV (0xb) at pc=0xb4700305, pid=2673, tid=3077827440
#
# JRE version: 6.0_20-b20
# Java VM: OpenJDK Server VM (19.0-b09 mixed mode linux-x86 )
# Derivative: IcedTea6 1.9.10
# Distribution: Ubuntu 10.04.1 LTS, package 6b20-1.9.10-0ubuntu1~10.04.3
# Problematic frame:
# j  java.lang.Thread.exit()V+12
#
# If you would like to submit a bug report, please include
# instructions how to reproduce the bug and visit:
#   https://bugs.launchpad.net/ubuntu/+source/openjdk-6/
#

---------------  T H R E A D  ---------------

Current thread (0x08cbe000):  JavaThread "main" [_thread_in_Java, id=2677, stack(0xb76ee000,0xb773f000)]

siginfo:si_signo=SIGSEGV: si_errno=0, si_code=1 (SEGV_MAPERR), si_addr=0x6a78bd06

Registers:
EAX=0x6a78bc91, EBX=0x000000b6, ECX=0x810a48f8, EDX=0x000000cc
ESP=0xb773dfec, EBP=0xb773e018, ESI=0x81057774, EDI=0xb773e020
EIP=0xb4700305, CR2=0x6a78bd06, EFLAGS=0x00010a12

Register to memory mapping:

EAX=0x6a78bc91
0x6a78bc91 is pointing to unknown location

EBX=0x000000b6
0x000000b6 is pointing to unknown location

ECX=0x810a48f8
{constant pool cache} 
 - klass: {other class}

EDX=0x000000cc
0x000000cc is pointing to unknown location

ESP=0xb773dfec
0xb773dfec is pointing into the stack for thread: 0x08cbe000
"main" prio=10 tid=0x08cbe000 nid=0xa75 runnable [0x00000000]
   java.lang.Thread.State: RUNNABLE

EBP=0xb773e018
0xb773e018 is pointing into the stack for thread: 0x08cbe000
"main" prio=10 tid=0x08cbe000 nid=0xa75 runnable [0x00000000]
   java.lang.Thread.State: RUNNABLE

ESI=0x81057774
{constMethod} 
 - klass: {other class}
 - method:       0x810577b8 {method} 'exit' '()V' in 'java/lang/Thread'
 - exceptions:   0x81021188
bci_from(0x81057774) = 12; print_codes():

EDI=0xb773e020
0xb773e020 is pointing into the stack for thread: 0x08cbe000
"main" prio=10 tid=0x08cbe000 nid=0xa75 runnable [0x00000000]
   java.lang.Thread.State: RUNNABLE


Top of Stack: (sp=0xb773dfec)
0xb773dfec:   b47002f4 a5ed07a0 a5ed05e0 b773dff8
0xb773dffc:   81057774 b773e020 810a48f8 00000000
0xb773e00c:   810577b8 00000000 b773e020 b773e038
0xb773e01c:   b46ee3e6 a5ed07a0 08cbe8b8 00001f80
0xb773e02c:   0151fff4 08cbe8b8 08cbe000 b773e0e8
0xb773e03c:   0119cd72 b773e098 b773e2bc 0000000a
0xb773e04c:   810577b8 b46f7520 b773e1d0 00000001
0xb773e05c:   08cbe000 b773e1cc 08cbe000 01536f01 

Instructions: (pc=0xb4700305)
0xb47002f5:   00 00 00 fe 3d 63 7d 76 ec 7d 4a 1d 0e 4b 74 3b
0xb4700305:   8b 68 75 bd c0 52 54 01 57 89 af 10 01 00 00 89 

Stack: [0xb76ee000,0xb773f000],  sp=0xb773dfec,  free space=319k
Native frames: (J=compiled Java code, j=interpreted, Vv=VM code, C=native code)
j  java.lang.Thread.exit()V+12
v  ~StubRoutines::call_stub
V  [libjvm.so+0x387d72]
V  [libjvm.so+0x519369]
V  [libjvm.so+0x386caf]
V  [libjvm.so+0x3877fa]
V  [libjvm.so+0x387958]
V  [libjvm.so+0x60ea5a]
V  [libjvm.so+0x391701]
C  [java+0x3235]  JavaMain+0xd65
C  [libpthread.so.0+0x596e]


---------------  P R O C E S S  ---------------

Java Threads: ( => current thread )
  0x80b96800 JavaThread "Low Memory Detector" daemon [_thread_blocked, id=2686, stack(0x8066b000,0x806bc000)]
  0x80b94800 JavaThread "CompilerThread1" daemon [_thread_blocked, id=2685, stack(0x806bc000,0x8073d000)]
  0x80b92800 JavaThread "CompilerThread0" daemon [_thread_blocked, id=2684, stack(0x8073d000,0x807be000)]
  0x80b91000 JavaThread "Signal Dispatcher" daemon [_thread_blocked, id=2683, stack(0x807be000,0x8080f000)]
  0x80b81400 JavaThread "Finalizer" daemon [_thread_blocked, id=2682, stack(0x8084e000,0x8089f000)]
  0x80b7fc00 JavaThread "Reference Handler" daemon [_thread_blocked, id=2681, stack(0x8089f000,0x808f0000)]
=>0x08cbe000 JavaThread "main" [_thread_in_Java, id=2677, stack(0xb76ee000,0xb773f000)]

Other Threads:
  0x80b7c000 VMThread [stack: 0x808f0000,0x80971000] [id=2680]
  0x80b98400 WatcherThread [stack: 0x805ea000,0x8066b000] [id=2687]

VM state:not at safepoint (normal execution)

VM Mutex/Monitor currently owned by a thread: None

Heap
 PSYoungGen      total 12992K, used 448K [0xa5ed0000, 0xa6d40000, 0xb4620000)
  eden space 11200K, 4% used [0xa5ed0000,0xa5f40068,0xa69c0000)
  from space 1792K, 0% used [0xa6b80000,0xa6b80000,0xa6d40000)
  to   space 1792K, 0% used [0xa69c0000,0xa69c0000,0xa6b80000)
 PSOldGen        total 29568K, used 0K [0x89020000, 0x8ad00000, 0xa5ed0000)
  object space 29568K, 0% used [0x89020000,0x89020000,0x8ad00000)
 PSPermGen       total 16384K, used 1930K [0x81020000, 0x82020000, 0x89020000)
  object space 16384K, 11% used [0x81020000,0x81202a88,0x82020000)

Dynamic libraries:
00110000-0011c000 r-xp 00000000 08:05 1586225    /usr/lib/jvm/java-6-openjdk/jre/lib/i386/libverify.so
0011c000-0011d000 r--p 0000b000 08:05 1586225    /usr/lib/jvm/java-6-openjdk/jre/lib/i386/libverify.so
0011d000-0011e000 rw-p 0000c000 08:05 1586225    /usr/lib/jvm/java-6-openjdk/jre/lib/i386/libverify.so
0011e000-00124000 r-xp 00000000 08:05 527210     /lib/tls/i686/cmov/libnss_compat-2.11.1.so
00124000-00125000 r--p 00006000 08:05 527210     /lib/tls/i686/cmov/libnss_compat-2.11.1.so
00125000-00126000 rw-p 00007000 08:05 527210     /lib/tls/i686/cmov/libnss_compat-2.11.1.so
00190000-00191000 r-xp 00000000 08:05 1591687    /usr/lib/libgraph.so
00191000-00192000 r--p 00000000 08:05 1591687    /usr/lib/libgraph.so
00192000-00193000 rw-p 00001000 08:05 1591687    /usr/lib/libgraph.so
001e1000-001eb000 r-xp 00000000 08:05 527214     /lib/tls/i686/cmov/libnss_files-2.11.1.so
001eb000-001ec000 r--p 00009000 08:05 527214     /lib/tls/i686/cmov/libnss_files-2.11.1.so
001ec000-001ed000 rw-p 0000a000 08:05 527214     /lib/tls/i686/cmov/libnss_files-2.11.1.so
002ad000-002af000 r-xp 00000000 08:05 527203     /lib/tls/i686/cmov/libdl-2.11.1.so
002af000-002b0000 r--p 00001000 08:05 527203     /lib/tls/i686/cmov/libdl-2.11.1.so
002b0000-002b1000 rw-p 00002000 08:05 527203     /lib/tls/i686/cmov/libdl-2.11.1.so
003f6000-003f9000 r-xp 00000000 08:05 1586197    /usr/lib/jvm/java-6-openjdk/jre/lib/i386/jli/libjli.so
003f9000-003fa000 r--p 00003000 08:05 1586197    /usr/lib/jvm/java-6-openjdk/jre/lib/i386/jli/libjli.so
003fa000-003fb000 rw-p 00004000 08:05 1586197    /usr/lib/jvm/java-6-openjdk/jre/lib/i386/jli/libjli.so
00502000-00503000 r-xp 00000000 00:00 0          [vdso]
005d2000-005ed000 r-xp 00000000 08:05 523290     /lib/ld-2.11.1.so
005ed000-005ee000 r--p 0001a000 08:05 523290     /lib/ld-2.11.1.so
005ee000-005ef000 rw-p 0001b000 08:05 523290     /lib/ld-2.11.1.so
00624000-00648000 r-xp 00000000 08:05 527205     /lib/tls/i686/cmov/libm-2.11.1.so
00648000-00649000 r--p 00023000 08:05 527205     /lib/tls/i686/cmov/libm-2.11.1.so
00649000-0064a000 rw-p 00024000 08:05 527205     /lib/tls/i686/cmov/libm-2.11.1.so
0064f000-00656000 r-xp 00000000 08:05 1586228    /usr/lib/jvm/java-6-openjdk/jre/lib/i386/native_threads/libhpi.so
00656000-00657000 r--p 00006000 08:05 1586228    /usr/lib/jvm/java-6-openjdk/jre/lib/i386/native_threads/libhpi.so
00657000-00658000 rw-p 00007000 08:05 1586228    /usr/lib/jvm/java-6-openjdk/jre/lib/i386/native_threads/libhpi.so
008fb000-0091f000 r-xp 00000000 08:05 1586209    /usr/lib/jvm/java-6-openjdk/jre/lib/i386/libjava.so
0091f000-00920000 r--p 00023000 08:05 1586209    /usr/lib/jvm/java-6-openjdk/jre/lib/i386/libjava.so
00920000-00922000 rw-p 00024000 08:05 1586209    /usr/lib/jvm/java-6-openjdk/jre/lib/i386/libjava.so
00922000-00a75000 r-xp 00000000 08:05 527197     /lib/tls/i686/cmov/libc-2.11.1.so
00a75000-00a76000 ---p 00153000 08:05 527197     /lib/tls/i686/cmov/libc-2.11.1.so
00a76000-00a78000 r--p 00153000 08:05 527197     /lib/tls/i686/cmov/libc-2.11.1.so
00a78000-00a79000 rw-p 00155000 08:05 527197     /lib/tls/i686/cmov/libc-2.11.1.so
00a79000-00a7c000 rw-p 00000000 00:00 0 
00b23000-00b2b000 r-xp 00000000 08:05 527218     /lib/tls/i686/cmov/libnss_nis-2.11.1.so
00b2b000-00b2c000 r--p 00007000 08:05 527218     /lib/tls/i686/cmov/libnss_nis-2.11.1.so
00b2c000-00b2d000 rw-p 00008000 08:05 527218     /lib/tls/i686/cmov/libnss_nis-2.11.1.so
00b41000-00b48000 r-xp 00000000 08:05 1586226    /usr/lib/jvm/java-6-openjdk/jre/lib/i386/libzip.so
00b48000-00b49000 r--p 00006000 08:05 1586226    /usr/lib/jvm/java-6-openjdk/jre/lib/i386/libzip.so
00b49000-00b4a000 rw-p 00007000 08:05 1586226    /usr/lib/jvm/java-6-openjdk/jre/lib/i386/libzip.so
00b70000-00b85000 r-xp 00000000 08:05 527223     /lib/tls/i686/cmov/libpthread-2.11.1.so
00b85000-00b86000 r--p 00014000 08:05 527223     /lib/tls/i686/cmov/libpthread-2.11.1.so
00b86000-00b87000 rw-p 00015000 08:05 527223     /lib/tls/i686/cmov/libpthread-2.11.1.so
00b87000-00b89000 rw-p 00000000 00:00 0 
00c8c000-00c93000 r-xp 00000000 08:05 527227     /lib/tls/i686/cmov/librt-2.11.1.so
00c93000-00c94000 r--p 00006000 08:05 527227     /lib/tls/i686/cmov/librt-2.11.1.so
00c94000-00c95000 rw-p 00007000 08:05 527227     /lib/tls/i686/cmov/librt-2.11.1.so
00d78000-00d8b000 r-xp 00000000 08:05 527208     /lib/tls/i686/cmov/libnsl-2.11.1.so
00d8b000-00d8c000 r--p 00012000 08:05 527208     /lib/tls/i686/cmov/libnsl-2.11.1.so
00d8c000-00d8d000 rw-p 00013000 08:05 527208     /lib/tls/i686/cmov/libnsl-2.11.1.so
00d8d000-00d8f000 rw-p 00000000 00:00 0 
00e00000-00e13000 r-xp 00000000 08:05 523463     /lib/libz.so.1.2.3.3
00e13000-00e14000 r--p 00012000 08:05 523463     /lib/libz.so.1.2.3.3
00e14000-00e15000 rw-p 00013000 08:05 523463     /lib/libz.so.1.2.3.3
00e15000-014da000 r-xp 00000000 08:05 1586230    /usr/lib/jvm/java-6-openjdk/jre/lib/i386/server/libjvm.so
014da000-014db000 ---p 006c5000 08:05 1586230    /usr/lib/jvm/java-6-openjdk/jre/lib/i386/server/libjvm.so
014db000-01520000 r--p 006c5000 08:05 1586230    /usr/lib/jvm/java-6-openjdk/jre/lib/i386/server/libjvm.so
01520000-0152f000 rw-p 0070a000 08:05 1586230    /usr/lib/jvm/java-6-openjdk/jre/lib/i386/server/libjvm.so
0152f000-0194e000 rw-p 00000000 00:00 0 
08048000-08051000 r-xp 00000000 08:05 1586258    /usr/lib/jvm/java-6-openjdk/jre/bin/java
08051000-08052000 r--p 00008000 08:05 1586258    /usr/lib/jvm/java-6-openjdk/jre/bin/java
08052000-08053000 rw-p 00009000 08:05 1586258    /usr/lib/jvm/java-6-openjdk/jre/bin/java
08cb7000-08cd8000 rw-p 00000000 00:00 0          [heap]
805ea000-805eb000 ---p 00000000 00:00 0 
805eb000-8066b000 rw-p 00000000 00:00 0 
8066b000-8066e000 ---p 00000000 00:00 0 
8066e000-806bc000 rw-p 00000000 00:00 0 
806bc000-806bf000 ---p 00000000 00:00 0 
806bf000-8073d000 rw-p 00000000 00:00 0 
8073d000-80740000 ---p 00000000 00:00 0 
80740000-807be000 rw-p 00000000 00:00 0 
807be000-807c1000 ---p 00000000 00:00 0 
807c1000-8080f000 rw-p 00000000 00:00 0 
8080f000-8084e000 r--p 00000000 08:05 1577945    /usr/lib/locale/en_IN/LC_CTYPE
8084e000-80851000 ---p 00000000 00:00 0 
80851000-8089f000 rw-p 00000000 00:00 0 
8089f000-808a2000 ---p 00000000 00:00 0 
808a2000-808f0000 rw-p 00000000 00:00 0 
808f0000-808f1000 ---p 00000000 00:00 0 
808f1000-80971000 rw-p 00000000 00:00 0 
80971000-80b00000 r--s 038c4000 08:05 1586189    /usr/lib/jvm/java-6-openjdk/jre/lib/rt.jar
80b00000-80bb4000 rw-p 00000000 00:00 0 
80bb4000-80c00000 ---p 00000000 00:00 0 
80c27000-80c5a000 rw-p 00000000 00:00 0 
80c5a000-80c5b000 ---p 00000000 00:00 0 
80c5b000-80cdb000 rw-p 00000000 00:00 0 
80cdb000-80cdc000 ---p 00000000 00:00 0 
80cdc000-80d64000 rw-p 00000000 00:00 0 
80d64000-80d9c000 rw-p 00000000 00:00 0 
80d9c000-80dab000 rw-p 00000000 00:00 0 
80dab000-80e84000 rw-p 00000000 00:00 0 
80e84000-80e8c000 rw-p 00000000 00:00 0 
80e8c000-80ec4000 rw-p 00000000 00:00 0 
80ec4000-80ed3000 rw-p 00000000 00:00 0 
80ed3000-80fab000 rw-p 00000000 00:00 0 
80fab000-80fb3000 rw-p 00000000 00:00 0 
80fb3000-8101f000 rw-p 00000000 00:00 0 
8101f000-82020000 rw-p 00000000 00:00 0 
82020000-89020000 rw-p 00000000 00:00 0 
89020000-8ad00000 rw-p 00000000 00:00 0 
8ad00000-a5ed0000 rw-p 00000000 00:00 0 
a5ed0000-a6d40000 rw-p 00000000 00:00 0 
a6d40000-b4620000 rw-p 00000000 00:00 0 
b4622000-b462b000 r--s 00065000 08:05 6219       /usr/share/java/gnome-java-bridge.jar
b462b000-b462e000 r--s 0000f000 08:05 1577575    /usr/lib/jvm/java-6-openjdk/jre/lib/ext/pulse-java.jar
b462e000-b4637000 rw-p 00000000 00:00 0 
b4637000-b46ee000 rw-p 00000000 00:00 0 
b46ee000-b492e000 rwxp 00000000 00:00 0 
b492e000-b76ee000 rw-p 00000000 00:00 0 
b76ee000-b76f1000 ---p 00000000 00:00 0 
b76f1000-b7743000 rw-p 00000000 00:00 0 
b7743000-b7745000 r--s 0001d000 08:05 1577596    /usr/lib/jvm/java-6-openjdk/jre/lib/plugin.jar
b7745000-b774a000 r--s 00045000 08:05 1577595    /usr/lib/jvm/java-6-openjdk/jre/lib/netx.jar
b774a000-b7752000 rw-s 00000000 08:05 665598     /tmp/hsperfdata_root/2673
b7752000-b7753000 rw-p 00000000 00:00 0 
b7753000-b7754000 r--p 00000000 00:00 0 
b7754000-b7756000 rw-p 00000000 00:00 0 
bfc4f000-bfc64000 rw-p 00000000 00:00 0          [stack]

VM Arguments:
jvm_args: -Dfile.encoding=UTF-8 
java_command: FileAccess.graph
Launcher Type: SUN_STANDARD

Environment Variables:
PATH=/usr/local/sbin:/usr/local/bin:/usr/sbin:/usr/bin:/sbin:/bin:/usr/games
USERNAME=root
LD_LIBRARY_PATH=/usr/lib/jvm/java-6-openjdk/jre/lib/i386/server:/usr/lib/jvm/java-6-openjdk/jre/lib/i386:/usr/lib/jvm/java-6-openjdk/jre/../lib/i386:/usr/lib/jvm/java-6-openjdk/jre/lib/i386/client:/usr/lib/jvm/java-6-openjdk/jre/lib/i386:/usr/lib/jvm/java-6-openjdk/jre/../lib/i386
SHELL=/bin/bash
DISPLAY=:0.0

Signal Handlers:
SIGSEGV: [libjvm.so+0x64a040], sa_mask[0]=0x7ffbfeff, sa_flags=0x10000004
SIGBUS: [libjvm.so+0x64a040], sa_mask[0]=0x7ffbfeff, sa_flags=0x10000004
SIGFPE: [libjvm.so+0x51c0d0], sa_mask[0]=0x7ffbfeff, sa_flags=0x10000004
SIGPIPE: [libjvm.so+0x51c0d0], sa_mask[0]=0x7ffbfeff, sa_flags=0x10000004
SIGXFSZ: [libjvm.so+0x51c0d0], sa_mask[0]=0x7ffbfeff, sa_flags=0x10000004
SIGILL: [libjvm.so+0x51c0d0], sa_mask[0]=0x7ffbfeff, sa_flags=0x10000004
SIGUSR1: SIG_DFL, sa_mask[0]=0x00000000, sa_flags=0x00000000
SIGUSR2: [libjvm.so+0x51b780], sa_mask[0]=0x00000004, sa_flags=0x10000004
SIGHUP: [libjvm.so+0x51e2f0], sa_mask[0]=0x7ffbfeff, sa_flags=0x10000004
SIGINT: SIG_IGN, sa_mask[0]=0x00000000, sa_flags=0x00000000
SIGTERM: [libjvm.so+0x51e2f0], sa_mask[0]=0x7ffbfeff, sa_flags=0x10000004
SIGQUIT: [libjvm.so+0x51e2f0], sa_mask[0]=0x7ffbfeff, sa_flags=0x10000004


---------------  S Y S T E M  ---------------

OS:Ubuntu 10.04 (lucid)
uname:Linux 2.6.32-33-generic #70-Ubuntu SMP Thu Jul 7 21:09:46 UTC 2011 i686
libc:glibc 2.11.1 NPTL 2.11.1 
rlimit: STACK 8192k, CORE 0k, NPROC infinity, NOFILE 1024, AS infinity
load average:0.16 0.30 0.31

/proc/meminfo:
MemTotal:        2836956 kB
MemFree:         1737112 kB
Buffers:           57700 kB
Cached:           499272 kB
SwapCached:            0 kB
Active:           575940 kB
Inactive:         439324 kB
Active(anon):     458688 kB
Inactive(anon):     5312 kB
Active(file):     117252 kB
Inactive(file):   434012 kB
Unevictable:           0 kB
Mlocked:               0 kB
HighTotal:       1973064 kB
HighFree:         985800 kB
LowTotal:         863892 kB
LowFree:          751312 kB
SwapTotal:       3234808 kB
SwapFree:        3234808 kB
Dirty:               120 kB
Writeback:             0 kB
AnonPages:        458304 kB
Mapped:           118520 kB
Shmem:              5712 kB
Slab:              28400 kB
SReclaimable:      18088 kB
SUnreclaim:        10312 kB
KernelStack:        2376 kB
PageTables:         5996 kB
NFS_Unstable:          0 kB
Bounce:                0 kB
WritebackTmp:          0 kB
CommitLimit:     4653284 kB
Committed_AS:    1313120 kB
VmallocTotal:     122880 kB
VmallocUsed:       72908 kB
VmallocChunk:      41852 kB
HardwareCorrupted:     0 kB
HugePages_Total:       0
HugePages_Free:        0
HugePages_Rsvd:        0
HugePages_Surp:        0
Hugepagesize:       4096 kB
DirectMap4k:       12280 kB
DirectMap4M:      897024 kB


CPU:total 2 (2 cores per cpu, 1 threads per core) family 17 model 3 stepping 1, cmov, cx8, fxsr, mmx, sse, sse2, sse3, mmxext, 3dnow, 3dnowext

Memory: 4k page, physical 2836956k(1737112k free), swap 3234808k(3234808k free)

vm_info: OpenJDK Server VM (19.0-b09) for linux-x86 JRE (1.6.0_20-b20), built on Jan 21 2012 08:10:55 by "buildd" with gcc 4.4.3

time: Fri Mar  2 08:25:14 2012
elapsed time: 0 seconds

