#
# A fatal error has been detected by the Java Runtime Environment:
#
#  SIGSEGV (0xb) at pc=0x00184fc6, pid=4107, tid=3077872496
#
# JRE version: 6.0_20-b20
# Java VM: OpenJDK Server VM (19.0-b09 mixed mode linux-x86 )
# Derivative: IcedTea6 1.9.10
# Distribution: Ubuntu 10.04.1 LTS, package 6b20-1.9.10-0ubuntu1~10.04.3
# Problematic frame:
# C  [libc.so.6+0x74fc6]
#
# If you would like to submit a bug report, please include
# instructions how to reproduce the bug and visit:
#   https://bugs.launchpad.net/ubuntu/+source/openjdk-6/
# The crash happened outside the Java Virtual Machine in native code.
# See problematic frame for where to report the bug.
#

---------------  T H R E A D  ---------------

Current thread (0x09878000):  JavaThread "main" [_thread_in_native, id=4111, stack(0xb76f9000,0xb774a000)]

siginfo:si_signo=SIGSEGV: si_errno=0, si_code=1 (SEGV_MAPERR), si_addr=0x00000000

Registers:
EAX=0x00000002, EBX=0xb7748af8, ECX=0x2ddd234a, EDX=0xb7748b8c
ESP=0xb7748a48, EBP=0xb7748a88, ESI=0x00000000, EDI=0x00000000
EIP=0x00184fc6, CR2=0x00000000, EFLAGS=0x00010202

Register to memory mapping:

EAX=0x00000002
0x00000002 is pointing to unknown location

EBX=0xb7748af8
0xb7748af8 is pointing into the stack for thread: 0x09878000
"main" prio=10 tid=0x09878000 nid=0x100f runnable [0xb7748000]
   java.lang.Thread.State: RUNNABLE

ECX=0x2ddd234a
0x2ddd234a is pointing to unknown location

EDX=0xb7748b8c
0xb7748b8c is pointing into the stack for thread: 0x09878000
"main" prio=10 tid=0x09878000 nid=0x100f runnable [0xb7748000]
   java.lang.Thread.State: RUNNABLE

ESP=0xb7748a48
0xb7748a48 is pointing into the stack for thread: 0x09878000
"main" prio=10 tid=0x09878000 nid=0x100f runnable [0xb7748000]
   java.lang.Thread.State: RUNNABLE

EBP=0xb7748a88
0xb7748a88 is pointing into the stack for thread: 0x09878000
"main" prio=10 tid=0x09878000 nid=0x100f runnable [0xb7748000]
   java.lang.Thread.State: RUNNABLE

ESI=0x00000000
0x00000000 is pointing to unknown location

EDI=0x00000000
0x00000000 is pointing to unknown location


Top of Stack: (sp=0xb7748a48)
0xb7748a48:   80701f4c 00abfcad 00000000 00000000
0xb7748a58:   b7748d2a 00265ff4 80700010 00000000
0xb7748a68:   b7748a88 80701eb8 b7748a88 001571db
0xb7748a78:   81213410 81213410 81213410 09878000
0xb7748a88:   b7748d78 00ac0bf1 b7748af8 00000000
0xb7748a98:   b7748d2a 00000000 0000ffff 00000001
0xb7748aa8:   00ac4d75 b7748bc8 b7748ad8 0017ac22
0xb7748ab8:   00ac4c08 0992ecc0 b7748af4 b7748d2a 

Instructions: (pc=0x00184fc6)
0x00184fb6:   00 00 00 74 02 a4 49 50 89 c8 c1 e9 02 83 e0 03
0x00184fc6:   f3 a5 89 c1 f3 a4 58 89 c7 89 d6 8b 44 24 04 c3 

Stack: [0xb76f9000,0xb774a000],  sp=0xb7748a48,  free space=318k
Native frames: (J=compiled Java code, j=interpreted, Vv=VM code, C=native code)
C  [libc.so.6+0x74fc6]
C  [libpacketlib.so+0x3bf1]  traverse_flow_list+0x331
C  [libpacketlib.so+0x3dbe]  get_flow_packets+0x9c
C  [libpacketlib.so+0x4848]  fill_flow_packets+0x6f
C  [libpacketlib.so+0x20d0]  Java_FileAccess_GetPacket_fillpackets+0x110
j  FileAccess.GetPacket.fillpackets()V+0
j  FileAccess.GetPacket.main([Ljava/lang/String;)V+148
v  ~StubRoutines::call_stub
V  [libjvm.so+0x387d72]
V  [libjvm.so+0x519369]
V  [libjvm.so+0x386caf]
V  [libjvm.so+0x39214c]
V  [libjvm.so+0x3a11ad]
C  [java+0x321d]  JavaMain+0xd4d
C  [libpthread.so.0+0x596e]

Java frames: (J=compiled Java code, j=interpreted, Vv=VM code)
j  FileAccess.GetPacket.fillpackets()V+0
j  FileAccess.GetPacket.main([Ljava/lang/String;)V+148
v  ~StubRoutines::call_stub

---------------  P R O C E S S  ---------------

Java Threads: ( => current thread )
  0x0991b400 JavaThread "Low Memory Detector" daemon [_thread_blocked, id=4120, stack(0x8081c000,0x8086d000)]
  0x09919800 JavaThread "CompilerThread1" daemon [_thread_blocked, id=4119, stack(0x8067f000,0x80700000)]
  0x09917800 JavaThread "CompilerThread0" daemon [_thread_blocked, id=4118, stack(0x8086d000,0x808ee000)]
  0x09916000 JavaThread "Signal Dispatcher" daemon [_thread_blocked, id=4117, stack(0x808ee000,0x8093f000)]
  0x09903000 JavaThread "Finalizer" daemon [_thread_blocked, id=4116, stack(0x8097e000,0x809cf000)]
  0x09901c00 JavaThread "Reference Handler" daemon [_thread_blocked, id=4115, stack(0x809cf000,0x80a20000)]
=>0x09878000 JavaThread "main" [_thread_in_native, id=4111, stack(0xb76f9000,0xb774a000)]

Other Threads:
  0x098fdc00 VMThread [stack: 0x80a20000,0x80aa1000] [id=4114]
  0x0991d800 WatcherThread [stack: 0x805fe000,0x8067f000] [id=4121]

VM state:not at safepoint (normal execution)

VM Mutex/Monitor currently owned by a thread: None

Heap
 PSYoungGen      total 12992K, used 448K [0xa5ee0000, 0xa6d50000, 0xb4630000)
  eden space 11200K, 4% used [0xa5ee0000,0xa5f50028,0xa69d0000)
  from space 1792K, 0% used [0xa6b90000,0xa6b90000,0xa6d50000)
  to   space 1792K, 0% used [0xa69d0000,0xa69d0000,0xa6b90000)
 PSOldGen        total 29568K, used 0K [0x89030000, 0x8ad10000, 0xa5ee0000)
  object space 29568K, 0% used [0x89030000,0x89030000,0x8ad10000)
 PSPermGen       total 16384K, used 1951K [0x81030000, 0x82030000, 0x89030000)
  object space 16384K, 11% used [0x81030000,0x81217fc8,0x82030000)

Dynamic libraries:
00110000-00263000 r-xp 00000000 08:05 527197     /lib/tls/i686/cmov/libc-2.11.1.so
00263000-00264000 ---p 00153000 08:05 527197     /lib/tls/i686/cmov/libc-2.11.1.so
00264000-00266000 r--p 00153000 08:05 527197     /lib/tls/i686/cmov/libc-2.11.1.so
00266000-00267000 rw-p 00155000 08:05 527197     /lib/tls/i686/cmov/libc-2.11.1.so
00267000-0026a000 rw-p 00000000 00:00 0 
0026a000-00271000 r-xp 00000000 08:05 527227     /lib/tls/i686/cmov/librt-2.11.1.so
00271000-00272000 r--p 00006000 08:05 527227     /lib/tls/i686/cmov/librt-2.11.1.so
00272000-00273000 rw-p 00007000 08:05 527227     /lib/tls/i686/cmov/librt-2.11.1.so
00273000-0027b000 r-xp 00000000 08:05 527218     /lib/tls/i686/cmov/libnss_nis-2.11.1.so
0027b000-0027c000 r--p 00007000 08:05 527218     /lib/tls/i686/cmov/libnss_nis-2.11.1.so
0027c000-0027d000 rw-p 00008000 08:05 527218     /lib/tls/i686/cmov/libnss_nis-2.11.1.so
00282000-00285000 r-xp 00000000 08:05 1586197    /usr/lib/jvm/java-6-openjdk/jre/lib/i386/jli/libjli.so
00285000-00286000 r--p 00003000 08:05 1586197    /usr/lib/jvm/java-6-openjdk/jre/lib/i386/jli/libjli.so
00286000-00287000 rw-p 00004000 08:05 1586197    /usr/lib/jvm/java-6-openjdk/jre/lib/i386/jli/libjli.so
00287000-002ab000 r-xp 00000000 08:05 527205     /lib/tls/i686/cmov/libm-2.11.1.so
002ab000-002ac000 r--p 00023000 08:05 527205     /lib/tls/i686/cmov/libm-2.11.1.so
002ac000-002ad000 rw-p 00024000 08:05 527205     /lib/tls/i686/cmov/libm-2.11.1.so
002ad000-002b7000 r-xp 00000000 08:05 527214     /lib/tls/i686/cmov/libnss_files-2.11.1.so
002b7000-002b8000 r--p 00009000 08:05 527214     /lib/tls/i686/cmov/libnss_files-2.11.1.so
002b8000-002b9000 rw-p 0000a000 08:05 527214     /lib/tls/i686/cmov/libnss_files-2.11.1.so
002b9000-002c0000 r-xp 00000000 08:05 1586226    /usr/lib/jvm/java-6-openjdk/jre/lib/i386/libzip.so
002c0000-002c1000 r--p 00006000 08:05 1586226    /usr/lib/jvm/java-6-openjdk/jre/lib/i386/libzip.so
002c1000-002c2000 rw-p 00007000 08:05 1586226    /usr/lib/jvm/java-6-openjdk/jre/lib/i386/libzip.so
00388000-0038f000 r-xp 00000000 08:05 1586228    /usr/lib/jvm/java-6-openjdk/jre/lib/i386/native_threads/libhpi.so
0038f000-00390000 r--p 00006000 08:05 1586228    /usr/lib/jvm/java-6-openjdk/jre/lib/i386/native_threads/libhpi.so
00390000-00391000 rw-p 00007000 08:05 1586228    /usr/lib/jvm/java-6-openjdk/jre/lib/i386/native_threads/libhpi.so
004bf000-004c0000 r-xp 00000000 00:00 0          [vdso]
005bd000-005c9000 r-xp 00000000 08:05 1586225    /usr/lib/jvm/java-6-openjdk/jre/lib/i386/libverify.so
005c9000-005ca000 r--p 0000b000 08:05 1586225    /usr/lib/jvm/java-6-openjdk/jre/lib/i386/libverify.so
005ca000-005cb000 rw-p 0000c000 08:05 1586225    /usr/lib/jvm/java-6-openjdk/jre/lib/i386/libverify.so
0068f000-00695000 r-xp 00000000 08:05 527210     /lib/tls/i686/cmov/libnss_compat-2.11.1.so
00695000-00696000 r--p 00006000 08:05 527210     /lib/tls/i686/cmov/libnss_compat-2.11.1.so
00696000-00697000 rw-p 00007000 08:05 527210     /lib/tls/i686/cmov/libnss_compat-2.11.1.so
00790000-007a5000 r-xp 00000000 08:05 527223     /lib/tls/i686/cmov/libpthread-2.11.1.so
007a5000-007a6000 r--p 00014000 08:05 527223     /lib/tls/i686/cmov/libpthread-2.11.1.so
007a6000-007a7000 rw-p 00015000 08:05 527223     /lib/tls/i686/cmov/libpthread-2.11.1.so
007a7000-007a9000 rw-p 00000000 00:00 0 
00865000-00878000 r-xp 00000000 08:05 527208     /lib/tls/i686/cmov/libnsl-2.11.1.so
00878000-00879000 r--p 00012000 08:05 527208     /lib/tls/i686/cmov/libnsl-2.11.1.so
00879000-0087a000 rw-p 00013000 08:05 527208     /lib/tls/i686/cmov/libnsl-2.11.1.so
0087a000-0087c000 rw-p 00000000 00:00 0 
0087d000-00898000 r-xp 00000000 08:05 523290     /lib/ld-2.11.1.so
00898000-00899000 r--p 0001a000 08:05 523290     /lib/ld-2.11.1.so
00899000-0089a000 rw-p 0001b000 08:05 523290     /lib/ld-2.11.1.so
00965000-00978000 r-xp 00000000 08:05 523463     /lib/libz.so.1.2.3.3
00978000-00979000 r--p 00012000 08:05 523463     /lib/libz.so.1.2.3.3
00979000-0097a000 rw-p 00013000 08:05 523463     /lib/libz.so.1.2.3.3
00983000-009a7000 r-xp 00000000 08:05 1586209    /usr/lib/jvm/java-6-openjdk/jre/lib/i386/libjava.so
009a7000-009a8000 r--p 00023000 08:05 1586209    /usr/lib/jvm/java-6-openjdk/jre/lib/i386/libjava.so
009a8000-009aa000 rw-p 00024000 08:05 1586209    /usr/lib/jvm/java-6-openjdk/jre/lib/i386/libjava.so
00abd000-00ac6000 r-xp 00000000 08:05 1589892    /usr/lib/libpacketlib.so
00ac6000-00ac7000 r--p 00008000 08:05 1589892    /usr/lib/libpacketlib.so
00ac7000-00ac8000 rw-p 00009000 08:05 1589892    /usr/lib/libpacketlib.so
00d69000-00d6b000 r-xp 00000000 08:05 527203     /lib/tls/i686/cmov/libdl-2.11.1.so
00d6b000-00d6c000 r--p 00001000 08:05 527203     /lib/tls/i686/cmov/libdl-2.11.1.so
00d6c000-00d6d000 rw-p 00002000 08:05 527203     /lib/tls/i686/cmov/libdl-2.11.1.so
00d6d000-01432000 r-xp 00000000 08:05 1586230    /usr/lib/jvm/java-6-openjdk/jre/lib/i386/server/libjvm.so
01432000-01433000 ---p 006c5000 08:05 1586230    /usr/lib/jvm/java-6-openjdk/jre/lib/i386/server/libjvm.so
01433000-01478000 r--p 006c5000 08:05 1586230    /usr/lib/jvm/java-6-openjdk/jre/lib/i386/server/libjvm.so
01478000-01487000 rw-p 0070a000 08:05 1586230    /usr/lib/jvm/java-6-openjdk/jre/lib/i386/server/libjvm.so
01487000-018a6000 rw-p 00000000 00:00 0 
08048000-08051000 r-xp 00000000 08:05 1586258    /usr/lib/jvm/java-6-openjdk/jre/bin/java
08051000-08052000 r--p 00008000 08:05 1586258    /usr/lib/jvm/java-6-openjdk/jre/bin/java
08052000-08053000 rw-p 00009000 08:05 1586258    /usr/lib/jvm/java-6-openjdk/jre/bin/java
09871000-0993f000 rw-p 00000000 00:00 0          [heap]
8057d000-805fe000 rw-p 00000000 00:00 0 
805fe000-805ff000 ---p 00000000 00:00 0 
805ff000-8067f000 rw-p 00000000 00:00 0 
8067f000-80682000 ---p 00000000 00:00 0 
80682000-80700000 rw-p 00000000 00:00 0 
80700000-80721000 rw-p 00000000 00:00 0 
80721000-80800000 ---p 00000000 00:00 0 
8081c000-8081f000 ---p 00000000 00:00 0 
8081f000-8086d000 rw-p 00000000 00:00 0 
8086d000-80870000 ---p 00000000 00:00 0 
80870000-808ee000 rw-p 00000000 00:00 0 
808ee000-808f1000 ---p 00000000 00:00 0 
808f1000-8093f000 rw-p 00000000 00:00 0 
8093f000-8097e000 r--p 00000000 08:05 1577945    /usr/lib/locale/en_IN/LC_CTYPE
8097e000-80981000 ---p 00000000 00:00 0 
80981000-809cf000 rw-p 00000000 00:00 0 
809cf000-809d2000 ---p 00000000 00:00 0 
809d2000-80a20000 rw-p 00000000 00:00 0 
80a20000-80a21000 ---p 00000000 00:00 0 
80a21000-80aa1000 rw-p 00000000 00:00 0 
80aa1000-80aa3000 r--s 0001d000 08:05 1577596    /usr/lib/jvm/java-6-openjdk/jre/lib/plugin.jar
80aa3000-80aa8000 r--s 00045000 08:05 1577595    /usr/lib/jvm/java-6-openjdk/jre/lib/netx.jar
80aa8000-80adb000 rw-p 00000000 00:00 0 
80adb000-80c6a000 r--s 038c4000 08:05 1586189    /usr/lib/jvm/java-6-openjdk/jre/lib/rt.jar
80c6a000-80c6b000 ---p 00000000 00:00 0 
80c6b000-80ceb000 rw-p 00000000 00:00 0 
80ceb000-80cec000 ---p 00000000 00:00 0 
80cec000-80d74000 rw-p 00000000 00:00 0 
80d74000-80dac000 rw-p 00000000 00:00 0 
80dac000-80dbb000 rw-p 00000000 00:00 0 
80dbb000-80e94000 rw-p 00000000 00:00 0 
80e94000-80e9c000 rw-p 00000000 00:00 0 
80e9c000-80ed4000 rw-p 00000000 00:00 0 
80ed4000-80ee3000 rw-p 00000000 00:00 0 
80ee3000-80fbb000 rw-p 00000000 00:00 0 
80fbb000-80fc3000 rw-p 00000000 00:00 0 
80fc3000-8102f000 rw-p 00000000 00:00 0 
8102f000-82030000 rw-p 00000000 00:00 0 
82030000-89030000 rw-p 00000000 00:00 0 
89030000-8ad10000 rw-p 00000000 00:00 0 
8ad10000-a5ee0000 rw-p 00000000 00:00 0 
a5ee0000-a6d50000 rw-p 00000000 00:00 0 
a6d50000-b4630000 rw-p 00000000 00:00 0 
b4630000-b4639000 r--s 00065000 08:05 6219       /usr/share/java/gnome-java-bridge.jar
b4639000-b4642000 rw-p 00000000 00:00 0 
b4642000-b46f9000 rw-p 00000000 00:00 0 
b46f9000-b4939000 rwxp 00000000 00:00 0 
b4939000-b76f9000 rw-p 00000000 00:00 0 
b76f9000-b76fc000 ---p 00000000 00:00 0 
b76fc000-b774d000 rw-p 00000000 00:00 0 
b7750000-b7751000 rw-p 00000000 00:00 0 
b7752000-b7755000 r--s 0000f000 08:05 1577575    /usr/lib/jvm/java-6-openjdk/jre/lib/ext/pulse-java.jar
b7755000-b775d000 rw-s 00000000 08:05 665654     /tmp/hsperfdata_root/4107
b775d000-b775e000 rw-p 00000000 00:00 0 
b775e000-b775f000 r--p 00000000 00:00 0 
b775f000-b7761000 rw-p 00000000 00:00 0 
bfa21000-bfa36000 rw-p 00000000 00:00 0          [stack]

VM Arguments:
jvm_args: -Dfile.encoding=UTF-8 
java_command: FileAccess.GetPacket
Launcher Type: SUN_STANDARD

Environment Variables:
PATH=/usr/local/sbin:/usr/local/bin:/usr/sbin:/usr/bin:/sbin:/bin:/usr/games
USERNAME=root
LD_LIBRARY_PATH=/usr/lib/jvm/java-6-openjdk/jre/lib/i386/server:/usr/lib/jvm/java-6-openjdk/jre/lib/i386:/usr/lib/jvm/java-6-openjdk/jre/../lib/i386:/usr/lib/jvm/java-6-openjdk/jre/lib/i386/client:/usr/lib/jvm/java-6-openjdk/jre/lib/i386:/usr/lib/jvm/java-6-openjdk/jre/../lib/i386
SHELL=/bin/bash
DISPLAY=:0.0

Signal Handlers:
SIGSEGV: [libjvm.so+0x64a040], sa_mask[0]=0x7ffbfeff, sa_flags=0x10000004
SIGBUS: [libjvm.so+0x64a040], sa_mask[0]=0x7ffbfeff, sa_flags=0x10000004
SIGFPE: [libjvm.so+0x51c0d0], sa_mask[0]=0x7ffbfeff, sa_flags=0x10000004
SIGPIPE: [libjvm.so+0x51c0d0], sa_mask[0]=0x7ffbfeff, sa_flags=0x10000004
SIGXFSZ: [libjvm.so+0x51c0d0], sa_mask[0]=0x7ffbfeff, sa_flags=0x10000004
SIGILL: [libjvm.so+0x51c0d0], sa_mask[0]=0x7ffbfeff, sa_flags=0x10000004
SIGUSR1: SIG_DFL, sa_mask[0]=0x00000000, sa_flags=0x00000000
SIGUSR2: [libjvm.so+0x51b780], sa_mask[0]=0x00000004, sa_flags=0x10000004
SIGHUP: [libjvm.so+0x51e2f0], sa_mask[0]=0x7ffbfeff, sa_flags=0x10000004
SIGINT: SIG_IGN, sa_mask[0]=0x00000000, sa_flags=0x00000000
SIGTERM: [libjvm.so+0x51e2f0], sa_mask[0]=0x7ffbfeff, sa_flags=0x10000004
SIGQUIT: [libjvm.so+0x51e2f0], sa_mask[0]=0x7ffbfeff, sa_flags=0x10000004


---------------  S Y S T E M  ---------------

OS:Ubuntu 10.04 (lucid)
uname:Linux 2.6.32-33-generic #70-Ubuntu SMP Thu Jul 7 21:09:46 UTC 2011 i686
libc:glibc 2.11.1 NPTL 2.11.1 
rlimit: STACK 8192k, CORE 0k, NPROC infinity, NOFILE 1024, AS infinity
load average:0.25 0.38 0.42

/proc/meminfo:
MemTotal:        2836956 kB
MemFree:         1140364 kB
Buffers:           76792 kB
Cached:           798368 kB
SwapCached:            0 kB
Active:           897940 kB
Inactive:         702920 kB
Active(anon):     726108 kB
Inactive(anon):     7436 kB
Active(file):     171832 kB
Inactive(file):   695484 kB
Unevictable:          16 kB
Mlocked:              16 kB
HighTotal:       1973064 kB
HighFree:         417260 kB
LowTotal:         863892 kB
LowFree:          723104 kB
SwapTotal:       3234808 kB
SwapFree:        3234808 kB
Dirty:               196 kB
Writeback:             0 kB
AnonPages:        725712 kB
Mapped:           148632 kB
Shmem:              7848 kB
Slab:              36344 kB
SReclaimable:      24788 kB
SUnreclaim:        11556 kB
KernelStack:        2768 kB
PageTables:         7976 kB
NFS_Unstable:          0 kB
Bounce:                0 kB
WritebackTmp:          0 kB
CommitLimit:     4653284 kB
Committed_AS:    1942340 kB
VmallocTotal:     122880 kB
VmallocUsed:       72908 kB
VmallocChunk:      42876 kB
HardwareCorrupted:     0 kB
HugePages_Total:       0
HugePages_Free:        0
HugePages_Rsvd:        0
HugePages_Surp:        0
Hugepagesize:       4096 kB
DirectMap4k:       12280 kB
DirectMap4M:      897024 kB


CPU:total 2 (2 cores per cpu, 1 threads per core) family 17 model 3 stepping 1, cmov, cx8, fxsr, mmx, sse, sse2, sse3, mmxext, 3dnow, 3dnowext

Memory: 4k page, physical 2836956k(1140364k free), swap 3234808k(3234808k free)

vm_info: OpenJDK Server VM (19.0-b09) for linux-x86 JRE (1.6.0_20-b20), built on Jan 21 2012 08:10:55 by "buildd" with gcc 4.4.3

time: Sun Mar 25 17:47:46 2012
elapsed time: 0 seconds

