#
# A fatal error has been detected by the Java Runtime Environment:
#
#  SIGSEGV (0xb) at pc=0x01118390, pid=4777, tid=3078253424
#
# JRE version: 6.0_20-b20
# Java VM: OpenJDK Server VM (19.0-b09 mixed mode linux-x86 )
# Derivative: IcedTea6 1.9.10
# Distribution: Ubuntu 10.04.1 LTS, package 6b20-1.9.10-0ubuntu1~10.04.3
# Problematic frame:
# V  [libjvm.so+0x39b390]
#
# If you would like to submit a bug report, please include
# instructions how to reproduce the bug and visit:
#   https://bugs.launchpad.net/ubuntu/+source/openjdk-6/
#

---------------  T H R E A D  ---------------

Current thread (0x09026000):  JavaThread "main" [_thread_in_vm, id=4780, stack(0xb7756000,0xb77a7000)]

siginfo:si_signo=SIGSEGV: si_errno=0, si_code=1 (SEGV_MAPERR), si_addr=0x00000000

Registers:
EAX=0x00000000, EBX=0x01487ff4, ECX=0xb77a5e5c, EDX=0x0902687c
ESP=0xb77a5e24, EBP=0xb77a5e88, ESI=0x09026000, EDI=0x090249a0
EIP=0x01118390, CR2=0x00000000, EFLAGS=0x00010217

Register to memory mapping:

EAX=0x00000000
0x00000000 is pointing to unknown location

EBX=0x01487ff4
0x01487ff4: <offset 0x70aff4> in /usr/lib/jvm/java-6-openjdk/jre/lib/i386/server/libjvm.so at 0x00d7d000

ECX=0xb77a5e5c
0xb77a5e5c is pointing into the stack for thread: 0x09026000
"main" prio=10 tid=0x09026000 nid=0x12ac runnable [0xb77a5000]
   java.lang.Thread.State: RUNNABLE

EDX=0x0902687c
0x0902687c is pointing to unknown location

ESP=0xb77a5e24
0xb77a5e24 is pointing into the stack for thread: 0x09026000
"main" prio=10 tid=0x09026000 nid=0x12ac runnable [0xb77a5000]
   java.lang.Thread.State: RUNNABLE

EBP=0xb77a5e88
0xb77a5e88 is pointing into the stack for thread: 0x09026000
"main" prio=10 tid=0x09026000 nid=0x12ac runnable [0xb77a5000]
   java.lang.Thread.State: RUNNABLE

ESI=0x09026000
"main" prio=10 tid=0x09026000 nid=0x12ac runnable [0xb77a5000]
   java.lang.Thread.State: RUNNABLE

EDI=0x090249a0
0x090249a0 is pointing to unknown location


Top of Stack: (sp=0xb77a5e24)
0xb77a5e24:   09026000 00000ffc 00000ffc b77a5e6c
0xb77a5e34:   00000000 09026490 0902687c 0000003c
0xb77a5e44:   b77a5e5c 09026488 b77a5e94 00000015
0xb77a5e54:   090268a4 b77a5e78 09026000 00000000
0xb77a5e64:   09026000 b77a5e88 09026000 00000072
0xb77a5e74:   00513160 006224e0 81273410 81273410
0xb77a5e84:   09026000 b77a5fd8 009ce3d8 09026118
0xb77a5e94:   00000000 00000000 009d45d8 01279d09 

Instructions: (pc=0x01118390)
0x01118380:   c0 8b 47 08 89 45 b0 8b 45 0c 8b 57 0c 89 55 b4
0x01118390:   8b 10 52 e8 88 fa fe ff 89 04 24 89 45 ac e8 01 

Stack: [0xb7756000,0xb77a7000],  sp=0xb77a5e24,  free space=319k
Native frames: (J=compiled Java code, j=interpreted, Vv=VM code, C=native code)
V  [libjvm.so+0x39b390]
C  [libpacketlib.so+0x23d8]  Java_FileAccess_GetPacket_fillpackets+0x1a8
j  FileAccess.GetPacket.fillpackets()V+0
j  FileAccess.GetPacket.main([Ljava/lang/String;)V+148
v  ~StubRoutines::call_stub
V  [libjvm.so+0x387d72]
V  [libjvm.so+0x519369]
V  [libjvm.so+0x386caf]
V  [libjvm.so+0x39214c]
V  [libjvm.so+0x3a11ad]
C  [java+0x321d]  JavaMain+0xd4d
C  [libpthread.so.0+0x596e]

Java frames: (J=compiled Java code, j=interpreted, Vv=VM code)
j  FileAccess.GetPacket.fillpackets()V+0
j  FileAccess.GetPacket.main([Ljava/lang/String;)V+148
v  ~StubRoutines::call_stub

---------------  P R O C E S S  ---------------

Java Threads: ( => current thread )
  0x090cb000 JavaThread "Low Memory Detector" daemon [_thread_blocked, id=4790, stack(0x807fb000,0x8084c000)]
  0x090c7800 JavaThread "CompilerThread1" daemon [_thread_blocked, id=4789, stack(0x8084c000,0x808cd000)]
  0x090c5800 JavaThread "CompilerThread0" daemon [_thread_blocked, id=4788, stack(0x808cd000,0x8094e000)]
  0x090c4000 JavaThread "Signal Dispatcher" daemon [_thread_blocked, id=4787, stack(0x8094e000,0x8099f000)]
  0x090b1000 JavaThread "Finalizer" daemon [_thread_blocked, id=4786, stack(0x809de000,0x80a2f000)]
  0x090afc00 JavaThread "Reference Handler" daemon [_thread_blocked, id=4785, stack(0x80a2f000,0x80a80000)]
=>0x09026000 JavaThread "main" [_thread_in_vm, id=4780, stack(0xb7756000,0xb77a7000)]

Other Threads:
  0x090abc00 VMThread [stack: 0x80a80000,0x80b01000] [id=4784]
  0x090ccc00 WatcherThread [stack: 0x8077a000,0x807fb000] [id=4791]

VM state:not at safepoint (normal execution)

VM Mutex/Monitor currently owned by a thread: None

Heap
 PSYoungGen      total 12992K, used 448K [0xa5f40000, 0xa6db0000, 0xb4690000)
  eden space 11200K, 4% used [0xa5f40000,0xa5fb0028,0xa6a30000)
  from space 1792K, 0% used [0xa6bf0000,0xa6bf0000,0xa6db0000)
  to   space 1792K, 0% used [0xa6a30000,0xa6a30000,0xa6bf0000)
 PSOldGen        total 29568K, used 0K [0x89090000, 0x8ad70000, 0xa5f40000)
  object space 29568K, 0% used [0x89090000,0x89090000,0x8ad70000)
 PSPermGen       total 16384K, used 1942K [0x81090000, 0x82090000, 0x89090000)
  object space 16384K, 11% used [0x81090000,0x81275958,0x82090000)

Dynamic libraries:
00110000-0011c000 r-xp 00000000 08:05 1586225    /usr/lib/jvm/java-6-openjdk/jre/lib/i386/libverify.so
0011c000-0011d000 r--p 0000b000 08:05 1586225    /usr/lib/jvm/java-6-openjdk/jre/lib/i386/libverify.so
0011d000-0011e000 rw-p 0000c000 08:05 1586225    /usr/lib/jvm/java-6-openjdk/jre/lib/i386/libverify.so
0011e000-00142000 r-xp 00000000 08:05 1586209    /usr/lib/jvm/java-6-openjdk/jre/lib/i386/libjava.so
00142000-00143000 r--p 00023000 08:05 1586209    /usr/lib/jvm/java-6-openjdk/jre/lib/i386/libjava.so
00143000-00145000 rw-p 00024000 08:05 1586209    /usr/lib/jvm/java-6-openjdk/jre/lib/i386/libjava.so
00145000-00158000 r-xp 00000000 08:05 527208     /lib/tls/i686/cmov/libnsl-2.11.1.so
00158000-00159000 r--p 00012000 08:05 527208     /lib/tls/i686/cmov/libnsl-2.11.1.so
00159000-0015a000 rw-p 00013000 08:05 527208     /lib/tls/i686/cmov/libnsl-2.11.1.so
0015a000-0015c000 rw-p 00000000 00:00 0 
0015c000-00164000 r-xp 00000000 08:05 527218     /lib/tls/i686/cmov/libnss_nis-2.11.1.so
00164000-00165000 r--p 00007000 08:05 527218     /lib/tls/i686/cmov/libnss_nis-2.11.1.so
00165000-00166000 rw-p 00008000 08:05 527218     /lib/tls/i686/cmov/libnss_nis-2.11.1.so
00166000-00170000 r-xp 00000000 08:05 527214     /lib/tls/i686/cmov/libnss_files-2.11.1.so
00170000-00171000 r--p 00009000 08:05 527214     /lib/tls/i686/cmov/libnss_files-2.11.1.so
00171000-00172000 rw-p 0000a000 08:05 527214     /lib/tls/i686/cmov/libnss_files-2.11.1.so
004cc000-0061f000 r-xp 00000000 08:05 527197     /lib/tls/i686/cmov/libc-2.11.1.so
0061f000-00620000 ---p 00153000 08:05 527197     /lib/tls/i686/cmov/libc-2.11.1.so
00620000-00622000 r--p 00153000 08:05 527197     /lib/tls/i686/cmov/libc-2.11.1.so
00622000-00623000 rw-p 00155000 08:05 527197     /lib/tls/i686/cmov/libc-2.11.1.so
00623000-00626000 rw-p 00000000 00:00 0 
00749000-00750000 r-xp 00000000 08:05 1586228    /usr/lib/jvm/java-6-openjdk/jre/lib/i386/native_threads/libhpi.so
00750000-00751000 r--p 00006000 08:05 1586228    /usr/lib/jvm/java-6-openjdk/jre/lib/i386/native_threads/libhpi.so
00751000-00752000 rw-p 00007000 08:05 1586228    /usr/lib/jvm/java-6-openjdk/jre/lib/i386/native_threads/libhpi.so
007de000-007e4000 r-xp 00000000 08:05 527210     /lib/tls/i686/cmov/libnss_compat-2.11.1.so
007e4000-007e5000 r--p 00006000 08:05 527210     /lib/tls/i686/cmov/libnss_compat-2.11.1.so
007e5000-007e6000 rw-p 00007000 08:05 527210     /lib/tls/i686/cmov/libnss_compat-2.11.1.so
008e4000-008ff000 r-xp 00000000 08:05 523290     /lib/ld-2.11.1.so
008ff000-00900000 r--p 0001a000 08:05 523290     /lib/ld-2.11.1.so
00900000-00901000 rw-p 0001b000 08:05 523290     /lib/ld-2.11.1.so
009cc000-009d5000 r-xp 00000000 08:05 1589892    /usr/lib/libpacketlib.so
009d5000-009d6000 r--p 00009000 08:05 1589892    /usr/lib/libpacketlib.so
009d6000-009d7000 rw-p 0000a000 08:05 1589892    /usr/lib/libpacketlib.so
00a4e000-00a61000 r-xp 00000000 08:05 523463     /lib/libz.so.1.2.3.3
00a61000-00a62000 r--p 00012000 08:05 523463     /lib/libz.so.1.2.3.3
00a62000-00a63000 rw-p 00013000 08:05 523463     /lib/libz.so.1.2.3.3
00ad1000-00ad8000 r-xp 00000000 08:05 527227     /lib/tls/i686/cmov/librt-2.11.1.so
00ad8000-00ad9000 r--p 00006000 08:05 527227     /lib/tls/i686/cmov/librt-2.11.1.so
00ad9000-00ada000 rw-p 00007000 08:05 527227     /lib/tls/i686/cmov/librt-2.11.1.so
00b1e000-00b42000 r-xp 00000000 08:05 527205     /lib/tls/i686/cmov/libm-2.11.1.so
00b42000-00b43000 r--p 00023000 08:05 527205     /lib/tls/i686/cmov/libm-2.11.1.so
00b43000-00b44000 rw-p 00024000 08:05 527205     /lib/tls/i686/cmov/libm-2.11.1.so
00bf7000-00bfa000 r-xp 00000000 08:05 1586197    /usr/lib/jvm/java-6-openjdk/jre/lib/i386/jli/libjli.so
00bfa000-00bfb000 r--p 00003000 08:05 1586197    /usr/lib/jvm/java-6-openjdk/jre/lib/i386/jli/libjli.so
00bfb000-00bfc000 rw-p 00004000 08:05 1586197    /usr/lib/jvm/java-6-openjdk/jre/lib/i386/jli/libjli.so
00c69000-00c7e000 r-xp 00000000 08:05 527223     /lib/tls/i686/cmov/libpthread-2.11.1.so
00c7e000-00c7f000 r--p 00014000 08:05 527223     /lib/tls/i686/cmov/libpthread-2.11.1.so
00c7f000-00c80000 rw-p 00015000 08:05 527223     /lib/tls/i686/cmov/libpthread-2.11.1.so
00c80000-00c82000 rw-p 00000000 00:00 0 
00c9e000-00c9f000 r-xp 00000000 00:00 0          [vdso]
00ce9000-00cf0000 r-xp 00000000 08:05 1586226    /usr/lib/jvm/java-6-openjdk/jre/lib/i386/libzip.so
00cf0000-00cf1000 r--p 00006000 08:05 1586226    /usr/lib/jvm/java-6-openjdk/jre/lib/i386/libzip.so
00cf1000-00cf2000 rw-p 00007000 08:05 1586226    /usr/lib/jvm/java-6-openjdk/jre/lib/i386/libzip.so
00d79000-00d7b000 r-xp 00000000 08:05 527203     /lib/tls/i686/cmov/libdl-2.11.1.so
00d7b000-00d7c000 r--p 00001000 08:05 527203     /lib/tls/i686/cmov/libdl-2.11.1.so
00d7c000-00d7d000 rw-p 00002000 08:05 527203     /lib/tls/i686/cmov/libdl-2.11.1.so
00d7d000-01442000 r-xp 00000000 08:05 1586230    /usr/lib/jvm/java-6-openjdk/jre/lib/i386/server/libjvm.so
01442000-01443000 ---p 006c5000 08:05 1586230    /usr/lib/jvm/java-6-openjdk/jre/lib/i386/server/libjvm.so
01443000-01488000 r--p 006c5000 08:05 1586230    /usr/lib/jvm/java-6-openjdk/jre/lib/i386/server/libjvm.so
01488000-01497000 rw-p 0070a000 08:05 1586230    /usr/lib/jvm/java-6-openjdk/jre/lib/i386/server/libjvm.so
01497000-018b6000 rw-p 00000000 00:00 0 
08048000-08051000 r-xp 00000000 08:05 1586258    /usr/lib/jvm/java-6-openjdk/jre/bin/java
08051000-08052000 r--p 00008000 08:05 1586258    /usr/lib/jvm/java-6-openjdk/jre/bin/java
08052000-08053000 rw-p 00009000 08:05 1586258    /usr/lib/jvm/java-6-openjdk/jre/bin/java
0901f000-090ed000 rw-p 00000000 00:00 0          [heap]
80771000-8077a000 r--s 00065000 08:05 6219       /usr/share/java/gnome-java-bridge.jar
8077a000-8077b000 ---p 00000000 00:00 0 
8077b000-807fb000 rw-p 00000000 00:00 0 
807fb000-807fe000 ---p 00000000 00:00 0 
807fe000-8084c000 rw-p 00000000 00:00 0 
8084c000-8084f000 ---p 00000000 00:00 0 
8084f000-808cd000 rw-p 00000000 00:00 0 
808cd000-808d0000 ---p 00000000 00:00 0 
808d0000-8094e000 rw-p 00000000 00:00 0 
8094e000-80951000 ---p 00000000 00:00 0 
80951000-8099f000 rw-p 00000000 00:00 0 
8099f000-809de000 r--p 00000000 08:05 1577945    /usr/lib/locale/en_IN/LC_CTYPE
809de000-809e1000 ---p 00000000 00:00 0 
809e1000-80a2f000 rw-p 00000000 00:00 0 
80a2f000-80a32000 ---p 00000000 00:00 0 
80a32000-80a80000 rw-p 00000000 00:00 0 
80a80000-80a81000 ---p 00000000 00:00 0 
80a81000-80b01000 rw-p 00000000 00:00 0 
80b01000-80b03000 r--s 0001d000 08:05 1577596    /usr/lib/jvm/java-6-openjdk/jre/lib/plugin.jar
80b03000-80b08000 r--s 00045000 08:05 1577595    /usr/lib/jvm/java-6-openjdk/jre/lib/netx.jar
80b08000-80b3b000 rw-p 00000000 00:00 0 
80b3b000-80cca000 r--s 038c4000 08:05 1586189    /usr/lib/jvm/java-6-openjdk/jre/lib/rt.jar
80cca000-80ccb000 ---p 00000000 00:00 0 
80ccb000-80d4b000 rw-p 00000000 00:00 0 
80d4b000-80d4c000 ---p 00000000 00:00 0 
80d4c000-80dd4000 rw-p 00000000 00:00 0 
80dd4000-80e0c000 rw-p 00000000 00:00 0 
80e0c000-80e1b000 rw-p 00000000 00:00 0 
80e1b000-80ef4000 rw-p 00000000 00:00 0 
80ef4000-80efc000 rw-p 00000000 00:00 0 
80efc000-80f34000 rw-p 00000000 00:00 0 
80f34000-80f43000 rw-p 00000000 00:00 0 
80f43000-8101b000 rw-p 00000000 00:00 0 
8101b000-81023000 rw-p 00000000 00:00 0 
81023000-8108f000 rw-p 00000000 00:00 0 
8108f000-82090000 rw-p 00000000 00:00 0 
82090000-89090000 rw-p 00000000 00:00 0 
89090000-8ad70000 rw-p 00000000 00:00 0 
8ad70000-a5f40000 rw-p 00000000 00:00 0 
a5f40000-a6db0000 rw-p 00000000 00:00 0 
a6db0000-b4690000 rw-p 00000000 00:00 0 
b4696000-b469f000 rw-p 00000000 00:00 0 
b469f000-b4756000 rw-p 00000000 00:00 0 
b4756000-b4996000 rwxp 00000000 00:00 0 
b4996000-b7756000 rw-p 00000000 00:00 0 
b7756000-b7759000 ---p 00000000 00:00 0 
b7759000-b77aa000 rw-p 00000000 00:00 0 
b77ae000-b77af000 rw-p 00000000 00:00 0 
b77af000-b77b2000 r--s 0000f000 08:05 1577575    /usr/lib/jvm/java-6-openjdk/jre/lib/ext/pulse-java.jar
b77b2000-b77ba000 rw-s 00000000 08:05 668670     /tmp/hsperfdata_root/4777
b77ba000-b77bb000 rw-p 00000000 00:00 0 
b77bb000-b77bc000 r--p 00000000 00:00 0 
b77bc000-b77be000 rw-p 00000000 00:00 0 
bfa71000-bfa86000 rw-p 00000000 00:00 0          [stack]

VM Arguments:
jvm_args: -Dfile.encoding=UTF-8 
java_command: FileAccess.GetPacket
Launcher Type: SUN_STANDARD

Environment Variables:
PATH=/usr/local/sbin:/usr/local/bin:/usr/sbin:/usr/bin:/sbin:/bin:/usr/games
USERNAME=root
LD_LIBRARY_PATH=/usr/lib/jvm/java-6-openjdk/jre/lib/i386/server:/usr/lib/jvm/java-6-openjdk/jre/lib/i386:/usr/lib/jvm/java-6-openjdk/jre/../lib/i386:/usr/lib/jvm/java-6-openjdk/jre/lib/i386/client:/usr/lib/jvm/java-6-openjdk/jre/lib/i386:/usr/lib/jvm/java-6-openjdk/jre/../lib/i386
SHELL=/bin/bash
DISPLAY=:0.0

Signal Handlers:
SIGSEGV: [libjvm.so+0x64a040], sa_mask[0]=0x7ffbfeff, sa_flags=0x10000004
SIGBUS: [libjvm.so+0x64a040], sa_mask[0]=0x7ffbfeff, sa_flags=0x10000004
SIGFPE: [libjvm.so+0x51c0d0], sa_mask[0]=0x7ffbfeff, sa_flags=0x10000004
SIGPIPE: [libjvm.so+0x51c0d0], sa_mask[0]=0x7ffbfeff, sa_flags=0x10000004
SIGXFSZ: [libjvm.so+0x51c0d0], sa_mask[0]=0x7ffbfeff, sa_flags=0x10000004
SIGILL: [libjvm.so+0x51c0d0], sa_mask[0]=0x7ffbfeff, sa_flags=0x10000004
SIGUSR1: SIG_DFL, sa_mask[0]=0x00000000, sa_flags=0x00000000
SIGUSR2: [libjvm.so+0x51b780], sa_mask[0]=0x00000004, sa_flags=0x10000004
SIGHUP: [libjvm.so+0x51e2f0], sa_mask[0]=0x7ffbfeff, sa_flags=0x10000004
SIGINT: SIG_IGN, sa_mask[0]=0x00000000, sa_flags=0x00000000
SIGTERM: [libjvm.so+0x51e2f0], sa_mask[0]=0x7ffbfeff, sa_flags=0x10000004
SIGQUIT: [libjvm.so+0x51e2f0], sa_mask[0]=0x7ffbfeff, sa_flags=0x10000004


---------------  S Y S T E M  ---------------

OS:Ubuntu 10.04 (lucid)
uname:Linux 2.6.32-33-generic #70-Ubuntu SMP Thu Jul 7 21:09:46 UTC 2011 i686
libc:glibc 2.11.1 NPTL 2.11.1 
rlimit: STACK 8192k, CORE 0k, NPROC infinity, NOFILE 1024, AS infinity
load average:0.26 0.26 0.29

/proc/meminfo:
MemTotal:        2836956 kB
MemFree:         1133260 kB
Buffers:           79368 kB
Cached:           801172 kB
SwapCached:            0 kB
Active:           902648 kB
Inactive:         705412 kB
Active(anon):     727928 kB
Inactive(anon):     7436 kB
Active(file):     174720 kB
Inactive(file):   697976 kB
Unevictable:          16 kB
Mlocked:              16 kB
HighTotal:       1973064 kB
HighFree:         412672 kB
LowTotal:         863892 kB
LowFree:          720588 kB
SwapTotal:       3234808 kB
SwapFree:        3234808 kB
Dirty:               188 kB
Writeback:             0 kB
AnonPages:        727532 kB
Mapped:           148620 kB
Shmem:              7848 kB
Slab:              36412 kB
SReclaimable:      24928 kB
SUnreclaim:        11484 kB
KernelStack:        2768 kB
PageTables:         7856 kB
NFS_Unstable:          0 kB
Bounce:                0 kB
WritebackTmp:          0 kB
CommitLimit:     4653284 kB
Committed_AS:    1937824 kB
VmallocTotal:     122880 kB
VmallocUsed:       72908 kB
VmallocChunk:      42876 kB
HardwareCorrupted:     0 kB
HugePages_Total:       0
HugePages_Free:        0
HugePages_Rsvd:        0
HugePages_Surp:        0
Hugepagesize:       4096 kB
DirectMap4k:       12280 kB
DirectMap4M:      897024 kB


CPU:total 2 (2 cores per cpu, 1 threads per core) family 17 model 3 stepping 1, cmov, cx8, fxsr, mmx, sse, sse2, sse3, mmxext, 3dnow, 3dnowext

Memory: 4k page, physical 2836956k(1133260k free), swap 3234808k(3234808k free)

vm_info: OpenJDK Server VM (19.0-b09) for linux-x86 JRE (1.6.0_20-b20), built on Jan 21 2012 08:10:55 by "buildd" with gcc 4.4.3

time: Sun Mar 25 18:37:22 2012
elapsed time: 0 seconds

