#
# A fatal error has been detected by the Java Runtime Environment:
#
#  SIGSEGV (0xb) at pc=0x00af8e37, pid=4643, tid=3078305472
#
# JRE version: 6.0_20-b20
# Java VM: OpenJDK Server VM (19.0-b09 mixed mode linux-x86 )
# Derivative: IcedTea6 1.9.10
# Distribution: Ubuntu 10.04.1 LTS, package 6b20-1.9.10-0ubuntu1~10.04.3
# Problematic frame:
# 
[error occurred during error reporting (printing problematic frame), id 0xb]

# If you would like to submit a bug report, please include
# instructions how to reproduce the bug and visit:
#   https://bugs.launchpad.net/ubuntu/+source/openjdk-6/
#

---------------  T H R E A D  ---------------

Current thread is native thread

siginfo:si_signo=SIGSEGV: si_errno=0, si_code=1 (SEGV_MAPERR), si_addr=0x0000ae20

Registers:
EAX=0x00afe93c, EBX=0x00b00ff4, ECX=0x00b00f30, EDX=0xbff10d70
ESP=0xbff10d30, EBP=0xbff10d48, ESI=0x00000011, EDI=0x80716a20
EIP=0x00af8e37, CR2=0x0000ae20, EFLAGS=0x00010286

Register to memory mapping:

EAX=0x00afe93c

[error occurred during error reporting (printing registers, top of stack, instructions near pc), id 0xb]

Stack: [0xbfec3000,0xbff13000],  sp=0xbff10d30,  free space=311k
Native frames: (J=compiled Java code, j=interpreted, Vv=VM code, C=native code)

[error occurred during error reporting (printing native stack), id 0xb]


---------------  P R O C E S S  ---------------

VM state:at safepoint (shutting down)

VM Mutex/Monitor currently owned by a thread:  ([mutex/lock_event])
[0x080e2e60] Threads_lock - owner thread: 0x0816ac00

Heap
 PSYoungGen      total 52992K, used 13899K [0xa5f50000, 0xaa250000, 0xb46a0000)
  eden space 38016K, 31% used [0xa5f50000,0xa6b22f78,0xa8470000)
  from space 14976K, 11% used [0xa93b0000,0xa9570000,0xaa250000)
  to   space 15296K, 0% used [0xa8470000,0xa8470000,0xa9360000)
 PSOldGen        total 50240K, used 22345K [0x890a0000, 0x8c1b0000, 0xa5f50000)
  object space 50240K, 44% used [0x890a0000,0x8a672510,0x8c1b0000)
 PSPermGen       total 16384K, used 2090K [0x810a0000, 0x820a0000, 0x890a0000)
  object space 16384K, 12% used [0x810a0000,0x812aab48,0x820a0000)

Dynamic libraries:
00110000-00125000 r-xp 00000000 08:05 527223     /lib/tls/i686/cmov/libpthread-2.11.1.so
00125000-00126000 r--p 00014000 08:05 527223     /lib/tls/i686/cmov/libpthread-2.11.1.so
00126000-00127000 rw-p 00015000 08:05 527223     /lib/tls/i686/cmov/libpthread-2.11.1.so
00127000-00129000 rw-p 00000000 00:00 0 
00129000-00130000 r-xp 00000000 08:05 527227     /lib/tls/i686/cmov/librt-2.11.1.so
00130000-00131000 r--p 00006000 08:05 527227     /lib/tls/i686/cmov/librt-2.11.1.so
00131000-00132000 rw-p 00007000 08:05 527227     /lib/tls/i686/cmov/librt-2.11.1.so
00132000-0013e000 r-xp 00000000 08:05 1586225    /usr/lib/jvm/java-6-openjdk/jre/lib/i386/libverify.so
0013e000-0013f000 r--p 0000b000 08:05 1586225    /usr/lib/jvm/java-6-openjdk/jre/lib/i386/libverify.so
0013f000-00140000 rw-p 0000c000 08:05 1586225    /usr/lib/jvm/java-6-openjdk/jre/lib/i386/libverify.so
00140000-00146000 r-xp 00000000 08:05 527210     /lib/tls/i686/cmov/libnss_compat-2.11.1.so
00146000-00147000 r--p 00006000 08:05 527210     /lib/tls/i686/cmov/libnss_compat-2.11.1.so
00147000-00148000 rw-p 00007000 08:05 527210     /lib/tls/i686/cmov/libnss_compat-2.11.1.so
00148000-00150000 r-xp 00000000 08:05 527218     /lib/tls/i686/cmov/libnss_nis-2.11.1.so
00150000-00151000 r--p 00007000 08:05 527218     /lib/tls/i686/cmov/libnss_nis-2.11.1.so
00151000-00152000 rw-p 00008000 08:05 527218     /lib/tls/i686/cmov/libnss_nis-2.11.1.so
00200000-0021b000 r-xp 00000000 08:05 523290     /lib/ld-2.11.1.so
0021b000-0021c000 r--p 0001a000 08:05 523290     /lib/ld-2.11.1.so
0021c000-0021d000 rw-p 0001b000 08:05 523290     /lib/ld-2.11.1.so
00433000-00446000 r-xp 00000000 08:05 523463     /lib/libz.so.1.2.3.3
00446000-00447000 r--p 00012000 08:05 523463     /lib/libz.so.1.2.3.3
00447000-00448000 rw-p 00013000 08:05 523463     /lib/libz.so.1.2.3.3
005c1000-005cb000 r-xp 00000000 08:05 527214     /lib/tls/i686/cmov/libnss_files-2.11.1.so
005cb000-005cc000 r--p 00009000 08:05 527214     /lib/tls/i686/cmov/libnss_files-2.11.1.so
005cc000-005cd000 rw-p 0000a000 08:05 527214     /lib/tls/i686/cmov/libnss_files-2.11.1.so
006c9000-006cb000 r-xp 00000000 08:05 527203     /lib/tls/i686/cmov/libdl-2.11.1.so
006cb000-006cc000 r--p 00001000 08:05 527203     /lib/tls/i686/cmov/libdl-2.11.1.so
006cc000-006cd000 rw-p 00002000 08:05 527203     /lib/tls/i686/cmov/libdl-2.11.1.so
00867000-0088b000 r-xp 00000000 08:05 1586209    /usr/lib/jvm/java-6-openjdk/jre/lib/i386/libjava.so
0088b000-0088c000 r--p 00023000 08:05 1586209    /usr/lib/jvm/java-6-openjdk/jre/lib/i386/libjava.so
0088c000-0088e000 rw-p 00024000 08:05 1586209    /usr/lib/jvm/java-6-openjdk/jre/lib/i386/libjava.so
008bb000-008bc000 r-xp 00000000 00:00 0          [vdso]
008f1000-008f8000 r-xp 00000000 08:05 1586228    /usr/lib/jvm/java-6-openjdk/jre/lib/i386/native_threads/libhpi.so
008f8000-008f9000 r--p 00006000 08:05 1586228    /usr/lib/jvm/java-6-openjdk/jre/lib/i386/native_threads/libhpi.so
008f9000-008fa000 rw-p 00007000 08:05 1586228    /usr/lib/jvm/java-6-openjdk/jre/lib/i386/native_threads/libhpi.so
00a0a000-00a1d000 r-xp 00000000 08:05 527208     /lib/tls/i686/cmov/libnsl-2.11.1.so
00a1d000-00a1e000 r--p 00012000 08:05 527208     /lib/tls/i686/cmov/libnsl-2.11.1.so
00a1e000-00a1f000 rw-p 00013000 08:05 527208     /lib/tls/i686/cmov/libnsl-2.11.1.so
00a1f000-00a21000 rw-p 00000000 00:00 0 
00af7000-00b00000 r-xp 00000000 08:05 1589892    /usr/lib/libpacketlib.so
00b00000-00b01000 r--p 00008000 08:05 1589892    /usr/lib/libpacketlib.so
00b01000-00b02000 rw-p 00009000 08:05 1589892    /usr/lib/libpacketlib.so
00b45000-00b69000 r-xp 00000000 08:05 527205     /lib/tls/i686/cmov/libm-2.11.1.so
00b69000-00b6a000 r--p 00023000 08:05 527205     /lib/tls/i686/cmov/libm-2.11.1.so
00b6a000-00b6b000 rw-p 00024000 08:05 527205     /lib/tls/i686/cmov/libm-2.11.1.so
00bad000-00bb4000 r-xp 00000000 08:05 1586226    /usr/lib/jvm/java-6-openjdk/jre/lib/i386/libzip.so
00bb4000-00bb5000 r--p 00006000 08:05 1586226    /usr/lib/jvm/java-6-openjdk/jre/lib/i386/libzip.so
00bb5000-00bb6000 rw-p 00007000 08:05 1586226    /usr/lib/jvm/java-6-openjdk/jre/lib/i386/libzip.so
00bff000-00d52000 r-xp 00000000 08:05 527197     /lib/tls/i686/cmov/libc-2.11.1.so
00d52000-00d53000 ---p 00153000 08:05 527197     /lib/tls/i686/cmov/libc-2.11.1.so
00d53000-00d55000 r--p 00153000 08:05 527197     /lib/tls/i686/cmov/libc-2.11.1.so
00d55000-00d56000 rw-p 00155000 08:05 527197     /lib/tls/i686/cmov/libc-2.11.1.so
00d56000-00d59000 rw-p 00000000 00:00 0 
00e2a000-00e2d000 r-xp 00000000 08:05 1586197    /usr/lib/jvm/java-6-openjdk/jre/lib/i386/jli/libjli.so
00e2d000-00e2e000 r--p 00003000 08:05 1586197    /usr/lib/jvm/java-6-openjdk/jre/lib/i386/jli/libjli.so
00e2e000-00e2f000 rw-p 00004000 08:05 1586197    /usr/lib/jvm/java-6-openjdk/jre/lib/i386/jli/libjli.so
00e2f000-014f4000 r-xp 00000000 08:05 1586230    /usr/lib/jvm/java-6-openjdk/jre/lib/i386/server/libjvm.so
014f4000-014f5000 ---p 006c5000 08:05 1586230    /usr/lib/jvm/java-6-openjdk/jre/lib/i386/server/libjvm.so
014f5000-0153a000 r--p 006c5000 08:05 1586230    /usr/lib/jvm/java-6-openjdk/jre/lib/i386/server/libjvm.so
0153a000-01549000 rw-p 0070a000 08:05 1586230    /usr/lib/jvm/java-6-openjdk/jre/lib/i386/server/libjvm.so
01549000-01968000 rw-p 00000000 00:00 0 
08048000-08051000 r-xp 00000000 08:05 1586258    /usr/lib/jvm/java-6-openjdk/jre/bin/java
08051000-08052000 r--p 00008000 08:05 1586258    /usr/lib/jvm/java-6-openjdk/jre/bin/java
08052000-08053000 rw-p 00009000 08:05 1586258    /usr/lib/jvm/java-6-openjdk/jre/bin/java
080de000-0845e000 rw-p 00000000 00:00 0          [heap]
7f400000-7f4fe000 rw-p 00000000 00:00 0 
7f4fe000-7f500000 ---p 00000000 00:00 0 
7f500000-7f5fd000 rw-p 00000000 00:00 0 
7f5fd000-7f600000 ---p 00000000 00:00 0 
7f600000-7f700000 rw-p 00000000 00:00 0 
7f77b000-7fa00000 rw-p 00000000 00:00 0 
7fa00000-7fb00000 rw-p 00000000 00:00 0 
7fb7d000-7fd00000 rw-p 00000000 00:00 0 
7fd00000-7fe00000 rw-p 00000000 00:00 0 
7fe7b000-80100000 rw-p 00000000 00:00 0 
80100000-80200000 rw-p 00000000 00:00 0 
8027d000-80400000 rw-p 00000000 00:00 0 
80400000-80500000 rw-p 00000000 00:00 0 
8057d000-8067f000 rw-p 00000000 00:00 0 
8067f000-80680000 ---p 00000000 00:00 0 
80680000-80700000 rw-p 00000000 00:00 0 
80700000-80800000 rw-p 00000000 00:00 0 
80802000-8080b000 r--s 00065000 08:05 6219       /usr/share/java/gnome-java-bridge.jar
8080b000-8080e000 ---p 00000000 00:00 0 
8080e000-8085c000 rw-p 00000000 00:00 0 
8085c000-8085f000 ---p 00000000 00:00 0 
8085f000-808dd000 rw-p 00000000 00:00 0 
808dd000-808e0000 ---p 00000000 00:00 0 
808e0000-8095e000 rw-p 00000000 00:00 0 
8095e000-80961000 ---p 00000000 00:00 0 
80961000-809af000 rw-p 00000000 00:00 0 
809af000-809ee000 r--p 00000000 08:05 1577945    /usr/lib/locale/en_IN/LC_CTYPE
809ee000-809f1000 ---p 00000000 00:00 0 
809f1000-80a3f000 rw-p 00000000 00:00 0 
80a3f000-80a42000 ---p 00000000 00:00 0 
80a42000-80a90000 rw-p 00000000 00:00 0 
80a90000-80a91000 ---p 00000000 00:00 0 
80a91000-80b11000 rw-p 00000000 00:00 0 
80b11000-80b13000 r--s 0001d000 08:05 1577596    /usr/lib/jvm/java-6-openjdk/jre/lib/plugin.jar
80b13000-80b18000 r--s 00045000 08:05 1577595    /usr/lib/jvm/java-6-openjdk/jre/lib/netx.jar
80b18000-80b4b000 rw-p 00000000 00:00 0 
80b4b000-80cda000 r--s 038c4000 08:05 1586189    /usr/lib/jvm/java-6-openjdk/jre/lib/rt.jar
80cda000-80cdb000 ---p 00000000 00:00 0 
80cdb000-80d5b000 rw-p 00000000 00:00 0 
80d5b000-80d5c000 ---p 00000000 00:00 0 
80d5c000-80de4000 rw-p 00000000 00:00 0 
80de4000-80e1c000 rw-p 00000000 00:00 0 
80e1c000-80e35000 rw-p 00000000 00:00 0 
80e35000-80f04000 rw-p 00000000 00:00 0 
80f04000-80f0c000 rw-p 00000000 00:00 0 
80f0c000-80f44000 rw-p 00000000 00:00 0 
80f44000-80f5d000 rw-p 00000000 00:00 0 
80f5d000-8102b000 rw-p 00000000 00:00 0 
8102b000-8104d000 rw-p 00000000 00:00 0 
8104d000-8104e000 ---p 00000000 00:00 0 
8104e000-8109f000 rw-p 00000000 00:00 0 
8109f000-820a0000 rw-p 00000000 00:00 0 
820a0000-890a0000 rw-p 00000000 00:00 0 
890a0000-8c1b0000 rw-p 00000000 00:00 0 
8c1b0000-a5f50000 rw-p 00000000 00:00 0 
a5f50000-aa250000 rw-p 00000000 00:00 0 
aa250000-aa330000 ---p 00000000 00:00 0 
aa330000-b46a0000 rw-p 00000000 00:00 0 
b46a2000-b46ab000 rw-p 00000000 00:00 0 
b46ab000-b4762000 rw-p 00000000 00:00 0 
b4762000-b49a2000 rwxp 00000000 00:00 0 
b49a2000-b7762000 rw-p 00000000 00:00 0 
b7762000-b7765000 ---p 00000000 00:00 0 
b7765000-b77b6000 rw-p 00000000 00:00 0 
b77b9000-b77ba000 rw-p 00000000 00:00 0 
b77bb000-b77be000 r--s 0000f000 08:05 1577575    /usr/lib/jvm/java-6-openjdk/jre/lib/ext/pulse-java.jar
b77be000-b77c6000 rw-s 00000000 08:05 664631     /tmp/hsperfdata_root/4643 (deleted)
b77c6000-b77c7000 rw-p 00000000 00:00 0 
b77c7000-b77c8000 ---p 00000000 00:00 0 
b77c8000-b77ca000 rw-p 00000000 00:00 0 
bfefe000-bff13000 rw-p 00000000 00:00 0          [stack]

VM Arguments:
jvm_args: -Dfile.encoding=UTF-8 
java_command: FileAccess.GetPacket
Launcher Type: SUN_STANDARD

Environment Variables:
PATH=/usr/local/sbin:/usr/local/bin:/usr/sbin:/usr/bin:/sbin:/bin:/usr/games
USERNAME=root
LD_LIBRARY_PATH=/usr/lib/jvm/java-6-openjdk/jre/lib/i386/server:/usr/lib/jvm/java-6-openjdk/jre/lib/i386:/usr/lib/jvm/java-6-openjdk/jre/../lib/i386:/usr/lib/jvm/java-6-openjdk/jre/lib/i386/client:/usr/lib/jvm/java-6-openjdk/jre/lib/i386:/usr/lib/jvm/java-6-openjdk/jre/../lib/i386
SHELL=/bin/bash
DISPLAY=:0.0

Signal Handlers:
SIGSEGV: [libjvm.so+0x64a040], sa_mask[0]=0x7ffbfeff, sa_flags=0x10000004
SIGBUS: [libjvm.so+0x64a040], sa_mask[0]=0x7ffbfeff, sa_flags=0x10000004
SIGFPE: [libjvm.so+0x51c0d0], sa_mask[0]=0x7ffbfeff, sa_flags=0x10000004
SIGPIPE: [libjvm.so+0x51c0d0], sa_mask[0]=0x7ffbfeff, sa_flags=0x10000004
SIGXFSZ: [libjvm.so+0x51c0d0], sa_mask[0]=0x7ffbfeff, sa_flags=0x10000004
SIGILL: [libjvm.so+0x51c0d0], sa_mask[0]=0x7ffbfeff, sa_flags=0x10000004
SIGUSR1: SIG_DFL, sa_mask[0]=0x00000000, sa_flags=0x00000000
SIGUSR2: [libjvm.so+0x51b780], sa_mask[0]=0x00000004, sa_flags=0x10000004
SIGHUP: [libjvm.so+0x51e2f0], sa_mask[0]=0x7ffbfeff, sa_flags=0x10000004
SIGINT: SIG_IGN, sa_mask[0]=0x00000000, sa_flags=0x00000000
SIGTERM: [libjvm.so+0x51e2f0], sa_mask[0]=0x7ffbfeff, sa_flags=0x10000004
SIGQUIT: [libjvm.so+0x51e2f0], sa_mask[0]=0x7ffbfeff, sa_flags=0x10000004


---------------  S Y S T E M  ---------------

OS:Ubuntu 10.04 (lucid)
uname:Linux 2.6.32-33-generic #70-Ubuntu SMP Thu Jul 7 21:09:46 UTC 2011 i686
libc:glibc 2.11.1 NPTL 2.11.1 
rlimit: STACK 8192k, CORE 0k, NPROC infinity, NOFILE 1024, AS infinity
load average:3.39 3.46 3.54

/proc/meminfo:
MemTotal:        2836956 kB
MemFree:         1244044 kB
Buffers:           34364 kB
Cached:           543136 kB
SwapCached:        73904 kB
Active:           894404 kB
Inactive:         593096 kB
Active(anon):     637364 kB
Inactive(anon):   279452 kB
Active(file):     257040 kB
Inactive(file):   313644 kB
Unevictable:           0 kB
Mlocked:               0 kB
HighTotal:       1973064 kB
HighFree:         479996 kB
LowTotal:         863892 kB
LowFree:          764048 kB
SwapTotal:       3234808 kB
SwapFree:        3113132 kB
Dirty:              1600 kB
Writeback:             0 kB
AnonPages:        864968 kB
Mapped:           126204 kB
Shmem:              6808 kB
Slab:              33216 kB
SReclaimable:      22124 kB
SUnreclaim:        11092 kB
KernelStack:        2840 kB
PageTables:         7420 kB
NFS_Unstable:          0 kB
Bounce:                0 kB
WritebackTmp:          0 kB
CommitLimit:     4653284 kB
Committed_AS:    2038188 kB
VmallocTotal:     122880 kB
VmallocUsed:       73240 kB
VmallocChunk:      42876 kB
HardwareCorrupted:     0 kB
HugePages_Total:       0
HugePages_Free:        0
HugePages_Rsvd:        0
HugePages_Surp:        0
Hugepagesize:       4096 kB
DirectMap4k:       12280 kB
DirectMap4M:      897024 kB


CPU:total 2 (2 cores per cpu, 1 threads per core) family 17 model 3 stepping 1, cmov, cx8, fxsr, mmx, sse, sse2, sse3, mmxext, 3dnow, 3dnowext

Memory: 4k page, physical 2836956k(1244044k free), swap 3234808k(3113132k free)

vm_info: OpenJDK Server VM (19.0-b09) for linux-x86 JRE (1.6.0_20-b20), built on Jan 21 2012 08:10:55 by "buildd" with gcc 4.4.3

time: Thu Mar 22 15:48:29 2012
elapsed time: 376 seconds

