#
# A fatal error has been detected by the Java Runtime Environment:
#
#  SIGSEGV (0xb) at pc=0x0139a0ba, pid=2555, tid=3079441264
#
# JRE version: 6.0_20-b20
# Java VM: OpenJDK Server VM (19.0-b09 mixed mode linux-x86 )
# Derivative: IcedTea6 1.9.10
# Distribution: Ubuntu 10.04.1 LTS, package 6b20-1.9.10-0ubuntu1~10.04.2
# Problematic frame:
# V  [libjvm.so+0x39b0ba]
#
# If you would like to submit a bug report, please include
# instructions how to reproduce the bug and visit:
#   https://bugs.launchpad.net/ubuntu/+source/openjdk-6/
#

---------------  T H R E A D  ---------------

Current thread (0x09753000):  JavaThread "main" [_thread_in_vm, id=2558, stack(0xb7878000,0xb78c9000)]

siginfo:si_signo=SIGSEGV: si_errno=0, si_code=1 (SEGV_MAPERR), si_addr=0x00000000

Registers:
EAX=0x00000000, EBX=0x01709ff4, ECX=0x097537ec, EDX=0x09753000
ESP=0xb78c7f04, EBP=0xb78c7f58, ESI=0x09753000, EDI=0x00000ffc
EIP=0x0139a0ba, CR2=0x00000000, EFLAGS=0x00210286

Register to memory mapping:

EAX=0x00000000
0x00000000 is pointing to unknown location

EBX=0x01709ff4
0x01709ff4: <offset 0x70aff4> in /usr/lib/jvm/java-6-openjdk/jre/lib/i386/server/libjvm.so at 0x00fff000

ECX=0x097537ec
0x097537ec is pointing to unknown location

EDX=0x09753000
"main" prio=10 tid=0x09753000 nid=0x9fe runnable [0xb78c8000]
   java.lang.Thread.State: RUNNABLE

ESP=0xb78c7f04
0xb78c7f04 is pointing into the stack for thread: 0x09753000
"main" prio=10 tid=0x09753000 nid=0x9fe runnable [0xb78c8000]
   java.lang.Thread.State: RUNNABLE

EBP=0xb78c7f58
0xb78c7f58 is pointing into the stack for thread: 0x09753000
"main" prio=10 tid=0x09753000 nid=0x9fe runnable [0xb78c8000]
   java.lang.Thread.State: RUNNABLE

ESI=0x09753000
"main" prio=10 tid=0x09753000 nid=0x9fe runnable [0xb78c8000]
   java.lang.Thread.State: RUNNABLE

EDI=0x00000ffc
0x00000ffc is pointing to unknown location


Top of Stack: (sp=0xb78c7f04)
0xb78c7f04:   09753000 01724c00 01724c00 006eeff4
0xb78c7f14:   005f530c 006eeff4 b78c7f28 00000000
0xb78c7f24:   0980ce10 09753000 097537e8 00000088
0xb78c7f34:   016b186c 006eeff4 09753000 b78c7f58
0xb78c7f44:   005f544c 00140bcb 81392650 81392650
0xb78c7f54:   09753000 b78c8008 001406fa 09753118
0xb78c7f64:   0000000a 00000000 0158f386 014fc18e
0xb78c7f74:   0000015c 00000000 00000005 097537e8 

Instructions: (pc=0x0139a0ba)
0x0139a0aa:   52 89 75 e4 52 56 50 e8 7a 17 01 00 58 8b 45 10
0x0139a0ba:   8b 38 57 e8 1e d7 fe ff 89 c7 83 c4 10 b8 08 00 

Stack: [0xb7878000,0xb78c9000],  sp=0xb78c7f04,  free space=319k
Native frames: (J=compiled Java code, j=interpreted, Vv=VM code, C=native code)
V  [libjvm.so+0x39b0ba]
C  [libflowrecord.so+0x6fa]  Java_FileAccess_ReadFlow_readflow+0x8a
j  FileAccess.ReadFlow.readflow()V+0
j  FileAccess.ReadFlow.main([Ljava/lang/String;)V+9
v  ~StubRoutines::call_stub
V  [libjvm.so+0x387d72]
V  [libjvm.so+0x519369]
V  [libjvm.so+0x386caf]
V  [libjvm.so+0x39214c]
V  [libjvm.so+0x3a11ad]
C  [java+0x321d]  JavaMain+0xd4d
C  [libpthread.so.0+0x596e]

Java frames: (J=compiled Java code, j=interpreted, Vv=VM code)
j  FileAccess.ReadFlow.readflow()V+0
j  FileAccess.ReadFlow.main([Ljava/lang/String;)V+9
v  ~StubRoutines::call_stub

---------------  P R O C E S S  ---------------

Java Threads: ( => current thread )
  0x097f8000 JavaThread "Low Memory Detector" daemon [_thread_blocked, id=2568, stack(0x8091b000,0x8096c000)]
  0x097f4800 JavaThread "CompilerThread1" daemon [_thread_blocked, id=2567, stack(0x8096c000,0x809ed000)]
  0x097f2800 JavaThread "CompilerThread0" daemon [_thread_blocked, id=2566, stack(0x809ed000,0x80a6e000)]
  0x097f1400 JavaThread "Signal Dispatcher" daemon [_thread_blocked, id=2565, stack(0x80a6e000,0x80abf000)]
  0x097de000 JavaThread "Finalizer" daemon [_thread_blocked, id=2564, stack(0x80afe000,0x80b4f000)]
  0x097dc800 JavaThread "Reference Handler" daemon [_thread_blocked, id=2563, stack(0x80b4f000,0x80ba0000)]
=>0x09753000 JavaThread "main" [_thread_in_vm, id=2558, stack(0xb7878000,0xb78c9000)]

Other Threads:
  0x097d8c00 VMThread [stack: 0x80ba0000,0x80c21000] [id=2562]
  0x097f9c00 WatcherThread [stack: 0x8089a000,0x8091b000] [id=2569]

VM state:not at safepoint (normal execution)

VM Mutex/Monitor currently owned by a thread: None

Heap
 PSYoungGen      total 12992K, used 448K [0xa6060000, 0xa6ed0000, 0xb47b0000)
  eden space 11200K, 4% used [0xa6060000,0xa60d0070,0xa6b50000)
  from space 1792K, 0% used [0xa6d10000,0xa6d10000,0xa6ed0000)
  to   space 1792K, 0% used [0xa6b50000,0xa6b50000,0xa6d10000)
 PSOldGen        total 29568K, used 0K [0x891b0000, 0x8ae90000, 0xa6060000)
  object space 29568K, 0% used [0x891b0000,0x891b0000,0x8ae90000)
 PSPermGen       total 16384K, used 1933K [0x811b0000, 0x821b0000, 0x891b0000)
  object space 16384K, 11% used [0x811b0000,0x81393658,0x821b0000)

Dynamic libraries:
00110000-00134000 r-xp 00000000 08:06 1064657    /usr/lib/jvm/java-6-openjdk/jre/lib/i386/libjava.so
00134000-00135000 r--p 00023000 08:06 1064657    /usr/lib/jvm/java-6-openjdk/jre/lib/i386/libjava.so
00135000-00137000 rw-p 00024000 08:06 1064657    /usr/lib/jvm/java-6-openjdk/jre/lib/i386/libjava.so
00137000-0013e000 r-xp 00000000 08:06 1064662    /usr/lib/jvm/java-6-openjdk/jre/lib/i386/libzip.so
0013e000-0013f000 r--p 00006000 08:06 1064662    /usr/lib/jvm/java-6-openjdk/jre/lib/i386/libzip.so
0013f000-00140000 rw-p 00007000 08:06 1064662    /usr/lib/jvm/java-6-openjdk/jre/lib/i386/libzip.so
00140000-00141000 r-xp 00000000 08:06 1069394    /usr/lib/libflowrecord.so
00141000-00142000 r--p 00000000 08:06 1069394    /usr/lib/libflowrecord.so
00142000-00143000 rw-p 00001000 08:06 1069394    /usr/lib/libflowrecord.so
002d0000-002d2000 r-xp 00000000 08:06 1311380    /lib/tls/i686/cmov/libdl-2.11.1.so
002d2000-002d3000 r--p 00001000 08:06 1311380    /lib/tls/i686/cmov/libdl-2.11.1.so
002d3000-002d4000 rw-p 00002000 08:06 1311380    /lib/tls/i686/cmov/libdl-2.11.1.so
002ee000-00303000 r-xp 00000000 08:06 1311400    /lib/tls/i686/cmov/libpthread-2.11.1.so
00303000-00304000 r--p 00014000 08:06 1311400    /lib/tls/i686/cmov/libpthread-2.11.1.so
00304000-00305000 rw-p 00015000 08:06 1311400    /lib/tls/i686/cmov/libpthread-2.11.1.so
00305000-00307000 rw-p 00000000 00:00 0 
00328000-0032b000 r-xp 00000000 08:06 1064666    /usr/lib/jvm/java-6-openjdk/jre/lib/i386/jli/libjli.so
0032b000-0032c000 r--p 00003000 08:06 1064666    /usr/lib/jvm/java-6-openjdk/jre/lib/i386/jli/libjli.so
0032c000-0032d000 rw-p 00004000 08:06 1064666    /usr/lib/jvm/java-6-openjdk/jre/lib/i386/jli/libjli.so
0032e000-00335000 r-xp 00000000 08:06 1311404    /lib/tls/i686/cmov/librt-2.11.1.so
00335000-00336000 r--p 00006000 08:06 1311404    /lib/tls/i686/cmov/librt-2.11.1.so
00336000-00337000 rw-p 00007000 08:06 1311404    /lib/tls/i686/cmov/librt-2.11.1.so
0041d000-00429000 r-xp 00000000 08:06 1064685    /usr/lib/jvm/java-6-openjdk/jre/lib/i386/libverify.so
00429000-0042a000 r--p 0000b000 08:06 1064685    /usr/lib/jvm/java-6-openjdk/jre/lib/i386/libverify.so
0042a000-0042b000 rw-p 0000c000 08:06 1064685    /usr/lib/jvm/java-6-openjdk/jre/lib/i386/libverify.so
00437000-0043d000 r-xp 00000000 08:06 1311387    /lib/tls/i686/cmov/libnss_compat-2.11.1.so
0043d000-0043e000 r--p 00006000 08:06 1311387    /lib/tls/i686/cmov/libnss_compat-2.11.1.so
0043e000-0043f000 rw-p 00007000 08:06 1311387    /lib/tls/i686/cmov/libnss_compat-2.11.1.so
004a0000-004a7000 r-xp 00000000 08:06 1064678    /usr/lib/jvm/java-6-openjdk/jre/lib/i386/native_threads/libhpi.so
004a7000-004a8000 r--p 00006000 08:06 1064678    /usr/lib/jvm/java-6-openjdk/jre/lib/i386/native_threads/libhpi.so
004a8000-004a9000 rw-p 00007000 08:06 1064678    /usr/lib/jvm/java-6-openjdk/jre/lib/i386/native_threads/libhpi.so
00502000-0050a000 r-xp 00000000 08:06 1311395    /lib/tls/i686/cmov/libnss_nis-2.11.1.so
0050a000-0050b000 r--p 00007000 08:06 1311395    /lib/tls/i686/cmov/libnss_nis-2.11.1.so
0050b000-0050c000 rw-p 00008000 08:06 1311395    /lib/tls/i686/cmov/libnss_nis-2.11.1.so
00599000-006ec000 r-xp 00000000 08:06 1311374    /lib/tls/i686/cmov/libc-2.11.1.so
006ec000-006ed000 ---p 00153000 08:06 1311374    /lib/tls/i686/cmov/libc-2.11.1.so
006ed000-006ef000 r--p 00153000 08:06 1311374    /lib/tls/i686/cmov/libc-2.11.1.so
006ef000-006f0000 rw-p 00155000 08:06 1311374    /lib/tls/i686/cmov/libc-2.11.1.so
006f0000-006f3000 rw-p 00000000 00:00 0 
00992000-0099c000 r-xp 00000000 08:06 1311391    /lib/tls/i686/cmov/libnss_files-2.11.1.so
0099c000-0099d000 r--p 00009000 08:06 1311391    /lib/tls/i686/cmov/libnss_files-2.11.1.so
0099d000-0099e000 rw-p 0000a000 08:06 1311391    /lib/tls/i686/cmov/libnss_files-2.11.1.so
00bc0000-00bd3000 r-xp 00000000 08:06 1179846    /lib/libz.so.1.2.3.3
00bd3000-00bd4000 r--p 00012000 08:06 1179846    /lib/libz.so.1.2.3.3
00bd4000-00bd5000 rw-p 00013000 08:06 1179846    /lib/libz.so.1.2.3.3
00d41000-00d42000 r-xp 00000000 00:00 0          [vdso]
00e69000-00e8d000 r-xp 00000000 08:06 1311382    /lib/tls/i686/cmov/libm-2.11.1.so
00e8d000-00e8e000 r--p 00023000 08:06 1311382    /lib/tls/i686/cmov/libm-2.11.1.so
00e8e000-00e8f000 rw-p 00024000 08:06 1311382    /lib/tls/i686/cmov/libm-2.11.1.so
00e92000-00ea5000 r-xp 00000000 08:06 1311385    /lib/tls/i686/cmov/libnsl-2.11.1.so
00ea5000-00ea6000 r--p 00012000 08:06 1311385    /lib/tls/i686/cmov/libnsl-2.11.1.so
00ea6000-00ea7000 rw-p 00013000 08:06 1311385    /lib/tls/i686/cmov/libnsl-2.11.1.so
00ea7000-00ea9000 rw-p 00000000 00:00 0 
00fe2000-00ffd000 r-xp 00000000 08:06 1179673    /lib/ld-2.11.1.so
00ffd000-00ffe000 r--p 0001a000 08:06 1179673    /lib/ld-2.11.1.so
00ffe000-00fff000 rw-p 0001b000 08:06 1179673    /lib/ld-2.11.1.so
00fff000-016c4000 r-xp 00000000 08:06 1064676    /usr/lib/jvm/java-6-openjdk/jre/lib/i386/server/libjvm.so
016c4000-016c5000 ---p 006c5000 08:06 1064676    /usr/lib/jvm/java-6-openjdk/jre/lib/i386/server/libjvm.so
016c5000-0170a000 r--p 006c5000 08:06 1064676    /usr/lib/jvm/java-6-openjdk/jre/lib/i386/server/libjvm.so
0170a000-01719000 rw-p 0070a000 08:06 1064676    /usr/lib/jvm/java-6-openjdk/jre/lib/i386/server/libjvm.so
01719000-01b38000 rw-p 00000000 00:00 0 
08048000-08051000 r-xp 00000000 08:06 1064626    /usr/lib/jvm/java-6-openjdk/jre/bin/java
08051000-08052000 r--p 00008000 08:06 1064626    /usr/lib/jvm/java-6-openjdk/jre/bin/java
08052000-08053000 rw-p 00009000 08:06 1064626    /usr/lib/jvm/java-6-openjdk/jre/bin/java
0974c000-09855000 rw-p 00000000 00:00 0          [heap]
80840000-80842000 r--s 0000b000 08:06 407447     /home/varun/apache-tomcat-7.0.14/lib/tomcat-i18n-ja.jar
80842000-80847000 r--s 00039000 08:06 407446     /home/varun/apache-tomcat-7.0.14/lib/catalina-tribes.jar
80847000-80849000 r--s 0000c000 08:06 407452     /home/varun/apache-tomcat-7.0.14/lib/catalina-ant.jar
80849000-8084c000 r--s 0001b000 08:06 407461     /home/varun/apache-tomcat-7.0.14/lib/jasper-el.jar
8084c000-8084f000 r--s 0000e000 08:06 407449     /home/varun/apache-tomcat-7.0.14/lib/tomcat-i18n-es.jar
8084f000-80853000 r--s 00035000 08:06 407457     /home/varun/apache-tomcat-7.0.14/lib/tomcat-dbcp.jar
80853000-8085f000 r--s 000a8000 08:06 407451     /home/varun/apache-tomcat-7.0.14/lib/tomcat-coyote.jar
8085f000-80860000 r--s 00004000 08:06 407456     /home/varun/apache-tomcat-7.0.14/lib/tomcat-util.jar
80860000-80861000 r--s 00003000 08:06 407445     /home/varun/apache-tomcat-7.0.14/lib/annotations-api.jar
80861000-80864000 r--s 0001d000 08:06 407455     /home/varun/apache-tomcat-7.0.14/lib/catalina-ha.jar
80864000-80875000 r--s 0014b000 08:06 407463     /home/varun/apache-tomcat-7.0.14/lib/catalina.jar
80875000-8087d000 r--s 00085000 08:06 407466     /home/varun/apache-tomcat-7.0.14/lib/jasper.jar
8087d000-8088b000 r--s 00185000 08:06 407460     /home/varun/apache-tomcat-7.0.14/lib/ecj-3.6.2.jar
8088b000-8088e000 r--s 00028000 08:06 407454     /home/varun/apache-tomcat-7.0.14/lib/servlet-api.jar
8088e000-80891000 r--s 0000a000 08:06 407448     /home/varun/apache-tomcat-7.0.14/lib/tomcat-i18n-fr.jar
80891000-8089a000 r--s 00065000 08:06 1460237    /usr/share/java/gnome-java-bridge.jar
8089a000-8089b000 ---p 00000000 00:00 0 
8089b000-8091b000 rw-p 00000000 00:00 0 
8091b000-8091e000 ---p 00000000 00:00 0 
8091e000-8096c000 rw-p 00000000 00:00 0 
8096c000-8096f000 ---p 00000000 00:00 0 
8096f000-809ed000 rw-p 00000000 00:00 0 
809ed000-809f0000 ---p 00000000 00:00 0 
809f0000-80a6e000 rw-p 00000000 00:00 0 
80a6e000-80a71000 ---p 00000000 00:00 0 
80a71000-80abf000 rw-p 00000000 00:00 0 
80abf000-80afe000 r--p 00000000 08:06 1056342    /usr/lib/locale/en_IN/LC_CTYPE
80afe000-80b01000 ---p 00000000 00:00 0 
80b01000-80b4f000 rw-p 00000000 00:00 0 
80b4f000-80b52000 ---p 00000000 00:00 0 
80b52000-80ba0000 rw-p 00000000 00:00 0 
80ba0000-80ba1000 ---p 00000000 00:00 0 
80ba1000-80c21000 rw-p 00000000 00:00 0 
80c21000-80c23000 r--s 0001d000 08:06 1056709    /usr/lib/jvm/java-6-openjdk/jre/lib/plugin.jar
80c23000-80c28000 r--s 00045000 08:06 1056713    /usr/lib/jvm/java-6-openjdk/jre/lib/netx.jar
80c28000-80c5b000 rw-p 00000000 00:00 0 
80c5b000-80dea000 r--s 038c4000 08:06 1064698    /usr/lib/jvm/java-6-openjdk/jre/lib/rt.jar
80dea000-80deb000 ---p 00000000 00:00 0 
80deb000-80e6b000 rw-p 00000000 00:00 0 
80e6b000-80e6c000 ---p 00000000 00:00 0 
80e6c000-80ef4000 rw-p 00000000 00:00 0 
80ef4000-80f2c000 rw-p 00000000 00:00 0 
80f2c000-80f3b000 rw-p 00000000 00:00 0 
80f3b000-81014000 rw-p 00000000 00:00 0 
81014000-8101c000 rw-p 00000000 00:00 0 
8101c000-81054000 rw-p 00000000 00:00 0 
81054000-81063000 rw-p 00000000 00:00 0 
81063000-8113b000 rw-p 00000000 00:00 0 
8113b000-81143000 rw-p 00000000 00:00 0 
81143000-811af000 rw-p 00000000 00:00 0 
811af000-821b0000 rw-p 00000000 00:00 0 
821b0000-891b0000 rw-p 00000000 00:00 0 
891b0000-8ae90000 rw-p 00000000 00:00 0 
8ae90000-a6060000 rw-p 00000000 00:00 0 
a6060000-a6ed0000 rw-p 00000000 00:00 0 
a6ed0000-b47b0000 rw-p 00000000 00:00 0 
b47b2000-b47b5000 r--s 00013000 08:06 407465     /home/varun/apache-tomcat-7.0.14/lib/jsp-api.jar
b47b5000-b47b6000 r--s 00001000 08:06 407459     /home/varun/apache-tomcat-7.0.14/lib/tomcat-api.jar
b47b6000-b47b8000 r--s 00009000 08:06 407467     /home/varun/apache-tomcat-7.0.14/lib/el-api.jar
b47b8000-b47c1000 rw-p 00000000 00:00 0 
b47c1000-b4878000 rw-p 00000000 00:00 0 
b4878000-b4ab8000 rwxp 00000000 00:00 0 
b4ab8000-b7878000 rw-p 00000000 00:00 0 
b7878000-b787b000 ---p 00000000 00:00 0 
b787b000-b78cc000 rw-p 00000000 00:00 0 
b78cd000-b78d0000 r--s 0000f000 08:06 1056737    /usr/lib/jvm/java-6-openjdk/jre/lib/ext/pulse-java.jar
b78d0000-b78d8000 rw-s 00000000 08:06 786640     /tmp/hsperfdata_varun/2555
b78d8000-b78d9000 rw-p 00000000 00:00 0 
b78d9000-b78da000 r--p 00000000 00:00 0 
b78da000-b78dc000 rw-p 00000000 00:00 0 
bfaf8000-bfb0d000 rw-p 00000000 00:00 0          [stack]

VM Arguments:
jvm_args: -Dfile.encoding=UTF-8 
java_command: FileAccess.ReadFlow
Launcher Type: SUN_STANDARD

Environment Variables:
PATH=/usr/local/sbin:/usr/local/bin:/usr/sbin:/usr/bin:/sbin:/bin:/usr/games
USERNAME=varun
LD_LIBRARY_PATH=/usr/lib/jvm/java-6-openjdk/jre/lib/i386/server:/usr/lib/jvm/java-6-openjdk/jre/lib/i386:/usr/lib/jvm/java-6-openjdk/jre/../lib/i386:/usr/lib/jvm/java-6-openjdk/jre/lib/i386/client:/usr/lib/jvm/java-6-openjdk/jre/lib/i386:/usr/lib/jvm/java-6-openjdk/jre/../lib/i386
SHELL=/bin/bash
DISPLAY=:0.0

Signal Handlers:
SIGSEGV: [libjvm.so+0x64a040], sa_mask[0]=0x7ffbfeff, sa_flags=0x10000004
SIGBUS: [libjvm.so+0x64a040], sa_mask[0]=0x7ffbfeff, sa_flags=0x10000004
SIGFPE: [libjvm.so+0x51c0d0], sa_mask[0]=0x7ffbfeff, sa_flags=0x10000004
SIGPIPE: [libjvm.so+0x51c0d0], sa_mask[0]=0x7ffbfeff, sa_flags=0x10000004
SIGXFSZ: [libjvm.so+0x51c0d0], sa_mask[0]=0x7ffbfeff, sa_flags=0x10000004
SIGILL: [libjvm.so+0x51c0d0], sa_mask[0]=0x7ffbfeff, sa_flags=0x10000004
SIGUSR1: SIG_DFL, sa_mask[0]=0x00000000, sa_flags=0x00000000
SIGUSR2: [libjvm.so+0x51b780], sa_mask[0]=0x00000004, sa_flags=0x10000004
SIGHUP: [libjvm.so+0x51e2f0], sa_mask[0]=0x7ffbfeff, sa_flags=0x10000004
SIGINT: SIG_IGN, sa_mask[0]=0x00000000, sa_flags=0x00000000
SIGTERM: [libjvm.so+0x51e2f0], sa_mask[0]=0x7ffbfeff, sa_flags=0x10000004
SIGQUIT: [libjvm.so+0x51e2f0], sa_mask[0]=0x7ffbfeff, sa_flags=0x10000004


---------------  S Y S T E M  ---------------

OS:Ubuntu 10.04 (lucid)
uname:Linux 2.6.32-33-generic #70-Ubuntu SMP Thu Jul 7 21:09:46 UTC 2011 i686
libc:glibc 2.11.1 NPTL 2.11.1 
rlimit: STACK 8192k, CORE 0k, NPROC infinity, NOFILE 1024, AS infinity
load average:0.41 0.42 0.36

/proc/meminfo:
MemTotal:        2836956 kB
MemFree:         1710852 kB
Buffers:           81620 kB
Cached:           548232 kB
SwapCached:            0 kB
Active:           573456 kB
Inactive:         462000 kB
Active(anon):     406004 kB
Inactive(anon):     5192 kB
Active(file):     167452 kB
Inactive(file):   456808 kB
Unevictable:          16 kB
Mlocked:              16 kB
HighTotal:       1973064 kB
HighFree:         990636 kB
LowTotal:         863892 kB
LowFree:          720216 kB
SwapTotal:       2833400 kB
SwapFree:        2833400 kB
Dirty:               216 kB
Writeback:             0 kB
AnonPages:        405616 kB
Mapped:            79220 kB
Shmem:              5596 kB
Slab:              35296 kB
SReclaimable:      25076 kB
SUnreclaim:        10220 kB
KernelStack:        2616 kB
PageTables:         5380 kB
NFS_Unstable:          0 kB
Bounce:                0 kB
WritebackTmp:          0 kB
CommitLimit:     4251876 kB
Committed_AS:     980852 kB
VmallocTotal:     122880 kB
VmallocUsed:       72756 kB
VmallocChunk:      42364 kB
HardwareCorrupted:     0 kB
HugePages_Total:       0
HugePages_Free:        0
HugePages_Rsvd:        0
HugePages_Surp:        0
Hugepagesize:       4096 kB
DirectMap4k:       12280 kB
DirectMap4M:      897024 kB


CPU:total 2 (2 cores per cpu, 1 threads per core) family 17 model 3 stepping 1, cmov, cx8, fxsr, mmx, sse, sse2, sse3, mmxext, 3dnow, 3dnowext

Memory: 4k page, physical 2836956k(1710852k free), swap 2833400k(2833400k free)

vm_info: OpenJDK Server VM (19.0-b09) for linux-x86 JRE (1.6.0_20-b20), built on Nov  8 2011 17:27:25 by "buildd" with gcc 4.4.3

time: Mon Jan 16 17:54:10 2012
elapsed time: 0 seconds

