#
# A fatal error has been detected by the Java Runtime Environment:
#
#  SIGSEGV (0xb) at pc=0x0069d259, pid=6323, tid=3077794672
#
# JRE version: 6.0_20-b20
# Java VM: OpenJDK Server VM (19.0-b09 mixed mode linux-x86 )
# Derivative: IcedTea6 1.9.10
# Distribution: Ubuntu 10.04.1 LTS, package 6b20-1.9.10-0ubuntu1~10.04.3
# Problematic frame:
# C  [libbytestransfer.so+0x7259]  set_rule+0x1f
#
# If you would like to submit a bug report, please include
# instructions how to reproduce the bug and visit:
#   https://bugs.launchpad.net/ubuntu/+source/openjdk-6/
# The crash happened outside the Java Virtual Machine in native code.
# See problematic frame for where to report the bug.
#

---------------  T H R E A D  ---------------

Current thread (0x08a4b000):  JavaThread "main" [_thread_in_native, id=6326, stack(0xb76e6000,0xb7737000)]

siginfo:si_signo=SIGSEGV: si_errno=0, si_code=1 (SEGV_MAPERR), si_addr=0x00000011

Registers:
EAX=0xffffffff, EBX=0x81202d50, ECX=0x00000000, EDX=0x00000011
ESP=0xb7735ea8, EBP=0xb7735eb8, ESI=0x81202d50, EDI=0x08a4b000
EIP=0x0069d259, CR2=0x00000011, EFLAGS=0x00010246

Register to memory mapping:

EAX=0xffffffff
0xffffffff is pointing to unknown location

EBX=0x81202d50
{method} 
 - klass: {other class}

ECX=0x00000000
0x00000000 is pointing to unknown location

EDX=0x00000011
0x00000011 is pointing to unknown location

ESP=0xb7735ea8
0xb7735ea8 is pointing into the stack for thread: 0x08a4b000
"main" prio=10 tid=0x08a4b000 nid=0x18b6 runnable [0xb7736000]
   java.lang.Thread.State: RUNNABLE

EBP=0xb7735eb8
0xb7735eb8 is pointing into the stack for thread: 0x08a4b000
"main" prio=10 tid=0x08a4b000 nid=0x18b6 runnable [0xb7736000]
   java.lang.Thread.State: RUNNABLE

ESI=0x81202d50
{method} 
 - klass: {other class}

EDI=0x08a4b000
"main" prio=10 tid=0x08a4b000 nid=0x18b6 runnable [0xb7736000]
   java.lang.Thread.State: RUNNABLE


Top of Stack: (sp=0xb7735ea8)
0xb7735ea8:   00000848 81202d50 81202d50 00000000
0xb7735eb8:   b7735fa8 0069d2dd b7735f60 ffffffff
0xb7735ec8:   b7735f18 0135c60b 80800010 00000010
0xb7735ed8:   b7735f18 00265ff4 80800010 08a499a0
0xb7735ee8:   b7735f08 0017ff9c 08a553d0 0000006f
0xb7735ef8:   08a4b490 01436ff4 00000011 08a499a0
0xb7735f08:   b7735f38 01243728 00000011 08a499a0
0xb7735f18:   b7735f38 010b07de 8120436c 00000010 

Instructions: (pc=0x0069d259)
0x0069d249:   8b 45 08 8b 00 8b 55 fc 01 d2 8d 14 10 8b 45 0c
0x0069d259:   66 89 02 8b 45 08 8b 40 04 8b 55 fc 01 d2 8d 14 

Stack: [0xb76e6000,0xb7737000],  sp=0xb7735ea8,  free space=319k
Native frames: (J=compiled Java code, j=interpreted, Vv=VM code, C=native code)
C  [libbytestransfer.so+0x7259]  set_rule+0x1f
C  [libbytestransfer.so+0x72dd]  get_hourly_transfer+0x36
C  [libbytestransfer.so+0x772a]  Java_FileAccess_datatransfer_fillData+0x340
j  FileAccess.datatransfer.fillData()V+0
j  FileAccess.datatransfer.main([Ljava/lang/String;)V+72
v  ~StubRoutines::call_stub
V  [libjvm.so+0x387d72]
V  [libjvm.so+0x519369]
V  [libjvm.so+0x386caf]
V  [libjvm.so+0x39214c]
V  [libjvm.so+0x3a11ad]
C  [java+0x321d]  JavaMain+0xd4d
C  [libpthread.so.0+0x596e]

Java frames: (J=compiled Java code, j=interpreted, Vv=VM code)
j  FileAccess.datatransfer.fillData()V+0
j  FileAccess.datatransfer.main([Ljava/lang/String;)V+72
v  ~StubRoutines::call_stub

---------------  P R O C E S S  ---------------

Java Threads: ( => current thread )
  0x80815c00 JavaThread "Low Memory Detector" daemon [_thread_blocked, id=6336, stack(0x8065c000,0x806ad000)]
  0x80813c00 JavaThread "CompilerThread1" daemon [_thread_blocked, id=6335, stack(0x806ad000,0x8072e000)]
  0x80811c00 JavaThread "CompilerThread0" daemon [_thread_blocked, id=6334, stack(0x8072e000,0x807af000)]
  0x80810400 JavaThread "Signal Dispatcher" daemon [_thread_blocked, id=6333, stack(0x807af000,0x80800000)]
  0x80800800 JavaThread "Finalizer" daemon [_thread_blocked, id=6332, stack(0x8096e000,0x809bf000)]
  0x08ad4c00 JavaThread "Reference Handler" daemon [_thread_blocked, id=6331, stack(0x809bf000,0x80a10000)]
=>0x08a4b000 JavaThread "main" [_thread_in_native, id=6326, stack(0xb76e6000,0xb7737000)]

Other Threads:
  0x08ad0c00 VMThread [stack: 0x80a10000,0x80a91000] [id=6330]
  0x80817c00 WatcherThread [stack: 0x805db000,0x8065c000] [id=6337]

VM state:not at safepoint (normal execution)

VM Mutex/Monitor currently owned by a thread: None

Heap
 PSYoungGen      total 12992K, used 448K [0xa5ed0000, 0xa6d40000, 0xb4620000)
  eden space 11200K, 4% used [0xa5ed0000,0xa5f40068,0xa69c0000)
  from space 1792K, 0% used [0xa6b80000,0xa6b80000,0xa6d40000)
  to   space 1792K, 0% used [0xa69c0000,0xa69c0000,0xa6b80000)
 PSOldGen        total 29568K, used 0K [0x89020000, 0x8ad00000, 0xa5ed0000)
  object space 29568K, 0% used [0x89020000,0x89020000,0x8ad00000)
 PSPermGen       total 16384K, used 1936K [0x81020000, 0x82020000, 0x89020000)
  object space 16384K, 11% used [0x81020000,0x812043d8,0x82020000)

Dynamic libraries:
00110000-00263000 r-xp 00000000 08:05 527197     /lib/tls/i686/cmov/libc-2.11.1.so
00263000-00264000 ---p 00153000 08:05 527197     /lib/tls/i686/cmov/libc-2.11.1.so
00264000-00266000 r--p 00153000 08:05 527197     /lib/tls/i686/cmov/libc-2.11.1.so
00266000-00267000 rw-p 00155000 08:05 527197     /lib/tls/i686/cmov/libc-2.11.1.so
00267000-0026a000 rw-p 00000000 00:00 0 
0026a000-0027d000 r-xp 00000000 08:05 527208     /lib/tls/i686/cmov/libnsl-2.11.1.so
0027d000-0027e000 r--p 00012000 08:05 527208     /lib/tls/i686/cmov/libnsl-2.11.1.so
0027e000-0027f000 rw-p 00013000 08:05 527208     /lib/tls/i686/cmov/libnsl-2.11.1.so
0027f000-00281000 rw-p 00000000 00:00 0 
00281000-00288000 r-xp 00000000 08:05 1586228    /usr/lib/jvm/java-6-openjdk/jre/lib/i386/native_threads/libhpi.so
00288000-00289000 r--p 00006000 08:05 1586228    /usr/lib/jvm/java-6-openjdk/jre/lib/i386/native_threads/libhpi.so
00289000-0028a000 rw-p 00007000 08:05 1586228    /usr/lib/jvm/java-6-openjdk/jre/lib/i386/native_threads/libhpi.so
0028a000-00290000 r-xp 00000000 08:05 527210     /lib/tls/i686/cmov/libnss_compat-2.11.1.so
00290000-00291000 r--p 00006000 08:05 527210     /lib/tls/i686/cmov/libnss_compat-2.11.1.so
00291000-00292000 rw-p 00007000 08:05 527210     /lib/tls/i686/cmov/libnss_compat-2.11.1.so
00292000-0029c000 r-xp 00000000 08:05 527214     /lib/tls/i686/cmov/libnss_files-2.11.1.so
0029c000-0029d000 r--p 00009000 08:05 527214     /lib/tls/i686/cmov/libnss_files-2.11.1.so
0029d000-0029e000 rw-p 0000a000 08:05 527214     /lib/tls/i686/cmov/libnss_files-2.11.1.so
0029e000-002a5000 r-xp 00000000 08:05 1586226    /usr/lib/jvm/java-6-openjdk/jre/lib/i386/libzip.so
002a5000-002a6000 r--p 00006000 08:05 1586226    /usr/lib/jvm/java-6-openjdk/jre/lib/i386/libzip.so
002a6000-002a7000 rw-p 00007000 08:05 1586226    /usr/lib/jvm/java-6-openjdk/jre/lib/i386/libzip.so
003fa000-003fd000 r-xp 00000000 08:05 1586197    /usr/lib/jvm/java-6-openjdk/jre/lib/i386/jli/libjli.so
003fd000-003fe000 r--p 00003000 08:05 1586197    /usr/lib/jvm/java-6-openjdk/jre/lib/i386/jli/libjli.so
003fe000-003ff000 rw-p 00004000 08:05 1586197    /usr/lib/jvm/java-6-openjdk/jre/lib/i386/jli/libjli.so
00451000-00458000 r-xp 00000000 08:05 527227     /lib/tls/i686/cmov/librt-2.11.1.so
00458000-00459000 r--p 00006000 08:05 527227     /lib/tls/i686/cmov/librt-2.11.1.so
00459000-0045a000 rw-p 00007000 08:05 527227     /lib/tls/i686/cmov/librt-2.11.1.so
00490000-00498000 r-xp 00000000 08:05 527218     /lib/tls/i686/cmov/libnss_nis-2.11.1.so
00498000-00499000 r--p 00007000 08:05 527218     /lib/tls/i686/cmov/libnss_nis-2.11.1.so
00499000-0049a000 rw-p 00008000 08:05 527218     /lib/tls/i686/cmov/libnss_nis-2.11.1.so
00575000-00577000 r-xp 00000000 08:05 527203     /lib/tls/i686/cmov/libdl-2.11.1.so
00577000-00578000 r--p 00001000 08:05 527203     /lib/tls/i686/cmov/libdl-2.11.1.so
00578000-00579000 rw-p 00002000 08:05 527203     /lib/tls/i686/cmov/libdl-2.11.1.so
005a2000-005b7000 r-xp 00000000 08:05 527223     /lib/tls/i686/cmov/libpthread-2.11.1.so
005b7000-005b8000 r--p 00014000 08:05 527223     /lib/tls/i686/cmov/libpthread-2.11.1.so
005b8000-005b9000 rw-p 00015000 08:05 527223     /lib/tls/i686/cmov/libpthread-2.11.1.so
005b9000-005bb000 rw-p 00000000 00:00 0 
0062d000-00648000 r-xp 00000000 08:05 523290     /lib/ld-2.11.1.so
00648000-00649000 r--p 0001a000 08:05 523290     /lib/ld-2.11.1.so
00649000-0064a000 rw-p 0001b000 08:05 523290     /lib/ld-2.11.1.so
00696000-0069f000 r-xp 00000000 08:05 1592432    /usr/lib/libbytestransfer.so
0069f000-006a0000 r--p 00008000 08:05 1592432    /usr/lib/libbytestransfer.so
006a0000-006a1000 rw-p 00009000 08:05 1592432    /usr/lib/libbytestransfer.so
0075b000-0077f000 r-xp 00000000 08:05 1586209    /usr/lib/jvm/java-6-openjdk/jre/lib/i386/libjava.so
0077f000-00780000 r--p 00023000 08:05 1586209    /usr/lib/jvm/java-6-openjdk/jre/lib/i386/libjava.so
00780000-00782000 rw-p 00024000 08:05 1586209    /usr/lib/jvm/java-6-openjdk/jre/lib/i386/libjava.so
0092d000-00939000 r-xp 00000000 08:05 1586225    /usr/lib/jvm/java-6-openjdk/jre/lib/i386/libverify.so
00939000-0093a000 r--p 0000b000 08:05 1586225    /usr/lib/jvm/java-6-openjdk/jre/lib/i386/libverify.so
0093a000-0093b000 rw-p 0000c000 08:05 1586225    /usr/lib/jvm/java-6-openjdk/jre/lib/i386/libverify.so
00982000-009a6000 r-xp 00000000 08:05 527205     /lib/tls/i686/cmov/libm-2.11.1.so
009a6000-009a7000 r--p 00023000 08:05 527205     /lib/tls/i686/cmov/libm-2.11.1.so
009a7000-009a8000 rw-p 00024000 08:05 527205     /lib/tls/i686/cmov/libm-2.11.1.so
00c34000-00c35000 r-xp 00000000 00:00 0          [vdso]
00d17000-00d2a000 r-xp 00000000 08:05 523463     /lib/libz.so.1.2.3.3
00d2a000-00d2b000 r--p 00012000 08:05 523463     /lib/libz.so.1.2.3.3
00d2b000-00d2c000 rw-p 00013000 08:05 523463     /lib/libz.so.1.2.3.3
00d2c000-013f1000 r-xp 00000000 08:05 1586230    /usr/lib/jvm/java-6-openjdk/jre/lib/i386/server/libjvm.so
013f1000-013f2000 ---p 006c5000 08:05 1586230    /usr/lib/jvm/java-6-openjdk/jre/lib/i386/server/libjvm.so
013f2000-01437000 r--p 006c5000 08:05 1586230    /usr/lib/jvm/java-6-openjdk/jre/lib/i386/server/libjvm.so
01437000-01446000 rw-p 0070a000 08:05 1586230    /usr/lib/jvm/java-6-openjdk/jre/lib/i386/server/libjvm.so
01446000-01865000 rw-p 00000000 00:00 0 
08048000-08051000 r-xp 00000000 08:05 1586258    /usr/lib/jvm/java-6-openjdk/jre/bin/java
08051000-08052000 r--p 00008000 08:05 1586258    /usr/lib/jvm/java-6-openjdk/jre/bin/java
08052000-08053000 rw-p 00009000 08:05 1586258    /usr/lib/jvm/java-6-openjdk/jre/bin/java
08a44000-08af1000 rw-p 00000000 00:00 0          [heap]
805db000-805dc000 ---p 00000000 00:00 0 
805dc000-8065c000 rw-p 00000000 00:00 0 
8065c000-8065f000 ---p 00000000 00:00 0 
8065f000-806ad000 rw-p 00000000 00:00 0 
806ad000-806b0000 ---p 00000000 00:00 0 
806b0000-8072e000 rw-p 00000000 00:00 0 
8072e000-80731000 ---p 00000000 00:00 0 
80731000-807af000 rw-p 00000000 00:00 0 
807af000-807b2000 ---p 00000000 00:00 0 
807b2000-80800000 rw-p 00000000 00:00 0 
80800000-80833000 rw-p 00000000 00:00 0 
80833000-80900000 ---p 00000000 00:00 0 
80925000-80926000 rw-p 00000000 00:00 0 
80926000-8092f000 r--s 00065000 08:05 6219       /usr/share/java/gnome-java-bridge.jar
8092f000-8096e000 r--p 00000000 08:05 1577945    /usr/lib/locale/en_IN/LC_CTYPE
8096e000-80971000 ---p 00000000 00:00 0 
80971000-809bf000 rw-p 00000000 00:00 0 
809bf000-809c2000 ---p 00000000 00:00 0 
809c2000-80a10000 rw-p 00000000 00:00 0 
80a10000-80a11000 ---p 00000000 00:00 0 
80a11000-80a91000 rw-p 00000000 00:00 0 
80a91000-80a93000 r--s 0001d000 08:05 1577596    /usr/lib/jvm/java-6-openjdk/jre/lib/plugin.jar
80a93000-80a98000 r--s 00045000 08:05 1577595    /usr/lib/jvm/java-6-openjdk/jre/lib/netx.jar
80a98000-80acb000 rw-p 00000000 00:00 0 
80acb000-80c5a000 r--s 038c4000 08:05 1586189    /usr/lib/jvm/java-6-openjdk/jre/lib/rt.jar
80c5a000-80c5b000 ---p 00000000 00:00 0 
80c5b000-80cdb000 rw-p 00000000 00:00 0 
80cdb000-80cdc000 ---p 00000000 00:00 0 
80cdc000-80d64000 rw-p 00000000 00:00 0 
80d64000-80d9c000 rw-p 00000000 00:00 0 
80d9c000-80dab000 rw-p 00000000 00:00 0 
80dab000-80e84000 rw-p 00000000 00:00 0 
80e84000-80e8c000 rw-p 00000000 00:00 0 
80e8c000-80ec4000 rw-p 00000000 00:00 0 
80ec4000-80ed3000 rw-p 00000000 00:00 0 
80ed3000-80fab000 rw-p 00000000 00:00 0 
80fab000-80fb3000 rw-p 00000000 00:00 0 
80fb3000-8101f000 rw-p 00000000 00:00 0 
8101f000-82020000 rw-p 00000000 00:00 0 
82020000-89020000 rw-p 00000000 00:00 0 
89020000-8ad00000 rw-p 00000000 00:00 0 
8ad00000-a5ed0000 rw-p 00000000 00:00 0 
a5ed0000-a6d40000 rw-p 00000000 00:00 0 
a6d40000-b4620000 rw-p 00000000 00:00 0 
b4626000-b462f000 rw-p 00000000 00:00 0 
b462f000-b46e6000 rw-p 00000000 00:00 0 
b46e6000-b4926000 rwxp 00000000 00:00 0 
b4926000-b76e6000 rw-p 00000000 00:00 0 
b76e6000-b76e9000 ---p 00000000 00:00 0 
b76e9000-b773a000 rw-p 00000000 00:00 0 
b773f000-b7742000 r--s 0000f000 08:05 1577575    /usr/lib/jvm/java-6-openjdk/jre/lib/ext/pulse-java.jar
b7742000-b774a000 rw-s 00000000 08:05 663733     /tmp/hsperfdata_root/6323
b774a000-b774b000 rw-p 00000000 00:00 0 
b774b000-b774c000 r--p 00000000 00:00 0 
b774c000-b774e000 rw-p 00000000 00:00 0 
bfcd9000-bfcee000 rw-p 00000000 00:00 0          [stack]

VM Arguments:
jvm_args: -Dfile.encoding=UTF-8 
java_command: FileAccess.datatransfer
Launcher Type: SUN_STANDARD

Environment Variables:
PATH=/usr/local/sbin:/usr/local/bin:/usr/sbin:/usr/bin:/sbin:/bin:/usr/games
USERNAME=root
LD_LIBRARY_PATH=/usr/lib/jvm/java-6-openjdk/jre/lib/i386/server:/usr/lib/jvm/java-6-openjdk/jre/lib/i386:/usr/lib/jvm/java-6-openjdk/jre/../lib/i386:/usr/lib/jvm/java-6-openjdk/jre/lib/i386/client:/usr/lib/jvm/java-6-openjdk/jre/lib/i386:/usr/lib/jvm/java-6-openjdk/jre/../lib/i386
SHELL=/bin/bash
DISPLAY=:0.0

Signal Handlers:
SIGSEGV: [libjvm.so+0x64a040], sa_mask[0]=0x7ffbfeff, sa_flags=0x10000004
SIGBUS: [libjvm.so+0x64a040], sa_mask[0]=0x7ffbfeff, sa_flags=0x10000004
SIGFPE: [libjvm.so+0x51c0d0], sa_mask[0]=0x7ffbfeff, sa_flags=0x10000004
SIGPIPE: [libjvm.so+0x51c0d0], sa_mask[0]=0x7ffbfeff, sa_flags=0x10000004
SIGXFSZ: [libjvm.so+0x51c0d0], sa_mask[0]=0x7ffbfeff, sa_flags=0x10000004
SIGILL: [libjvm.so+0x51c0d0], sa_mask[0]=0x7ffbfeff, sa_flags=0x10000004
SIGUSR1: SIG_DFL, sa_mask[0]=0x00000000, sa_flags=0x00000000
SIGUSR2: [libjvm.so+0x51b780], sa_mask[0]=0x00000004, sa_flags=0x10000004
SIGHUP: [libjvm.so+0x51e2f0], sa_mask[0]=0x7ffbfeff, sa_flags=0x10000004
SIGINT: SIG_IGN, sa_mask[0]=0x00000000, sa_flags=0x00000000
SIGTERM: [libjvm.so+0x51e2f0], sa_mask[0]=0x7ffbfeff, sa_flags=0x10000004
SIGQUIT: [libjvm.so+0x51e2f0], sa_mask[0]=0x7ffbfeff, sa_flags=0x10000004


---------------  S Y S T E M  ---------------

OS:Ubuntu 10.04 (lucid)
uname:Linux 2.6.32-33-generic #70-Ubuntu SMP Thu Jul 7 21:09:46 UTC 2011 i686
libc:glibc 2.11.1 NPTL 2.11.1 
rlimit: STACK 8192k, CORE 0k, NPROC infinity, NOFILE 1024, AS infinity
load average:0.72 0.81 0.76

/proc/meminfo:
MemTotal:        2836956 kB
MemFree:         1103476 kB
Buffers:           86944 kB
Cached:           684520 kB
SwapCached:            0 kB
Active:          1079884 kB
Inactive:         555280 kB
Active(anon):     864124 kB
Inactive(anon):     8060 kB
Active(file):     215760 kB
Inactive(file):   547220 kB
Unevictable:          16 kB
Mlocked:              16 kB
HighTotal:       1973064 kB
HighFree:         392708 kB
LowTotal:         863892 kB
LowFree:          710768 kB
SwapTotal:       3234808 kB
SwapFree:        3234808 kB
Dirty:               208 kB
Writeback:             0 kB
AnonPages:        863716 kB
Mapped:           163156 kB
Shmem:              8484 kB
Slab:              38304 kB
SReclaimable:      26652 kB
SUnreclaim:        11652 kB
KernelStack:        3016 kB
PageTables:         8140 kB
NFS_Unstable:          0 kB
Bounce:                0 kB
WritebackTmp:          0 kB
CommitLimit:     4653284 kB
Committed_AS:    2100060 kB
VmallocTotal:     122880 kB
VmallocUsed:       73204 kB
VmallocChunk:      27796 kB
HardwareCorrupted:     0 kB
HugePages_Total:       0
HugePages_Free:        0
HugePages_Rsvd:        0
HugePages_Surp:        0
Hugepagesize:       4096 kB
DirectMap4k:       12280 kB
DirectMap4M:      897024 kB


CPU:total 2 (2 cores per cpu, 1 threads per core) family 17 model 3 stepping 1, cmov, cx8, fxsr, mmx, sse, sse2, sse3, mmxext, 3dnow, 3dnowext

Memory: 4k page, physical 2836956k(1103476k free), swap 3234808k(3234808k free)

vm_info: OpenJDK Server VM (19.0-b09) for linux-x86 JRE (1.6.0_20-b20), built on Jan 21 2012 08:10:55 by "buildd" with gcc 4.4.3

time: Thu Mar 22 20:19:06 2012
elapsed time: 0 seconds

