#
# A fatal error has been detected by the Java Runtime Environment:
#
#  SIGSEGV (0xb) at pc=0x009b824d, pid=6828, tid=3078216560
#
# JRE version: 6.0_20-b20
# Java VM: OpenJDK Server VM (19.0-b09 mixed mode linux-x86 )
# Derivative: IcedTea6 1.9.10
# Distribution: Ubuntu 10.04.1 LTS, package 6b20-1.9.10-0ubuntu1~10.04.3
# Problematic frame:
# C  [libbytestransfer.so+0x724d]  set_rule+0x33
#
# If you would like to submit a bug report, please include
# instructions how to reproduce the bug and visit:
#   https://bugs.launchpad.net/ubuntu/+source/openjdk-6/
# The crash happened outside the Java Virtual Machine in native code.
# See problematic frame for where to report the bug.
#

---------------  T H R E A D  ---------------

Current thread (0x084e2000):  JavaThread "main" [_thread_in_native, id=6832, stack(0xb774d000,0xb779e000)]

siginfo:si_signo=SIGSEGV: si_errno=0, si_code=2 (SEGV_ACCERR), si_addr=0x00bafff4

Registers:
EAX=0xffffffff, EBX=0x81262d50, ECX=0x00000000, EDX=0x00bafff4
ESP=0xb779cf58, EBP=0xb779cf68, ESI=0x81262d50, EDI=0x084e2000
EIP=0x009b824d, CR2=0x00bafff4, EFLAGS=0x00010246

Register to memory mapping:

EAX=0xffffffff
0xffffffff is pointing to unknown location

EBX=0x81262d50
{method} 
 - klass: {other class}

ECX=0x00000000
0x00000000 is pointing to unknown location

EDX=0x00bafff4
0x00bafff4: <offset 0x155ff4> in /lib/tls/i686/cmov/libc.so.6 at 0x00a5a000

ESP=0xb779cf58
0xb779cf58 is pointing into the stack for thread: 0x084e2000
"main" prio=10 tid=0x084e2000 nid=0x1ab0 runnable [0xb779d000]
   java.lang.Thread.State: RUNNABLE

EBP=0xb779cf68
0xb779cf68 is pointing into the stack for thread: 0x084e2000
"main" prio=10 tid=0x084e2000 nid=0x1ab0 runnable [0xb779d000]
   java.lang.Thread.State: RUNNABLE

ESI=0x81262d50
{method} 
 - klass: {other class}

EDI=0x084e2000
"main" prio=10 tid=0x084e2000 nid=0x1ab0 runnable [0xb779d000]
   java.lang.Thread.State: RUNNABLE


Top of Stack: (sp=0xb779cf58)
0xb779cf58:   00000468 81262d50 81262d50 00000000
0xb779cf68:   b779cfb8 009b82b7 b779cf88 ffffffff
0xb779cf78:   084e2488 b779cfc4 0000000e 084e28a4
0xb779cf88:   b779cfa8 00bafff4 81262d50 084e2000
0xb779cf98:   b779cfb8 00aa1160 015e1ff4 00aa1160
0xb779cfa8:   80b2ffff 009b9a38 b779cfc4 81262d50
0xb779cfb8:   b779d008 009b866f 80b29950 80b28838
0xb779cfc8:   b779cfff 009b96b9 084e2898 b779d04c 

Instructions: (pc=0x009b824d)
0x009b823d:   45 08 8b 40 04 8b 55 fc 01 d2 8d 14 10 8b 45 0c
0x009b824d:   66 89 02 83 45 fc 01 83 7d fc 03 7e cf 8b 45 0c 

Stack: [0xb774d000,0xb779e000],  sp=0xb779cf58,  free space=319k
Native frames: (J=compiled Java code, j=interpreted, Vv=VM code, C=native code)
C  [libbytestransfer.so+0x724d]  set_rule+0x33
C  [libbytestransfer.so+0x72b7]  get_hourly_transfer+0x30
C  [libbytestransfer.so+0x766f]  Java_FileAccess_datatransfer_fillData+0x354
j  FileAccess.datatransfer.fillData()V+0
j  FileAccess.datatransfer.main([Ljava/lang/String;)V+72
v  ~StubRoutines::call_stub
V  [libjvm.so+0x387d72]
V  [libjvm.so+0x519369]
V  [libjvm.so+0x386caf]
V  [libjvm.so+0x39214c]
V  [libjvm.so+0x3a11ad]
C  [java+0x321d]  JavaMain+0xd4d
C  [libpthread.so.0+0x596e]

Java frames: (J=compiled Java code, j=interpreted, Vv=VM code)
j  FileAccess.datatransfer.fillData()V+0
j  FileAccess.datatransfer.main([Ljava/lang/String;)V+72
v  ~StubRoutines::call_stub

---------------  P R O C E S S  ---------------

Java Threads: ( => current thread )
  0x80b15c00 JavaThread "Low Memory Detector" daemon [_thread_blocked, id=6841, stack(0x806ec000,0x8073d000)]
  0x80b13c00 JavaThread "CompilerThread1" daemon [_thread_blocked, id=6840, stack(0x8073d000,0x807be000)]
  0x80b11c00 JavaThread "CompilerThread0" daemon [_thread_blocked, id=6839, stack(0x807be000,0x8083f000)]
  0x80b10400 JavaThread "Signal Dispatcher" daemon [_thread_blocked, id=6838, stack(0x8083f000,0x80890000)]
  0x80b00800 JavaThread "Finalizer" daemon [_thread_blocked, id=6837, stack(0x808cf000,0x80920000)]
  0x0856bc00 JavaThread "Reference Handler" daemon [_thread_blocked, id=6836, stack(0x80920000,0x80971000)]
=>0x084e2000 JavaThread "main" [_thread_in_native, id=6832, stack(0xb774d000,0xb779e000)]

Other Threads:
  0x08567c00 VMThread [stack: 0x80c06000,0x80c87000] [id=6835]
  0x80b17c00 WatcherThread [stack: 0x8066b000,0x806ec000] [id=6842]

VM state:not at safepoint (normal execution)

VM Mutex/Monitor currently owned by a thread: None

Heap
 PSYoungGen      total 12992K, used 448K [0xa5f30000, 0xa6da0000, 0xb4680000)
  eden space 11200K, 4% used [0xa5f30000,0xa5fa0068,0xa6a20000)
  from space 1792K, 0% used [0xa6be0000,0xa6be0000,0xa6da0000)
  to   space 1792K, 0% used [0xa6a20000,0xa6a20000,0xa6be0000)
 PSOldGen        total 29568K, used 0K [0x89080000, 0x8ad60000, 0xa5f30000)
  object space 29568K, 0% used [0x89080000,0x89080000,0x8ad60000)
 PSPermGen       total 16384K, used 1936K [0x81080000, 0x82080000, 0x89080000)
  object space 16384K, 11% used [0x81080000,0x812643d8,0x82080000)

Dynamic libraries:
00110000-00134000 r-xp 00000000 08:05 527205     /lib/tls/i686/cmov/libm-2.11.1.so
00134000-00135000 r--p 00023000 08:05 527205     /lib/tls/i686/cmov/libm-2.11.1.so
00135000-00136000 rw-p 00024000 08:05 527205     /lib/tls/i686/cmov/libm-2.11.1.so
00136000-0013d000 r-xp 00000000 08:05 1586228    /usr/lib/jvm/java-6-openjdk/jre/lib/i386/native_threads/libhpi.so
0013d000-0013e000 r--p 00006000 08:05 1586228    /usr/lib/jvm/java-6-openjdk/jre/lib/i386/native_threads/libhpi.so
0013e000-0013f000 rw-p 00007000 08:05 1586228    /usr/lib/jvm/java-6-openjdk/jre/lib/i386/native_threads/libhpi.so
0013f000-00146000 r-xp 00000000 08:05 1586226    /usr/lib/jvm/java-6-openjdk/jre/lib/i386/libzip.so
00146000-00147000 r--p 00006000 08:05 1586226    /usr/lib/jvm/java-6-openjdk/jre/lib/i386/libzip.so
00147000-00148000 rw-p 00007000 08:05 1586226    /usr/lib/jvm/java-6-openjdk/jre/lib/i386/libzip.so
00167000-0016a000 r-xp 00000000 08:05 1586197    /usr/lib/jvm/java-6-openjdk/jre/lib/i386/jli/libjli.so
0016a000-0016b000 r--p 00003000 08:05 1586197    /usr/lib/jvm/java-6-openjdk/jre/lib/i386/jli/libjli.so
0016b000-0016c000 rw-p 00004000 08:05 1586197    /usr/lib/jvm/java-6-openjdk/jre/lib/i386/jli/libjli.so
00214000-0021e000 r-xp 00000000 08:05 527214     /lib/tls/i686/cmov/libnss_files-2.11.1.so
0021e000-0021f000 r--p 00009000 08:05 527214     /lib/tls/i686/cmov/libnss_files-2.11.1.so
0021f000-00220000 rw-p 0000a000 08:05 527214     /lib/tls/i686/cmov/libnss_files-2.11.1.so
003ab000-003b2000 r-xp 00000000 08:05 527227     /lib/tls/i686/cmov/librt-2.11.1.so
003b2000-003b3000 r--p 00006000 08:05 527227     /lib/tls/i686/cmov/librt-2.11.1.so
003b3000-003b4000 rw-p 00007000 08:05 527227     /lib/tls/i686/cmov/librt-2.11.1.so
00453000-0045f000 r-xp 00000000 08:05 1586225    /usr/lib/jvm/java-6-openjdk/jre/lib/i386/libverify.so
0045f000-00460000 r--p 0000b000 08:05 1586225    /usr/lib/jvm/java-6-openjdk/jre/lib/i386/libverify.so
00460000-00461000 rw-p 0000c000 08:05 1586225    /usr/lib/jvm/java-6-openjdk/jre/lib/i386/libverify.so
0058a000-00590000 r-xp 00000000 08:05 527210     /lib/tls/i686/cmov/libnss_compat-2.11.1.so
00590000-00591000 r--p 00006000 08:05 527210     /lib/tls/i686/cmov/libnss_compat-2.11.1.so
00591000-00592000 rw-p 00007000 08:05 527210     /lib/tls/i686/cmov/libnss_compat-2.11.1.so
005fa000-0061e000 r-xp 00000000 08:05 1586209    /usr/lib/jvm/java-6-openjdk/jre/lib/i386/libjava.so
0061e000-0061f000 r--p 00023000 08:05 1586209    /usr/lib/jvm/java-6-openjdk/jre/lib/i386/libjava.so
0061f000-00621000 rw-p 00024000 08:05 1586209    /usr/lib/jvm/java-6-openjdk/jre/lib/i386/libjava.so
007cd000-007d5000 r-xp 00000000 08:05 527218     /lib/tls/i686/cmov/libnss_nis-2.11.1.so
007d5000-007d6000 r--p 00007000 08:05 527218     /lib/tls/i686/cmov/libnss_nis-2.11.1.so
007d6000-007d7000 rw-p 00008000 08:05 527218     /lib/tls/i686/cmov/libnss_nis-2.11.1.so
00925000-00938000 r-xp 00000000 08:05 527208     /lib/tls/i686/cmov/libnsl-2.11.1.so
00938000-00939000 r--p 00012000 08:05 527208     /lib/tls/i686/cmov/libnsl-2.11.1.so
00939000-0093a000 rw-p 00013000 08:05 527208     /lib/tls/i686/cmov/libnsl-2.11.1.so
0093a000-0093c000 rw-p 00000000 00:00 0 
00948000-00963000 r-xp 00000000 08:05 523290     /lib/ld-2.11.1.so
00963000-00964000 r--p 0001a000 08:05 523290     /lib/ld-2.11.1.so
00964000-00965000 rw-p 0001b000 08:05 523290     /lib/ld-2.11.1.so
009b1000-009ba000 r-xp 00000000 08:05 1592432    /usr/lib/libbytestransfer.so
009ba000-009bb000 r--p 00008000 08:05 1592432    /usr/lib/libbytestransfer.so
009bb000-009bc000 rw-p 00009000 08:05 1592432    /usr/lib/libbytestransfer.so
00a0d000-00a20000 r-xp 00000000 08:05 523463     /lib/libz.so.1.2.3.3
00a20000-00a21000 r--p 00012000 08:05 523463     /lib/libz.so.1.2.3.3
00a21000-00a22000 rw-p 00013000 08:05 523463     /lib/libz.so.1.2.3.3
00a5a000-00bad000 r-xp 00000000 08:05 527197     /lib/tls/i686/cmov/libc-2.11.1.so
00bad000-00bae000 ---p 00153000 08:05 527197     /lib/tls/i686/cmov/libc-2.11.1.so
00bae000-00bb0000 r--p 00153000 08:05 527197     /lib/tls/i686/cmov/libc-2.11.1.so
00bb0000-00bb1000 rw-p 00155000 08:05 527197     /lib/tls/i686/cmov/libc-2.11.1.so
00bb1000-00bb4000 rw-p 00000000 00:00 0 
00cb2000-00cc7000 r-xp 00000000 08:05 527223     /lib/tls/i686/cmov/libpthread-2.11.1.so
00cc7000-00cc8000 r--p 00014000 08:05 527223     /lib/tls/i686/cmov/libpthread-2.11.1.so
00cc8000-00cc9000 rw-p 00015000 08:05 527223     /lib/tls/i686/cmov/libpthread-2.11.1.so
00cc9000-00ccb000 rw-p 00000000 00:00 0 
00db0000-00db1000 r-xp 00000000 00:00 0          [vdso]
00ed3000-00ed5000 r-xp 00000000 08:05 527203     /lib/tls/i686/cmov/libdl-2.11.1.so
00ed5000-00ed6000 r--p 00001000 08:05 527203     /lib/tls/i686/cmov/libdl-2.11.1.so
00ed6000-00ed7000 rw-p 00002000 08:05 527203     /lib/tls/i686/cmov/libdl-2.11.1.so
00ed7000-0159c000 r-xp 00000000 08:05 1586230    /usr/lib/jvm/java-6-openjdk/jre/lib/i386/server/libjvm.so
0159c000-0159d000 ---p 006c5000 08:05 1586230    /usr/lib/jvm/java-6-openjdk/jre/lib/i386/server/libjvm.so
0159d000-015e2000 r--p 006c5000 08:05 1586230    /usr/lib/jvm/java-6-openjdk/jre/lib/i386/server/libjvm.so
015e2000-015f1000 rw-p 0070a000 08:05 1586230    /usr/lib/jvm/java-6-openjdk/jre/lib/i386/server/libjvm.so
015f1000-01a10000 rw-p 00000000 00:00 0 
08048000-08051000 r-xp 00000000 08:05 1586258    /usr/lib/jvm/java-6-openjdk/jre/bin/java
08051000-08052000 r--p 00008000 08:05 1586258    /usr/lib/jvm/java-6-openjdk/jre/bin/java
08052000-08053000 rw-p 00009000 08:05 1586258    /usr/lib/jvm/java-6-openjdk/jre/bin/java
084db000-08588000 rw-p 00000000 00:00 0          [heap]
8066b000-8066c000 ---p 00000000 00:00 0 
8066c000-806ec000 rw-p 00000000 00:00 0 
806ec000-806ef000 ---p 00000000 00:00 0 
806ef000-8073d000 rw-p 00000000 00:00 0 
8073d000-80740000 ---p 00000000 00:00 0 
80740000-807be000 rw-p 00000000 00:00 0 
807be000-807c1000 ---p 00000000 00:00 0 
807c1000-8083f000 rw-p 00000000 00:00 0 
8083f000-80842000 ---p 00000000 00:00 0 
80842000-80890000 rw-p 00000000 00:00 0 
80890000-808cf000 r--p 00000000 08:05 1577945    /usr/lib/locale/en_IN/LC_CTYPE
808cf000-808d2000 ---p 00000000 00:00 0 
808d2000-80920000 rw-p 00000000 00:00 0 
80920000-80923000 ---p 00000000 00:00 0 
80923000-80971000 rw-p 00000000 00:00 0 
80971000-80b00000 r--s 038c4000 08:05 1586189    /usr/lib/jvm/java-6-openjdk/jre/lib/rt.jar
80b00000-80b33000 rw-p 00000000 00:00 0 
80b33000-80c00000 ---p 00000000 00:00 0 
80c06000-80c07000 ---p 00000000 00:00 0 
80c07000-80cba000 rw-p 00000000 00:00 0 
80cba000-80cbb000 ---p 00000000 00:00 0 
80cbb000-80d3b000 rw-p 00000000 00:00 0 
80d3b000-80d3c000 ---p 00000000 00:00 0 
80d3c000-80dc4000 rw-p 00000000 00:00 0 
80dc4000-80dfc000 rw-p 00000000 00:00 0 
80dfc000-80e0b000 rw-p 00000000 00:00 0 
80e0b000-80ee4000 rw-p 00000000 00:00 0 
80ee4000-80eec000 rw-p 00000000 00:00 0 
80eec000-80f24000 rw-p 00000000 00:00 0 
80f24000-80f33000 rw-p 00000000 00:00 0 
80f33000-8100b000 rw-p 00000000 00:00 0 
8100b000-81013000 rw-p 00000000 00:00 0 
81013000-8107f000 rw-p 00000000 00:00 0 
8107f000-82080000 rw-p 00000000 00:00 0 
82080000-89080000 rw-p 00000000 00:00 0 
89080000-8ad60000 rw-p 00000000 00:00 0 
8ad60000-a5f30000 rw-p 00000000 00:00 0 
a5f30000-a6da0000 rw-p 00000000 00:00 0 
a6da0000-b4680000 rw-p 00000000 00:00 0 
b4681000-b468a000 r--s 00065000 08:05 6219       /usr/share/java/gnome-java-bridge.jar
b468a000-b468d000 r--s 0000f000 08:05 1577575    /usr/lib/jvm/java-6-openjdk/jre/lib/ext/pulse-java.jar
b468d000-b4696000 rw-p 00000000 00:00 0 
b4696000-b474d000 rw-p 00000000 00:00 0 
b474d000-b498d000 rwxp 00000000 00:00 0 
b498d000-b774d000 rw-p 00000000 00:00 0 
b774d000-b7750000 ---p 00000000 00:00 0 
b7750000-b77a2000 rw-p 00000000 00:00 0 
b77a2000-b77a4000 r--s 0001d000 08:05 1577596    /usr/lib/jvm/java-6-openjdk/jre/lib/plugin.jar
b77a4000-b77a9000 r--s 00045000 08:05 1577595    /usr/lib/jvm/java-6-openjdk/jre/lib/netx.jar
b77a9000-b77b1000 rw-s 00000000 08:05 663862     /tmp/hsperfdata_root/6828
b77b1000-b77b2000 rw-p 00000000 00:00 0 
b77b2000-b77b3000 r--p 00000000 00:00 0 
b77b3000-b77b5000 rw-p 00000000 00:00 0 
bfa97000-bfaac000 rw-p 00000000 00:00 0          [stack]

VM Arguments:
jvm_args: -Dfile.encoding=UTF-8 
java_command: FileAccess.datatransfer
Launcher Type: SUN_STANDARD

Environment Variables:
PATH=/usr/local/sbin:/usr/local/bin:/usr/sbin:/usr/bin:/sbin:/bin:/usr/games
USERNAME=root
LD_LIBRARY_PATH=/usr/lib/jvm/java-6-openjdk/jre/lib/i386/server:/usr/lib/jvm/java-6-openjdk/jre/lib/i386:/usr/lib/jvm/java-6-openjdk/jre/../lib/i386:/usr/lib/jvm/java-6-openjdk/jre/lib/i386/client:/usr/lib/jvm/java-6-openjdk/jre/lib/i386:/usr/lib/jvm/java-6-openjdk/jre/../lib/i386
SHELL=/bin/bash
DISPLAY=:0.0

Signal Handlers:
SIGSEGV: [libjvm.so+0x64a040], sa_mask[0]=0x7ffbfeff, sa_flags=0x10000004
SIGBUS: [libjvm.so+0x64a040], sa_mask[0]=0x7ffbfeff, sa_flags=0x10000004
SIGFPE: [libjvm.so+0x51c0d0], sa_mask[0]=0x7ffbfeff, sa_flags=0x10000004
SIGPIPE: [libjvm.so+0x51c0d0], sa_mask[0]=0x7ffbfeff, sa_flags=0x10000004
SIGXFSZ: [libjvm.so+0x51c0d0], sa_mask[0]=0x7ffbfeff, sa_flags=0x10000004
SIGILL: [libjvm.so+0x51c0d0], sa_mask[0]=0x7ffbfeff, sa_flags=0x10000004
SIGUSR1: SIG_DFL, sa_mask[0]=0x00000000, sa_flags=0x00000000
SIGUSR2: [libjvm.so+0x51b780], sa_mask[0]=0x00000004, sa_flags=0x10000004
SIGHUP: [libjvm.so+0x51e2f0], sa_mask[0]=0x7ffbfeff, sa_flags=0x10000004
SIGINT: SIG_IGN, sa_mask[0]=0x00000000, sa_flags=0x00000000
SIGTERM: [libjvm.so+0x51e2f0], sa_mask[0]=0x7ffbfeff, sa_flags=0x10000004
SIGQUIT: [libjvm.so+0x51e2f0], sa_mask[0]=0x7ffbfeff, sa_flags=0x10000004


---------------  S Y S T E M  ---------------

OS:Ubuntu 10.04 (lucid)
uname:Linux 2.6.32-33-generic #70-Ubuntu SMP Thu Jul 7 21:09:46 UTC 2011 i686
libc:glibc 2.11.1 NPTL 2.11.1 
rlimit: STACK 8192k, CORE 0k, NPROC infinity, NOFILE 1024, AS infinity
load average:0.53 0.66 0.71

/proc/meminfo:
MemTotal:        2836956 kB
MemFree:         1099832 kB
Buffers:           87624 kB
Cached:           686404 kB
SwapCached:            0 kB
Active:          1082300 kB
Inactive:         556908 kB
Active(anon):     865600 kB
Inactive(anon):     8060 kB
Active(file):     216700 kB
Inactive(file):   548848 kB
Unevictable:          16 kB
Mlocked:              16 kB
HighTotal:       1973064 kB
HighFree:         389856 kB
LowTotal:         863892 kB
LowFree:          709976 kB
SwapTotal:       3234808 kB
SwapFree:        3234808 kB
Dirty:               180 kB
Writeback:             0 kB
AnonPages:        865208 kB
Mapped:           163176 kB
Shmem:              8484 kB
Slab:              38384 kB
SReclaimable:      26700 kB
SUnreclaim:        11684 kB
KernelStack:        3024 kB
PageTables:         8140 kB
NFS_Unstable:          0 kB
Bounce:                0 kB
WritebackTmp:          0 kB
CommitLimit:     4653284 kB
Committed_AS:    2101140 kB
VmallocTotal:     122880 kB
VmallocUsed:       73204 kB
VmallocChunk:      27796 kB
HardwareCorrupted:     0 kB
HugePages_Total:       0
HugePages_Free:        0
HugePages_Rsvd:        0
HugePages_Surp:        0
Hugepagesize:       4096 kB
DirectMap4k:       12280 kB
DirectMap4M:      897024 kB


CPU:total 2 (2 cores per cpu, 1 threads per core) family 17 model 3 stepping 1, cmov, cx8, fxsr, mmx, sse, sse2, sse3, mmxext, 3dnow, 3dnowext

Memory: 4k page, physical 2836956k(1099832k free), swap 3234808k(3234808k free)

vm_info: OpenJDK Server VM (19.0-b09) for linux-x86 JRE (1.6.0_20-b20), built on Jan 21 2012 08:10:55 by "buildd" with gcc 4.4.3

time: Thu Mar 22 20:34:25 2012
elapsed time: 0 seconds

