#
# A fatal error has been detected by the Java Runtime Environment:
#
#  SIGSEGV (0xb) at pc=0x00555249, pid=6920, tid=3078151024
#
# JRE version: 6.0_20-b20
# Java VM: OpenJDK Server VM (19.0-b09 mixed mode linux-x86 )
# Derivative: IcedTea6 1.9.10
# Distribution: Ubuntu 10.04.1 LTS, package 6b20-1.9.10-0ubuntu1~10.04.3
# Problematic frame:
# C  [libbytestransfer.so+0x7249]  set_rule+0x1f
#
# If you would like to submit a bug report, please include
# instructions how to reproduce the bug and visit:
#   https://bugs.launchpad.net/ubuntu/+source/openjdk-6/
# The crash happened outside the Java Virtual Machine in native code.
# See problematic frame for where to report the bug.
#

---------------  T H R E A D  ---------------

Current thread (0x09751000):  JavaThread "main" [_thread_in_native, id=6924, stack(0xb773d000,0xb778e000)]

siginfo:si_signo=SIGSEGV: si_errno=0, si_code=1 (SEGV_MAPERR), si_addr=0x00000011

Registers:
EAX=0xffffffff, EBX=0x81252d50, ECX=0x00000000, EDX=0x00000011
ESP=0xb778cee8, EBP=0xb778cef8, ESI=0x81252d50, EDI=0x09751000
EIP=0x00555249, CR2=0x00000011, EFLAGS=0x00010246

Register to memory mapping:

EAX=0xffffffff
0xffffffff is pointing to unknown location

EBX=0x81252d50
{method} 
 - klass: {other class}

ECX=0x00000000
0x00000000 is pointing to unknown location

EDX=0x00000011
0x00000011 is pointing to unknown location

ESP=0xb778cee8
0xb778cee8 is pointing into the stack for thread: 0x09751000
"main" prio=10 tid=0x09751000 nid=0x1b0c runnable [0xb778d000]
   java.lang.Thread.State: RUNNABLE

EBP=0xb778cef8
0xb778cef8 is pointing into the stack for thread: 0x09751000
"main" prio=10 tid=0x09751000 nid=0x1b0c runnable [0xb778d000]
   java.lang.Thread.State: RUNNABLE

ESI=0x81252d50
{method} 
 - klass: {other class}

EDI=0x09751000
"main" prio=10 tid=0x09751000 nid=0x1b0c runnable [0xb778d000]
   java.lang.Thread.State: RUNNABLE


Top of Stack: (sp=0xb778cee8)
0xb778cee8:   0001f5c8 81252d50 81252d50 00000000
0xb778cef8:   b778cfb8 005552ea b778cf20 ffffffff
0xb778cf08:   008484e0 00000000 00000000 0974f9a0
0xb778cf18:   0974a200 00556aaa 00000011 0974f9a0
0xb778cf28:   b778cf48 011d17de 8125436c 00000010
0xb778cf38:   81254360 01557ff4 0980af18 0974f9a0
0xb778cf48:   b778cfb8 011e8425 b778cf9c 09751490
0xb778cf58:   008493c0 008493c0 b778cf9c 09751490 

Instructions: (pc=0x00555249)
0x00555239:   8b 45 08 8b 00 8b 55 fc 01 d2 8d 14 10 8b 45 0c
0x00555249:   66 89 02 8b 45 08 8b 40 04 8b 55 fc 01 d2 8d 14 

Stack: [0xb773d000,0xb778e000],  sp=0xb778cee8,  free space=319k
Native frames: (J=compiled Java code, j=interpreted, Vv=VM code, C=native code)
C  [libbytestransfer.so+0x7249]  set_rule+0x1f
C  [libbytestransfer.so+0x72ea]  get_hourly_transfer+0x53
C  [libbytestransfer.so+0x76cf]  Java_FileAccess_datatransfer_fillData+0x355
j  FileAccess.datatransfer.fillData()V+0
j  FileAccess.datatransfer.main([Ljava/lang/String;)V+72
v  ~StubRoutines::call_stub
V  [libjvm.so+0x387d72]
V  [libjvm.so+0x519369]
V  [libjvm.so+0x386caf]
V  [libjvm.so+0x39214c]
V  [libjvm.so+0x3a11ad]
C  [java+0x321d]  JavaMain+0xd4d
C  [libpthread.so.0+0x596e]

Java frames: (J=compiled Java code, j=interpreted, Vv=VM code)
j  FileAccess.datatransfer.fillData()V+0
j  FileAccess.datatransfer.main([Ljava/lang/String;)V+72
v  ~StubRoutines::call_stub

---------------  P R O C E S S  ---------------

Java Threads: ( => current thread )
  0x097f6000 JavaThread "Low Memory Detector" daemon [_thread_blocked, id=6933, stack(0x807db000,0x8082c000)]
  0x097f2800 JavaThread "CompilerThread1" daemon [_thread_blocked, id=6932, stack(0x8082c000,0x808ad000)]
  0x097f0800 JavaThread "CompilerThread0" daemon [_thread_blocked, id=6931, stack(0x808ad000,0x8092e000)]
  0x097ef400 JavaThread "Signal Dispatcher" daemon [_thread_blocked, id=6930, stack(0x8092e000,0x8097f000)]
  0x097dc000 JavaThread "Finalizer" daemon [_thread_blocked, id=6929, stack(0x809be000,0x80a0f000)]
  0x097dac00 JavaThread "Reference Handler" daemon [_thread_blocked, id=6928, stack(0x80a0f000,0x80a60000)]
=>0x09751000 JavaThread "main" [_thread_in_native, id=6924, stack(0xb773d000,0xb778e000)]

Other Threads:
  0x097d6c00 VMThread [stack: 0x80a60000,0x80ae1000] [id=6927]
  0x097f7c00 WatcherThread [stack: 0x8075a000,0x807db000] [id=6934]

VM state:not at safepoint (normal execution)

VM Mutex/Monitor currently owned by a thread: None

Heap
 PSYoungGen      total 12992K, used 448K [0xa5f20000, 0xa6d90000, 0xb4670000)
  eden space 11200K, 4% used [0xa5f20000,0xa5f90068,0xa6a10000)
  from space 1792K, 0% used [0xa6bd0000,0xa6bd0000,0xa6d90000)
  to   space 1792K, 0% used [0xa6a10000,0xa6a10000,0xa6bd0000)
 PSOldGen        total 29568K, used 0K [0x89070000, 0x8ad50000, 0xa5f20000)
  object space 29568K, 0% used [0x89070000,0x89070000,0x8ad50000)
 PSPermGen       total 16384K, used 1936K [0x81070000, 0x82070000, 0x89070000)
  object space 16384K, 11% used [0x81070000,0x812543d8,0x82070000)

Dynamic libraries:
00110000-00117000 r-xp 00000000 08:05 527227     /lib/tls/i686/cmov/librt-2.11.1.so
00117000-00118000 r--p 00006000 08:05 527227     /lib/tls/i686/cmov/librt-2.11.1.so
00118000-00119000 rw-p 00007000 08:05 527227     /lib/tls/i686/cmov/librt-2.11.1.so
00119000-0012c000 r-xp 00000000 08:05 527208     /lib/tls/i686/cmov/libnsl-2.11.1.so
0012c000-0012d000 r--p 00012000 08:05 527208     /lib/tls/i686/cmov/libnsl-2.11.1.so
0012d000-0012e000 rw-p 00013000 08:05 527208     /lib/tls/i686/cmov/libnsl-2.11.1.so
0012e000-00130000 rw-p 00000000 00:00 0 
00137000-00152000 r-xp 00000000 08:05 523290     /lib/ld-2.11.1.so
00152000-00153000 r--p 0001a000 08:05 523290     /lib/ld-2.11.1.so
00153000-00154000 rw-p 0001b000 08:05 523290     /lib/ld-2.11.1.so
00154000-00178000 r-xp 00000000 08:05 1586209    /usr/lib/jvm/java-6-openjdk/jre/lib/i386/libjava.so
00178000-00179000 r--p 00023000 08:05 1586209    /usr/lib/jvm/java-6-openjdk/jre/lib/i386/libjava.so
00179000-0017b000 rw-p 00024000 08:05 1586209    /usr/lib/jvm/java-6-openjdk/jre/lib/i386/libjava.so
00392000-0039e000 r-xp 00000000 08:05 1586225    /usr/lib/jvm/java-6-openjdk/jre/lib/i386/libverify.so
0039e000-0039f000 r--p 0000b000 08:05 1586225    /usr/lib/jvm/java-6-openjdk/jre/lib/i386/libverify.so
0039f000-003a0000 rw-p 0000c000 08:05 1586225    /usr/lib/jvm/java-6-openjdk/jre/lib/i386/libverify.so
004cc000-004d6000 r-xp 00000000 08:05 527214     /lib/tls/i686/cmov/libnss_files-2.11.1.so
004d6000-004d7000 r--p 00009000 08:05 527214     /lib/tls/i686/cmov/libnss_files-2.11.1.so
004d7000-004d8000 rw-p 0000a000 08:05 527214     /lib/tls/i686/cmov/libnss_files-2.11.1.so
00501000-00516000 r-xp 00000000 08:05 527223     /lib/tls/i686/cmov/libpthread-2.11.1.so
00516000-00517000 r--p 00014000 08:05 527223     /lib/tls/i686/cmov/libpthread-2.11.1.so
00517000-00518000 rw-p 00015000 08:05 527223     /lib/tls/i686/cmov/libpthread-2.11.1.so
00518000-0051a000 rw-p 00000000 00:00 0 
0054e000-00557000 r-xp 00000000 08:05 1592432    /usr/lib/libbytestransfer.so
00557000-00558000 r--p 00008000 08:05 1592432    /usr/lib/libbytestransfer.so
00558000-00559000 rw-p 00009000 08:05 1592432    /usr/lib/libbytestransfer.so
006f2000-00845000 r-xp 00000000 08:05 527197     /lib/tls/i686/cmov/libc-2.11.1.so
00845000-00846000 ---p 00153000 08:05 527197     /lib/tls/i686/cmov/libc-2.11.1.so
00846000-00848000 r--p 00153000 08:05 527197     /lib/tls/i686/cmov/libc-2.11.1.so
00848000-00849000 rw-p 00155000 08:05 527197     /lib/tls/i686/cmov/libc-2.11.1.so
00849000-0084c000 rw-p 00000000 00:00 0 
0087a000-0087c000 r-xp 00000000 08:05 527203     /lib/tls/i686/cmov/libdl-2.11.1.so
0087c000-0087d000 r--p 00001000 08:05 527203     /lib/tls/i686/cmov/libdl-2.11.1.so
0087d000-0087e000 rw-p 00002000 08:05 527203     /lib/tls/i686/cmov/libdl-2.11.1.so
009aa000-009b1000 r-xp 00000000 08:05 1586226    /usr/lib/jvm/java-6-openjdk/jre/lib/i386/libzip.so
009b1000-009b2000 r--p 00006000 08:05 1586226    /usr/lib/jvm/java-6-openjdk/jre/lib/i386/libzip.so
009b2000-009b3000 rw-p 00007000 08:05 1586226    /usr/lib/jvm/java-6-openjdk/jre/lib/i386/libzip.so
00b0a000-00b11000 r-xp 00000000 08:05 1586228    /usr/lib/jvm/java-6-openjdk/jre/lib/i386/native_threads/libhpi.so
00b11000-00b12000 r--p 00006000 08:05 1586228    /usr/lib/jvm/java-6-openjdk/jre/lib/i386/native_threads/libhpi.so
00b12000-00b13000 rw-p 00007000 08:05 1586228    /usr/lib/jvm/java-6-openjdk/jre/lib/i386/native_threads/libhpi.so
00baa000-00bab000 r-xp 00000000 00:00 0          [vdso]
00bac000-00bb4000 r-xp 00000000 08:05 527218     /lib/tls/i686/cmov/libnss_nis-2.11.1.so
00bb4000-00bb5000 r--p 00007000 08:05 527218     /lib/tls/i686/cmov/libnss_nis-2.11.1.so
00bb5000-00bb6000 rw-p 00008000 08:05 527218     /lib/tls/i686/cmov/libnss_nis-2.11.1.so
00bd2000-00bd8000 r-xp 00000000 08:05 527210     /lib/tls/i686/cmov/libnss_compat-2.11.1.so
00bd8000-00bd9000 r--p 00006000 08:05 527210     /lib/tls/i686/cmov/libnss_compat-2.11.1.so
00bd9000-00bda000 rw-p 00007000 08:05 527210     /lib/tls/i686/cmov/libnss_compat-2.11.1.so
00d72000-00d96000 r-xp 00000000 08:05 527205     /lib/tls/i686/cmov/libm-2.11.1.so
00d96000-00d97000 r--p 00023000 08:05 527205     /lib/tls/i686/cmov/libm-2.11.1.so
00d97000-00d98000 rw-p 00024000 08:05 527205     /lib/tls/i686/cmov/libm-2.11.1.so
00e10000-00e13000 r-xp 00000000 08:05 1586197    /usr/lib/jvm/java-6-openjdk/jre/lib/i386/jli/libjli.so
00e13000-00e14000 r--p 00003000 08:05 1586197    /usr/lib/jvm/java-6-openjdk/jre/lib/i386/jli/libjli.so
00e14000-00e15000 rw-p 00004000 08:05 1586197    /usr/lib/jvm/java-6-openjdk/jre/lib/i386/jli/libjli.so
00e38000-00e4b000 r-xp 00000000 08:05 523463     /lib/libz.so.1.2.3.3
00e4b000-00e4c000 r--p 00012000 08:05 523463     /lib/libz.so.1.2.3.3
00e4c000-00e4d000 rw-p 00013000 08:05 523463     /lib/libz.so.1.2.3.3
00e4d000-01512000 r-xp 00000000 08:05 1586230    /usr/lib/jvm/java-6-openjdk/jre/lib/i386/server/libjvm.so
01512000-01513000 ---p 006c5000 08:05 1586230    /usr/lib/jvm/java-6-openjdk/jre/lib/i386/server/libjvm.so
01513000-01558000 r--p 006c5000 08:05 1586230    /usr/lib/jvm/java-6-openjdk/jre/lib/i386/server/libjvm.so
01558000-01567000 rw-p 0070a000 08:05 1586230    /usr/lib/jvm/java-6-openjdk/jre/lib/i386/server/libjvm.so
01567000-01986000 rw-p 00000000 00:00 0 
08048000-08051000 r-xp 00000000 08:05 1586258    /usr/lib/jvm/java-6-openjdk/jre/bin/java
08051000-08052000 r--p 00008000 08:05 1586258    /usr/lib/jvm/java-6-openjdk/jre/bin/java
08052000-08053000 rw-p 00009000 08:05 1586258    /usr/lib/jvm/java-6-openjdk/jre/bin/java
0974a000-09832000 rw-p 00000000 00:00 0          [heap]
8075a000-8075b000 ---p 00000000 00:00 0 
8075b000-807db000 rw-p 00000000 00:00 0 
807db000-807de000 ---p 00000000 00:00 0 
807de000-8082c000 rw-p 00000000 00:00 0 
8082c000-8082f000 ---p 00000000 00:00 0 
8082f000-808ad000 rw-p 00000000 00:00 0 
808ad000-808b0000 ---p 00000000 00:00 0 
808b0000-8092e000 rw-p 00000000 00:00 0 
8092e000-80931000 ---p 00000000 00:00 0 
80931000-8097f000 rw-p 00000000 00:00 0 
8097f000-809be000 r--p 00000000 08:05 1577945    /usr/lib/locale/en_IN/LC_CTYPE
809be000-809c1000 ---p 00000000 00:00 0 
809c1000-80a0f000 rw-p 00000000 00:00 0 
80a0f000-80a12000 ---p 00000000 00:00 0 
80a12000-80a60000 rw-p 00000000 00:00 0 
80a60000-80a61000 ---p 00000000 00:00 0 
80a61000-80ae1000 rw-p 00000000 00:00 0 
80ae1000-80ae3000 r--s 0001d000 08:05 1577596    /usr/lib/jvm/java-6-openjdk/jre/lib/plugin.jar
80ae3000-80ae8000 r--s 00045000 08:05 1577595    /usr/lib/jvm/java-6-openjdk/jre/lib/netx.jar
80ae8000-80b1b000 rw-p 00000000 00:00 0 
80b1b000-80caa000 r--s 038c4000 08:05 1586189    /usr/lib/jvm/java-6-openjdk/jre/lib/rt.jar
80caa000-80cab000 ---p 00000000 00:00 0 
80cab000-80d2b000 rw-p 00000000 00:00 0 
80d2b000-80d2c000 ---p 00000000 00:00 0 
80d2c000-80db4000 rw-p 00000000 00:00 0 
80db4000-80dec000 rw-p 00000000 00:00 0 
80dec000-80dfb000 rw-p 00000000 00:00 0 
80dfb000-80ed4000 rw-p 00000000 00:00 0 
80ed4000-80edc000 rw-p 00000000 00:00 0 
80edc000-80f14000 rw-p 00000000 00:00 0 
80f14000-80f23000 rw-p 00000000 00:00 0 
80f23000-80ffb000 rw-p 00000000 00:00 0 
80ffb000-81003000 rw-p 00000000 00:00 0 
81003000-8106f000 rw-p 00000000 00:00 0 
8106f000-82070000 rw-p 00000000 00:00 0 
82070000-89070000 rw-p 00000000 00:00 0 
89070000-8ad50000 rw-p 00000000 00:00 0 
8ad50000-a5f20000 rw-p 00000000 00:00 0 
a5f20000-a6d90000 rw-p 00000000 00:00 0 
a6d90000-b4670000 rw-p 00000000 00:00 0 
b4673000-b4674000 rw-p 00000000 00:00 0 
b4674000-b467d000 r--s 00065000 08:05 6219       /usr/share/java/gnome-java-bridge.jar
b467d000-b4686000 rw-p 00000000 00:00 0 
b4686000-b473d000 rw-p 00000000 00:00 0 
b473d000-b497d000 rwxp 00000000 00:00 0 
b497d000-b773d000 rw-p 00000000 00:00 0 
b773d000-b7740000 ---p 00000000 00:00 0 
b7740000-b7791000 rw-p 00000000 00:00 0 
b7796000-b7799000 r--s 0000f000 08:05 1577575    /usr/lib/jvm/java-6-openjdk/jre/lib/ext/pulse-java.jar
b7799000-b77a1000 rw-s 00000000 08:05 663846     /tmp/hsperfdata_root/6920
b77a1000-b77a2000 rw-p 00000000 00:00 0 
b77a2000-b77a3000 r--p 00000000 00:00 0 
b77a3000-b77a5000 rw-p 00000000 00:00 0 
bffae000-bffc3000 rw-p 00000000 00:00 0          [stack]

VM Arguments:
jvm_args: -Dfile.encoding=UTF-8 
java_command: FileAccess.datatransfer
Launcher Type: SUN_STANDARD

Environment Variables:
PATH=/usr/local/sbin:/usr/local/bin:/usr/sbin:/usr/bin:/sbin:/bin:/usr/games
USERNAME=root
LD_LIBRARY_PATH=/usr/lib/jvm/java-6-openjdk/jre/lib/i386/server:/usr/lib/jvm/java-6-openjdk/jre/lib/i386:/usr/lib/jvm/java-6-openjdk/jre/../lib/i386:/usr/lib/jvm/java-6-openjdk/jre/lib/i386/client:/usr/lib/jvm/java-6-openjdk/jre/lib/i386:/usr/lib/jvm/java-6-openjdk/jre/../lib/i386
SHELL=/bin/bash
DISPLAY=:0.0

Signal Handlers:
SIGSEGV: [libjvm.so+0x64a040], sa_mask[0]=0x7ffbfeff, sa_flags=0x10000004
SIGBUS: [libjvm.so+0x64a040], sa_mask[0]=0x7ffbfeff, sa_flags=0x10000004
SIGFPE: [libjvm.so+0x51c0d0], sa_mask[0]=0x7ffbfeff, sa_flags=0x10000004
SIGPIPE: [libjvm.so+0x51c0d0], sa_mask[0]=0x7ffbfeff, sa_flags=0x10000004
SIGXFSZ: [libjvm.so+0x51c0d0], sa_mask[0]=0x7ffbfeff, sa_flags=0x10000004
SIGILL: [libjvm.so+0x51c0d0], sa_mask[0]=0x7ffbfeff, sa_flags=0x10000004
SIGUSR1: SIG_DFL, sa_mask[0]=0x00000000, sa_flags=0x00000000
SIGUSR2: [libjvm.so+0x51b780], sa_mask[0]=0x00000004, sa_flags=0x10000004
SIGHUP: [libjvm.so+0x51e2f0], sa_mask[0]=0x7ffbfeff, sa_flags=0x10000004
SIGINT: SIG_IGN, sa_mask[0]=0x00000000, sa_flags=0x00000000
SIGTERM: [libjvm.so+0x51e2f0], sa_mask[0]=0x7ffbfeff, sa_flags=0x10000004
SIGQUIT: [libjvm.so+0x51e2f0], sa_mask[0]=0x7ffbfeff, sa_flags=0x10000004


---------------  S Y S T E M  ---------------

OS:Ubuntu 10.04 (lucid)
uname:Linux 2.6.32-33-generic #70-Ubuntu SMP Thu Jul 7 21:09:46 UTC 2011 i686
libc:glibc 2.11.1 NPTL 2.11.1 
rlimit: STACK 8192k, CORE 0k, NPROC infinity, NOFILE 1024, AS infinity
load average:1.01 0.92 0.76

/proc/meminfo:
MemTotal:        2836956 kB
MemFree:         1098212 kB
Buffers:           88056 kB
Cached:           686456 kB
SwapCached:            0 kB
Active:          1083068 kB
Inactive:         557312 kB
Active(anon):     866288 kB
Inactive(anon):     8060 kB
Active(file):     216780 kB
Inactive(file):   549252 kB
Unevictable:          16 kB
Mlocked:              16 kB
HighTotal:       1973064 kB
HighFree:         388616 kB
LowTotal:         863892 kB
LowFree:          709596 kB
SwapTotal:       3234808 kB
SwapFree:        3234808 kB
Dirty:               192 kB
Writeback:             0 kB
AnonPages:        865880 kB
Mapped:           163176 kB
Shmem:              8484 kB
Slab:              38396 kB
SReclaimable:      26712 kB
SUnreclaim:        11684 kB
KernelStack:        3032 kB
PageTables:         8148 kB
NFS_Unstable:          0 kB
Bounce:                0 kB
WritebackTmp:          0 kB
CommitLimit:     4653284 kB
Committed_AS:    2101676 kB
VmallocTotal:     122880 kB
VmallocUsed:       73204 kB
VmallocChunk:      27796 kB
HardwareCorrupted:     0 kB
HugePages_Total:       0
HugePages_Free:        0
HugePages_Rsvd:        0
HugePages_Surp:        0
Hugepagesize:       4096 kB
DirectMap4k:       12280 kB
DirectMap4M:      897024 kB


CPU:total 2 (2 cores per cpu, 1 threads per core) family 17 model 3 stepping 1, cmov, cx8, fxsr, mmx, sse, sse2, sse3, mmxext, 3dnow, 3dnowext

Memory: 4k page, physical 2836956k(1098212k free), swap 3234808k(3234808k free)

vm_info: OpenJDK Server VM (19.0-b09) for linux-x86 JRE (1.6.0_20-b20), built on Jan 21 2012 08:10:55 by "buildd" with gcc 4.4.3

time: Thu Mar 22 20:46:24 2012
elapsed time: 0 seconds

