#
# A fatal error has been detected by the Java Runtime Environment:
#
#  SIGSEGV (0xb) at pc=0x00656fc6, pid=2216, tid=3078171504
#
# JRE version: 6.0_20-b20
# Java VM: OpenJDK Server VM (19.0-b09 mixed mode linux-x86 )
# Derivative: IcedTea6 1.9.10
# Distribution: Ubuntu 10.04.1 LTS, package 6b20-1.9.10-0ubuntu1~10.04.3
# Problematic frame:
# C  [libc.so.6+0x74fc6]
#
# If you would like to submit a bug report, please include
# instructions how to reproduce the bug and visit:
#   https://bugs.launchpad.net/ubuntu/+source/openjdk-6/
#

---------------  T H R E A D  ---------------

Current thread (0x08dec000):  JavaThread "main" [_thread_in_vm, id=2220, stack(0xb7742000,0xb7793000)]

siginfo:si_signo=SIGSEGV: si_errno=0, si_code=1 (SEGV_MAPERR), si_addr=0x00000000

Registers:
EAX=0x00000000, EBX=0x015a2ff4, ECX=0x00000005, EDX=0xb7791e08
ESP=0xb7791dc8, EBP=0xb7791e38, ESI=0x00000000, EDI=0xa5f70e3c
EIP=0x00656fc6, CR2=0x00000000, EFLAGS=0x00010246

Register to memory mapping:

EAX=0x00000000
0x00000000 is pointing to unknown location

EBX=0x015a2ff4
0x015a2ff4: <offset 0x70aff4> in /usr/lib/jvm/java-6-openjdk/jre/lib/i386/server/libjvm.so at 0x00e98000

ECX=0x00000005
0x00000005 is pointing to unknown location

EDX=0xb7791e08
0xb7791e08 is pointing into the stack for thread: 0x08dec000
"main" prio=10 tid=0x08dec000 nid=0x8ac runnable [0xb7792000]
   java.lang.Thread.State: RUNNABLE

ESP=0xb7791dc8
0xb7791dc8 is pointing into the stack for thread: 0x08dec000
"main" prio=10 tid=0x08dec000 nid=0x8ac runnable [0xb7792000]
   java.lang.Thread.State: RUNNABLE

EBP=0xb7791e38
0xb7791e38 is pointing into the stack for thread: 0x08dec000
"main" prio=10 tid=0x08dec000 nid=0x8ac runnable [0xb7792000]
   java.lang.Thread.State: RUNNABLE

ESI=0x00000000
0x00000000 is pointing to unknown location

EDI=0xa5f70e3c

[error occurred during error reporting (printing registers, top of stack, instructions near pc), id 0xe0000000]

Stack: [0xb7742000,0xb7793000],  sp=0xb7791dc8,  free space=319k
Native frames: (J=compiled Java code, j=interpreted, Vv=VM code, C=native code)
C  [libc.so.6+0x74fc6]
C  [libgraph.so+0xe8f]  fillgraphobject+0x9d
C  [libgraph.so+0xdd6]  Java_FileAccess_graph_fillips+0x56e
j  FileAccess.graph.fillips()V+0
j  FileAccess.graph.main([Ljava/lang/String;)V+9
v  ~StubRoutines::call_stub
V  [libjvm.so+0x387d72]
V  [libjvm.so+0x519369]
V  [libjvm.so+0x386caf]
V  [libjvm.so+0x39214c]
V  [libjvm.so+0x3a11ad]
C  [java+0x321d]  JavaMain+0xd4d
C  [libpthread.so.0+0x596e]

Java frames: (J=compiled Java code, j=interpreted, Vv=VM code)
j  FileAccess.graph.fillips()V+0
j  FileAccess.graph.main([Ljava/lang/String;)V+9
v  ~StubRoutines::call_stub

---------------  P R O C E S S  ---------------

Java Threads: ( => current thread )
  0x80804800 JavaThread "Low Memory Detector" daemon [_thread_blocked, id=2229, stack(0x806ad000,0x806fe000)]
  0x80802800 JavaThread "CompilerThread1" daemon [_thread_blocked, id=2228, stack(0x806fe000,0x8077f000)]
  0x80800800 JavaThread "CompilerThread0" daemon [_thread_blocked, id=2227, stack(0x8077f000,0x80800000)]
  0x08e8a400 JavaThread "Signal Dispatcher" daemon [_thread_blocked, id=2226, stack(0x8093e000,0x8098f000)]
  0x08e77000 JavaThread "Finalizer" daemon [_thread_blocked, id=2225, stack(0x809ce000,0x80a1f000)]
  0x08e75c00 JavaThread "Reference Handler" daemon [_thread_blocked, id=2224, stack(0x80a1f000,0x80a70000)]
=>0x08dec000 JavaThread "main" [_thread_in_vm, id=2220, stack(0xb7742000,0xb7793000)]

Other Threads:
  0x08e71c00 VMThread [stack: 0x80a70000,0x80af1000] [id=2223]
  0x80806800 WatcherThread [stack: 0x8062c000,0x806ad000] [id=2230]

VM state:not at safepoint (normal execution)

VM Mutex/Monitor currently owned by a thread: None

Heap
 PSYoungGen      total 12992K, used 448K [0xa5f30000, 0xa6da0000, 0xb4680000)
  eden space 11200K, 4% used [0xa5f30000,0xa5fa0068,0xa6a20000)
  from space 1792K, 0% used [0xa6be0000,0xa6be0000,0xa6da0000)
  to   space 1792K, 0% used [0xa6a20000,0xa6a20000,0xa6be0000)
 PSOldGen        total 29568K, used 0K [0x89080000, 0x8ad60000, 0xa5f30000)
  object space 29568K, 0% used [0x89080000,0x89080000,0x8ad60000)
 PSPermGen       total 16384K, used 1931K [0x81080000, 0x82080000, 0x89080000)
  object space 16384K, 11% used [0x81080000,0x81262c10,0x82080000)

Dynamic libraries:
00110000-00134000 r-xp 00000000 08:05 527205     /lib/tls/i686/cmov/libm-2.11.1.so
00134000-00135000 r--p 00023000 08:05 527205     /lib/tls/i686/cmov/libm-2.11.1.so
00135000-00136000 rw-p 00024000 08:05 527205     /lib/tls/i686/cmov/libm-2.11.1.so
00136000-0013d000 r-xp 00000000 08:05 527227     /lib/tls/i686/cmov/librt-2.11.1.so
0013d000-0013e000 r--p 00006000 08:05 527227     /lib/tls/i686/cmov/librt-2.11.1.so
0013e000-0013f000 rw-p 00007000 08:05 527227     /lib/tls/i686/cmov/librt-2.11.1.so
0013f000-00163000 r-xp 00000000 08:05 1586209    /usr/lib/jvm/java-6-openjdk/jre/lib/i386/libjava.so
00163000-00164000 r--p 00023000 08:05 1586209    /usr/lib/jvm/java-6-openjdk/jre/lib/i386/libjava.so
00164000-00166000 rw-p 00024000 08:05 1586209    /usr/lib/jvm/java-6-openjdk/jre/lib/i386/libjava.so
00166000-0016d000 r-xp 00000000 08:05 1586228    /usr/lib/jvm/java-6-openjdk/jre/lib/i386/native_threads/libhpi.so
0016d000-0016e000 r--p 00006000 08:05 1586228    /usr/lib/jvm/java-6-openjdk/jre/lib/i386/native_threads/libhpi.so
0016e000-0016f000 rw-p 00007000 08:05 1586228    /usr/lib/jvm/java-6-openjdk/jre/lib/i386/native_threads/libhpi.so
0016f000-00175000 r-xp 00000000 08:05 527210     /lib/tls/i686/cmov/libnss_compat-2.11.1.so
00175000-00176000 r--p 00006000 08:05 527210     /lib/tls/i686/cmov/libnss_compat-2.11.1.so
00176000-00177000 rw-p 00007000 08:05 527210     /lib/tls/i686/cmov/libnss_compat-2.11.1.so
0031b000-00325000 r-xp 00000000 08:05 527214     /lib/tls/i686/cmov/libnss_files-2.11.1.so
00325000-00326000 r--p 00009000 08:05 527214     /lib/tls/i686/cmov/libnss_files-2.11.1.so
00326000-00327000 rw-p 0000a000 08:05 527214     /lib/tls/i686/cmov/libnss_files-2.11.1.so
00523000-0053e000 r-xp 00000000 08:05 523290     /lib/ld-2.11.1.so
0053e000-0053f000 r--p 0001a000 08:05 523290     /lib/ld-2.11.1.so
0053f000-00540000 rw-p 0001b000 08:05 523290     /lib/ld-2.11.1.so
005e2000-00735000 r-xp 00000000 08:05 527197     /lib/tls/i686/cmov/libc-2.11.1.so
00735000-00736000 ---p 00153000 08:05 527197     /lib/tls/i686/cmov/libc-2.11.1.so
00736000-00738000 r--p 00153000 08:05 527197     /lib/tls/i686/cmov/libc-2.11.1.so
00738000-00739000 rw-p 00155000 08:05 527197     /lib/tls/i686/cmov/libc-2.11.1.so
00739000-0073c000 rw-p 00000000 00:00 0 
00821000-00836000 r-xp 00000000 08:05 527223     /lib/tls/i686/cmov/libpthread-2.11.1.so
00836000-00837000 r--p 00014000 08:05 527223     /lib/tls/i686/cmov/libpthread-2.11.1.so
00837000-00838000 rw-p 00015000 08:05 527223     /lib/tls/i686/cmov/libpthread-2.11.1.so
00838000-0083a000 rw-p 00000000 00:00 0 
00930000-00943000 r-xp 00000000 08:05 527208     /lib/tls/i686/cmov/libnsl-2.11.1.so
00943000-00944000 r--p 00012000 08:05 527208     /lib/tls/i686/cmov/libnsl-2.11.1.so
00944000-00945000 rw-p 00013000 08:05 527208     /lib/tls/i686/cmov/libnsl-2.11.1.so
00945000-00947000 rw-p 00000000 00:00 0 
0095f000-00966000 r-xp 00000000 08:05 1586226    /usr/lib/jvm/java-6-openjdk/jre/lib/i386/libzip.so
00966000-00967000 r--p 00006000 08:05 1586226    /usr/lib/jvm/java-6-openjdk/jre/lib/i386/libzip.so
00967000-00968000 rw-p 00007000 08:05 1586226    /usr/lib/jvm/java-6-openjdk/jre/lib/i386/libzip.so
00a1a000-00a22000 r-xp 00000000 08:05 527218     /lib/tls/i686/cmov/libnss_nis-2.11.1.so
00a22000-00a23000 r--p 00007000 08:05 527218     /lib/tls/i686/cmov/libnss_nis-2.11.1.so
00a23000-00a24000 rw-p 00008000 08:05 527218     /lib/tls/i686/cmov/libnss_nis-2.11.1.so
00b26000-00b28000 r-xp 00000000 08:05 1591687    /usr/lib/libgraph.so
00b28000-00b29000 r--p 00001000 08:05 1591687    /usr/lib/libgraph.so
00b29000-00b2a000 rw-p 00002000 08:05 1591687    /usr/lib/libgraph.so
00bee000-00bef000 r-xp 00000000 00:00 0          [vdso]
00c9c000-00c9f000 r-xp 00000000 08:05 1586197    /usr/lib/jvm/java-6-openjdk/jre/lib/i386/jli/libjli.so
00c9f000-00ca0000 r--p 00003000 08:05 1586197    /usr/lib/jvm/java-6-openjdk/jre/lib/i386/jli/libjli.so
00ca0000-00ca1000 rw-p 00004000 08:05 1586197    /usr/lib/jvm/java-6-openjdk/jre/lib/i386/jli/libjli.so
00cff000-00d01000 r-xp 00000000 08:05 527203     /lib/tls/i686/cmov/libdl-2.11.1.so
00d01000-00d02000 r--p 00001000 08:05 527203     /lib/tls/i686/cmov/libdl-2.11.1.so
00d02000-00d03000 rw-p 00002000 08:05 527203     /lib/tls/i686/cmov/libdl-2.11.1.so
00de8000-00df4000 r-xp 00000000 08:05 1586225    /usr/lib/jvm/java-6-openjdk/jre/lib/i386/libverify.so
00df4000-00df5000 r--p 0000b000 08:05 1586225    /usr/lib/jvm/java-6-openjdk/jre/lib/i386/libverify.so
00df5000-00df6000 rw-p 0000c000 08:05 1586225    /usr/lib/jvm/java-6-openjdk/jre/lib/i386/libverify.so
00e83000-00e96000 r-xp 00000000 08:05 523463     /lib/libz.so.1.2.3.3
00e96000-00e97000 r--p 00012000 08:05 523463     /lib/libz.so.1.2.3.3
00e97000-00e98000 rw-p 00013000 08:05 523463     /lib/libz.so.1.2.3.3
00e98000-0155d000 r-xp 00000000 08:05 1586230    /usr/lib/jvm/java-6-openjdk/jre/lib/i386/server/libjvm.so
0155d000-0155e000 ---p 006c5000 08:05 1586230    /usr/lib/jvm/java-6-openjdk/jre/lib/i386/server/libjvm.so
0155e000-015a3000 r--p 006c5000 08:05 1586230    /usr/lib/jvm/java-6-openjdk/jre/lib/i386/server/libjvm.so
015a3000-015b2000 rw-p 0070a000 08:05 1586230    /usr/lib/jvm/java-6-openjdk/jre/lib/i386/server/libjvm.so
015b2000-019d1000 rw-p 00000000 00:00 0 
08048000-08051000 r-xp 00000000 08:05 1586258    /usr/lib/jvm/java-6-openjdk/jre/bin/java
08051000-08052000 r--p 00008000 08:05 1586258    /usr/lib/jvm/java-6-openjdk/jre/bin/java
08052000-08053000 rw-p 00009000 08:05 1586258    /usr/lib/jvm/java-6-openjdk/jre/bin/java
08de5000-08eab000 rw-p 00000000 00:00 0          [heap]
8062c000-8062d000 ---p 00000000 00:00 0 
8062d000-806ad000 rw-p 00000000 00:00 0 
806ad000-806b0000 ---p 00000000 00:00 0 
806b0000-806fe000 rw-p 00000000 00:00 0 
806fe000-80701000 ---p 00000000 00:00 0 
80701000-8077f000 rw-p 00000000 00:00 0 
8077f000-80782000 ---p 00000000 00:00 0 
80782000-80800000 rw-p 00000000 00:00 0 
80800000-80822000 rw-p 00000000 00:00 0 
80822000-80900000 ---p 00000000 00:00 0 
80935000-8093e000 r--s 00065000 08:05 6219       /usr/share/java/gnome-java-bridge.jar
8093e000-80941000 ---p 00000000 00:00 0 
80941000-8098f000 rw-p 00000000 00:00 0 
8098f000-809ce000 r--p 00000000 08:05 1577945    /usr/lib/locale/en_IN/LC_CTYPE
809ce000-809d1000 ---p 00000000 00:00 0 
809d1000-80a1f000 rw-p 00000000 00:00 0 
80a1f000-80a22000 ---p 00000000 00:00 0 
80a22000-80a70000 rw-p 00000000 00:00 0 
80a70000-80a71000 ---p 00000000 00:00 0 
80a71000-80af1000 rw-p 00000000 00:00 0 
80af1000-80af3000 r--s 0001d000 08:05 1577596    /usr/lib/jvm/java-6-openjdk/jre/lib/plugin.jar
80af3000-80af8000 r--s 00045000 08:05 1577595    /usr/lib/jvm/java-6-openjdk/jre/lib/netx.jar
80af8000-80b2b000 rw-p 00000000 00:00 0 
80b2b000-80cba000 r--s 038c4000 08:05 1586189    /usr/lib/jvm/java-6-openjdk/jre/lib/rt.jar
80cba000-80cbb000 ---p 00000000 00:00 0 
80cbb000-80d3b000 rw-p 00000000 00:00 0 
80d3b000-80d3c000 ---p 00000000 00:00 0 
80d3c000-80dc4000 rw-p 00000000 00:00 0 
80dc4000-80dfc000 rw-p 00000000 00:00 0 
80dfc000-80e0b000 rw-p 00000000 00:00 0 
80e0b000-80ee4000 rw-p 00000000 00:00 0 
80ee4000-80eec000 rw-p 00000000 00:00 0 
80eec000-80f24000 rw-p 00000000 00:00 0 
80f24000-80f33000 rw-p 00000000 00:00 0 
80f33000-8100b000 rw-p 00000000 00:00 0 
8100b000-81013000 rw-p 00000000 00:00 0 
81013000-8107f000 rw-p 00000000 00:00 0 
8107f000-82080000 rw-p 00000000 00:00 0 
82080000-89080000 rw-p 00000000 00:00 0 
89080000-8ad60000 rw-p 00000000 00:00 0 
8ad60000-a5f30000 rw-p 00000000 00:00 0 
a5f30000-a6da0000 rw-p 00000000 00:00 0 
a6da0000-b4680000 rw-p 00000000 00:00 0 
b4682000-b468b000 rw-p 00000000 00:00 0 
b468b000-b4742000 rw-p 00000000 00:00 0 
b4742000-b4982000 rwxp 00000000 00:00 0 
b4982000-b7742000 rw-p 00000000 00:00 0 
b7742000-b7745000 ---p 00000000 00:00 0 
b7745000-b7796000 rw-p 00000000 00:00 0 
b779a000-b779b000 rw-p 00000000 00:00 0 
b779b000-b779e000 r--s 0000f000 08:05 1577575    /usr/lib/jvm/java-6-openjdk/jre/lib/ext/pulse-java.jar
b779e000-b77a6000 rw-s 00000000 08:05 665549     /tmp/hsperfdata_root/2216
b77a6000-b77a7000 rw-p 00000000 00:00 0 
b77a7000-b77a8000 r--p 00000000 00:00 0 
b77a8000-b77aa000 rw-p 00000000 00:00 0 
bfe14000-bfe29000 rw-p 00000000 00:00 0          [stack]

VM Arguments:
jvm_args: -Dfile.encoding=UTF-8 
java_command: FileAccess.graph
Launcher Type: SUN_STANDARD

Environment Variables:
PATH=/usr/local/sbin:/usr/local/bin:/usr/sbin:/usr/bin:/sbin:/bin:/usr/games
USERNAME=root
LD_LIBRARY_PATH=/usr/lib/jvm/java-6-openjdk/jre/lib/i386/server:/usr/lib/jvm/java-6-openjdk/jre/lib/i386:/usr/lib/jvm/java-6-openjdk/jre/../lib/i386:/usr/lib/jvm/java-6-openjdk/jre/lib/i386/client:/usr/lib/jvm/java-6-openjdk/jre/lib/i386:/usr/lib/jvm/java-6-openjdk/jre/../lib/i386
SHELL=/bin/bash
DISPLAY=:0.0

Signal Handlers:
SIGSEGV: [libjvm.so+0x64a040], sa_mask[0]=0x7ffbfeff, sa_flags=0x10000004
SIGBUS: [libjvm.so+0x64a040], sa_mask[0]=0x7ffbfeff, sa_flags=0x10000004
SIGFPE: [libjvm.so+0x51c0d0], sa_mask[0]=0x7ffbfeff, sa_flags=0x10000004
SIGPIPE: [libjvm.so+0x51c0d0], sa_mask[0]=0x7ffbfeff, sa_flags=0x10000004
SIGXFSZ: [libjvm.so+0x51c0d0], sa_mask[0]=0x7ffbfeff, sa_flags=0x10000004
SIGILL: [libjvm.so+0x51c0d0], sa_mask[0]=0x7ffbfeff, sa_flags=0x10000004
SIGUSR1: SIG_DFL, sa_mask[0]=0x00000000, sa_flags=0x00000000
SIGUSR2: [libjvm.so+0x51b780], sa_mask[0]=0x00000004, sa_flags=0x10000004
SIGHUP: [libjvm.so+0x51e2f0], sa_mask[0]=0x7ffbfeff, sa_flags=0x10000004
SIGINT: SIG_IGN, sa_mask[0]=0x00000000, sa_flags=0x00000000
SIGTERM: [libjvm.so+0x51e2f0], sa_mask[0]=0x7ffbfeff, sa_flags=0x10000004
SIGQUIT: [libjvm.so+0x51e2f0], sa_mask[0]=0x7ffbfeff, sa_flags=0x10000004


---------------  S Y S T E M  ---------------

OS:Ubuntu 10.04 (lucid)
uname:Linux 2.6.32-33-generic #70-Ubuntu SMP Thu Jul 7 21:09:46 UTC 2011 i686
libc:glibc 2.11.1 NPTL 2.11.1 
rlimit: STACK 8192k, CORE 0k, NPROC infinity, NOFILE 1024, AS infinity
load average:0.82 0.63 0.41

/proc/meminfo:
MemTotal:        2836956 kB
MemFree:         1808200 kB
Buffers:           56016 kB
Cached:           470152 kB
SwapCached:            0 kB
Active:           520540 kB
Inactive:         424820 kB
Active(anon):     419588 kB
Inactive(anon):     5264 kB
Active(file):     100952 kB
Inactive(file):   419556 kB
Unevictable:           0 kB
Mlocked:               0 kB
HighTotal:       1973064 kB
HighFree:        1054496 kB
LowTotal:         863892 kB
LowFree:          753704 kB
SwapTotal:       3234808 kB
SwapFree:        3234808 kB
Dirty:               152 kB
Writeback:             0 kB
AnonPages:        419188 kB
Mapped:           103348 kB
Shmem:              5664 kB
Slab:              27788 kB
SReclaimable:      17708 kB
SUnreclaim:        10080 kB
KernelStack:        2432 kB
PageTables:         5620 kB
NFS_Unstable:          0 kB
Bounce:                0 kB
WritebackTmp:          0 kB
CommitLimit:     4653284 kB
Committed_AS:    1159120 kB
VmallocTotal:     122880 kB
VmallocUsed:       72908 kB
VmallocChunk:      41852 kB
HardwareCorrupted:     0 kB
HugePages_Total:       0
HugePages_Free:        0
HugePages_Rsvd:        0
HugePages_Surp:        0
Hugepagesize:       4096 kB
DirectMap4k:       12280 kB
DirectMap4M:      897024 kB


CPU:total 2 (2 cores per cpu, 1 threads per core) family 17 model 3 stepping 1, cmov, cx8, fxsr, mmx, sse, sse2, sse3, mmxext, 3dnow, 3dnowext

Memory: 4k page, physical 2836956k(1808200k free), swap 3234808k(3234808k free)

vm_info: OpenJDK Server VM (19.0-b09) for linux-x86 JRE (1.6.0_20-b20), built on Jan 21 2012 08:10:55 by "buildd" with gcc 4.4.3

time: Fri Mar  2 07:58:01 2012
elapsed time: 0 seconds

