#
# A fatal error has been detected by the Java Runtime Environment:
#
#  SIGSEGV (0xb) at pc=0x002c8ed7, pid=5632, tid=2158431088
#
# JRE version: 6.0_20-b20
# Java VM: OpenJDK Server VM (19.0-b09 mixed mode linux-x86 )
# Derivative: IcedTea6 1.9.10
# Distribution: Ubuntu 10.04.1 LTS, package 6b20-1.9.10-0ubuntu1~10.04.3
# Problematic frame:
# 
[error occurred during error reporting (printing problematic frame), id 0xb]

# If you would like to submit a bug report, please include
# instructions how to reproduce the bug and visit:
#   https://bugs.launchpad.net/ubuntu/+source/openjdk-6/
#

---------------  T H R E A D  ---------------

Current thread (0x80c7c000):  VMThread [stack: 0x809f0000,0x80a71000] [id=5639]

siginfo:si_signo=SIGSEGV: si_errno=0, si_code=1 (SEGV_MAPERR), si_addr=0x0000ae20

Registers:
EAX=0x002ceb4c, EBX=0x002d0ff4, ECX=0x002d0f30, EDX=0x80a6ff80
ESP=0x80a6ff40, EBP=0x80a6ff58, ESI=0x00000011, EDI=0x80cab680
EIP=0x002c8ed7, CR2=0x0000ae20, EFLAGS=0x00010282

Register to memory mapping:

EAX=0x002ceb4c

[error occurred during error reporting (printing registers, top of stack, instructions near pc), id 0xb]

Stack: [0x809f0000,0x80a71000],  sp=0x80a6ff40,  free space=511k
Native frames: (J=compiled Java code, j=interpreted, Vv=VM code, C=native code)

[error occurred during error reporting (printing native stack), id 0xb]

VM_Operation (0x80667d64): Exit, mode: safepoint, requested by thread 0x096d7800


---------------  P R O C E S S  ---------------

Java Threads: ( => current thread )
  0x096d7800 JavaThread "SIGTERM handler" daemon [_thread_blocked, id=5827, stack(0x80618000,0x80669000)]
  0x80c96800 JavaThread "Low Memory Detector" daemon [_thread_blocked, id=5645, stack(0x8076b000,0x807bc000)]
  0x80c94800 JavaThread "CompilerThread1" daemon [_thread_blocked, id=5644, stack(0x807bc000,0x8083d000)]
  0x80c92800 JavaThread "CompilerThread0" daemon [_thread_blocked, id=5643, stack(0x8083d000,0x808be000)]
  0x80c91400 JavaThread "Signal Dispatcher" daemon [_thread_blocked, id=5642, stack(0x808be000,0x8090f000)]
  0x80c81800 JavaThread "Finalizer" daemon [_thread_blocked, id=5641, stack(0x8094e000,0x8099f000)]
  0x80c80000 JavaThread "Reference Handler" daemon [_thread_blocked, id=5640, stack(0x8099f000,0x809f0000)]
  0x096b5000 JavaThread "main" [_thread_blocked, id=5636, stack(0xb77f7000,0xb7848000)]

Other Threads:
=>0x80c7c000 VMThread [stack: 0x809f0000,0x80a71000] [id=5639]

VM state:at safepoint (shutting down)

VM Mutex/Monitor currently owned by a thread:  ([mutex/lock_event])
[0x096b2e60] Threads_lock - owner thread: 0x80c7c000

Heap
 PSYoungGen      total 14912K, used 6732K [0xa5fe0000, 0xa7370000, 0xb4730000)
  eden space 10688K, 46% used [0xa5fe0000,0xa64b2928,0xa6a50000)
  from space 4224K, 42% used [0xa6f50000,0xa7110a18,0xa7370000)
  to   space 4672K, 0% used [0xa6a50000,0xa6a50000,0xa6ee0000)
 PSOldGen        total 29568K, used 3176K [0x89130000, 0x8ae10000, 0xa5fe0000)
  object space 29568K, 10% used [0x89130000,0x8944a000,0x8ae10000)
 PSPermGen       total 16384K, used 2098K [0x81130000, 0x82130000, 0x89130000)
  object space 16384K, 12% used [0x81130000,0x8133caa0,0x82130000)

Dynamic libraries:
00110000-00263000 r-xp 00000000 08:05 527197     /lib/tls/i686/cmov/libc-2.11.1.so
00263000-00264000 ---p 00153000 08:05 527197     /lib/tls/i686/cmov/libc-2.11.1.so
00264000-00266000 r--p 00153000 08:05 527197     /lib/tls/i686/cmov/libc-2.11.1.so
00266000-00267000 rw-p 00155000 08:05 527197     /lib/tls/i686/cmov/libc-2.11.1.so
00267000-0026a000 rw-p 00000000 00:00 0 
0026a000-00271000 r-xp 00000000 08:05 527227     /lib/tls/i686/cmov/librt-2.11.1.so
00271000-00272000 r--p 00006000 08:05 527227     /lib/tls/i686/cmov/librt-2.11.1.so
00272000-00273000 rw-p 00007000 08:05 527227     /lib/tls/i686/cmov/librt-2.11.1.so
00273000-0027a000 r-xp 00000000 08:05 1586228    /usr/lib/jvm/java-6-openjdk/jre/lib/i386/native_threads/libhpi.so
0027a000-0027b000 r--p 00006000 08:05 1586228    /usr/lib/jvm/java-6-openjdk/jre/lib/i386/native_threads/libhpi.so
0027b000-0027c000 rw-p 00007000 08:05 1586228    /usr/lib/jvm/java-6-openjdk/jre/lib/i386/native_threads/libhpi.so
0027d000-00292000 r-xp 00000000 08:05 527223     /lib/tls/i686/cmov/libpthread-2.11.1.so
00292000-00293000 r--p 00014000 08:05 527223     /lib/tls/i686/cmov/libpthread-2.11.1.so
00293000-00294000 rw-p 00015000 08:05 527223     /lib/tls/i686/cmov/libpthread-2.11.1.so
00294000-00296000 rw-p 00000000 00:00 0 
00296000-002ba000 r-xp 00000000 08:05 1586209    /usr/lib/jvm/java-6-openjdk/jre/lib/i386/libjava.so
002ba000-002bb000 r--p 00023000 08:05 1586209    /usr/lib/jvm/java-6-openjdk/jre/lib/i386/libjava.so
002bb000-002bd000 rw-p 00024000 08:05 1586209    /usr/lib/jvm/java-6-openjdk/jre/lib/i386/libjava.so
002bd000-002c5000 r-xp 00000000 08:05 527218     /lib/tls/i686/cmov/libnss_nis-2.11.1.so
002c5000-002c6000 r--p 00007000 08:05 527218     /lib/tls/i686/cmov/libnss_nis-2.11.1.so
002c6000-002c7000 rw-p 00008000 08:05 527218     /lib/tls/i686/cmov/libnss_nis-2.11.1.so
002c7000-002d0000 r-xp 00000000 08:05 1589892    /usr/lib/libpacketlib.so
002d0000-002d1000 r--p 00008000 08:05 1589892    /usr/lib/libpacketlib.so
002d1000-002d2000 rw-p 00009000 08:05 1589892    /usr/lib/libpacketlib.so
00467000-0046a000 r-xp 00000000 08:05 1586197    /usr/lib/jvm/java-6-openjdk/jre/lib/i386/jli/libjli.so
0046a000-0046b000 r--p 00003000 08:05 1586197    /usr/lib/jvm/java-6-openjdk/jre/lib/i386/jli/libjli.so
0046b000-0046c000 rw-p 00004000 08:05 1586197    /usr/lib/jvm/java-6-openjdk/jre/lib/i386/jli/libjli.so
005f6000-00609000 r-xp 00000000 08:05 523463     /lib/libz.so.1.2.3.3
00609000-0060a000 r--p 00012000 08:05 523463     /lib/libz.so.1.2.3.3
0060a000-0060b000 rw-p 00013000 08:05 523463     /lib/libz.so.1.2.3.3
00779000-0078c000 r-xp 00000000 08:05 527208     /lib/tls/i686/cmov/libnsl-2.11.1.so
0078c000-0078d000 r--p 00012000 08:05 527208     /lib/tls/i686/cmov/libnsl-2.11.1.so
0078d000-0078e000 rw-p 00013000 08:05 527208     /lib/tls/i686/cmov/libnsl-2.11.1.so
0078e000-00790000 rw-p 00000000 00:00 0 
008eb000-008f2000 r-xp 00000000 08:05 1586226    /usr/lib/jvm/java-6-openjdk/jre/lib/i386/libzip.so
008f2000-008f3000 r--p 00006000 08:05 1586226    /usr/lib/jvm/java-6-openjdk/jre/lib/i386/libzip.so
008f3000-008f4000 rw-p 00007000 08:05 1586226    /usr/lib/jvm/java-6-openjdk/jre/lib/i386/libzip.so
00a16000-00a31000 r-xp 00000000 08:05 523290     /lib/ld-2.11.1.so
00a31000-00a32000 r--p 0001a000 08:05 523290     /lib/ld-2.11.1.so
00a32000-00a33000 rw-p 0001b000 08:05 523290     /lib/ld-2.11.1.so
00b83000-00b89000 r-xp 00000000 08:05 527210     /lib/tls/i686/cmov/libnss_compat-2.11.1.so
00b89000-00b8a000 r--p 00006000 08:05 527210     /lib/tls/i686/cmov/libnss_compat-2.11.1.so
00b8a000-00b8b000 rw-p 00007000 08:05 527210     /lib/tls/i686/cmov/libnss_compat-2.11.1.so
00ba3000-00bad000 r-xp 00000000 08:05 527214     /lib/tls/i686/cmov/libnss_files-2.11.1.so
00bad000-00bae000 r--p 00009000 08:05 527214     /lib/tls/i686/cmov/libnss_files-2.11.1.so
00bae000-00baf000 rw-p 0000a000 08:05 527214     /lib/tls/i686/cmov/libnss_files-2.11.1.so
00be3000-00c07000 r-xp 00000000 08:05 527205     /lib/tls/i686/cmov/libm-2.11.1.so
00c07000-00c08000 r--p 00023000 08:05 527205     /lib/tls/i686/cmov/libm-2.11.1.so
00c08000-00c09000 rw-p 00024000 08:05 527205     /lib/tls/i686/cmov/libm-2.11.1.so
00f65000-00f71000 r-xp 00000000 08:05 1586225    /usr/lib/jvm/java-6-openjdk/jre/lib/i386/libverify.so
00f71000-00f72000 r--p 0000b000 08:05 1586225    /usr/lib/jvm/java-6-openjdk/jre/lib/i386/libverify.so
00f72000-00f73000 rw-p 0000c000 08:05 1586225    /usr/lib/jvm/java-6-openjdk/jre/lib/i386/libverify.so
00f79000-00f7a000 r-xp 00000000 00:00 0          [vdso]
00f8e000-00f90000 r-xp 00000000 08:05 527203     /lib/tls/i686/cmov/libdl-2.11.1.so
00f90000-00f91000 r--p 00001000 08:05 527203     /lib/tls/i686/cmov/libdl-2.11.1.so
00f91000-00f92000 rw-p 00002000 08:05 527203     /lib/tls/i686/cmov/libdl-2.11.1.so
00f92000-01657000 r-xp 00000000 08:05 1586230    /usr/lib/jvm/java-6-openjdk/jre/lib/i386/server/libjvm.so
01657000-01658000 ---p 006c5000 08:05 1586230    /usr/lib/jvm/java-6-openjdk/jre/lib/i386/server/libjvm.so
01658000-0169d000 r--p 006c5000 08:05 1586230    /usr/lib/jvm/java-6-openjdk/jre/lib/i386/server/libjvm.so
0169d000-016ac000 rw-p 0070a000 08:05 1586230    /usr/lib/jvm/java-6-openjdk/jre/lib/i386/server/libjvm.so
016ac000-01acb000 rw-p 00000000 00:00 0 
08048000-08051000 r-xp 00000000 08:05 1586258    /usr/lib/jvm/java-6-openjdk/jre/bin/java
08051000-08052000 r--p 00008000 08:05 1586258    /usr/lib/jvm/java-6-openjdk/jre/bin/java
08052000-08053000 rw-p 00009000 08:05 1586258    /usr/lib/jvm/java-6-openjdk/jre/bin/java
096ae000-09853000 rw-p 00000000 00:00 0          [heap]
7ff00000-80000000 rw-p 00000000 00:00 0 
80100000-802fe000 rw-p 00000000 00:00 0 
802fe000-80300000 ---p 00000000 00:00 0 
80300000-80500000 rw-p 00000000 00:00 0 
80500000-80600000 rw-p 00000000 00:00 0 
80618000-8061b000 ---p 00000000 00:00 0 
8061b000-806ea000 rw-p 00000000 00:00 0 
806ea000-806eb000 ---p 00000000 00:00 0 
806eb000-8076b000 rw-p 00000000 00:00 0 
8076b000-8076e000 ---p 00000000 00:00 0 
8076e000-807bc000 rw-p 00000000 00:00 0 
807bc000-807bf000 ---p 00000000 00:00 0 
807bf000-8083d000 rw-p 00000000 00:00 0 
8083d000-80840000 ---p 00000000 00:00 0 
80840000-808be000 rw-p 00000000 00:00 0 
808be000-808c1000 ---p 00000000 00:00 0 
808c1000-8090f000 rw-p 00000000 00:00 0 
8090f000-8094e000 r--p 00000000 08:05 1577945    /usr/lib/locale/en_IN/LC_CTYPE
8094e000-80951000 ---p 00000000 00:00 0 
80951000-8099f000 rw-p 00000000 00:00 0 
8099f000-809a2000 ---p 00000000 00:00 0 
809a2000-809f0000 rw-p 00000000 00:00 0 
809f0000-809f1000 ---p 00000000 00:00 0 
809f1000-80a71000 rw-p 00000000 00:00 0 
80a71000-80c00000 r--s 038c4000 08:05 1586189    /usr/lib/jvm/java-6-openjdk/jre/lib/rt.jar
80c00000-80d00000 rw-p 00000000 00:00 0 
80d2e000-80d37000 r--s 00065000 08:05 6219       /usr/share/java/gnome-java-bridge.jar
80d37000-80d6a000 rw-p 00000000 00:00 0 
80d6a000-80d6b000 ---p 00000000 00:00 0 
80d6b000-80deb000 rw-p 00000000 00:00 0 
80deb000-80dec000 ---p 00000000 00:00 0 
80dec000-80e74000 rw-p 00000000 00:00 0 
80e74000-80eac000 rw-p 00000000 00:00 0 
80eac000-80ebb000 rw-p 00000000 00:00 0 
80ebb000-80f94000 rw-p 00000000 00:00 0 
80f94000-80f9c000 rw-p 00000000 00:00 0 
80f9c000-80fd4000 rw-p 00000000 00:00 0 
80fd4000-80fe3000 rw-p 00000000 00:00 0 
80fe3000-810bb000 rw-p 00000000 00:00 0 
810bb000-810c6000 rw-p 00000000 00:00 0 
810c6000-8112f000 rw-p 00000000 00:00 0 
8112f000-82130000 rw-p 00000000 00:00 0 
82130000-89130000 rw-p 00000000 00:00 0 
89130000-8ae10000 rw-p 00000000 00:00 0 
8ae10000-a5fe0000 rw-p 00000000 00:00 0 
a5fe0000-a7370000 rw-p 00000000 00:00 0 
a7370000-a7410000 ---p 00000000 00:00 0 
a7410000-b4730000 rw-p 00000000 00:00 0 
b4733000-b4734000 rw-p 00000000 00:00 0 
b4734000-b4737000 r--s 0000f000 08:05 1577575    /usr/lib/jvm/java-6-openjdk/jre/lib/ext/pulse-java.jar
b4737000-b4740000 rw-p 00000000 00:00 0 
b4740000-b47f7000 rw-p 00000000 00:00 0 
b47f7000-b4a37000 rwxp 00000000 00:00 0 
b4a37000-b77f7000 rw-p 00000000 00:00 0 
b77f7000-b77fa000 ---p 00000000 00:00 0 
b77fa000-b784b000 rw-p 00000000 00:00 0 
b784c000-b784e000 r--s 0001d000 08:05 1577596    /usr/lib/jvm/java-6-openjdk/jre/lib/plugin.jar
b784e000-b7853000 r--s 00045000 08:05 1577595    /usr/lib/jvm/java-6-openjdk/jre/lib/netx.jar
b7853000-b785b000 rw-s 00000000 08:05 666893     /tmp/hsperfdata_root/5632 (deleted)
b785b000-b785c000 rw-p 00000000 00:00 0 
b785c000-b785d000 ---p 00000000 00:00 0 
b785d000-b785f000 rw-p 00000000 00:00 0 
bfadf000-bfaf4000 rw-p 00000000 00:00 0          [stack]

VM Arguments:
jvm_args: -Dfile.encoding=UTF-8 
java_command: FileAccess.GetPacket
Launcher Type: SUN_STANDARD

Environment Variables:
PATH=/usr/local/sbin:/usr/local/bin:/usr/sbin:/usr/bin:/sbin:/bin:/usr/games
USERNAME=root
LD_LIBRARY_PATH=/usr/lib/jvm/java-6-openjdk/jre/lib/i386/server:/usr/lib/jvm/java-6-openjdk/jre/lib/i386:/usr/lib/jvm/java-6-openjdk/jre/../lib/i386:/usr/lib/jvm/java-6-openjdk/jre/lib/i386/client:/usr/lib/jvm/java-6-openjdk/jre/lib/i386:/usr/lib/jvm/java-6-openjdk/jre/../lib/i386
SHELL=/bin/bash
DISPLAY=:0.0

Signal Handlers:
SIGSEGV: [libjvm.so+0x64a040], sa_mask[0]=0x7ffbfeff, sa_flags=0x10000004
SIGBUS: [libjvm.so+0x64a040], sa_mask[0]=0x7ffbfeff, sa_flags=0x10000004
SIGFPE: [libjvm.so+0x51c0d0], sa_mask[0]=0x7ffbfeff, sa_flags=0x10000004
SIGPIPE: [libjvm.so+0x51c0d0], sa_mask[0]=0x7ffbfeff, sa_flags=0x10000004
SIGXFSZ: [libjvm.so+0x51c0d0], sa_mask[0]=0x7ffbfeff, sa_flags=0x10000004
SIGILL: [libjvm.so+0x51c0d0], sa_mask[0]=0x7ffbfeff, sa_flags=0x10000004
SIGUSR1: SIG_DFL, sa_mask[0]=0x00000000, sa_flags=0x00000000
SIGUSR2: [libjvm.so+0x51b780], sa_mask[0]=0x00000004, sa_flags=0x10000004
SIGHUP: [libjvm.so+0x51e2f0], sa_mask[0]=0x7ffbfeff, sa_flags=0x10000004
SIGINT: SIG_IGN, sa_mask[0]=0x00000000, sa_flags=0x00000000
SIGTERM: [libjvm.so+0x51e2f0], sa_mask[0]=0x7ffbfeff, sa_flags=0x10000004
SIGQUIT: [libjvm.so+0x51e2f0], sa_mask[0]=0x7ffbfeff, sa_flags=0x10000004


---------------  S Y S T E M  ---------------

OS:Ubuntu 10.04 (lucid)
uname:Linux 2.6.32-33-generic #70-Ubuntu SMP Thu Jul 7 21:09:46 UTC 2011 i686
libc:glibc 2.11.1 NPTL 2.11.1 
rlimit: STACK 8192k, CORE 0k, NPROC infinity, NOFILE 1024, AS infinity
load average:4.96 4.19 3.36

/proc/meminfo:
MemTotal:        2836956 kB
MemFree:         1178240 kB
Buffers:           41940 kB
Cached:           431468 kB
SwapCached:        72440 kB
Active:           946116 kB
Inactive:         610912 kB
Active(anon):     812816 kB
Inactive(anon):   278024 kB
Active(file):     133300 kB
Inactive(file):   332888 kB
Unevictable:           0 kB
Mlocked:               0 kB
HighTotal:       1973064 kB
HighFree:         417748 kB
LowTotal:         863892 kB
LowFree:          760492 kB
SwapTotal:       3234808 kB
SwapFree:        3114660 kB
Dirty:              2080 kB
Writeback:             0 kB
AnonPages:       1039900 kB
Mapped:           123312 kB
Shmem:              7176 kB
Slab:              32868 kB
SReclaimable:      21612 kB
SUnreclaim:        11256 kB
KernelStack:        2984 kB
PageTables:         7664 kB
NFS_Unstable:          0 kB
Bounce:                0 kB
WritebackTmp:          0 kB
CommitLimit:     4653284 kB
Committed_AS:    2251300 kB
VmallocTotal:     122880 kB
VmallocUsed:       73240 kB
VmallocChunk:      42876 kB
HardwareCorrupted:     0 kB
HugePages_Total:       0
HugePages_Free:        0
HugePages_Rsvd:        0
HugePages_Surp:        0
Hugepagesize:       4096 kB
DirectMap4k:       12280 kB
DirectMap4M:      897024 kB


CPU:total 2 (2 cores per cpu, 1 threads per core) family 17 model 3 stepping 1, cmov, cx8, fxsr, mmx, sse, sse2, sse3, mmxext, 3dnow, 3dnowext

Memory: 4k page, physical 2836956k(1178240k free), swap 3234808k(3114660k free)

vm_info: OpenJDK Server VM (19.0-b09) for linux-x86 JRE (1.6.0_20-b20), built on Jan 21 2012 08:10:55 by "buildd" with gcc 4.4.3

time: Thu Mar 22 16:27:47 2012
elapsed time: 401 seconds

