#
# A fatal error has been detected by the Java Runtime Environment:
#
#  SIGSEGV (0xb) at pc=0x014d6259, pid=10302, tid=3077925744
#
# JRE version: 6.0_20-b20
# Java VM: OpenJDK Server VM (19.0-b09 mixed mode linux-x86 )
# Derivative: IcedTea6 1.9.10
# Distribution: Ubuntu 10.04.1 LTS, package 6b20-1.9.10-0ubuntu1~10.04.3
# Problematic frame:
# V  [libjvm.so+0x630259]
#
# If you would like to submit a bug report, please include
# instructions how to reproduce the bug and visit:
#   https://bugs.launchpad.net/ubuntu/+source/openjdk-6/
#

---------------  T H R E A D  ---------------

Current thread (0x0935b000):  JavaThread "main" [_thread_in_vm, id=10306, stack(0xb7706000,0xb7757000)]

siginfo:si_signo=SIGSEGV: si_errno=0, si_code=1 (SEGV_MAPERR), si_addr=0x00000008

Registers:
EAX=0x00000000, EBX=0x015b0ff4, ECX=0x00000008, EDX=0x00000008
ESP=0xb7755ef4, EBP=0xb7755ef8, ESI=0xb7755f5c, EDI=0x00000008
EIP=0x014d6259, CR2=0x00000008, EFLAGS=0x00010246

Register to memory mapping:

EAX=0x00000000
0x00000000 is pointing to unknown location

EBX=0x015b0ff4
0x015b0ff4: <offset 0x70aff4> in /usr/lib/jvm/java-6-openjdk/jre/lib/i386/server/libjvm.so at 0x00ea6000

ECX=0x00000008
0x00000008 is pointing to unknown location

EDX=0x00000008
0x00000008 is pointing to unknown location

ESP=0xb7755ef4
0xb7755ef4 is pointing into the stack for thread: 0x0935b000
"main" prio=10 tid=0x0935b000 nid=0x2842 runnable [0xb7756000]
   java.lang.Thread.State: RUNNABLE

EBP=0xb7755ef8
0xb7755ef8 is pointing into the stack for thread: 0x0935b000
"main" prio=10 tid=0x0935b000 nid=0x2842 runnable [0xb7756000]
   java.lang.Thread.State: RUNNABLE

ESI=0xb7755f5c
0xb7755f5c is pointing into the stack for thread: 0x0935b000
"main" prio=10 tid=0x0935b000 nid=0x2842 runnable [0xb7756000]
   java.lang.Thread.State: RUNNABLE

EDI=0x00000008
0x00000008 is pointing to unknown location


Top of Stack: (sp=0xb7755ef4)
0xb7755ef4:   b7755f5c b7755f38 01233758 00000008
0xb7755f04:   81223550 81044b48 0123373e 093653c8
0xb7755f14:   0000006f 00c159a4 00000012 523beb0a
0xb7755f24:   00000000 01516ec8 015b0ff4 0935b000
0xb7755f34:   015c7f90 b7755f68 012337f5 b7755f5c
0xb7755f44:   00000008 0935b000 01243b84 b7755fac
0xb7755f54:   0935b000 015b0ff4 012337da 015b0ff4
0xb7755f64:   0935b000 b7755fc8 01241732 00000008 

Instructions: (pc=0x014d6259)
0x014d6249:   5f 5d c3 8d 74 26 00 55 31 c0 89 e5 56 8b 4d 08
0x014d6259:   8a 11 84 d2 74 1c 90 81 e2 c0 00 00 00 83 c2 80 

Stack: [0xb7706000,0xb7757000],  sp=0xb7755ef4,  free space=319k
Native frames: (J=compiled Java code, j=interpreted, Vv=VM code, C=native code)
V  [libjvm.so+0x630259]
V  [libjvm.so+0x38d758]
V  [libjvm.so+0x38d7f5]
V  [libjvm.so+0x39b732]
C  [libvminfo.so+0x8b7]  Java_FileAccess_VMInfo_fillInfo+0xd6
j  FileAccess.VMInfo.fillInfo()V+0
j  FileAccess.VMInfo.main([Ljava/lang/String;)V+9
v  ~StubRoutines::call_stub
V  [libjvm.so+0x387d72]
V  [libjvm.so+0x519369]
V  [libjvm.so+0x386caf]
V  [libjvm.so+0x39214c]
V  [libjvm.so+0x3a11ad]
C  [java+0x321d]  JavaMain+0xd4d
C  [libpthread.so.0+0x596e]

Java frames: (J=compiled Java code, j=interpreted, Vv=VM code)
j  FileAccess.VMInfo.fillInfo()V+0
j  FileAccess.VMInfo.main([Ljava/lang/String;)V+9
v  ~StubRoutines::call_stub

---------------  P R O C E S S  ---------------

Java Threads: ( => current thread )
  0x80704800 JavaThread "Low Memory Detector" daemon [_thread_blocked, id=10315, stack(0x8082c000,0x8087d000)]
  0x80702800 JavaThread "CompilerThread1" daemon [_thread_blocked, id=10314, stack(0x8067f000,0x80700000)]
  0x80700800 JavaThread "CompilerThread0" daemon [_thread_blocked, id=10313, stack(0x8087d000,0x808fe000)]
  0x093f9400 JavaThread "Signal Dispatcher" daemon [_thread_blocked, id=10312, stack(0x808fe000,0x8094f000)]
  0x093e6000 JavaThread "Finalizer" daemon [_thread_blocked, id=10311, stack(0x8098e000,0x809df000)]
  0x093e4c00 JavaThread "Reference Handler" daemon [_thread_blocked, id=10310, stack(0x809df000,0x80a30000)]
=>0x0935b000 JavaThread "main" [_thread_in_vm, id=10306, stack(0xb7706000,0xb7757000)]

Other Threads:
  0x093e0c00 VMThread [stack: 0x80a30000,0x80ab1000] [id=10309]
  0x80706c00 WatcherThread [stack: 0x805fe000,0x8067f000] [id=10316]

VM state:not at safepoint (normal execution)

VM Mutex/Monitor currently owned by a thread: None

Heap
 PSYoungGen      total 12992K, used 448K [0xa5ef0000, 0xa6d60000, 0xb4640000)
  eden space 11200K, 4% used [0xa5ef0000,0xa5f60060,0xa69e0000)
  from space 1792K, 0% used [0xa6ba0000,0xa6ba0000,0xa6d60000)
  to   space 1792K, 0% used [0xa69e0000,0xa69e0000,0xa6ba0000)
 PSOldGen        total 29568K, used 0K [0x89040000, 0x8ad20000, 0xa5ef0000)
  object space 29568K, 0% used [0x89040000,0x89040000,0x8ad20000)
 PSPermGen       total 16384K, used 1939K [0x81040000, 0x82040000, 0x89040000)
  object space 16384K, 11% used [0x81040000,0x81224ef0,0x82040000)

Dynamic libraries:
00122000-0013d000 r-xp 00000000 08:05 523290     /lib/ld-2.11.1.so
0013d000-0013e000 r--p 0001a000 08:05 523290     /lib/ld-2.11.1.so
0013e000-0013f000 rw-p 0001b000 08:05 523290     /lib/ld-2.11.1.so
0013f000-00292000 r-xp 00000000 08:05 527197     /lib/tls/i686/cmov/libc-2.11.1.so
00292000-00293000 ---p 00153000 08:05 527197     /lib/tls/i686/cmov/libc-2.11.1.so
00293000-00295000 r--p 00153000 08:05 527197     /lib/tls/i686/cmov/libc-2.11.1.so
00295000-00296000 rw-p 00155000 08:05 527197     /lib/tls/i686/cmov/libc-2.11.1.so
00296000-00299000 rw-p 00000000 00:00 0 
002a0000-002a3000 r-xp 00000000 08:05 1586197    /usr/lib/jvm/java-6-openjdk/jre/lib/i386/jli/libjli.so
002a3000-002a4000 r--p 00003000 08:05 1586197    /usr/lib/jvm/java-6-openjdk/jre/lib/i386/jli/libjli.so
002a4000-002a5000 rw-p 00004000 08:05 1586197    /usr/lib/jvm/java-6-openjdk/jre/lib/i386/jli/libjli.so
002a5000-002b8000 r-xp 00000000 08:05 527208     /lib/tls/i686/cmov/libnsl-2.11.1.so
002b8000-002b9000 r--p 00012000 08:05 527208     /lib/tls/i686/cmov/libnsl-2.11.1.so
002b9000-002ba000 rw-p 00013000 08:05 527208     /lib/tls/i686/cmov/libnsl-2.11.1.so
002ba000-002bc000 rw-p 00000000 00:00 0 
004d4000-004db000 r-xp 00000000 08:05 1586228    /usr/lib/jvm/java-6-openjdk/jre/lib/i386/native_threads/libhpi.so
004db000-004dc000 r--p 00006000 08:05 1586228    /usr/lib/jvm/java-6-openjdk/jre/lib/i386/native_threads/libhpi.so
004dc000-004dd000 rw-p 00007000 08:05 1586228    /usr/lib/jvm/java-6-openjdk/jre/lib/i386/native_threads/libhpi.so
0057e000-00584000 r-xp 00000000 08:05 527210     /lib/tls/i686/cmov/libnss_compat-2.11.1.so
00584000-00585000 r--p 00006000 08:05 527210     /lib/tls/i686/cmov/libnss_compat-2.11.1.so
00585000-00586000 rw-p 00007000 08:05 527210     /lib/tls/i686/cmov/libnss_compat-2.11.1.so
005ea000-005f4000 r-xp 00000000 08:05 527214     /lib/tls/i686/cmov/libnss_files-2.11.1.so
005f4000-005f5000 r--p 00009000 08:05 527214     /lib/tls/i686/cmov/libnss_files-2.11.1.so
005f5000-005f6000 rw-p 0000a000 08:05 527214     /lib/tls/i686/cmov/libnss_files-2.11.1.so
00749000-00751000 r-xp 00000000 08:05 527218     /lib/tls/i686/cmov/libnss_nis-2.11.1.so
00751000-00752000 r--p 00007000 08:05 527218     /lib/tls/i686/cmov/libnss_nis-2.11.1.so
00752000-00753000 rw-p 00008000 08:05 527218     /lib/tls/i686/cmov/libnss_nis-2.11.1.so
00850000-00874000 r-xp 00000000 08:05 527205     /lib/tls/i686/cmov/libm-2.11.1.so
00874000-00875000 r--p 00023000 08:05 527205     /lib/tls/i686/cmov/libm-2.11.1.so
00875000-00876000 rw-p 00024000 08:05 527205     /lib/tls/i686/cmov/libm-2.11.1.so
0095e000-00973000 r-xp 00000000 08:05 527223     /lib/tls/i686/cmov/libpthread-2.11.1.so
00973000-00974000 r--p 00014000 08:05 527223     /lib/tls/i686/cmov/libpthread-2.11.1.so
00974000-00975000 rw-p 00015000 08:05 527223     /lib/tls/i686/cmov/libpthread-2.11.1.so
00975000-00977000 rw-p 00000000 00:00 0 
0098e000-00995000 r-xp 00000000 08:05 527227     /lib/tls/i686/cmov/librt-2.11.1.so
00995000-00996000 r--p 00006000 08:05 527227     /lib/tls/i686/cmov/librt-2.11.1.so
00996000-00997000 rw-p 00007000 08:05 527227     /lib/tls/i686/cmov/librt-2.11.1.so
00aa9000-00ab0000 r-xp 00000000 08:05 1586226    /usr/lib/jvm/java-6-openjdk/jre/lib/i386/libzip.so
00ab0000-00ab1000 r--p 00006000 08:05 1586226    /usr/lib/jvm/java-6-openjdk/jre/lib/i386/libzip.so
00ab1000-00ab2000 rw-p 00007000 08:05 1586226    /usr/lib/jvm/java-6-openjdk/jre/lib/i386/libzip.so
00b8b000-00b97000 r-xp 00000000 08:05 1586225    /usr/lib/jvm/java-6-openjdk/jre/lib/i386/libverify.so
00b97000-00b98000 r--p 0000b000 08:05 1586225    /usr/lib/jvm/java-6-openjdk/jre/lib/i386/libverify.so
00b98000-00b99000 rw-p 0000c000 08:05 1586225    /usr/lib/jvm/java-6-openjdk/jre/lib/i386/libverify.so
00bbd000-00bbf000 r-xp 00000000 08:05 527203     /lib/tls/i686/cmov/libdl-2.11.1.so
00bbf000-00bc0000 r--p 00001000 08:05 527203     /lib/tls/i686/cmov/libdl-2.11.1.so
00bc0000-00bc1000 rw-p 00002000 08:05 527203     /lib/tls/i686/cmov/libdl-2.11.1.so
00be3000-00c07000 r-xp 00000000 08:05 1586209    /usr/lib/jvm/java-6-openjdk/jre/lib/i386/libjava.so
00c07000-00c08000 r--p 00023000 08:05 1586209    /usr/lib/jvm/java-6-openjdk/jre/lib/i386/libjava.so
00c08000-00c0a000 rw-p 00024000 08:05 1586209    /usr/lib/jvm/java-6-openjdk/jre/lib/i386/libjava.so
00c15000-00c16000 r-xp 00000000 08:05 1592433    /usr/lib/libvminfo.so
00c16000-00c17000 r--p 00000000 08:05 1592433    /usr/lib/libvminfo.so
00c17000-00c18000 rw-p 00001000 08:05 1592433    /usr/lib/libvminfo.so
00d10000-00d11000 r-xp 00000000 00:00 0          [vdso]
00e91000-00ea4000 r-xp 00000000 08:05 523463     /lib/libz.so.1.2.3.3
00ea4000-00ea5000 r--p 00012000 08:05 523463     /lib/libz.so.1.2.3.3
00ea5000-00ea6000 rw-p 00013000 08:05 523463     /lib/libz.so.1.2.3.3
00ea6000-0156b000 r-xp 00000000 08:05 1586230    /usr/lib/jvm/java-6-openjdk/jre/lib/i386/server/libjvm.so
0156b000-0156c000 ---p 006c5000 08:05 1586230    /usr/lib/jvm/java-6-openjdk/jre/lib/i386/server/libjvm.so
0156c000-015b1000 r--p 006c5000 08:05 1586230    /usr/lib/jvm/java-6-openjdk/jre/lib/i386/server/libjvm.so
015b1000-015c0000 rw-p 0070a000 08:05 1586230    /usr/lib/jvm/java-6-openjdk/jre/lib/i386/server/libjvm.so
015c0000-019df000 rw-p 00000000 00:00 0 
08048000-08051000 r-xp 00000000 08:05 1586258    /usr/lib/jvm/java-6-openjdk/jre/bin/java
08051000-08052000 r--p 00008000 08:05 1586258    /usr/lib/jvm/java-6-openjdk/jre/bin/java
08052000-08053000 rw-p 00009000 08:05 1586258    /usr/lib/jvm/java-6-openjdk/jre/bin/java
09354000-0941a000 rw-p 00000000 00:00 0          [heap]
805fe000-805ff000 ---p 00000000 00:00 0 
805ff000-8067f000 rw-p 00000000 00:00 0 
8067f000-80682000 ---p 00000000 00:00 0 
80682000-80700000 rw-p 00000000 00:00 0 
80700000-80723000 rw-p 00000000 00:00 0 
80723000-80800000 ---p 00000000 00:00 0 
80823000-8082c000 r--s 00065000 08:05 6219       /usr/share/java/gnome-java-bridge.jar
8082c000-8082f000 ---p 00000000 00:00 0 
8082f000-8087d000 rw-p 00000000 00:00 0 
8087d000-80880000 ---p 00000000 00:00 0 
80880000-808fe000 rw-p 00000000 00:00 0 
808fe000-80901000 ---p 00000000 00:00 0 
80901000-8094f000 rw-p 00000000 00:00 0 
8094f000-8098e000 r--p 00000000 08:05 1577945    /usr/lib/locale/en_IN/LC_CTYPE
8098e000-80991000 ---p 00000000 00:00 0 
80991000-809df000 rw-p 00000000 00:00 0 
809df000-809e2000 ---p 00000000 00:00 0 
809e2000-80a30000 rw-p 00000000 00:00 0 
80a30000-80a31000 ---p 00000000 00:00 0 
80a31000-80ab1000 rw-p 00000000 00:00 0 
80ab1000-80ab3000 r--s 0001d000 08:05 1577596    /usr/lib/jvm/java-6-openjdk/jre/lib/plugin.jar
80ab3000-80ab8000 r--s 00045000 08:05 1577595    /usr/lib/jvm/java-6-openjdk/jre/lib/netx.jar
80ab8000-80aeb000 rw-p 00000000 00:00 0 
80aeb000-80c7a000 r--s 038c4000 08:05 1586189    /usr/lib/jvm/java-6-openjdk/jre/lib/rt.jar
80c7a000-80c7b000 ---p 00000000 00:00 0 
80c7b000-80cfb000 rw-p 00000000 00:00 0 
80cfb000-80cfc000 ---p 00000000 00:00 0 
80cfc000-80d84000 rw-p 00000000 00:00 0 
80d84000-80dbc000 rw-p 00000000 00:00 0 
80dbc000-80dcb000 rw-p 00000000 00:00 0 
80dcb000-80ea4000 rw-p 00000000 00:00 0 
80ea4000-80eac000 rw-p 00000000 00:00 0 
80eac000-80ee4000 rw-p 00000000 00:00 0 
80ee4000-80ef3000 rw-p 00000000 00:00 0 
80ef3000-80fcb000 rw-p 00000000 00:00 0 
80fcb000-80fd3000 rw-p 00000000 00:00 0 
80fd3000-8103f000 rw-p 00000000 00:00 0 
8103f000-82040000 rw-p 00000000 00:00 0 
82040000-89040000 rw-p 00000000 00:00 0 
89040000-8ad20000 rw-p 00000000 00:00 0 
8ad20000-a5ef0000 rw-p 00000000 00:00 0 
a5ef0000-a6d60000 rw-p 00000000 00:00 0 
a6d60000-b4640000 rw-p 00000000 00:00 0 
b4646000-b464f000 rw-p 00000000 00:00 0 
b464f000-b4706000 rw-p 00000000 00:00 0 
b4706000-b4946000 rwxp 00000000 00:00 0 
b4946000-b7706000 rw-p 00000000 00:00 0 
b7706000-b7709000 ---p 00000000 00:00 0 
b7709000-b775a000 rw-p 00000000 00:00 0 
b775d000-b775f000 rw-p 00000000 00:00 0 
b775f000-b7762000 r--s 0000f000 08:05 1577575    /usr/lib/jvm/java-6-openjdk/jre/lib/ext/pulse-java.jar
b7762000-b776a000 rw-s 00000000 08:05 663897     /tmp/hsperfdata_root/10302
b776a000-b776b000 rw-p 00000000 00:00 0 
b776b000-b776c000 r--p 00000000 00:00 0 
b776c000-b776e000 rw-p 00000000 00:00 0 
bf82b000-bf840000 rw-p 00000000 00:00 0          [stack]

VM Arguments:
jvm_args: -Dfile.encoding=UTF-8 
java_command: FileAccess.VMInfo
Launcher Type: SUN_STANDARD

Environment Variables:
PATH=/usr/local/sbin:/usr/local/bin:/usr/sbin:/usr/bin:/sbin:/bin:/usr/games
USERNAME=root
LD_LIBRARY_PATH=/usr/lib/jvm/java-6-openjdk/jre/lib/i386/server:/usr/lib/jvm/java-6-openjdk/jre/lib/i386:/usr/lib/jvm/java-6-openjdk/jre/../lib/i386:/usr/lib/jvm/java-6-openjdk/jre/lib/i386/client:/usr/lib/jvm/java-6-openjdk/jre/lib/i386:/usr/lib/jvm/java-6-openjdk/jre/../lib/i386
SHELL=/bin/bash
DISPLAY=:0.0

Signal Handlers:
SIGSEGV: [libjvm.so+0x64a040], sa_mask[0]=0x7ffbfeff, sa_flags=0x10000004
SIGBUS: [libjvm.so+0x64a040], sa_mask[0]=0x7ffbfeff, sa_flags=0x10000004
SIGFPE: [libjvm.so+0x51c0d0], sa_mask[0]=0x7ffbfeff, sa_flags=0x10000004
SIGPIPE: [libjvm.so+0x51c0d0], sa_mask[0]=0x7ffbfeff, sa_flags=0x10000004
SIGXFSZ: [libjvm.so+0x51c0d0], sa_mask[0]=0x7ffbfeff, sa_flags=0x10000004
SIGILL: [libjvm.so+0x51c0d0], sa_mask[0]=0x7ffbfeff, sa_flags=0x10000004
SIGUSR1: SIG_DFL, sa_mask[0]=0x00000000, sa_flags=0x00000000
SIGUSR2: [libjvm.so+0x51b780], sa_mask[0]=0x00000004, sa_flags=0x10000004
SIGHUP: [libjvm.so+0x51e2f0], sa_mask[0]=0x7ffbfeff, sa_flags=0x10000004
SIGINT: SIG_IGN, sa_mask[0]=0x00000000, sa_flags=0x00000000
SIGTERM: [libjvm.so+0x51e2f0], sa_mask[0]=0x7ffbfeff, sa_flags=0x10000004
SIGQUIT: [libjvm.so+0x51e2f0], sa_mask[0]=0x7ffbfeff, sa_flags=0x10000004


---------------  S Y S T E M  ---------------

OS:Ubuntu 10.04 (lucid)
uname:Linux 2.6.32-33-generic #70-Ubuntu SMP Thu Jul 7 21:09:46 UTC 2011 i686
libc:glibc 2.11.1 NPTL 2.11.1 
rlimit: STACK 8192k, CORE 0k, NPROC infinity, NOFILE 1024, AS infinity
load average:1.10 0.85 0.79

/proc/meminfo:
MemTotal:        2836956 kB
MemFree:         1573356 kB
Buffers:           53128 kB
Cached:           409552 kB
SwapCached:       108156 kB
Active:           354672 kB
Inactive:         814664 kB
Active(anon):     137320 kB
Inactive(anon):   577424 kB
Active(file):     217352 kB
Inactive(file):   237240 kB
Unevictable:           0 kB
Mlocked:               0 kB
HighTotal:       1973064 kB
HighFree:         815304 kB
LowTotal:         863892 kB
LowFree:          758052 kB
SwapTotal:       3234808 kB
SwapFree:        3059076 kB
Dirty:               220 kB
Writeback:             0 kB
AnonPages:        631112 kB
Mapped:           120772 kB
Shmem:              8088 kB
Slab:              25324 kB
SReclaimable:      13724 kB
SUnreclaim:        11600 kB
KernelStack:        2904 kB
PageTables:         7196 kB
NFS_Unstable:          0 kB
Bounce:                0 kB
WritebackTmp:          0 kB
CommitLimit:     4653284 kB
Committed_AS:    1808128 kB
VmallocTotal:     122880 kB
VmallocUsed:       73304 kB
VmallocChunk:      27796 kB
HardwareCorrupted:     0 kB
HugePages_Total:       0
HugePages_Free:        0
HugePages_Rsvd:        0
HugePages_Surp:        0
Hugepagesize:       4096 kB
DirectMap4k:       12280 kB
DirectMap4M:      897024 kB


CPU:total 2 (2 cores per cpu, 1 threads per core) family 17 model 3 stepping 1, cmov, cx8, fxsr, mmx, sse, sse2, sse3, mmxext, 3dnow, 3dnowext

Memory: 4k page, physical 2836956k(1573356k free), swap 3234808k(3059076k free)

vm_info: OpenJDK Server VM (19.0-b09) for linux-x86 JRE (1.6.0_20-b20), built on Jan 21 2012 08:10:55 by "buildd" with gcc 4.4.3

time: Fri Mar 23 01:03:03 2012
elapsed time: 0 seconds

