#
# A fatal error has been detected by the Java Runtime Environment:
#
#  SIGSEGV (0xb) at pc=0x00190249, pid=6870, tid=3078355824
#
# JRE version: 6.0_20-b20
# Java VM: OpenJDK Server VM (19.0-b09 mixed mode linux-x86 )
# Derivative: IcedTea6 1.9.10
# Distribution: Ubuntu 10.04.1 LTS, package 6b20-1.9.10-0ubuntu1~10.04.3
# Problematic frame:
# C  [libbytestransfer.so+0x7249]  set_rule+0x1f
#
# If you would like to submit a bug report, please include
# instructions how to reproduce the bug and visit:
#   https://bugs.launchpad.net/ubuntu/+source/openjdk-6/
# The crash happened outside the Java Virtual Machine in native code.
# See problematic frame for where to report the bug.
#

---------------  T H R E A D  ---------------

Current thread (0x09ae7000):  JavaThread "main" [_thread_in_native, id=6874, stack(0xb776f000,0xb77c0000)]

siginfo:si_signo=SIGSEGV: si_errno=0, si_code=1 (SEGV_MAPERR), si_addr=0x00000011

Registers:
EAX=0xffffffff, EBX=0x81282d50, ECX=0x00000000, EDX=0x00000011
ESP=0xb77beee8, EBP=0xb77beef8, ESI=0x81282d50, EDI=0x09ae7000
EIP=0x00190249, CR2=0x00000011, EFLAGS=0x00010246

Register to memory mapping:

EAX=0xffffffff
0xffffffff is pointing to unknown location

EBX=0x81282d50
{method} 
 - klass: {other class}

ECX=0x00000000
0x00000000 is pointing to unknown location

EDX=0x00000011
0x00000011 is pointing to unknown location

ESP=0xb77beee8
0xb77beee8 is pointing into the stack for thread: 0x09ae7000
"main" prio=10 tid=0x09ae7000 nid=0x1ada runnable [0xb77bf000]
   java.lang.Thread.State: RUNNABLE

EBP=0xb77beef8
0xb77beef8 is pointing into the stack for thread: 0x09ae7000
"main" prio=10 tid=0x09ae7000 nid=0x1ada runnable [0xb77bf000]
   java.lang.Thread.State: RUNNABLE

ESI=0x81282d50
{method} 
 - klass: {other class}

EDI=0x09ae7000
"main" prio=10 tid=0x09ae7000 nid=0x1ada runnable [0xb77bf000]
   java.lang.Thread.State: RUNNABLE


Top of Stack: (sp=0xb77beee8)
0xb77beee8:   0001f578 81282d50 81282d50 00000000
0xb77beef8:   b77befb8 001902ea b77bef20 ffffffff
0xb77bef08:   009424e0 00000000 00000000 09ae59a0
0xb77bef18:   09b9e700 09b9f878 00000011 09ae59a0
0xb77bef28:   b77bef48 010917de 8128436c 00000010
0xb77bef38:   81284360 01417ff4 09ba0f30 09ae59a0
0xb77bef48:   b77befb8 010a8425 b77bef9c 09ae7490
0xb77bef58:   009433c0 009433c0 b77bef9c 09ae7490 

Instructions: (pc=0x00190249)
0x00190239:   8b 45 08 8b 00 8b 55 fc 01 d2 8d 14 10 8b 45 0c
0x00190249:   66 89 02 8b 45 08 8b 40 04 8b 55 fc 01 d2 8d 14 

Stack: [0xb776f000,0xb77c0000],  sp=0xb77beee8,  free space=319k
Native frames: (J=compiled Java code, j=interpreted, Vv=VM code, C=native code)
C  [libbytestransfer.so+0x7249]  set_rule+0x1f
C  [libbytestransfer.so+0x72ea]  get_hourly_transfer+0x53
C  [libbytestransfer.so+0x76e0]  Java_FileAccess_datatransfer_fillData+0x354
j  FileAccess.datatransfer.fillData()V+0
j  FileAccess.datatransfer.main([Ljava/lang/String;)V+72
v  ~StubRoutines::call_stub
V  [libjvm.so+0x387d72]
V  [libjvm.so+0x519369]
V  [libjvm.so+0x386caf]
V  [libjvm.so+0x39214c]
V  [libjvm.so+0x3a11ad]
C  [java+0x321d]  JavaMain+0xd4d
C  [libpthread.so.0+0x596e]

Java frames: (J=compiled Java code, j=interpreted, Vv=VM code)
j  FileAccess.datatransfer.fillData()V+0
j  FileAccess.datatransfer.main([Ljava/lang/String;)V+72
v  ~StubRoutines::call_stub

---------------  P R O C E S S  ---------------

Java Threads: ( => current thread )
  0x09b8c000 JavaThread "Low Memory Detector" daemon [_thread_blocked, id=6883, stack(0x806ec000,0x8073d000)]
  0x09b88800 JavaThread "CompilerThread1" daemon [_thread_blocked, id=6882, stack(0x8073d000,0x807be000)]
  0x09b86800 JavaThread "CompilerThread0" daemon [_thread_blocked, id=6881, stack(0x807be000,0x8083f000)]
  0x09b85400 JavaThread "Signal Dispatcher" daemon [_thread_blocked, id=6880, stack(0x8083f000,0x80890000)]
  0x09b72000 JavaThread "Finalizer" daemon [_thread_blocked, id=6879, stack(0x808cf000,0x80920000)]
  0x09b70c00 JavaThread "Reference Handler" daemon [_thread_blocked, id=6878, stack(0x80920000,0x80971000)]
=>0x09ae7000 JavaThread "main" [_thread_in_native, id=6874, stack(0xb776f000,0xb77c0000)]

Other Threads:
  0x09b6cc00 VMThread [stack: 0x80c26000,0x80ca7000] [id=6877]
  0x09b8dc00 WatcherThread [stack: 0x8066b000,0x806ec000] [id=6884]

VM state:not at safepoint (normal execution)

VM Mutex/Monitor currently owned by a thread: None

Heap
 PSYoungGen      total 12992K, used 448K [0xa5f50000, 0xa6dc0000, 0xb46a0000)
  eden space 11200K, 4% used [0xa5f50000,0xa5fc0068,0xa6a40000)
  from space 1792K, 0% used [0xa6c00000,0xa6c00000,0xa6dc0000)
  to   space 1792K, 0% used [0xa6a40000,0xa6a40000,0xa6c00000)
 PSOldGen        total 29568K, used 0K [0x890a0000, 0x8ad80000, 0xa5f50000)
  object space 29568K, 0% used [0x890a0000,0x890a0000,0x8ad80000)
 PSPermGen       total 16384K, used 1936K [0x810a0000, 0x820a0000, 0x890a0000)
  object space 16384K, 11% used [0x810a0000,0x812843d8,0x820a0000)

Dynamic libraries:
00110000-00134000 r-xp 00000000 08:05 527205     /lib/tls/i686/cmov/libm-2.11.1.so
00134000-00135000 r--p 00023000 08:05 527205     /lib/tls/i686/cmov/libm-2.11.1.so
00135000-00136000 rw-p 00024000 08:05 527205     /lib/tls/i686/cmov/libm-2.11.1.so
00136000-0015a000 r-xp 00000000 08:05 1586209    /usr/lib/jvm/java-6-openjdk/jre/lib/i386/libjava.so
0015a000-0015b000 r--p 00023000 08:05 1586209    /usr/lib/jvm/java-6-openjdk/jre/lib/i386/libjava.so
0015b000-0015d000 rw-p 00024000 08:05 1586209    /usr/lib/jvm/java-6-openjdk/jre/lib/i386/libjava.so
0015d000-00170000 r-xp 00000000 08:05 527208     /lib/tls/i686/cmov/libnsl-2.11.1.so
00170000-00171000 r--p 00012000 08:05 527208     /lib/tls/i686/cmov/libnsl-2.11.1.so
00171000-00172000 rw-p 00013000 08:05 527208     /lib/tls/i686/cmov/libnsl-2.11.1.so
00172000-00174000 rw-p 00000000 00:00 0 
00174000-0017b000 r-xp 00000000 08:05 1586228    /usr/lib/jvm/java-6-openjdk/jre/lib/i386/native_threads/libhpi.so
0017b000-0017c000 r--p 00006000 08:05 1586228    /usr/lib/jvm/java-6-openjdk/jre/lib/i386/native_threads/libhpi.so
0017c000-0017d000 rw-p 00007000 08:05 1586228    /usr/lib/jvm/java-6-openjdk/jre/lib/i386/native_threads/libhpi.so
0017d000-00187000 r-xp 00000000 08:05 527214     /lib/tls/i686/cmov/libnss_files-2.11.1.so
00187000-00188000 r--p 00009000 08:05 527214     /lib/tls/i686/cmov/libnss_files-2.11.1.so
00188000-00189000 rw-p 0000a000 08:05 527214     /lib/tls/i686/cmov/libnss_files-2.11.1.so
00189000-00192000 r-xp 00000000 08:05 1592432    /usr/lib/libbytestransfer.so
00192000-00193000 r--p 00008000 08:05 1592432    /usr/lib/libbytestransfer.so
00193000-00194000 rw-p 00009000 08:05 1592432    /usr/lib/libbytestransfer.so
001d1000-001d4000 r-xp 00000000 08:05 1586197    /usr/lib/jvm/java-6-openjdk/jre/lib/i386/jli/libjli.so
001d4000-001d5000 r--p 00003000 08:05 1586197    /usr/lib/jvm/java-6-openjdk/jre/lib/i386/jli/libjli.so
001d5000-001d6000 rw-p 00004000 08:05 1586197    /usr/lib/jvm/java-6-openjdk/jre/lib/i386/jli/libjli.so
002c5000-002c6000 r-xp 00000000 00:00 0          [vdso]
0038e000-00395000 r-xp 00000000 08:05 1586226    /usr/lib/jvm/java-6-openjdk/jre/lib/i386/libzip.so
00395000-00396000 r--p 00006000 08:05 1586226    /usr/lib/jvm/java-6-openjdk/jre/lib/i386/libzip.so
00396000-00397000 rw-p 00007000 08:05 1586226    /usr/lib/jvm/java-6-openjdk/jre/lib/i386/libzip.so
00633000-00639000 r-xp 00000000 08:05 527210     /lib/tls/i686/cmov/libnss_compat-2.11.1.so
00639000-0063a000 r--p 00006000 08:05 527210     /lib/tls/i686/cmov/libnss_compat-2.11.1.so
0063a000-0063b000 rw-p 00007000 08:05 527210     /lib/tls/i686/cmov/libnss_compat-2.11.1.so
00685000-0068c000 r-xp 00000000 08:05 527227     /lib/tls/i686/cmov/librt-2.11.1.so
0068c000-0068d000 r--p 00006000 08:05 527227     /lib/tls/i686/cmov/librt-2.11.1.so
0068d000-0068e000 rw-p 00007000 08:05 527227     /lib/tls/i686/cmov/librt-2.11.1.so
00721000-00723000 r-xp 00000000 08:05 527203     /lib/tls/i686/cmov/libdl-2.11.1.so
00723000-00724000 r--p 00001000 08:05 527203     /lib/tls/i686/cmov/libdl-2.11.1.so
00724000-00725000 rw-p 00002000 08:05 527203     /lib/tls/i686/cmov/libdl-2.11.1.so
007ec000-0093f000 r-xp 00000000 08:05 527197     /lib/tls/i686/cmov/libc-2.11.1.so
0093f000-00940000 ---p 00153000 08:05 527197     /lib/tls/i686/cmov/libc-2.11.1.so
00940000-00942000 r--p 00153000 08:05 527197     /lib/tls/i686/cmov/libc-2.11.1.so
00942000-00943000 rw-p 00155000 08:05 527197     /lib/tls/i686/cmov/libc-2.11.1.so
00943000-00946000 rw-p 00000000 00:00 0 
009ee000-009f6000 r-xp 00000000 08:05 527218     /lib/tls/i686/cmov/libnss_nis-2.11.1.so
009f6000-009f7000 r--p 00007000 08:05 527218     /lib/tls/i686/cmov/libnss_nis-2.11.1.so
009f7000-009f8000 rw-p 00008000 08:05 527218     /lib/tls/i686/cmov/libnss_nis-2.11.1.so
00b33000-00b3f000 r-xp 00000000 08:05 1586225    /usr/lib/jvm/java-6-openjdk/jre/lib/i386/libverify.so
00b3f000-00b40000 r--p 0000b000 08:05 1586225    /usr/lib/jvm/java-6-openjdk/jre/lib/i386/libverify.so
00b40000-00b41000 rw-p 0000c000 08:05 1586225    /usr/lib/jvm/java-6-openjdk/jre/lib/i386/libverify.so
00c43000-00c5e000 r-xp 00000000 08:05 523290     /lib/ld-2.11.1.so
00c5e000-00c5f000 r--p 0001a000 08:05 523290     /lib/ld-2.11.1.so
00c5f000-00c60000 rw-p 0001b000 08:05 523290     /lib/ld-2.11.1.so
00c97000-00cac000 r-xp 00000000 08:05 527223     /lib/tls/i686/cmov/libpthread-2.11.1.so
00cac000-00cad000 r--p 00014000 08:05 527223     /lib/tls/i686/cmov/libpthread-2.11.1.so
00cad000-00cae000 rw-p 00015000 08:05 527223     /lib/tls/i686/cmov/libpthread-2.11.1.so
00cae000-00cb0000 rw-p 00000000 00:00 0 
00cf8000-00d0b000 r-xp 00000000 08:05 523463     /lib/libz.so.1.2.3.3
00d0b000-00d0c000 r--p 00012000 08:05 523463     /lib/libz.so.1.2.3.3
00d0c000-00d0d000 rw-p 00013000 08:05 523463     /lib/libz.so.1.2.3.3
00d0d000-013d2000 r-xp 00000000 08:05 1586230    /usr/lib/jvm/java-6-openjdk/jre/lib/i386/server/libjvm.so
013d2000-013d3000 ---p 006c5000 08:05 1586230    /usr/lib/jvm/java-6-openjdk/jre/lib/i386/server/libjvm.so
013d3000-01418000 r--p 006c5000 08:05 1586230    /usr/lib/jvm/java-6-openjdk/jre/lib/i386/server/libjvm.so
01418000-01427000 rw-p 0070a000 08:05 1586230    /usr/lib/jvm/java-6-openjdk/jre/lib/i386/server/libjvm.so
01427000-01846000 rw-p 00000000 00:00 0 
08048000-08051000 r-xp 00000000 08:05 1586258    /usr/lib/jvm/java-6-openjdk/jre/bin/java
08051000-08052000 r--p 00008000 08:05 1586258    /usr/lib/jvm/java-6-openjdk/jre/bin/java
08052000-08053000 rw-p 00009000 08:05 1586258    /usr/lib/jvm/java-6-openjdk/jre/bin/java
09ae0000-09bc8000 rw-p 00000000 00:00 0          [heap]
8066b000-8066c000 ---p 00000000 00:00 0 
8066c000-806ec000 rw-p 00000000 00:00 0 
806ec000-806ef000 ---p 00000000 00:00 0 
806ef000-8073d000 rw-p 00000000 00:00 0 
8073d000-80740000 ---p 00000000 00:00 0 
80740000-807be000 rw-p 00000000 00:00 0 
807be000-807c1000 ---p 00000000 00:00 0 
807c1000-8083f000 rw-p 00000000 00:00 0 
8083f000-80842000 ---p 00000000 00:00 0 
80842000-80890000 rw-p 00000000 00:00 0 
80890000-808cf000 r--p 00000000 08:05 1577945    /usr/lib/locale/en_IN/LC_CTYPE
808cf000-808d2000 ---p 00000000 00:00 0 
808d2000-80920000 rw-p 00000000 00:00 0 
80920000-80923000 ---p 00000000 00:00 0 
80923000-80971000 rw-p 00000000 00:00 0 
80971000-80b00000 r--s 038c4000 08:05 1586189    /usr/lib/jvm/java-6-openjdk/jre/lib/rt.jar
80b00000-80b21000 rw-p 00000000 00:00 0 
80b21000-80c00000 ---p 00000000 00:00 0 
80c26000-80c27000 ---p 00000000 00:00 0 
80c27000-80cda000 rw-p 00000000 00:00 0 
80cda000-80cdb000 ---p 00000000 00:00 0 
80cdb000-80d5b000 rw-p 00000000 00:00 0 
80d5b000-80d5c000 ---p 00000000 00:00 0 
80d5c000-80de4000 rw-p 00000000 00:00 0 
80de4000-80e1c000 rw-p 00000000 00:00 0 
80e1c000-80e2b000 rw-p 00000000 00:00 0 
80e2b000-80f04000 rw-p 00000000 00:00 0 
80f04000-80f0c000 rw-p 00000000 00:00 0 
80f0c000-80f44000 rw-p 00000000 00:00 0 
80f44000-80f53000 rw-p 00000000 00:00 0 
80f53000-8102b000 rw-p 00000000 00:00 0 
8102b000-81033000 rw-p 00000000 00:00 0 
81033000-8109f000 rw-p 00000000 00:00 0 
8109f000-820a0000 rw-p 00000000 00:00 0 
820a0000-890a0000 rw-p 00000000 00:00 0 
890a0000-8ad80000 rw-p 00000000 00:00 0 
8ad80000-a5f50000 rw-p 00000000 00:00 0 
a5f50000-a6dc0000 rw-p 00000000 00:00 0 
a6dc0000-b46a0000 rw-p 00000000 00:00 0 
b46a3000-b46ac000 r--s 00065000 08:05 6219       /usr/share/java/gnome-java-bridge.jar
b46ac000-b46af000 r--s 0000f000 08:05 1577575    /usr/lib/jvm/java-6-openjdk/jre/lib/ext/pulse-java.jar
b46af000-b46b8000 rw-p 00000000 00:00 0 
b46b8000-b476f000 rw-p 00000000 00:00 0 
b476f000-b49af000 rwxp 00000000 00:00 0 
b49af000-b776f000 rw-p 00000000 00:00 0 
b776f000-b7772000 ---p 00000000 00:00 0 
b7772000-b77c4000 rw-p 00000000 00:00 0 
b77c4000-b77c6000 r--s 0001d000 08:05 1577596    /usr/lib/jvm/java-6-openjdk/jre/lib/plugin.jar
b77c6000-b77cb000 r--s 00045000 08:05 1577595    /usr/lib/jvm/java-6-openjdk/jre/lib/netx.jar
b77cb000-b77d3000 rw-s 00000000 08:05 663862     /tmp/hsperfdata_root/6870
b77d3000-b77d4000 rw-p 00000000 00:00 0 
b77d4000-b77d5000 r--p 00000000 00:00 0 
b77d5000-b77d7000 rw-p 00000000 00:00 0 
bfe5b000-bfe70000 rw-p 00000000 00:00 0          [stack]

VM Arguments:
jvm_args: -Dfile.encoding=UTF-8 
java_command: FileAccess.datatransfer
Launcher Type: SUN_STANDARD

Environment Variables:
PATH=/usr/local/sbin:/usr/local/bin:/usr/sbin:/usr/bin:/sbin:/bin:/usr/games
USERNAME=root
LD_LIBRARY_PATH=/usr/lib/jvm/java-6-openjdk/jre/lib/i386/server:/usr/lib/jvm/java-6-openjdk/jre/lib/i386:/usr/lib/jvm/java-6-openjdk/jre/../lib/i386:/usr/lib/jvm/java-6-openjdk/jre/lib/i386/client:/usr/lib/jvm/java-6-openjdk/jre/lib/i386:/usr/lib/jvm/java-6-openjdk/jre/../lib/i386
SHELL=/bin/bash
DISPLAY=:0.0

Signal Handlers:
SIGSEGV: [libjvm.so+0x64a040], sa_mask[0]=0x7ffbfeff, sa_flags=0x10000004
SIGBUS: [libjvm.so+0x64a040], sa_mask[0]=0x7ffbfeff, sa_flags=0x10000004
SIGFPE: [libjvm.so+0x51c0d0], sa_mask[0]=0x7ffbfeff, sa_flags=0x10000004
SIGPIPE: [libjvm.so+0x51c0d0], sa_mask[0]=0x7ffbfeff, sa_flags=0x10000004
SIGXFSZ: [libjvm.so+0x51c0d0], sa_mask[0]=0x7ffbfeff, sa_flags=0x10000004
SIGILL: [libjvm.so+0x51c0d0], sa_mask[0]=0x7ffbfeff, sa_flags=0x10000004
SIGUSR1: SIG_DFL, sa_mask[0]=0x00000000, sa_flags=0x00000000
SIGUSR2: [libjvm.so+0x51b780], sa_mask[0]=0x00000004, sa_flags=0x10000004
SIGHUP: [libjvm.so+0x51e2f0], sa_mask[0]=0x7ffbfeff, sa_flags=0x10000004
SIGINT: SIG_IGN, sa_mask[0]=0x00000000, sa_flags=0x00000000
SIGTERM: [libjvm.so+0x51e2f0], sa_mask[0]=0x7ffbfeff, sa_flags=0x10000004
SIGQUIT: [libjvm.so+0x51e2f0], sa_mask[0]=0x7ffbfeff, sa_flags=0x10000004


---------------  S Y S T E M  ---------------

OS:Ubuntu 10.04 (lucid)
uname:Linux 2.6.32-33-generic #70-Ubuntu SMP Thu Jul 7 21:09:46 UTC 2011 i686
libc:glibc 2.11.1 NPTL 2.11.1 
rlimit: STACK 8192k, CORE 0k, NPROC infinity, NOFILE 1024, AS infinity
load average:0.84 0.62 0.64

/proc/meminfo:
MemTotal:        2836956 kB
MemFree:         1099096 kB
Buffers:           87900 kB
Cached:           686416 kB
SwapCached:            0 kB
Active:          1082856 kB
Inactive:         557160 kB
Active(anon):     866120 kB
Inactive(anon):     8056 kB
Active(file):     216736 kB
Inactive(file):   549104 kB
Unevictable:          16 kB
Mlocked:              16 kB
HighTotal:       1973064 kB
HighFree:         389360 kB
LowTotal:         863892 kB
LowFree:          709736 kB
SwapTotal:       3234808 kB
SwapFree:        3234808 kB
Dirty:               200 kB
Writeback:             0 kB
AnonPages:        865712 kB
Mapped:           163172 kB
Shmem:              8480 kB
Slab:              38380 kB
SReclaimable:      26700 kB
SUnreclaim:        11680 kB
KernelStack:        3032 kB
PageTables:         8148 kB
NFS_Unstable:          0 kB
Bounce:                0 kB
WritebackTmp:          0 kB
CommitLimit:     4653284 kB
Committed_AS:    2101552 kB
VmallocTotal:     122880 kB
VmallocUsed:       73204 kB
VmallocChunk:      27796 kB
HardwareCorrupted:     0 kB
HugePages_Total:       0
HugePages_Free:        0
HugePages_Rsvd:        0
HugePages_Surp:        0
Hugepagesize:       4096 kB
DirectMap4k:       12280 kB
DirectMap4M:      897024 kB


CPU:total 2 (2 cores per cpu, 1 threads per core) family 17 model 3 stepping 1, cmov, cx8, fxsr, mmx, sse, sse2, sse3, mmxext, 3dnow, 3dnowext

Memory: 4k page, physical 2836956k(1099096k free), swap 3234808k(3234808k free)

vm_info: OpenJDK Server VM (19.0-b09) for linux-x86 JRE (1.6.0_20-b20), built on Jan 21 2012 08:10:55 by "buildd" with gcc 4.4.3

time: Thu Mar 22 20:41:17 2012
elapsed time: 0 seconds

